2026-04-07 22:21:18,455 - INFO - 💾 Config files backed up to ./logs/ED5_repr_atomistic_graph_ComENet_MultiTask7_20260407_222118
2026-04-07 22:21:18,455 - INFO - 🎯 Multi-Task Targets (7): ['homo_2', 'homo_1', 'homo_0', 'lumo_0', 'lumo_1', 'lumo_2', 'lumo_3']
2026-04-07 22:21:18,455 - INFO - ========================================
2026-04-07 22:21:18,455 - INFO -         Training Configuration        
2026-04-07 22:21:18,455 - INFO - ========================================
2026-04-07 22:21:18,455 - INFO - 
{'data': {'dataset_mode': 'repr_atomistic_graph',
          'max_neighbors': 32,
          'max_radius': 5.0,
          'pkl_path': '/home/zw/ED_all/data/ED5_OE/ed_homo_lumo_5w_1024_fusion.pkl',
          'targets': ['homo_2',
                      'homo_1',
                      'homo_0',
                      'lumo_0',
                      'lumo_1',
                      'lumo_2',
                      'lumo_3']},
 'model': {'cutoff': 10.0,
           'hidden_channels': 256,
           'name': 'ComENet',
           'num_layers': 7,
           'num_radial': 6,
           'num_spherical': 7},
 'train': {'batch_size': 32,
           'epochs': 300,
           'grad_norm_clip': 1.0,
           'lr': 0.0001,
           'patience': 50,
           'seed': 2025,
           'weight_decay': 0.0001}}
2026-04-07 22:21:18,455 - INFO - ========================================

2026-04-07 22:21:18,455 - INFO - 🚀 Start Training on Device: cuda
2026-04-07 22:21:18,455 - INFO - Loading Data...
2026-04-07 22:21:18,455 - INFO - Loading Dataset Mode: repr_atomistic_graph...
2026-04-07 22:21:22,689 - INFO - Stats - Mean: [[-7445.8413  -6840.216   -6120.3984   -467.5637    424.04166  1219.15
   1809.3903 ]], Std: [[ 740.80115  706.1094   754.61444 1186.4424  1122.4873  1107.2244
  1080.7959 ]]
2026-04-07 22:21:22,690 - INFO - Building Model: ComENet...
2026-04-07 22:21:53,290 - INFO - Total Parameters: 6.5905 M

2026-04-07 22:24:15,241 - INFO - [Epoch 1] Train Loss: 0.5086 | LR: 0.000100
2026-04-07 22:24:15,241 - INFO -     >>> Val Avg RMSE (Real): 473.4324
2026-04-07 22:24:15,242 - INFO -     >>> Val MAE Details: ['303.1619', '291.2233', '359.3236', '499.7211', '362.5658', '351.1748', '347.0215']
2026-04-07 22:24:15,362 - INFO - 💾 Saved Best Model to ./logs/ED5_repr_atomistic_graph_ComENet_MultiTask7_20260407_222118/best_model.pth
2026-04-07 22:26:36,113 - INFO - [Epoch 2] Train Loss: 0.2102 | LR: 0.000100
2026-04-07 22:26:36,114 - INFO -     >>> Val Avg RMSE (Real): 441.8893
2026-04-07 22:26:36,114 - INFO -     >>> Val MAE Details: ['297.1558', '301.4754', '334.9790', '411.4520', '356.2857', '320.6739', '320.1587']
2026-04-07 22:26:36,276 - INFO - 💾 Saved Best Model to ./logs/ED5_repr_atomistic_graph_ComENet_MultiTask7_20260407_222118/best_model.pth
2026-04-07 22:28:56,593 - INFO - [Epoch 3] Train Loss: 0.1613 | LR: 0.000100
2026-04-07 22:28:56,593 - INFO -     >>> Val Avg RMSE (Real): 373.3839
2026-04-07 22:28:56,593 - INFO -     >>> Val MAE Details: ['247.0299', '239.2828', '292.9050', '325.3464', '270.9267', '295.5098', '266.2976']
2026-04-07 22:28:56,758 - INFO - 💾 Saved Best Model to ./logs/ED5_repr_atomistic_graph_ComENet_MultiTask7_20260407_222118/best_model.pth
2026-04-07 22:31:18,990 - INFO - [Epoch 4] Train Loss: 0.1338 | LR: 0.000100
2026-04-07 22:31:18,991 - INFO -     >>> Val Avg RMSE (Real): 342.8333
2026-04-07 22:31:18,991 - INFO -     >>> Val MAE Details: ['235.6864', '224.2695', '269.4093', '294.5867', '254.5525', '251.3756', '237.6750']
2026-04-07 22:31:19,153 - INFO - 💾 Saved Best Model to ./logs/ED5_repr_atomistic_graph_ComENet_MultiTask7_20260407_222118/best_model.pth
2026-04-07 22:33:39,039 - INFO - [Epoch 5] Train Loss: 0.1178 | LR: 0.000100
2026-04-07 22:33:39,039 - INFO -     >>> Val Avg RMSE (Real): 341.1078
2026-04-07 22:33:39,039 - INFO -     >>> Val MAE Details: ['249.7676', '213.5175', '249.0300', '284.9294', '258.9173', '249.1077', '261.2056']
2026-04-07 22:33:39,203 - INFO - 💾 Saved Best Model to ./logs/ED5_repr_atomistic_graph_ComENet_MultiTask7_20260407_222118/best_model.pth
2026-04-07 22:36:00,584 - INFO - [Epoch 6] Train Loss: 0.1065 | LR: 0.000100
2026-04-07 22:36:00,585 - INFO -     >>> Val Avg RMSE (Real): 323.8942
2026-04-07 22:36:00,585 - INFO -     >>> Val MAE Details: ['217.8735', '217.6195', '235.2714', '278.5722', '250.0827', '234.2388', '260.2968']
2026-04-07 22:36:00,752 - INFO - 💾 Saved Best Model to ./logs/ED5_repr_atomistic_graph_ComENet_MultiTask7_20260407_222118/best_model.pth
2026-04-07 22:38:17,928 - INFO - [Epoch 7] Train Loss: 0.0999 | LR: 0.000100
2026-04-07 22:38:17,928 - INFO -     >>> Val Avg RMSE (Real): 315.9129
2026-04-07 22:38:17,929 - INFO -     >>> Val MAE Details: ['209.0832', '204.3622', '221.5778', '273.4136', '237.1738', '242.5248', '221.8238']
2026-04-07 22:38:18,094 - INFO - 💾 Saved Best Model to ./logs/ED5_repr_atomistic_graph_ComENet_MultiTask7_20260407_222118/best_model.pth
2026-04-07 22:40:41,539 - INFO - [Epoch 8] Train Loss: 0.0920 | LR: 0.000100
2026-04-07 22:40:41,539 - INFO -     >>> Val Avg RMSE (Real): 305.6033
2026-04-07 22:40:41,539 - INFO -     >>> Val MAE Details: ['211.8023', '200.2709', '213.7817', '251.9778', '229.5121', '235.6054', '220.3956']
2026-04-07 22:40:41,702 - INFO - 💾 Saved Best Model to ./logs/ED5_repr_atomistic_graph_ComENet_MultiTask7_20260407_222118/best_model.pth
2026-04-07 22:43:04,807 - INFO - [Epoch 9] Train Loss: 0.0870 | LR: 0.000100
2026-04-07 22:43:04,807 - INFO -     >>> Val Avg RMSE (Real): 302.6811
2026-04-07 22:43:04,807 - INFO -     >>> Val MAE Details: ['206.1175', '199.7036', '226.2324', '244.5095', '230.4854', '223.8672', '214.2534']
2026-04-07 22:43:04,984 - INFO - 💾 Saved Best Model to ./logs/ED5_repr_atomistic_graph_ComENet_MultiTask7_20260407_222118/best_model.pth
2026-04-07 22:45:26,490 - INFO - [Epoch 10] Train Loss: 0.0814 | LR: 0.000100
2026-04-07 22:45:26,490 - INFO -     >>> Val Avg RMSE (Real): 298.4654
2026-04-07 22:45:26,490 - INFO -     >>> Val MAE Details: ['200.4171', '200.3359', '212.0918', '246.5562', '228.4940', '232.0070', '220.6870']
2026-04-07 22:45:26,650 - INFO - 💾 Saved Best Model to ./logs/ED5_repr_atomistic_graph_ComENet_MultiTask7_20260407_222118/best_model.pth
2026-04-07 22:47:47,753 - INFO - [Epoch 11] Train Loss: 0.0763 | LR: 0.000100
2026-04-07 22:47:47,754 - INFO -     >>> Val Avg RMSE (Real): 296.1217
2026-04-07 22:47:47,754 - INFO -     >>> Val MAE Details: ['219.1201', '192.9005', '200.8964', '242.2267', '234.9888', '215.3817', '211.7823']
2026-04-07 22:47:47,918 - INFO - 💾 Saved Best Model to ./logs/ED5_repr_atomistic_graph_ComENet_MultiTask7_20260407_222118/best_model.pth
2026-04-07 22:50:13,220 - INFO - [Epoch 12] Train Loss: 0.0734 | LR: 0.000100
2026-04-07 22:50:13,221 - INFO -     >>> Val Avg RMSE (Real): 303.9702
2026-04-07 22:50:13,221 - INFO -     >>> Val MAE Details: ['281.4313', '204.6860', '204.8101', '235.2684', '212.9888', '214.0846', '213.1273']
2026-04-07 22:50:13,221 - INFO - ⏳ No improvement. Patience: 1/50
2026-04-07 22:52:35,508 - INFO - [Epoch 13] Train Loss: 0.0699 | LR: 0.000100
2026-04-07 22:52:35,508 - INFO -     >>> Val Avg RMSE (Real): 286.9242
2026-04-07 22:52:35,508 - INFO -     >>> Val MAE Details: ['191.3920', '195.3730', '197.7383', '228.8016', '225.3123', '210.0499', '207.1533']
2026-04-07 22:52:35,672 - INFO - 💾 Saved Best Model to ./logs/ED5_repr_atomistic_graph_ComENet_MultiTask7_20260407_222118/best_model.pth
2026-04-07 22:54:54,670 - INFO - [Epoch 14] Train Loss: 0.0693 | LR: 0.000099
2026-04-07 22:54:54,670 - INFO -     >>> Val Avg RMSE (Real): 285.4457
2026-04-07 22:54:54,670 - INFO -     >>> Val MAE Details: ['192.7685', '187.8405', '203.8932', '221.0095', '210.0934', '214.3418', '215.6021']
2026-04-07 22:54:54,837 - INFO - 💾 Saved Best Model to ./logs/ED5_repr_atomistic_graph_ComENet_MultiTask7_20260407_222118/best_model.pth
2026-04-07 22:57:18,093 - INFO - [Epoch 15] Train Loss: 0.0654 | LR: 0.000099
2026-04-07 22:57:18,093 - INFO -     >>> Val Avg RMSE (Real): 278.5712
2026-04-07 22:57:18,093 - INFO -     >>> Val MAE Details: ['183.9212', '187.6259', '189.7331', '223.6862', '208.3788', '208.3537', '204.1315']
2026-04-07 22:57:18,258 - INFO - 💾 Saved Best Model to ./logs/ED5_repr_atomistic_graph_ComENet_MultiTask7_20260407_222118/best_model.pth
2026-04-07 22:59:41,036 - INFO - [Epoch 16] Train Loss: 0.0646 | LR: 0.000099
2026-04-07 22:59:41,036 - INFO -     >>> Val Avg RMSE (Real): 280.6946
2026-04-07 22:59:41,036 - INFO -     >>> Val MAE Details: ['183.6052', '179.1998', '195.5248', '220.9444', '226.7065', '214.0717', '212.2120']
2026-04-07 22:59:41,036 - INFO - ⏳ No improvement. Patience: 1/50
2026-04-07 23:02:03,715 - INFO - [Epoch 17] Train Loss: 0.0612 | LR: 0.000099
2026-04-07 23:02:03,716 - INFO -     >>> Val Avg RMSE (Real): 285.2224
2026-04-07 23:02:03,716 - INFO -     >>> Val MAE Details: ['193.5840', '187.2536', '203.4986', '224.1706', '209.0306', '217.6088', '205.9410']
2026-04-07 23:02:03,716 - INFO - ⏳ No improvement. Patience: 2/50
2026-04-07 23:04:21,948 - INFO - [Epoch 18] Train Loss: 0.0598 | LR: 0.000099
2026-04-07 23:04:21,948 - INFO -     >>> Val Avg RMSE (Real): 279.2168
2026-04-07 23:04:21,948 - INFO -     >>> Val MAE Details: ['182.6303', '181.0305', '196.2545', '220.7149', '204.1143', '230.6026', '207.9335']
2026-04-07 23:04:21,948 - INFO - ⏳ No improvement. Patience: 3/50
2026-04-07 23:06:41,986 - INFO - [Epoch 19] Train Loss: 0.0578 | LR: 0.000099
2026-04-07 23:06:41,986 - INFO -     >>> Val Avg RMSE (Real): 274.8246
2026-04-07 23:06:41,986 - INFO -     >>> Val MAE Details: ['184.3075', '178.3023', '199.2204', '220.9852', '207.7585', '200.5518', '195.2988']
2026-04-07 23:06:42,149 - INFO - 💾 Saved Best Model to ./logs/ED5_repr_atomistic_graph_ComENet_MultiTask7_20260407_222118/best_model.pth
2026-04-07 23:09:09,624 - INFO - [Epoch 20] Train Loss: 0.0557 | LR: 0.000099
2026-04-07 23:09:09,625 - INFO -     >>> Val Avg RMSE (Real): 272.7219
2026-04-07 23:09:09,625 - INFO -     >>> Val MAE Details: ['178.8734', '182.7988', '180.1375', '225.8257', '210.8804', '201.4997', '196.9096']
2026-04-07 23:09:09,790 - INFO - 💾 Saved Best Model to ./logs/ED5_repr_atomistic_graph_ComENet_MultiTask7_20260407_222118/best_model.pth
2026-04-07 23:11:41,047 - INFO - [Epoch 21] Train Loss: 0.0547 | LR: 0.000099
2026-04-07 23:11:41,047 - INFO -     >>> Val Avg RMSE (Real): 272.4250
2026-04-07 23:11:41,047 - INFO -     >>> Val MAE Details: ['186.4724', '175.3627', '184.5453', '218.9128', '200.0108', '198.9678', '197.6278']
2026-04-07 23:11:41,215 - INFO - 💾 Saved Best Model to ./logs/ED5_repr_atomistic_graph_ComENet_MultiTask7_20260407_222118/best_model.pth
2026-04-07 23:14:06,402 - INFO - [Epoch 22] Train Loss: 0.0539 | LR: 0.000099
2026-04-07 23:14:06,403 - INFO -     >>> Val Avg RMSE (Real): 265.4533
2026-04-07 23:14:06,403 - INFO -     >>> Val MAE Details: ['181.2115', '175.4153', '176.7910', '216.8940', '194.6949', '195.5048', '192.3210']
2026-04-07 23:14:06,570 - INFO - 💾 Saved Best Model to ./logs/ED5_repr_atomistic_graph_ComENet_MultiTask7_20260407_222118/best_model.pth
2026-04-07 23:16:31,467 - INFO - [Epoch 23] Train Loss: 0.0519 | LR: 0.000099
2026-04-07 23:16:31,467 - INFO -     >>> Val Avg RMSE (Real): 266.4516
2026-04-07 23:16:31,467 - INFO -     >>> Val MAE Details: ['181.2302', '179.3152', '174.7847', '207.4376', '201.6394', '197.6762', '198.3986']
2026-04-07 23:16:31,467 - INFO - ⏳ No improvement. Patience: 1/50
2026-04-07 23:18:55,151 - INFO - [Epoch 24] Train Loss: 0.0512 | LR: 0.000098
2026-04-07 23:18:55,151 - INFO -     >>> Val Avg RMSE (Real): 265.6460
2026-04-07 23:18:55,151 - INFO -     >>> Val MAE Details: ['182.2974', '169.0621', '183.1607', '214.3945', '195.6164', '200.0198', '190.3632']
2026-04-07 23:18:55,151 - INFO - ⏳ No improvement. Patience: 2/50
2026-04-07 23:21:12,927 - INFO - [Epoch 25] Train Loss: 0.0503 | LR: 0.000098
2026-04-07 23:21:12,927 - INFO -     >>> Val Avg RMSE (Real): 261.1863
2026-04-07 23:21:12,927 - INFO -     >>> Val MAE Details: ['173.7817', '171.0533', '182.1555', '203.1215', '193.1572', '192.3535', '192.0469']
2026-04-07 23:21:13,089 - INFO - 💾 Saved Best Model to ./logs/ED5_repr_atomistic_graph_ComENet_MultiTask7_20260407_222118/best_model.pth
2026-04-07 23:23:33,558 - INFO - [Epoch 26] Train Loss: 0.0490 | LR: 0.000098
2026-04-07 23:23:33,558 - INFO -     >>> Val Avg RMSE (Real): 265.7347
2026-04-07 23:23:33,558 - INFO -     >>> Val MAE Details: ['180.6154', '170.6887', '187.5800', '200.3625', '197.3053', '194.8136', '205.3463']
2026-04-07 23:23:33,558 - INFO - ⏳ No improvement. Patience: 1/50
2026-04-07 23:25:53,563 - INFO - [Epoch 27] Train Loss: 0.0477 | LR: 0.000098
2026-04-07 23:25:53,563 - INFO -     >>> Val Avg RMSE (Real): 272.1422
2026-04-07 23:25:53,563 - INFO -     >>> Val MAE Details: ['188.6205', '175.9361', '179.0051', '216.7649', '221.0109', '198.9677', '197.3591']
2026-04-07 23:25:53,563 - INFO - ⏳ No improvement. Patience: 2/50
2026-04-07 23:28:16,448 - INFO - [Epoch 28] Train Loss: 0.0483 | LR: 0.000098
2026-04-07 23:28:16,449 - INFO -     >>> Val Avg RMSE (Real): 260.4356
2026-04-07 23:28:16,449 - INFO -     >>> Val MAE Details: ['175.3769', '170.0607', '178.4073', '203.8660', '196.8214', '196.4278', '190.2000']
2026-04-07 23:28:16,612 - INFO - 💾 Saved Best Model to ./logs/ED5_repr_atomistic_graph_ComENet_MultiTask7_20260407_222118/best_model.pth
2026-04-07 23:30:35,377 - INFO - [Epoch 29] Train Loss: 0.0465 | LR: 0.000098
2026-04-07 23:30:35,378 - INFO -     >>> Val Avg RMSE (Real): 260.3769
2026-04-07 23:30:35,378 - INFO -     >>> Val MAE Details: ['178.7221', '167.0438', '177.1071', '200.0055', '197.7023', '195.7363', '188.2014']
2026-04-07 23:30:35,539 - INFO - 💾 Saved Best Model to ./logs/ED5_repr_atomistic_graph_ComENet_MultiTask7_20260407_222118/best_model.pth
2026-04-07 23:32:59,729 - INFO - [Epoch 30] Train Loss: 0.0474 | LR: 0.000098
2026-04-07 23:32:59,729 - INFO -     >>> Val Avg RMSE (Real): 256.1806
2026-04-07 23:32:59,729 - INFO -     >>> Val MAE Details: ['170.6998', '169.2648', '176.6364', '198.5389', '188.1513', '188.0259', '187.7170']
2026-04-07 23:33:00,023 - INFO - 💾 Saved Best Model to ./logs/ED5_repr_atomistic_graph_ComENet_MultiTask7_20260407_222118/best_model.pth
2026-04-07 23:35:24,843 - INFO - [Epoch 31] Train Loss: 0.0455 | LR: 0.000097
2026-04-07 23:35:24,843 - INFO -     >>> Val Avg RMSE (Real): 257.7221
2026-04-07 23:35:24,843 - INFO -     >>> Val MAE Details: ['171.9195', '163.4268', '172.4517', '194.5229', '195.3104', '195.5594', '192.4169']
2026-04-07 23:35:24,843 - INFO - ⏳ No improvement. Patience: 1/50
2026-04-07 23:37:50,521 - INFO - [Epoch 32] Train Loss: 0.0449 | LR: 0.000097
2026-04-07 23:37:50,521 - INFO -     >>> Val Avg RMSE (Real): 265.4647
2026-04-07 23:37:50,521 - INFO -     >>> Val MAE Details: ['168.1895', '163.8216', '171.8176', '212.2943', '198.3805', '194.9535', '212.0108']
2026-04-07 23:37:50,521 - INFO - ⏳ No improvement. Patience: 2/50
2026-04-07 23:40:09,643 - INFO - [Epoch 33] Train Loss: 0.0448 | LR: 0.000097
2026-04-07 23:40:09,644 - INFO -     >>> Val Avg RMSE (Real): 251.7743
2026-04-07 23:40:09,644 - INFO -     >>> Val MAE Details: ['165.1836', '166.5629', '172.4297', '194.7393', '190.8674', '183.8286', '189.3157']
2026-04-07 23:40:09,808 - INFO - 💾 Saved Best Model to ./logs/ED5_repr_atomistic_graph_ComENet_MultiTask7_20260407_222118/best_model.pth
2026-04-07 23:42:32,682 - INFO - [Epoch 34] Train Loss: 0.0440 | LR: 0.000097
2026-04-07 23:42:32,682 - INFO -     >>> Val Avg RMSE (Real): 263.6923
2026-04-07 23:42:32,682 - INFO -     >>> Val MAE Details: ['167.3763', '164.8103', '168.9713', '212.6895', '202.6030', '192.2769', '196.6667']
2026-04-07 23:42:32,682 - INFO - ⏳ No improvement. Patience: 1/50
2026-04-07 23:44:52,575 - INFO - [Epoch 35] Train Loss: 0.0434 | LR: 0.000097
2026-04-07 23:44:52,575 - INFO -     >>> Val Avg RMSE (Real): 257.2813
2026-04-07 23:44:52,575 - INFO -     >>> Val MAE Details: ['166.9050', '162.7925', '206.8606', '200.2479', '188.9576', '184.2677', '187.2409']
2026-04-07 23:44:52,575 - INFO - ⏳ No improvement. Patience: 2/50
2026-04-07 23:47:18,119 - INFO - [Epoch 36] Train Loss: 0.0427 | LR: 0.000096
2026-04-07 23:47:18,119 - INFO -     >>> Val Avg RMSE (Real): 260.3291
2026-04-07 23:47:18,120 - INFO -     >>> Val MAE Details: ['168.7053', '165.5455', '171.0219', '198.5612', '212.1748', '192.0930', '191.8268']
2026-04-07 23:47:18,120 - INFO - ⏳ No improvement. Patience: 3/50
2026-04-07 23:49:38,547 - INFO - [Epoch 37] Train Loss: 0.0419 | LR: 0.000096
2026-04-07 23:49:38,547 - INFO -     >>> Val Avg RMSE (Real): 254.5440
2026-04-07 23:49:38,547 - INFO -     >>> Val MAE Details: ['163.8021', '161.7320', '165.7156', '190.9568', '186.0002', '199.8973', '192.2213']
2026-04-07 23:49:38,547 - INFO - ⏳ No improvement. Patience: 4/50
2026-04-07 23:52:01,641 - INFO - [Epoch 38] Train Loss: 0.0419 | LR: 0.000096
2026-04-07 23:52:01,642 - INFO -     >>> Val Avg RMSE (Real): 252.1197
2026-04-07 23:52:01,642 - INFO -     >>> Val MAE Details: ['167.7522', '168.3205', '164.0224', '194.4816', '187.1735', '184.0607', '187.1962']
2026-04-07 23:52:01,642 - INFO - ⏳ No improvement. Patience: 5/50
2026-04-07 23:54:22,561 - INFO - [Epoch 39] Train Loss: 0.0409 | LR: 0.000096
2026-04-07 23:54:22,561 - INFO -     >>> Val Avg RMSE (Real): 254.2992
2026-04-07 23:54:22,561 - INFO -     >>> Val MAE Details: ['171.8869', '175.4358', '166.4083', '190.7079', '182.5948', '189.4782', '188.2677']
2026-04-07 23:54:22,561 - INFO - ⏳ No improvement. Patience: 6/50
2026-04-07 23:56:41,419 - INFO - [Epoch 40] Train Loss: 0.0406 | LR: 0.000096
2026-04-07 23:56:41,419 - INFO -     >>> Val Avg RMSE (Real): 257.1655
2026-04-07 23:56:41,419 - INFO -     >>> Val MAE Details: ['171.6669', '178.0819', '169.9160', '192.3405', '187.0146', '191.0644', '188.2351']
2026-04-07 23:56:41,419 - INFO - ⏳ No improvement. Patience: 7/50
2026-04-07 23:59:02,471 - INFO - [Epoch 41] Train Loss: 0.0401 | LR: 0.000095
2026-04-07 23:59:02,472 - INFO -     >>> Val Avg RMSE (Real): 251.0191
2026-04-07 23:59:02,472 - INFO -     >>> Val MAE Details: ['163.8490', '158.8022', '165.5530', '199.3915', '184.0183', '188.7441', '183.4883']
2026-04-07 23:59:02,634 - INFO - 💾 Saved Best Model to ./logs/ED5_repr_atomistic_graph_ComENet_MultiTask7_20260407_222118/best_model.pth
2026-04-08 00:01:23,510 - INFO - [Epoch 42] Train Loss: 0.0395 | LR: 0.000095
2026-04-08 00:01:23,510 - INFO -     >>> Val Avg RMSE (Real): 249.9052
2026-04-08 00:01:23,510 - INFO -     >>> Val MAE Details: ['169.1500', '162.6958', '161.8865', '187.2408', '183.7196', '190.6712', '185.1947']
2026-04-08 00:01:23,679 - INFO - 💾 Saved Best Model to ./logs/ED5_repr_atomistic_graph_ComENet_MultiTask7_20260407_222118/best_model.pth
2026-04-08 00:03:46,250 - INFO - [Epoch 43] Train Loss: 0.0393 | LR: 0.000095
2026-04-08 00:03:46,250 - INFO -     >>> Val Avg RMSE (Real): 259.3801
2026-04-08 00:03:46,250 - INFO -     >>> Val MAE Details: ['174.7616', '175.2986', '177.7468', '192.5518', '186.0107', '189.5191', '192.1924']
2026-04-08 00:03:46,250 - INFO - ⏳ No improvement. Patience: 1/50
2026-04-08 00:06:04,834 - INFO - [Epoch 44] Train Loss: 0.0383 | LR: 0.000095
2026-04-08 00:06:04,835 - INFO -     >>> Val Avg RMSE (Real): 247.2033
2026-04-08 00:06:04,835 - INFO -     >>> Val MAE Details: ['163.5637', '158.0854', '167.3981', '185.6317', '179.8537', '186.3738', '184.2186']
2026-04-08 00:06:04,999 - INFO - 💾 Saved Best Model to ./logs/ED5_repr_atomistic_graph_ComENet_MultiTask7_20260407_222118/best_model.pth
2026-04-08 00:08:27,256 - INFO - [Epoch 45] Train Loss: 0.0388 | LR: 0.000095
2026-04-08 00:08:27,257 - INFO -     >>> Val Avg RMSE (Real): 251.3672
2026-04-08 00:08:27,257 - INFO -     >>> Val MAE Details: ['165.8613', '157.8325', '166.3987', '190.3385', '189.3575', '196.2645', '182.6820']
2026-04-08 00:08:27,257 - INFO - ⏳ No improvement. Patience: 1/50
2026-04-08 00:10:50,478 - INFO - [Epoch 46] Train Loss: 0.0380 | LR: 0.000094
2026-04-08 00:10:50,478 - INFO -     >>> Val Avg RMSE (Real): 249.6080
2026-04-08 00:10:50,478 - INFO -     >>> Val MAE Details: ['174.9381', '163.4573', '166.9621', '182.6913', '183.0864', '181.8434', '186.4852']
2026-04-08 00:10:50,478 - INFO - ⏳ No improvement. Patience: 2/50
2026-04-08 00:13:12,698 - INFO - [Epoch 47] Train Loss: 0.0381 | LR: 0.000094
2026-04-08 00:13:12,698 - INFO -     >>> Val Avg RMSE (Real): 250.3578
2026-04-08 00:13:12,698 - INFO -     >>> Val MAE Details: ['167.7806', '161.4265', '166.3522', '184.8113', '181.4509', '188.2283', '184.9847']
2026-04-08 00:13:12,698 - INFO - ⏳ No improvement. Patience: 3/50
2026-04-08 00:15:28,759 - INFO - [Epoch 48] Train Loss: 0.0369 | LR: 0.000094
2026-04-08 00:15:28,759 - INFO -     >>> Val Avg RMSE (Real): 257.2670
2026-04-08 00:15:28,759 - INFO -     >>> Val MAE Details: ['186.5590', '178.4602', '163.8190', '199.6753', '182.3525', '184.6059', '192.4791']
2026-04-08 00:15:28,759 - INFO - ⏳ No improvement. Patience: 4/50
2026-04-08 00:17:48,481 - INFO - [Epoch 49] Train Loss: 0.0369 | LR: 0.000094
2026-04-08 00:17:48,482 - INFO -     >>> Val Avg RMSE (Real): 248.8830
2026-04-08 00:17:48,482 - INFO -     >>> Val MAE Details: ['162.1096', '164.5378', '158.8524', '184.2352', '183.1101', '182.1030', '199.8300']
2026-04-08 00:17:48,482 - INFO - ⏳ No improvement. Patience: 5/50
2026-04-08 00:20:08,345 - INFO - [Epoch 50] Train Loss: 0.0365 | LR: 0.000093
2026-04-08 00:20:08,345 - INFO -     >>> Val Avg RMSE (Real): 247.5169
2026-04-08 00:20:08,345 - INFO -     >>> Val MAE Details: ['162.6225', '153.9075', '156.8268', '182.4359', '180.8024', '185.0237', '187.5273']
2026-04-08 00:20:08,345 - INFO - ⏳ No improvement. Patience: 6/50
2026-04-08 00:22:27,799 - INFO - [Epoch 51] Train Loss: 0.0377 | LR: 0.000093
2026-04-08 00:22:27,799 - INFO -     >>> Val Avg RMSE (Real): 253.3168
2026-04-08 00:22:27,799 - INFO -     >>> Val MAE Details: ['160.1230', '157.0248', '160.5756', '188.3129', '186.4263', '190.0885', '208.8900']
2026-04-08 00:22:27,799 - INFO - ⏳ No improvement. Patience: 7/50
2026-04-08 00:24:46,349 - INFO - [Epoch 52] Train Loss: 0.0362 | LR: 0.000093
2026-04-08 00:24:46,349 - INFO -     >>> Val Avg RMSE (Real): 248.4801
2026-04-08 00:24:46,349 - INFO -     >>> Val MAE Details: ['168.5219', '174.7903', '163.1899', '188.0630', '178.1537', '178.2883', '176.6741']
2026-04-08 00:24:46,349 - INFO - ⏳ No improvement. Patience: 8/50
2026-04-08 00:27:07,283 - INFO - [Epoch 53] Train Loss: 0.0354 | LR: 0.000092
2026-04-08 00:27:07,283 - INFO -     >>> Val Avg RMSE (Real): 246.6928
2026-04-08 00:27:07,283 - INFO -     >>> Val MAE Details: ['164.4158', '159.5269', '155.9683', '180.3853', '181.2853', '188.3345', '187.3141']
2026-04-08 00:27:07,448 - INFO - 💾 Saved Best Model to ./logs/ED5_repr_atomistic_graph_ComENet_MultiTask7_20260407_222118/best_model.pth
2026-04-08 00:29:28,910 - INFO - [Epoch 54] Train Loss: 0.0356 | LR: 0.000092
2026-04-08 00:29:28,910 - INFO -     >>> Val Avg RMSE (Real): 246.3881
2026-04-08 00:29:28,910 - INFO -     >>> Val MAE Details: ['166.4924', '161.7006', '163.1309', '178.5456', '179.6601', '181.3887', '183.0121']
2026-04-08 00:29:29,074 - INFO - 💾 Saved Best Model to ./logs/ED5_repr_atomistic_graph_ComENet_MultiTask7_20260407_222118/best_model.pth
2026-04-08 00:31:51,260 - INFO - [Epoch 55] Train Loss: 0.0353 | LR: 0.000092
2026-04-08 00:31:51,260 - INFO -     >>> Val Avg RMSE (Real): 244.2833
2026-04-08 00:31:51,260 - INFO -     >>> Val MAE Details: ['161.2424', '155.2043', '159.5141', '185.6041', '179.0391', '179.9938', '185.0082']
2026-04-08 00:31:51,424 - INFO - 💾 Saved Best Model to ./logs/ED5_repr_atomistic_graph_ComENet_MultiTask7_20260407_222118/best_model.pth
2026-04-08 00:34:10,734 - INFO - [Epoch 56] Train Loss: 0.0348 | LR: 0.000092
2026-04-08 00:34:10,734 - INFO -     >>> Val Avg RMSE (Real): 247.2955
2026-04-08 00:34:10,734 - INFO -     >>> Val MAE Details: ['160.6630', '158.4301', '161.0360', '190.9014', '191.0502', '187.2485', '180.3865']
2026-04-08 00:34:10,734 - INFO - ⏳ No improvement. Patience: 1/50
2026-04-08 00:36:35,207 - INFO - [Epoch 57] Train Loss: 0.0343 | LR: 0.000091
2026-04-08 00:36:35,207 - INFO -     >>> Val Avg RMSE (Real): 248.1099
2026-04-08 00:36:35,207 - INFO -     >>> Val MAE Details: ['166.7285', '158.8288', '154.5492', '178.6447', '190.7641', '183.0827', '186.7784']
2026-04-08 00:36:35,207 - INFO - ⏳ No improvement. Patience: 2/50
2026-04-08 00:39:02,178 - INFO - [Epoch 58] Train Loss: 0.0341 | LR: 0.000091
2026-04-08 00:39:02,178 - INFO -     >>> Val Avg RMSE (Real): 245.7881
2026-04-08 00:39:02,178 - INFO -     >>> Val MAE Details: ['170.6072', '154.3067', '158.7883', '191.7214', '176.2205', '183.1461', '178.1577']
2026-04-08 00:39:02,178 - INFO - ⏳ No improvement. Patience: 3/50
2026-04-08 00:41:20,557 - INFO - [Epoch 59] Train Loss: 0.0335 | LR: 0.000091
2026-04-08 00:41:20,557 - INFO -     >>> Val Avg RMSE (Real): 243.2791
2026-04-08 00:41:20,557 - INFO -     >>> Val MAE Details: ['158.3809', '157.6202', '166.4106', '176.6299', '177.9675', '176.8889', '184.4819']
2026-04-08 00:41:20,718 - INFO - 💾 Saved Best Model to ./logs/ED5_repr_atomistic_graph_ComENet_MultiTask7_20260407_222118/best_model.pth
2026-04-08 00:43:43,166 - INFO - [Epoch 60] Train Loss: 0.0334 | LR: 0.000090
2026-04-08 00:43:43,167 - INFO -     >>> Val Avg RMSE (Real): 245.5206
2026-04-08 00:43:43,167 - INFO -     >>> Val MAE Details: ['168.9540', '168.8500', '157.3525', '182.3376', '179.4879', '181.4453', '183.2499']
2026-04-08 00:43:43,167 - INFO - ⏳ No improvement. Patience: 1/50
2026-04-08 00:46:08,148 - INFO - [Epoch 61] Train Loss: 0.0337 | LR: 0.000090
2026-04-08 00:46:08,148 - INFO -     >>> Val Avg RMSE (Real): 241.7428
2026-04-08 00:46:08,148 - INFO -     >>> Val MAE Details: ['164.6441', '156.4472', '159.6328', '177.9045', '176.8737', '178.0503', '181.1895']
2026-04-08 00:46:08,314 - INFO - 💾 Saved Best Model to ./logs/ED5_repr_atomistic_graph_ComENet_MultiTask7_20260407_222118/best_model.pth
2026-04-08 00:48:33,164 - INFO - [Epoch 62] Train Loss: 0.0326 | LR: 0.000090
2026-04-08 00:48:33,165 - INFO -     >>> Val Avg RMSE (Real): 248.1899
2026-04-08 00:48:33,165 - INFO -     >>> Val MAE Details: ['176.3068', '154.2580', '157.7346', '177.7062', '182.5376', '188.4729', '196.9412']
2026-04-08 00:48:33,165 - INFO - ⏳ No improvement. Patience: 1/50
2026-04-08 00:50:52,781 - INFO - [Epoch 63] Train Loss: 0.0327 | LR: 0.000090
2026-04-08 00:50:52,781 - INFO -     >>> Val Avg RMSE (Real): 242.9215
2026-04-08 00:50:52,781 - INFO -     >>> Val MAE Details: ['159.8586', '158.6609', '154.4353', '182.8223', '171.8426', '180.3970', '183.2012']
2026-04-08 00:50:52,781 - INFO - ⏳ No improvement. Patience: 2/50
2026-04-08 00:53:15,085 - INFO - [Epoch 64] Train Loss: 0.0339 | LR: 0.000089
2026-04-08 00:53:15,085 - INFO -     >>> Val Avg RMSE (Real): 241.2121
2026-04-08 00:53:15,085 - INFO -     >>> Val MAE Details: ['165.2061', '156.1186', '158.9375', '180.8071', '180.9803', '175.4833', '177.6096']
2026-04-08 00:53:15,250 - INFO - 💾 Saved Best Model to ./logs/ED5_repr_atomistic_graph_ComENet_MultiTask7_20260407_222118/best_model.pth
2026-04-08 00:55:34,798 - INFO - [Epoch 65] Train Loss: 0.0325 | LR: 0.000089
2026-04-08 00:55:34,798 - INFO -     >>> Val Avg RMSE (Real): 244.3104
2026-04-08 00:55:34,798 - INFO -     >>> Val MAE Details: ['164.8625', '158.2930', '158.9169', '182.5904', '179.2622', '178.5157', '179.3357']
2026-04-08 00:55:34,798 - INFO - ⏳ No improvement. Patience: 1/50
2026-04-08 00:57:55,553 - INFO - [Epoch 66] Train Loss: 0.0319 | LR: 0.000089
2026-04-08 00:57:55,553 - INFO -     >>> Val Avg RMSE (Real): 245.4089
2026-04-08 00:57:55,553 - INFO -     >>> Val MAE Details: ['160.7329', '151.1796', '162.2425', '189.0847', '183.1450', '181.8932', '181.3664']
2026-04-08 00:57:55,553 - INFO - ⏳ No improvement. Patience: 2/50
2026-04-08 01:00:14,021 - INFO - [Epoch 67] Train Loss: 0.0316 | LR: 0.000088
2026-04-08 01:00:14,021 - INFO -     >>> Val Avg RMSE (Real): 241.9236
2026-04-08 01:00:14,021 - INFO -     >>> Val MAE Details: ['163.4112', '155.9102', '160.1916', '173.5771', '178.0544', '178.8871', '184.5817']
2026-04-08 01:00:14,021 - INFO - ⏳ No improvement. Patience: 3/50
2026-04-08 01:02:33,346 - INFO - [Epoch 68] Train Loss: 0.0313 | LR: 0.000088
2026-04-08 01:02:33,346 - INFO -     >>> Val Avg RMSE (Real): 243.9840
2026-04-08 01:02:33,346 - INFO -     >>> Val MAE Details: ['166.9008', '156.4510', '157.3267', '178.2352', '184.3850', '172.9729', '182.6082']
2026-04-08 01:02:33,346 - INFO - ⏳ No improvement. Patience: 4/50
2026-04-08 01:04:53,891 - INFO - [Epoch 69] Train Loss: 0.0312 | LR: 0.000088
2026-04-08 01:04:53,891 - INFO -     >>> Val Avg RMSE (Real): 240.0395
2026-04-08 01:04:53,892 - INFO -     >>> Val MAE Details: ['155.5030', '156.7307', '153.9299', '178.6745', '173.3732', '174.9606', '182.3435']
2026-04-08 01:04:54,053 - INFO - 💾 Saved Best Model to ./logs/ED5_repr_atomistic_graph_ComENet_MultiTask7_20260407_222118/best_model.pth
2026-04-08 01:07:16,147 - INFO - [Epoch 70] Train Loss: 0.0311 | LR: 0.000087
2026-04-08 01:07:16,147 - INFO -     >>> Val Avg RMSE (Real): 239.0052
2026-04-08 01:07:16,147 - INFO -     >>> Val MAE Details: ['157.3355', '153.6673', '154.2324', '172.8830', '172.3640', '174.1430', '182.0756']
2026-04-08 01:07:16,313 - INFO - 💾 Saved Best Model to ./logs/ED5_repr_atomistic_graph_ComENet_MultiTask7_20260407_222118/best_model.pth
2026-04-08 01:09:36,170 - INFO - [Epoch 71] Train Loss: 0.0305 | LR: 0.000087
2026-04-08 01:09:36,170 - INFO -     >>> Val Avg RMSE (Real): 239.6817
2026-04-08 01:09:36,170 - INFO -     >>> Val MAE Details: ['158.4614', '152.4263', '153.4898', '176.5280', '177.7793', '178.9723', '180.1998']
2026-04-08 01:09:36,170 - INFO - ⏳ No improvement. Patience: 1/50
2026-04-08 01:12:00,446 - INFO - [Epoch 72] Train Loss: 0.0316 | LR: 0.000086
2026-04-08 01:12:00,446 - INFO -     >>> Val Avg RMSE (Real): 239.3824
2026-04-08 01:12:00,446 - INFO -     >>> Val MAE Details: ['161.9292', '152.1516', '153.8265', '179.8768', '177.0927', '173.0452', '179.4675']
2026-04-08 01:12:00,446 - INFO - ⏳ No improvement. Patience: 2/50
2026-04-08 01:14:23,890 - INFO - [Epoch 73] Train Loss: 0.0310 | LR: 0.000086
2026-04-08 01:14:23,890 - INFO -     >>> Val Avg RMSE (Real): 241.6216
2026-04-08 01:14:23,890 - INFO -     >>> Val MAE Details: ['160.1675', '154.4482', '158.0223', '175.6441', '180.7523', '178.6891', '181.0172']
2026-04-08 01:14:23,890 - INFO - ⏳ No improvement. Patience: 3/50
2026-04-08 01:16:40,389 - INFO - [Epoch 74] Train Loss: 0.0300 | LR: 0.000086
2026-04-08 01:16:40,389 - INFO -     >>> Val Avg RMSE (Real): 239.9898
2026-04-08 01:16:40,389 - INFO -     >>> Val MAE Details: ['156.5275', '151.2798', '161.5370', '172.1277', '173.1141', '170.8878', '182.8440']
2026-04-08 01:16:40,389 - INFO - ⏳ No improvement. Patience: 4/50
2026-04-08 01:18:57,642 - INFO - [Epoch 75] Train Loss: 0.0298 | LR: 0.000085
2026-04-08 01:18:57,642 - INFO -     >>> Val Avg RMSE (Real): 238.4578
2026-04-08 01:18:57,642 - INFO -     >>> Val MAE Details: ['155.5901', '149.6160', '150.9668', '174.0302', '173.1511', '175.4905', '179.9306']
2026-04-08 01:18:57,807 - INFO - 💾 Saved Best Model to ./logs/ED5_repr_atomistic_graph_ComENet_MultiTask7_20260407_222118/best_model.pth
2026-04-08 01:21:16,391 - INFO - [Epoch 76] Train Loss: 0.0300 | LR: 0.000085
2026-04-08 01:21:16,391 - INFO -     >>> Val Avg RMSE (Real): 238.4465
2026-04-08 01:21:16,391 - INFO -     >>> Val MAE Details: ['159.9926', '151.1532', '156.6134', '172.8797', '175.7301', '170.6432', '178.1063']
2026-04-08 01:21:16,553 - INFO - 💾 Saved Best Model to ./logs/ED5_repr_atomistic_graph_ComENet_MultiTask7_20260407_222118/best_model.pth
2026-04-08 01:23:37,444 - INFO - [Epoch 77] Train Loss: 0.0297 | LR: 0.000085
2026-04-08 01:23:37,444 - INFO -     >>> Val Avg RMSE (Real): 237.0710
2026-04-08 01:23:37,444 - INFO -     >>> Val MAE Details: ['152.7116', '148.3280', '151.9768', '174.4745', '175.2428', '178.3622', '183.0783']
2026-04-08 01:23:37,605 - INFO - 💾 Saved Best Model to ./logs/ED5_repr_atomistic_graph_ComENet_MultiTask7_20260407_222118/best_model.pth
2026-04-08 01:25:53,965 - INFO - [Epoch 78] Train Loss: 0.0300 | LR: 0.000084
2026-04-08 01:25:53,965 - INFO -     >>> Val Avg RMSE (Real): 243.6084
2026-04-08 01:25:53,965 - INFO -     >>> Val MAE Details: ['163.0193', '158.8876', '154.6139', '187.5269', '180.3950', '174.6573', '180.8906']
2026-04-08 01:25:53,965 - INFO - ⏳ No improvement. Patience: 1/50
2026-04-08 01:28:14,366 - INFO - [Epoch 79] Train Loss: 0.0299 | LR: 0.000084
2026-04-08 01:28:14,367 - INFO -     >>> Val Avg RMSE (Real): 238.7732
2026-04-08 01:28:14,367 - INFO -     >>> Val MAE Details: ['156.5621', '149.7189', '154.5227', '173.1267', '181.1885', '180.7843', '183.2713']
2026-04-08 01:28:14,367 - INFO - ⏳ No improvement. Patience: 2/50
2026-04-08 01:30:36,633 - INFO - [Epoch 80] Train Loss: 0.0295 | LR: 0.000083
2026-04-08 01:30:36,633 - INFO -     >>> Val Avg RMSE (Real): 241.2433
2026-04-08 01:30:36,633 - INFO -     >>> Val MAE Details: ['161.5113', '149.7318', '151.2666', '181.5617', '170.7300', '175.7931', '183.9200']
2026-04-08 01:30:36,633 - INFO - ⏳ No improvement. Patience: 3/50
2026-04-08 01:32:57,845 - INFO - [Epoch 81] Train Loss: 0.0294 | LR: 0.000083
2026-04-08 01:32:57,845 - INFO -     >>> Val Avg RMSE (Real): 237.0572
2026-04-08 01:32:57,845 - INFO -     >>> Val MAE Details: ['153.1129', '149.0870', '153.8839', '169.1268', '168.4838', '188.3464', '179.6963']
2026-04-08 01:32:58,007 - INFO - 💾 Saved Best Model to ./logs/ED5_repr_atomistic_graph_ComENet_MultiTask7_20260407_222118/best_model.pth
2026-04-08 01:35:15,203 - INFO - [Epoch 82] Train Loss: 0.0292 | LR: 0.000083
2026-04-08 01:35:15,203 - INFO -     >>> Val Avg RMSE (Real): 237.6058
2026-04-08 01:35:15,203 - INFO -     >>> Val MAE Details: ['156.7587', '150.8926', '153.9469', '171.0031', '179.7027', '175.0112', '175.4432']
2026-04-08 01:35:15,203 - INFO - ⏳ No improvement. Patience: 1/50
2026-04-08 01:37:35,676 - INFO - [Epoch 83] Train Loss: 0.0290 | LR: 0.000082
2026-04-08 01:37:35,676 - INFO -     >>> Val Avg RMSE (Real): 237.5555
2026-04-08 01:37:35,676 - INFO -     >>> Val MAE Details: ['156.0822', '153.4108', '154.4955', '179.5850', '178.2784', '170.4928', '175.6728']
2026-04-08 01:37:35,676 - INFO - ⏳ No improvement. Patience: 2/50
2026-04-08 01:39:56,914 - INFO - [Epoch 84] Train Loss: 0.0289 | LR: 0.000082
2026-04-08 01:39:56,914 - INFO -     >>> Val Avg RMSE (Real): 237.6157
2026-04-08 01:39:56,914 - INFO -     >>> Val MAE Details: ['155.4185', '148.4116', '153.7613', '181.2988', '173.1774', '169.8394', '175.4555']
2026-04-08 01:39:56,914 - INFO - ⏳ No improvement. Patience: 3/50
2026-04-08 01:42:17,979 - INFO - [Epoch 85] Train Loss: 0.0290 | LR: 0.000081
2026-04-08 01:42:17,980 - INFO -     >>> Val Avg RMSE (Real): 236.4088
2026-04-08 01:42:17,980 - INFO -     >>> Val MAE Details: ['155.8215', '152.6125', '151.0214', '169.0432', '174.2251', '176.8152', '183.8108']
2026-04-08 01:42:18,142 - INFO - 💾 Saved Best Model to ./logs/ED5_repr_atomistic_graph_ComENet_MultiTask7_20260407_222118/best_model.pth
2026-04-08 01:44:36,936 - INFO - [Epoch 86] Train Loss: 0.0283 | LR: 0.000081
2026-04-08 01:44:36,937 - INFO -     >>> Val Avg RMSE (Real): 242.2173
2026-04-08 01:44:36,937 - INFO -     >>> Val MAE Details: ['157.9664', '150.2920', '153.1181', '187.3989', '177.5477', '181.6211', '182.0021']
2026-04-08 01:44:36,937 - INFO - ⏳ No improvement. Patience: 1/50
2026-04-08 01:46:56,484 - INFO - [Epoch 87] Train Loss: 0.0281 | LR: 0.000081
2026-04-08 01:46:56,484 - INFO -     >>> Val Avg RMSE (Real): 239.6337
2026-04-08 01:46:56,484 - INFO -     >>> Val MAE Details: ['158.4817', '149.0472', '152.2288', '172.8900', '169.8986', '172.8439', '195.0020']
2026-04-08 01:46:56,484 - INFO - ⏳ No improvement. Patience: 2/50
2026-04-08 01:49:15,202 - INFO - [Epoch 88] Train Loss: 0.0294 | LR: 0.000080
2026-04-08 01:49:15,202 - INFO -     >>> Val Avg RMSE (Real): 236.6299
2026-04-08 01:49:15,203 - INFO -     >>> Val MAE Details: ['153.3821', '148.9854', '150.6027', '171.7070', '178.7239', '176.4350', '179.1914']
2026-04-08 01:49:15,203 - INFO - ⏳ No improvement. Patience: 3/50
2026-04-08 01:51:36,137 - INFO - [Epoch 89] Train Loss: 0.0278 | LR: 0.000080
2026-04-08 01:51:36,137 - INFO -     >>> Val Avg RMSE (Real): 237.8295
2026-04-08 01:51:36,137 - INFO -     >>> Val MAE Details: ['157.5781', '155.1839', '154.3239', '173.5099', '172.6700', '172.4234', '176.3939']
2026-04-08 01:51:36,138 - INFO - ⏳ No improvement. Patience: 4/50
2026-04-08 01:53:54,518 - INFO - [Epoch 90] Train Loss: 0.0278 | LR: 0.000079
2026-04-08 01:53:54,518 - INFO -     >>> Val Avg RMSE (Real): 238.8707
2026-04-08 01:53:54,518 - INFO -     >>> Val MAE Details: ['157.6926', '149.2964', '153.0216', '168.6335', '175.9867', '173.9536', '188.0535']
2026-04-08 01:53:54,518 - INFO - ⏳ No improvement. Patience: 5/50
2026-04-08 01:56:16,001 - INFO - [Epoch 91] Train Loss: 0.0274 | LR: 0.000079
2026-04-08 01:56:16,001 - INFO -     >>> Val Avg RMSE (Real): 237.7271
2026-04-08 01:56:16,001 - INFO -     >>> Val MAE Details: ['160.3398', '153.7377', '151.6487', '179.1300', '169.2869', '174.4432', '177.4051']
2026-04-08 01:56:16,001 - INFO - ⏳ No improvement. Patience: 6/50
2026-04-08 01:58:35,725 - INFO - [Epoch 92] Train Loss: 0.0284 | LR: 0.000079
2026-04-08 01:58:35,725 - INFO -     >>> Val Avg RMSE (Real): 237.5502
2026-04-08 01:58:35,725 - INFO -     >>> Val MAE Details: ['169.8670', '155.6830', '154.4770', '172.4325', '170.9173', '167.6251', '177.5311']
2026-04-08 01:58:35,725 - INFO - ⏳ No improvement. Patience: 7/50
2026-04-08 02:00:54,903 - INFO - [Epoch 93] Train Loss: 0.0274 | LR: 0.000078
2026-04-08 02:00:54,903 - INFO -     >>> Val Avg RMSE (Real): 233.5975
2026-04-08 02:00:54,904 - INFO -     >>> Val MAE Details: ['153.1257', '147.6947', '149.4866', '167.3820', '171.9623', '172.7025', '174.1297']
2026-04-08 02:00:55,088 - INFO - 💾 Saved Best Model to ./logs/ED5_repr_atomistic_graph_ComENet_MultiTask7_20260407_222118/best_model.pth
2026-04-08 02:03:17,324 - INFO - [Epoch 94] Train Loss: 0.0276 | LR: 0.000078
2026-04-08 02:03:17,324 - INFO -     >>> Val Avg RMSE (Real): 237.3357
2026-04-08 02:03:17,325 - INFO -     >>> Val MAE Details: ['155.3576', '148.0736', '151.7219', '172.9149', '174.2537', '176.6415', '180.7041']
2026-04-08 02:03:17,325 - INFO - ⏳ No improvement. Patience: 1/50
2026-04-08 02:05:38,559 - INFO - [Epoch 95] Train Loss: 0.0271 | LR: 0.000077
2026-04-08 02:05:38,559 - INFO -     >>> Val Avg RMSE (Real): 236.3787
2026-04-08 02:05:38,559 - INFO -     >>> Val MAE Details: ['155.2971', '149.6974', '155.1852', '172.7916', '170.6197', '172.2850', '175.7047']
2026-04-08 02:05:38,559 - INFO - ⏳ No improvement. Patience: 2/50
2026-04-08 02:08:00,957 - INFO - [Epoch 96] Train Loss: 0.0269 | LR: 0.000077
2026-04-08 02:08:00,958 - INFO -     >>> Val Avg RMSE (Real): 240.1835
2026-04-08 02:08:00,958 - INFO -     >>> Val MAE Details: ['160.2485', '155.8006', '152.0849', '173.0639', '170.9862', '171.9159', '183.3133']
2026-04-08 02:08:00,958 - INFO - ⏳ No improvement. Patience: 3/50
2026-04-08 02:10:18,219 - INFO - [Epoch 97] Train Loss: 0.0269 | LR: 0.000076
2026-04-08 02:10:18,219 - INFO -     >>> Val Avg RMSE (Real): 236.9041
2026-04-08 02:10:18,219 - INFO -     >>> Val MAE Details: ['160.9294', '155.4625', '148.7074', '175.0747', '175.0415', '173.3200', '170.7817']
2026-04-08 02:10:18,219 - INFO - ⏳ No improvement. Patience: 4/50
2026-04-08 02:12:38,746 - INFO - [Epoch 98] Train Loss: 0.0270 | LR: 0.000076
2026-04-08 02:12:38,747 - INFO -     >>> Val Avg RMSE (Real): 236.0299
2026-04-08 02:12:38,747 - INFO -     >>> Val MAE Details: ['160.3983', '155.0648', '153.9498', '166.2190', '171.8533', '171.1073', '174.6303']
2026-04-08 02:12:38,747 - INFO - ⏳ No improvement. Patience: 5/50
2026-04-08 02:14:58,056 - INFO - [Epoch 99] Train Loss: 0.0267 | LR: 0.000075
2026-04-08 02:14:58,056 - INFO -     >>> Val Avg RMSE (Real): 237.9740
2026-04-08 02:14:58,056 - INFO -     >>> Val MAE Details: ['154.1078', '152.1720', '152.0437', '174.1343', '172.0172', '175.9247', '184.3750']
2026-04-08 02:14:58,056 - INFO - ⏳ No improvement. Patience: 6/50
2026-04-08 02:17:22,385 - INFO - [Epoch 100] Train Loss: 0.0267 | LR: 0.000075
2026-04-08 02:17:22,385 - INFO -     >>> Val Avg RMSE (Real): 237.3548
2026-04-08 02:17:22,385 - INFO -     >>> Val MAE Details: ['154.5452', '152.2731', '150.7487', '168.9222', '169.5140', '180.4643', '178.6606']
2026-04-08 02:17:22,385 - INFO - ⏳ No improvement. Patience: 7/50
2026-04-08 02:19:24,576 - INFO - [Epoch 101] Train Loss: 0.0269 | LR: 0.000075
2026-04-08 02:19:24,576 - INFO -     >>> Val Avg RMSE (Real): 236.0570
2026-04-08 02:19:24,576 - INFO -     >>> Val MAE Details: ['161.7056', '148.6541', '158.8772', '168.1460', '168.3781', '173.8458', '179.7827']
2026-04-08 02:19:24,576 - INFO - ⏳ No improvement. Patience: 8/50
2026-04-08 02:20:51,848 - INFO - [Epoch 102] Train Loss: 0.0260 | LR: 0.000074
2026-04-08 02:20:51,849 - INFO -     >>> Val Avg RMSE (Real): 235.6921
2026-04-08 02:20:51,849 - INFO -     >>> Val MAE Details: ['154.3438', '148.1555', '150.2518', '185.8187', '170.3980', '172.2689', '176.6301']
2026-04-08 02:20:51,849 - INFO - ⏳ No improvement. Patience: 9/50
2026-04-08 02:22:19,214 - INFO - [Epoch 103] Train Loss: 0.0263 | LR: 0.000074
2026-04-08 02:22:19,214 - INFO -     >>> Val Avg RMSE (Real): 237.4645
2026-04-08 02:22:19,214 - INFO -     >>> Val MAE Details: ['158.4554', '152.8921', '152.0596', '177.7963', '172.0763', '175.4957', '178.2693']
2026-04-08 02:22:19,214 - INFO - ⏳ No improvement. Patience: 10/50
2026-04-08 02:23:46,082 - INFO - [Epoch 104] Train Loss: 0.0261 | LR: 0.000073
2026-04-08 02:23:46,082 - INFO -     >>> Val Avg RMSE (Real): 234.1094
2026-04-08 02:23:46,082 - INFO -     >>> Val MAE Details: ['152.4953', '150.5294', '152.1970', '168.0664', '167.3239', '172.1327', '176.8740']
2026-04-08 02:23:46,082 - INFO - ⏳ No improvement. Patience: 11/50
2026-04-08 02:25:13,137 - INFO - [Epoch 105] Train Loss: 0.0254 | LR: 0.000073
2026-04-08 02:25:13,137 - INFO -     >>> Val Avg RMSE (Real): 234.2187
2026-04-08 02:25:13,137 - INFO -     >>> Val MAE Details: ['155.9230', '149.5183', '146.9970', '167.9107', '164.1880', '169.6509', '188.5200']
2026-04-08 02:25:13,137 - INFO - ⏳ No improvement. Patience: 12/50
2026-04-08 02:27:35,203 - INFO - [Epoch 106] Train Loss: 0.0257 | LR: 0.000072
2026-04-08 02:27:35,203 - INFO -     >>> Val Avg RMSE (Real): 231.6185
2026-04-08 02:27:35,203 - INFO -     >>> Val MAE Details: ['151.3984', '146.2978', '153.6455', '167.1313', '169.0783', '167.3224', '173.3602']
2026-04-08 02:27:35,362 - INFO - 💾 Saved Best Model to ./logs/ED5_repr_atomistic_graph_ComENet_MultiTask7_20260407_222118/best_model.pth
2026-04-08 02:29:57,166 - INFO - [Epoch 107] Train Loss: 0.0256 | LR: 0.000072
2026-04-08 02:29:57,166 - INFO -     >>> Val Avg RMSE (Real): 246.3868
2026-04-08 02:29:57,166 - INFO -     >>> Val MAE Details: ['168.1974', '168.0955', '151.1992', '170.8740', '171.9782', '177.1288', '199.1298']
2026-04-08 02:29:57,166 - INFO - ⏳ No improvement. Patience: 1/50
2026-04-08 02:32:19,715 - INFO - [Epoch 108] Train Loss: 0.0257 | LR: 0.000071
2026-04-08 02:32:19,715 - INFO -     >>> Val Avg RMSE (Real): 233.0287
2026-04-08 02:32:19,715 - INFO -     >>> Val MAE Details: ['151.4143', '148.9474', '151.2812', '169.8972', '168.9642', '172.5407', '178.5360']
2026-04-08 02:32:19,715 - INFO - ⏳ No improvement. Patience: 2/50
2026-04-08 02:34:43,220 - INFO - [Epoch 109] Train Loss: 0.0255 | LR: 0.000071
2026-04-08 02:34:43,220 - INFO -     >>> Val Avg RMSE (Real): 233.1537
2026-04-08 02:34:43,220 - INFO -     >>> Val MAE Details: ['154.1683', '149.2539', '153.1069', '165.1953', '164.3665', '171.5877', '177.4235']
2026-04-08 02:34:43,220 - INFO - ⏳ No improvement. Patience: 3/50
2026-04-08 02:37:10,834 - INFO - [Epoch 110] Train Loss: 0.0247 | LR: 0.000070
2026-04-08 02:37:10,834 - INFO -     >>> Val Avg RMSE (Real): 234.1421
2026-04-08 02:37:10,834 - INFO -     >>> Val MAE Details: ['154.3258', '147.0145', '150.5599', '175.7053', '168.1637', '172.0759', '177.5188']
2026-04-08 02:37:10,834 - INFO - ⏳ No improvement. Patience: 4/50
2026-04-08 02:39:41,931 - INFO - [Epoch 111] Train Loss: 0.0246 | LR: 0.000070
2026-04-08 02:39:41,931 - INFO -     >>> Val Avg RMSE (Real): 234.6153
2026-04-08 02:39:41,931 - INFO -     >>> Val MAE Details: ['152.7030', '156.6248', '151.7304', '164.7371', '165.8445', '169.7230', '176.1447']
2026-04-08 02:39:41,932 - INFO - ⏳ No improvement. Patience: 5/50
2026-04-08 02:42:07,256 - INFO - [Epoch 112] Train Loss: 0.0248 | LR: 0.000069
2026-04-08 02:42:07,256 - INFO -     >>> Val Avg RMSE (Real): 233.2184
2026-04-08 02:42:07,256 - INFO -     >>> Val MAE Details: ['155.4216', '150.6665', '149.4991', '165.8837', '168.5606', '166.7366', '175.1669']
2026-04-08 02:42:07,256 - INFO - ⏳ No improvement. Patience: 6/50
2026-04-08 02:44:28,080 - INFO - [Epoch 113] Train Loss: 0.0241 | LR: 0.000069
2026-04-08 02:44:28,081 - INFO -     >>> Val Avg RMSE (Real): 234.1073
2026-04-08 02:44:28,081 - INFO -     >>> Val MAE Details: ['158.0290', '146.4803', '150.7809', '169.7834', '170.7127', '171.1076', '174.5067']
2026-04-08 02:44:28,081 - INFO - ⏳ No improvement. Patience: 7/50
2026-04-08 02:46:45,046 - INFO - [Epoch 114] Train Loss: 0.0246 | LR: 0.000068
2026-04-08 02:46:45,046 - INFO -     >>> Val Avg RMSE (Real): 232.7285
2026-04-08 02:46:45,046 - INFO -     >>> Val MAE Details: ['155.4481', '147.0373', '148.7838', '170.5069', '164.1476', '169.2189', '179.0094']
2026-04-08 02:46:45,046 - INFO - ⏳ No improvement. Patience: 8/50
2026-04-08 02:49:05,578 - INFO - [Epoch 115] Train Loss: 0.0241 | LR: 0.000068
2026-04-08 02:49:05,579 - INFO -     >>> Val Avg RMSE (Real): 236.3332
2026-04-08 02:49:05,579 - INFO -     >>> Val MAE Details: ['155.2719', '153.0256', '151.7000', '168.8922', '169.0075', '174.2559', '176.4991']
2026-04-08 02:49:05,579 - INFO - ⏳ No improvement. Patience: 9/50
2026-04-08 02:51:33,770 - INFO - [Epoch 116] Train Loss: 0.0241 | LR: 0.000067
2026-04-08 02:51:33,770 - INFO -     >>> Val Avg RMSE (Real): 239.6165
2026-04-08 02:51:33,770 - INFO -     >>> Val MAE Details: ['155.2103', '151.6862', '169.1195', '177.8410', '183.0410', '167.9440', '175.1734']
2026-04-08 02:51:33,770 - INFO - ⏳ No improvement. Patience: 10/50
2026-04-08 02:54:01,276 - INFO - [Epoch 117] Train Loss: 0.0242 | LR: 0.000067
2026-04-08 02:54:01,276 - INFO -     >>> Val Avg RMSE (Real): 230.3350
2026-04-08 02:54:01,276 - INFO -     >>> Val MAE Details: ['153.2326', '146.1212', '147.7781', '166.5083', '162.7596', '169.1244', '177.8489']
2026-04-08 02:54:01,440 - INFO - 💾 Saved Best Model to ./logs/ED5_repr_atomistic_graph_ComENet_MultiTask7_20260407_222118/best_model.pth
2026-04-08 02:56:18,395 - INFO - [Epoch 118] Train Loss: 0.0246 | LR: 0.000066
2026-04-08 02:56:18,395 - INFO -     >>> Val Avg RMSE (Real): 232.7140
2026-04-08 02:56:18,395 - INFO -     >>> Val MAE Details: ['152.4471', '148.6809', '147.8038', '169.9313', '167.7874', '172.1420', '175.8650']
2026-04-08 02:56:18,395 - INFO - ⏳ No improvement. Patience: 1/50
2026-04-08 02:58:42,639 - INFO - [Epoch 119] Train Loss: 0.0242 | LR: 0.000066
2026-04-08 02:58:42,640 - INFO -     >>> Val Avg RMSE (Real): 231.8227
2026-04-08 02:58:42,640 - INFO -     >>> Val MAE Details: ['153.0843', '147.4874', '146.2126', '170.4120', '168.1450', '168.6850', '172.9289']
2026-04-08 02:58:42,640 - INFO - ⏳ No improvement. Patience: 2/50
2026-04-08 03:01:09,005 - INFO - [Epoch 120] Train Loss: 0.0240 | LR: 0.000065
2026-04-08 03:01:09,005 - INFO -     >>> Val Avg RMSE (Real): 230.2143
2026-04-08 03:01:09,005 - INFO -     >>> Val MAE Details: ['157.3644', '145.8837', '147.6794', '167.0647', '168.0056', '163.8863', '173.3899']
2026-04-08 03:01:09,165 - INFO - 💾 Saved Best Model to ./logs/ED5_repr_atomistic_graph_ComENet_MultiTask7_20260407_222118/best_model.pth
2026-04-08 03:03:28,780 - INFO - [Epoch 121] Train Loss: 0.0236 | LR: 0.000065
2026-04-08 03:03:28,780 - INFO -     >>> Val Avg RMSE (Real): 232.6606
2026-04-08 03:03:28,780 - INFO -     >>> Val MAE Details: ['156.0947', '147.3852', '149.7616', '168.2014', '167.7121', '168.6673', '176.0256']
2026-04-08 03:03:28,780 - INFO - ⏳ No improvement. Patience: 1/50
2026-04-08 03:05:52,493 - INFO - [Epoch 122] Train Loss: 0.0242 | LR: 0.000064
2026-04-08 03:05:52,493 - INFO -     >>> Val Avg RMSE (Real): 230.4718
2026-04-08 03:05:52,493 - INFO -     >>> Val MAE Details: ['154.1180', '146.1886', '151.0703', '163.1308', '165.4984', '168.5628', '174.2367']
2026-04-08 03:05:52,493 - INFO - ⏳ No improvement. Patience: 2/50
2026-04-08 03:08:12,880 - INFO - [Epoch 123] Train Loss: 0.0238 | LR: 0.000064
2026-04-08 03:08:12,880 - INFO -     >>> Val Avg RMSE (Real): 231.4338
2026-04-08 03:08:12,880 - INFO -     >>> Val MAE Details: ['154.1138', '148.5253', '148.9229', '165.2166', '175.8097', '166.3288', '173.0265']
2026-04-08 03:08:12,880 - INFO - ⏳ No improvement. Patience: 3/50
2026-04-08 03:10:32,924 - INFO - [Epoch 124] Train Loss: 0.0235 | LR: 0.000063
2026-04-08 03:10:32,924 - INFO -     >>> Val Avg RMSE (Real): 231.4037
2026-04-08 03:10:32,924 - INFO -     >>> Val MAE Details: ['157.1743', '146.6124', '157.2044', '164.0540', '164.9559', '167.9499', '175.3051']
2026-04-08 03:10:32,924 - INFO - ⏳ No improvement. Patience: 4/50
2026-04-08 03:12:22,655 - INFO - [Epoch 125] Train Loss: 0.0239 | LR: 0.000063
2026-04-08 03:12:22,655 - INFO -     >>> Val Avg RMSE (Real): 232.5468
2026-04-08 03:12:22,655 - INFO -     >>> Val MAE Details: ['159.2191', '146.9940', '149.5987', '171.3657', '168.4326', '166.7439', '172.4719']
2026-04-08 03:12:22,656 - INFO - ⏳ No improvement. Patience: 5/50
2026-04-08 03:14:30,384 - INFO - [Epoch 126] Train Loss: 0.0229 | LR: 0.000062
2026-04-08 03:14:30,384 - INFO -     >>> Val Avg RMSE (Real): 234.1281
2026-04-08 03:14:30,384 - INFO -     >>> Val MAE Details: ['154.6235', '148.2426', '154.8821', '168.2540', '174.9857', '169.8284', '171.6177']
2026-04-08 03:14:30,384 - INFO - ⏳ No improvement. Patience: 6/50
2026-04-08 03:16:55,297 - INFO - [Epoch 127] Train Loss: 0.0228 | LR: 0.000062
2026-04-08 03:16:55,298 - INFO -     >>> Val Avg RMSE (Real): 230.0024
2026-04-08 03:16:55,298 - INFO -     >>> Val MAE Details: ['151.1612', '144.3652', '147.7628', '164.2050', '166.5594', '168.0920', '173.4979']
2026-04-08 03:16:55,459 - INFO - 💾 Saved Best Model to ./logs/ED5_repr_atomistic_graph_ComENet_MultiTask7_20260407_222118/best_model.pth
2026-04-08 03:19:20,604 - INFO - [Epoch 128] Train Loss: 0.0227 | LR: 0.000061
2026-04-08 03:19:20,604 - INFO -     >>> Val Avg RMSE (Real): 231.4622
2026-04-08 03:19:20,604 - INFO -     >>> Val MAE Details: ['155.0138', '146.9356', '147.6158', '165.4168', '163.0117', '169.9500', '170.7449']
2026-04-08 03:19:20,604 - INFO - ⏳ No improvement. Patience: 1/50
2026-04-08 03:21:37,943 - INFO - [Epoch 129] Train Loss: 0.0236 | LR: 0.000061
2026-04-08 03:21:37,943 - INFO -     >>> Val Avg RMSE (Real): 232.6386
2026-04-08 03:21:37,943 - INFO -     >>> Val MAE Details: ['153.4829', '145.6525', '145.4185', '161.3018', '168.7463', '170.8569', '179.3898']
2026-04-08 03:21:37,943 - INFO - ⏳ No improvement. Patience: 2/50
2026-04-08 03:23:59,555 - INFO - [Epoch 130] Train Loss: 0.0226 | LR: 0.000060
2026-04-08 03:23:59,555 - INFO -     >>> Val Avg RMSE (Real): 232.2793
2026-04-08 03:23:59,555 - INFO -     >>> Val MAE Details: ['153.5088', '145.7405', '147.1403', '165.2908', '163.6715', '175.3892', '178.1094']
2026-04-08 03:23:59,555 - INFO - ⏳ No improvement. Patience: 3/50
2026-04-08 03:26:19,995 - INFO - [Epoch 131] Train Loss: 0.0227 | LR: 0.000060
2026-04-08 03:26:19,995 - INFO -     >>> Val Avg RMSE (Real): 229.9630
2026-04-08 03:26:19,995 - INFO -     >>> Val MAE Details: ['151.5767', '146.6283', '148.1346', '162.1448', '163.9836', '167.3220', '174.8570']
2026-04-08 03:26:20,147 - INFO - 💾 Saved Best Model to ./logs/ED5_repr_atomistic_graph_ComENet_MultiTask7_20260407_222118/best_model.pth
2026-04-08 03:28:40,833 - INFO - [Epoch 132] Train Loss: 0.0222 | LR: 0.000059
2026-04-08 03:28:40,833 - INFO -     >>> Val Avg RMSE (Real): 232.6070
2026-04-08 03:28:40,833 - INFO -     >>> Val MAE Details: ['151.6433', '148.1483', '150.9242', '169.2793', '168.7594', '167.3519', '171.6534']
2026-04-08 03:28:40,833 - INFO - ⏳ No improvement. Patience: 1/50
2026-04-08 03:30:57,431 - INFO - [Epoch 133] Train Loss: 0.0220 | LR: 0.000059
2026-04-08 03:30:57,431 - INFO -     >>> Val Avg RMSE (Real): 233.0287
2026-04-08 03:30:57,431 - INFO -     >>> Val MAE Details: ['154.0125', '146.5171', '147.7863', '165.1235', '169.6944', '172.8276', '173.8872']
2026-04-08 03:30:57,431 - INFO - ⏳ No improvement. Patience: 2/50
2026-04-08 03:33:16,727 - INFO - [Epoch 134] Train Loss: 0.0222 | LR: 0.000058
2026-04-08 03:33:16,728 - INFO -     >>> Val Avg RMSE (Real): 237.5690
2026-04-08 03:33:16,728 - INFO -     >>> Val MAE Details: ['154.1397', '150.9052', '148.7022', '170.3191', '172.9473', '176.6905', '187.4912']
2026-04-08 03:33:16,728 - INFO - ⏳ No improvement. Patience: 3/50
2026-04-08 03:35:35,922 - INFO - [Epoch 135] Train Loss: 0.0219 | LR: 0.000058
2026-04-08 03:35:35,922 - INFO -     >>> Val Avg RMSE (Real): 230.5742
2026-04-08 03:35:35,922 - INFO -     >>> Val MAE Details: ['152.8341', '146.4272', '149.2536', '162.6905', '163.2450', '169.9832', '173.7613']
2026-04-08 03:35:35,922 - INFO - ⏳ No improvement. Patience: 4/50
2026-04-08 03:37:58,260 - INFO - [Epoch 136] Train Loss: 0.0215 | LR: 0.000057
2026-04-08 03:37:58,260 - INFO -     >>> Val Avg RMSE (Real): 232.2715
2026-04-08 03:37:58,260 - INFO -     >>> Val MAE Details: ['152.8516', '146.5172', '146.4005', '179.5776', '167.0526', '166.4599', '172.8753']
2026-04-08 03:37:58,260 - INFO - ⏳ No improvement. Patience: 5/50
2026-04-08 03:40:18,918 - INFO - [Epoch 137] Train Loss: 0.0218 | LR: 0.000057
2026-04-08 03:40:18,918 - INFO -     >>> Val Avg RMSE (Real): 231.8140
2026-04-08 03:40:18,918 - INFO -     >>> Val MAE Details: ['153.9056', '145.8914', '146.4155', '167.8753', '165.7858', '166.4976', '173.3844']
2026-04-08 03:40:18,918 - INFO - ⏳ No improvement. Patience: 6/50
2026-04-08 03:42:43,604 - INFO - [Epoch 138] Train Loss: 0.0213 | LR: 0.000056
2026-04-08 03:42:43,604 - INFO -     >>> Val Avg RMSE (Real): 229.7524
2026-04-08 03:42:43,604 - INFO -     >>> Val MAE Details: ['154.3952', '146.1607', '145.6864', '166.2683', '162.7315', '167.9589', '174.1136']
2026-04-08 03:42:43,762 - INFO - 💾 Saved Best Model to ./logs/ED5_repr_atomistic_graph_ComENet_MultiTask7_20260407_222118/best_model.pth
2026-04-08 03:45:08,330 - INFO - [Epoch 139] Train Loss: 0.0215 | LR: 0.000056
2026-04-08 03:45:08,330 - INFO -     >>> Val Avg RMSE (Real): 229.1295
2026-04-08 03:45:08,330 - INFO -     >>> Val MAE Details: ['152.4267', '146.1285', '147.2684', '162.0211', '164.9421', '165.5672', '168.9417']
2026-04-08 03:45:08,488 - INFO - 💾 Saved Best Model to ./logs/ED5_repr_atomistic_graph_ComENet_MultiTask7_20260407_222118/best_model.pth
2026-04-08 03:47:29,858 - INFO - [Epoch 140] Train Loss: 0.0212 | LR: 0.000055
2026-04-08 03:47:29,858 - INFO -     >>> Val Avg RMSE (Real): 231.4825
2026-04-08 03:47:29,858 - INFO -     >>> Val MAE Details: ['155.8018', '148.2763', '148.7445', '168.6470', '162.8376', '168.3438', '176.3839']
2026-04-08 03:47:29,858 - INFO - ⏳ No improvement. Patience: 1/50
2026-04-08 03:49:53,242 - INFO - [Epoch 141] Train Loss: 0.0209 | LR: 0.000055
2026-04-08 03:49:53,242 - INFO -     >>> Val Avg RMSE (Real): 231.4934
2026-04-08 03:49:53,242 - INFO -     >>> Val MAE Details: ['155.5022', '149.6640', '150.2003', '161.7123', '162.7575', '173.0561', '173.5590']
2026-04-08 03:49:53,242 - INFO - ⏳ No improvement. Patience: 2/50
2026-04-08 03:52:16,319 - INFO - [Epoch 142] Train Loss: 0.0212 | LR: 0.000054
2026-04-08 03:52:16,320 - INFO -     >>> Val Avg RMSE (Real): 229.7853
2026-04-08 03:52:16,320 - INFO -     >>> Val MAE Details: ['152.0494', '145.6052', '146.3772', '161.1121', '168.3859', '166.4960', '178.7571']
2026-04-08 03:52:16,320 - INFO - ⏳ No improvement. Patience: 3/50
2026-04-08 03:54:39,055 - INFO - [Epoch 143] Train Loss: 0.0209 | LR: 0.000054
2026-04-08 03:54:39,056 - INFO -     >>> Val Avg RMSE (Real): 230.7597
2026-04-08 03:54:39,056 - INFO -     >>> Val MAE Details: ['154.0549', '147.3586', '146.8639', '164.3504', '168.7252', '167.1050', '170.3716']
2026-04-08 03:54:39,056 - INFO - ⏳ No improvement. Patience: 4/50
2026-04-08 03:56:57,461 - INFO - [Epoch 144] Train Loss: 0.0208 | LR: 0.000053
2026-04-08 03:56:57,461 - INFO -     >>> Val Avg RMSE (Real): 230.7496
2026-04-08 03:56:57,461 - INFO -     >>> Val MAE Details: ['157.5461', '149.7943', '148.8798', '167.4966', '166.5488', '164.6552', '170.0209']
2026-04-08 03:56:57,461 - INFO - ⏳ No improvement. Patience: 5/50
2026-04-08 03:59:22,693 - INFO - [Epoch 145] Train Loss: 0.0206 | LR: 0.000053
2026-04-08 03:59:22,693 - INFO -     >>> Val Avg RMSE (Real): 230.4972
2026-04-08 03:59:22,693 - INFO -     >>> Val MAE Details: ['154.2021', '144.8233', '146.4191', '170.5022', '162.6154', '165.5324', '172.5472']
2026-04-08 03:59:22,693 - INFO - ⏳ No improvement. Patience: 6/50
2026-04-08 04:01:46,508 - INFO - [Epoch 146] Train Loss: 0.0208 | LR: 0.000052
2026-04-08 04:01:46,508 - INFO -     >>> Val Avg RMSE (Real): 231.2087
2026-04-08 04:01:46,508 - INFO -     >>> Val MAE Details: ['153.3661', '146.5812', '145.8466', '160.6302', '163.2494', '168.0767', '177.7018']
2026-04-08 04:01:46,508 - INFO - ⏳ No improvement. Patience: 7/50
2026-04-08 04:04:10,803 - INFO - [Epoch 147] Train Loss: 0.0204 | LR: 0.000052
2026-04-08 04:04:10,804 - INFO -     >>> Val Avg RMSE (Real): 231.7135
2026-04-08 04:04:10,804 - INFO -     >>> Val MAE Details: ['153.5607', '144.7182', '147.8072', '163.0640', '168.6449', '167.1977', '175.5744']
2026-04-08 04:04:10,804 - INFO - ⏳ No improvement. Patience: 8/50
2026-04-08 04:06:28,123 - INFO - [Epoch 148] Train Loss: 0.0201 | LR: 0.000051
2026-04-08 04:06:28,123 - INFO -     >>> Val Avg RMSE (Real): 233.3818
2026-04-08 04:06:28,123 - INFO -     >>> Val MAE Details: ['155.5546', '148.0012', '144.9050', '166.9359', '166.5041', '166.7125', '180.0195']
2026-04-08 04:06:28,123 - INFO - ⏳ No improvement. Patience: 9/50
2026-04-08 04:08:49,789 - INFO - [Epoch 149] Train Loss: 0.0199 | LR: 0.000051
2026-04-08 04:08:49,789 - INFO -     >>> Val Avg RMSE (Real): 231.0216
2026-04-08 04:08:49,789 - INFO -     >>> Val MAE Details: ['153.9230', '147.7141', '146.7272', '165.8177', '162.7077', '169.2856', '170.6591']
2026-04-08 04:08:49,789 - INFO - ⏳ No improvement. Patience: 10/50
2026-04-08 04:11:09,626 - INFO - [Epoch 150] Train Loss: 0.0200 | LR: 0.000050
2026-04-08 04:11:09,626 - INFO -     >>> Val Avg RMSE (Real): 233.3215
2026-04-08 04:11:09,627 - INFO -     >>> Val MAE Details: ['157.1625', '152.1803', '145.5178', '162.9888', '162.0695', '167.2330', '177.8786']
2026-04-08 04:11:09,627 - INFO - ⏳ No improvement. Patience: 11/50
2026-04-08 04:13:29,246 - INFO - [Epoch 151] Train Loss: 0.0197 | LR: 0.000049
2026-04-08 04:13:29,247 - INFO -     >>> Val Avg RMSE (Real): 230.7467
2026-04-08 04:13:29,247 - INFO -     >>> Val MAE Details: ['151.6438', '145.0333', '146.5849', '161.1795', '164.8050', '172.0455', '178.4957']
2026-04-08 04:13:29,247 - INFO - ⏳ No improvement. Patience: 12/50
2026-04-08 04:15:50,751 - INFO - [Epoch 152] Train Loss: 0.0198 | LR: 0.000049
2026-04-08 04:15:50,751 - INFO -     >>> Val Avg RMSE (Real): 229.9374
2026-04-08 04:15:50,751 - INFO -     >>> Val MAE Details: ['151.0383', '145.0476', '144.6163', '163.9642', '161.7613', '167.4145', '172.9524']
2026-04-08 04:15:50,751 - INFO - ⏳ No improvement. Patience: 13/50
2026-04-08 04:18:17,700 - INFO - [Epoch 153] Train Loss: 0.0201 | LR: 0.000048
2026-04-08 04:18:17,700 - INFO -     >>> Val Avg RMSE (Real): 230.8944
2026-04-08 04:18:17,700 - INFO -     >>> Val MAE Details: ['151.6585', '146.0106', '150.4893', '163.3923', '166.3875', '168.8184', '174.3600']
2026-04-08 04:18:17,700 - INFO - ⏳ No improvement. Patience: 14/50
2026-04-08 04:20:41,865 - INFO - [Epoch 154] Train Loss: 0.0191 | LR: 0.000048
2026-04-08 04:20:41,865 - INFO -     >>> Val Avg RMSE (Real): 230.8086
2026-04-08 04:20:41,866 - INFO -     >>> Val MAE Details: ['151.8869', '144.7831', '145.6114', '163.1263', '163.4210', '167.0937', '174.3922']
2026-04-08 04:20:41,866 - INFO - ⏳ No improvement. Patience: 15/50
2026-04-08 04:23:00,652 - INFO - [Epoch 155] Train Loss: 0.0195 | LR: 0.000047
2026-04-08 04:23:00,652 - INFO -     >>> Val Avg RMSE (Real): 230.5158
2026-04-08 04:23:00,652 - INFO -     >>> Val MAE Details: ['151.3203', '145.5181', '146.1991', '163.4606', '165.5997', '169.4532', '173.1540']
2026-04-08 04:23:00,652 - INFO - ⏳ No improvement. Patience: 16/50
2026-04-08 04:25:20,686 - INFO - [Epoch 156] Train Loss: 0.0195 | LR: 0.000047
2026-04-08 04:25:20,686 - INFO -     >>> Val Avg RMSE (Real): 229.5940
2026-04-08 04:25:20,686 - INFO -     >>> Val MAE Details: ['151.8437', '142.5098', '145.7269', '161.7239', '163.0238', '167.6267', '175.4023']
2026-04-08 04:25:20,686 - INFO - ⏳ No improvement. Patience: 17/50
2026-04-08 04:27:39,656 - INFO - [Epoch 157] Train Loss: 0.0195 | LR: 0.000046
2026-04-08 04:27:39,656 - INFO -     >>> Val Avg RMSE (Real): 230.5878
2026-04-08 04:27:39,657 - INFO -     >>> Val MAE Details: ['155.7221', '146.3610', '146.6059', '161.9632', '162.9328', '165.5863', '175.7579']
2026-04-08 04:27:39,657 - INFO - ⏳ No improvement. Patience: 18/50
2026-04-08 04:29:59,648 - INFO - [Epoch 158] Train Loss: 0.0192 | LR: 0.000046
2026-04-08 04:29:59,649 - INFO -     >>> Val Avg RMSE (Real): 230.1548
2026-04-08 04:29:59,649 - INFO -     >>> Val MAE Details: ['158.5191', '148.5237', '146.4903', '158.5736', '163.3965', '167.7732', '172.9476']
2026-04-08 04:29:59,649 - INFO - ⏳ No improvement. Patience: 19/50
2026-04-08 04:32:20,470 - INFO - [Epoch 159] Train Loss: 0.0189 | LR: 0.000045
2026-04-08 04:32:20,470 - INFO -     >>> Val Avg RMSE (Real): 230.1505
2026-04-08 04:32:20,470 - INFO -     >>> Val MAE Details: ['151.6301', '147.1354', '146.0820', '160.6374', '162.8792', '167.8405', '175.9634']
2026-04-08 04:32:20,470 - INFO - ⏳ No improvement. Patience: 20/50
2026-04-08 04:34:48,811 - INFO - [Epoch 160] Train Loss: 0.0187 | LR: 0.000045
2026-04-08 04:34:48,812 - INFO -     >>> Val Avg RMSE (Real): 229.2338
2026-04-08 04:34:48,812 - INFO -     >>> Val MAE Details: ['153.6981', '146.3389', '144.8015', '162.3348', '162.9538', '166.6288', '171.5192']
2026-04-08 04:34:48,812 - INFO - ⏳ No improvement. Patience: 21/50
2026-04-08 04:37:08,908 - INFO - [Epoch 161] Train Loss: 0.0186 | LR: 0.000044
2026-04-08 04:37:08,908 - INFO -     >>> Val Avg RMSE (Real): 228.9368
2026-04-08 04:37:08,908 - INFO -     >>> Val MAE Details: ['150.5150', '144.7235', '148.0863', '162.6016', '166.2482', '165.6433', '174.4001']
2026-04-08 04:37:09,069 - INFO - 💾 Saved Best Model to ./logs/ED5_repr_atomistic_graph_ComENet_MultiTask7_20260407_222118/best_model.pth
2026-04-08 04:39:30,115 - INFO - [Epoch 162] Train Loss: 0.0184 | LR: 0.000044
2026-04-08 04:39:30,115 - INFO -     >>> Val Avg RMSE (Real): 230.5708
2026-04-08 04:39:30,115 - INFO -     >>> Val MAE Details: ['153.5875', '145.1782', '147.4462', '158.7948', '161.4023', '167.6608', '176.9252']
2026-04-08 04:39:30,115 - INFO - ⏳ No improvement. Patience: 1/50
2026-04-08 04:41:48,258 - INFO - [Epoch 163] Train Loss: 0.0183 | LR: 0.000043
2026-04-08 04:41:48,258 - INFO -     >>> Val Avg RMSE (Real): 227.4405
2026-04-08 04:41:48,258 - INFO -     >>> Val MAE Details: ['151.7831', '144.1254', '145.8846', '159.7985', '161.9884', '164.3370', '171.2636']
2026-04-08 04:41:48,409 - INFO - 💾 Saved Best Model to ./logs/ED5_repr_atomistic_graph_ComENet_MultiTask7_20260407_222118/best_model.pth
2026-04-08 04:44:11,499 - INFO - [Epoch 164] Train Loss: 0.0182 | LR: 0.000043
2026-04-08 04:44:11,499 - INFO -     >>> Val Avg RMSE (Real): 230.0864
2026-04-08 04:44:11,499 - INFO -     >>> Val MAE Details: ['153.6885', '153.2871', '146.5856', '160.6649', '162.2160', '165.1615', '170.2216']
2026-04-08 04:44:11,499 - INFO - ⏳ No improvement. Patience: 1/50
2026-04-08 04:46:33,226 - INFO - [Epoch 165] Train Loss: 0.0182 | LR: 0.000042
2026-04-08 04:46:33,226 - INFO -     >>> Val Avg RMSE (Real): 228.2885
2026-04-08 04:46:33,226 - INFO -     >>> Val MAE Details: ['154.9136', '144.3998', '144.5111', '158.2365', '162.7356', '164.7391', '170.1582']
2026-04-08 04:46:33,226 - INFO - ⏳ No improvement. Patience: 2/50
2026-04-08 04:48:53,448 - INFO - [Epoch 166] Train Loss: 0.0181 | LR: 0.000042
2026-04-08 04:48:53,448 - INFO -     >>> Val Avg RMSE (Real): 232.7127
2026-04-08 04:48:53,448 - INFO -     >>> Val MAE Details: ['151.7011', '145.3403', '146.6656', '172.8501', '161.8364', '165.9002', '177.1491']
2026-04-08 04:48:53,448 - INFO - ⏳ No improvement. Patience: 3/50
2026-04-08 04:51:12,707 - INFO - [Epoch 167] Train Loss: 0.0179 | LR: 0.000041
2026-04-08 04:51:12,707 - INFO -     >>> Val Avg RMSE (Real): 231.0181
2026-04-08 04:51:12,707 - INFO -     >>> Val MAE Details: ['151.5062', '146.0410', '146.7539', '164.8069', '162.3737', '168.6759', '173.6171']
2026-04-08 04:51:12,707 - INFO - ⏳ No improvement. Patience: 4/50
2026-04-08 04:53:32,312 - INFO - [Epoch 168] Train Loss: 0.0180 | LR: 0.000041
2026-04-08 04:53:32,312 - INFO -     >>> Val Avg RMSE (Real): 229.7938
2026-04-08 04:53:32,312 - INFO -     >>> Val MAE Details: ['152.3021', '144.8524', '144.5715', '160.1511', '160.1100', '168.5695', '176.2256']
2026-04-08 04:53:32,312 - INFO - ⏳ No improvement. Patience: 5/50
2026-04-08 04:55:52,034 - INFO - [Epoch 169] Train Loss: 0.0182 | LR: 0.000040
2026-04-08 04:55:52,034 - INFO -     >>> Val Avg RMSE (Real): 229.8460
2026-04-08 04:55:52,035 - INFO -     >>> Val MAE Details: ['150.8789', '146.4229', '144.8017', '166.2429', '164.0270', '167.4458', '171.1057']
2026-04-08 04:55:52,035 - INFO - ⏳ No improvement. Patience: 6/50
2026-04-08 04:58:10,436 - INFO - [Epoch 170] Train Loss: 0.0176 | LR: 0.000040
2026-04-08 04:58:10,436 - INFO -     >>> Val Avg RMSE (Real): 230.1209
2026-04-08 04:58:10,437 - INFO -     >>> Val MAE Details: ['151.8406', '144.3308', '145.1449', '159.5194', '165.6961', '167.2296', '174.5696']
2026-04-08 04:58:10,437 - INFO - ⏳ No improvement. Patience: 7/50
2026-04-08 05:00:29,006 - INFO - [Epoch 171] Train Loss: 0.0176 | LR: 0.000039
2026-04-08 05:00:29,006 - INFO -     >>> Val Avg RMSE (Real): 230.3807
2026-04-08 05:00:29,006 - INFO -     >>> Val MAE Details: ['160.9752', '144.6590', '144.2512', '159.8632', '162.5971', '167.7303', '171.1276']
2026-04-08 05:00:29,006 - INFO - ⏳ No improvement. Patience: 8/50
2026-04-08 05:02:53,236 - INFO - [Epoch 172] Train Loss: 0.0174 | LR: 0.000039
2026-04-08 05:02:53,237 - INFO -     >>> Val Avg RMSE (Real): 228.2582
2026-04-08 05:02:53,237 - INFO -     >>> Val MAE Details: ['151.1831', '144.5752', '145.1167', '158.5798', '164.1786', '164.2364', '173.1411']
2026-04-08 05:02:53,237 - INFO - ⏳ No improvement. Patience: 9/50
2026-04-08 05:05:14,097 - INFO - [Epoch 173] Train Loss: 0.0178 | LR: 0.000038
2026-04-08 05:05:14,098 - INFO -     >>> Val Avg RMSE (Real): 232.0223
2026-04-08 05:05:14,098 - INFO -     >>> Val MAE Details: ['152.0968', '146.5669', '147.6812', '169.7253', '170.5072', '172.1436', '176.9868']
2026-04-08 05:05:14,098 - INFO - ⏳ No improvement. Patience: 10/50
2026-04-08 05:07:29,454 - INFO - [Epoch 174] Train Loss: 0.0173 | LR: 0.000038
2026-04-08 05:07:29,454 - INFO -     >>> Val Avg RMSE (Real): 230.3992
2026-04-08 05:07:29,454 - INFO -     >>> Val MAE Details: ['151.9263', '146.2317', '148.1551', '159.3481', '160.8736', '166.3608', '177.1055']
2026-04-08 05:07:29,454 - INFO - ⏳ No improvement. Patience: 11/50
2026-04-08 05:09:50,585 - INFO - [Epoch 175] Train Loss: 0.0169 | LR: 0.000037
2026-04-08 05:09:50,586 - INFO -     >>> Val Avg RMSE (Real): 230.3735
2026-04-08 05:09:50,586 - INFO -     >>> Val MAE Details: ['153.1410', '149.5903', '150.1884', '162.3604', '161.1750', '164.5213', '172.7581']
2026-04-08 05:09:50,586 - INFO - ⏳ No improvement. Patience: 12/50
2026-04-08 05:12:10,002 - INFO - [Epoch 176] Train Loss: 0.0172 | LR: 0.000037
2026-04-08 05:12:10,002 - INFO -     >>> Val Avg RMSE (Real): 230.0840
2026-04-08 05:12:10,002 - INFO -     >>> Val MAE Details: ['152.9090', '146.2793', '144.5997', '158.0109', '161.2123', '169.2687', '175.9768']
2026-04-08 05:12:10,002 - INFO - ⏳ No improvement. Patience: 13/50
2026-04-08 05:14:29,765 - INFO - [Epoch 177] Train Loss: 0.0170 | LR: 0.000036
2026-04-08 05:14:29,765 - INFO -     >>> Val Avg RMSE (Real): 229.1144
2026-04-08 05:14:29,765 - INFO -     >>> Val MAE Details: ['150.8204', '146.7128', '147.6381', '160.6158', '162.9054', '165.9581', '171.4560']
2026-04-08 05:14:29,765 - INFO - ⏳ No improvement. Patience: 14/50
2026-04-08 05:16:45,769 - INFO - [Epoch 178] Train Loss: 0.0170 | LR: 0.000036
2026-04-08 05:16:45,769 - INFO -     >>> Val Avg RMSE (Real): 231.3331
2026-04-08 05:16:45,769 - INFO -     >>> Val MAE Details: ['152.1013', '145.0194', '145.2503', '166.4909', '163.4713', '167.6183', '176.2639']
2026-04-08 05:16:45,769 - INFO - ⏳ No improvement. Patience: 15/50
2026-04-08 05:19:04,622 - INFO - [Epoch 179] Train Loss: 0.0168 | LR: 0.000035
2026-04-08 05:19:04,622 - INFO -     >>> Val Avg RMSE (Real): 229.7877
2026-04-08 05:19:04,623 - INFO -     >>> Val MAE Details: ['152.3250', '145.2849', '142.7911', '163.5016', '160.3549', '168.8488', '171.1022']
2026-04-08 05:19:04,623 - INFO - ⏳ No improvement. Patience: 16/50
2026-04-08 05:21:23,662 - INFO - [Epoch 180] Train Loss: 0.0167 | LR: 0.000035
2026-04-08 05:21:23,662 - INFO -     >>> Val Avg RMSE (Real): 228.9144
2026-04-08 05:21:23,662 - INFO -     >>> Val MAE Details: ['152.1478', '143.6629', '145.0887', '159.0991', '164.4595', '166.5437', '174.7509']
2026-04-08 05:21:23,662 - INFO - ⏳ No improvement. Patience: 17/50
2026-04-08 05:23:43,302 - INFO - [Epoch 181] Train Loss: 0.0168 | LR: 0.000034
2026-04-08 05:23:43,303 - INFO -     >>> Val Avg RMSE (Real): 227.7804
2026-04-08 05:23:43,303 - INFO -     >>> Val MAE Details: ['153.2863', '146.0535', '143.9022', '160.4563', '160.4994', '165.5490', '168.5533']
2026-04-08 05:23:43,303 - INFO - ⏳ No improvement. Patience: 18/50
2026-04-08 05:26:01,663 - INFO - [Epoch 182] Train Loss: 0.0164 | LR: 0.000034
2026-04-08 05:26:01,663 - INFO -     >>> Val Avg RMSE (Real): 230.5581
2026-04-08 05:26:01,663 - INFO -     >>> Val MAE Details: ['151.8971', '145.8508', '146.3418', '162.1218', '161.1639', '169.6514', '171.6178']
2026-04-08 05:26:01,663 - INFO - ⏳ No improvement. Patience: 19/50
2026-04-08 05:28:20,837 - INFO - [Epoch 183] Train Loss: 0.0165 | LR: 0.000033
2026-04-08 05:28:20,837 - INFO -     >>> Val Avg RMSE (Real): 230.3209
2026-04-08 05:28:20,838 - INFO -     >>> Val MAE Details: ['153.1862', '147.0344', '144.5789', '162.5840', '163.5820', '168.2381', '175.7599']
2026-04-08 05:28:20,838 - INFO - ⏳ No improvement. Patience: 20/50
2026-04-08 05:30:42,713 - INFO - [Epoch 184] Train Loss: 0.0164 | LR: 0.000033
2026-04-08 05:30:42,713 - INFO -     >>> Val Avg RMSE (Real): 230.1902
2026-04-08 05:30:42,713 - INFO -     >>> Val MAE Details: ['152.3395', '145.9261', '145.2997', '158.9194', '162.2817', '167.2618', '173.3402']
2026-04-08 05:30:42,713 - INFO - ⏳ No improvement. Patience: 21/50
2026-04-08 05:33:08,266 - INFO - [Epoch 185] Train Loss: 0.0163 | LR: 0.000032
2026-04-08 05:33:08,266 - INFO -     >>> Val Avg RMSE (Real): 229.0210
2026-04-08 05:33:08,266 - INFO -     >>> Val MAE Details: ['155.0819', '143.9621', '143.1535', '160.5735', '160.9080', '167.9006', '171.3273']
2026-04-08 05:33:08,267 - INFO - ⏳ No improvement. Patience: 22/50
2026-04-08 05:35:28,035 - INFO - [Epoch 186] Train Loss: 0.0163 | LR: 0.000032
2026-04-08 05:35:28,035 - INFO -     >>> Val Avg RMSE (Real): 229.3791
2026-04-08 05:35:28,035 - INFO -     >>> Val MAE Details: ['155.1225', '146.1732', '142.9362', '157.0894', '163.3931', '165.1153', '172.9715']
2026-04-08 05:35:28,035 - INFO - ⏳ No improvement. Patience: 23/50
2026-04-08 05:37:52,045 - INFO - [Epoch 187] Train Loss: 0.0159 | LR: 0.000031
2026-04-08 05:37:52,045 - INFO -     >>> Val Avg RMSE (Real): 228.0643
2026-04-08 05:37:52,045 - INFO -     >>> Val MAE Details: ['153.0649', '145.2739', '144.0244', '160.1927', '161.0196', '164.5965', '169.8214']
2026-04-08 05:37:52,045 - INFO - ⏳ No improvement. Patience: 24/50
2026-04-08 05:40:14,731 - INFO - [Epoch 188] Train Loss: 0.0160 | LR: 0.000031
2026-04-08 05:40:14,731 - INFO -     >>> Val Avg RMSE (Real): 229.1165
2026-04-08 05:40:14,731 - INFO -     >>> Val MAE Details: ['151.5284', '145.6661', '144.0074', '157.0660', '160.9506', '169.2298', '169.2474']
2026-04-08 05:40:14,731 - INFO - ⏳ No improvement. Patience: 25/50
2026-04-08 05:42:34,174 - INFO - [Epoch 189] Train Loss: 0.0157 | LR: 0.000030
2026-04-08 05:42:34,174 - INFO -     >>> Val Avg RMSE (Real): 228.5502
2026-04-08 05:42:34,174 - INFO -     >>> Val MAE Details: ['151.8918', '145.5366', '143.9610', '156.7210', '159.8502', '166.5983', '172.3788']
2026-04-08 05:42:34,174 - INFO - ⏳ No improvement. Patience: 26/50
2026-04-08 05:44:52,740 - INFO - [Epoch 190] Train Loss: 0.0161 | LR: 0.000030
2026-04-08 05:44:52,740 - INFO -     >>> Val Avg RMSE (Real): 229.8928
2026-04-08 05:44:52,740 - INFO -     >>> Val MAE Details: ['152.9222', '144.0904', '143.1619', '157.3438', '163.7081', '168.3706', '172.8582']
2026-04-08 05:44:52,740 - INFO - ⏳ No improvement. Patience: 27/50
2026-04-08 05:47:12,443 - INFO - [Epoch 191] Train Loss: 0.0157 | LR: 0.000029
2026-04-08 05:47:12,444 - INFO -     >>> Val Avg RMSE (Real): 230.5418
2026-04-08 05:47:12,444 - INFO -     >>> Val MAE Details: ['157.8627', '143.5970', '144.9960', '159.2374', '162.9710', '167.5760', '173.0730']
2026-04-08 05:47:12,444 - INFO - ⏳ No improvement. Patience: 28/50
2026-04-08 05:49:33,574 - INFO - [Epoch 192] Train Loss: 0.0157 | LR: 0.000029
2026-04-08 05:49:33,574 - INFO -     >>> Val Avg RMSE (Real): 229.6792
2026-04-08 05:49:33,574 - INFO -     >>> Val MAE Details: ['153.1908', '149.9391', '141.9985', '159.1226', '160.4625', '167.5824', '173.5813']
2026-04-08 05:49:33,574 - INFO - ⏳ No improvement. Patience: 29/50
2026-04-08 05:51:51,279 - INFO - [Epoch 193] Train Loss: 0.0155 | LR: 0.000028
2026-04-08 05:51:51,279 - INFO -     >>> Val Avg RMSE (Real): 231.3586
2026-04-08 05:51:51,280 - INFO -     >>> Val MAE Details: ['154.3483', '146.9066', '144.6268', '158.4731', '162.1930', '169.9469', '173.5652']
2026-04-08 05:51:51,280 - INFO - ⏳ No improvement. Patience: 30/50
2026-04-08 05:54:11,259 - INFO - [Epoch 194] Train Loss: 0.0154 | LR: 0.000028
2026-04-08 05:54:11,260 - INFO -     >>> Val Avg RMSE (Real): 228.1292
2026-04-08 05:54:11,260 - INFO -     >>> Val MAE Details: ['151.7182', '144.2614', '142.4145', '157.4993', '159.5290', '165.0426', '171.7495']
2026-04-08 05:54:11,260 - INFO - ⏳ No improvement. Patience: 31/50
2026-04-08 05:56:33,486 - INFO - [Epoch 195] Train Loss: 0.0151 | LR: 0.000027
2026-04-08 05:56:33,486 - INFO -     >>> Val Avg RMSE (Real): 228.7810
2026-04-08 05:56:33,486 - INFO -     >>> Val MAE Details: ['152.1651', '144.0262', '143.5215', '158.3746', '162.0237', '165.7663', '171.0629']
2026-04-08 05:56:33,486 - INFO - ⏳ No improvement. Patience: 32/50
2026-04-08 05:58:53,629 - INFO - [Epoch 196] Train Loss: 0.0153 | LR: 0.000027
2026-04-08 05:58:53,629 - INFO -     >>> Val Avg RMSE (Real): 229.9830
2026-04-08 05:58:53,629 - INFO -     >>> Val MAE Details: ['154.6006', '144.5546', '146.4197', '157.1889', '160.6805', '165.1617', '173.9688']
2026-04-08 05:58:53,629 - INFO - ⏳ No improvement. Patience: 33/50
2026-04-08 06:01:09,824 - INFO - [Epoch 197] Train Loss: 0.0151 | LR: 0.000026
2026-04-08 06:01:09,824 - INFO -     >>> Val Avg RMSE (Real): 231.4287
2026-04-08 06:01:09,824 - INFO -     >>> Val MAE Details: ['153.1473', '148.0945', '148.1280', '158.2313', '161.9638', '169.5913', '170.8261']
2026-04-08 06:01:09,825 - INFO - ⏳ No improvement. Patience: 34/50
2026-04-08 06:03:30,948 - INFO - [Epoch 198] Train Loss: 0.0151 | LR: 0.000026
2026-04-08 06:03:30,949 - INFO -     >>> Val Avg RMSE (Real): 229.9387
2026-04-08 06:03:30,949 - INFO -     >>> Val MAE Details: ['153.3351', '144.8876', '144.6983', '157.4706', '162.8594', '167.7798', '171.9940']
2026-04-08 06:03:30,949 - INFO - ⏳ No improvement. Patience: 35/50
2026-04-08 06:05:52,166 - INFO - [Epoch 199] Train Loss: 0.0148 | LR: 0.000025
2026-04-08 06:05:52,166 - INFO -     >>> Val Avg RMSE (Real): 229.3611
2026-04-08 06:05:52,166 - INFO -     >>> Val MAE Details: ['153.1993', '147.3809', '145.0582', '156.2864', '166.7865', '166.7347', '172.5794']
2026-04-08 06:05:52,166 - INFO - ⏳ No improvement. Patience: 36/50
2026-04-08 06:08:13,486 - INFO - [Epoch 200] Train Loss: 0.0146 | LR: 0.000025
2026-04-08 06:08:13,486 - INFO -     >>> Val Avg RMSE (Real): 231.0127
2026-04-08 06:08:13,486 - INFO -     >>> Val MAE Details: ['154.6050', '143.5186', '144.2648', '164.4818', '165.1522', '166.9373', '174.4229']
2026-04-08 06:08:13,487 - INFO - ⏳ No improvement. Patience: 37/50
2026-04-08 06:10:31,028 - INFO - [Epoch 201] Train Loss: 0.0147 | LR: 0.000025
2026-04-08 06:10:31,029 - INFO -     >>> Val Avg RMSE (Real): 229.6592
2026-04-08 06:10:31,029 - INFO -     >>> Val MAE Details: ['152.2416', '146.0519', '142.1440', '160.0972', '160.4614', '165.3997', '172.6851']
2026-04-08 06:10:31,029 - INFO - ⏳ No improvement. Patience: 38/50
2026-04-08 06:12:54,627 - INFO - [Epoch 202] Train Loss: 0.0147 | LR: 0.000024
2026-04-08 06:12:54,627 - INFO -     >>> Val Avg RMSE (Real): 230.2340
2026-04-08 06:12:54,627 - INFO -     >>> Val MAE Details: ['155.1469', '149.1341', '144.3290', '157.4582', '160.6172', '165.6434', '172.7382']
2026-04-08 06:12:54,627 - INFO - ⏳ No improvement. Patience: 39/50
2026-04-08 06:15:14,794 - INFO - [Epoch 203] Train Loss: 0.0146 | LR: 0.000024
2026-04-08 06:15:14,794 - INFO -     >>> Val Avg RMSE (Real): 231.9713
2026-04-08 06:15:14,794 - INFO -     >>> Val MAE Details: ['153.9401', '148.3486', '144.9649', '159.4157', '161.7576', '167.5545', '176.0793']
2026-04-08 06:15:14,794 - INFO - ⏳ No improvement. Patience: 40/50
2026-04-08 06:17:37,247 - INFO - [Epoch 204] Train Loss: 0.0144 | LR: 0.000023
2026-04-08 06:17:37,247 - INFO -     >>> Val Avg RMSE (Real): 228.6754
2026-04-08 06:17:37,247 - INFO -     >>> Val MAE Details: ['153.2051', '144.3625', '144.1940', '157.7681', '159.2268', '166.3336', '172.0746']
2026-04-08 06:17:37,247 - INFO - ⏳ No improvement. Patience: 41/50
2026-04-08 06:19:43,924 - INFO - [Epoch 205] Train Loss: 0.0143 | LR: 0.000023
2026-04-08 06:19:43,924 - INFO -     >>> Val Avg RMSE (Real): 230.7375
2026-04-08 06:19:43,924 - INFO -     >>> Val MAE Details: ['153.4480', '145.0133', '143.8857', '161.6971', '160.9532', '167.1952', '173.2049']
2026-04-08 06:19:43,925 - INFO - ⏳ No improvement. Patience: 42/50
2026-04-08 06:22:08,767 - INFO - [Epoch 206] Train Loss: 0.0142 | LR: 0.000022
2026-04-08 06:22:08,767 - INFO -     >>> Val Avg RMSE (Real): 228.9364
2026-04-08 06:22:08,767 - INFO -     >>> Val MAE Details: ['153.4338', '144.3223', '142.7593', '155.6010', '160.6764', '166.8555', '170.7448']
2026-04-08 06:22:08,767 - INFO - ⏳ No improvement. Patience: 43/50
2026-04-08 06:24:34,975 - INFO - [Epoch 207] Train Loss: 0.0143 | LR: 0.000022
2026-04-08 06:24:34,975 - INFO -     >>> Val Avg RMSE (Real): 229.9702
2026-04-08 06:24:34,976 - INFO -     >>> Val MAE Details: ['155.3922', '146.0919', '143.0780', '156.5006', '161.8301', '166.3984', '171.8780']
2026-04-08 06:24:34,976 - INFO - ⏳ No improvement. Patience: 44/50
2026-04-08 06:26:57,944 - INFO - [Epoch 208] Train Loss: 0.0140 | LR: 0.000021
2026-04-08 06:26:57,944 - INFO -     >>> Val Avg RMSE (Real): 230.1879
2026-04-08 06:26:57,944 - INFO -     >>> Val MAE Details: ['154.8088', '146.2915', '143.4202', '158.7434', '163.0883', '165.8189', '170.8654']
2026-04-08 06:26:57,944 - INFO - ⏳ No improvement. Patience: 45/50
2026-04-08 06:29:14,939 - INFO - [Epoch 209] Train Loss: 0.0140 | LR: 0.000021
2026-04-08 06:29:14,939 - INFO -     >>> Val Avg RMSE (Real): 229.0828
2026-04-08 06:29:14,939 - INFO -     >>> Val MAE Details: ['154.4238', '145.4823', '143.1019', '156.6784', '160.9526', '164.6185', '173.5298']
2026-04-08 06:29:14,939 - INFO - ⏳ No improvement. Patience: 46/50
2026-04-08 06:31:34,232 - INFO - [Epoch 210] Train Loss: 0.0142 | LR: 0.000021
2026-04-08 06:31:34,232 - INFO -     >>> Val Avg RMSE (Real): 230.4395
2026-04-08 06:31:34,232 - INFO -     >>> Val MAE Details: ['154.4550', '143.8174', '143.0398', '159.4816', '160.6815', '165.5397', '178.0040']
2026-04-08 06:31:34,232 - INFO - ⏳ No improvement. Patience: 47/50
2026-04-08 06:33:53,603 - INFO - [Epoch 211] Train Loss: 0.0138 | LR: 0.000020
2026-04-08 06:33:53,603 - INFO -     >>> Val Avg RMSE (Real): 229.9470
2026-04-08 06:33:53,603 - INFO -     >>> Val MAE Details: ['154.2892', '146.1871', '144.9150', '157.2946', '160.7133', '164.3793', '171.0567']
2026-04-08 06:33:53,603 - INFO - ⏳ No improvement. Patience: 48/50
2026-04-08 06:36:11,317 - INFO - [Epoch 212] Train Loss: 0.0139 | LR: 0.000020
2026-04-08 06:36:11,317 - INFO -     >>> Val Avg RMSE (Real): 229.8604
2026-04-08 06:36:11,317 - INFO -     >>> Val MAE Details: ['156.0764', '145.7151', '143.6432', '160.6019', '161.3428', '166.1629', '172.5311']
2026-04-08 06:36:11,317 - INFO - ⏳ No improvement. Patience: 49/50
2026-04-08 06:38:39,447 - INFO - [Epoch 213] Train Loss: 0.0137 | LR: 0.000019
2026-04-08 06:38:39,447 - INFO -     >>> Val Avg RMSE (Real): 231.4606
2026-04-08 06:38:39,447 - INFO -     >>> Val MAE Details: ['154.3215', '145.9366', '144.1766', '159.2882', '160.7060', '166.9687', '178.7269']
2026-04-08 06:38:39,447 - INFO - ⏳ No improvement. Patience: 50/50
2026-04-08 06:38:39,447 - INFO - 🛑 Early Stopping triggered! Best RMSE: 227.4405
