2026-04-07 20:01:26,241 - INFO - 💾 Config files backed up to ./logs/ED5_repr_atomistic_graph_SphereNet_MultiTask7_20260407_200126
2026-04-07 20:01:26,242 - INFO - 🎯 Multi-Task Targets (7): ['homo_2', 'homo_1', 'homo_0', 'lumo_0', 'lumo_1', 'lumo_2', 'lumo_3']
2026-04-07 20:01:26,242 - INFO - ========================================
2026-04-07 20:01:26,242 - INFO -         Training Configuration        
2026-04-07 20:01:26,242 - INFO - ========================================
2026-04-07 20:01:26,243 - INFO - 
{'data': {'dataset_mode': 'repr_atomistic_graph',
          'max_neighbors': 32,
          'max_radius': 5.0,
          'pkl_path': '/home/zw/ED_all/data/ED5_OE/ed_homo_lumo_5w_1024_fusion.pkl',
          'targets': ['homo_2',
                      'homo_1',
                      'homo_0',
                      'lumo_0',
                      'lumo_1',
                      'lumo_2',
                      'lumo_3']},
 'model': {'cutoff': 8.0,
           'hidden_channels': 256,
           'name': 'SphereNet',
           'num_layers': 6,
           'num_radial': 6,
           'num_spherical': 6},
 'train': {'batch_size': 32,
           'epochs': 300,
           'grad_norm_clip': 1.0,
           'lr': 0.0001,
           'patience': 50,
           'seed': 2025,
           'weight_decay': 0.0001}}
2026-04-07 20:01:26,243 - INFO - ========================================

2026-04-07 20:01:26,243 - INFO - 🚀 Start Training on Device: cuda
2026-04-07 20:01:26,243 - INFO - Loading Data...
2026-04-07 20:01:26,243 - INFO - Loading Dataset Mode: repr_atomistic_graph...
2026-04-07 20:01:30,554 - INFO - Stats - Mean: [[-7445.8413  -6840.216   -6120.3984   -467.5637    424.04166  1219.15
   1809.3903 ]], Std: [[ 740.80115  706.1094   754.61444 1186.4424  1122.4873  1107.2244
  1080.7959 ]]
2026-04-07 20:01:30,554 - INFO - Building Model: SphereNet...
2026-04-07 20:01:55,755 - INFO - Total Parameters: 5.8686 M

2026-04-07 20:04:21,930 - INFO - [Epoch 1] Train Loss: 0.9139 | LR: 0.000100
2026-04-07 20:04:21,930 - INFO -     >>> Val Avg RMSE (Real): 540.5346
2026-04-07 20:04:21,930 - INFO -     >>> Val MAE Details: ['344.2230', '281.7286', '344.8265', '512.3423', '460.3445', '447.5851', '468.1025']
2026-04-07 20:04:22,045 - INFO - 💾 Saved Best Model to ./logs/ED5_repr_atomistic_graph_SphereNet_MultiTask7_20260407_200126/best_model.pth
2026-04-07 20:06:46,248 - INFO - [Epoch 2] Train Loss: 0.3331 | LR: 0.000100
2026-04-07 20:06:46,248 - INFO -     >>> Val Avg RMSE (Real): 533.2004
2026-04-07 20:06:46,248 - INFO -     >>> Val MAE Details: ['387.4294', '362.2481', '342.0723', '465.9748', '488.1369', '421.3860', '442.5330']
2026-04-07 20:06:46,400 - INFO - 💾 Saved Best Model to ./logs/ED5_repr_atomistic_graph_SphereNet_MultiTask7_20260407_200126/best_model.pth
2026-04-07 20:09:10,422 - INFO - [Epoch 3] Train Loss: 0.2889 | LR: 0.000100
2026-04-07 20:09:10,422 - INFO -     >>> Val Avg RMSE (Real): 495.8094
2026-04-07 20:09:10,422 - INFO -     >>> Val MAE Details: ['318.3536', '304.9381', '325.2862', '461.3366', '435.2299', '400.1259', '392.2035']
2026-04-07 20:09:10,569 - INFO - 💾 Saved Best Model to ./logs/ED5_repr_atomistic_graph_SphereNet_MultiTask7_20260407_200126/best_model.pth
2026-04-07 20:11:38,372 - INFO - [Epoch 4] Train Loss: 0.2638 | LR: 0.000100
2026-04-07 20:11:38,372 - INFO -     >>> Val Avg RMSE (Real): 477.8574
2026-04-07 20:11:38,372 - INFO -     >>> Val MAE Details: ['309.7695', '257.8335', '295.1350', '450.5613', '408.3241', '399.4033', '389.1703']
2026-04-07 20:11:38,531 - INFO - 💾 Saved Best Model to ./logs/ED5_repr_atomistic_graph_SphereNet_MultiTask7_20260407_200126/best_model.pth
2026-04-07 20:14:08,986 - INFO - [Epoch 5] Train Loss: 0.2466 | LR: 0.000100
2026-04-07 20:14:08,986 - INFO -     >>> Val Avg RMSE (Real): 488.4047
2026-04-07 20:14:08,986 - INFO -     >>> Val MAE Details: ['318.2016', '284.4890', '310.9867', '441.2921', '418.7185', '415.4310', '378.8786']
2026-04-07 20:14:08,986 - INFO - ⏳ No improvement. Patience: 1/50
2026-04-07 20:16:38,356 - INFO - [Epoch 6] Train Loss: 0.2330 | LR: 0.000100
2026-04-07 20:16:38,357 - INFO -     >>> Val Avg RMSE (Real): 478.6597
2026-04-07 20:16:38,357 - INFO -     >>> Val MAE Details: ['304.3649', '316.8527', '314.9981', '426.0529', '412.5871', '392.1738', '376.2476']
2026-04-07 20:16:38,357 - INFO - ⏳ No improvement. Patience: 2/50
2026-04-07 20:19:03,568 - INFO - [Epoch 7] Train Loss: 0.2240 | LR: 0.000100
2026-04-07 20:19:03,568 - INFO -     >>> Val Avg RMSE (Real): 463.4536
2026-04-07 20:19:03,568 - INFO -     >>> Val MAE Details: ['305.3336', '260.5605', '314.7711', '420.3411', '396.9667', '377.7534', '369.3410']
2026-04-07 20:19:03,724 - INFO - 💾 Saved Best Model to ./logs/ED5_repr_atomistic_graph_SphereNet_MultiTask7_20260407_200126/best_model.pth
2026-04-07 20:21:29,109 - INFO - [Epoch 8] Train Loss: 0.2162 | LR: 0.000100
2026-04-07 20:21:29,110 - INFO -     >>> Val Avg RMSE (Real): 459.5379
2026-04-07 20:21:29,110 - INFO -     >>> Val MAE Details: ['299.5586', '257.9100', '276.0703', '468.7650', '388.1008', '376.5729', '367.1032']
2026-04-07 20:21:29,266 - INFO - 💾 Saved Best Model to ./logs/ED5_repr_atomistic_graph_SphereNet_MultiTask7_20260407_200126/best_model.pth
2026-04-07 20:23:53,560 - INFO - [Epoch 9] Train Loss: 0.2086 | LR: 0.000100
2026-04-07 20:23:53,560 - INFO -     >>> Val Avg RMSE (Real): 447.1909
2026-04-07 20:23:53,560 - INFO -     >>> Val MAE Details: ['281.5210', '244.7225', '280.6670', '396.7355', '387.0729', '380.8263', '369.5483']
2026-04-07 20:23:53,692 - INFO - 💾 Saved Best Model to ./logs/ED5_repr_atomistic_graph_SphereNet_MultiTask7_20260407_200126/best_model.pth
2026-04-07 20:26:18,065 - INFO - [Epoch 10] Train Loss: 0.2024 | LR: 0.000100
2026-04-07 20:26:18,066 - INFO -     >>> Val Avg RMSE (Real): 454.3109
2026-04-07 20:26:18,066 - INFO -     >>> Val MAE Details: ['289.7562', '264.3455', '290.6067', '414.3847', '393.7435', '380.3401', '372.8845']
2026-04-07 20:26:18,066 - INFO - ⏳ No improvement. Patience: 1/50
2026-04-07 20:28:45,841 - INFO - [Epoch 11] Train Loss: 0.1986 | LR: 0.000100
2026-04-07 20:28:45,841 - INFO -     >>> Val Avg RMSE (Real): 443.3406
2026-04-07 20:28:45,841 - INFO -     >>> Val MAE Details: ['285.9192', '246.7649', '305.3737', '395.6926', '378.0538', '362.1591', '353.7421']
2026-04-07 20:28:45,989 - INFO - 💾 Saved Best Model to ./logs/ED5_repr_atomistic_graph_SphereNet_MultiTask7_20260407_200126/best_model.pth
2026-04-07 20:31:14,783 - INFO - [Epoch 12] Train Loss: 0.1944 | LR: 0.000100
2026-04-07 20:31:14,783 - INFO -     >>> Val Avg RMSE (Real): 442.2256
2026-04-07 20:31:14,783 - INFO -     >>> Val MAE Details: ['296.3998', '263.4927', '280.5180', '401.8711', '393.1401', '368.4311', '355.9046']
2026-04-07 20:31:14,937 - INFO - 💾 Saved Best Model to ./logs/ED5_repr_atomistic_graph_SphereNet_MultiTask7_20260407_200126/best_model.pth
2026-04-07 20:33:45,398 - INFO - [Epoch 13] Train Loss: 0.1906 | LR: 0.000100
2026-04-07 20:33:45,398 - INFO -     >>> Val Avg RMSE (Real): 447.7870
2026-04-07 20:33:45,398 - INFO -     >>> Val MAE Details: ['301.0165', '309.3778', '287.9338', '396.9771', '402.5829', '357.7936', '341.6256']
2026-04-07 20:33:45,398 - INFO - ⏳ No improvement. Patience: 1/50
2026-04-07 20:36:12,315 - INFO - [Epoch 14] Train Loss: 0.1875 | LR: 0.000099
2026-04-07 20:36:12,315 - INFO -     >>> Val Avg RMSE (Real): 446.2330
2026-04-07 20:36:12,315 - INFO -     >>> Val MAE Details: ['299.1692', '261.7128', '284.6751', '389.0313', '383.3438', '367.1294', '378.9177']
2026-04-07 20:36:12,315 - INFO - ⏳ No improvement. Patience: 2/50
2026-04-07 20:38:40,448 - INFO - [Epoch 15] Train Loss: 0.1838 | LR: 0.000099
2026-04-07 20:38:40,448 - INFO -     >>> Val Avg RMSE (Real): 418.8148
2026-04-07 20:38:40,448 - INFO -     >>> Val MAE Details: ['269.8665', '249.1979', '260.1561', '365.3268', '359.8116', '353.3553', '348.7442']
2026-04-07 20:38:40,605 - INFO - 💾 Saved Best Model to ./logs/ED5_repr_atomistic_graph_SphereNet_MultiTask7_20260407_200126/best_model.pth
2026-04-07 20:41:07,795 - INFO - [Epoch 16] Train Loss: 0.1805 | LR: 0.000099
2026-04-07 20:41:07,796 - INFO -     >>> Val Avg RMSE (Real): 434.9126
2026-04-07 20:41:07,796 - INFO -     >>> Val MAE Details: ['297.8929', '271.8650', '273.7345', '374.2512', '369.9799', '363.9125', '353.8931']
2026-04-07 20:41:07,796 - INFO - ⏳ No improvement. Patience: 1/50
2026-04-07 20:43:33,285 - INFO - [Epoch 17] Train Loss: 0.1792 | LR: 0.000099
2026-04-07 20:43:33,285 - INFO -     >>> Val Avg RMSE (Real): 437.1858
2026-04-07 20:43:33,285 - INFO -     >>> Val MAE Details: ['313.7307', '268.0428', '273.9991', '369.4323', '372.9375', '358.7243', '370.4566']
2026-04-07 20:43:33,285 - INFO - ⏳ No improvement. Patience: 2/50
2026-04-07 20:46:01,389 - INFO - [Epoch 18] Train Loss: 0.1770 | LR: 0.000099
2026-04-07 20:46:01,389 - INFO -     >>> Val Avg RMSE (Real): 420.8771
2026-04-07 20:46:01,389 - INFO -     >>> Val MAE Details: ['275.6845', '246.5293', '272.2917', '382.7430', '366.2306', '355.3632', '347.2099']
2026-04-07 20:46:01,389 - INFO - ⏳ No improvement. Patience: 3/50
2026-04-07 20:48:35,816 - INFO - [Epoch 19] Train Loss: 0.1750 | LR: 0.000099
2026-04-07 20:48:35,816 - INFO -     >>> Val Avg RMSE (Real): 436.4831
2026-04-07 20:48:35,816 - INFO -     >>> Val MAE Details: ['286.9370', '255.2725', '266.7628', '359.0369', '365.2800', '379.5264', '370.6076']
2026-04-07 20:48:35,816 - INFO - ⏳ No improvement. Patience: 4/50
2026-04-07 20:51:24,052 - INFO - [Epoch 20] Train Loss: 0.1720 | LR: 0.000099
2026-04-07 20:51:24,052 - INFO -     >>> Val Avg RMSE (Real): 408.9956
2026-04-07 20:51:24,052 - INFO -     >>> Val MAE Details: ['276.4500', '242.8846', '260.8857', '359.4137', '363.0124', '344.1905', '334.2886']
2026-04-07 20:51:24,211 - INFO - 💾 Saved Best Model to ./logs/ED5_repr_atomistic_graph_SphereNet_MultiTask7_20260407_200126/best_model.pth
2026-04-07 20:54:03,883 - INFO - [Epoch 21] Train Loss: 0.1698 | LR: 0.000099
2026-04-07 20:54:03,883 - INFO -     >>> Val Avg RMSE (Real): 424.3959
2026-04-07 20:54:03,883 - INFO -     >>> Val MAE Details: ['278.3209', '257.4084', '271.8301', '355.9056', '362.3072', '363.1971', '365.1089']
2026-04-07 20:54:03,883 - INFO - ⏳ No improvement. Patience: 1/50
2026-04-07 20:56:31,048 - INFO - [Epoch 22] Train Loss: 0.1673 | LR: 0.000099
2026-04-07 20:56:31,049 - INFO -     >>> Val Avg RMSE (Real): 424.0315
2026-04-07 20:56:31,049 - INFO -     >>> Val MAE Details: ['273.0710', '241.1422', '279.7948', '390.1877', '377.6673', '342.5578', '331.6307']
2026-04-07 20:56:31,049 - INFO - ⏳ No improvement. Patience: 2/50
2026-04-07 20:58:55,851 - INFO - [Epoch 23] Train Loss: 0.1663 | LR: 0.000099
2026-04-07 20:58:55,851 - INFO -     >>> Val Avg RMSE (Real): 413.6097
2026-04-07 20:58:55,851 - INFO -     >>> Val MAE Details: ['276.9220', '250.7077', '257.4543', '352.0348', '370.2360', '350.6863', '338.5503']
2026-04-07 20:58:55,851 - INFO - ⏳ No improvement. Patience: 3/50
2026-04-07 21:01:20,266 - INFO - [Epoch 24] Train Loss: 0.1639 | LR: 0.000098
2026-04-07 21:01:20,266 - INFO -     >>> Val Avg RMSE (Real): 408.5602
2026-04-07 21:01:20,266 - INFO -     >>> Val MAE Details: ['282.3373', '259.0451', '255.1492', '349.0087', '351.5198', '338.7366', '325.6167']
2026-04-07 21:01:20,424 - INFO - 💾 Saved Best Model to ./logs/ED5_repr_atomistic_graph_SphereNet_MultiTask7_20260407_200126/best_model.pth
2026-04-07 21:03:44,512 - INFO - [Epoch 25] Train Loss: 0.1619 | LR: 0.000098
2026-04-07 21:03:44,512 - INFO -     >>> Val Avg RMSE (Real): 400.9154
2026-04-07 21:03:44,512 - INFO -     >>> Val MAE Details: ['267.8233', '248.0751', '249.4453', '346.8784', '349.7313', '335.5243', '323.9378']
2026-04-07 21:03:44,668 - INFO - 💾 Saved Best Model to ./logs/ED5_repr_atomistic_graph_SphereNet_MultiTask7_20260407_200126/best_model.pth
2026-04-07 21:06:07,869 - INFO - [Epoch 26] Train Loss: 0.1607 | LR: 0.000098
2026-04-07 21:06:07,869 - INFO -     >>> Val Avg RMSE (Real): 402.3412
2026-04-07 21:06:07,869 - INFO -     >>> Val MAE Details: ['266.7581', '237.3926', '250.5222', '349.0913', '348.8042', '341.0537', '329.4209']
2026-04-07 21:06:07,870 - INFO - ⏳ No improvement. Patience: 1/50
2026-04-07 21:08:31,899 - INFO - [Epoch 27] Train Loss: 0.1591 | LR: 0.000098
2026-04-07 21:08:31,899 - INFO -     >>> Val Avg RMSE (Real): 416.1121
2026-04-07 21:08:31,899 - INFO -     >>> Val MAE Details: ['274.3173', '271.6770', '310.2937', '348.1028', '348.6338', '335.7576', '324.2632']
2026-04-07 21:08:31,899 - INFO - ⏳ No improvement. Patience: 2/50
2026-04-07 21:10:56,738 - INFO - [Epoch 28] Train Loss: 0.1576 | LR: 0.000098
2026-04-07 21:10:56,738 - INFO -     >>> Val Avg RMSE (Real): 405.4229
2026-04-07 21:10:56,738 - INFO -     >>> Val MAE Details: ['273.6389', '242.2599', '256.9055', '332.1874', '363.9157', '339.3801', '329.0595']
2026-04-07 21:10:56,738 - INFO - ⏳ No improvement. Patience: 3/50
2026-04-07 21:13:24,693 - INFO - [Epoch 29] Train Loss: 0.1565 | LR: 0.000098
2026-04-07 21:13:24,693 - INFO -     >>> Val Avg RMSE (Real): 417.9616
2026-04-07 21:13:24,693 - INFO -     >>> Val MAE Details: ['267.9196', '242.1680', '266.1179', '352.2443', '375.5874', '350.2011', '350.6690']
2026-04-07 21:13:24,693 - INFO - ⏳ No improvement. Patience: 4/50
2026-04-07 21:15:52,183 - INFO - [Epoch 30] Train Loss: 0.1553 | LR: 0.000098
2026-04-07 21:15:52,183 - INFO -     >>> Val Avg RMSE (Real): 397.4409
2026-04-07 21:15:52,183 - INFO -     >>> Val MAE Details: ['265.6038', '244.3387', '251.3935', '354.4680', '343.4281', '330.5664', '313.2897']
2026-04-07 21:15:52,449 - INFO - 💾 Saved Best Model to ./logs/ED5_repr_atomistic_graph_SphereNet_MultiTask7_20260407_200126/best_model.pth
2026-04-07 21:18:15,667 - INFO - [Epoch 31] Train Loss: 0.1539 | LR: 0.000097
2026-04-07 21:18:15,667 - INFO -     >>> Val Avg RMSE (Real): 411.9731
2026-04-07 21:18:15,667 - INFO -     >>> Val MAE Details: ['285.9174', '248.9776', '257.7071', '343.7860', '357.8350', '348.4654', '345.3096']
2026-04-07 21:18:15,667 - INFO - ⏳ No improvement. Patience: 1/50
2026-04-07 21:20:34,788 - INFO - [Epoch 32] Train Loss: 0.1519 | LR: 0.000097
2026-04-07 21:20:34,788 - INFO -     >>> Val Avg RMSE (Real): 400.4543
2026-04-07 21:20:34,789 - INFO -     >>> Val MAE Details: ['268.3373', '245.5349', '255.9700', '339.6606', '346.9745', '330.8124', '338.3275']
2026-04-07 21:20:34,789 - INFO - ⏳ No improvement. Patience: 2/50
2026-04-07 21:22:53,279 - INFO - [Epoch 33] Train Loss: 0.1509 | LR: 0.000097
2026-04-07 21:22:53,279 - INFO -     >>> Val Avg RMSE (Real): 407.7551
2026-04-07 21:22:53,279 - INFO -     >>> Val MAE Details: ['270.3684', '243.5004', '288.5706', '348.4825', '347.7808', '335.9780', '324.0853']
2026-04-07 21:22:53,279 - INFO - ⏳ No improvement. Patience: 3/50
2026-04-07 21:25:09,827 - INFO - [Epoch 34] Train Loss: 0.1495 | LR: 0.000097
2026-04-07 21:25:09,827 - INFO -     >>> Val Avg RMSE (Real): 401.6282
2026-04-07 21:25:09,828 - INFO -     >>> Val MAE Details: ['276.1396', '246.1116', '253.8862', '349.3672', '347.0656', '333.5035', '322.6470']
2026-04-07 21:25:09,828 - INFO - ⏳ No improvement. Patience: 4/50
2026-04-07 21:27:26,913 - INFO - [Epoch 35] Train Loss: 0.1489 | LR: 0.000097
2026-04-07 21:27:26,913 - INFO -     >>> Val Avg RMSE (Real): 412.2249
2026-04-07 21:27:26,913 - INFO -     >>> Val MAE Details: ['274.9026', '267.2370', '252.7258', '358.1922', '363.6978', '354.0886', '330.4233']
2026-04-07 21:27:26,913 - INFO - ⏳ No improvement. Patience: 5/50
2026-04-07 21:29:43,062 - INFO - [Epoch 36] Train Loss: 0.1479 | LR: 0.000096
2026-04-07 21:29:43,063 - INFO -     >>> Val Avg RMSE (Real): 416.1092
2026-04-07 21:29:43,063 - INFO -     >>> Val MAE Details: ['280.5162', '246.4743', '263.5958', '342.2685', '358.5638', '375.1821', '366.0407']
2026-04-07 21:29:43,063 - INFO - ⏳ No improvement. Patience: 6/50
2026-04-07 21:31:58,223 - INFO - [Epoch 37] Train Loss: 0.1467 | LR: 0.000096
2026-04-07 21:31:58,223 - INFO -     >>> Val Avg RMSE (Real): 397.7026
2026-04-07 21:31:58,223 - INFO -     >>> Val MAE Details: ['267.4433', '244.3808', '256.0905', '336.8522', '352.0850', '335.3875', '319.6114']
2026-04-07 21:31:58,223 - INFO - ⏳ No improvement. Patience: 7/50
2026-04-07 21:34:16,515 - INFO - [Epoch 38] Train Loss: 0.1454 | LR: 0.000096
2026-04-07 21:34:16,515 - INFO -     >>> Val Avg RMSE (Real): 395.7445
2026-04-07 21:34:16,515 - INFO -     >>> Val MAE Details: ['282.7649', '252.6767', '249.5972', '341.6380', '333.7780', '323.9602', '311.1138']
2026-04-07 21:34:16,670 - INFO - 💾 Saved Best Model to ./logs/ED5_repr_atomistic_graph_SphereNet_MultiTask7_20260407_200126/best_model.pth
2026-04-07 21:36:35,256 - INFO - [Epoch 39] Train Loss: 0.1440 | LR: 0.000096
2026-04-07 21:36:35,256 - INFO -     >>> Val Avg RMSE (Real): 390.6633
2026-04-07 21:36:35,256 - INFO -     >>> Val MAE Details: ['264.6869', '239.5384', '242.8140', '328.1351', '351.1208', '323.8527', '308.3896']
2026-04-07 21:36:35,411 - INFO - 💾 Saved Best Model to ./logs/ED5_repr_atomistic_graph_SphereNet_MultiTask7_20260407_200126/best_model.pth
2026-04-07 21:38:51,748 - INFO - [Epoch 40] Train Loss: 0.1422 | LR: 0.000096
2026-04-07 21:38:51,749 - INFO -     >>> Val Avg RMSE (Real): 394.0481
2026-04-07 21:38:51,749 - INFO -     >>> Val MAE Details: ['273.1661', '248.9403', '242.3245', '338.7337', '333.4550', '329.1929', '316.0700']
2026-04-07 21:38:51,749 - INFO - ⏳ No improvement. Patience: 1/50
2026-04-07 21:41:08,601 - INFO - [Epoch 41] Train Loss: 0.1409 | LR: 0.000095
2026-04-07 21:41:08,601 - INFO -     >>> Val Avg RMSE (Real): 400.2968
2026-04-07 21:41:08,601 - INFO -     >>> Val MAE Details: ['266.4244', '246.8886', '260.0275', '337.0724', '343.6155', '337.2977', '331.2219']
2026-04-07 21:41:08,601 - INFO - ⏳ No improvement. Patience: 2/50
2026-04-07 21:43:25,452 - INFO - [Epoch 42] Train Loss: 0.1406 | LR: 0.000095
2026-04-07 21:43:25,452 - INFO -     >>> Val Avg RMSE (Real): 388.5896
2026-04-07 21:43:25,452 - INFO -     >>> Val MAE Details: ['260.0372', '240.1645', '243.3065', '332.4157', '333.5276', '322.6950', '310.0708']
2026-04-07 21:43:25,606 - INFO - 💾 Saved Best Model to ./logs/ED5_repr_atomistic_graph_SphereNet_MultiTask7_20260407_200126/best_model.pth
2026-04-07 21:45:42,172 - INFO - [Epoch 43] Train Loss: 0.1395 | LR: 0.000095
2026-04-07 21:45:42,172 - INFO -     >>> Val Avg RMSE (Real): 387.4969
2026-04-07 21:45:42,172 - INFO -     >>> Val MAE Details: ['261.5324', '247.2836', '243.3910', '340.3240', '333.2557', '319.9635', '307.7002']
2026-04-07 21:45:42,328 - INFO - 💾 Saved Best Model to ./logs/ED5_repr_atomistic_graph_SphereNet_MultiTask7_20260407_200126/best_model.pth
2026-04-07 21:47:58,907 - INFO - [Epoch 44] Train Loss: 0.1382 | LR: 0.000095
2026-04-07 21:47:58,907 - INFO -     >>> Val Avg RMSE (Real): 396.6856
2026-04-07 21:47:58,907 - INFO -     >>> Val MAE Details: ['268.6975', '250.6227', '254.6760', '345.3547', '336.2078', '326.9020', '311.1264']
2026-04-07 21:47:58,907 - INFO - ⏳ No improvement. Patience: 1/50
2026-04-07 21:50:16,108 - INFO - [Epoch 45] Train Loss: 0.1377 | LR: 0.000095
2026-04-07 21:50:16,108 - INFO -     >>> Val Avg RMSE (Real): 403.2856
2026-04-07 21:50:16,108 - INFO -     >>> Val MAE Details: ['264.1475', '247.5644', '267.3712', '335.8311', '356.9583', '333.3919', '331.3829']
2026-04-07 21:50:16,108 - INFO - ⏳ No improvement. Patience: 2/50
2026-04-07 21:52:09,488 - INFO - [Epoch 46] Train Loss: 0.1368 | LR: 0.000094
2026-04-07 21:52:09,488 - INFO -     >>> Val Avg RMSE (Real): 393.4781
2026-04-07 21:52:09,488 - INFO -     >>> Val MAE Details: ['261.3280', '247.5122', '243.6703', '332.4864', '342.2570', '326.9357', '312.5702']
2026-04-07 21:52:09,488 - INFO - ⏳ No improvement. Patience: 3/50
2026-04-07 21:54:26,344 - INFO - [Epoch 47] Train Loss: 0.1349 | LR: 0.000094
2026-04-07 21:54:26,344 - INFO -     >>> Val Avg RMSE (Real): 386.9579
2026-04-07 21:54:26,344 - INFO -     >>> Val MAE Details: ['263.7219', '243.5137', '245.1885', '328.2198', '335.6285', '327.2508', '314.2153']
2026-04-07 21:54:26,499 - INFO - 💾 Saved Best Model to ./logs/ED5_repr_atomistic_graph_SphereNet_MultiTask7_20260407_200126/best_model.pth
2026-04-07 21:56:43,429 - INFO - [Epoch 48] Train Loss: 0.1354 | LR: 0.000094
2026-04-07 21:56:43,429 - INFO -     >>> Val Avg RMSE (Real): 389.8157
2026-04-07 21:56:43,429 - INFO -     >>> Val MAE Details: ['273.3602', '241.3006', '238.1911', '330.1748', '338.0384', '325.6022', '315.9147']
2026-04-07 21:56:43,429 - INFO - ⏳ No improvement. Patience: 1/50
2026-04-07 21:59:00,807 - INFO - [Epoch 49] Train Loss: 0.1339 | LR: 0.000094
2026-04-07 21:59:00,808 - INFO -     >>> Val Avg RMSE (Real): 388.6833
2026-04-07 21:59:00,808 - INFO -     >>> Val MAE Details: ['265.9878', '244.8177', '240.7531', '322.1025', '331.7917', '329.6687', '313.7365']
2026-04-07 21:59:00,808 - INFO - ⏳ No improvement. Patience: 2/50
2026-04-07 22:01:18,731 - INFO - [Epoch 50] Train Loss: 0.1328 | LR: 0.000093
2026-04-07 22:01:18,732 - INFO -     >>> Val Avg RMSE (Real): 384.4220
2026-04-07 22:01:18,732 - INFO -     >>> Val MAE Details: ['261.4670', '245.4738', '252.0083', '324.5115', '336.4551', '320.7499', '308.3843']
2026-04-07 22:01:18,891 - INFO - 💾 Saved Best Model to ./logs/ED5_repr_atomistic_graph_SphereNet_MultiTask7_20260407_200126/best_model.pth
2026-04-07 22:03:35,429 - INFO - [Epoch 51] Train Loss: 0.1323 | LR: 0.000093
2026-04-07 22:03:35,429 - INFO -     >>> Val Avg RMSE (Real): 391.3846
2026-04-07 22:03:35,429 - INFO -     >>> Val MAE Details: ['261.0883', '242.1056', '249.7394', '334.0340', '333.1765', '333.5837', '317.7215']
2026-04-07 22:03:35,429 - INFO - ⏳ No improvement. Patience: 1/50
2026-04-07 22:05:52,402 - INFO - [Epoch 52] Train Loss: 0.1316 | LR: 0.000093
2026-04-07 22:05:52,402 - INFO -     >>> Val Avg RMSE (Real): 390.6386
2026-04-07 22:05:52,402 - INFO -     >>> Val MAE Details: ['264.0483', '245.2886', '246.6784', '320.3593', '343.8923', '325.3900', '310.6526']
2026-04-07 22:05:52,402 - INFO - ⏳ No improvement. Patience: 2/50
2026-04-07 22:08:10,129 - INFO - [Epoch 53] Train Loss: 0.1300 | LR: 0.000092
2026-04-07 22:08:10,130 - INFO -     >>> Val Avg RMSE (Real): 386.7845
2026-04-07 22:08:10,130 - INFO -     >>> Val MAE Details: ['255.6840', '237.7593', '241.4592', '326.4264', '345.7316', '324.6104', '304.8204']
2026-04-07 22:08:10,130 - INFO - ⏳ No improvement. Patience: 3/50
2026-04-07 22:10:27,295 - INFO - [Epoch 54] Train Loss: 0.1300 | LR: 0.000092
2026-04-07 22:10:27,295 - INFO -     >>> Val Avg RMSE (Real): 386.9449
2026-04-07 22:10:27,295 - INFO -     >>> Val MAE Details: ['255.2808', '236.9805', '239.3934', '335.3847', '341.9636', '336.2202', '317.9732']
2026-04-07 22:10:27,295 - INFO - ⏳ No improvement. Patience: 4/50
2026-04-07 22:12:46,043 - INFO - [Epoch 55] Train Loss: 0.1293 | LR: 0.000092
2026-04-07 22:12:46,043 - INFO -     >>> Val Avg RMSE (Real): 392.3450
2026-04-07 22:12:46,043 - INFO -     >>> Val MAE Details: ['266.3728', '244.4206', '259.0038', '343.3989', '332.4430', '316.4609', '302.0960']
2026-04-07 22:12:46,043 - INFO - ⏳ No improvement. Patience: 5/50
2026-04-07 22:15:05,417 - INFO - [Epoch 56] Train Loss: 0.1281 | LR: 0.000092
2026-04-07 22:15:05,417 - INFO -     >>> Val Avg RMSE (Real): 389.3810
2026-04-07 22:15:05,417 - INFO -     >>> Val MAE Details: ['267.3546', '249.3545', '245.2529', '325.0967', '328.2690', '322.7586', '310.9698']
2026-04-07 22:15:05,417 - INFO - ⏳ No improvement. Patience: 6/50
2026-04-07 22:17:27,400 - INFO - [Epoch 57] Train Loss: 0.1276 | LR: 0.000091
2026-04-07 22:17:27,401 - INFO -     >>> Val Avg RMSE (Real): 387.3910
2026-04-07 22:17:27,401 - INFO -     >>> Val MAE Details: ['269.5628', '246.9707', '250.2206', '322.2267', '330.1849', '321.2102', '310.0861']
2026-04-07 22:17:27,401 - INFO - ⏳ No improvement. Patience: 7/50
2026-04-07 22:19:48,518 - INFO - [Epoch 58] Train Loss: 0.1261 | LR: 0.000091
2026-04-07 22:19:48,519 - INFO -     >>> Val Avg RMSE (Real): 396.3829
2026-04-07 22:19:48,519 - INFO -     >>> Val MAE Details: ['263.6468', '242.0743', '243.9249', '327.8418', '362.6443', '324.2382', '315.8837']
2026-04-07 22:19:48,519 - INFO - ⏳ No improvement. Patience: 8/50
2026-04-07 22:22:06,695 - INFO - [Epoch 59] Train Loss: 0.1264 | LR: 0.000091
2026-04-07 22:22:06,695 - INFO -     >>> Val Avg RMSE (Real): 388.7800
2026-04-07 22:22:06,695 - INFO -     >>> Val MAE Details: ['269.8948', '256.0502', '240.1052', '329.7447', '328.8874', '320.3718', '298.8976']
2026-04-07 22:22:06,695 - INFO - ⏳ No improvement. Patience: 9/50
2026-04-07 22:24:25,425 - INFO - [Epoch 60] Train Loss: 0.1251 | LR: 0.000090
2026-04-07 22:24:25,425 - INFO -     >>> Val Avg RMSE (Real): 401.0908
2026-04-07 22:24:25,425 - INFO -     >>> Val MAE Details: ['303.9885', '268.6703', '249.6631', '314.6259', '345.5783', '335.3494', '313.2302']
2026-04-07 22:24:25,425 - INFO - ⏳ No improvement. Patience: 10/50
2026-04-07 22:26:43,346 - INFO - [Epoch 61] Train Loss: 0.1236 | LR: 0.000090
2026-04-07 22:26:43,346 - INFO -     >>> Val Avg RMSE (Real): 383.7472
2026-04-07 22:26:43,346 - INFO -     >>> Val MAE Details: ['272.8492', '239.1961', '248.0019', '312.8623', '328.7148', '320.3080', '306.6714']
2026-04-07 22:26:43,499 - INFO - 💾 Saved Best Model to ./logs/ED5_repr_atomistic_graph_SphereNet_MultiTask7_20260407_200126/best_model.pth
2026-04-07 22:29:01,593 - INFO - [Epoch 62] Train Loss: 0.1241 | LR: 0.000090
2026-04-07 22:29:01,593 - INFO -     >>> Val Avg RMSE (Real): 386.3804
2026-04-07 22:29:01,593 - INFO -     >>> Val MAE Details: ['263.4018', '251.7821', '244.3485', '315.7662', '327.3933', '324.5858', '306.6340']
2026-04-07 22:29:01,593 - INFO - ⏳ No improvement. Patience: 1/50
2026-04-07 22:31:19,051 - INFO - [Epoch 63] Train Loss: 0.1234 | LR: 0.000090
2026-04-07 22:31:19,052 - INFO -     >>> Val Avg RMSE (Real): 380.1496
2026-04-07 22:31:19,052 - INFO -     >>> Val MAE Details: ['259.4749', '236.8190', '234.7686', '322.7148', '329.4887', '313.5487', '302.3713']
2026-04-07 22:31:19,196 - INFO - 💾 Saved Best Model to ./logs/ED5_repr_atomistic_graph_SphereNet_MultiTask7_20260407_200126/best_model.pth
2026-04-07 22:33:36,517 - INFO - [Epoch 64] Train Loss: 0.1224 | LR: 0.000089
2026-04-07 22:33:36,517 - INFO -     >>> Val Avg RMSE (Real): 384.0275
2026-04-07 22:33:36,517 - INFO -     >>> Val MAE Details: ['255.5579', '242.9401', '241.5010', '330.7581', '324.7605', '324.9461', '310.1326']
2026-04-07 22:33:36,517 - INFO - ⏳ No improvement. Patience: 1/50
2026-04-07 22:35:53,407 - INFO - [Epoch 65] Train Loss: 0.1225 | LR: 0.000089
2026-04-07 22:35:53,407 - INFO -     >>> Val Avg RMSE (Real): 391.3104
2026-04-07 22:35:53,407 - INFO -     >>> Val MAE Details: ['259.1429', '249.8300', '240.0672', '314.0380', '346.5831', '324.6477', '309.6093']
2026-04-07 22:35:53,407 - INFO - ⏳ No improvement. Patience: 2/50
2026-04-07 22:38:10,805 - INFO - [Epoch 66] Train Loss: 0.1214 | LR: 0.000089
2026-04-07 22:38:10,806 - INFO -     >>> Val Avg RMSE (Real): 383.9054
2026-04-07 22:38:10,806 - INFO -     >>> Val MAE Details: ['268.7869', '258.4598', '233.4049', '316.3162', '325.5034', '312.0409', '295.5843']
2026-04-07 22:38:10,806 - INFO - ⏳ No improvement. Patience: 3/50
2026-04-07 22:40:28,735 - INFO - [Epoch 67] Train Loss: 0.1207 | LR: 0.000088
2026-04-07 22:40:28,736 - INFO -     >>> Val Avg RMSE (Real): 383.5671
2026-04-07 22:40:28,736 - INFO -     >>> Val MAE Details: ['269.5121', '245.9832', '240.9769', '313.2007', '329.5746', '317.1555', '301.0874']
2026-04-07 22:40:28,736 - INFO - ⏳ No improvement. Patience: 4/50
2026-04-07 22:42:45,879 - INFO - [Epoch 68] Train Loss: 0.1202 | LR: 0.000088
2026-04-07 22:42:45,879 - INFO -     >>> Val Avg RMSE (Real): 386.8956
2026-04-07 22:42:45,879 - INFO -     >>> Val MAE Details: ['258.6481', '240.3400', '232.1139', '327.1709', '327.3071', '317.9899', '315.4252']
2026-04-07 22:42:45,879 - INFO - ⏳ No improvement. Patience: 5/50
2026-04-07 22:45:02,976 - INFO - [Epoch 69] Train Loss: 0.1193 | LR: 0.000088
2026-04-07 22:45:02,976 - INFO -     >>> Val Avg RMSE (Real): 386.5084
2026-04-07 22:45:02,976 - INFO -     >>> Val MAE Details: ['274.1638', '238.7875', '243.4714', '321.9215', '328.2965', '320.3094', '298.3975']
2026-04-07 22:45:02,976 - INFO - ⏳ No improvement. Patience: 6/50
2026-04-07 22:47:22,589 - INFO - [Epoch 70] Train Loss: 0.1189 | LR: 0.000087
2026-04-07 22:47:22,589 - INFO -     >>> Val Avg RMSE (Real): 380.8878
2026-04-07 22:47:22,589 - INFO -     >>> Val MAE Details: ['257.8565', '241.3008', '230.3646', '310.3091', '338.0668', '329.0006', '304.7261']
2026-04-07 22:47:22,589 - INFO - ⏳ No improvement. Patience: 7/50
2026-04-07 22:49:47,658 - INFO - [Epoch 71] Train Loss: 0.1183 | LR: 0.000087
2026-04-07 22:49:47,658 - INFO -     >>> Val Avg RMSE (Real): 397.6195
2026-04-07 22:49:47,658 - INFO -     >>> Val MAE Details: ['259.8295', '241.4134', '241.5637', '352.8107', '332.4553', '323.0567', '321.4467']
2026-04-07 22:49:47,658 - INFO - ⏳ No improvement. Patience: 8/50
2026-04-07 22:52:13,510 - INFO - [Epoch 72] Train Loss: 0.1175 | LR: 0.000086
2026-04-07 22:52:13,510 - INFO -     >>> Val Avg RMSE (Real): 386.0427
2026-04-07 22:52:13,510 - INFO -     >>> Val MAE Details: ['267.6556', '244.0421', '246.5076', '334.7079', '327.7047', '317.5753', '300.4995']
2026-04-07 22:52:13,510 - INFO - ⏳ No improvement. Patience: 9/50
2026-04-07 22:54:37,385 - INFO - [Epoch 73] Train Loss: 0.1175 | LR: 0.000086
2026-04-07 22:54:37,385 - INFO -     >>> Val Avg RMSE (Real): 394.2929
2026-04-07 22:54:37,385 - INFO -     >>> Val MAE Details: ['264.1281', '251.2394', '246.5734', '326.1802', '335.4249', '325.4395', '315.5791']
2026-04-07 22:54:37,385 - INFO - ⏳ No improvement. Patience: 10/50
2026-04-07 22:56:54,778 - INFO - [Epoch 74] Train Loss: 0.1168 | LR: 0.000086
2026-04-07 22:56:54,778 - INFO -     >>> Val Avg RMSE (Real): 384.0078
2026-04-07 22:56:54,778 - INFO -     >>> Val MAE Details: ['259.6554', '244.1212', '236.1978', '318.3168', '330.7285', '326.3135', '309.1992']
2026-04-07 22:56:54,778 - INFO - ⏳ No improvement. Patience: 11/50
2026-04-07 22:59:11,238 - INFO - [Epoch 75] Train Loss: 0.1159 | LR: 0.000085
2026-04-07 22:59:11,238 - INFO -     >>> Val Avg RMSE (Real): 388.9068
2026-04-07 22:59:11,238 - INFO -     >>> Val MAE Details: ['271.1841', '249.9532', '232.3946', '318.5314', '333.5358', '322.0702', '299.0198']
2026-04-07 22:59:11,239 - INFO - ⏳ No improvement. Patience: 12/50
2026-04-07 23:01:29,208 - INFO - [Epoch 76] Train Loss: 0.1165 | LR: 0.000085
2026-04-07 23:01:29,208 - INFO -     >>> Val Avg RMSE (Real): 383.9820
2026-04-07 23:01:29,208 - INFO -     >>> Val MAE Details: ['267.5540', '235.0198', '236.2545', '309.7953', '325.9228', '317.4570', '320.3048']
2026-04-07 23:01:29,208 - INFO - ⏳ No improvement. Patience: 13/50
2026-04-07 23:03:44,189 - INFO - [Epoch 77] Train Loss: 0.1155 | LR: 0.000085
2026-04-07 23:03:44,189 - INFO -     >>> Val Avg RMSE (Real): 397.5807
2026-04-07 23:03:44,189 - INFO -     >>> Val MAE Details: ['271.4630', '245.0740', '259.1120', '339.6643', '330.8083', '328.1740', '308.4116']
2026-04-07 23:03:44,189 - INFO - ⏳ No improvement. Patience: 14/50
2026-04-07 23:05:48,452 - INFO - [Epoch 78] Train Loss: 0.1150 | LR: 0.000084
2026-04-07 23:05:48,452 - INFO -     >>> Val Avg RMSE (Real): 388.6097
2026-04-07 23:05:48,452 - INFO -     >>> Val MAE Details: ['270.0954', '248.1071', '236.4356', '315.3146', '327.3322', '325.7395', '304.9030']
2026-04-07 23:05:48,452 - INFO - ⏳ No improvement. Patience: 15/50
2026-04-07 23:07:53,284 - INFO - [Epoch 79] Train Loss: 0.1142 | LR: 0.000084
2026-04-07 23:07:53,284 - INFO -     >>> Val Avg RMSE (Real): 396.0513
2026-04-07 23:07:53,284 - INFO -     >>> Val MAE Details: ['263.6567', '240.3722', '235.5168', '324.0612', '341.7876', '340.2484', '333.7712']
2026-04-07 23:07:53,285 - INFO - ⏳ No improvement. Patience: 16/50
2026-04-07 23:09:57,334 - INFO - [Epoch 80] Train Loss: 0.1137 | LR: 0.000083
2026-04-07 23:09:57,334 - INFO -     >>> Val Avg RMSE (Real): 389.4755
2026-04-07 23:09:57,334 - INFO -     >>> Val MAE Details: ['259.2368', '248.9644', '259.1282', '317.2429', '329.1522', '320.4467', '325.8645']
2026-04-07 23:09:57,334 - INFO - ⏳ No improvement. Patience: 17/50
2026-04-07 23:12:03,002 - INFO - [Epoch 81] Train Loss: 0.1136 | LR: 0.000083
2026-04-07 23:12:03,002 - INFO -     >>> Val Avg RMSE (Real): 384.5079
2026-04-07 23:12:03,002 - INFO -     >>> Val MAE Details: ['260.0867', '242.1600', '236.0880', '323.1615', '329.8146', '323.2715', '305.6109']
2026-04-07 23:12:03,002 - INFO - ⏳ No improvement. Patience: 18/50
2026-04-07 23:14:08,067 - INFO - [Epoch 82] Train Loss: 0.1127 | LR: 0.000083
2026-04-07 23:14:08,067 - INFO -     >>> Val Avg RMSE (Real): 386.1178
2026-04-07 23:14:08,067 - INFO -     >>> Val MAE Details: ['260.5625', '240.8370', '232.4745', '322.1629', '330.2461', '315.3499', '305.2605']
2026-04-07 23:14:08,067 - INFO - ⏳ No improvement. Patience: 19/50
2026-04-07 23:16:13,675 - INFO - [Epoch 83] Train Loss: 0.1129 | LR: 0.000082
2026-04-07 23:16:13,675 - INFO -     >>> Val Avg RMSE (Real): 381.2683
2026-04-07 23:16:13,675 - INFO -     >>> Val MAE Details: ['264.7057', '242.5622', '234.0192', '310.7137', '319.3511', '314.4952', '309.3983']
2026-04-07 23:16:13,675 - INFO - ⏳ No improvement. Patience: 20/50
2026-04-07 23:18:26,775 - INFO - [Epoch 84] Train Loss: 0.1120 | LR: 0.000082
2026-04-07 23:18:26,775 - INFO -     >>> Val Avg RMSE (Real): 385.1622
2026-04-07 23:18:26,775 - INFO -     >>> Val MAE Details: ['255.4213', '241.5690', '241.7463', '323.3105', '331.4758', '319.5934', '300.3731']
2026-04-07 23:18:26,775 - INFO - ⏳ No improvement. Patience: 21/50
2026-04-07 23:20:32,689 - INFO - [Epoch 85] Train Loss: 0.1119 | LR: 0.000081
2026-04-07 23:20:32,690 - INFO -     >>> Val Avg RMSE (Real): 388.7892
2026-04-07 23:20:32,690 - INFO -     >>> Val MAE Details: ['272.6960', '239.2656', '234.1626', '316.3055', '331.1430', '317.8146', '310.4390']
2026-04-07 23:20:32,690 - INFO - ⏳ No improvement. Patience: 22/50
2026-04-07 23:22:38,601 - INFO - [Epoch 86] Train Loss: 0.1118 | LR: 0.000081
2026-04-07 23:22:38,601 - INFO -     >>> Val Avg RMSE (Real): 392.3377
2026-04-07 23:22:38,601 - INFO -     >>> Val MAE Details: ['267.6860', '242.8988', '238.5201', '319.1822', '329.7722', '334.0706', '318.4534']
2026-04-07 23:22:38,601 - INFO - ⏳ No improvement. Patience: 23/50
2026-04-07 23:24:47,266 - INFO - [Epoch 87] Train Loss: 0.1110 | LR: 0.000081
2026-04-07 23:24:47,266 - INFO -     >>> Val Avg RMSE (Real): 384.0702
2026-04-07 23:24:47,266 - INFO -     >>> Val MAE Details: ['263.5330', '240.2855', '242.8681', '315.2768', '332.8820', '314.9987', '301.2380']
2026-04-07 23:24:47,266 - INFO - ⏳ No improvement. Patience: 24/50
2026-04-07 23:26:54,459 - INFO - [Epoch 88] Train Loss: 0.1105 | LR: 0.000080
2026-04-07 23:26:54,459 - INFO -     >>> Val Avg RMSE (Real): 384.6172
2026-04-07 23:26:54,459 - INFO -     >>> Val MAE Details: ['256.2422', '235.4874', '235.9466', '315.1076', '339.1112', '316.7686', '307.9013']
2026-04-07 23:26:54,459 - INFO - ⏳ No improvement. Patience: 25/50
2026-04-07 23:29:01,673 - INFO - [Epoch 89] Train Loss: 0.1101 | LR: 0.000080
2026-04-07 23:29:01,673 - INFO -     >>> Val Avg RMSE (Real): 380.8024
2026-04-07 23:29:01,673 - INFO -     >>> Val MAE Details: ['260.2509', '239.2227', '234.3015', '324.8485', '320.4951', '311.6346', '300.9141']
2026-04-07 23:29:01,673 - INFO - ⏳ No improvement. Patience: 26/50
2026-04-07 23:31:10,581 - INFO - [Epoch 90] Train Loss: 0.1098 | LR: 0.000079
2026-04-07 23:31:10,581 - INFO -     >>> Val Avg RMSE (Real): 382.1310
2026-04-07 23:31:10,581 - INFO -     >>> Val MAE Details: ['254.9595', '241.3833', '250.0757', '314.5453', '317.5951', '310.1205', '299.4901']
2026-04-07 23:31:10,581 - INFO - ⏳ No improvement. Patience: 27/50
2026-04-07 23:33:25,326 - INFO - [Epoch 91] Train Loss: 0.1094 | LR: 0.000079
2026-04-07 23:33:25,326 - INFO -     >>> Val Avg RMSE (Real): 388.9302
2026-04-07 23:33:25,326 - INFO -     >>> Val MAE Details: ['256.6361', '264.2018', '227.8418', '315.9931', '320.5956', '331.8170', '308.3703']
2026-04-07 23:33:25,326 - INFO - ⏳ No improvement. Patience: 28/50
2026-04-07 23:35:38,952 - INFO - [Epoch 92] Train Loss: 0.1091 | LR: 0.000079
2026-04-07 23:35:38,953 - INFO -     >>> Val Avg RMSE (Real): 378.5941
2026-04-07 23:35:38,953 - INFO -     >>> Val MAE Details: ['261.6396', '236.4573', '226.5732', '320.0289', '319.0790', '312.1135', '298.9274']
2026-04-07 23:35:39,110 - INFO - 💾 Saved Best Model to ./logs/ED5_repr_atomistic_graph_SphereNet_MultiTask7_20260407_200126/best_model.pth
2026-04-07 23:37:46,643 - INFO - [Epoch 93] Train Loss: 0.1082 | LR: 0.000078
2026-04-07 23:37:46,644 - INFO -     >>> Val Avg RMSE (Real): 387.1107
2026-04-07 23:37:46,644 - INFO -     >>> Val MAE Details: ['282.0167', '241.5169', '241.5841', '313.3204', '323.5345', '314.9330', '316.5402']
2026-04-07 23:37:46,644 - INFO - ⏳ No improvement. Patience: 1/50
2026-04-07 23:39:54,363 - INFO - [Epoch 94] Train Loss: 0.1084 | LR: 0.000078
2026-04-07 23:39:54,364 - INFO -     >>> Val Avg RMSE (Real): 385.9510
2026-04-07 23:39:54,364 - INFO -     >>> Val MAE Details: ['265.9422', '239.2996', '237.0459', '320.0438', '319.1119', '311.9305', '299.8484']
2026-04-07 23:39:54,364 - INFO - ⏳ No improvement. Patience: 2/50
2026-04-07 23:42:00,450 - INFO - [Epoch 95] Train Loss: 0.1078 | LR: 0.000077
2026-04-07 23:42:00,450 - INFO -     >>> Val Avg RMSE (Real): 384.6244
2026-04-07 23:42:00,450 - INFO -     >>> Val MAE Details: ['259.6083', '248.0174', '240.6089', '314.7223', '331.0890', '317.5553', '304.0468']
2026-04-07 23:42:00,450 - INFO - ⏳ No improvement. Patience: 3/50
2026-04-07 23:44:04,742 - INFO - [Epoch 96] Train Loss: 0.1074 | LR: 0.000077
2026-04-07 23:44:04,743 - INFO -     >>> Val Avg RMSE (Real): 392.1250
2026-04-07 23:44:04,743 - INFO -     >>> Val MAE Details: ['268.2968', '243.7204', '232.2637', '322.8864', '328.0901', '323.8968', '315.7016']
2026-04-07 23:44:04,743 - INFO - ⏳ No improvement. Patience: 4/50
2026-04-07 23:46:07,976 - INFO - [Epoch 97] Train Loss: 0.1069 | LR: 0.000076
2026-04-07 23:46:07,977 - INFO -     >>> Val Avg RMSE (Real): 386.5917
2026-04-07 23:46:07,977 - INFO -     >>> Val MAE Details: ['257.4761', '240.4804', '241.0104', '321.0802', '333.8702', '327.9352', '309.2918']
2026-04-07 23:46:07,977 - INFO - ⏳ No improvement. Patience: 5/50
2026-04-07 23:48:16,354 - INFO - [Epoch 98] Train Loss: 0.1068 | LR: 0.000076
2026-04-07 23:48:16,354 - INFO -     >>> Val Avg RMSE (Real): 389.9708
2026-04-07 23:48:16,354 - INFO -     >>> Val MAE Details: ['272.8611', '236.7771', '247.7402', '313.0943', '332.9481', '320.9153', '313.3422']
2026-04-07 23:48:16,354 - INFO - ⏳ No improvement. Patience: 6/50
2026-04-07 23:50:25,772 - INFO - [Epoch 99] Train Loss: 0.1067 | LR: 0.000075
2026-04-07 23:50:25,773 - INFO -     >>> Val Avg RMSE (Real): 378.7274
2026-04-07 23:50:25,773 - INFO -     >>> Val MAE Details: ['268.1031', '242.2901', '231.6424', '312.2380', '321.3450', '308.1089', '296.5016']
2026-04-07 23:50:25,773 - INFO - ⏳ No improvement. Patience: 7/50
2026-04-07 23:52:35,128 - INFO - [Epoch 100] Train Loss: 0.1067 | LR: 0.000075
2026-04-07 23:52:35,128 - INFO -     >>> Val Avg RMSE (Real): 380.2947
2026-04-07 23:52:35,128 - INFO -     >>> Val MAE Details: ['262.5853', '239.4292', '228.6729', '317.6277', '325.4447', '312.3090', '299.4642']
2026-04-07 23:52:35,128 - INFO - ⏳ No improvement. Patience: 8/50
2026-04-07 23:54:41,398 - INFO - [Epoch 101] Train Loss: 0.1056 | LR: 0.000075
2026-04-07 23:54:41,399 - INFO -     >>> Val Avg RMSE (Real): 383.2761
2026-04-07 23:54:41,399 - INFO -     >>> Val MAE Details: ['259.1760', '242.2374', '233.6913', '312.0930', '322.0355', '311.7639', '303.5386']
2026-04-07 23:54:41,399 - INFO - ⏳ No improvement. Patience: 9/50
2026-04-07 23:56:49,158 - INFO - [Epoch 102] Train Loss: 0.1058 | LR: 0.000074
2026-04-07 23:56:49,158 - INFO -     >>> Val Avg RMSE (Real): 386.1924
2026-04-07 23:56:49,159 - INFO -     >>> Val MAE Details: ['266.7507', '242.9279', '236.4868', '336.6086', '326.9689', '321.1563', '295.9124']
2026-04-07 23:56:49,159 - INFO - ⏳ No improvement. Patience: 10/50
2026-04-07 23:58:56,019 - INFO - [Epoch 103] Train Loss: 0.1054 | LR: 0.000074
2026-04-07 23:58:56,019 - INFO -     >>> Val Avg RMSE (Real): 380.8427
2026-04-07 23:58:56,019 - INFO -     >>> Val MAE Details: ['262.7208', '237.2644', '228.4623', '309.6576', '320.2922', '313.9164', '304.6505']
2026-04-07 23:58:56,019 - INFO - ⏳ No improvement. Patience: 11/50
2026-04-08 00:01:03,046 - INFO - [Epoch 104] Train Loss: 0.1044 | LR: 0.000073
2026-04-08 00:01:03,046 - INFO -     >>> Val Avg RMSE (Real): 381.9484
2026-04-08 00:01:03,046 - INFO -     >>> Val MAE Details: ['260.5620', '245.3450', '225.4312', '320.4871', '320.5812', '321.9549', '302.3929']
2026-04-08 00:01:03,046 - INFO - ⏳ No improvement. Patience: 12/50
2026-04-08 00:03:06,857 - INFO - [Epoch 105] Train Loss: 0.1047 | LR: 0.000073
2026-04-08 00:03:06,857 - INFO -     >>> Val Avg RMSE (Real): 385.7903
2026-04-08 00:03:06,858 - INFO -     >>> Val MAE Details: ['259.8584', '253.9035', '240.3644', '316.5027', '326.3703', '317.0985', '304.7389']
2026-04-08 00:03:06,858 - INFO - ⏳ No improvement. Patience: 13/50
2026-04-08 00:05:09,597 - INFO - [Epoch 106] Train Loss: 0.1049 | LR: 0.000072
2026-04-08 00:05:09,597 - INFO -     >>> Val Avg RMSE (Real): 382.3926
2026-04-08 00:05:09,597 - INFO -     >>> Val MAE Details: ['256.7198', '240.6077', '233.0632', '320.1272', '318.4366', '318.5692', '309.7894']
2026-04-08 00:05:09,597 - INFO - ⏳ No improvement. Patience: 14/50
2026-04-08 00:07:15,844 - INFO - [Epoch 107] Train Loss: 0.1038 | LR: 0.000072
2026-04-08 00:07:15,845 - INFO -     >>> Val Avg RMSE (Real): 379.0364
2026-04-08 00:07:15,845 - INFO -     >>> Val MAE Details: ['255.8414', '235.5499', '231.8477', '310.2747', '318.1419', '314.1765', '304.4128']
2026-04-08 00:07:15,845 - INFO - ⏳ No improvement. Patience: 15/50
2026-04-08 00:09:25,304 - INFO - [Epoch 108] Train Loss: 0.1034 | LR: 0.000071
2026-04-08 00:09:25,304 - INFO -     >>> Val Avg RMSE (Real): 385.4570
2026-04-08 00:09:25,304 - INFO -     >>> Val MAE Details: ['265.8776', '253.3056', '235.0361', '317.2556', '322.7624', '317.5579', '302.2350']
2026-04-08 00:09:25,304 - INFO - ⏳ No improvement. Patience: 16/50
2026-04-08 00:11:29,071 - INFO - [Epoch 109] Train Loss: 0.1029 | LR: 0.000071
2026-04-08 00:11:29,071 - INFO -     >>> Val Avg RMSE (Real): 385.8909
2026-04-08 00:11:29,071 - INFO -     >>> Val MAE Details: ['261.9786', '250.9921', '233.3903', '310.8503', '320.2170', '312.4007', '299.1858']
2026-04-08 00:11:29,071 - INFO - ⏳ No improvement. Patience: 17/50
2026-04-08 00:13:32,818 - INFO - [Epoch 110] Train Loss: 0.1029 | LR: 0.000070
2026-04-08 00:13:32,819 - INFO -     >>> Val Avg RMSE (Real): 382.5926
2026-04-08 00:13:32,819 - INFO -     >>> Val MAE Details: ['257.8450', '238.8748', '240.3368', '314.4326', '322.2539', '310.4019', '300.9858']
2026-04-08 00:13:32,819 - INFO - ⏳ No improvement. Patience: 18/50
2026-04-08 00:15:41,963 - INFO - [Epoch 111] Train Loss: 0.1026 | LR: 0.000070
2026-04-08 00:15:41,964 - INFO -     >>> Val Avg RMSE (Real): 383.3175
2026-04-08 00:15:41,964 - INFO -     >>> Val MAE Details: ['254.3177', '237.1533', '230.4028', '311.2057', '319.9994', '322.3838', '314.4693']
2026-04-08 00:15:41,964 - INFO - ⏳ No improvement. Patience: 19/50
2026-04-08 00:17:56,081 - INFO - [Epoch 112] Train Loss: 0.1024 | LR: 0.000069
2026-04-08 00:17:56,082 - INFO -     >>> Val Avg RMSE (Real): 380.2446
2026-04-08 00:17:56,082 - INFO -     >>> Val MAE Details: ['255.8504', '236.1058', '232.5877', '312.2737', '329.9319', '311.5236', '300.6288']
2026-04-08 00:17:56,082 - INFO - ⏳ No improvement. Patience: 20/50
2026-04-08 00:20:10,253 - INFO - [Epoch 113] Train Loss: 0.1023 | LR: 0.000069
2026-04-08 00:20:10,253 - INFO -     >>> Val Avg RMSE (Real): 384.7766
2026-04-08 00:20:10,253 - INFO -     >>> Val MAE Details: ['266.0181', '240.8219', '239.3464', '316.4105', '321.8895', '310.0185', '296.5533']
2026-04-08 00:20:10,253 - INFO - ⏳ No improvement. Patience: 21/50
2026-04-08 00:22:24,224 - INFO - [Epoch 114] Train Loss: 0.1015 | LR: 0.000068
2026-04-08 00:22:24,224 - INFO -     >>> Val Avg RMSE (Real): 387.2921
2026-04-08 00:22:24,224 - INFO -     >>> Val MAE Details: ['262.8932', '242.7593', '235.8333', '319.0637', '324.8204', '316.0517', '304.3531']
2026-04-08 00:22:24,224 - INFO - ⏳ No improvement. Patience: 22/50
2026-04-08 00:24:32,281 - INFO - [Epoch 115] Train Loss: 0.1015 | LR: 0.000068
2026-04-08 00:24:32,282 - INFO -     >>> Val Avg RMSE (Real): 391.6770
2026-04-08 00:24:32,282 - INFO -     >>> Val MAE Details: ['269.9132', '240.8868', '235.1839', '316.2020', '332.1050', '324.4051', '312.7223']
2026-04-08 00:24:32,282 - INFO - ⏳ No improvement. Patience: 23/50
2026-04-08 00:26:37,898 - INFO - [Epoch 116] Train Loss: 0.1012 | LR: 0.000067
2026-04-08 00:26:37,898 - INFO -     >>> Val Avg RMSE (Real): 389.4052
2026-04-08 00:26:37,898 - INFO -     >>> Val MAE Details: ['264.0876', '241.3866', '232.9170', '328.0209', '338.8007', '316.1483', '304.2289']
2026-04-08 00:26:37,898 - INFO - ⏳ No improvement. Patience: 24/50
2026-04-08 00:28:44,460 - INFO - [Epoch 117] Train Loss: 0.1008 | LR: 0.000067
2026-04-08 00:28:44,460 - INFO -     >>> Val Avg RMSE (Real): 380.9587
2026-04-08 00:28:44,460 - INFO -     >>> Val MAE Details: ['251.5710', '238.9248', '239.9267', '313.3256', '320.0874', '314.1194', '297.4218']
2026-04-08 00:28:44,460 - INFO - ⏳ No improvement. Patience: 25/50
2026-04-08 00:30:48,428 - INFO - [Epoch 118] Train Loss: 0.1000 | LR: 0.000066
2026-04-08 00:30:48,428 - INFO -     >>> Val Avg RMSE (Real): 387.6168
2026-04-08 00:30:48,428 - INFO -     >>> Val MAE Details: ['256.0562', '242.1788', '230.0581', '315.4674', '326.1081', '325.2583', '316.4404']
2026-04-08 00:30:48,428 - INFO - ⏳ No improvement. Patience: 26/50
2026-04-08 00:32:52,475 - INFO - [Epoch 119] Train Loss: 0.1005 | LR: 0.000066
2026-04-08 00:32:52,475 - INFO -     >>> Val Avg RMSE (Real): 387.8462
2026-04-08 00:32:52,475 - INFO -     >>> Val MAE Details: ['259.7458', '248.9290', '235.2125', '315.6407', '326.6668', '314.7451', '306.8969']
2026-04-08 00:32:52,475 - INFO - ⏳ No improvement. Patience: 27/50
2026-04-08 00:34:56,517 - INFO - [Epoch 120] Train Loss: 0.0998 | LR: 0.000065
2026-04-08 00:34:56,518 - INFO -     >>> Val Avg RMSE (Real): 392.4340
2026-04-08 00:34:56,518 - INFO -     >>> Val MAE Details: ['277.7827', '247.4514', '232.8604', '320.3139', '337.8542', '316.8232', '305.4930']
2026-04-08 00:34:56,518 - INFO - ⏳ No improvement. Patience: 28/50
2026-04-08 00:37:00,980 - INFO - [Epoch 121] Train Loss: 0.0995 | LR: 0.000065
2026-04-08 00:37:00,980 - INFO -     >>> Val Avg RMSE (Real): 387.1861
2026-04-08 00:37:00,980 - INFO -     >>> Val MAE Details: ['251.8276', '240.3664', '233.1333', '333.8798', '326.0186', '314.2566', '302.3609']
2026-04-08 00:37:00,980 - INFO - ⏳ No improvement. Patience: 29/50
2026-04-08 00:39:10,517 - INFO - [Epoch 122] Train Loss: 0.0987 | LR: 0.000064
2026-04-08 00:39:10,517 - INFO -     >>> Val Avg RMSE (Real): 385.3177
2026-04-08 00:39:10,517 - INFO -     >>> Val MAE Details: ['259.4297', '242.4330', '230.3953', '314.7833', '327.1905', '314.0692', '300.0745']
2026-04-08 00:39:10,517 - INFO - ⏳ No improvement. Patience: 30/50
2026-04-08 00:41:16,161 - INFO - [Epoch 123] Train Loss: 0.0984 | LR: 0.000064
2026-04-08 00:41:16,161 - INFO -     >>> Val Avg RMSE (Real): 386.5666
2026-04-08 00:41:16,161 - INFO -     >>> Val MAE Details: ['268.4640', '255.7202', '232.6019', '317.9077', '326.5197', '315.8142', '305.6146']
2026-04-08 00:41:16,161 - INFO - ⏳ No improvement. Patience: 31/50
2026-04-08 00:43:22,170 - INFO - [Epoch 124] Train Loss: 0.0987 | LR: 0.000063
2026-04-08 00:43:22,170 - INFO -     >>> Val Avg RMSE (Real): 384.2876
2026-04-08 00:43:22,170 - INFO -     >>> Val MAE Details: ['272.2448', '245.8367', '231.5763', '311.8389', '330.6904', '312.0081', '300.6898']
2026-04-08 00:43:22,170 - INFO - ⏳ No improvement. Patience: 32/50
2026-04-08 00:45:26,750 - INFO - [Epoch 125] Train Loss: 0.0980 | LR: 0.000063
2026-04-08 00:45:26,750 - INFO -     >>> Val Avg RMSE (Real): 390.6218
2026-04-08 00:45:26,750 - INFO -     >>> Val MAE Details: ['266.1671', '248.2298', '241.5073', '316.6223', '325.0225', '313.5202', '303.5670']
2026-04-08 00:45:26,751 - INFO - ⏳ No improvement. Patience: 33/50
2026-04-08 00:47:30,394 - INFO - [Epoch 126] Train Loss: 0.0982 | LR: 0.000062
2026-04-08 00:47:30,394 - INFO -     >>> Val Avg RMSE (Real): 382.2227
2026-04-08 00:47:30,394 - INFO -     >>> Val MAE Details: ['255.1880', '236.4852', '231.4591', '305.2504', '323.2438', '313.7630', '302.5485']
2026-04-08 00:47:30,395 - INFO - ⏳ No improvement. Patience: 34/50
2026-04-08 00:49:35,809 - INFO - [Epoch 127] Train Loss: 0.0983 | LR: 0.000062
2026-04-08 00:49:35,809 - INFO -     >>> Val Avg RMSE (Real): 388.3804
2026-04-08 00:49:35,810 - INFO -     >>> Val MAE Details: ['266.6651', '246.0552', '232.9085', '317.1332', '323.0502', '312.8037', '305.2645']
2026-04-08 00:49:35,810 - INFO - ⏳ No improvement. Patience: 35/50
2026-04-08 00:51:42,417 - INFO - [Epoch 128] Train Loss: 0.0982 | LR: 0.000061
2026-04-08 00:51:42,417 - INFO -     >>> Val Avg RMSE (Real): 385.4805
2026-04-08 00:51:42,417 - INFO -     >>> Val MAE Details: ['259.2892', '237.6491', '231.0647', '314.5489', '321.2178', '319.7558', '302.7301']
2026-04-08 00:51:42,417 - INFO - ⏳ No improvement. Patience: 36/50
2026-04-08 00:53:47,858 - INFO - [Epoch 129] Train Loss: 0.0967 | LR: 0.000061
2026-04-08 00:53:47,858 - INFO -     >>> Val Avg RMSE (Real): 382.9397
2026-04-08 00:53:47,858 - INFO -     >>> Val MAE Details: ['256.0734', '241.7233', '235.2412', '313.0796', '327.9533', '311.1780', '301.9146']
2026-04-08 00:53:47,858 - INFO - ⏳ No improvement. Patience: 37/50
2026-04-08 00:56:02,241 - INFO - [Epoch 130] Train Loss: 0.0968 | LR: 0.000060
2026-04-08 00:56:02,241 - INFO -     >>> Val Avg RMSE (Real): 388.6086
2026-04-08 00:56:02,241 - INFO -     >>> Val MAE Details: ['259.3809', '243.0355', '238.7445', '307.5577', '320.5462', '322.5344', '311.3542']
2026-04-08 00:56:02,241 - INFO - ⏳ No improvement. Patience: 38/50
2026-04-08 00:58:14,108 - INFO - [Epoch 131] Train Loss: 0.0964 | LR: 0.000060
2026-04-08 00:58:14,108 - INFO -     >>> Val Avg RMSE (Real): 390.3596
2026-04-08 00:58:14,108 - INFO -     >>> Val MAE Details: ['263.7248', '239.5662', '229.6338', '320.8181', '322.3007', '332.4029', '309.3521']
2026-04-08 00:58:14,108 - INFO - ⏳ No improvement. Patience: 39/50
2026-04-08 01:00:23,018 - INFO - [Epoch 132] Train Loss: 0.0965 | LR: 0.000059
2026-04-08 01:00:23,018 - INFO -     >>> Val Avg RMSE (Real): 394.5877
2026-04-08 01:00:23,018 - INFO -     >>> Val MAE Details: ['269.7635', '252.3346', '248.7984', '314.9321', '333.1320', '322.1244', '312.1544']
2026-04-08 01:00:23,018 - INFO - ⏳ No improvement. Patience: 40/50
2026-04-08 01:02:31,370 - INFO - [Epoch 133] Train Loss: 0.0961 | LR: 0.000059
2026-04-08 01:02:31,370 - INFO -     >>> Val Avg RMSE (Real): 384.4936
2026-04-08 01:02:31,370 - INFO -     >>> Val MAE Details: ['269.6153', '235.3709', '229.8266', '320.8911', '325.5199', '311.8664', '295.5284']
2026-04-08 01:02:31,370 - INFO - ⏳ No improvement. Patience: 41/50
2026-04-08 01:04:37,170 - INFO - [Epoch 134] Train Loss: 0.0960 | LR: 0.000058
2026-04-08 01:04:37,171 - INFO -     >>> Val Avg RMSE (Real): 393.4600
2026-04-08 01:04:37,171 - INFO -     >>> Val MAE Details: ['269.0044', '241.6829', '233.5907', '313.7956', '347.2453', '324.6334', '302.8537']
2026-04-08 01:04:37,171 - INFO - ⏳ No improvement. Patience: 42/50
2026-04-08 01:06:43,064 - INFO - [Epoch 135] Train Loss: 0.0958 | LR: 0.000058
2026-04-08 01:06:43,064 - INFO -     >>> Val Avg RMSE (Real): 387.7611
2026-04-08 01:06:43,064 - INFO -     >>> Val MAE Details: ['257.8036', '242.2520', '231.1741', '309.9427', '334.0288', '316.8909', '305.9253']
2026-04-08 01:06:43,064 - INFO - ⏳ No improvement. Patience: 43/50
2026-04-08 01:08:47,452 - INFO - [Epoch 136] Train Loss: 0.0952 | LR: 0.000057
2026-04-08 01:08:47,452 - INFO -     >>> Val Avg RMSE (Real): 384.1658
2026-04-08 01:08:47,452 - INFO -     >>> Val MAE Details: ['260.9557', '241.7735', '243.0975', '308.5787', '326.4196', '309.9603', '296.2008']
2026-04-08 01:08:47,453 - INFO - ⏳ No improvement. Patience: 44/50
2026-04-08 01:10:50,677 - INFO - [Epoch 137] Train Loss: 0.0950 | LR: 0.000057
2026-04-08 01:10:50,677 - INFO -     >>> Val Avg RMSE (Real): 385.8648
2026-04-08 01:10:50,677 - INFO -     >>> Val MAE Details: ['266.8107', '239.2268', '237.9960', '310.9441', '323.8403', '310.9123', '301.0521']
2026-04-08 01:10:50,677 - INFO - ⏳ No improvement. Patience: 45/50
2026-04-08 01:12:55,731 - INFO - [Epoch 138] Train Loss: 0.0947 | LR: 0.000056
2026-04-08 01:12:55,731 - INFO -     >>> Val Avg RMSE (Real): 385.7837
2026-04-08 01:12:55,731 - INFO -     >>> Val MAE Details: ['259.5831', '238.3856', '235.1290', '311.8807', '328.3532', '316.1360', '303.2338']
2026-04-08 01:12:55,731 - INFO - ⏳ No improvement. Patience: 46/50
2026-04-08 01:14:58,903 - INFO - [Epoch 139] Train Loss: 0.0945 | LR: 0.000056
2026-04-08 01:14:58,903 - INFO -     >>> Val Avg RMSE (Real): 383.5878
2026-04-08 01:14:58,903 - INFO -     >>> Val MAE Details: ['257.9657', '238.2273', '246.1956', '311.7438', '319.7227', '310.4711', '298.2863']
2026-04-08 01:14:58,903 - INFO - ⏳ No improvement. Patience: 47/50
2026-04-08 01:16:57,303 - INFO - [Epoch 140] Train Loss: 0.0944 | LR: 0.000055
2026-04-08 01:16:57,303 - INFO -     >>> Val Avg RMSE (Real): 390.9731
2026-04-08 01:16:57,303 - INFO -     >>> Val MAE Details: ['267.3086', '244.6978', '234.1237', '318.2157', '328.0411', '319.6807', '303.8948']
2026-04-08 01:16:57,303 - INFO - ⏳ No improvement. Patience: 48/50
2026-04-08 01:18:12,522 - INFO - [Epoch 141] Train Loss: 0.0941 | LR: 0.000055
2026-04-08 01:18:12,523 - INFO -     >>> Val Avg RMSE (Real): 389.8340
2026-04-08 01:18:12,523 - INFO -     >>> Val MAE Details: ['264.8884', '238.7565', '228.0719', '318.7260', '332.9398', '319.3580', '306.6784']
2026-04-08 01:18:12,523 - INFO - ⏳ No improvement. Patience: 49/50
2026-04-08 01:19:49,526 - INFO - [Epoch 142] Train Loss: 0.0939 | LR: 0.000054
2026-04-08 01:19:49,527 - INFO -     >>> Val Avg RMSE (Real): 383.0639
2026-04-08 01:19:49,527 - INFO -     >>> Val MAE Details: ['271.9192', '241.9050', '233.6981', '307.2513', '324.8969', '315.4510', '301.9075']
2026-04-08 01:19:49,527 - INFO - ⏳ No improvement. Patience: 50/50
2026-04-08 01:19:49,527 - INFO - 🛑 Early Stopping triggered! Best RMSE: 378.5941
