2026-04-07 11:00:59,975 - INFO - 💾 Config files backed up to ./logs/ED5_repr_hybrid_fusion_DualCrossattention_visnet_MultiTask7_20260407_110059
2026-04-07 11:00:59,975 - INFO - 🎯 Multi-Task Targets (7): ['homo_2', 'homo_1', 'homo_0', 'lumo_0', 'lumo_1', 'lumo_2', 'lumo_3']
2026-04-07 11:00:59,975 - INFO - ========================================
2026-04-07 11:00:59,975 - INFO -         Training Configuration        
2026-04-07 11:00:59,975 - INFO - ========================================
2026-04-07 11:00:59,976 - INFO - 
{'data': {'dataset_mode': 'repr_hybrid_fusion',
          'grid_size': 0.1,
          'max_radius': 5.0,
          'pkl_path': '/home/zw/ED_all/data/ED5_OE/ed_homo_lumo_5w_1024_fusion.pkl',
          'targets': ['homo_2',
                      'homo_1',
                      'homo_0',
                      'lumo_0',
                      'lumo_1',
                      'lumo_2',
                      'lumo_3']},
 'model': {'interaction_radius': 2.0,
           'name': 'DualCrossattention_visnet',
           'ptv3': {'dec_channels': [64, 64, 128, 256],
                    'dec_num_head': [4, 8, 16, 32],
                    'drop_path_rate': 0.3,
                    'enc_channels': [32, 64, 128, 256, 512],
                    'enc_depths': [2, 2, 2, 6, 2],
                    'enc_num_head': [2, 4, 8, 16, 32],
                    'in_channels': 1,
                    'patch_size': 256},
           'visnet': {'activation': 'silu',
                      'attn_activation': 'silu',
                      'cutoff': 5.0,
                      'hidden_channels': 128,
                      'lmax': 2,
                      'max_num_neighbors': 32,
                      'max_z': 100,
                      'num_heads': 8,
                      'num_layers': 6,
                      'num_rbf': 32,
                      'rbf_type': 'expnorm',
                      'trainable_rbf': False,
                      'trainable_vecnorm': False,
                      'vecnorm_type': 'none',
                      'vertex_type': 'Edge'}},
 'train': {'batch_size': 32,
           'epochs': 300,
           'grad_norm_clip': 1.0,
           'lr': 0.0001,
           'patience': 50,
           'seed': 2025,
           'weight_decay': 0.0001}}
2026-04-07 11:00:59,976 - INFO - ========================================

2026-04-07 11:00:59,976 - INFO - 🚀 Start Training on Device: cuda
2026-04-07 11:00:59,976 - INFO - Loading Data...
2026-04-07 11:00:59,976 - INFO - Loading Dataset Mode: repr_hybrid_fusion...
2026-04-07 11:01:03,410 - INFO - Stats - Mean: [[-7445.8413  -6840.216   -6120.3984   -467.5637    424.04166  1219.15
   1809.3903 ]], Std: [[ 740.80115  706.1094   754.61444 1186.4424  1122.4873  1107.2244
  1080.7959 ]]
2026-04-07 11:01:03,410 - INFO - Building Model: DualCrossattention_visnet...
2026-04-07 11:01:09,382 - INFO - Total Parameters: 48.1311 M

2026-04-07 11:07:46,341 - INFO - [Epoch 1] Train Loss: 0.4502 | LR: 0.000100
2026-04-07 11:07:46,341 - INFO -     >>> Val Avg RMSE (Real): 543.4737
2026-04-07 11:07:46,341 - INFO -     >>> Val MAE Details: ['333.5337', '315.7276', '418.5871', '539.2102', '473.1831', '417.8152', '367.6008']
2026-04-07 11:07:47,008 - INFO - 💾 Saved Best Model to ./logs/ED5_repr_hybrid_fusion_DualCrossattention_visnet_MultiTask7_20260407_110059/best_model.pth
2026-04-07 11:14:46,029 - INFO - [Epoch 2] Train Loss: 0.2779 | LR: 0.000100
2026-04-07 11:14:46,030 - INFO -     >>> Val Avg RMSE (Real): 933.7308
2026-04-07 11:14:46,030 - INFO -     >>> Val MAE Details: ['596.0758', '370.2637', '393.2883', '1057.8871', '1337.0229', '838.2083', '621.3999']
2026-04-07 11:14:46,030 - INFO - ⏳ No improvement. Patience: 1/50
2026-04-07 11:21:43,025 - INFO - [Epoch 3] Train Loss: 0.2475 | LR: 0.000100
2026-04-07 11:21:43,026 - INFO -     >>> Val Avg RMSE (Real): 564.6603
2026-04-07 11:21:43,026 - INFO -     >>> Val MAE Details: ['284.9437', '286.7271', '368.1249', '607.5864', '601.2256', '424.7227', '369.3834']
2026-04-07 11:21:43,026 - INFO - ⏳ No improvement. Patience: 2/50
2026-04-07 11:28:42,860 - INFO - [Epoch 4] Train Loss: 0.2281 | LR: 0.000100
2026-04-07 11:28:42,861 - INFO -     >>> Val Avg RMSE (Real): 499.6176
2026-04-07 11:28:42,861 - INFO -     >>> Val MAE Details: ['381.4924', '332.0981', '335.6823', '477.5273', '399.3928', '356.1835', '358.0822']
2026-04-07 11:28:43,881 - INFO - 💾 Saved Best Model to ./logs/ED5_repr_hybrid_fusion_DualCrossattention_visnet_MultiTask7_20260407_110059/best_model.pth
2026-04-07 11:35:42,471 - INFO - [Epoch 5] Train Loss: 0.2121 | LR: 0.000100
2026-04-07 11:35:42,472 - INFO -     >>> Val Avg RMSE (Real): 509.4465
2026-04-07 11:35:42,472 - INFO -     >>> Val MAE Details: ['391.9088', '368.0573', '330.2188', '467.0187', '411.7247', '371.2406', '370.6585']
2026-04-07 11:35:42,472 - INFO - ⏳ No improvement. Patience: 1/50
2026-04-07 11:42:39,472 - INFO - [Epoch 6] Train Loss: 0.2003 | LR: 0.000100
2026-04-07 11:42:39,473 - INFO -     >>> Val Avg RMSE (Real): 568.8834
2026-04-07 11:42:39,473 - INFO -     >>> Val MAE Details: ['431.3942', '358.7784', '421.5153', '523.2645', '490.7285', '392.7776', '436.6680']
2026-04-07 11:42:39,473 - INFO - ⏳ No improvement. Patience: 2/50
2026-04-07 11:49:37,792 - INFO - [Epoch 7] Train Loss: 0.1894 | LR: 0.000100
2026-04-07 11:49:37,793 - INFO -     >>> Val Avg RMSE (Real): 486.2864
2026-04-07 11:49:37,793 - INFO -     >>> Val MAE Details: ['279.6054', '274.5076', '301.0512', '526.2326', '398.4521', '430.4882', '372.4796']
2026-04-07 11:49:38,703 - INFO - 💾 Saved Best Model to ./logs/ED5_repr_hybrid_fusion_DualCrossattention_visnet_MultiTask7_20260407_110059/best_model.pth
2026-04-07 11:56:36,927 - INFO - [Epoch 8] Train Loss: 0.1783 | LR: 0.000100
2026-04-07 11:56:36,928 - INFO -     >>> Val Avg RMSE (Real): 532.8437
2026-04-07 11:56:36,928 - INFO -     >>> Val MAE Details: ['353.8278', '303.8354', '317.9487', '532.1172', '531.6990', '388.1144', '386.1806']
2026-04-07 11:56:36,928 - INFO - ⏳ No improvement. Patience: 1/50
2026-04-07 12:03:27,518 - INFO - [Epoch 9] Train Loss: 0.1703 | LR: 0.000100
2026-04-07 12:03:27,518 - INFO -     >>> Val Avg RMSE (Real): 787.7327
2026-04-07 12:03:27,519 - INFO -     >>> Val MAE Details: ['449.3194', '461.4691', '618.7869', '690.0671', '997.4144', '739.1748', '549.2882']
2026-04-07 12:03:27,519 - INFO - ⏳ No improvement. Patience: 2/50
2026-04-07 12:10:23,503 - INFO - [Epoch 10] Train Loss: 0.1622 | LR: 0.000100
2026-04-07 12:10:23,504 - INFO -     >>> Val Avg RMSE (Real): 443.7076
2026-04-07 12:10:23,504 - INFO -     >>> Val MAE Details: ['264.3849', '257.5447', '288.0941', '435.6684', '419.9907', '338.7857', '306.7565']
2026-04-07 12:10:24,414 - INFO - 💾 Saved Best Model to ./logs/ED5_repr_hybrid_fusion_DualCrossattention_visnet_MultiTask7_20260407_110059/best_model.pth
2026-04-07 12:17:19,651 - INFO - [Epoch 11] Train Loss: 0.1555 | LR: 0.000100
2026-04-07 12:17:19,652 - INFO -     >>> Val Avg RMSE (Real): 591.4132
2026-04-07 12:17:19,652 - INFO -     >>> Val MAE Details: ['373.2517', '309.7767', '441.2200', '534.5776', '492.8813', '481.9206', '425.8321']
2026-04-07 12:17:19,652 - INFO - ⏳ No improvement. Patience: 1/50
2026-04-07 12:24:16,688 - INFO - [Epoch 12] Train Loss: 0.1504 | LR: 0.000100
2026-04-07 12:24:16,689 - INFO -     >>> Val Avg RMSE (Real): 373.7260
2026-04-07 12:24:16,689 - INFO -     >>> Val MAE Details: ['246.3265', '233.7854', '247.6580', '328.8731', '307.2499', '303.0600', '293.9370']
2026-04-07 12:24:17,618 - INFO - 💾 Saved Best Model to ./logs/ED5_repr_hybrid_fusion_DualCrossattention_visnet_MultiTask7_20260407_110059/best_model.pth
2026-04-07 12:31:15,949 - INFO - [Epoch 13] Train Loss: 0.1450 | LR: 0.000100
2026-04-07 12:31:15,950 - INFO -     >>> Val Avg RMSE (Real): 519.5676
2026-04-07 12:31:15,950 - INFO -     >>> Val MAE Details: ['286.1132', '332.0989', '344.7836', '408.8573', '525.0582', '515.4579', '359.2920']
2026-04-07 12:31:15,950 - INFO - ⏳ No improvement. Patience: 1/50
2026-04-07 12:38:10,743 - INFO - [Epoch 14] Train Loss: 0.1415 | LR: 0.000099
2026-04-07 12:38:10,743 - INFO -     >>> Val Avg RMSE (Real): 623.3908
2026-04-07 12:38:10,743 - INFO -     >>> Val MAE Details: ['434.9971', '474.4142', '405.1371', '654.7225', '582.4232', '495.9724', '428.4245']
2026-04-07 12:38:10,743 - INFO - ⏳ No improvement. Patience: 2/50
2026-04-07 12:45:07,666 - INFO - [Epoch 15] Train Loss: 0.1377 | LR: 0.000099
2026-04-07 12:45:07,666 - INFO -     >>> Val Avg RMSE (Real): 391.7323
2026-04-07 12:45:07,666 - INFO -     >>> Val MAE Details: ['241.4385', '236.5269', '255.5308', '356.6948', '339.1104', '322.1819', '320.4661']
2026-04-07 12:45:07,666 - INFO - ⏳ No improvement. Patience: 3/50
2026-04-07 12:52:04,717 - INFO - [Epoch 16] Train Loss: 0.1337 | LR: 0.000099
2026-04-07 12:52:04,717 - INFO -     >>> Val Avg RMSE (Real): 385.7478
2026-04-07 12:52:04,717 - INFO -     >>> Val MAE Details: ['237.6976', '248.5793', '252.1134', '320.6702', '310.2498', '309.3473', '293.7145']
2026-04-07 12:52:04,717 - INFO - ⏳ No improvement. Patience: 4/50
2026-04-07 12:59:03,166 - INFO - [Epoch 17] Train Loss: 0.1311 | LR: 0.000099
2026-04-07 12:59:03,167 - INFO -     >>> Val Avg RMSE (Real): 374.6546
2026-04-07 12:59:03,167 - INFO -     >>> Val MAE Details: ['244.0561', '229.0258', '238.7904', '325.6482', '316.7873', '316.0622', '309.5311']
2026-04-07 12:59:03,167 - INFO - ⏳ No improvement. Patience: 5/50
2026-04-07 13:06:00,406 - INFO - [Epoch 18] Train Loss: 0.1277 | LR: 0.000099
2026-04-07 13:06:00,407 - INFO -     >>> Val Avg RMSE (Real): 365.9200
2026-04-07 13:06:00,407 - INFO -     >>> Val MAE Details: ['227.5756', '229.5220', '240.6026', '287.3850', '327.0853', '293.2361', '298.3231']
2026-04-07 13:06:01,302 - INFO - 💾 Saved Best Model to ./logs/ED5_repr_hybrid_fusion_DualCrossattention_visnet_MultiTask7_20260407_110059/best_model.pth
2026-04-07 13:12:57,858 - INFO - [Epoch 19] Train Loss: 0.1262 | LR: 0.000099
2026-04-07 13:12:57,859 - INFO -     >>> Val Avg RMSE (Real): 470.8605
2026-04-07 13:12:57,859 - INFO -     >>> Val MAE Details: ['295.1053', '251.1656', '249.7137', '491.2456', '421.3830', '392.7001', '410.0895']
2026-04-07 13:12:57,859 - INFO - ⏳ No improvement. Patience: 1/50
2026-04-07 13:19:55,990 - INFO - [Epoch 20] Train Loss: 0.1238 | LR: 0.000099
2026-04-07 13:19:55,990 - INFO -     >>> Val Avg RMSE (Real): 368.5785
2026-04-07 13:19:55,990 - INFO -     >>> Val MAE Details: ['228.3508', '226.5773', '248.2368', '328.7719', '308.8494', '299.5713', '279.6507']
2026-04-07 13:19:55,990 - INFO - ⏳ No improvement. Patience: 2/50
2026-04-07 13:26:52,574 - INFO - [Epoch 21] Train Loss: 0.1216 | LR: 0.000099
2026-04-07 13:26:52,574 - INFO -     >>> Val Avg RMSE (Real): 372.4576
2026-04-07 13:26:52,574 - INFO -     >>> Val MAE Details: ['246.7924', '236.1088', '244.2846', '324.2581', '299.3431', '309.8725', '298.0416']
2026-04-07 13:26:52,574 - INFO - ⏳ No improvement. Patience: 3/50
2026-04-07 13:33:48,654 - INFO - [Epoch 22] Train Loss: 0.1193 | LR: 0.000099
2026-04-07 13:33:48,654 - INFO -     >>> Val Avg RMSE (Real): 405.4432
2026-04-07 13:33:48,654 - INFO -     >>> Val MAE Details: ['226.0396', '224.1813', '236.2789', '367.5215', '390.5232', '358.1934', '340.4337']
2026-04-07 13:33:48,655 - INFO - ⏳ No improvement. Patience: 4/50
2026-04-07 13:40:44,528 - INFO - [Epoch 23] Train Loss: 0.1177 | LR: 0.000099
2026-04-07 13:40:44,528 - INFO -     >>> Val Avg RMSE (Real): 385.9794
2026-04-07 13:40:44,528 - INFO -     >>> Val MAE Details: ['230.7975', '218.3283', '250.0156', '327.9662', '333.4580', '326.6234', '326.4248']
2026-04-07 13:40:44,528 - INFO - ⏳ No improvement. Patience: 5/50
2026-04-07 13:47:41,127 - INFO - [Epoch 24] Train Loss: 0.1148 | LR: 0.000098
2026-04-07 13:47:41,128 - INFO -     >>> Val Avg RMSE (Real): 436.7135
2026-04-07 13:47:41,128 - INFO -     >>> Val MAE Details: ['283.6405', '253.5429', '246.3511', '401.0225', '374.2332', '383.5611', '370.7097']
2026-04-07 13:47:41,128 - INFO - ⏳ No improvement. Patience: 6/50
2026-04-07 13:54:38,430 - INFO - [Epoch 25] Train Loss: 0.1133 | LR: 0.000098
2026-04-07 13:54:38,431 - INFO -     >>> Val Avg RMSE (Real): 330.8743
2026-04-07 13:54:38,431 - INFO -     >>> Val MAE Details: ['216.9214', '210.3639', '227.0068', '271.2171', '273.9472', '269.1938', '267.0247']
2026-04-07 13:54:39,344 - INFO - 💾 Saved Best Model to ./logs/ED5_repr_hybrid_fusion_DualCrossattention_visnet_MultiTask7_20260407_110059/best_model.pth
2026-04-07 14:01:37,126 - INFO - [Epoch 26] Train Loss: 0.1129 | LR: 0.000098
2026-04-07 14:01:37,126 - INFO -     >>> Val Avg RMSE (Real): 349.7615
2026-04-07 14:01:37,127 - INFO -     >>> Val MAE Details: ['225.5310', '220.3257', '230.4832', '285.6870', '293.8405', '285.7998', '276.1945']
2026-04-07 14:01:37,127 - INFO - ⏳ No improvement. Patience: 1/50
2026-04-07 14:08:34,332 - INFO - [Epoch 27] Train Loss: 0.1110 | LR: 0.000098
2026-04-07 14:08:34,333 - INFO -     >>> Val Avg RMSE (Real): 415.1252
2026-04-07 14:08:34,333 - INFO -     >>> Val MAE Details: ['246.2441', '221.0034', '239.2196', '360.5119', '351.8851', '391.7817', '374.8454']
2026-04-07 14:08:34,333 - INFO - ⏳ No improvement. Patience: 2/50
2026-04-07 14:15:30,909 - INFO - [Epoch 28] Train Loss: 0.1104 | LR: 0.000098
2026-04-07 14:15:30,909 - INFO -     >>> Val Avg RMSE (Real): 378.5407
2026-04-07 14:15:30,909 - INFO -     >>> Val MAE Details: ['259.3073', '246.0961', '243.9171', '308.3935', '294.7033', '301.8616', '288.8064']
2026-04-07 14:15:30,910 - INFO - ⏳ No improvement. Patience: 3/50
2026-04-07 14:22:28,456 - INFO - [Epoch 29] Train Loss: 0.1083 | LR: 0.000098
2026-04-07 14:22:28,457 - INFO -     >>> Val Avg RMSE (Real): 504.4593
2026-04-07 14:22:28,457 - INFO -     >>> Val MAE Details: ['268.9612', '235.5854', '253.7010', '507.1660', '455.5233', '472.4124', '466.5380']
2026-04-07 14:22:28,457 - INFO - ⏳ No improvement. Patience: 4/50
2026-04-07 14:29:25,074 - INFO - [Epoch 30] Train Loss: 0.1070 | LR: 0.000098
2026-04-07 14:29:25,074 - INFO -     >>> Val Avg RMSE (Real): 353.6866
2026-04-07 14:29:25,074 - INFO -     >>> Val MAE Details: ['227.6605', '223.9123', '222.4013', '299.2559', '291.5786', '295.9138', '301.4700']
2026-04-07 14:29:25,074 - INFO - ⏳ No improvement. Patience: 5/50
2026-04-07 14:36:20,786 - INFO - [Epoch 31] Train Loss: 0.1058 | LR: 0.000097
2026-04-07 14:36:20,786 - INFO -     >>> Val Avg RMSE (Real): 365.6211
2026-04-07 14:36:20,787 - INFO -     >>> Val MAE Details: ['236.0699', '228.8725', '220.6983', '294.9552', '308.1414', '285.0219', '291.3027']
2026-04-07 14:36:20,787 - INFO - ⏳ No improvement. Patience: 6/50
2026-04-07 14:43:16,598 - INFO - [Epoch 32] Train Loss: 0.1051 | LR: 0.000097
2026-04-07 14:43:16,598 - INFO -     >>> Val Avg RMSE (Real): 388.3964
2026-04-07 14:43:16,598 - INFO -     >>> Val MAE Details: ['241.0430', '218.9384', '220.8064', '315.3579', '312.2950', '351.0501', '359.5298']
2026-04-07 14:43:16,598 - INFO - ⏳ No improvement. Patience: 7/50
2026-04-07 14:50:14,075 - INFO - [Epoch 33] Train Loss: 0.1040 | LR: 0.000097
2026-04-07 14:50:14,076 - INFO -     >>> Val Avg RMSE (Real): 404.2980
2026-04-07 14:50:14,076 - INFO -     >>> Val MAE Details: ['254.3486', '227.5546', '228.5143', '407.6968', '372.3312', '328.1250', '329.3228']
2026-04-07 14:50:14,076 - INFO - ⏳ No improvement. Patience: 8/50
2026-04-07 14:57:09,447 - INFO - [Epoch 34] Train Loss: 0.1021 | LR: 0.000097
2026-04-07 14:57:09,448 - INFO -     >>> Val Avg RMSE (Real): 321.3642
2026-04-07 14:57:09,448 - INFO -     >>> Val MAE Details: ['220.2076', '208.4647', '211.1289', '258.1341', '270.8154', '261.2370', '251.1260']
2026-04-07 14:57:10,370 - INFO - 💾 Saved Best Model to ./logs/ED5_repr_hybrid_fusion_DualCrossattention_visnet_MultiTask7_20260407_110059/best_model.pth
2026-04-07 15:04:05,801 - INFO - [Epoch 35] Train Loss: 0.1018 | LR: 0.000097
2026-04-07 15:04:05,801 - INFO -     >>> Val Avg RMSE (Real): 404.6712
2026-04-07 15:04:05,801 - INFO -     >>> Val MAE Details: ['264.9505', '241.7802', '222.7449', '388.7405', '362.7585', '376.5176', '323.5418']
2026-04-07 15:04:05,801 - INFO - ⏳ No improvement. Patience: 1/50
2026-04-07 15:11:03,220 - INFO - [Epoch 36] Train Loss: 0.1006 | LR: 0.000096
2026-04-07 15:11:03,220 - INFO -     >>> Val Avg RMSE (Real): 386.8520
2026-04-07 15:11:03,220 - INFO -     >>> Val MAE Details: ['237.5944', '222.7008', '215.5281', '351.3788', '367.9857', '325.3531', '333.4417']
2026-04-07 15:11:03,221 - INFO - ⏳ No improvement. Patience: 2/50
2026-04-07 15:17:59,276 - INFO - [Epoch 37] Train Loss: 0.0996 | LR: 0.000096
2026-04-07 15:17:59,277 - INFO -     >>> Val Avg RMSE (Real): 386.7510
2026-04-07 15:17:59,277 - INFO -     >>> Val MAE Details: ['239.6859', '238.2712', '219.0197', '284.6271', '343.4151', '332.5990', '340.2018']
2026-04-07 15:17:59,277 - INFO - ⏳ No improvement. Patience: 3/50
2026-04-07 15:24:54,822 - INFO - [Epoch 38] Train Loss: 0.0990 | LR: 0.000096
2026-04-07 15:24:54,822 - INFO -     >>> Val Avg RMSE (Real): 426.7264
2026-04-07 15:24:54,822 - INFO -     >>> Val MAE Details: ['240.6374', '233.5031', '239.4133', '360.9853', '396.1862', '385.7336', '360.2567']
2026-04-07 15:24:54,822 - INFO - ⏳ No improvement. Patience: 4/50
2026-04-07 15:31:50,735 - INFO - [Epoch 39] Train Loss: 0.0973 | LR: 0.000096
2026-04-07 15:31:50,735 - INFO -     >>> Val Avg RMSE (Real): 325.8586
2026-04-07 15:31:50,735 - INFO -     >>> Val MAE Details: ['220.7191', '206.4849', '207.4426', '252.3280', '263.8900', '276.8353', '269.2918']
2026-04-07 15:31:50,735 - INFO - ⏳ No improvement. Patience: 5/50
2026-04-07 15:38:47,569 - INFO - [Epoch 40] Train Loss: 0.0963 | LR: 0.000096
2026-04-07 15:38:47,569 - INFO -     >>> Val Avg RMSE (Real): 369.2690
2026-04-07 15:38:47,569 - INFO -     >>> Val MAE Details: ['238.7566', '226.7355', '225.6779', '337.8795', '332.4837', '280.9598', '275.1051']
2026-04-07 15:38:47,569 - INFO - ⏳ No improvement. Patience: 6/50
2026-04-07 15:45:44,223 - INFO - [Epoch 41] Train Loss: 0.0956 | LR: 0.000095
2026-04-07 15:45:44,223 - INFO -     >>> Val Avg RMSE (Real): 371.1758
2026-04-07 15:45:44,223 - INFO -     >>> Val MAE Details: ['226.6296', '216.3828', '219.9324', '296.6742', '310.6515', '324.6012', '333.1774']
2026-04-07 15:45:44,223 - INFO - ⏳ No improvement. Patience: 7/50
2026-04-07 15:52:39,349 - INFO - [Epoch 42] Train Loss: 0.0945 | LR: 0.000095
2026-04-07 15:52:39,349 - INFO -     >>> Val Avg RMSE (Real): 374.9299
2026-04-07 15:52:39,350 - INFO -     >>> Val MAE Details: ['228.0547', '218.1842', '210.2192', '341.6456', '322.4242', '315.8414', '335.7459']
2026-04-07 15:52:39,350 - INFO - ⏳ No improvement. Patience: 8/50
2026-04-07 15:59:37,036 - INFO - [Epoch 43] Train Loss: 0.0953 | LR: 0.000095
2026-04-07 15:59:37,037 - INFO -     >>> Val Avg RMSE (Real): 385.0860
2026-04-07 15:59:37,037 - INFO -     >>> Val MAE Details: ['226.4233', '253.8766', '221.2775', '320.6401', '344.8451', '334.2694', '341.9952']
2026-04-07 15:59:37,037 - INFO - ⏳ No improvement. Patience: 9/50
2026-04-07 16:06:34,536 - INFO - [Epoch 44] Train Loss: 0.0949 | LR: 0.000095
2026-04-07 16:06:34,536 - INFO -     >>> Val Avg RMSE (Real): 363.4785
2026-04-07 16:06:34,537 - INFO -     >>> Val MAE Details: ['243.1381', '241.0466', '226.5309', '272.4443', '325.7026', '305.7132', '282.8977']
2026-04-07 16:06:34,537 - INFO - ⏳ No improvement. Patience: 10/50
2026-04-07 16:13:30,189 - INFO - [Epoch 45] Train Loss: 0.0930 | LR: 0.000095
2026-04-07 16:13:30,189 - INFO -     >>> Val Avg RMSE (Real): 375.3637
2026-04-07 16:13:30,189 - INFO -     >>> Val MAE Details: ['230.4728', '219.4150', '214.5413', '285.9448', '319.2688', '313.8474', '331.2921']
2026-04-07 16:13:30,189 - INFO - ⏳ No improvement. Patience: 11/50
2026-04-07 16:20:27,967 - INFO - [Epoch 46] Train Loss: 0.0915 | LR: 0.000094
2026-04-07 16:20:27,968 - INFO -     >>> Val Avg RMSE (Real): 321.2569
2026-04-07 16:20:27,968 - INFO -     >>> Val MAE Details: ['213.4261', '212.3243', '200.9361', '246.9256', '255.0541', '263.9375', '257.8134']
2026-04-07 16:20:28,977 - INFO - 💾 Saved Best Model to ./logs/ED5_repr_hybrid_fusion_DualCrossattention_visnet_MultiTask7_20260407_110059/best_model.pth
2026-04-07 16:27:27,222 - INFO - [Epoch 47] Train Loss: 0.0910 | LR: 0.000094
2026-04-07 16:27:27,222 - INFO -     >>> Val Avg RMSE (Real): 383.5980
2026-04-07 16:27:27,223 - INFO -     >>> Val MAE Details: ['265.6135', '218.9943', '224.5215', '318.3261', '307.3387', '306.0865', '309.0439']
2026-04-07 16:27:27,223 - INFO - ⏳ No improvement. Patience: 1/50
2026-04-07 16:34:24,490 - INFO - [Epoch 48] Train Loss: 0.0903 | LR: 0.000094
2026-04-07 16:34:24,491 - INFO -     >>> Val Avg RMSE (Real): 323.7106
2026-04-07 16:34:24,491 - INFO -     >>> Val MAE Details: ['214.7304', '207.2895', '209.4854', '244.7004', '261.3341', '258.9794', '253.6247']
2026-04-07 16:34:24,491 - INFO - ⏳ No improvement. Patience: 2/50
2026-04-07 16:41:22,091 - INFO - [Epoch 49] Train Loss: 0.0896 | LR: 0.000094
2026-04-07 16:41:22,092 - INFO -     >>> Val Avg RMSE (Real): 453.8235
2026-04-07 16:41:22,092 - INFO -     >>> Val MAE Details: ['271.7193', '274.3418', '226.0807', '376.4240', '410.1021', '395.4207', '434.6659']
2026-04-07 16:41:22,092 - INFO - ⏳ No improvement. Patience: 3/50
2026-04-07 16:48:18,216 - INFO - [Epoch 50] Train Loss: 0.0884 | LR: 0.000093
2026-04-07 16:48:18,216 - INFO -     >>> Val Avg RMSE (Real): 349.3227
2026-04-07 16:48:18,216 - INFO -     >>> Val MAE Details: ['234.4006', '224.4969', '206.0224', '274.9298', '265.4876', '274.0898', '263.1359']
2026-04-07 16:48:18,216 - INFO - ⏳ No improvement. Patience: 4/50
2026-04-07 16:55:14,368 - INFO - [Epoch 51] Train Loss: 0.0872 | LR: 0.000093
2026-04-07 16:55:14,368 - INFO -     >>> Val Avg RMSE (Real): 366.1594
2026-04-07 16:55:14,368 - INFO -     >>> Val MAE Details: ['216.4796', '214.4812', '206.3409', '291.8263', '314.7943', '335.0716', '324.4873']
2026-04-07 16:55:14,369 - INFO - ⏳ No improvement. Patience: 5/50
2026-04-07 17:02:10,140 - INFO - [Epoch 52] Train Loss: 0.0876 | LR: 0.000093
2026-04-07 17:02:10,140 - INFO -     >>> Val Avg RMSE (Real): 322.2499
2026-04-07 17:02:10,140 - INFO -     >>> Val MAE Details: ['215.9679', '222.9156', '204.0475', '268.7212', '254.3301', '249.5743', '241.3671']
2026-04-07 17:02:10,141 - INFO - ⏳ No improvement. Patience: 6/50
2026-04-07 17:09:06,728 - INFO - [Epoch 53] Train Loss: 0.0870 | LR: 0.000092
2026-04-07 17:09:06,729 - INFO -     >>> Val Avg RMSE (Real): 337.8986
2026-04-07 17:09:06,729 - INFO -     >>> Val MAE Details: ['206.4943', '207.7621', '210.9729', '263.0134', '283.6678', '297.2310', '290.0681']
2026-04-07 17:09:06,729 - INFO - ⏳ No improvement. Patience: 7/50
2026-04-07 17:16:02,160 - INFO - [Epoch 54] Train Loss: 0.0863 | LR: 0.000092
2026-04-07 17:16:02,161 - INFO -     >>> Val Avg RMSE (Real): 399.6076
2026-04-07 17:16:02,161 - INFO -     >>> Val MAE Details: ['251.8922', '215.2822', '214.6431', '331.9336', '347.7540', '353.6936', '401.7521']
2026-04-07 17:16:02,161 - INFO - ⏳ No improvement. Patience: 8/50
2026-04-07 17:23:00,014 - INFO - [Epoch 55] Train Loss: 0.0851 | LR: 0.000092
2026-04-07 17:23:00,014 - INFO -     >>> Val Avg RMSE (Real): 399.2585
2026-04-07 17:23:00,014 - INFO -     >>> Val MAE Details: ['222.3660', '206.5719', '207.6087', '343.3080', '390.8438', '371.5714', '357.1637']
2026-04-07 17:23:00,015 - INFO - ⏳ No improvement. Patience: 9/50
2026-04-07 17:29:57,420 - INFO - [Epoch 56] Train Loss: 0.0842 | LR: 0.000092
2026-04-07 17:29:57,421 - INFO -     >>> Val Avg RMSE (Real): 373.9826
2026-04-07 17:29:57,421 - INFO -     >>> Val MAE Details: ['241.6803', '241.5401', '221.5683', '285.2370', '305.5121', '325.2083', '323.9377']
2026-04-07 17:29:57,421 - INFO - ⏳ No improvement. Patience: 10/50
2026-04-07 17:36:54,324 - INFO - [Epoch 57] Train Loss: 0.0846 | LR: 0.000091
2026-04-07 17:36:54,325 - INFO -     >>> Val Avg RMSE (Real): 365.8580
2026-04-07 17:36:54,325 - INFO -     >>> Val MAE Details: ['225.6607', '209.4082', '205.2852', '297.1733', '304.8331', '329.3315', '350.7130']
2026-04-07 17:36:54,325 - INFO - ⏳ No improvement. Patience: 11/50
2026-04-07 17:43:52,646 - INFO - [Epoch 58] Train Loss: 0.0839 | LR: 0.000091
2026-04-07 17:43:52,646 - INFO -     >>> Val Avg RMSE (Real): 350.8267
2026-04-07 17:43:52,647 - INFO -     >>> Val MAE Details: ['232.2133', '202.8909', '203.2227', '300.1081', '303.4069', '288.3198', '289.7489']
2026-04-07 17:43:52,647 - INFO - ⏳ No improvement. Patience: 12/50
2026-04-07 17:50:49,839 - INFO - [Epoch 59] Train Loss: 0.0833 | LR: 0.000091
2026-04-07 17:50:49,839 - INFO -     >>> Val Avg RMSE (Real): 463.8610
2026-04-07 17:50:49,839 - INFO -     >>> Val MAE Details: ['268.8051', '234.0745', '217.5954', '372.8712', '470.8370', '395.7767', '419.8253']
2026-04-07 17:50:49,839 - INFO - ⏳ No improvement. Patience: 13/50
2026-04-07 17:57:48,137 - INFO - [Epoch 60] Train Loss: 0.0830 | LR: 0.000090
2026-04-07 17:57:48,137 - INFO -     >>> Val Avg RMSE (Real): 432.0823
2026-04-07 17:57:48,137 - INFO -     >>> Val MAE Details: ['262.7924', '212.7204', '209.0463', '366.1183', '374.9835', '376.9992', '416.4902']
2026-04-07 17:57:48,137 - INFO - ⏳ No improvement. Patience: 14/50
2026-04-07 18:04:50,502 - INFO - [Epoch 61] Train Loss: 0.0813 | LR: 0.000090
2026-04-07 18:04:50,502 - INFO -     >>> Val Avg RMSE (Real): 433.1356
2026-04-07 18:04:50,502 - INFO -     >>> Val MAE Details: ['243.9254', '225.1490', '235.3712', '361.7720', '408.0762', '384.8163', '397.9217']
2026-04-07 18:04:50,502 - INFO - ⏳ No improvement. Patience: 15/50
2026-04-07 18:11:51,571 - INFO - [Epoch 62] Train Loss: 0.0807 | LR: 0.000090
2026-04-07 18:11:51,571 - INFO -     >>> Val Avg RMSE (Real): 403.9009
2026-04-07 18:11:51,572 - INFO -     >>> Val MAE Details: ['270.7756', '250.9604', '218.3271', '385.4622', '333.6317', '323.0695', '289.1156']
2026-04-07 18:11:51,572 - INFO - ⏳ No improvement. Patience: 16/50
2026-04-07 18:18:53,022 - INFO - [Epoch 63] Train Loss: 0.0812 | LR: 0.000090
2026-04-07 18:18:53,023 - INFO -     >>> Val Avg RMSE (Real): 402.2441
2026-04-07 18:18:53,023 - INFO -     >>> Val MAE Details: ['255.8651', '245.0305', '214.4798', '320.9163', '352.6378', '314.3576', '313.1431']
2026-04-07 18:18:53,023 - INFO - ⏳ No improvement. Patience: 17/50
2026-04-07 18:25:56,471 - INFO - [Epoch 64] Train Loss: 0.0808 | LR: 0.000089
2026-04-07 18:25:56,472 - INFO -     >>> Val Avg RMSE (Real): 316.9096
2026-04-07 18:25:56,472 - INFO -     >>> Val MAE Details: ['209.6816', '194.8319', '197.5199', '238.0013', '258.8719', '274.3647', '256.0503']
2026-04-07 18:25:57,519 - INFO - 💾 Saved Best Model to ./logs/ED5_repr_hybrid_fusion_DualCrossattention_visnet_MultiTask7_20260407_110059/best_model.pth
2026-04-07 18:33:00,755 - INFO - [Epoch 65] Train Loss: 0.0794 | LR: 0.000089
2026-04-07 18:33:00,755 - INFO -     >>> Val Avg RMSE (Real): 404.9169
2026-04-07 18:33:00,755 - INFO -     >>> Val MAE Details: ['223.9595', '208.3299', '220.3343', '342.6681', '380.0716', '368.4367', '368.5313']
2026-04-07 18:33:00,755 - INFO - ⏳ No improvement. Patience: 1/50
2026-04-07 18:40:05,594 - INFO - [Epoch 66] Train Loss: 0.0794 | LR: 0.000089
2026-04-07 18:40:05,595 - INFO -     >>> Val Avg RMSE (Real): 311.4874
2026-04-07 18:40:05,595 - INFO -     >>> Val MAE Details: ['207.5686', '198.5970', '194.2195', '251.9298', '238.8405', '253.3272', '237.2822']
2026-04-07 18:40:06,611 - INFO - 💾 Saved Best Model to ./logs/ED5_repr_hybrid_fusion_DualCrossattention_visnet_MultiTask7_20260407_110059/best_model.pth
2026-04-07 18:47:10,646 - INFO - [Epoch 67] Train Loss: 0.0782 | LR: 0.000088
2026-04-07 18:47:10,646 - INFO -     >>> Val Avg RMSE (Real): 394.0726
2026-04-07 18:47:10,646 - INFO -     >>> Val MAE Details: ['230.9366', '227.5069', '205.1463', '344.5687', '351.3273', '343.3297', '339.8687']
2026-04-07 18:47:10,646 - INFO - ⏳ No improvement. Patience: 1/50
2026-04-07 18:54:13,964 - INFO - [Epoch 68] Train Loss: 0.0785 | LR: 0.000088
2026-04-07 18:54:13,964 - INFO -     >>> Val Avg RMSE (Real): 426.4931
2026-04-07 18:54:13,964 - INFO -     >>> Val MAE Details: ['240.8053', '219.5262', '210.7892', '344.7032', '376.3233', '403.2160', '400.1956']
2026-04-07 18:54:13,964 - INFO - ⏳ No improvement. Patience: 2/50
2026-04-07 19:01:16,937 - INFO - [Epoch 69] Train Loss: 0.0772 | LR: 0.000088
2026-04-07 19:01:16,938 - INFO -     >>> Val Avg RMSE (Real): 359.6692
2026-04-07 19:01:16,938 - INFO -     >>> Val MAE Details: ['213.2931', '200.8931', '197.3661', '258.4706', '281.9428', '290.0571', '300.3126']
2026-04-07 19:01:16,938 - INFO - ⏳ No improvement. Patience: 3/50
2026-04-07 19:08:18,409 - INFO - [Epoch 70] Train Loss: 0.0770 | LR: 0.000087
2026-04-07 19:08:18,409 - INFO -     >>> Val Avg RMSE (Real): 365.6429
2026-04-07 19:08:18,409 - INFO -     >>> Val MAE Details: ['249.8667', '215.6110', '206.5897', '328.6070', '288.2492', '294.0970', '301.2179']
2026-04-07 19:08:18,409 - INFO - ⏳ No improvement. Patience: 4/50
2026-04-07 19:15:23,404 - INFO - [Epoch 71] Train Loss: 0.0772 | LR: 0.000087
2026-04-07 19:15:23,404 - INFO -     >>> Val Avg RMSE (Real): 311.4742
2026-04-07 19:15:23,404 - INFO -     >>> Val MAE Details: ['208.8356', '196.6273', '199.0078', '250.9153', '257.6215', '255.2090', '242.4044']
2026-04-07 19:15:24,344 - INFO - 💾 Saved Best Model to ./logs/ED5_repr_hybrid_fusion_DualCrossattention_visnet_MultiTask7_20260407_110059/best_model.pth
2026-04-07 19:22:27,519 - INFO - [Epoch 72] Train Loss: 0.0766 | LR: 0.000086
2026-04-07 19:22:27,519 - INFO -     >>> Val Avg RMSE (Real): 318.6359
2026-04-07 19:22:27,519 - INFO -     >>> Val MAE Details: ['202.2636', '204.2890', '192.5695', '233.6127', '246.6598', '267.5952', '257.6085']
2026-04-07 19:22:27,519 - INFO - ⏳ No improvement. Patience: 1/50
2026-04-07 19:29:30,988 - INFO - [Epoch 73] Train Loss: 0.0751 | LR: 0.000086
2026-04-07 19:29:30,988 - INFO -     >>> Val Avg RMSE (Real): 354.0411
2026-04-07 19:29:30,988 - INFO -     >>> Val MAE Details: ['228.1603', '201.0704', '213.6431', '296.0547', '283.0849', '292.3812', '309.2848']
2026-04-07 19:29:30,988 - INFO - ⏳ No improvement. Patience: 2/50
2026-04-07 19:36:34,338 - INFO - [Epoch 74] Train Loss: 0.0749 | LR: 0.000086
2026-04-07 19:36:34,338 - INFO -     >>> Val Avg RMSE (Real): 299.2902
2026-04-07 19:36:34,338 - INFO -     >>> Val MAE Details: ['200.6369', '189.0561', '191.8884', '224.5189', '241.1727', '245.2305', '236.9541']
2026-04-07 19:36:35,303 - INFO - 💾 Saved Best Model to ./logs/ED5_repr_hybrid_fusion_DualCrossattention_visnet_MultiTask7_20260407_110059/best_model.pth
2026-04-07 19:43:42,396 - INFO - [Epoch 75] Train Loss: 0.0753 | LR: 0.000085
2026-04-07 19:43:42,396 - INFO -     >>> Val Avg RMSE (Real): 357.2470
2026-04-07 19:43:42,396 - INFO -     >>> Val MAE Details: ['222.6842', '207.5616', '206.2175', '276.2266', '285.6792', '321.0025', '319.2321']
2026-04-07 19:43:42,396 - INFO - ⏳ No improvement. Patience: 1/50
2026-04-07 19:50:47,297 - INFO - [Epoch 76] Train Loss: 0.0738 | LR: 0.000085
2026-04-07 19:50:47,297 - INFO -     >>> Val Avg RMSE (Real): 309.9407
2026-04-07 19:50:47,297 - INFO -     >>> Val MAE Details: ['206.2807', '195.7704', '194.9751', '226.0899', '239.2880', '256.2465', '257.9017']
2026-04-07 19:50:47,297 - INFO - ⏳ No improvement. Patience: 2/50
2026-04-07 19:57:51,338 - INFO - [Epoch 77] Train Loss: 0.0735 | LR: 0.000085
2026-04-07 19:57:51,339 - INFO -     >>> Val Avg RMSE (Real): 468.2177
2026-04-07 19:57:51,339 - INFO -     >>> Val MAE Details: ['290.7816', '228.0841', '219.2073', '360.2953', '408.2620', '424.2826', '465.5474']
2026-04-07 19:57:51,339 - INFO - ⏳ No improvement. Patience: 3/50
2026-04-07 20:04:54,752 - INFO - [Epoch 78] Train Loss: 0.0726 | LR: 0.000084
2026-04-07 20:04:54,752 - INFO -     >>> Val Avg RMSE (Real): 415.1402
2026-04-07 20:04:54,753 - INFO -     >>> Val MAE Details: ['249.4001', '213.7743', '197.3927', '338.2872', '378.1720', '362.7538', '361.6365']
2026-04-07 20:04:54,753 - INFO - ⏳ No improvement. Patience: 4/50
2026-04-07 20:11:58,118 - INFO - [Epoch 79] Train Loss: 0.0730 | LR: 0.000084
2026-04-07 20:11:58,118 - INFO -     >>> Val Avg RMSE (Real): 309.5226
2026-04-07 20:11:58,118 - INFO -     >>> Val MAE Details: ['202.3870', '193.5963', '195.6526', '239.1913', '247.2540', '257.7309', '249.6355']
2026-04-07 20:11:58,118 - INFO - ⏳ No improvement. Patience: 5/50
2026-04-07 20:19:05,858 - INFO - [Epoch 80] Train Loss: 0.0717 | LR: 0.000083
2026-04-07 20:19:05,858 - INFO -     >>> Val Avg RMSE (Real): 437.5737
2026-04-07 20:19:05,859 - INFO -     >>> Val MAE Details: ['230.6187', '215.4711', '205.4840', '360.7249', '410.7594', '415.9779', '409.8855']
2026-04-07 20:19:05,859 - INFO - ⏳ No improvement. Patience: 6/50
2026-04-07 20:26:14,109 - INFO - [Epoch 81] Train Loss: 0.0716 | LR: 0.000083
2026-04-07 20:26:14,110 - INFO -     >>> Val Avg RMSE (Real): 449.2128
2026-04-07 20:26:14,110 - INFO -     >>> Val MAE Details: ['239.8033', '220.6597', '209.4716', '374.3485', '417.1754', '407.2107', '415.5460']
2026-04-07 20:26:14,110 - INFO - ⏳ No improvement. Patience: 7/50
2026-04-07 20:33:21,638 - INFO - [Epoch 82] Train Loss: 0.0711 | LR: 0.000083
2026-04-07 20:33:21,639 - INFO -     >>> Val Avg RMSE (Real): 325.0119
2026-04-07 20:33:21,639 - INFO -     >>> Val MAE Details: ['207.2200', '194.7985', '194.6942', '253.9680', '261.0742', '271.0968', '269.7644']
2026-04-07 20:33:21,639 - INFO - ⏳ No improvement. Patience: 8/50
2026-04-07 20:40:24,608 - INFO - [Epoch 83] Train Loss: 0.0708 | LR: 0.000082
2026-04-07 20:40:24,609 - INFO -     >>> Val Avg RMSE (Real): 437.8938
2026-04-07 20:40:24,609 - INFO -     >>> Val MAE Details: ['238.7035', '210.0955', '203.7971', '349.7050', '391.2310', '418.7173', '438.1009']
2026-04-07 20:40:24,609 - INFO - ⏳ No improvement. Patience: 9/50
2026-04-07 20:47:27,860 - INFO - [Epoch 84] Train Loss: 0.0707 | LR: 0.000082
2026-04-07 20:47:27,860 - INFO -     >>> Val Avg RMSE (Real): 350.5244
2026-04-07 20:47:27,861 - INFO -     >>> Val MAE Details: ['211.0368', '197.0453', '195.6181', '259.4348', '277.0503', '313.2936', '335.4500']
2026-04-07 20:47:27,861 - INFO - ⏳ No improvement. Patience: 10/50
2026-04-07 20:54:24,594 - INFO - [Epoch 85] Train Loss: 0.0698 | LR: 0.000081
2026-04-07 20:54:24,595 - INFO -     >>> Val Avg RMSE (Real): 387.9784
2026-04-07 20:54:24,595 - INFO -     >>> Val MAE Details: ['228.0703', '203.7640', '200.1889', '317.1583', '338.9131', '327.2711', '341.2883']
2026-04-07 20:54:24,595 - INFO - ⏳ No improvement. Patience: 11/50
2026-04-07 21:01:29,732 - INFO - [Epoch 86] Train Loss: 0.0693 | LR: 0.000081
2026-04-07 21:01:29,732 - INFO -     >>> Val Avg RMSE (Real): 456.8688
2026-04-07 21:01:29,732 - INFO -     >>> Val MAE Details: ['243.6466', '216.7240', '208.7778', '375.5827', '415.5920', '432.0816', '423.4297']
2026-04-07 21:01:29,733 - INFO - ⏳ No improvement. Patience: 12/50
2026-04-07 21:08:34,373 - INFO - [Epoch 87] Train Loss: 0.0696 | LR: 0.000081
2026-04-07 21:08:34,374 - INFO -     >>> Val Avg RMSE (Real): 363.3203
2026-04-07 21:08:34,374 - INFO -     >>> Val MAE Details: ['237.0504', '199.4337', '192.1592', '301.7791', '325.6619', '321.2571', '323.3495']
2026-04-07 21:08:34,374 - INFO - ⏳ No improvement. Patience: 13/50
2026-04-07 21:15:40,928 - INFO - [Epoch 88] Train Loss: 0.0694 | LR: 0.000080
2026-04-07 21:15:40,928 - INFO -     >>> Val Avg RMSE (Real): 358.3656
2026-04-07 21:15:40,929 - INFO -     >>> Val MAE Details: ['212.5047', '207.3446', '193.5542', '268.2916', '297.0348', '301.5218', '300.0740']
2026-04-07 21:15:40,929 - INFO - ⏳ No improvement. Patience: 14/50
2026-04-07 21:22:43,737 - INFO - [Epoch 89] Train Loss: 0.0694 | LR: 0.000080
2026-04-07 21:22:43,737 - INFO -     >>> Val Avg RMSE (Real): 452.0062
2026-04-07 21:22:43,737 - INFO -     >>> Val MAE Details: ['234.0276', '216.1724', '201.6662', '351.1992', '410.9329', '427.1269', '443.4365']
2026-04-07 21:22:43,737 - INFO - ⏳ No improvement. Patience: 15/50
2026-04-07 21:29:45,837 - INFO - [Epoch 90] Train Loss: 0.0684 | LR: 0.000079
2026-04-07 21:29:45,837 - INFO -     >>> Val Avg RMSE (Real): 437.7217
2026-04-07 21:29:45,837 - INFO -     >>> Val MAE Details: ['232.0702', '211.0207', '202.1705', '372.5693', '400.6523', '401.8350', '418.7699']
2026-04-07 21:29:45,837 - INFO - ⏳ No improvement. Patience: 16/50
2026-04-07 21:36:49,341 - INFO - [Epoch 91] Train Loss: 0.0683 | LR: 0.000079
2026-04-07 21:36:49,342 - INFO -     >>> Val Avg RMSE (Real): 423.0838
2026-04-07 21:36:49,342 - INFO -     >>> Val MAE Details: ['224.0577', '219.9883', '206.7203', '353.4978', '389.7987', '374.2257', '379.1994']
2026-04-07 21:36:49,342 - INFO - ⏳ No improvement. Patience: 17/50
2026-04-07 21:43:51,393 - INFO - [Epoch 92] Train Loss: 0.0676 | LR: 0.000079
2026-04-07 21:43:51,393 - INFO -     >>> Val Avg RMSE (Real): 450.6542
2026-04-07 21:43:51,393 - INFO -     >>> Val MAE Details: ['252.3746', '217.8480', '209.8657', '369.3560', '426.3859', '415.9286', '434.1869']
2026-04-07 21:43:51,393 - INFO - ⏳ No improvement. Patience: 18/50
2026-04-07 21:50:53,904 - INFO - [Epoch 93] Train Loss: 0.0676 | LR: 0.000078
2026-04-07 21:50:53,904 - INFO -     >>> Val Avg RMSE (Real): 334.6907
2026-04-07 21:50:53,904 - INFO -     >>> Val MAE Details: ['208.9312', '191.7010', '188.1786', '264.8629', '288.8839', '291.0588', '281.6162']
2026-04-07 21:50:53,904 - INFO - ⏳ No improvement. Patience: 19/50
2026-04-07 21:57:51,019 - INFO - [Epoch 94] Train Loss: 0.0668 | LR: 0.000078
2026-04-07 21:57:51,019 - INFO -     >>> Val Avg RMSE (Real): 386.4000
2026-04-07 21:57:51,019 - INFO -     >>> Val MAE Details: ['257.6497', '220.9280', '203.9565', '316.7485', '318.4608', '330.9870', '307.0630']
2026-04-07 21:57:51,019 - INFO - ⏳ No improvement. Patience: 20/50
2026-04-07 22:04:54,262 - INFO - [Epoch 95] Train Loss: 0.0660 | LR: 0.000077
2026-04-07 22:04:54,262 - INFO -     >>> Val Avg RMSE (Real): 324.9127
2026-04-07 22:04:54,262 - INFO -     >>> Val MAE Details: ['214.0999', '198.7119', '192.4498', '240.8231', '252.4178', '285.5978', '278.4466']
2026-04-07 22:04:54,262 - INFO - ⏳ No improvement. Patience: 21/50
2026-04-07 22:11:57,791 - INFO - [Epoch 96] Train Loss: 0.0658 | LR: 0.000077
2026-04-07 22:11:57,791 - INFO -     >>> Val Avg RMSE (Real): 590.6116
2026-04-07 22:11:57,791 - INFO -     >>> Val MAE Details: ['288.7133', '259.2100', '217.5005', '383.4527', '444.4037', '491.1895', '545.5497']
2026-04-07 22:11:57,792 - INFO - ⏳ No improvement. Patience: 22/50
2026-04-07 22:19:40,062 - INFO - [Epoch 97] Train Loss: 0.0660 | LR: 0.000076
2026-04-07 22:19:40,063 - INFO -     >>> Val Avg RMSE (Real): 428.6054
2026-04-07 22:19:40,063 - INFO -     >>> Val MAE Details: ['225.2295', '208.6768', '203.7622', '362.7133', '398.3178', '373.0018', '385.6629']
2026-04-07 22:19:40,063 - INFO - ⏳ No improvement. Patience: 23/50
2026-04-07 22:28:00,723 - INFO - [Epoch 98] Train Loss: 0.0652 | LR: 0.000076
2026-04-07 22:28:00,724 - INFO -     >>> Val Avg RMSE (Real): 446.2650
2026-04-07 22:28:00,724 - INFO -     >>> Val MAE Details: ['235.8811', '219.1376', '214.3561', '357.3355', '404.4675', '408.2598', '416.3385']
2026-04-07 22:28:00,724 - INFO - ⏳ No improvement. Patience: 24/50
2026-04-07 22:36:56,155 - INFO - [Epoch 99] Train Loss: 0.0649 | LR: 0.000075
2026-04-07 22:36:56,156 - INFO -     >>> Val Avg RMSE (Real): 649.5015
2026-04-07 22:36:56,156 - INFO -     >>> Val MAE Details: ['363.2833', '303.2740', '234.5523', '400.7308', '439.3943', '582.3679', '718.6910']
2026-04-07 22:36:56,156 - INFO - ⏳ No improvement. Patience: 25/50
2026-04-07 22:45:50,432 - INFO - [Epoch 100] Train Loss: 0.0647 | LR: 0.000075
2026-04-07 22:45:50,432 - INFO -     >>> Val Avg RMSE (Real): 465.3676
2026-04-07 22:45:50,433 - INFO -     >>> Val MAE Details: ['238.4183', '216.3502', '212.5000', '368.1793', '419.5632', '450.9298', '462.6891']
2026-04-07 22:45:50,433 - INFO - ⏳ No improvement. Patience: 26/50
2026-04-07 22:54:45,207 - INFO - [Epoch 101] Train Loss: 0.0664 | LR: 0.000075
2026-04-07 22:54:45,208 - INFO -     >>> Val Avg RMSE (Real): 439.6400
2026-04-07 22:54:45,208 - INFO -     >>> Val MAE Details: ['234.6587', '216.3443', '208.9535', '342.6446', '398.8179', '408.8874', '430.7477']
2026-04-07 22:54:45,208 - INFO - ⏳ No improvement. Patience: 27/50
2026-04-07 23:03:36,642 - INFO - [Epoch 102] Train Loss: 0.0641 | LR: 0.000074
2026-04-07 23:03:36,643 - INFO -     >>> Val Avg RMSE (Real): 446.0109
2026-04-07 23:03:36,643 - INFO -     >>> Val MAE Details: ['239.1628', '220.1944', '209.9484', '370.5039', '401.2442', '408.3524', '427.9168']
2026-04-07 23:03:36,643 - INFO - ⏳ No improvement. Patience: 28/50
2026-04-07 23:12:29,389 - INFO - [Epoch 103] Train Loss: 0.0638 | LR: 0.000074
2026-04-07 23:12:29,390 - INFO -     >>> Val Avg RMSE (Real): 414.9611
2026-04-07 23:12:29,390 - INFO -     >>> Val MAE Details: ['227.5882', '215.5715', '202.5198', '365.4975', '374.3038', '361.5874', '378.6488']
2026-04-07 23:12:29,390 - INFO - ⏳ No improvement. Patience: 29/50
2026-04-07 23:21:23,711 - INFO - [Epoch 104] Train Loss: 0.0638 | LR: 0.000073
2026-04-07 23:21:23,711 - INFO -     >>> Val Avg RMSE (Real): 382.8564
2026-04-07 23:21:23,711 - INFO -     >>> Val MAE Details: ['230.8871', '207.4337', '196.2376', '308.0680', '320.4214', '353.0395', '345.1957']
2026-04-07 23:21:23,711 - INFO - ⏳ No improvement. Patience: 30/50
2026-04-07 23:30:17,346 - INFO - [Epoch 105] Train Loss: 0.0627 | LR: 0.000073
2026-04-07 23:30:17,347 - INFO -     >>> Val Avg RMSE (Real): 1454.5890
2026-04-07 23:30:17,347 - INFO -     >>> Val MAE Details: ['895.4956', '620.3854', '326.1269', '543.9439', '881.6429', '1396.8969', '1852.4009']
2026-04-07 23:30:17,347 - INFO - ⏳ No improvement. Patience: 31/50
2026-04-07 23:38:58,614 - INFO - [Epoch 106] Train Loss: 0.0629 | LR: 0.000072
2026-04-07 23:38:58,614 - INFO -     >>> Val Avg RMSE (Real): 407.9883
2026-04-07 23:38:58,614 - INFO -     >>> Val MAE Details: ['233.6322', '207.9031', '206.5283', '322.9008', '360.3009', '381.8667', '386.1645']
2026-04-07 23:38:58,614 - INFO - ⏳ No improvement. Patience: 32/50
2026-04-07 23:47:51,493 - INFO - [Epoch 107] Train Loss: 0.0619 | LR: 0.000072
2026-04-07 23:47:51,494 - INFO -     >>> Val Avg RMSE (Real): 441.9125
2026-04-07 23:47:51,494 - INFO -     >>> Val MAE Details: ['231.7915', '219.7334', '229.0895', '363.8853', '388.3749', '394.7440', '411.5379']
2026-04-07 23:47:51,494 - INFO - ⏳ No improvement. Patience: 33/50
2026-04-07 23:56:45,244 - INFO - [Epoch 108] Train Loss: 0.0627 | LR: 0.000071
2026-04-07 23:56:45,244 - INFO -     >>> Val Avg RMSE (Real): 305.5376
2026-04-07 23:56:45,244 - INFO -     >>> Val MAE Details: ['199.2742', '186.8103', '185.3738', '230.9800', '239.5687', '256.0234', '243.5889']
2026-04-07 23:56:45,244 - INFO - ⏳ No improvement. Patience: 34/50
2026-04-08 00:05:37,904 - INFO - [Epoch 109] Train Loss: 0.0624 | LR: 0.000071
2026-04-08 00:05:37,905 - INFO -     >>> Val Avg RMSE (Real): 400.9043
2026-04-08 00:05:37,905 - INFO -     >>> Val MAE Details: ['219.9169', '202.2108', '196.9662', '296.3453', '313.1327', '315.1619', '319.3575']
2026-04-08 00:05:37,905 - INFO - ⏳ No improvement. Patience: 35/50
2026-04-08 00:14:30,731 - INFO - [Epoch 110] Train Loss: 0.0631 | LR: 0.000070
2026-04-08 00:14:30,732 - INFO -     >>> Val Avg RMSE (Real): 389.3978
2026-04-08 00:14:30,732 - INFO -     >>> Val MAE Details: ['213.3177', '207.0212', '195.7339', '307.3236', '335.1534', '330.3689', '339.0132']
2026-04-08 00:14:30,732 - INFO - ⏳ No improvement. Patience: 36/50
2026-04-08 00:23:23,365 - INFO - [Epoch 111] Train Loss: 0.0614 | LR: 0.000070
2026-04-08 00:23:23,366 - INFO -     >>> Val Avg RMSE (Real): 467.5290
2026-04-08 00:23:23,366 - INFO -     >>> Val MAE Details: ['279.2454', '226.0916', '207.3410', '367.2660', '381.8674', '404.3865', '488.9178']
2026-04-08 00:23:23,366 - INFO - ⏳ No improvement. Patience: 37/50
2026-04-08 00:32:15,501 - INFO - [Epoch 112] Train Loss: 0.0611 | LR: 0.000069
2026-04-08 00:32:15,502 - INFO -     >>> Val Avg RMSE (Real): 367.3092
2026-04-08 00:32:15,502 - INFO -     >>> Val MAE Details: ['214.1613', '200.5081', '196.1474', '305.6155', '314.1865', '312.9144', '315.3755']
2026-04-08 00:32:15,502 - INFO - ⏳ No improvement. Patience: 38/50
2026-04-08 00:41:10,463 - INFO - [Epoch 113] Train Loss: 0.0614 | LR: 0.000069
2026-04-08 00:41:10,464 - INFO -     >>> Val Avg RMSE (Real): 443.4116
2026-04-08 00:41:10,464 - INFO -     >>> Val MAE Details: ['237.6225', '215.5128', '230.1427', '401.9507', '403.1934', '401.6520', '404.3880']
2026-04-08 00:41:10,464 - INFO - ⏳ No improvement. Patience: 39/50
2026-04-08 00:50:02,874 - INFO - [Epoch 114] Train Loss: 0.0601 | LR: 0.000068
2026-04-08 00:50:02,874 - INFO -     >>> Val Avg RMSE (Real): 475.3164
2026-04-08 00:50:02,874 - INFO -     >>> Val MAE Details: ['245.2879', '227.0217', '215.4378', '373.3958', '412.9939', '427.6046', '443.8853']
2026-04-08 00:50:02,874 - INFO - ⏳ No improvement. Patience: 40/50
2026-04-08 00:58:55,917 - INFO - [Epoch 115] Train Loss: 0.0602 | LR: 0.000068
2026-04-08 00:58:55,918 - INFO -     >>> Val Avg RMSE (Real): 400.1932
2026-04-08 00:58:55,918 - INFO -     >>> Val MAE Details: ['223.9802', '204.7928', '198.4938', '315.4165', '355.0048', '373.6365', '381.5364']
2026-04-08 00:58:55,918 - INFO - ⏳ No improvement. Patience: 41/50
2026-04-08 01:07:49,888 - INFO - [Epoch 116] Train Loss: 0.0595 | LR: 0.000067
2026-04-08 01:07:49,889 - INFO -     >>> Val Avg RMSE (Real): 418.3272
2026-04-08 01:07:49,889 - INFO -     >>> Val MAE Details: ['214.9115', '204.5540', '194.4349', '293.3304', '331.6577', '326.2941', '327.6127']
2026-04-08 01:07:49,889 - INFO - ⏳ No improvement. Patience: 42/50
2026-04-08 01:16:44,340 - INFO - [Epoch 117] Train Loss: 0.0594 | LR: 0.000067
2026-04-08 01:16:44,340 - INFO -     >>> Val Avg RMSE (Real): 300.6156
2026-04-08 01:16:44,341 - INFO -     >>> Val MAE Details: ['201.9259', '189.5958', '184.9870', '214.9859', '250.0217', '244.4157', '232.8302']
2026-04-08 01:16:44,341 - INFO - ⏳ No improvement. Patience: 43/50
2026-04-08 01:25:36,387 - INFO - [Epoch 118] Train Loss: 0.0596 | LR: 0.000066
2026-04-08 01:25:36,388 - INFO -     >>> Val Avg RMSE (Real): 335.5011
2026-04-08 01:25:36,388 - INFO -     >>> Val MAE Details: ['206.2725', '196.5388', '187.5456', '269.4505', '291.2796', '292.1681', '298.3056']
2026-04-08 01:25:36,388 - INFO - ⏳ No improvement. Patience: 44/50
2026-04-08 01:34:27,869 - INFO - [Epoch 119] Train Loss: 0.0597 | LR: 0.000066
2026-04-08 01:34:27,870 - INFO -     >>> Val Avg RMSE (Real): 293.5037
2026-04-08 01:34:27,870 - INFO -     >>> Val MAE Details: ['196.1720', '185.6198', '200.6761', '211.9736', '219.5999', '245.8599', '233.0482']
2026-04-08 01:34:28,882 - INFO - 💾 Saved Best Model to ./logs/ED5_repr_hybrid_fusion_DualCrossattention_visnet_MultiTask7_20260407_110059/best_model.pth
2026-04-08 01:43:19,763 - INFO - [Epoch 120] Train Loss: 0.0588 | LR: 0.000065
2026-04-08 01:43:19,763 - INFO -     >>> Val Avg RMSE (Real): 377.5884
2026-04-08 01:43:19,764 - INFO -     >>> Val MAE Details: ['221.0435', '202.0368', '205.0650', '294.5244', '347.2741', '342.1682', '341.4144']
2026-04-08 01:43:19,764 - INFO - ⏳ No improvement. Patience: 1/50
2026-04-08 01:52:13,433 - INFO - [Epoch 121] Train Loss: 0.0587 | LR: 0.000065
2026-04-08 01:52:13,433 - INFO -     >>> Val Avg RMSE (Real): 458.1528
2026-04-08 01:52:13,434 - INFO -     >>> Val MAE Details: ['240.4350', '218.3885', '208.8627', '357.4852', '409.9028', '445.7999', '456.2713']
2026-04-08 01:52:13,434 - INFO - ⏳ No improvement. Patience: 2/50
2026-04-08 02:01:07,979 - INFO - [Epoch 122] Train Loss: 0.0585 | LR: 0.000064
2026-04-08 02:01:07,979 - INFO -     >>> Val Avg RMSE (Real): 448.2043
2026-04-08 02:01:07,979 - INFO -     >>> Val MAE Details: ['236.1149', '218.3618', '210.0445', '368.0162', '405.4772', '429.1149', '429.4922']
2026-04-08 02:01:07,979 - INFO - ⏳ No improvement. Patience: 3/50
2026-04-08 02:10:00,470 - INFO - [Epoch 123] Train Loss: 0.0580 | LR: 0.000064
2026-04-08 02:10:00,471 - INFO -     >>> Val Avg RMSE (Real): 371.1163
2026-04-08 02:10:00,471 - INFO -     >>> Val MAE Details: ['215.9621', '199.1177', '201.3389', '289.3114', '328.8371', '340.4130', '347.4721']
2026-04-08 02:10:00,471 - INFO - ⏳ No improvement. Patience: 4/50
2026-04-08 02:18:51,738 - INFO - [Epoch 124] Train Loss: 0.0580 | LR: 0.000063
2026-04-08 02:18:51,738 - INFO -     >>> Val Avg RMSE (Real): 309.3177
2026-04-08 02:18:51,738 - INFO -     >>> Val MAE Details: ['198.5101', '188.7814', '186.7837', '228.8262', '246.7601', '268.8332', '270.6983']
2026-04-08 02:18:51,738 - INFO - ⏳ No improvement. Patience: 5/50
2026-04-08 02:28:01,841 - INFO - [Epoch 125] Train Loss: 0.0584 | LR: 0.000063
2026-04-08 02:28:01,841 - INFO -     >>> Val Avg RMSE (Real): 362.3261
2026-04-08 02:28:01,841 - INFO -     >>> Val MAE Details: ['233.8903', '211.8416', '217.3345', '267.1382', '281.3301', '296.1990', '281.5514']
2026-04-08 02:28:01,841 - INFO - ⏳ No improvement. Patience: 6/50
2026-04-08 02:36:51,027 - INFO - [Epoch 126] Train Loss: 0.0579 | LR: 0.000062
2026-04-08 02:36:51,028 - INFO -     >>> Val Avg RMSE (Real): 403.0656
2026-04-08 02:36:51,028 - INFO -     >>> Val MAE Details: ['223.5173', '204.4394', '198.1484', '322.0017', '364.3700', '346.0999', '354.6139']
2026-04-08 02:36:51,028 - INFO - ⏳ No improvement. Patience: 7/50
2026-04-08 02:45:40,656 - INFO - [Epoch 127] Train Loss: 0.0570 | LR: 0.000062
2026-04-08 02:45:40,656 - INFO -     >>> Val Avg RMSE (Real): 427.0950
2026-04-08 02:45:40,656 - INFO -     >>> Val MAE Details: ['228.9303', '211.0959', '200.8566', '341.2679', '389.6222', '402.3840', '411.9270']
2026-04-08 02:45:40,656 - INFO - ⏳ No improvement. Patience: 8/50
2026-04-08 02:54:32,017 - INFO - [Epoch 128] Train Loss: 0.0568 | LR: 0.000061
2026-04-08 02:54:32,018 - INFO -     >>> Val Avg RMSE (Real): 381.5601
2026-04-08 02:54:32,018 - INFO -     >>> Val MAE Details: ['213.7255', '201.1721', '187.6470', '297.3607', '344.9349', '350.2279', '353.7484']
2026-04-08 02:54:32,018 - INFO - ⏳ No improvement. Patience: 9/50
2026-04-08 03:03:18,329 - INFO - [Epoch 129] Train Loss: 0.0568 | LR: 0.000061
2026-04-08 03:03:18,329 - INFO -     >>> Val Avg RMSE (Real): 333.6850
2026-04-08 03:03:18,329 - INFO -     >>> Val MAE Details: ['212.1351', '195.5479', '190.7163', '253.2963', '263.4785', '291.3981', '291.1384']
2026-04-08 03:03:18,329 - INFO - ⏳ No improvement. Patience: 10/50
2026-04-08 03:12:12,811 - INFO - [Epoch 130] Train Loss: 0.0569 | LR: 0.000060
2026-04-08 03:12:12,811 - INFO -     >>> Val Avg RMSE (Real): 370.2214
2026-04-08 03:12:12,811 - INFO -     >>> Val MAE Details: ['247.1515', '211.8160', '192.7379', '296.2845', '309.8648', '313.6422', '299.5000']
2026-04-08 03:12:12,811 - INFO - ⏳ No improvement. Patience: 11/50
2026-04-08 03:21:05,101 - INFO - [Epoch 131] Train Loss: 0.0563 | LR: 0.000060
2026-04-08 03:21:05,102 - INFO -     >>> Val Avg RMSE (Real): 329.9378
2026-04-08 03:21:05,102 - INFO -     >>> Val MAE Details: ['209.0462', '194.8922', '192.8510', '267.6382', '276.9855', '293.7825', '274.5454']
2026-04-08 03:21:05,102 - INFO - ⏳ No improvement. Patience: 12/50
2026-04-08 03:29:56,972 - INFO - [Epoch 132] Train Loss: 0.0560 | LR: 0.000059
2026-04-08 03:29:56,972 - INFO -     >>> Val Avg RMSE (Real): 320.1293
2026-04-08 03:29:56,973 - INFO -     >>> Val MAE Details: ['209.3676', '203.2045', '191.4644', '232.6035', '256.2005', '282.9417', '275.6656']
2026-04-08 03:29:56,973 - INFO - ⏳ No improvement. Patience: 13/50
2026-04-08 03:38:49,525 - INFO - [Epoch 133] Train Loss: 0.0560 | LR: 0.000059
2026-04-08 03:38:49,526 - INFO -     >>> Val Avg RMSE (Real): 472.5542
2026-04-08 03:38:49,526 - INFO -     >>> Val MAE Details: ['232.1853', '209.9316', '207.9286', '358.6613', '410.0279', '438.2550', '479.7719']
2026-04-08 03:38:49,526 - INFO - ⏳ No improvement. Patience: 14/50
2026-04-08 03:47:38,735 - INFO - [Epoch 134] Train Loss: 0.0553 | LR: 0.000058
2026-04-08 03:47:38,735 - INFO -     >>> Val Avg RMSE (Real): 478.4087
2026-04-08 03:47:38,735 - INFO -     >>> Val MAE Details: ['246.0836', '219.0549', '206.7334', '355.2752', '427.3983', '423.9844', '455.5893']
2026-04-08 03:47:38,735 - INFO - ⏳ No improvement. Patience: 15/50
2026-04-08 03:56:29,651 - INFO - [Epoch 135] Train Loss: 0.0555 | LR: 0.000058
2026-04-08 03:56:29,651 - INFO -     >>> Val Avg RMSE (Real): 704.2686
2026-04-08 03:56:29,651 - INFO -     >>> Val MAE Details: ['502.5417', '329.1191', '238.1992', '426.6824', '479.7790', '665.0939', '914.7854']
2026-04-08 03:56:29,651 - INFO - ⏳ No improvement. Patience: 16/50
2026-04-08 04:05:20,447 - INFO - [Epoch 136] Train Loss: 0.0557 | LR: 0.000057
2026-04-08 04:05:20,447 - INFO -     >>> Val Avg RMSE (Real): 344.8403
2026-04-08 04:05:20,447 - INFO -     >>> Val MAE Details: ['211.7379', '197.4667', '191.8530', '238.2054', '267.5238', '296.8343', '299.8096']
2026-04-08 04:05:20,447 - INFO - ⏳ No improvement. Patience: 17/50
2026-04-08 04:14:13,477 - INFO - [Epoch 137] Train Loss: 0.0548 | LR: 0.000057
2026-04-08 04:14:13,477 - INFO -     >>> Val Avg RMSE (Real): 420.1351
2026-04-08 04:14:13,477 - INFO -     >>> Val MAE Details: ['231.1470', '213.4389', '205.0118', '323.5641', '364.4368', '391.9551', '403.6842']
2026-04-08 04:14:13,478 - INFO - ⏳ No improvement. Patience: 18/50
2026-04-08 04:23:03,968 - INFO - [Epoch 138] Train Loss: 0.0550 | LR: 0.000056
2026-04-08 04:23:03,969 - INFO -     >>> Val Avg RMSE (Real): 354.7442
2026-04-08 04:23:03,969 - INFO -     >>> Val MAE Details: ['218.3479', '204.5413', '190.8169', '260.3588', '279.5871', '300.3063', '294.7278']
2026-04-08 04:23:03,969 - INFO - ⏳ No improvement. Patience: 19/50
2026-04-08 04:31:56,495 - INFO - [Epoch 139] Train Loss: 0.0546 | LR: 0.000056
2026-04-08 04:31:56,495 - INFO -     >>> Val Avg RMSE (Real): 542.8155
2026-04-08 04:31:56,495 - INFO -     >>> Val MAE Details: ['321.6095', '248.6972', '221.6612', '391.9208', '402.9733', '451.2449', '562.8545']
2026-04-08 04:31:56,496 - INFO - ⏳ No improvement. Patience: 20/50
2026-04-08 04:40:46,698 - INFO - [Epoch 140] Train Loss: 0.0538 | LR: 0.000055
2026-04-08 04:40:46,698 - INFO -     >>> Val Avg RMSE (Real): 396.4318
2026-04-08 04:40:46,698 - INFO -     >>> Val MAE Details: ['250.9101', '208.1327', '199.9774', '320.7438', '352.6203', '356.8867', '364.8038']
2026-04-08 04:40:46,698 - INFO - ⏳ No improvement. Patience: 21/50
2026-04-08 04:49:38,982 - INFO - [Epoch 141] Train Loss: 0.0545 | LR: 0.000055
2026-04-08 04:49:38,982 - INFO -     >>> Val Avg RMSE (Real): 419.7375
2026-04-08 04:49:38,983 - INFO -     >>> Val MAE Details: ['264.3088', '213.5753', '219.7987', '336.7273', '361.3618', '381.8315', '401.2141']
2026-04-08 04:49:38,983 - INFO - ⏳ No improvement. Patience: 22/50
2026-04-08 04:58:31,701 - INFO - [Epoch 142] Train Loss: 0.0535 | LR: 0.000054
2026-04-08 04:58:31,702 - INFO -     >>> Val Avg RMSE (Real): 466.1181
2026-04-08 04:58:31,702 - INFO -     >>> Val MAE Details: ['227.4809', '207.4680', '198.1268', '316.1873', '367.2500', '387.8572', '425.4190']
2026-04-08 04:58:31,702 - INFO - ⏳ No improvement. Patience: 23/50
2026-04-08 05:07:23,587 - INFO - [Epoch 143] Train Loss: 0.0545 | LR: 0.000054
2026-04-08 05:07:23,588 - INFO -     >>> Val Avg RMSE (Real): 411.6721
2026-04-08 05:07:23,588 - INFO -     >>> Val MAE Details: ['210.4139', '198.7089', '185.8501', '288.7125', '314.0093', '315.9510', '330.7570']
2026-04-08 05:07:23,588 - INFO - ⏳ No improvement. Patience: 24/50
2026-04-08 05:16:17,056 - INFO - [Epoch 144] Train Loss: 0.0533 | LR: 0.000053
2026-04-08 05:16:17,057 - INFO -     >>> Val Avg RMSE (Real): 447.8248
2026-04-08 05:16:17,057 - INFO -     >>> Val MAE Details: ['270.5315', '228.8412', '229.8455', '343.1492', '392.7298', '407.0695', '441.3950']
2026-04-08 05:16:17,057 - INFO - ⏳ No improvement. Patience: 25/50
2026-04-08 05:25:10,765 - INFO - [Epoch 145] Train Loss: 0.0534 | LR: 0.000053
2026-04-08 05:25:10,765 - INFO -     >>> Val Avg RMSE (Real): 437.2613
2026-04-08 05:25:10,765 - INFO -     >>> Val MAE Details: ['249.4498', '216.1033', '209.8944', '345.3457', '391.7870', '404.7939', '420.5745']
2026-04-08 05:25:10,765 - INFO - ⏳ No improvement. Patience: 26/50
2026-04-08 05:34:01,617 - INFO - [Epoch 146] Train Loss: 0.0527 | LR: 0.000052
2026-04-08 05:34:01,617 - INFO -     >>> Val Avg RMSE (Real): 316.7078
2026-04-08 05:34:01,617 - INFO -     >>> Val MAE Details: ['202.7707', '190.4818', '185.0767', '224.2095', '251.0573', '276.1830', '280.0495']
2026-04-08 05:34:01,617 - INFO - ⏳ No improvement. Patience: 27/50
2026-04-08 05:42:53,633 - INFO - [Epoch 147] Train Loss: 0.0530 | LR: 0.000052
2026-04-08 05:42:53,634 - INFO -     >>> Val Avg RMSE (Real): 427.9089
2026-04-08 05:42:53,634 - INFO -     >>> Val MAE Details: ['272.8866', '228.8793', '208.8196', '358.3111', '386.3816', '370.5437', '382.1201']
2026-04-08 05:42:53,634 - INFO - ⏳ No improvement. Patience: 28/50
2026-04-08 05:51:44,367 - INFO - [Epoch 148] Train Loss: 0.0527 | LR: 0.000051
2026-04-08 05:51:44,367 - INFO -     >>> Val Avg RMSE (Real): 442.1029
2026-04-08 05:51:44,367 - INFO -     >>> Val MAE Details: ['240.1575', '221.5939', '221.5518', '341.9554', '368.0347', '374.3553', '376.7808']
2026-04-08 05:51:44,367 - INFO - ⏳ No improvement. Patience: 29/50
2026-04-08 06:00:37,496 - INFO - [Epoch 149] Train Loss: 0.0520 | LR: 0.000051
2026-04-08 06:00:37,497 - INFO -     >>> Val Avg RMSE (Real): 662.4404
2026-04-08 06:00:37,497 - INFO -     >>> Val MAE Details: ['399.8287', '270.2550', '229.2279', '435.0302', '482.5561', '628.6552', '804.0463']
2026-04-08 06:00:37,497 - INFO - ⏳ No improvement. Patience: 30/50
2026-04-08 06:09:30,200 - INFO - [Epoch 150] Train Loss: 0.0518 | LR: 0.000050
2026-04-08 06:09:30,200 - INFO -     >>> Val Avg RMSE (Real): 454.2983
2026-04-08 06:09:30,200 - INFO -     >>> Val MAE Details: ['244.8097', '217.8910', '205.6714', '339.1211', '364.4055', '358.2753', '372.3062']
2026-04-08 06:09:30,200 - INFO - ⏳ No improvement. Patience: 31/50
2026-04-08 06:18:21,574 - INFO - [Epoch 151] Train Loss: 0.0527 | LR: 0.000049
2026-04-08 06:18:21,575 - INFO -     >>> Val Avg RMSE (Real): 455.9065
2026-04-08 06:18:21,575 - INFO -     >>> Val MAE Details: ['253.9536', '222.1100', '215.7220', '368.5427', '404.2530', '438.6965', '438.5956']
2026-04-08 06:18:21,575 - INFO - ⏳ No improvement. Patience: 32/50
2026-04-08 06:27:15,252 - INFO - [Epoch 152] Train Loss: 0.0515 | LR: 0.000049
2026-04-08 06:27:15,252 - INFO -     >>> Val Avg RMSE (Real): 377.2973
2026-04-08 06:27:15,253 - INFO -     >>> Val MAE Details: ['210.9887', '197.4881', '185.9740', '277.8297', '301.0775', '308.2370', '299.6679']
2026-04-08 06:27:15,253 - INFO - ⏳ No improvement. Patience: 33/50
2026-04-08 06:36:07,568 - INFO - [Epoch 153] Train Loss: 0.0515 | LR: 0.000048
2026-04-08 06:36:07,569 - INFO -     >>> Val Avg RMSE (Real): 496.3710
2026-04-08 06:36:07,569 - INFO -     >>> Val MAE Details: ['298.8971', '240.1401', '213.3730', '464.3578', '418.4187', '400.7036', '392.8904']
2026-04-08 06:36:07,569 - INFO - ⏳ No improvement. Patience: 34/50
2026-04-08 06:43:32,935 - INFO - [Epoch 154] Train Loss: 0.0510 | LR: 0.000048
2026-04-08 06:43:32,935 - INFO -     >>> Val Avg RMSE (Real): 359.6479
2026-04-08 06:43:32,935 - INFO -     >>> Val MAE Details: ['212.9649', '199.9750', '186.9537', '284.1472', '318.2088', '322.7910', '324.9845']
2026-04-08 06:43:32,935 - INFO - ⏳ No improvement. Patience: 35/50
2026-04-08 06:50:30,666 - INFO - [Epoch 155] Train Loss: 0.0510 | LR: 0.000047
2026-04-08 06:50:30,666 - INFO -     >>> Val Avg RMSE (Real): 435.9553
2026-04-08 06:50:30,667 - INFO -     >>> Val MAE Details: ['266.9571', '219.8914', '221.7455', '326.2986', '372.0760', '420.8708', '436.4211']
2026-04-08 06:50:30,667 - INFO - ⏳ No improvement. Patience: 36/50
2026-04-08 06:57:27,783 - INFO - [Epoch 156] Train Loss: 0.0517 | LR: 0.000047
2026-04-08 06:57:27,784 - INFO -     >>> Val Avg RMSE (Real): 607.2114
2026-04-08 06:57:27,784 - INFO -     >>> Val MAE Details: ['350.1820', '275.3219', '226.3998', '410.7299', '448.2150', '520.6630', '643.7966']
2026-04-08 06:57:27,784 - INFO - ⏳ No improvement. Patience: 37/50
2026-04-08 07:04:25,266 - INFO - [Epoch 157] Train Loss: 0.0506 | LR: 0.000046
2026-04-08 07:04:25,267 - INFO -     >>> Val Avg RMSE (Real): 422.0546
2026-04-08 07:04:25,267 - INFO -     >>> Val MAE Details: ['219.3664', '203.5354', '190.5814', '295.5522', '334.9525', '360.5095', '353.8310']
2026-04-08 07:04:25,267 - INFO - ⏳ No improvement. Patience: 38/50
2026-04-08 07:11:24,133 - INFO - [Epoch 158] Train Loss: 0.0507 | LR: 0.000046
2026-04-08 07:11:24,133 - INFO -     >>> Val Avg RMSE (Real): 468.0161
2026-04-08 07:11:24,133 - INFO -     >>> Val MAE Details: ['249.6839', '222.1091', '217.4916', '362.7413', '371.9901', '362.5206', '373.7169']
2026-04-08 07:11:24,133 - INFO - ⏳ No improvement. Patience: 39/50
2026-04-08 07:18:22,452 - INFO - [Epoch 159] Train Loss: 0.0504 | LR: 0.000045
2026-04-08 07:18:22,453 - INFO -     >>> Val Avg RMSE (Real): 310.2084
2026-04-08 07:18:22,453 - INFO -     >>> Val MAE Details: ['203.5992', '190.8441', '188.2368', '234.0204', '248.6446', '264.3927', '255.5500']
2026-04-08 07:18:22,453 - INFO - ⏳ No improvement. Patience: 40/50
2026-04-08 07:25:21,160 - INFO - [Epoch 160] Train Loss: 0.0499 | LR: 0.000045
2026-04-08 07:25:21,160 - INFO -     >>> Val Avg RMSE (Real): 454.9515
2026-04-08 07:25:21,160 - INFO -     >>> Val MAE Details: ['246.6302', '221.7548', '203.0694', '335.9581', '365.8745', '385.9938', '430.1687']
2026-04-08 07:25:21,160 - INFO - ⏳ No improvement. Patience: 41/50
2026-04-08 07:32:18,027 - INFO - [Epoch 161] Train Loss: 0.0495 | LR: 0.000044
2026-04-08 07:32:18,027 - INFO -     >>> Val Avg RMSE (Real): 371.4936
2026-04-08 07:32:18,028 - INFO -     >>> Val MAE Details: ['239.9569', '211.0017', '193.1557', '294.9726', '305.0161', '321.2821', '333.9342']
2026-04-08 07:32:18,028 - INFO - ⏳ No improvement. Patience: 42/50
2026-04-08 07:39:15,690 - INFO - [Epoch 162] Train Loss: 0.0494 | LR: 0.000044
2026-04-08 07:39:15,691 - INFO -     >>> Val Avg RMSE (Real): 321.0026
2026-04-08 07:39:15,691 - INFO -     >>> Val MAE Details: ['204.6050', '191.8468', '183.3169', '226.7275', '237.7300', '280.3638', '265.2690']
2026-04-08 07:39:15,691 - INFO - ⏳ No improvement. Patience: 43/50
2026-04-08 07:46:13,722 - INFO - [Epoch 163] Train Loss: 0.0495 | LR: 0.000043
2026-04-08 07:46:13,722 - INFO -     >>> Val Avg RMSE (Real): 355.9703
2026-04-08 07:46:13,722 - INFO -     >>> Val MAE Details: ['207.3550', '198.7099', '186.5521', '249.9498', '271.8677', '284.9299', '280.9109']
2026-04-08 07:46:13,722 - INFO - ⏳ No improvement. Patience: 44/50
2026-04-08 07:53:11,635 - INFO - [Epoch 164] Train Loss: 0.0494 | LR: 0.000043
2026-04-08 07:53:11,636 - INFO -     >>> Val Avg RMSE (Real): 295.1607
2026-04-08 07:53:11,636 - INFO -     >>> Val MAE Details: ['198.5230', '187.7474', '182.6379', '213.0628', '229.3146', '253.5581', '233.0024']
2026-04-08 07:53:11,636 - INFO - ⏳ No improvement. Patience: 45/50
2026-04-08 08:00:09,141 - INFO - [Epoch 165] Train Loss: 0.0507 | LR: 0.000042
2026-04-08 08:00:09,142 - INFO -     >>> Val Avg RMSE (Real): 331.3371
2026-04-08 08:00:09,142 - INFO -     >>> Val MAE Details: ['204.2953', '193.5794', '184.5546', '252.9458', '264.0438', '270.0595', '268.5144']
2026-04-08 08:00:09,142 - INFO - ⏳ No improvement. Patience: 46/50
2026-04-08 08:07:06,670 - INFO - [Epoch 166] Train Loss: 0.0489 | LR: 0.000042
2026-04-08 08:07:06,671 - INFO -     >>> Val Avg RMSE (Real): 481.6722
2026-04-08 08:07:06,671 - INFO -     >>> Val MAE Details: ['246.8990', '223.0933', '218.9729', '350.9829', '397.5198', '433.8186', '445.6808']
2026-04-08 08:07:06,671 - INFO - ⏳ No improvement. Patience: 47/50
2026-04-08 08:14:00,456 - INFO - [Epoch 167] Train Loss: 0.0489 | LR: 0.000041
2026-04-08 08:14:00,456 - INFO -     >>> Val Avg RMSE (Real): 317.1630
2026-04-08 08:14:00,456 - INFO -     >>> Val MAE Details: ['209.1783', '195.2080', '185.1575', '228.8633', '248.7754', '264.2014', '254.4004']
2026-04-08 08:14:00,456 - INFO - ⏳ No improvement. Patience: 48/50
2026-04-08 08:20:51,675 - INFO - [Epoch 168] Train Loss: 0.0487 | LR: 0.000041
2026-04-08 08:20:51,676 - INFO -     >>> Val Avg RMSE (Real): 421.2322
2026-04-08 08:20:51,676 - INFO -     >>> Val MAE Details: ['264.4545', '224.0761', '200.9621', '329.9767', '370.1287', '379.5071', '399.9610']
2026-04-08 08:20:51,676 - INFO - ⏳ No improvement. Patience: 49/50
2026-04-08 08:27:42,051 - INFO - [Epoch 169] Train Loss: 0.0483 | LR: 0.000040
2026-04-08 08:27:42,051 - INFO -     >>> Val Avg RMSE (Real): 612.5384
2026-04-08 08:27:42,051 - INFO -     >>> Val MAE Details: ['344.3206', '274.2883', '223.0598', '348.1092', '406.6016', '476.8962', '488.7767']
2026-04-08 08:27:42,051 - INFO - ⏳ No improvement. Patience: 50/50
2026-04-08 08:27:42,052 - INFO - 🛑 Early Stopping triggered! Best RMSE: 293.5037
