2026-04-08 21:32:25,903 - INFO - 💾 Config files backed up to ./logs/ED5_repr_atomistic_graph_DimeNetPP_MultiTask7_20260408_213225
2026-04-08 21:32:25,903 - INFO - 🎯 Multi-Task Targets (7): ['homo_2', 'homo_1', 'homo_0', 'lumo_0', 'lumo_1', 'lumo_2', 'lumo_3']
2026-04-08 21:32:25,903 - INFO - ========================================
2026-04-08 21:32:25,904 - INFO -         Training Configuration        
2026-04-08 21:32:25,904 - INFO - ========================================
2026-04-08 21:32:25,905 - INFO - 
{'data': {'dataset_mode': 'repr_atomistic_graph',
          'max_neighbors': 32,
          'max_radius': 5.0,
          'pkl_path': '/home/zw/ED_all/data/ED5_OE/ed_homo_lumo_5w_1024_fusion.pkl',
          'targets': ['homo_2',
                      'homo_1',
                      'homo_0',
                      'lumo_0',
                      'lumo_1',
                      'lumo_2',
                      'lumo_3']},
 'model': {'basis_emb_size': 8,
           'cutoff': 5.0,
           'envelope_exponent': 5,
           'hidden_channels': 256,
           'int_emb_size': 128,
           'name': 'DimeNetPP',
           'num_layers': 5,
           'num_radial': 6,
           'num_spherical': 7,
           'out_emb_channels': 512},
 'train': {'batch_size': 32,
           'epochs': 300,
           'grad_norm_clip': 1.0,
           'lr': 0.0001,
           'patience': 50,
           'seed': 2025,
           'weight_decay': 0.0001}}
2026-04-08 21:32:25,905 - INFO - ========================================

2026-04-08 21:32:25,905 - INFO - 🚀 Start Training on Device: cuda
2026-04-08 21:32:25,905 - INFO - Loading Data...
2026-04-08 21:32:25,905 - INFO - Loading Dataset Mode: repr_atomistic_graph...
2026-04-08 21:32:29,657 - INFO - Stats - Mean: [[-7445.8413  -6840.216   -6120.3984   -467.5637    424.04166  1219.15
   1809.3903 ]], Std: [[ 740.80115  706.1094   754.61444 1186.4424  1122.4873  1107.2244
  1080.7959 ]]
2026-04-08 21:32:29,658 - INFO - Building Model: DimeNetPP...
2026-04-08 21:32:42,226 - INFO - Total Parameters: 9.0766 M

2026-04-08 21:34:44,391 - INFO - [Epoch 1] Train Loss: 236.4453 | LR: 0.000100
2026-04-08 21:34:44,391 - INFO -     >>> Val Avg RMSE (Real): 556.0379
2026-04-08 21:34:44,391 - INFO -     >>> Val MAE Details: ['354.7002', '319.3470', '360.6573', '563.1021', '467.2999', '464.3080', '439.9641']
2026-04-08 21:34:44,527 - INFO - 💾 Saved Best Model to ./logs/ED5_repr_atomistic_graph_DimeNetPP_MultiTask7_20260408_213225/best_model.pth
2026-04-08 21:36:42,296 - INFO - [Epoch 2] Train Loss: 0.3786 | LR: 0.000100
2026-04-08 21:36:42,296 - INFO -     >>> Val Avg RMSE (Real): 561.8055
2026-04-08 21:36:42,296 - INFO -     >>> Val MAE Details: ['406.2912', '307.8447', '344.1953', '520.0897', '478.3643', '496.4458', '460.3914']
2026-04-08 21:36:42,296 - INFO - ⏳ No improvement. Patience: 1/50
2026-04-08 21:38:41,522 - INFO - [Epoch 3] Train Loss: 0.3323 | LR: 0.000100
2026-04-08 21:38:41,522 - INFO -     >>> Val Avg RMSE (Real): 555.7303
2026-04-08 21:38:41,522 - INFO -     >>> Val MAE Details: ['335.5851', '305.7481', '337.6771', '507.0010', '481.8799', '535.2541', '474.7335']
2026-04-08 21:38:41,711 - INFO - 💾 Saved Best Model to ./logs/ED5_repr_atomistic_graph_DimeNetPP_MultiTask7_20260408_213225/best_model.pth
2026-04-08 21:40:38,014 - INFO - [Epoch 4] Train Loss: 0.3131 | LR: 0.000100
2026-04-08 21:40:38,014 - INFO -     >>> Val Avg RMSE (Real): 533.7136
2026-04-08 21:40:38,014 - INFO -     >>> Val MAE Details: ['356.2386', '324.9332', '328.2082', '482.2451', '471.1061', '444.2027', '466.6144']
2026-04-08 21:40:38,210 - INFO - 💾 Saved Best Model to ./logs/ED5_repr_atomistic_graph_DimeNetPP_MultiTask7_20260408_213225/best_model.pth
2026-04-08 21:42:34,545 - INFO - [Epoch 5] Train Loss: 0.3007 | LR: 0.000100
2026-04-08 21:42:34,545 - INFO -     >>> Val Avg RMSE (Real): 527.4363
2026-04-08 21:42:34,545 - INFO -     >>> Val MAE Details: ['303.3047', '271.7324', '321.6593', '471.9777', '497.0959', '468.3797', '469.5547']
2026-04-08 21:42:34,740 - INFO - 💾 Saved Best Model to ./logs/ED5_repr_atomistic_graph_DimeNetPP_MultiTask7_20260408_213225/best_model.pth
2026-04-08 21:44:32,546 - INFO - [Epoch 6] Train Loss: 0.2899 | LR: 0.000100
2026-04-08 21:44:32,546 - INFO -     >>> Val Avg RMSE (Real): 510.2854
2026-04-08 21:44:32,546 - INFO -     >>> Val MAE Details: ['329.4660', '277.4861', '340.0623', '485.9834', '451.9340', '418.1443', '416.9118']
2026-04-08 21:44:32,735 - INFO - 💾 Saved Best Model to ./logs/ED5_repr_atomistic_graph_DimeNetPP_MultiTask7_20260408_213225/best_model.pth
2026-04-08 21:46:27,988 - INFO - [Epoch 7] Train Loss: 0.2814 | LR: 0.000100
2026-04-08 21:46:27,988 - INFO -     >>> Val Avg RMSE (Real): 534.9281
2026-04-08 21:46:27,988 - INFO -     >>> Val MAE Details: ['349.6469', '292.3782', '318.1049', '461.0705', '481.3639', '453.8091', '472.5491']
2026-04-08 21:46:27,988 - INFO - ⏳ No improvement. Patience: 1/50
2026-04-08 21:48:25,812 - INFO - [Epoch 8] Train Loss: 0.2751 | LR: 0.000100
2026-04-08 21:48:25,812 - INFO -     >>> Val Avg RMSE (Real): 519.1331
2026-04-08 21:48:25,812 - INFO -     >>> Val MAE Details: ['317.1692', '281.9093', '300.8539', '476.3541', '479.7166', '435.0177', '424.9490']
2026-04-08 21:48:25,812 - INFO - ⏳ No improvement. Patience: 2/50
2026-04-08 21:50:22,420 - INFO - [Epoch 9] Train Loss: 0.2683 | LR: 0.000100
2026-04-08 21:50:22,420 - INFO -     >>> Val Avg RMSE (Real): 511.4336
2026-04-08 21:50:22,420 - INFO -     >>> Val MAE Details: ['327.3245', '267.9733', '296.4911', '437.9666', '474.5608', '448.9034', '438.4740']
2026-04-08 21:50:22,420 - INFO - ⏳ No improvement. Patience: 3/50
2026-04-08 21:52:23,071 - INFO - [Epoch 10] Train Loss: 0.2649 | LR: 0.000100
2026-04-08 21:52:23,071 - INFO -     >>> Val Avg RMSE (Real): 483.3557
2026-04-08 21:52:23,071 - INFO -     >>> Val MAE Details: ['314.1732', '268.2755', '300.0219', '428.2049', '424.3228', '413.6353', '418.5963']
2026-04-08 21:52:23,265 - INFO - 💾 Saved Best Model to ./logs/ED5_repr_atomistic_graph_DimeNetPP_MultiTask7_20260408_213225/best_model.pth
2026-04-08 21:54:26,394 - INFO - [Epoch 11] Train Loss: 0.2615 | LR: 0.000100
2026-04-08 21:54:26,394 - INFO -     >>> Val Avg RMSE (Real): 494.2276
2026-04-08 21:54:26,394 - INFO -     >>> Val MAE Details: ['300.2159', '267.2214', '301.7006', '436.5667', '444.0020', '429.1003', '424.4516']
2026-04-08 21:54:26,394 - INFO - ⏳ No improvement. Patience: 1/50
2026-04-08 21:56:23,112 - INFO - [Epoch 12] Train Loss: 0.2587 | LR: 0.000100
2026-04-08 21:56:23,112 - INFO -     >>> Val Avg RMSE (Real): 486.2571
2026-04-08 21:56:23,112 - INFO -     >>> Val MAE Details: ['301.5602', '273.8694', '292.8612', '441.2122', '429.2396', '416.0327', '417.3927']
2026-04-08 21:56:23,112 - INFO - ⏳ No improvement. Patience: 2/50
2026-04-08 21:58:17,712 - INFO - [Epoch 13] Train Loss: 0.2550 | LR: 0.000100
2026-04-08 21:58:17,712 - INFO -     >>> Val Avg RMSE (Real): 491.6564
2026-04-08 21:58:17,712 - INFO -     >>> Val MAE Details: ['320.5696', '278.9359', '288.5256', '432.6890', '434.5297', '421.1872', '416.4351']
2026-04-08 21:58:17,712 - INFO - ⏳ No improvement. Patience: 3/50
2026-04-08 22:00:15,960 - INFO - [Epoch 14] Train Loss: 0.2536 | LR: 0.000099
2026-04-08 22:00:15,960 - INFO -     >>> Val Avg RMSE (Real): 486.6926
2026-04-08 22:00:15,960 - INFO -     >>> Val MAE Details: ['308.5754', '266.8596', '287.4533', '419.7209', '432.3309', '414.3922', '423.0938']
2026-04-08 22:00:15,960 - INFO - ⏳ No improvement. Patience: 4/50
2026-04-08 22:02:13,134 - INFO - [Epoch 15] Train Loss: 0.2512 | LR: 0.000099
2026-04-08 22:02:13,134 - INFO -     >>> Val Avg RMSE (Real): 486.4134
2026-04-08 22:02:13,134 - INFO -     >>> Val MAE Details: ['313.0333', '284.0234', '304.3346', '435.6141', '428.7331', '408.0826', '414.0789']
2026-04-08 22:02:13,134 - INFO - ⏳ No improvement. Patience: 5/50
2026-04-08 22:04:08,037 - INFO - [Epoch 16] Train Loss: 0.2494 | LR: 0.000099
2026-04-08 22:04:08,038 - INFO -     >>> Val Avg RMSE (Real): 489.3430
2026-04-08 22:04:08,038 - INFO -     >>> Val MAE Details: ['309.4415', '269.5747', '286.9126', '438.3570', '449.4712', '412.6060', '411.8313']
2026-04-08 22:04:08,038 - INFO - ⏳ No improvement. Patience: 6/50
2026-04-08 22:06:04,934 - INFO - [Epoch 17] Train Loss: 0.2473 | LR: 0.000099
2026-04-08 22:06:04,934 - INFO -     >>> Val Avg RMSE (Real): 497.8126
2026-04-08 22:06:04,934 - INFO -     >>> Val MAE Details: ['299.2914', '277.4138', '299.2059', '439.8497', '453.2939', '431.3625', '440.8404']
2026-04-08 22:06:04,934 - INFO - ⏳ No improvement. Patience: 7/50
2026-04-08 22:08:02,633 - INFO - [Epoch 18] Train Loss: 0.2459 | LR: 0.000099
2026-04-08 22:08:02,633 - INFO -     >>> Val Avg RMSE (Real): 482.2507
2026-04-08 22:08:02,633 - INFO -     >>> Val MAE Details: ['303.4969', '279.4444', '313.0326', '428.6336', '423.8600', '413.7802', '413.1380']
2026-04-08 22:08:02,831 - INFO - 💾 Saved Best Model to ./logs/ED5_repr_atomistic_graph_DimeNetPP_MultiTask7_20260408_213225/best_model.pth
2026-04-08 22:10:05,302 - INFO - [Epoch 19] Train Loss: 0.2446 | LR: 0.000099
2026-04-08 22:10:05,302 - INFO -     >>> Val Avg RMSE (Real): 491.5908
2026-04-08 22:10:05,302 - INFO -     >>> Val MAE Details: ['312.1444', '289.2500', '291.2544', '426.5301', '447.8914', '419.4594', '418.0297']
2026-04-08 22:10:05,302 - INFO - ⏳ No improvement. Patience: 1/50
2026-04-08 22:12:10,153 - INFO - [Epoch 20] Train Loss: 0.2433 | LR: 0.000099
2026-04-08 22:12:10,153 - INFO -     >>> Val Avg RMSE (Real): 487.1920
2026-04-08 22:12:10,153 - INFO -     >>> Val MAE Details: ['318.3728', '277.8891', '280.1534', '416.5404', '438.7182', '415.6504', '418.3093']
2026-04-08 22:12:10,153 - INFO - ⏳ No improvement. Patience: 2/50
2026-04-08 22:14:10,461 - INFO - [Epoch 21] Train Loss: 0.2422 | LR: 0.000099
2026-04-08 22:14:10,462 - INFO -     >>> Val Avg RMSE (Real): 485.7524
2026-04-08 22:14:10,462 - INFO -     >>> Val MAE Details: ['313.0430', '283.1415', '301.8416', '418.0631', '430.7505', '414.3798', '420.1958']
2026-04-08 22:14:10,462 - INFO - ⏳ No improvement. Patience: 3/50
2026-04-08 22:16:08,218 - INFO - [Epoch 22] Train Loss: 0.2411 | LR: 0.000099
2026-04-08 22:16:08,219 - INFO -     >>> Val Avg RMSE (Real): 481.1688
2026-04-08 22:16:08,219 - INFO -     >>> Val MAE Details: ['302.7967', '263.2944', '275.9907', '426.7659', '424.4509', '425.4070', '413.3710']
2026-04-08 22:16:08,419 - INFO - 💾 Saved Best Model to ./logs/ED5_repr_atomistic_graph_DimeNetPP_MultiTask7_20260408_213225/best_model.pth
2026-04-08 22:18:04,010 - INFO - [Epoch 23] Train Loss: 0.2398 | LR: 0.000099
2026-04-08 22:18:04,010 - INFO -     >>> Val Avg RMSE (Real): 499.7859
2026-04-08 22:18:04,010 - INFO -     >>> Val MAE Details: ['315.5400', '278.6782', '273.1763', '447.6458', '469.0083', '419.3209', '416.7409']
2026-04-08 22:18:04,010 - INFO - ⏳ No improvement. Patience: 1/50
2026-04-08 22:20:02,232 - INFO - [Epoch 24] Train Loss: 0.2382 | LR: 0.000098
2026-04-08 22:20:02,232 - INFO -     >>> Val Avg RMSE (Real): 479.9791
2026-04-08 22:20:02,232 - INFO -     >>> Val MAE Details: ['303.6309', '270.5715', '278.4094', '416.1210', '440.1886', '408.5498', '409.5479']
2026-04-08 22:20:02,438 - INFO - 💾 Saved Best Model to ./logs/ED5_repr_atomistic_graph_DimeNetPP_MultiTask7_20260408_213225/best_model.pth
2026-04-08 22:22:00,360 - INFO - [Epoch 25] Train Loss: 0.2366 | LR: 0.000098
2026-04-08 22:22:00,360 - INFO -     >>> Val Avg RMSE (Real): 472.7971
2026-04-08 22:22:00,361 - INFO -     >>> Val MAE Details: ['300.8196', '261.0235', '266.5163', '419.7856', '419.6357', '413.1037', '411.9040']
2026-04-08 22:22:00,561 - INFO - 💾 Saved Best Model to ./logs/ED5_repr_atomistic_graph_DimeNetPP_MultiTask7_20260408_213225/best_model.pth
2026-04-08 22:23:56,644 - INFO - [Epoch 26] Train Loss: 0.2355 | LR: 0.000098
2026-04-08 22:23:56,645 - INFO -     >>> Val Avg RMSE (Real): 473.5566
2026-04-08 22:23:56,645 - INFO -     >>> Val MAE Details: ['314.8486', '274.0644', '288.2349', '406.4042', '422.7628', '404.2665', '413.0410']
2026-04-08 22:23:56,645 - INFO - ⏳ No improvement. Patience: 1/50
2026-04-08 22:25:55,384 - INFO - [Epoch 27] Train Loss: 0.2348 | LR: 0.000098
2026-04-08 22:25:55,385 - INFO -     >>> Val Avg RMSE (Real): 474.8918
2026-04-08 22:25:55,385 - INFO -     >>> Val MAE Details: ['298.2170', '263.7250', '264.0204', '427.2715', '417.6663', '415.2257', '414.6811']
2026-04-08 22:25:55,385 - INFO - ⏳ No improvement. Patience: 2/50
2026-04-08 22:27:51,096 - INFO - [Epoch 28] Train Loss: 0.2336 | LR: 0.000098
2026-04-08 22:27:51,096 - INFO -     >>> Val Avg RMSE (Real): 468.7604
2026-04-08 22:27:51,096 - INFO -     >>> Val MAE Details: ['304.8370', '258.4224', '266.1535', '410.6301', '418.8270', '405.0111', '406.3507']
2026-04-08 22:27:51,297 - INFO - 💾 Saved Best Model to ./logs/ED5_repr_atomistic_graph_DimeNetPP_MultiTask7_20260408_213225/best_model.pth
2026-04-08 22:29:51,159 - INFO - [Epoch 29] Train Loss: 0.2328 | LR: 0.000098
2026-04-08 22:29:51,159 - INFO -     >>> Val Avg RMSE (Real): 474.4794
2026-04-08 22:29:51,159 - INFO -     >>> Val MAE Details: ['305.7572', '268.7184', '291.2939', '405.5862', '420.6277', '407.3113', '410.7125']
2026-04-08 22:29:51,159 - INFO - ⏳ No improvement. Patience: 1/50
2026-04-08 22:31:48,640 - INFO - [Epoch 30] Train Loss: 0.2316 | LR: 0.000098
2026-04-08 22:31:48,640 - INFO -     >>> Val Avg RMSE (Real): 476.9489
2026-04-08 22:31:48,640 - INFO -     >>> Val MAE Details: ['301.5325', '260.2920', '291.6205', '436.8788', '421.6461', '401.1532', '409.9055']
2026-04-08 22:31:48,640 - INFO - ⏳ No improvement. Patience: 2/50
2026-04-08 22:33:44,147 - INFO - [Epoch 31] Train Loss: 0.2296 | LR: 0.000097
2026-04-08 22:33:44,147 - INFO -     >>> Val Avg RMSE (Real): 481.4528
2026-04-08 22:33:44,148 - INFO -     >>> Val MAE Details: ['322.5002', '277.2537', '277.5017', '416.6172', '428.9680', '412.8252', '414.6146']
2026-04-08 22:33:44,148 - INFO - ⏳ No improvement. Patience: 3/50
2026-04-08 22:35:39,753 - INFO - [Epoch 32] Train Loss: 0.2283 | LR: 0.000097
2026-04-08 22:35:39,753 - INFO -     >>> Val Avg RMSE (Real): 484.5782
2026-04-08 22:35:39,753 - INFO -     >>> Val MAE Details: ['316.8483', '269.6742', '271.8841', '420.9449', '438.7109', '432.5526', '429.3085']
2026-04-08 22:35:39,753 - INFO - ⏳ No improvement. Patience: 4/50
2026-04-08 22:37:34,171 - INFO - [Epoch 33] Train Loss: 0.2272 | LR: 0.000097
2026-04-08 22:37:34,172 - INFO -     >>> Val Avg RMSE (Real): 476.7190
2026-04-08 22:37:34,172 - INFO -     >>> Val MAE Details: ['294.1332', '262.6856', '276.7704', '408.8282', '412.6688', '413.5849', '421.4327']
2026-04-08 22:37:34,172 - INFO - ⏳ No improvement. Patience: 5/50
2026-04-08 22:39:33,305 - INFO - [Epoch 34] Train Loss: 0.2255 | LR: 0.000097
2026-04-08 22:39:33,306 - INFO -     >>> Val Avg RMSE (Real): 473.6334
2026-04-08 22:39:33,306 - INFO -     >>> Val MAE Details: ['299.0126', '260.5700', '268.8223', '408.5266', '411.2397', '411.5997', '413.4453']
2026-04-08 22:39:33,306 - INFO - ⏳ No improvement. Patience: 6/50
2026-04-08 22:41:32,226 - INFO - [Epoch 35] Train Loss: 0.2242 | LR: 0.000097
2026-04-08 22:41:32,226 - INFO -     >>> Val Avg RMSE (Real): 471.9759
2026-04-08 22:41:32,226 - INFO -     >>> Val MAE Details: ['303.5331', '272.0693', '278.8257', '411.1697', '419.7175', '404.6631', '404.0578']
2026-04-08 22:41:32,226 - INFO - ⏳ No improvement. Patience: 7/50
2026-04-08 22:43:31,013 - INFO - [Epoch 36] Train Loss: 0.2228 | LR: 0.000096
2026-04-08 22:43:31,014 - INFO -     >>> Val Avg RMSE (Real): 461.9323
2026-04-08 22:43:31,014 - INFO -     >>> Val MAE Details: ['306.7075', '271.5378', '266.6855', '409.9512', '404.5746', '396.4424', '401.7455']
2026-04-08 22:43:31,215 - INFO - 💾 Saved Best Model to ./logs/ED5_repr_atomistic_graph_DimeNetPP_MultiTask7_20260408_213225/best_model.pth
2026-04-08 22:45:31,737 - INFO - [Epoch 37] Train Loss: 0.2228 | LR: 0.000096
2026-04-08 22:45:31,737 - INFO -     >>> Val Avg RMSE (Real): 471.6385
2026-04-08 22:45:31,737 - INFO -     >>> Val MAE Details: ['303.8309', '264.8434', '271.5329', '421.6688', '414.0010', '402.4293', '404.4225']
2026-04-08 22:45:31,737 - INFO - ⏳ No improvement. Patience: 1/50
2026-04-08 22:47:28,520 - INFO - [Epoch 38] Train Loss: 0.2214 | LR: 0.000096
2026-04-08 22:47:28,520 - INFO -     >>> Val Avg RMSE (Real): 475.3606
2026-04-08 22:47:28,520 - INFO -     >>> Val MAE Details: ['315.9953', '269.5674', '270.3289', '410.3147', '432.3394', '406.1606', '408.6363']
2026-04-08 22:47:28,520 - INFO - ⏳ No improvement. Patience: 2/50
2026-04-08 22:49:26,808 - INFO - [Epoch 39] Train Loss: 0.2213 | LR: 0.000096
2026-04-08 22:49:26,808 - INFO -     >>> Val Avg RMSE (Real): 460.2384
2026-04-08 22:49:26,808 - INFO -     >>> Val MAE Details: ['296.0478', '250.1659', '265.4876', '415.4490', '413.0211', '393.2385', '392.5768']
2026-04-08 22:49:27,009 - INFO - 💾 Saved Best Model to ./logs/ED5_repr_atomistic_graph_DimeNetPP_MultiTask7_20260408_213225/best_model.pth
2026-04-08 22:50:41,730 - INFO - [Epoch 40] Train Loss: 0.2197 | LR: 0.000096
2026-04-08 22:50:41,731 - INFO -     >>> Val Avg RMSE (Real): 474.2865
2026-04-08 22:50:41,731 - INFO -     >>> Val MAE Details: ['319.0460', '276.0205', '276.3677', '407.3859', '426.5040', '402.2897', '402.6409']
2026-04-08 22:50:41,731 - INFO - ⏳ No improvement. Patience: 1/50
2026-04-08 22:52:46,276 - INFO - [Epoch 41] Train Loss: 0.2190 | LR: 0.000095
2026-04-08 22:52:46,276 - INFO -     >>> Val Avg RMSE (Real): 471.3171
2026-04-08 22:52:46,276 - INFO -     >>> Val MAE Details: ['303.6870', '256.8778', '268.1046', '408.0448', '409.7255', '410.3183', '419.6021']
2026-04-08 22:52:46,276 - INFO - ⏳ No improvement. Patience: 2/50
2026-04-08 22:54:53,286 - INFO - [Epoch 42] Train Loss: 0.2176 | LR: 0.000095
2026-04-08 22:54:53,286 - INFO -     >>> Val Avg RMSE (Real): 479.9443
2026-04-08 22:54:53,287 - INFO -     >>> Val MAE Details: ['295.1952', '261.2531', '264.6610', '438.9797', '427.5279', '420.2635', '419.7213']
2026-04-08 22:54:53,287 - INFO - ⏳ No improvement. Patience: 3/50
2026-04-08 22:57:01,208 - INFO - [Epoch 43] Train Loss: 0.2175 | LR: 0.000095
2026-04-08 22:57:01,208 - INFO -     >>> Val Avg RMSE (Real): 462.0992
2026-04-08 22:57:01,208 - INFO -     >>> Val MAE Details: ['307.6179', '263.2123', '269.1174', '404.0723', '402.3735', '395.8907', '401.1472']
2026-04-08 22:57:01,208 - INFO - ⏳ No improvement. Patience: 4/50
2026-04-08 22:58:58,944 - INFO - [Epoch 44] Train Loss: 0.2157 | LR: 0.000095
2026-04-08 22:58:58,944 - INFO -     >>> Val Avg RMSE (Real): 470.1356
2026-04-08 22:58:58,944 - INFO -     >>> Val MAE Details: ['305.7461', '264.5792', '262.4649', '403.7236', '422.1001', '416.2407', '412.5249']
2026-04-08 22:58:58,944 - INFO - ⏳ No improvement. Patience: 5/50
2026-04-08 23:00:54,485 - INFO - [Epoch 45] Train Loss: 0.2147 | LR: 0.000095
2026-04-08 23:00:54,485 - INFO -     >>> Val Avg RMSE (Real): 478.3681
2026-04-08 23:00:54,486 - INFO -     >>> Val MAE Details: ['302.5249', '268.5973', '265.3591', '445.5038', '423.9016', '404.2909', '399.7621']
2026-04-08 23:00:54,486 - INFO - ⏳ No improvement. Patience: 6/50
2026-04-08 23:02:52,454 - INFO - [Epoch 46] Train Loss: 0.2146 | LR: 0.000094
2026-04-08 23:02:52,454 - INFO -     >>> Val Avg RMSE (Real): 492.8024
2026-04-08 23:02:52,454 - INFO -     >>> Val MAE Details: ['320.3565', '271.6445', '259.4742', '431.1797', '438.1103', '416.8739', '426.2135']
2026-04-08 23:02:52,454 - INFO - ⏳ No improvement. Patience: 7/50
2026-04-08 23:04:50,751 - INFO - [Epoch 47] Train Loss: 0.2142 | LR: 0.000094
2026-04-08 23:04:50,751 - INFO -     >>> Val Avg RMSE (Real): 474.5169
2026-04-08 23:04:50,751 - INFO -     >>> Val MAE Details: ['295.9230', '266.3748', '270.0562', '413.8122', '420.5996', '424.5512', '419.4341']
2026-04-08 23:04:50,751 - INFO - ⏳ No improvement. Patience: 8/50
2026-04-08 23:06:48,683 - INFO - [Epoch 48] Train Loss: 0.2131 | LR: 0.000094
2026-04-08 23:06:48,684 - INFO -     >>> Val Avg RMSE (Real): 468.2021
2026-04-08 23:06:48,684 - INFO -     >>> Val MAE Details: ['304.2354', '270.8458', '267.6752', '412.5185', '420.4709', '397.9468', '395.4513']
2026-04-08 23:06:48,684 - INFO - ⏳ No improvement. Patience: 9/50
2026-04-08 23:08:43,655 - INFO - [Epoch 49] Train Loss: 0.2122 | LR: 0.000094
2026-04-08 23:08:43,655 - INFO -     >>> Val Avg RMSE (Real): 467.7161
2026-04-08 23:08:43,655 - INFO -     >>> Val MAE Details: ['296.3682', '256.4832', '267.6671', '419.1405', '416.6599', '409.1217', '415.3761']
2026-04-08 23:08:43,655 - INFO - ⏳ No improvement. Patience: 10/50
2026-04-08 23:10:41,206 - INFO - [Epoch 50] Train Loss: 0.2119 | LR: 0.000093
2026-04-08 23:10:41,206 - INFO -     >>> Val Avg RMSE (Real): 478.3088
2026-04-08 23:10:41,206 - INFO -     >>> Val MAE Details: ['309.1723', '267.8866', '290.4466', '409.1581', '413.8581', '414.1175', '421.5546']
2026-04-08 23:10:41,206 - INFO - ⏳ No improvement. Patience: 11/50
2026-04-08 23:12:38,338 - INFO - [Epoch 51] Train Loss: 0.2113 | LR: 0.000093
2026-04-08 23:12:38,338 - INFO -     >>> Val Avg RMSE (Real): 472.3055
2026-04-08 23:12:38,338 - INFO -     >>> Val MAE Details: ['309.1267', '265.7240', '269.6207', '421.0696', '419.2321', '410.0409', '402.7854']
2026-04-08 23:12:38,339 - INFO - ⏳ No improvement. Patience: 12/50
2026-04-08 23:14:36,083 - INFO - [Epoch 52] Train Loss: 0.2110 | LR: 0.000093
2026-04-08 23:14:36,083 - INFO -     >>> Val Avg RMSE (Real): 481.9261
2026-04-08 23:14:36,083 - INFO -     >>> Val MAE Details: ['310.2824', '271.3417', '272.0835', '428.7490', '420.9996', '415.2253', '414.7675']
2026-04-08 23:14:36,083 - INFO - ⏳ No improvement. Patience: 13/50
2026-04-08 23:16:35,081 - INFO - [Epoch 53] Train Loss: 0.2095 | LR: 0.000092
2026-04-08 23:16:35,081 - INFO -     >>> Val Avg RMSE (Real): 460.3685
2026-04-08 23:16:35,081 - INFO -     >>> Val MAE Details: ['309.5172', '262.0453', '259.0559', '394.0787', '402.2468', '400.7754', '401.7764']
2026-04-08 23:16:35,081 - INFO - ⏳ No improvement. Patience: 14/50
2026-04-08 23:18:31,693 - INFO - [Epoch 54] Train Loss: 0.2091 | LR: 0.000092
2026-04-08 23:18:31,694 - INFO -     >>> Val Avg RMSE (Real): 473.2322
2026-04-08 23:18:31,694 - INFO -     >>> Val MAE Details: ['323.7126', '273.6381', '262.8884', '419.2279', '418.8881', '396.8971', '404.2626']
2026-04-08 23:18:31,694 - INFO - ⏳ No improvement. Patience: 15/50
2026-04-08 23:20:29,197 - INFO - [Epoch 55] Train Loss: 0.2074 | LR: 0.000092
2026-04-08 23:20:29,197 - INFO -     >>> Val Avg RMSE (Real): 465.8506
2026-04-08 23:20:29,197 - INFO -     >>> Val MAE Details: ['301.1532', '264.5547', '275.2045', '403.8972', '407.3613', '398.4387', '397.5688']
2026-04-08 23:20:29,197 - INFO - ⏳ No improvement. Patience: 16/50
2026-04-08 23:22:26,453 - INFO - [Epoch 56] Train Loss: 0.2075 | LR: 0.000092
2026-04-08 23:22:26,453 - INFO -     >>> Val Avg RMSE (Real): 473.2659
2026-04-08 23:22:26,453 - INFO -     >>> Val MAE Details: ['300.9348', '261.2278', '269.8560', '415.8076', '423.0744', '403.4742', '399.7125']
2026-04-08 23:22:26,453 - INFO - ⏳ No improvement. Patience: 17/50
2026-04-08 23:24:26,066 - INFO - [Epoch 57] Train Loss: 0.2056 | LR: 0.000091
2026-04-08 23:24:26,066 - INFO -     >>> Val Avg RMSE (Real): 470.4512
2026-04-08 23:24:26,066 - INFO -     >>> Val MAE Details: ['301.9206', '262.3223', '251.6900', '410.7988', '417.4189', '405.6989', '410.2408']
2026-04-08 23:24:26,066 - INFO - ⏳ No improvement. Patience: 18/50
2026-04-08 23:26:21,929 - INFO - [Epoch 58] Train Loss: 0.2063 | LR: 0.000091
2026-04-08 23:26:21,929 - INFO -     >>> Val Avg RMSE (Real): 460.4696
2026-04-08 23:26:21,929 - INFO -     >>> Val MAE Details: ['298.8918', '257.8705', '256.3377', '401.6604', '415.4882', '399.7018', '396.5661']
2026-04-08 23:26:21,929 - INFO - ⏳ No improvement. Patience: 19/50
2026-04-08 23:28:16,764 - INFO - [Epoch 59] Train Loss: 0.2055 | LR: 0.000091
2026-04-08 23:28:16,764 - INFO -     >>> Val Avg RMSE (Real): 464.1853
2026-04-08 23:28:16,764 - INFO -     >>> Val MAE Details: ['300.6159', '263.1601', '275.3346', '404.7653', '409.7345', '400.5097', '392.5237']
2026-04-08 23:28:16,764 - INFO - ⏳ No improvement. Patience: 20/50
2026-04-08 23:30:14,899 - INFO - [Epoch 60] Train Loss: 0.2054 | LR: 0.000090
2026-04-08 23:30:14,900 - INFO -     >>> Val Avg RMSE (Real): 470.2883
2026-04-08 23:30:14,900 - INFO -     >>> Val MAE Details: ['299.8789', '253.4529', '270.0952', '420.2062', '419.9657', '402.7779', '399.3894']
2026-04-08 23:30:14,900 - INFO - ⏳ No improvement. Patience: 21/50
2026-04-08 23:32:13,863 - INFO - [Epoch 61] Train Loss: 0.2045 | LR: 0.000090
2026-04-08 23:32:13,863 - INFO -     >>> Val Avg RMSE (Real): 463.1482
2026-04-08 23:32:13,863 - INFO -     >>> Val MAE Details: ['301.7548', '263.8808', '260.4828', '398.8699', '404.7677', '401.7639', '404.4634']
2026-04-08 23:32:13,863 - INFO - ⏳ No improvement. Patience: 22/50
2026-04-08 23:34:13,543 - INFO - [Epoch 62] Train Loss: 0.2039 | LR: 0.000090
2026-04-08 23:34:13,543 - INFO -     >>> Val Avg RMSE (Real): 467.8672
2026-04-08 23:34:13,543 - INFO -     >>> Val MAE Details: ['304.5780', '265.3915', '270.9861', '400.7654', '411.3492', '398.6909', '399.6758']
2026-04-08 23:34:13,543 - INFO - ⏳ No improvement. Patience: 23/50
2026-04-08 23:36:15,121 - INFO - [Epoch 63] Train Loss: 0.2031 | LR: 0.000090
2026-04-08 23:36:15,122 - INFO -     >>> Val Avg RMSE (Real): 463.5369
2026-04-08 23:36:15,122 - INFO -     >>> Val MAE Details: ['299.3184', '259.3606', '275.0689', '414.9540', '412.1010', '393.7274', '397.5868']
2026-04-08 23:36:15,122 - INFO - ⏳ No improvement. Patience: 24/50
2026-04-08 23:38:16,737 - INFO - [Epoch 64] Train Loss: 0.2023 | LR: 0.000089
2026-04-08 23:38:16,737 - INFO -     >>> Val Avg RMSE (Real): 471.5773
2026-04-08 23:38:16,737 - INFO -     >>> Val MAE Details: ['305.0207', '268.3232', '273.5319', '423.6886', '417.3758', '397.7365', '397.3142']
2026-04-08 23:38:16,737 - INFO - ⏳ No improvement. Patience: 25/50
2026-04-08 23:40:13,895 - INFO - [Epoch 65] Train Loss: 0.2017 | LR: 0.000089
2026-04-08 23:40:13,895 - INFO -     >>> Val Avg RMSE (Real): 469.6396
2026-04-08 23:40:13,895 - INFO -     >>> Val MAE Details: ['307.7686', '267.5969', '253.9192', '420.4561', '420.6790', '398.5456', '396.3929']
2026-04-08 23:40:13,895 - INFO - ⏳ No improvement. Patience: 26/50
2026-04-08 23:42:18,683 - INFO - [Epoch 66] Train Loss: 0.2010 | LR: 0.000089
2026-04-08 23:42:18,684 - INFO -     >>> Val Avg RMSE (Real): 463.8181
2026-04-08 23:42:18,684 - INFO -     >>> Val MAE Details: ['305.3436', '260.8503', '255.4929', '398.5412', '408.5344', '402.7174', '403.1816']
2026-04-08 23:42:18,684 - INFO - ⏳ No improvement. Patience: 27/50
2026-04-08 23:44:17,849 - INFO - [Epoch 67] Train Loss: 0.2002 | LR: 0.000088
2026-04-08 23:44:17,849 - INFO -     >>> Val Avg RMSE (Real): 463.8945
2026-04-08 23:44:17,849 - INFO -     >>> Val MAE Details: ['296.6310', '261.1182', '256.2296', '402.0538', '409.5670', '398.5715', '400.9870']
2026-04-08 23:44:17,849 - INFO - ⏳ No improvement. Patience: 28/50
2026-04-08 23:46:14,841 - INFO - [Epoch 68] Train Loss: 0.1987 | LR: 0.000088
2026-04-08 23:46:14,842 - INFO -     >>> Val Avg RMSE (Real): 466.7473
2026-04-08 23:46:14,842 - INFO -     >>> Val MAE Details: ['302.5904', '262.9036', '257.6374', '427.9082', '414.2318', '398.3422', '394.1812']
2026-04-08 23:46:14,842 - INFO - ⏳ No improvement. Patience: 29/50
2026-04-08 23:48:14,097 - INFO - [Epoch 69] Train Loss: 0.1989 | LR: 0.000088
2026-04-08 23:48:14,097 - INFO -     >>> Val Avg RMSE (Real): 461.6816
2026-04-08 23:48:14,097 - INFO -     >>> Val MAE Details: ['304.9713', '263.4802', '256.5275', '409.7514', '404.8135', '393.0569', '390.7942']
2026-04-08 23:48:14,097 - INFO - ⏳ No improvement. Patience: 30/50
2026-04-08 23:50:08,892 - INFO - [Epoch 70] Train Loss: 0.1988 | LR: 0.000087
2026-04-08 23:50:08,893 - INFO -     >>> Val Avg RMSE (Real): 471.0925
2026-04-08 23:50:08,893 - INFO -     >>> Val MAE Details: ['307.2085', '259.3748', '276.0271', '400.6849', '413.7030', '420.5222', '410.9752']
2026-04-08 23:50:08,893 - INFO - ⏳ No improvement. Patience: 31/50
2026-04-08 23:52:05,301 - INFO - [Epoch 71] Train Loss: 0.1982 | LR: 0.000087
2026-04-08 23:52:05,301 - INFO -     >>> Val Avg RMSE (Real): 468.6000
2026-04-08 23:52:05,301 - INFO -     >>> Val MAE Details: ['305.9723', '264.4193', '277.5005', '413.3887', '408.4698', '399.3333', '397.7700']
2026-04-08 23:52:05,301 - INFO - ⏳ No improvement. Patience: 32/50
2026-04-08 23:54:03,183 - INFO - [Epoch 72] Train Loss: 0.1973 | LR: 0.000086
2026-04-08 23:54:03,183 - INFO -     >>> Val Avg RMSE (Real): 466.7466
2026-04-08 23:54:03,183 - INFO -     >>> Val MAE Details: ['315.8346', '269.5077', '262.7955', '405.8087', '410.3504', '399.7607', '396.8463']
2026-04-08 23:54:03,183 - INFO - ⏳ No improvement. Patience: 33/50
2026-04-08 23:56:05,738 - INFO - [Epoch 73] Train Loss: 0.1963 | LR: 0.000086
2026-04-08 23:56:05,738 - INFO -     >>> Val Avg RMSE (Real): 474.4530
2026-04-08 23:56:05,738 - INFO -     >>> Val MAE Details: ['311.8566', '272.5540', '271.8085', '418.1992', '418.7876', '409.9408', '402.8611']
2026-04-08 23:56:05,738 - INFO - ⏳ No improvement. Patience: 34/50
2026-04-08 23:58:07,303 - INFO - [Epoch 74] Train Loss: 0.1961 | LR: 0.000086
2026-04-08 23:58:07,303 - INFO -     >>> Val Avg RMSE (Real): 469.9954
2026-04-08 23:58:07,303 - INFO -     >>> Val MAE Details: ['315.1266', '280.2404', '261.0628', '405.1806', '405.4234', '399.3624', '400.7150']
2026-04-08 23:58:07,303 - INFO - ⏳ No improvement. Patience: 35/50
2026-04-09 00:00:02,897 - INFO - [Epoch 75] Train Loss: 0.1962 | LR: 0.000085
2026-04-09 00:00:02,897 - INFO -     >>> Val Avg RMSE (Real): 456.3898
2026-04-09 00:00:02,898 - INFO -     >>> Val MAE Details: ['309.1014', '261.9263', '254.3822', '387.4948', '414.3011', '395.8470', '389.5752']
2026-04-09 00:00:03,097 - INFO - 💾 Saved Best Model to ./logs/ED5_repr_atomistic_graph_DimeNetPP_MultiTask7_20260408_213225/best_model.pth
2026-04-09 00:02:00,049 - INFO - [Epoch 76] Train Loss: 0.1951 | LR: 0.000085
2026-04-09 00:02:00,049 - INFO -     >>> Val Avg RMSE (Real): 452.7277
2026-04-09 00:02:00,049 - INFO -     >>> Val MAE Details: ['295.0327', '252.3567', '247.1850', '400.8453', '405.7630', '388.5515', '389.7317']
2026-04-09 00:02:00,249 - INFO - 💾 Saved Best Model to ./logs/ED5_repr_atomistic_graph_DimeNetPP_MultiTask7_20260408_213225/best_model.pth
2026-04-09 00:03:57,502 - INFO - [Epoch 77] Train Loss: 0.1943 | LR: 0.000085
2026-04-09 00:03:57,502 - INFO -     >>> Val Avg RMSE (Real): 470.9075
2026-04-09 00:03:57,502 - INFO -     >>> Val MAE Details: ['333.4116', '269.8147', '266.5399', '399.0700', '418.5768', '399.4889', '396.0074']
2026-04-09 00:03:57,502 - INFO - ⏳ No improvement. Patience: 1/50
2026-04-09 00:05:54,492 - INFO - [Epoch 78] Train Loss: 0.1940 | LR: 0.000084
2026-04-09 00:05:54,492 - INFO -     >>> Val Avg RMSE (Real): 468.5625
2026-04-09 00:05:54,492 - INFO -     >>> Val MAE Details: ['317.7054', '269.4881', '249.0891', '395.0975', '411.9579', '411.6286', '418.6458']
2026-04-09 00:05:54,492 - INFO - ⏳ No improvement. Patience: 2/50
2026-04-09 00:07:51,066 - INFO - [Epoch 79] Train Loss: 0.1935 | LR: 0.000084
2026-04-09 00:07:51,066 - INFO -     >>> Val Avg RMSE (Real): 464.4599
2026-04-09 00:07:51,066 - INFO -     >>> Val MAE Details: ['297.8514', '251.4304', '259.8362', '400.5262', '411.0793', '401.0098', '399.7278']
2026-04-09 00:07:51,066 - INFO - ⏳ No improvement. Patience: 3/50
2026-04-09 00:09:45,310 - INFO - [Epoch 80] Train Loss: 0.1927 | LR: 0.000083
2026-04-09 00:09:45,310 - INFO -     >>> Val Avg RMSE (Real): 466.8101
2026-04-09 00:09:45,310 - INFO -     >>> Val MAE Details: ['308.9445', '261.0699', '258.1610', '404.4046', '409.3608', '399.2950', '404.3036']
2026-04-09 00:09:45,310 - INFO - ⏳ No improvement. Patience: 4/50
2026-04-09 00:11:43,941 - INFO - [Epoch 81] Train Loss: 0.1920 | LR: 0.000083
2026-04-09 00:11:43,941 - INFO -     >>> Val Avg RMSE (Real): 461.0226
2026-04-09 00:11:43,941 - INFO -     >>> Val MAE Details: ['298.7792', '257.0326', '258.9392', '402.0125', '411.1387', '401.4067', '395.0381']
2026-04-09 00:11:43,941 - INFO - ⏳ No improvement. Patience: 5/50
2026-04-09 00:13:42,941 - INFO - [Epoch 82] Train Loss: 0.1921 | LR: 0.000083
2026-04-09 00:13:42,941 - INFO -     >>> Val Avg RMSE (Real): 455.5996
2026-04-09 00:13:42,941 - INFO -     >>> Val MAE Details: ['299.9557', '261.4501', '260.2514', '389.0611', '404.6975', '391.3440', '389.7915']
2026-04-09 00:13:42,941 - INFO - ⏳ No improvement. Patience: 6/50
2026-04-09 00:15:43,613 - INFO - [Epoch 83] Train Loss: 0.1906 | LR: 0.000082
2026-04-09 00:15:43,613 - INFO -     >>> Val Avg RMSE (Real): 463.6101
2026-04-09 00:15:43,613 - INFO -     >>> Val MAE Details: ['309.7225', '263.1351', '254.9704', '399.0652', '414.3609', '399.7587', '400.9100']
2026-04-09 00:15:43,613 - INFO - ⏳ No improvement. Patience: 7/50
2026-04-09 00:17:39,565 - INFO - [Epoch 84] Train Loss: 0.1896 | LR: 0.000082
2026-04-09 00:17:39,566 - INFO -     >>> Val Avg RMSE (Real): 455.6981
2026-04-09 00:17:39,566 - INFO -     >>> Val MAE Details: ['307.6539', '257.2136', '253.7146', '388.1823', '404.5621', '395.4416', '395.9867']
2026-04-09 00:17:39,566 - INFO - ⏳ No improvement. Patience: 8/50
2026-04-09 00:19:34,160 - INFO - [Epoch 85] Train Loss: 0.1901 | LR: 0.000081
2026-04-09 00:19:34,161 - INFO -     >>> Val Avg RMSE (Real): 460.1303
2026-04-09 00:19:34,161 - INFO -     >>> Val MAE Details: ['318.6815', '266.8272', '262.7257', '390.6671', '397.3953', '390.0771', '390.5641']
2026-04-09 00:19:34,161 - INFO - ⏳ No improvement. Patience: 9/50
2026-04-09 00:21:32,253 - INFO - [Epoch 86] Train Loss: 0.1898 | LR: 0.000081
2026-04-09 00:21:32,253 - INFO -     >>> Val Avg RMSE (Real): 476.4633
2026-04-09 00:21:32,253 - INFO -     >>> Val MAE Details: ['304.8593', '268.0493', '263.7247', '417.5217', '419.6015', '412.5428', '405.2100']
2026-04-09 00:21:32,254 - INFO - ⏳ No improvement. Patience: 10/50
2026-04-09 00:23:28,803 - INFO - [Epoch 87] Train Loss: 0.1876 | LR: 0.000081
2026-04-09 00:23:28,804 - INFO -     >>> Val Avg RMSE (Real): 472.4765
2026-04-09 00:23:28,804 - INFO -     >>> Val MAE Details: ['312.3806', '266.0526', '268.0216', '403.4898', '416.7567', '404.1250', '403.8595']
2026-04-09 00:23:28,804 - INFO - ⏳ No improvement. Patience: 11/50
2026-04-09 00:25:25,101 - INFO - [Epoch 88] Train Loss: 0.1878 | LR: 0.000080
2026-04-09 00:25:25,101 - INFO -     >>> Val Avg RMSE (Real): 458.2990
2026-04-09 00:25:25,101 - INFO -     >>> Val MAE Details: ['306.3620', '263.3961', '255.2999', '392.6257', '401.9755', '395.2568', '401.1432']
2026-04-09 00:25:25,101 - INFO - ⏳ No improvement. Patience: 12/50
2026-04-09 00:27:20,998 - INFO - [Epoch 89] Train Loss: 0.1885 | LR: 0.000080
2026-04-09 00:27:20,998 - INFO -     >>> Val Avg RMSE (Real): 475.6682
2026-04-09 00:27:20,998 - INFO -     >>> Val MAE Details: ['314.1620', '269.4221', '262.2432', '426.9290', '427.6891', '404.5599', '397.5662']
2026-04-09 00:27:20,998 - INFO - ⏳ No improvement. Patience: 13/50
2026-04-09 00:29:16,563 - INFO - [Epoch 90] Train Loss: 0.1881 | LR: 0.000079
2026-04-09 00:29:16,563 - INFO -     >>> Val Avg RMSE (Real): 471.5055
2026-04-09 00:29:16,563 - INFO -     >>> Val MAE Details: ['301.3695', '260.8541', '255.8898', '412.9711', '428.1152', '406.8867', '402.2459']
2026-04-09 00:29:16,563 - INFO - ⏳ No improvement. Patience: 14/50
2026-04-09 00:31:11,997 - INFO - [Epoch 91] Train Loss: 0.1876 | LR: 0.000079
2026-04-09 00:31:11,997 - INFO -     >>> Val Avg RMSE (Real): 464.8799
2026-04-09 00:31:11,997 - INFO -     >>> Val MAE Details: ['304.9151', '259.5140', '259.7688', '424.8587', '401.9763', '393.6295', '389.9654']
2026-04-09 00:31:11,997 - INFO - ⏳ No improvement. Patience: 15/50
2026-04-09 00:33:07,751 - INFO - [Epoch 92] Train Loss: 0.1864 | LR: 0.000079
2026-04-09 00:33:07,751 - INFO -     >>> Val Avg RMSE (Real): 481.9078
2026-04-09 00:33:07,751 - INFO -     >>> Val MAE Details: ['309.9747', '262.1624', '261.4336', '396.0929', '423.9155', '426.0689', '427.6346']
2026-04-09 00:33:07,751 - INFO - ⏳ No improvement. Patience: 16/50
2026-04-09 00:35:03,960 - INFO - [Epoch 93] Train Loss: 0.1869 | LR: 0.000078
2026-04-09 00:35:03,961 - INFO -     >>> Val Avg RMSE (Real): 473.8012
2026-04-09 00:35:03,961 - INFO -     >>> Val MAE Details: ['313.8479', '269.0400', '263.4525', '399.7400', '428.1647', '407.7753', '404.3631']
2026-04-09 00:35:03,961 - INFO - ⏳ No improvement. Patience: 17/50
2026-04-09 00:37:03,530 - INFO - [Epoch 94] Train Loss: 0.1857 | LR: 0.000078
2026-04-09 00:37:03,530 - INFO -     >>> Val Avg RMSE (Real): 457.1511
2026-04-09 00:37:03,530 - INFO -     >>> Val MAE Details: ['292.2679', '252.1064', '251.7641', '397.8970', '403.8836', '398.0320', '396.1079']
2026-04-09 00:37:03,530 - INFO - ⏳ No improvement. Patience: 18/50
2026-04-09 00:39:03,780 - INFO - [Epoch 95] Train Loss: 0.1846 | LR: 0.000077
2026-04-09 00:39:03,780 - INFO -     >>> Val Avg RMSE (Real): 468.4591
2026-04-09 00:39:03,780 - INFO -     >>> Val MAE Details: ['316.7360', '266.7983', '259.9544', '389.7744', '413.0560', '406.2239', '409.6773']
2026-04-09 00:39:03,780 - INFO - ⏳ No improvement. Patience: 19/50
2026-04-09 00:41:00,626 - INFO - [Epoch 96] Train Loss: 0.1849 | LR: 0.000077
2026-04-09 00:41:00,627 - INFO -     >>> Val Avg RMSE (Real): 457.3497
2026-04-09 00:41:00,627 - INFO -     >>> Val MAE Details: ['306.1784', '265.4958', '255.6896', '381.1257', '403.1431', '397.3972', '394.4991']
2026-04-09 00:41:00,627 - INFO - ⏳ No improvement. Patience: 20/50
2026-04-09 00:43:01,629 - INFO - [Epoch 97] Train Loss: 0.1845 | LR: 0.000076
2026-04-09 00:43:01,629 - INFO -     >>> Val Avg RMSE (Real): 470.4811
2026-04-09 00:43:01,629 - INFO -     >>> Val MAE Details: ['316.0247', '267.1513', '252.2833', '401.7149', '415.8844', '404.0872', '402.1816']
2026-04-09 00:43:01,630 - INFO - ⏳ No improvement. Patience: 21/50
2026-04-09 00:45:03,321 - INFO - [Epoch 98] Train Loss: 0.1844 | LR: 0.000076
2026-04-09 00:45:03,321 - INFO -     >>> Val Avg RMSE (Real): 457.7702
2026-04-09 00:45:03,321 - INFO -     >>> Val MAE Details: ['306.8338', '260.6811', '259.5493', '388.3645', '404.3688', '401.7434', '401.6810']
2026-04-09 00:45:03,321 - INFO - ⏳ No improvement. Patience: 22/50
2026-04-09 00:47:02,015 - INFO - [Epoch 99] Train Loss: 0.1841 | LR: 0.000075
2026-04-09 00:47:02,016 - INFO -     >>> Val Avg RMSE (Real): 456.2671
2026-04-09 00:47:02,016 - INFO -     >>> Val MAE Details: ['308.4864', '252.5778', '247.8033', '396.5816', '409.3405', '395.8434', '390.4932']
2026-04-09 00:47:02,016 - INFO - ⏳ No improvement. Patience: 23/50
2026-04-09 00:48:58,755 - INFO - [Epoch 100] Train Loss: 0.1833 | LR: 0.000075
2026-04-09 00:48:58,756 - INFO -     >>> Val Avg RMSE (Real): 461.6636
2026-04-09 00:48:58,756 - INFO -     >>> Val MAE Details: ['316.8925', '252.7110', '246.8433', '400.8599', '413.1799', '399.3165', '399.3743']
2026-04-09 00:48:58,756 - INFO - ⏳ No improvement. Patience: 24/50
2026-04-09 00:50:53,808 - INFO - [Epoch 101] Train Loss: 0.1832 | LR: 0.000075
2026-04-09 00:50:53,808 - INFO -     >>> Val Avg RMSE (Real): 457.8175
2026-04-09 00:50:53,808 - INFO -     >>> Val MAE Details: ['307.1627', '259.9265', '246.9405', '403.3034', '400.4670', '392.7838', '390.9987']
2026-04-09 00:50:53,808 - INFO - ⏳ No improvement. Patience: 25/50
2026-04-09 00:52:54,577 - INFO - [Epoch 102] Train Loss: 0.1821 | LR: 0.000074
2026-04-09 00:52:54,578 - INFO -     >>> Val Avg RMSE (Real): 467.4834
2026-04-09 00:52:54,578 - INFO -     >>> Val MAE Details: ['301.4713', '262.9651', '257.1261', '418.5878', '405.9570', '399.6367', '397.6532']
2026-04-09 00:52:54,578 - INFO - ⏳ No improvement. Patience: 26/50
2026-04-09 00:54:55,069 - INFO - [Epoch 103] Train Loss: 0.1814 | LR: 0.000074
2026-04-09 00:54:55,069 - INFO -     >>> Val Avg RMSE (Real): 473.8658
2026-04-09 00:54:55,069 - INFO -     >>> Val MAE Details: ['321.0701', '264.0425', '259.7716', '397.0811', '433.0679', '409.0282', '400.8786']
2026-04-09 00:54:55,069 - INFO - ⏳ No improvement. Patience: 27/50
2026-04-09 00:56:53,632 - INFO - [Epoch 104] Train Loss: 0.1814 | LR: 0.000073
2026-04-09 00:56:53,632 - INFO -     >>> Val Avg RMSE (Real): 469.8991
2026-04-09 00:56:53,632 - INFO -     >>> Val MAE Details: ['318.0624', '260.1129', '246.2122', '399.2268', '421.4825', '406.3122', '399.5577']
2026-04-09 00:56:53,632 - INFO - ⏳ No improvement. Patience: 28/50
2026-04-09 00:58:53,136 - INFO - [Epoch 105] Train Loss: 0.1814 | LR: 0.000073
2026-04-09 00:58:53,137 - INFO -     >>> Val Avg RMSE (Real): 467.0036
2026-04-09 00:58:53,137 - INFO -     >>> Val MAE Details: ['307.9386', '266.0915', '272.8181', '394.0602', '416.3894', '395.6723', '395.8877']
2026-04-09 00:58:53,137 - INFO - ⏳ No improvement. Patience: 29/50
2026-04-09 01:00:50,033 - INFO - [Epoch 106] Train Loss: 0.1803 | LR: 0.000072
2026-04-09 01:00:50,033 - INFO -     >>> Val Avg RMSE (Real): 479.5237
2026-04-09 01:00:50,033 - INFO -     >>> Val MAE Details: ['319.4455', '263.8442', '263.1640', '396.4878', '435.8777', '411.8652', '410.3369']
2026-04-09 01:00:50,033 - INFO - ⏳ No improvement. Patience: 30/50
2026-04-09 01:02:49,913 - INFO - [Epoch 107] Train Loss: 0.1797 | LR: 0.000072
2026-04-09 01:02:49,914 - INFO -     >>> Val Avg RMSE (Real): 459.1563
2026-04-09 01:02:49,914 - INFO -     >>> Val MAE Details: ['306.0871', '264.0732', '257.1757', '393.9220', '405.9030', '394.7924', '391.7537']
2026-04-09 01:02:49,914 - INFO - ⏳ No improvement. Patience: 31/50
2026-04-09 01:04:45,936 - INFO - [Epoch 108] Train Loss: 0.1797 | LR: 0.000071
2026-04-09 01:04:45,936 - INFO -     >>> Val Avg RMSE (Real): 458.9699
2026-04-09 01:04:45,936 - INFO -     >>> Val MAE Details: ['303.8787', '269.8134', '255.2224', '392.5498', '410.4481', '396.8593', '395.9066']
2026-04-09 01:04:45,936 - INFO - ⏳ No improvement. Patience: 32/50
2026-04-09 01:06:45,068 - INFO - [Epoch 109] Train Loss: 0.1799 | LR: 0.000071
2026-04-09 01:06:45,068 - INFO -     >>> Val Avg RMSE (Real): 464.2400
2026-04-09 01:06:45,068 - INFO -     >>> Val MAE Details: ['306.3079', '264.0647', '251.6597', '405.0154', '409.7363', '399.3206', '392.4741']
2026-04-09 01:06:45,068 - INFO - ⏳ No improvement. Patience: 33/50
2026-04-09 01:08:47,540 - INFO - [Epoch 110] Train Loss: 0.1783 | LR: 0.000070
2026-04-09 01:08:47,541 - INFO -     >>> Val Avg RMSE (Real): 462.3743
2026-04-09 01:08:47,541 - INFO -     >>> Val MAE Details: ['304.2730', '259.0672', '252.0939', '406.7633', '408.8061', '400.7733', '397.4606']
2026-04-09 01:08:47,541 - INFO - ⏳ No improvement. Patience: 34/50
2026-04-09 01:10:45,203 - INFO - [Epoch 111] Train Loss: 0.1785 | LR: 0.000070
2026-04-09 01:10:45,203 - INFO -     >>> Val Avg RMSE (Real): 453.1627
2026-04-09 01:10:45,203 - INFO -     >>> Val MAE Details: ['315.4213', '254.7259', '244.0521', '388.4709', '400.2355', '391.7772', '390.7463']
2026-04-09 01:10:45,204 - INFO - ⏳ No improvement. Patience: 35/50
2026-04-09 01:12:42,894 - INFO - [Epoch 112] Train Loss: 0.1783 | LR: 0.000069
2026-04-09 01:12:42,894 - INFO -     >>> Val Avg RMSE (Real): 465.3023
2026-04-09 01:12:42,894 - INFO -     >>> Val MAE Details: ['308.3401', '259.8804', '255.5390', '393.5173', '407.9979', '405.2668', '400.7675']
2026-04-09 01:12:42,894 - INFO - ⏳ No improvement. Patience: 36/50
2026-04-09 01:14:40,800 - INFO - [Epoch 113] Train Loss: 0.1778 | LR: 0.000069
2026-04-09 01:14:40,800 - INFO -     >>> Val Avg RMSE (Real): 468.9939
2026-04-09 01:14:40,800 - INFO -     >>> Val MAE Details: ['323.4440', '266.6593', '259.3858', '400.1819', '412.5929', '396.3051', '391.9236']
2026-04-09 01:14:40,800 - INFO - ⏳ No improvement. Patience: 37/50
2026-04-09 01:16:39,545 - INFO - [Epoch 114] Train Loss: 0.1779 | LR: 0.000068
2026-04-09 01:16:39,545 - INFO -     >>> Val Avg RMSE (Real): 463.1345
2026-04-09 01:16:39,545 - INFO -     >>> Val MAE Details: ['328.2414', '270.8725', '249.9280', '391.4472', '406.0143', '394.6658', '393.9050']
2026-04-09 01:16:39,545 - INFO - ⏳ No improvement. Patience: 38/50
2026-04-09 01:18:36,302 - INFO - [Epoch 115] Train Loss: 0.1765 | LR: 0.000068
2026-04-09 01:18:36,302 - INFO -     >>> Val Avg RMSE (Real): 466.3433
2026-04-09 01:18:36,302 - INFO -     >>> Val MAE Details: ['302.5323', '252.7948', '255.2656', '401.3530', '407.5174', '404.9921', '402.0658']
2026-04-09 01:18:36,302 - INFO - ⏳ No improvement. Patience: 39/50
2026-04-09 01:20:31,152 - INFO - [Epoch 116] Train Loss: 0.1757 | LR: 0.000067
2026-04-09 01:20:31,152 - INFO -     >>> Val Avg RMSE (Real): 456.0808
2026-04-09 01:20:31,152 - INFO -     >>> Val MAE Details: ['305.7792', '254.2629', '249.1941', '392.6511', '405.5443', '394.3298', '396.4826']
2026-04-09 01:20:31,152 - INFO - ⏳ No improvement. Patience: 40/50
2026-04-09 01:22:29,983 - INFO - [Epoch 117] Train Loss: 0.1762 | LR: 0.000067
2026-04-09 01:22:29,983 - INFO -     >>> Val Avg RMSE (Real): 461.2701
2026-04-09 01:22:29,983 - INFO -     >>> Val MAE Details: ['306.0291', '260.5061', '258.0005', '393.9434', '407.6755', '394.1686', '392.5847']
2026-04-09 01:22:29,983 - INFO - ⏳ No improvement. Patience: 41/50
2026-04-09 01:24:28,968 - INFO - [Epoch 118] Train Loss: 0.1762 | LR: 0.000066
2026-04-09 01:24:28,968 - INFO -     >>> Val Avg RMSE (Real): 465.2856
2026-04-09 01:24:28,968 - INFO -     >>> Val MAE Details: ['308.8196', '261.2140', '251.5968', '390.4561', '406.6574', '397.1795', '399.7808']
2026-04-09 01:24:28,968 - INFO - ⏳ No improvement. Patience: 42/50
2026-04-09 01:26:26,972 - INFO - [Epoch 119] Train Loss: 0.1742 | LR: 0.000066
2026-04-09 01:26:26,973 - INFO -     >>> Val Avg RMSE (Real): 460.6251
2026-04-09 01:26:26,973 - INFO -     >>> Val MAE Details: ['304.9272', '257.6588', '258.3000', '396.1754', '409.5808', '393.2335', '389.9084']
2026-04-09 01:26:26,973 - INFO - ⏳ No improvement. Patience: 43/50
2026-04-09 01:28:23,569 - INFO - [Epoch 120] Train Loss: 0.1749 | LR: 0.000065
2026-04-09 01:28:23,570 - INFO -     >>> Val Avg RMSE (Real): 469.2992
2026-04-09 01:28:23,570 - INFO -     >>> Val MAE Details: ['309.0154', '257.3221', '253.8767', '396.2726', '413.6795', '406.2622', '401.6621']
2026-04-09 01:28:23,570 - INFO - ⏳ No improvement. Patience: 44/50
2026-04-09 01:30:19,896 - INFO - [Epoch 121] Train Loss: 0.1746 | LR: 0.000065
2026-04-09 01:30:19,896 - INFO -     >>> Val Avg RMSE (Real): 462.2369
2026-04-09 01:30:19,896 - INFO -     >>> Val MAE Details: ['308.0494', '259.6272', '252.9489', '386.3867', '412.2425', '396.6799', '395.1161']
2026-04-09 01:30:19,896 - INFO - ⏳ No improvement. Patience: 45/50
2026-04-09 01:32:21,818 - INFO - [Epoch 122] Train Loss: 0.1735 | LR: 0.000064
2026-04-09 01:32:21,818 - INFO -     >>> Val Avg RMSE (Real): 455.6334
2026-04-09 01:32:21,818 - INFO -     >>> Val MAE Details: ['304.1949', '257.0340', '255.5465', '390.6872', '400.1432', '392.0000', '390.4005']
2026-04-09 01:32:21,818 - INFO - ⏳ No improvement. Patience: 46/50
2026-04-09 01:34:26,141 - INFO - [Epoch 123] Train Loss: 0.1728 | LR: 0.000064
2026-04-09 01:34:26,141 - INFO -     >>> Val Avg RMSE (Real): 475.3062
2026-04-09 01:34:26,141 - INFO -     >>> Val MAE Details: ['305.0994', '264.7747', '253.8815', '404.8159', '431.4624', '407.8667', '403.5816']
2026-04-09 01:34:26,141 - INFO - ⏳ No improvement. Patience: 47/50
2026-04-09 01:36:33,786 - INFO - [Epoch 124] Train Loss: 0.1730 | LR: 0.000063
2026-04-09 01:36:33,787 - INFO -     >>> Val Avg RMSE (Real): 462.0910
2026-04-09 01:36:33,787 - INFO -     >>> Val MAE Details: ['306.0482', '261.4944', '252.8628', '384.1039', '406.4139', '402.6257', '402.7639']
2026-04-09 01:36:33,787 - INFO - ⏳ No improvement. Patience: 48/50
2026-04-09 01:38:37,675 - INFO - [Epoch 125] Train Loss: 0.1738 | LR: 0.000063
2026-04-09 01:38:37,675 - INFO -     >>> Val Avg RMSE (Real): 462.2599
2026-04-09 01:38:37,676 - INFO -     >>> Val MAE Details: ['312.6183', '263.3725', '253.7910', '399.9872', '405.9681', '400.2416', '395.0248']
2026-04-09 01:38:37,676 - INFO - ⏳ No improvement. Patience: 49/50
2026-04-09 01:40:38,046 - INFO - [Epoch 126] Train Loss: 0.1709 | LR: 0.000062
2026-04-09 01:40:38,047 - INFO -     >>> Val Avg RMSE (Real): 477.4263
2026-04-09 01:40:38,047 - INFO -     >>> Val MAE Details: ['309.2573', '261.4361', '250.7198', '425.4698', '417.9567', '407.0677', '409.8642']
2026-04-09 01:40:38,047 - INFO - ⏳ No improvement. Patience: 50/50
2026-04-09 01:40:38,047 - INFO - 🛑 Early Stopping triggered! Best RMSE: 452.7277
