2026-04-05 21:35:23,086 - INFO - 💾 Config files backed up to ./logs/ED5_repr_hybrid_fusion_DualCrossattention_visnet_MultiTask7_20260405_213523
2026-04-05 21:35:23,086 - INFO - 🎯 Multi-Task Targets (7): ['homo_2', 'homo_1', 'homo_0', 'lumo_0', 'lumo_1', 'lumo_2', 'lumo_3']
2026-04-05 21:35:23,086 - INFO - ========================================
2026-04-05 21:35:23,086 - INFO -         Training Configuration        
2026-04-05 21:35:23,086 - INFO - ========================================
2026-04-05 21:35:23,087 - INFO - 
{'data': {'dataset_mode': 'repr_hybrid_fusion',
          'grid_size': 0.1,
          'max_radius': 5.0,
          'pkl_path': '/home/zw/ED_all/data/ED5_OE/ed_homo_lumo_5w_1024_fusion.pkl',
          'targets': ['homo_2',
                      'homo_1',
                      'homo_0',
                      'lumo_0',
                      'lumo_1',
                      'lumo_2',
                      'lumo_3']},
 'model': {'interaction_radius': 2.0,
           'name': 'DualCrossattention_visnet',
           'ptv3': {'dec_channels': [64, 64, 128, 256],
                    'dec_num_head': [4, 8, 16, 32],
                    'drop_path_rate': 0.3,
                    'enc_channels': [32, 64, 128, 256, 512],
                    'enc_depths': [2, 2, 2, 6, 2],
                    'enc_num_head': [2, 4, 8, 16, 32],
                    'in_channels': 1,
                    'patch_size': 1024},
           'visnet': {'activation': 'silu',
                      'attn_activation': 'silu',
                      'cutoff': 5.0,
                      'hidden_channels': 128,
                      'lmax': 2,
                      'max_num_neighbors': 32,
                      'max_z': 100,
                      'num_heads': 8,
                      'num_layers': 6,
                      'num_rbf': 32,
                      'rbf_type': 'expnorm',
                      'trainable_rbf': False,
                      'trainable_vecnorm': False,
                      'vecnorm_type': 'none',
                      'vertex_type': 'Edge'}},
 'train': {'batch_size': 32,
           'epochs': 300,
           'grad_norm_clip': 1.0,
           'lr': 0.0001,
           'patience': 50,
           'seed': 2025,
           'weight_decay': 0.0001}}
2026-04-05 21:35:23,087 - INFO - ========================================

2026-04-05 21:35:23,087 - INFO - 🚀 Start Training on Device: cuda
2026-04-05 21:35:23,087 - INFO - Loading Data...
2026-04-05 21:35:23,087 - INFO - Loading Dataset Mode: repr_hybrid_fusion...
2026-04-05 21:35:25,954 - INFO - Stats - Mean: [[-7445.8413  -6840.216   -6120.3984   -467.5637    424.04166  1219.15
   1809.3903 ]], Std: [[ 740.80115  706.1094   754.61444 1186.4424  1122.4873  1107.2244
  1080.7959 ]]
2026-04-05 21:35:25,954 - INFO - Building Model: DualCrossattention_visnet...
2026-04-05 21:35:26,479 - INFO - Total Parameters: 48.1311 M

2026-04-05 21:50:02,621 - INFO - [Epoch 1] Train Loss: 0.4253 | LR: 0.000100
2026-04-05 21:50:02,622 - INFO -     >>> Val Avg RMSE (Real): 652.7934
2026-04-05 21:50:02,622 - INFO -     >>> Val MAE Details: ['357.7149', '347.1275', '420.3189', '549.5485', '519.0718', '828.4569', '468.3354']
2026-04-05 21:50:03,534 - INFO - 💾 Saved Best Model to ./logs/ED5_repr_hybrid_fusion_DualCrossattention_visnet_MultiTask7_20260405_213523/best_model.pth
2026-04-05 22:03:59,759 - INFO - [Epoch 2] Train Loss: 0.2906 | LR: 0.000100
2026-04-05 22:03:59,760 - INFO -     >>> Val Avg RMSE (Real): 961.5923
2026-04-05 22:03:59,760 - INFO -     >>> Val MAE Details: ['485.2688', '844.5489', '1035.8610', '973.6744', '922.2407', '749.2662', '679.6280']
2026-04-05 22:03:59,760 - INFO - ⏳ No improvement. Patience: 1/50
2026-04-05 22:17:56,884 - INFO - [Epoch 3] Train Loss: 0.2590 | LR: 0.000100
2026-04-05 22:17:56,884 - INFO -     >>> Val Avg RMSE (Real): 1331.0385
2026-04-05 22:17:56,884 - INFO -     >>> Val MAE Details: ['617.1504', '1059.5519', '1045.4999', '1569.9104', '1697.1970', '1261.8191', '670.7205']
2026-04-05 22:17:56,885 - INFO - ⏳ No improvement. Patience: 2/50
2026-04-05 22:31:57,786 - INFO - [Epoch 4] Train Loss: 0.2342 | LR: 0.000100
2026-04-05 22:31:57,787 - INFO -     >>> Val Avg RMSE (Real): 1003.0822
2026-04-05 22:31:57,787 - INFO -     >>> Val MAE Details: ['387.7049', '652.2561', '613.7011', '1121.9352', '1270.8840', '964.6044', '548.0895']
2026-04-05 22:31:57,787 - INFO - ⏳ No improvement. Patience: 3/50
2026-04-05 22:46:00,373 - INFO - [Epoch 5] Train Loss: 0.2195 | LR: 0.000100
2026-04-05 22:46:00,373 - INFO -     >>> Val Avg RMSE (Real): 717.2449
2026-04-05 22:46:00,373 - INFO -     >>> Val MAE Details: ['438.9868', '721.8952', '687.5950', '632.2623', '567.2569', '492.2548', '445.0336']
2026-04-05 22:46:00,373 - INFO - ⏳ No improvement. Patience: 4/50
2026-04-05 23:00:10,816 - INFO - [Epoch 6] Train Loss: 0.2083 | LR: 0.000100
2026-04-05 23:00:10,816 - INFO -     >>> Val Avg RMSE (Real): 731.4674
2026-04-05 23:00:10,816 - INFO -     >>> Val MAE Details: ['558.6734', '669.4494', '494.5699', '706.6901', '492.1073', '546.4119', '488.6594']
2026-04-05 23:00:10,817 - INFO - ⏳ No improvement. Patience: 5/50
2026-04-05 23:14:11,540 - INFO - [Epoch 7] Train Loss: 0.1966 | LR: 0.000100
2026-04-05 23:14:11,541 - INFO -     >>> Val Avg RMSE (Real): 432.7596
2026-04-05 23:14:11,541 - INFO -     >>> Val MAE Details: ['256.5323', '258.0415', '308.5406', '422.7880', '346.1682', '388.1907', '343.4099']
2026-04-05 23:14:12,501 - INFO - 💾 Saved Best Model to ./logs/ED5_repr_hybrid_fusion_DualCrossattention_visnet_MultiTask7_20260405_213523/best_model.pth
2026-04-05 23:28:12,592 - INFO - [Epoch 8] Train Loss: 0.1881 | LR: 0.000100
2026-04-05 23:28:12,601 - INFO -     >>> Val Avg RMSE (Real): 917.9859
2026-04-05 23:28:12,601 - INFO -     >>> Val MAE Details: ['340.9341', '368.2708', '405.9698', '1196.8256', '919.5482', '703.7592', '810.6867']
2026-04-05 23:28:12,601 - INFO - ⏳ No improvement. Patience: 1/50
2026-04-05 23:42:15,163 - INFO - [Epoch 9] Train Loss: 0.1811 | LR: 0.000100
2026-04-05 23:42:15,164 - INFO -     >>> Val Avg RMSE (Real): 493.7011
2026-04-05 23:42:15,164 - INFO -     >>> Val MAE Details: ['295.1595', '293.5566', '343.0523', '523.0369', '417.9719', '390.8385', '383.2056']
2026-04-05 23:42:15,164 - INFO - ⏳ No improvement. Patience: 2/50
2026-04-05 23:56:14,351 - INFO - [Epoch 10] Train Loss: 0.1738 | LR: 0.000100
2026-04-05 23:56:14,352 - INFO -     >>> Val Avg RMSE (Real): 474.1514
2026-04-05 23:56:14,352 - INFO -     >>> Val MAE Details: ['304.4613', '309.0675', '350.7731', '470.9242', '413.8258', '364.4789', '350.7079']
2026-04-05 23:56:14,352 - INFO - ⏳ No improvement. Patience: 3/50
2026-04-06 00:10:15,562 - INFO - [Epoch 11] Train Loss: 0.1685 | LR: 0.000100
2026-04-06 00:10:15,562 - INFO -     >>> Val Avg RMSE (Real): 634.2462
2026-04-06 00:10:15,562 - INFO -     >>> Val MAE Details: ['380.4972', '333.7342', '370.8587', '706.3015', '609.7222', '462.5012', '410.8391']
2026-04-06 00:10:15,562 - INFO - ⏳ No improvement. Patience: 4/50
2026-04-06 00:24:14,201 - INFO - [Epoch 12] Train Loss: 0.1634 | LR: 0.000100
2026-04-06 00:24:14,202 - INFO -     >>> Val Avg RMSE (Real): 597.1901
2026-04-06 00:24:14,202 - INFO -     >>> Val MAE Details: ['397.0628', '450.3696', '368.5655', '613.5732', '551.1359', '407.3300', '380.0432']
2026-04-06 00:24:14,202 - INFO - ⏳ No improvement. Patience: 5/50
2026-04-06 00:38:06,202 - INFO - [Epoch 13] Train Loss: 0.1582 | LR: 0.000100
2026-04-06 00:38:06,202 - INFO -     >>> Val Avg RMSE (Real): 520.6646
2026-04-06 00:38:06,203 - INFO -     >>> Val MAE Details: ['323.3706', '309.7794', '376.9577', '607.8716', '404.6848', '372.8986', '372.3351']
2026-04-06 00:38:06,203 - INFO - ⏳ No improvement. Patience: 6/50
2026-04-06 00:52:02,681 - INFO - [Epoch 14] Train Loss: 0.1552 | LR: 0.000099
2026-04-06 00:52:02,682 - INFO -     >>> Val Avg RMSE (Real): 751.9695
2026-04-06 00:52:02,682 - INFO -     >>> Val MAE Details: ['459.7868', '423.0527', '387.7096', '795.6234', '743.3105', '660.1931', '608.3483']
2026-04-06 00:52:02,682 - INFO - ⏳ No improvement. Patience: 7/50
2026-04-06 01:06:04,311 - INFO - [Epoch 15] Train Loss: 0.1503 | LR: 0.000099
2026-04-06 01:06:04,312 - INFO -     >>> Val Avg RMSE (Real): 406.4223
2026-04-06 01:06:04,312 - INFO -     >>> Val MAE Details: ['253.4874', '247.6391', '302.5111', '394.7198', '312.7839', '319.9557', '290.4252']
2026-04-06 01:06:05,385 - INFO - 💾 Saved Best Model to ./logs/ED5_repr_hybrid_fusion_DualCrossattention_visnet_MultiTask7_20260405_213523/best_model.pth
2026-04-06 01:20:00,997 - INFO - [Epoch 16] Train Loss: 0.1484 | LR: 0.000099
2026-04-06 01:20:00,998 - INFO -     >>> Val Avg RMSE (Real): 387.5021
2026-04-06 01:20:00,998 - INFO -     >>> Val MAE Details: ['242.8518', '245.0644', '301.6451', '374.8344', '306.0794', '303.7570', '289.5450']
2026-04-06 01:20:01,947 - INFO - 💾 Saved Best Model to ./logs/ED5_repr_hybrid_fusion_DualCrossattention_visnet_MultiTask7_20260405_213523/best_model.pth
2026-04-06 01:34:15,734 - INFO - [Epoch 17] Train Loss: 0.1444 | LR: 0.000099
2026-04-06 01:34:15,735 - INFO -     >>> Val Avg RMSE (Real): 381.3298
2026-04-06 01:34:15,735 - INFO -     >>> Val MAE Details: ['233.7382', '233.2401', '280.9235', '370.4517', '296.2438', '296.2362', '293.8615']
2026-04-06 01:34:16,784 - INFO - 💾 Saved Best Model to ./logs/ED5_repr_hybrid_fusion_DualCrossattention_visnet_MultiTask7_20260405_213523/best_model.pth
2026-04-06 01:46:09,306 - INFO - [Epoch 18] Train Loss: 0.1408 | LR: 0.000099
2026-04-06 01:46:09,306 - INFO -     >>> Val Avg RMSE (Real): 382.2038
2026-04-06 01:46:09,306 - INFO -     >>> Val MAE Details: ['243.1397', '240.9330', '300.0488', '381.3385', '327.5099', '266.8923', '262.2561']
2026-04-06 01:46:09,306 - INFO - ⏳ No improvement. Patience: 1/50
2026-04-06 01:54:58,221 - INFO - [Epoch 19] Train Loss: 0.1382 | LR: 0.000099
2026-04-06 01:54:58,221 - INFO -     >>> Val Avg RMSE (Real): 410.0455
2026-04-06 01:54:58,221 - INFO -     >>> Val MAE Details: ['253.5830', '250.5603', '308.5462', '392.7317', '341.7484', '304.5999', '290.7320']
2026-04-06 01:54:58,221 - INFO - ⏳ No improvement. Patience: 2/50
2026-04-06 02:02:07,531 - INFO - [Epoch 20] Train Loss: 0.1364 | LR: 0.000099
2026-04-06 02:02:07,532 - INFO -     >>> Val Avg RMSE (Real): 629.9926
2026-04-06 02:02:07,532 - INFO -     >>> Val MAE Details: ['336.7407', '374.3196', '432.7291', '783.2416', '568.6411', '485.6125', '417.1053']
2026-04-06 02:02:07,532 - INFO - ⏳ No improvement. Patience: 3/50
2026-04-06 02:09:16,182 - INFO - [Epoch 21] Train Loss: 0.1325 | LR: 0.000099
2026-04-06 02:09:16,183 - INFO -     >>> Val Avg RMSE (Real): 418.2387
2026-04-06 02:09:16,183 - INFO -     >>> Val MAE Details: ['272.2063', '262.5869', '311.7831', '395.9532', '318.4154', '334.3528', '352.3466']
2026-04-06 02:09:16,183 - INFO - ⏳ No improvement. Patience: 4/50
2026-04-06 02:16:24,352 - INFO - [Epoch 22] Train Loss: 0.1312 | LR: 0.000099
2026-04-06 02:16:24,352 - INFO -     >>> Val Avg RMSE (Real): 395.3902
2026-04-06 02:16:24,353 - INFO -     >>> Val MAE Details: ['243.5520', '242.8314', '289.1823', '379.2200', '326.4730', '317.2999', '307.1617']
2026-04-06 02:16:24,353 - INFO - ⏳ No improvement. Patience: 5/50
2026-04-06 02:23:32,031 - INFO - [Epoch 23] Train Loss: 0.1284 | LR: 0.000099
2026-04-06 02:23:32,031 - INFO -     >>> Val Avg RMSE (Real): 837.4773
2026-04-06 02:23:32,031 - INFO -     >>> Val MAE Details: ['341.5027', '377.3451', '501.9778', '1184.4746', '810.9612', '646.6652', '620.3738']
2026-04-06 02:23:32,031 - INFO - ⏳ No improvement. Patience: 6/50
2026-04-06 02:30:40,285 - INFO - [Epoch 24] Train Loss: 0.1267 | LR: 0.000098
2026-04-06 02:30:40,285 - INFO -     >>> Val Avg RMSE (Real): 370.3160
2026-04-06 02:30:40,285 - INFO -     >>> Val MAE Details: ['228.3440', '242.4643', '272.6601', '365.5220', '288.1347', '281.4585', '263.2440']
2026-04-06 02:30:41,370 - INFO - 💾 Saved Best Model to ./logs/ED5_repr_hybrid_fusion_DualCrossattention_visnet_MultiTask7_20260405_213523/best_model.pth
2026-04-06 02:37:50,463 - INFO - [Epoch 25] Train Loss: 0.1245 | LR: 0.000098
2026-04-06 02:37:50,464 - INFO -     >>> Val Avg RMSE (Real): 501.8089
2026-04-06 02:37:50,464 - INFO -     >>> Val MAE Details: ['293.5438', '317.3899', '372.9524', '543.7801', '432.7480', '360.0517', '362.2463']
2026-04-06 02:37:50,464 - INFO - ⏳ No improvement. Patience: 1/50
2026-04-06 02:44:58,651 - INFO - [Epoch 26] Train Loss: 0.1244 | LR: 0.000098
2026-04-06 02:44:58,651 - INFO -     >>> Val Avg RMSE (Real): 415.5349
2026-04-06 02:44:58,651 - INFO -     >>> Val MAE Details: ['249.3215', '272.4641', '283.9813', '408.9098', '319.2588', '346.5607', '355.7658']
2026-04-06 02:44:58,651 - INFO - ⏳ No improvement. Patience: 2/50
2026-04-06 02:52:06,511 - INFO - [Epoch 27] Train Loss: 0.1211 | LR: 0.000098
2026-04-06 02:52:06,511 - INFO -     >>> Val Avg RMSE (Real): 420.4302
2026-04-06 02:52:06,512 - INFO -     >>> Val MAE Details: ['249.7572', '238.7541', '288.8510', '495.2984', '373.8531', '310.0902', '280.0511']
2026-04-06 02:52:06,512 - INFO - ⏳ No improvement. Patience: 3/50
2026-04-06 02:59:14,242 - INFO - [Epoch 28] Train Loss: 0.1195 | LR: 0.000098
2026-04-06 02:59:14,243 - INFO -     >>> Val Avg RMSE (Real): 351.1022
2026-04-06 02:59:14,243 - INFO -     >>> Val MAE Details: ['231.0153', '227.8118', '283.2678', '329.4882', '274.5746', '253.9768', '243.6031']
2026-04-06 02:59:15,179 - INFO - 💾 Saved Best Model to ./logs/ED5_repr_hybrid_fusion_DualCrossattention_visnet_MultiTask7_20260405_213523/best_model.pth
2026-04-06 03:06:21,792 - INFO - [Epoch 29] Train Loss: 0.1182 | LR: 0.000098
2026-04-06 03:06:21,792 - INFO -     >>> Val Avg RMSE (Real): 550.7791
2026-04-06 03:06:21,792 - INFO -     >>> Val MAE Details: ['309.0815', '298.7118', '397.3343', '700.4294', '480.5414', '404.6035', '368.7916']
2026-04-06 03:06:21,792 - INFO - ⏳ No improvement. Patience: 1/50
2026-04-06 03:13:23,483 - INFO - [Epoch 30] Train Loss: 0.1167 | LR: 0.000098
2026-04-06 03:13:23,484 - INFO -     >>> Val Avg RMSE (Real): 379.1867
2026-04-06 03:13:23,484 - INFO -     >>> Val MAE Details: ['229.2184', '225.8933', '282.6875', '344.6719', '307.8193', '316.5758', '308.5063']
2026-04-06 03:13:23,484 - INFO - ⏳ No improvement. Patience: 2/50
2026-04-06 03:20:30,592 - INFO - [Epoch 31] Train Loss: 0.1155 | LR: 0.000097
2026-04-06 03:20:30,592 - INFO -     >>> Val Avg RMSE (Real): 685.3847
2026-04-06 03:20:30,592 - INFO -     >>> Val MAE Details: ['375.9359', '339.9651', '497.4200', '872.0040', '552.2490', '554.3389', '447.0092']
2026-04-06 03:20:30,592 - INFO - ⏳ No improvement. Patience: 3/50
2026-04-06 03:27:39,718 - INFO - [Epoch 32] Train Loss: 0.1137 | LR: 0.000097
2026-04-06 03:27:39,719 - INFO -     >>> Val Avg RMSE (Real): 362.7798
2026-04-06 03:27:39,719 - INFO -     >>> Val MAE Details: ['231.4485', '226.5570', '274.7209', '356.5852', '276.4351', '272.4456', '260.0451']
2026-04-06 03:27:39,719 - INFO - ⏳ No improvement. Patience: 4/50
2026-04-06 03:34:46,852 - INFO - [Epoch 33] Train Loss: 0.1157 | LR: 0.000097
2026-04-06 03:34:46,853 - INFO -     >>> Val Avg RMSE (Real): 359.2359
2026-04-06 03:34:46,853 - INFO -     >>> Val MAE Details: ['224.6990', '233.8123', '277.1768', '341.7386', '296.2855', '269.7110', '258.7268']
2026-04-06 03:34:46,853 - INFO - ⏳ No improvement. Patience: 5/50
2026-04-06 03:41:55,853 - INFO - [Epoch 34] Train Loss: 0.1126 | LR: 0.000097
2026-04-06 03:41:55,853 - INFO -     >>> Val Avg RMSE (Real): 496.1777
2026-04-06 03:41:55,854 - INFO -     >>> Val MAE Details: ['309.1207', '273.6345', '383.7402', '561.1943', '440.8497', '388.6692', '343.8296']
2026-04-06 03:41:55,854 - INFO - ⏳ No improvement. Patience: 6/50
2026-04-06 03:49:05,118 - INFO - [Epoch 35] Train Loss: 0.1112 | LR: 0.000097
2026-04-06 03:49:05,119 - INFO -     >>> Val Avg RMSE (Real): 548.3616
2026-04-06 03:49:05,119 - INFO -     >>> Val MAE Details: ['321.4943', '369.7704', '397.7252', '566.4615', '480.0970', '432.6271', '418.3164']
2026-04-06 03:49:05,119 - INFO - ⏳ No improvement. Patience: 7/50
2026-04-06 03:56:11,968 - INFO - [Epoch 36] Train Loss: 0.1108 | LR: 0.000096
2026-04-06 03:56:11,969 - INFO -     >>> Val Avg RMSE (Real): 370.7967
2026-04-06 03:56:11,969 - INFO -     >>> Val MAE Details: ['226.8760', '232.3380', '263.8900', '350.7803', '301.6761', '313.6820', '298.6570']
2026-04-06 03:56:11,969 - INFO - ⏳ No improvement. Patience: 8/50
2026-04-06 04:03:18,798 - INFO - [Epoch 37] Train Loss: 0.1092 | LR: 0.000096
2026-04-06 04:03:18,798 - INFO -     >>> Val Avg RMSE (Real): 359.9328
2026-04-06 04:03:18,798 - INFO -     >>> Val MAE Details: ['248.4041', '244.6891', '270.0605', '339.0654', '275.3700', '260.5685', '244.1200']
2026-04-06 04:03:18,798 - INFO - ⏳ No improvement. Patience: 9/50
2026-04-06 04:10:27,010 - INFO - [Epoch 38] Train Loss: 0.1083 | LR: 0.000096
2026-04-06 04:10:27,010 - INFO -     >>> Val Avg RMSE (Real): 425.4167
2026-04-06 04:10:27,010 - INFO -     >>> Val MAE Details: ['290.0150', '236.3110', '330.1712', '382.9010', '316.3535', '361.0034', '327.3702']
2026-04-06 04:10:27,011 - INFO - ⏳ No improvement. Patience: 10/50
2026-04-06 04:17:34,171 - INFO - [Epoch 39] Train Loss: 0.1080 | LR: 0.000096
2026-04-06 04:17:34,171 - INFO -     >>> Val Avg RMSE (Real): 349.9855
2026-04-06 04:17:34,171 - INFO -     >>> Val MAE Details: ['231.6906', '218.2051', '259.6666', '317.1706', '285.2333', '272.1006', '253.4620']
2026-04-06 04:17:35,220 - INFO - 💾 Saved Best Model to ./logs/ED5_repr_hybrid_fusion_DualCrossattention_visnet_MultiTask7_20260405_213523/best_model.pth
2026-04-06 04:24:44,039 - INFO - [Epoch 40] Train Loss: 0.1064 | LR: 0.000096
2026-04-06 04:24:44,040 - INFO -     >>> Val Avg RMSE (Real): 381.9381
2026-04-06 04:24:44,040 - INFO -     >>> Val MAE Details: ['267.4051', '251.2591', '315.9285', '364.6464', '295.0111', '280.4739', '251.7695']
2026-04-06 04:24:44,040 - INFO - ⏳ No improvement. Patience: 1/50
2026-04-06 04:31:52,978 - INFO - [Epoch 41] Train Loss: 0.1057 | LR: 0.000095
2026-04-06 04:31:52,978 - INFO -     >>> Val Avg RMSE (Real): 509.9584
2026-04-06 04:31:52,978 - INFO -     >>> Val MAE Details: ['306.1973', '338.5542', '340.7831', '472.5290', '411.9780', '464.2759', '478.0943']
2026-04-06 04:31:52,978 - INFO - ⏳ No improvement. Patience: 2/50
2026-04-06 04:38:58,775 - INFO - [Epoch 42] Train Loss: 0.1050 | LR: 0.000095
2026-04-06 04:38:58,776 - INFO -     >>> Val Avg RMSE (Real): 329.4687
2026-04-06 04:38:58,776 - INFO -     >>> Val MAE Details: ['218.2210', '219.2243', '250.5208', '301.5076', '258.6879', '245.9104', '230.9360']
2026-04-06 04:38:59,709 - INFO - 💾 Saved Best Model to ./logs/ED5_repr_hybrid_fusion_DualCrossattention_visnet_MultiTask7_20260405_213523/best_model.pth
2026-04-06 04:46:07,765 - INFO - [Epoch 43] Train Loss: 0.1043 | LR: 0.000095
2026-04-06 04:46:07,765 - INFO -     >>> Val Avg RMSE (Real): 351.3933
2026-04-06 04:46:07,765 - INFO -     >>> Val MAE Details: ['226.1403', '221.4251', '268.2084', '316.1831', '293.8900', '274.0354', '264.7046']
2026-04-06 04:46:07,765 - INFO - ⏳ No improvement. Patience: 1/50
2026-04-06 04:52:56,758 - INFO - [Epoch 44] Train Loss: 0.1044 | LR: 0.000095
2026-04-06 04:52:56,758 - INFO -     >>> Val Avg RMSE (Real): 361.4250
2026-04-06 04:52:56,758 - INFO -     >>> Val MAE Details: ['226.0294', '223.0016', '269.2411', '336.3936', '305.2332', '280.1032', '258.6635']
2026-04-06 04:52:56,759 - INFO - ⏳ No improvement. Patience: 2/50
2026-04-06 05:00:04,238 - INFO - [Epoch 45] Train Loss: 0.1023 | LR: 0.000095
2026-04-06 05:00:04,238 - INFO -     >>> Val Avg RMSE (Real): 439.5141
2026-04-06 05:00:04,238 - INFO -     >>> Val MAE Details: ['281.4366', '248.5190', '337.8704', '449.3737', '384.3005', '352.4604', '302.4358']
2026-04-06 05:00:04,239 - INFO - ⏳ No improvement. Patience: 3/50
2026-04-06 05:07:13,417 - INFO - [Epoch 46] Train Loss: 0.1020 | LR: 0.000094
2026-04-06 05:07:13,417 - INFO -     >>> Val Avg RMSE (Real): 506.4507
2026-04-06 05:07:13,418 - INFO -     >>> Val MAE Details: ['320.1600', '333.4706', '358.1987', '571.3814', '426.5962', '358.6604', '322.9576']
2026-04-06 05:07:13,418 - INFO - ⏳ No improvement. Patience: 4/50
2026-04-06 05:14:21,989 - INFO - [Epoch 47] Train Loss: 0.1015 | LR: 0.000094
2026-04-06 05:14:21,989 - INFO -     >>> Val Avg RMSE (Real): 644.5220
2026-04-06 05:14:21,990 - INFO -     >>> Val MAE Details: ['307.2990', '307.9387', '424.8091', '725.7943', '598.4107', '561.8782', '524.2448']
2026-04-06 05:14:21,990 - INFO - ⏳ No improvement. Patience: 5/50
2026-04-06 05:21:29,641 - INFO - [Epoch 48] Train Loss: 0.1008 | LR: 0.000094
2026-04-06 05:21:29,642 - INFO -     >>> Val Avg RMSE (Real): 477.6698
2026-04-06 05:21:29,642 - INFO -     >>> Val MAE Details: ['287.9335', '280.3888', '324.2097', '484.0610', '417.2612', '393.7034', '397.5633']
2026-04-06 05:21:29,642 - INFO - ⏳ No improvement. Patience: 6/50
2026-04-06 05:28:37,056 - INFO - [Epoch 49] Train Loss: 0.1001 | LR: 0.000094
2026-04-06 05:28:37,056 - INFO -     >>> Val Avg RMSE (Real): 593.8829
2026-04-06 05:28:37,056 - INFO -     >>> Val MAE Details: ['366.1027', '421.7188', '430.4822', '616.1562', '510.0504', '484.6547', '432.0415']
2026-04-06 05:28:37,056 - INFO - ⏳ No improvement. Patience: 7/50
2026-04-06 05:35:41,009 - INFO - [Epoch 50] Train Loss: 0.0987 | LR: 0.000093
2026-04-06 05:35:41,009 - INFO -     >>> Val Avg RMSE (Real): 350.7652
2026-04-06 05:35:41,009 - INFO -     >>> Val MAE Details: ['235.8549', '226.0279', '272.1448', '326.3158', '289.8608', '261.6941', '239.8896']
2026-04-06 05:35:41,009 - INFO - ⏳ No improvement. Patience: 8/50
2026-04-06 05:42:50,914 - INFO - [Epoch 51] Train Loss: 0.0987 | LR: 0.000093
2026-04-06 05:42:50,914 - INFO -     >>> Val Avg RMSE (Real): 373.0414
2026-04-06 05:42:50,914 - INFO -     >>> Val MAE Details: ['217.9199', '228.0793', '254.3143', '403.7169', '327.5718', '272.6851', '254.4889']
2026-04-06 05:42:50,914 - INFO - ⏳ No improvement. Patience: 9/50
2026-04-06 05:50:00,211 - INFO - [Epoch 52] Train Loss: 0.0974 | LR: 0.000093
2026-04-06 05:50:00,212 - INFO -     >>> Val Avg RMSE (Real): 829.4379
2026-04-06 05:50:00,212 - INFO -     >>> Val MAE Details: ['442.2476', '504.8076', '591.0959', '1077.7031', '718.5828', '594.0756', '524.4528']
2026-04-06 05:50:00,212 - INFO - ⏳ No improvement. Patience: 10/50
2026-04-06 05:57:09,391 - INFO - [Epoch 53] Train Loss: 0.0979 | LR: 0.000092
2026-04-06 05:57:09,392 - INFO -     >>> Val Avg RMSE (Real): 467.5349
2026-04-06 05:57:09,392 - INFO -     >>> Val MAE Details: ['318.3001', '289.6180', '357.4286', '443.3531', '381.0440', '379.7025', '369.3756']
2026-04-06 05:57:09,392 - INFO - ⏳ No improvement. Patience: 11/50
2026-04-06 06:04:18,887 - INFO - [Epoch 54] Train Loss: 0.0965 | LR: 0.000092
2026-04-06 06:04:18,887 - INFO -     >>> Val Avg RMSE (Real): 449.6120
2026-04-06 06:04:18,888 - INFO -     >>> Val MAE Details: ['277.6685', '246.7522', '314.9685', '507.9880', '422.7346', '355.3281', '306.6932']
2026-04-06 06:04:18,888 - INFO - ⏳ No improvement. Patience: 12/50
2026-04-06 06:11:27,622 - INFO - [Epoch 55] Train Loss: 0.0958 | LR: 0.000092
2026-04-06 06:11:27,622 - INFO -     >>> Val Avg RMSE (Real): 385.6172
2026-04-06 06:11:27,623 - INFO -     >>> Val MAE Details: ['267.4021', '257.9125', '284.3137', '362.2238', '308.9960', '293.6306', '284.3189']
2026-04-06 06:11:27,623 - INFO - ⏳ No improvement. Patience: 13/50
2026-04-06 06:18:36,173 - INFO - [Epoch 56] Train Loss: 0.0950 | LR: 0.000092
2026-04-06 06:18:36,173 - INFO -     >>> Val Avg RMSE (Real): 392.5293
2026-04-06 06:18:36,173 - INFO -     >>> Val MAE Details: ['256.2021', '240.3047', '290.7714', '379.1658', '292.8330', '304.6600', '289.7866']
2026-04-06 06:18:36,173 - INFO - ⏳ No improvement. Patience: 14/50
2026-04-06 06:25:45,411 - INFO - [Epoch 57] Train Loss: 0.0958 | LR: 0.000091
2026-04-06 06:25:45,411 - INFO -     >>> Val Avg RMSE (Real): 392.0700
2026-04-06 06:25:45,411 - INFO -     >>> Val MAE Details: ['243.1058', '243.8082', '304.6247', '376.5942', '326.8419', '304.8179', '288.7458']
2026-04-06 06:25:45,411 - INFO - ⏳ No improvement. Patience: 15/50
2026-04-06 06:32:53,265 - INFO - [Epoch 58] Train Loss: 0.0946 | LR: 0.000091
2026-04-06 06:32:53,266 - INFO -     >>> Val Avg RMSE (Real): 560.4284
2026-04-06 06:32:53,266 - INFO -     >>> Val MAE Details: ['345.3229', '310.1508', '426.4885', '592.7625', '442.4258', '408.0289', '422.4602']
2026-04-06 06:32:53,266 - INFO - ⏳ No improvement. Patience: 16/50
2026-04-06 06:39:37,370 - INFO - [Epoch 59] Train Loss: 0.0940 | LR: 0.000091
2026-04-06 06:39:37,370 - INFO -     >>> Val Avg RMSE (Real): 349.8937
2026-04-06 06:39:37,371 - INFO -     >>> Val MAE Details: ['233.5074', '221.2861', '266.2114', '334.2364', '284.9707', '261.7849', '237.3495']
2026-04-06 06:39:37,371 - INFO - ⏳ No improvement. Patience: 17/50
2026-04-06 06:46:46,572 - INFO - [Epoch 60] Train Loss: 0.0929 | LR: 0.000090
2026-04-06 06:46:46,573 - INFO -     >>> Val Avg RMSE (Real): 559.2834
2026-04-06 06:46:46,573 - INFO -     >>> Val MAE Details: ['305.3185', '304.8146', '396.7259', '576.8406', '494.6689', '487.1755', '455.4699']
2026-04-06 06:46:46,573 - INFO - ⏳ No improvement. Patience: 18/50
2026-04-06 06:53:11,064 - INFO - [Epoch 61] Train Loss: 0.0926 | LR: 0.000090
2026-04-06 06:53:11,065 - INFO -     >>> Val Avg RMSE (Real): 346.5189
2026-04-06 06:53:11,065 - INFO -     >>> Val MAE Details: ['233.6551', '227.8612', '268.3410', '311.3902', '282.4045', '258.2748', '241.4648']
2026-04-06 06:53:11,065 - INFO - ⏳ No improvement. Patience: 19/50
2026-04-06 07:00:19,430 - INFO - [Epoch 62] Train Loss: 0.0918 | LR: 0.000090
2026-04-06 07:00:19,430 - INFO -     >>> Val Avg RMSE (Real): 584.6290
2026-04-06 07:00:19,430 - INFO -     >>> Val MAE Details: ['294.0693', '307.2816', '384.8827', '609.2079', '507.6110', '536.0237', '509.4738']
2026-04-06 07:00:19,430 - INFO - ⏳ No improvement. Patience: 20/50
2026-04-06 07:07:06,445 - INFO - [Epoch 63] Train Loss: 0.0908 | LR: 0.000090
2026-04-06 07:07:06,445 - INFO -     >>> Val Avg RMSE (Real): 548.8428
2026-04-06 07:07:06,446 - INFO -     >>> Val MAE Details: ['325.8429', '361.8599', '433.9031', '483.1538', '431.8550', '417.8409', '461.2898']
2026-04-06 07:07:06,446 - INFO - ⏳ No improvement. Patience: 21/50
2026-04-06 07:14:13,226 - INFO - [Epoch 64] Train Loss: 0.0923 | LR: 0.000089
2026-04-06 07:14:13,227 - INFO -     >>> Val Avg RMSE (Real): 458.0173
2026-04-06 07:14:13,227 - INFO -     >>> Val MAE Details: ['282.8604', '255.9039', '331.0277', '461.3888', '402.3667', '344.2887', '328.1515']
2026-04-06 07:14:13,227 - INFO - ⏳ No improvement. Patience: 22/50
2026-04-06 07:21:20,736 - INFO - [Epoch 65] Train Loss: 0.0903 | LR: 0.000089
2026-04-06 07:21:20,736 - INFO -     >>> Val Avg RMSE (Real): 368.0707
2026-04-06 07:21:20,736 - INFO -     >>> Val MAE Details: ['243.4983', '227.3251', '255.0320', '372.9630', '284.5063', '283.9790', '270.5946']
2026-04-06 07:21:20,737 - INFO - ⏳ No improvement. Patience: 23/50
2026-04-06 07:28:22,320 - INFO - [Epoch 66] Train Loss: 0.0897 | LR: 0.000089
2026-04-06 07:28:22,320 - INFO -     >>> Val Avg RMSE (Real): 496.1431
2026-04-06 07:28:22,320 - INFO -     >>> Val MAE Details: ['382.8317', '290.4524', '333.2634', '426.8847', '387.2538', '372.8664', '428.7980']
2026-04-06 07:28:22,321 - INFO - ⏳ No improvement. Patience: 24/50
2026-04-06 07:35:29,942 - INFO - [Epoch 67] Train Loss: 0.0903 | LR: 0.000088
2026-04-06 07:35:29,943 - INFO -     >>> Val Avg RMSE (Real): 658.6941
2026-04-06 07:35:29,943 - INFO -     >>> Val MAE Details: ['378.6285', '431.1674', '466.6759', '727.4396', '559.7050', '539.4140', '495.0727']
2026-04-06 07:35:29,943 - INFO - ⏳ No improvement. Patience: 25/50
2026-04-06 07:42:39,197 - INFO - [Epoch 68] Train Loss: 0.0897 | LR: 0.000088
2026-04-06 07:42:39,197 - INFO -     >>> Val Avg RMSE (Real): 571.6242
2026-04-06 07:42:39,197 - INFO -     >>> Val MAE Details: ['406.5619', '357.5948', '374.1183', '536.5171', '422.5675', '465.9269', '449.0010']
2026-04-06 07:42:39,197 - INFO - ⏳ No improvement. Patience: 26/50
2026-04-06 07:49:48,521 - INFO - [Epoch 69] Train Loss: 0.0887 | LR: 0.000088
2026-04-06 07:49:48,522 - INFO -     >>> Val Avg RMSE (Real): 569.0339
2026-04-06 07:49:48,522 - INFO -     >>> Val MAE Details: ['384.2773', '331.4553', '358.4551', '611.8218', '511.5570', '448.1408', '387.5322']
2026-04-06 07:49:48,522 - INFO - ⏳ No improvement. Patience: 27/50
2026-04-06 07:56:56,769 - INFO - [Epoch 70] Train Loss: 0.0880 | LR: 0.000087
2026-04-06 07:56:56,769 - INFO -     >>> Val Avg RMSE (Real): 351.1560
2026-04-06 07:56:56,769 - INFO -     >>> Val MAE Details: ['227.8546', '225.8494', '260.8961', '321.9771', '279.5168', '282.3767', '264.5465']
2026-04-06 07:56:56,769 - INFO - ⏳ No improvement. Patience: 28/50
2026-04-06 08:04:05,621 - INFO - [Epoch 71] Train Loss: 0.0875 | LR: 0.000087
2026-04-06 08:04:05,622 - INFO -     >>> Val Avg RMSE (Real): 359.1918
2026-04-06 08:04:05,622 - INFO -     >>> Val MAE Details: ['222.8096', '224.4122', '269.3641', '368.6939', '275.0221', '277.6034', '252.2613']
2026-04-06 08:04:05,622 - INFO - ⏳ No improvement. Patience: 29/50
2026-04-06 08:11:14,074 - INFO - [Epoch 72] Train Loss: 0.0876 | LR: 0.000086
2026-04-06 08:11:14,074 - INFO -     >>> Val Avg RMSE (Real): 326.3932
2026-04-06 08:11:14,074 - INFO -     >>> Val MAE Details: ['208.2064', '208.6537', '238.2314', '294.2110', '261.9586', '255.8239', '251.1904']
2026-04-06 08:11:15,003 - INFO - 💾 Saved Best Model to ./logs/ED5_repr_hybrid_fusion_DualCrossattention_visnet_MultiTask7_20260405_213523/best_model.pth
2026-04-06 08:18:25,010 - INFO - [Epoch 73] Train Loss: 0.0865 | LR: 0.000086
2026-04-06 08:18:25,010 - INFO -     >>> Val Avg RMSE (Real): 629.5217
2026-04-06 08:18:25,011 - INFO -     >>> Val MAE Details: ['357.7491', '353.5360', '398.8326', '639.6830', '563.5793', '531.9759', '529.4287']
2026-04-06 08:18:25,011 - INFO - ⏳ No improvement. Patience: 1/50
2026-04-06 08:25:33,707 - INFO - [Epoch 74] Train Loss: 0.0873 | LR: 0.000086
2026-04-06 08:25:33,707 - INFO -     >>> Val Avg RMSE (Real): 566.9832
2026-04-06 08:25:33,707 - INFO -     >>> Val MAE Details: ['375.5909', '378.5870', '394.1310', '479.6443', '413.3286', '455.9095', '494.6169']
2026-04-06 08:25:33,708 - INFO - ⏳ No improvement. Patience: 2/50
2026-04-06 08:32:35,469 - INFO - [Epoch 75] Train Loss: 0.0863 | LR: 0.000085
2026-04-06 08:32:35,469 - INFO -     >>> Val Avg RMSE (Real): 315.5906
2026-04-06 08:32:35,469 - INFO -     >>> Val MAE Details: ['209.0754', '208.7063', '243.3339', '271.9836', '253.1816', '250.4288', '230.1279']
2026-04-06 08:32:36,539 - INFO - 💾 Saved Best Model to ./logs/ED5_repr_hybrid_fusion_DualCrossattention_visnet_MultiTask7_20260405_213523/best_model.pth
2026-04-06 08:39:45,296 - INFO - [Epoch 76] Train Loss: 0.0856 | LR: 0.000085
2026-04-06 08:39:45,296 - INFO -     >>> Val Avg RMSE (Real): 575.4873
2026-04-06 08:39:45,296 - INFO -     >>> Val MAE Details: ['334.8869', '402.0156', '440.2360', '502.7188', '417.2825', '437.5607', '499.8243']
2026-04-06 08:39:45,297 - INFO - ⏳ No improvement. Patience: 1/50
2026-04-06 08:46:53,118 - INFO - [Epoch 77] Train Loss: 0.0850 | LR: 0.000085
2026-04-06 08:46:53,119 - INFO -     >>> Val Avg RMSE (Real): 628.8513
2026-04-06 08:46:53,119 - INFO -     >>> Val MAE Details: ['382.1755', '422.2635', '445.7969', '532.1622', '429.4857', '537.1103', '603.4171']
2026-04-06 08:46:53,119 - INFO - ⏳ No improvement. Patience: 2/50
2026-04-06 08:53:57,174 - INFO - [Epoch 78] Train Loss: 0.0850 | LR: 0.000084
2026-04-06 08:53:57,174 - INFO -     >>> Val Avg RMSE (Real): 522.8957
2026-04-06 08:53:57,174 - INFO -     >>> Val MAE Details: ['359.6669', '349.6987', '381.7777', '469.8289', '403.2625', '425.8426', '412.9199']
2026-04-06 08:53:57,175 - INFO - ⏳ No improvement. Patience: 3/50
2026-04-06 09:01:05,541 - INFO - [Epoch 79] Train Loss: 0.0846 | LR: 0.000084
2026-04-06 09:01:05,542 - INFO -     >>> Val Avg RMSE (Real): 658.7352
2026-04-06 09:01:05,542 - INFO -     >>> Val MAE Details: ['321.1509', '365.2402', '489.2965', '733.0417', '540.7126', '543.4014', '525.9524']
2026-04-06 09:01:05,542 - INFO - ⏳ No improvement. Patience: 4/50
2026-04-06 09:08:14,809 - INFO - [Epoch 80] Train Loss: 0.0838 | LR: 0.000083
2026-04-06 09:08:14,809 - INFO -     >>> Val Avg RMSE (Real): 583.5526
2026-04-06 09:08:14,809 - INFO -     >>> Val MAE Details: ['309.3571', '306.7939', '352.8615', '557.5981', '553.6627', '517.2117', '504.2471']
2026-04-06 09:08:14,809 - INFO - ⏳ No improvement. Patience: 5/50
2026-04-06 09:15:23,591 - INFO - [Epoch 81] Train Loss: 0.0831 | LR: 0.000083
2026-04-06 09:15:23,592 - INFO -     >>> Val Avg RMSE (Real): 335.7821
2026-04-06 09:15:23,592 - INFO -     >>> Val MAE Details: ['221.4397', '216.2836', '258.8769', '342.0775', '264.1357', '239.8685', '223.1919']
2026-04-06 09:15:23,592 - INFO - ⏳ No improvement. Patience: 6/50
2026-04-06 09:22:33,629 - INFO - [Epoch 82] Train Loss: 0.0828 | LR: 0.000083
2026-04-06 09:22:33,630 - INFO -     >>> Val Avg RMSE (Real): 351.6599
2026-04-06 09:22:33,630 - INFO -     >>> Val MAE Details: ['228.7670', '220.4436', '249.1583', '340.7257', '277.3800', '272.4866', '260.8061']
2026-04-06 09:22:33,630 - INFO - ⏳ No improvement. Patience: 7/50
2026-04-06 09:29:40,431 - INFO - [Epoch 83] Train Loss: 0.0823 | LR: 0.000082
2026-04-06 09:29:40,432 - INFO -     >>> Val Avg RMSE (Real): 326.6840
2026-04-06 09:29:40,432 - INFO -     >>> Val MAE Details: ['208.7090', '216.5014', '246.8226', '294.3225', '250.9463', '245.5946', '233.5922']
2026-04-06 09:29:40,432 - INFO - ⏳ No improvement. Patience: 8/50
2026-04-06 09:36:50,112 - INFO - [Epoch 84] Train Loss: 0.0831 | LR: 0.000082
2026-04-06 09:36:50,113 - INFO -     >>> Val Avg RMSE (Real): 478.8971
2026-04-06 09:36:50,113 - INFO -     >>> Val MAE Details: ['285.5866', '276.4521', '334.1637', '465.3161', '408.8453', '419.9089', '376.3254']
2026-04-06 09:36:50,113 - INFO - ⏳ No improvement. Patience: 9/50
2026-04-06 09:44:01,635 - INFO - [Epoch 85] Train Loss: 0.0817 | LR: 0.000081
2026-04-06 09:44:01,636 - INFO -     >>> Val Avg RMSE (Real): 491.1242
2026-04-06 09:44:01,636 - INFO -     >>> Val MAE Details: ['280.2452', '268.7724', '338.2667', '450.5394', '420.1659', '453.2784', '434.0688']
2026-04-06 09:44:01,636 - INFO - ⏳ No improvement. Patience: 10/50
2026-04-06 09:51:12,116 - INFO - [Epoch 86] Train Loss: 0.0816 | LR: 0.000081
2026-04-06 09:51:12,116 - INFO -     >>> Val Avg RMSE (Real): 348.1428
2026-04-06 09:51:12,116 - INFO -     >>> Val MAE Details: ['234.4284', '218.6995', '247.7136', '304.4176', '274.5635', '265.2782', '268.1168']
2026-04-06 09:51:12,116 - INFO - ⏳ No improvement. Patience: 11/50
2026-04-06 09:58:23,300 - INFO - [Epoch 87] Train Loss: 0.0817 | LR: 0.000081
2026-04-06 09:58:23,301 - INFO -     >>> Val Avg RMSE (Real): 338.6242
2026-04-06 09:58:23,301 - INFO -     >>> Val MAE Details: ['222.4877', '223.5324', '251.1247', '307.3531', '266.0928', '258.7653', '250.3599']
2026-04-06 09:58:23,301 - INFO - ⏳ No improvement. Patience: 12/50
2026-04-06 10:05:33,472 - INFO - [Epoch 88] Train Loss: 0.0805 | LR: 0.000080
2026-04-06 10:05:33,472 - INFO -     >>> Val Avg RMSE (Real): 584.0960
2026-04-06 10:05:33,473 - INFO -     >>> Val MAE Details: ['340.8806', '379.1597', '419.9705', '513.0607', '424.4444', '475.8124', '518.4700']
2026-04-06 10:05:33,473 - INFO - ⏳ No improvement. Patience: 13/50
2026-04-06 10:12:41,701 - INFO - [Epoch 89] Train Loss: 0.0801 | LR: 0.000080
2026-04-06 10:12:41,701 - INFO -     >>> Val Avg RMSE (Real): 395.4155
2026-04-06 10:12:41,702 - INFO -     >>> Val MAE Details: ['235.4689', '227.7396', '282.9254', '396.2820', '336.1033', '317.9080', '295.0987']
2026-04-06 10:12:41,702 - INFO - ⏳ No improvement. Patience: 14/50
2026-04-06 10:19:42,561 - INFO - [Epoch 90] Train Loss: 0.0804 | LR: 0.000079
2026-04-06 10:19:42,562 - INFO -     >>> Val Avg RMSE (Real): 341.8417
2026-04-06 10:19:42,562 - INFO -     >>> Val MAE Details: ['215.8257', '217.7479', '253.8507', '299.0509', '276.9347', '275.4021', '270.1979']
2026-04-06 10:19:42,562 - INFO - ⏳ No improvement. Patience: 15/50
2026-04-06 10:26:54,362 - INFO - [Epoch 91] Train Loss: 0.0794 | LR: 0.000079
2026-04-06 10:26:54,362 - INFO -     >>> Val Avg RMSE (Real): 423.8751
2026-04-06 10:26:54,362 - INFO -     >>> Val MAE Details: ['289.5691', '256.4291', '288.5728', '391.2555', '367.3667', '348.3397', '321.7480']
2026-04-06 10:26:54,362 - INFO - ⏳ No improvement. Patience: 16/50
2026-04-06 10:34:05,379 - INFO - [Epoch 92] Train Loss: 0.0796 | LR: 0.000079
2026-04-06 10:34:05,379 - INFO -     >>> Val Avg RMSE (Real): 1217.5839
2026-04-06 10:34:05,379 - INFO -     >>> Val MAE Details: ['689.1240', '595.3959', '875.1385', '923.8665', '712.0785', '902.4604', '1248.2087']
2026-04-06 10:34:05,380 - INFO - ⏳ No improvement. Patience: 17/50
2026-04-06 10:41:14,006 - INFO - [Epoch 93] Train Loss: 0.0791 | LR: 0.000078
2026-04-06 10:41:14,007 - INFO -     >>> Val Avg RMSE (Real): 315.4507
2026-04-06 10:41:14,007 - INFO -     >>> Val MAE Details: ['209.8133', '206.0844', '227.9422', '272.8428', '246.9276', '244.9565', '236.8542']
2026-04-06 10:41:14,958 - INFO - 💾 Saved Best Model to ./logs/ED5_repr_hybrid_fusion_DualCrossattention_visnet_MultiTask7_20260405_213523/best_model.pth
2026-04-06 10:48:23,935 - INFO - [Epoch 94] Train Loss: 0.0793 | LR: 0.000078
2026-04-06 10:48:23,935 - INFO -     >>> Val Avg RMSE (Real): 306.8158
2026-04-06 10:48:23,935 - INFO -     >>> Val MAE Details: ['217.7181', '211.9888', '247.3708', '257.6397', '232.7030', '227.0047', '218.2232']
2026-04-06 10:48:24,911 - INFO - 💾 Saved Best Model to ./logs/ED5_repr_hybrid_fusion_DualCrossattention_visnet_MultiTask7_20260405_213523/best_model.pth
2026-04-06 10:55:27,415 - INFO - [Epoch 95] Train Loss: 0.0787 | LR: 0.000077
2026-04-06 10:55:27,415 - INFO -     >>> Val Avg RMSE (Real): 398.6195
2026-04-06 10:55:27,415 - INFO -     >>> Val MAE Details: ['250.1141', '236.6441', '301.6564', '383.4373', '316.8883', '284.3091', '293.2195']
2026-04-06 10:55:27,416 - INFO - ⏳ No improvement. Patience: 1/50
2026-04-06 11:02:34,881 - INFO - [Epoch 96] Train Loss: 0.0787 | LR: 0.000077
2026-04-06 11:02:34,881 - INFO -     >>> Val Avg RMSE (Real): 489.4669
2026-04-06 11:02:34,881 - INFO -     >>> Val MAE Details: ['274.4179', '288.5983', '309.4850', '429.3044', '454.2691', '428.9435', '438.9113']
2026-04-06 11:02:34,881 - INFO - ⏳ No improvement. Patience: 2/50
2026-04-06 11:09:40,031 - INFO - [Epoch 97] Train Loss: 0.0778 | LR: 0.000076
2026-04-06 11:09:40,031 - INFO -     >>> Val Avg RMSE (Real): 497.4827
2026-04-06 11:09:40,031 - INFO -     >>> Val MAE Details: ['330.3196', '373.8609', '371.4870', '465.3683', '386.3976', '366.2835', '342.6447']
2026-04-06 11:09:40,031 - INFO - ⏳ No improvement. Patience: 3/50
2026-04-06 11:16:48,141 - INFO - [Epoch 98] Train Loss: 0.0778 | LR: 0.000076
2026-04-06 11:16:48,141 - INFO -     >>> Val Avg RMSE (Real): 677.9943
2026-04-06 11:16:48,141 - INFO -     >>> Val MAE Details: ['329.9860', '303.1367', '396.6998', '815.9591', '506.1364', '557.5612', '540.1068']
2026-04-06 11:16:48,141 - INFO - ⏳ No improvement. Patience: 4/50
2026-04-06 11:23:59,323 - INFO - [Epoch 99] Train Loss: 0.0771 | LR: 0.000075
2026-04-06 11:23:59,323 - INFO -     >>> Val Avg RMSE (Real): 399.9218
2026-04-06 11:23:59,324 - INFO -     >>> Val MAE Details: ['239.1643', '252.1781', '278.5457', '339.0618', '361.1935', '325.7632', '294.2457']
2026-04-06 11:23:59,324 - INFO - ⏳ No improvement. Patience: 5/50
2026-04-06 11:31:08,340 - INFO - [Epoch 100] Train Loss: 0.0779 | LR: 0.000075
2026-04-06 11:31:08,340 - INFO -     >>> Val Avg RMSE (Real): 396.9227
2026-04-06 11:31:08,340 - INFO -     >>> Val MAE Details: ['256.3560', '240.4397', '283.6252', '349.2081', '347.0864', '315.4582', '292.6817']
2026-04-06 11:31:08,341 - INFO - ⏳ No improvement. Patience: 6/50
2026-04-06 11:38:19,570 - INFO - [Epoch 101] Train Loss: 0.0773 | LR: 0.000075
2026-04-06 11:38:19,571 - INFO -     >>> Val Avg RMSE (Real): 538.2321
2026-04-06 11:38:19,571 - INFO -     >>> Val MAE Details: ['294.0963', '368.6520', '397.0138', '554.4216', '460.6866', '444.1218', '415.3463']
2026-04-06 11:38:19,571 - INFO - ⏳ No improvement. Patience: 7/50
2026-04-06 11:45:31,547 - INFO - [Epoch 102] Train Loss: 0.0766 | LR: 0.000074
2026-04-06 11:45:31,548 - INFO -     >>> Val Avg RMSE (Real): 366.7468
2026-04-06 11:45:31,548 - INFO -     >>> Val MAE Details: ['241.9465', '238.1665', '264.7530', '325.8698', '294.6847', '305.5826', '302.2257']
2026-04-06 11:45:31,548 - INFO - ⏳ No improvement. Patience: 8/50
2026-04-06 11:52:44,268 - INFO - [Epoch 103] Train Loss: 0.0762 | LR: 0.000074
2026-04-06 11:52:44,269 - INFO -     >>> Val Avg RMSE (Real): 452.7205
2026-04-06 11:52:44,269 - INFO -     >>> Val MAE Details: ['262.0241', '261.5025', '307.8446', '483.5558', '402.7867', '358.2964', '293.4651']
2026-04-06 11:52:44,269 - INFO - ⏳ No improvement. Patience: 9/50
2026-04-06 11:59:52,014 - INFO - [Epoch 104] Train Loss: 0.0771 | LR: 0.000073
2026-04-06 11:59:52,015 - INFO -     >>> Val Avg RMSE (Real): 333.3692
2026-04-06 11:59:52,015 - INFO -     >>> Val MAE Details: ['224.6573', '215.2549', '247.3549', '338.8699', '262.5646', '240.1812', '227.4557']
2026-04-06 11:59:52,015 - INFO - ⏳ No improvement. Patience: 10/50
2026-04-06 12:07:02,845 - INFO - [Epoch 105] Train Loss: 0.0754 | LR: 0.000073
2026-04-06 12:07:02,845 - INFO -     >>> Val Avg RMSE (Real): 322.1206
2026-04-06 12:07:02,845 - INFO -     >>> Val MAE Details: ['209.8209', '216.1941', '238.8000', '290.9509', '253.5501', '250.8389', '235.0892']
2026-04-06 12:07:02,845 - INFO - ⏳ No improvement. Patience: 11/50
2026-04-06 12:14:13,987 - INFO - [Epoch 106] Train Loss: 0.0750 | LR: 0.000072
2026-04-06 12:14:13,987 - INFO -     >>> Val Avg RMSE (Real): 336.2480
2026-04-06 12:14:13,987 - INFO -     >>> Val MAE Details: ['223.7334', '218.1867', '259.8312', '299.3925', '265.3350', '261.5541', '239.1437']
2026-04-06 12:14:13,988 - INFO - ⏳ No improvement. Patience: 12/50
2026-04-06 12:21:24,012 - INFO - [Epoch 107] Train Loss: 0.0750 | LR: 0.000072
2026-04-06 12:21:24,012 - INFO -     >>> Val Avg RMSE (Real): 311.1933
2026-04-06 12:21:24,012 - INFO -     >>> Val MAE Details: ['205.4107', '208.2625', '237.2339', '289.7338', '241.2644', '232.2400', '217.6426']
2026-04-06 12:21:24,013 - INFO - ⏳ No improvement. Patience: 13/50
2026-04-06 12:28:31,242 - INFO - [Epoch 108] Train Loss: 0.0746 | LR: 0.000071
2026-04-06 12:28:31,243 - INFO -     >>> Val Avg RMSE (Real): 353.5803
2026-04-06 12:28:31,243 - INFO -     >>> Val MAE Details: ['223.4623', '217.0386', '256.8499', '323.2144', '305.3900', '277.5230', '257.2019']
2026-04-06 12:28:31,243 - INFO - ⏳ No improvement. Patience: 14/50
2026-04-06 12:35:41,935 - INFO - [Epoch 109] Train Loss: 0.0744 | LR: 0.000071
2026-04-06 12:35:41,935 - INFO -     >>> Val Avg RMSE (Real): 593.1261
2026-04-06 12:35:41,935 - INFO -     >>> Val MAE Details: ['291.1563', '323.8513', '368.1965', '582.3970', '545.9211', '558.2763', '514.9821']
2026-04-06 12:35:41,935 - INFO - ⏳ No improvement. Patience: 15/50
2026-04-06 12:42:53,187 - INFO - [Epoch 110] Train Loss: 0.0743 | LR: 0.000070
2026-04-06 12:42:53,187 - INFO -     >>> Val Avg RMSE (Real): 565.3574
2026-04-06 12:42:53,187 - INFO -     >>> Val MAE Details: ['315.7878', '344.6054', '448.5598', '503.9258', '434.1336', '464.9534', '464.1310']
2026-04-06 12:42:53,187 - INFO - ⏳ No improvement. Patience: 16/50
2026-04-06 12:50:02,360 - INFO - [Epoch 111] Train Loss: 0.0742 | LR: 0.000070
2026-04-06 12:50:02,361 - INFO -     >>> Val Avg RMSE (Real): 328.9252
2026-04-06 12:50:02,361 - INFO -     >>> Val MAE Details: ['207.0214', '210.8875', '251.9647', '314.1258', '269.1040', '246.2431', '220.9489']
2026-04-06 12:50:02,361 - INFO - ⏳ No improvement. Patience: 17/50
2026-04-06 12:57:10,357 - INFO - [Epoch 112] Train Loss: 0.0735 | LR: 0.000069
2026-04-06 12:57:10,357 - INFO -     >>> Val Avg RMSE (Real): 342.4330
2026-04-06 12:57:10,357 - INFO -     >>> Val MAE Details: ['207.3136', '220.6658', '289.7495', '323.6319', '267.7829', '249.5330', '236.8255']
2026-04-06 12:57:10,358 - INFO - ⏳ No improvement. Patience: 18/50
2026-04-06 13:04:19,318 - INFO - [Epoch 113] Train Loss: 0.0732 | LR: 0.000069
2026-04-06 13:04:19,319 - INFO -     >>> Val Avg RMSE (Real): 429.5098
2026-04-06 13:04:19,319 - INFO -     >>> Val MAE Details: ['285.5833', '276.8209', '331.0739', '396.8468', '344.3904', '350.3163', '325.4485']
2026-04-06 13:04:19,319 - INFO - ⏳ No improvement. Patience: 19/50
2026-04-06 13:11:27,302 - INFO - [Epoch 114] Train Loss: 0.0735 | LR: 0.000068
2026-04-06 13:11:27,303 - INFO -     >>> Val Avg RMSE (Real): 444.5331
2026-04-06 13:11:27,303 - INFO -     >>> Val MAE Details: ['279.8091', '270.9395', '337.7051', '387.9690', '347.4687', '339.2467', '338.8172']
2026-04-06 13:11:27,303 - INFO - ⏳ No improvement. Patience: 20/50
2026-04-06 13:18:38,472 - INFO - [Epoch 115] Train Loss: 0.0728 | LR: 0.000068
2026-04-06 13:18:38,472 - INFO -     >>> Val Avg RMSE (Real): 489.1527
2026-04-06 13:18:38,472 - INFO -     >>> Val MAE Details: ['275.5724', '286.2958', '338.3282', '456.2915', '448.1274', '424.0665', '404.7495']
2026-04-06 13:18:38,472 - INFO - ⏳ No improvement. Patience: 21/50
2026-04-06 13:25:47,969 - INFO - [Epoch 116] Train Loss: 0.0741 | LR: 0.000067
2026-04-06 13:25:47,970 - INFO -     >>> Val Avg RMSE (Real): 630.7251
2026-04-06 13:25:47,970 - INFO -     >>> Val MAE Details: ['291.5349', '320.9719', '373.4816', '656.6058', '572.5959', '574.8925', '547.3348']
2026-04-06 13:25:47,970 - INFO - ⏳ No improvement. Patience: 22/50
2026-04-06 13:32:57,700 - INFO - [Epoch 117] Train Loss: 0.0724 | LR: 0.000067
2026-04-06 13:32:57,700 - INFO -     >>> Val Avg RMSE (Real): 386.3316
2026-04-06 13:32:57,700 - INFO -     >>> Val MAE Details: ['244.3788', '224.8685', '275.0469', '392.1785', '323.2164', '290.6402', '257.9300']
2026-04-06 13:32:57,701 - INFO - ⏳ No improvement. Patience: 23/50
2026-04-06 13:40:06,879 - INFO - [Epoch 118] Train Loss: 0.0720 | LR: 0.000066
2026-04-06 13:40:06,879 - INFO -     >>> Val Avg RMSE (Real): 490.4262
2026-04-06 13:40:06,879 - INFO -     >>> Val MAE Details: ['295.8550', '291.8835', '313.7875', '433.5853', '472.6087', '428.5491', '382.8551']
2026-04-06 13:40:06,879 - INFO - ⏳ No improvement. Patience: 24/50
2026-04-06 13:47:18,427 - INFO - [Epoch 119] Train Loss: 0.0712 | LR: 0.000066
2026-04-06 13:47:18,428 - INFO -     >>> Val Avg RMSE (Real): 632.2839
2026-04-06 13:47:18,428 - INFO -     >>> Val MAE Details: ['298.2305', '339.2472', '393.0630', '648.1379', '557.6214', '590.6396', '539.5524']
2026-04-06 13:47:18,428 - INFO - ⏳ No improvement. Patience: 25/50
2026-04-06 13:54:27,459 - INFO - [Epoch 120] Train Loss: 0.0714 | LR: 0.000065
2026-04-06 13:54:27,459 - INFO -     >>> Val Avg RMSE (Real): 717.0324
2026-04-06 13:54:27,459 - INFO -     >>> Val MAE Details: ['329.1779', '623.1381', '462.2732', '603.1572', '699.5873', '603.6613', '595.5167']
2026-04-06 13:54:27,459 - INFO - ⏳ No improvement. Patience: 26/50
2026-04-06 14:01:37,130 - INFO - [Epoch 121] Train Loss: 0.0723 | LR: 0.000065
2026-04-06 14:01:37,130 - INFO -     >>> Val Avg RMSE (Real): 330.5270
2026-04-06 14:01:37,131 - INFO -     >>> Val MAE Details: ['217.1948', '211.0753', '246.8038', '302.0583', '252.0126', '257.8661', '258.8643']
2026-04-06 14:01:37,131 - INFO - ⏳ No improvement. Patience: 27/50
2026-04-06 14:08:46,148 - INFO - [Epoch 122] Train Loss: 0.0708 | LR: 0.000064
2026-04-06 14:08:46,149 - INFO -     >>> Val Avg RMSE (Real): 570.4051
2026-04-06 14:08:46,149 - INFO -     >>> Val MAE Details: ['295.8807', '310.1267', '357.2528', '571.8862', '524.5401', '529.0000', '459.6155']
2026-04-06 14:08:46,149 - INFO - ⏳ No improvement. Patience: 28/50
2026-04-06 14:15:53,731 - INFO - [Epoch 123] Train Loss: 0.0715 | LR: 0.000064
2026-04-06 14:15:53,732 - INFO -     >>> Val Avg RMSE (Real): 377.4746
2026-04-06 14:15:53,732 - INFO -     >>> Val MAE Details: ['242.5402', '245.5911', '304.0809', '335.0954', '291.2225', '279.4389', '271.4875']
2026-04-06 14:15:53,732 - INFO - ⏳ No improvement. Patience: 29/50
2026-04-06 14:23:05,149 - INFO - [Epoch 124] Train Loss: 0.0702 | LR: 0.000063
2026-04-06 14:23:05,150 - INFO -     >>> Val Avg RMSE (Real): 511.3121
2026-04-06 14:23:05,150 - INFO -     >>> Val MAE Details: ['299.7987', '321.3381', '355.3159', '547.0674', '390.1111', '393.5805', '356.5331']
2026-04-06 14:23:05,150 - INFO - ⏳ No improvement. Patience: 30/50
2026-04-06 14:30:15,329 - INFO - [Epoch 125] Train Loss: 0.0701 | LR: 0.000063
2026-04-06 14:30:15,329 - INFO -     >>> Val Avg RMSE (Real): 363.7264
2026-04-06 14:30:15,329 - INFO -     >>> Val MAE Details: ['236.2489', '219.9997', '261.2676', '346.8156', '301.5154', '279.4455', '256.1000']
2026-04-06 14:30:15,329 - INFO - ⏳ No improvement. Patience: 31/50
2026-04-06 14:37:26,932 - INFO - [Epoch 126] Train Loss: 0.0700 | LR: 0.000062
2026-04-06 14:37:26,933 - INFO -     >>> Val Avg RMSE (Real): 431.1598
2026-04-06 14:37:26,933 - INFO -     >>> Val MAE Details: ['234.8875', '243.5879', '281.7318', '372.9117', '408.1003', '381.9025', '312.5034']
2026-04-06 14:37:26,933 - INFO - ⏳ No improvement. Patience: 32/50
2026-04-06 14:44:32,829 - INFO - [Epoch 127] Train Loss: 0.0698 | LR: 0.000062
2026-04-06 14:44:32,830 - INFO -     >>> Val Avg RMSE (Real): 641.1187
2026-04-06 14:44:32,830 - INFO -     >>> Val MAE Details: ['348.5970', '419.4820', '580.7105', '634.6780', '482.3690', '506.5037', '444.0472']
2026-04-06 14:44:32,830 - INFO - ⏳ No improvement. Patience: 33/50
2026-04-06 14:51:44,054 - INFO - [Epoch 128] Train Loss: 0.0696 | LR: 0.000061
2026-04-06 14:51:44,054 - INFO -     >>> Val Avg RMSE (Real): 495.2728
2026-04-06 14:51:44,055 - INFO -     >>> Val MAE Details: ['287.6176', '286.6415', '319.7329', '474.6180', '475.9224', '423.6031', '379.1069']
2026-04-06 14:51:44,055 - INFO - ⏳ No improvement. Patience: 34/50
2026-04-06 14:58:54,924 - INFO - [Epoch 129] Train Loss: 0.0696 | LR: 0.000061
2026-04-06 14:58:54,925 - INFO -     >>> Val Avg RMSE (Real): 328.6236
2026-04-06 14:58:54,925 - INFO -     >>> Val MAE Details: ['218.6980', '222.2796', '269.1783', '296.2296', '255.6731', '245.4569', '230.9978']
2026-04-06 14:58:54,925 - INFO - ⏳ No improvement. Patience: 35/50
2026-04-06 15:06:06,034 - INFO - [Epoch 130] Train Loss: 0.0689 | LR: 0.000060
2026-04-06 15:06:06,034 - INFO -     >>> Val Avg RMSE (Real): 453.8744
2026-04-06 15:06:06,034 - INFO -     >>> Val MAE Details: ['286.9973', '294.1606', '351.1259', '420.9233', '357.7441', '352.8511', '334.5157']
2026-04-06 15:06:06,034 - INFO - ⏳ No improvement. Patience: 36/50
2026-04-06 15:13:12,847 - INFO - [Epoch 131] Train Loss: 0.0685 | LR: 0.000060
2026-04-06 15:13:12,848 - INFO -     >>> Val Avg RMSE (Real): 340.8525
2026-04-06 15:13:12,848 - INFO -     >>> Val MAE Details: ['224.0327', '226.6065', '246.0178', '287.1066', '299.4747', '275.7536', '271.7566']
2026-04-06 15:13:12,848 - INFO - ⏳ No improvement. Patience: 37/50
2026-04-06 15:20:01,019 - INFO - [Epoch 132] Train Loss: 0.0684 | LR: 0.000059
2026-04-06 15:20:01,019 - INFO -     >>> Val Avg RMSE (Real): 302.7107
2026-04-06 15:20:01,019 - INFO -     >>> Val MAE Details: ['197.3589', '194.7243', '219.6245', '270.2024', '241.6510', '226.5998', '222.0576']
2026-04-06 15:20:02,051 - INFO - 💾 Saved Best Model to ./logs/ED5_repr_hybrid_fusion_DualCrossattention_visnet_MultiTask7_20260405_213523/best_model.pth
2026-04-06 15:27:09,748 - INFO - [Epoch 133] Train Loss: 0.0682 | LR: 0.000059
2026-04-06 15:27:09,748 - INFO -     >>> Val Avg RMSE (Real): 646.1129
2026-04-06 15:27:09,748 - INFO -     >>> Val MAE Details: ['350.5049', '422.1203', '419.2298', '608.7775', '470.7985', '590.9631', '534.7194']
2026-04-06 15:27:09,748 - INFO - ⏳ No improvement. Patience: 1/50
2026-04-06 15:34:20,132 - INFO - [Epoch 134] Train Loss: 0.0687 | LR: 0.000058
2026-04-06 15:34:20,133 - INFO -     >>> Val Avg RMSE (Real): 647.8067
2026-04-06 15:34:20,133 - INFO -     >>> Val MAE Details: ['295.9823', '341.2365', '350.7224', '658.9823', '606.3591', '611.5204', '559.4984']
2026-04-06 15:34:20,133 - INFO - ⏳ No improvement. Patience: 2/50
2026-04-06 15:41:26,425 - INFO - [Epoch 135] Train Loss: 0.0684 | LR: 0.000058
2026-04-06 15:41:26,425 - INFO -     >>> Val Avg RMSE (Real): 459.4928
2026-04-06 15:41:26,426 - INFO -     >>> Val MAE Details: ['258.7827', '258.6615', '292.5655', '445.4608', '438.3778', '369.6665', '321.4054']
2026-04-06 15:41:26,426 - INFO - ⏳ No improvement. Patience: 3/50
2026-04-06 15:48:37,665 - INFO - [Epoch 136] Train Loss: 0.0679 | LR: 0.000057
2026-04-06 15:48:37,665 - INFO -     >>> Val Avg RMSE (Real): 294.7696
2026-04-06 15:48:37,665 - INFO -     >>> Val MAE Details: ['199.9621', '198.5942', '221.6011', '253.7273', '236.0638', '219.5519', '208.8274']
2026-04-06 15:48:38,737 - INFO - 💾 Saved Best Model to ./logs/ED5_repr_hybrid_fusion_DualCrossattention_visnet_MultiTask7_20260405_213523/best_model.pth
2026-04-06 15:55:49,635 - INFO - [Epoch 137] Train Loss: 0.0672 | LR: 0.000057
2026-04-06 15:55:49,636 - INFO -     >>> Val Avg RMSE (Real): 556.3875
2026-04-06 15:55:49,636 - INFO -     >>> Val MAE Details: ['362.1358', '430.3604', '377.8812', '623.0311', '475.4108', '408.4261', '384.4178']
2026-04-06 15:55:49,636 - INFO - ⏳ No improvement. Patience: 1/50
2026-04-06 16:02:59,878 - INFO - [Epoch 138] Train Loss: 0.0672 | LR: 0.000056
2026-04-06 16:02:59,878 - INFO -     >>> Val Avg RMSE (Real): 315.8297
2026-04-06 16:02:59,878 - INFO -     >>> Val MAE Details: ['221.1102', '204.9102', '232.4135', '266.7307', '257.3672', '235.0782', '228.1776']
2026-04-06 16:02:59,878 - INFO - ⏳ No improvement. Patience: 2/50
2026-04-06 16:10:08,964 - INFO - [Epoch 139] Train Loss: 0.0671 | LR: 0.000056
2026-04-06 16:10:08,964 - INFO -     >>> Val Avg RMSE (Real): 664.9280
2026-04-06 16:10:08,964 - INFO -     >>> Val MAE Details: ['308.8494', '386.3870', '428.8072', '678.7534', '590.0393', '637.9513', '540.9763']
2026-04-06 16:10:08,964 - INFO - ⏳ No improvement. Patience: 3/50
2026-04-06 16:17:19,265 - INFO - [Epoch 140] Train Loss: 0.0663 | LR: 0.000055
2026-04-06 16:17:19,265 - INFO -     >>> Val Avg RMSE (Real): 303.1454
2026-04-06 16:17:19,265 - INFO -     >>> Val MAE Details: ['201.1129', '202.9933', '224.0883', '263.1644', '240.1646', '231.7254', '215.2001']
2026-04-06 16:17:19,265 - INFO - ⏳ No improvement. Patience: 4/50
2026-04-06 16:24:29,485 - INFO - [Epoch 141] Train Loss: 0.0667 | LR: 0.000055
2026-04-06 16:24:29,485 - INFO -     >>> Val Avg RMSE (Real): 304.0296
2026-04-06 16:24:29,486 - INFO -     >>> Val MAE Details: ['204.4536', '205.4070', '227.6758', '252.8580', '227.8351', '225.8273', '228.1229']
2026-04-06 16:24:29,486 - INFO - ⏳ No improvement. Patience: 5/50
2026-04-06 16:31:12,449 - INFO - [Epoch 142] Train Loss: 0.0665 | LR: 0.000054
2026-04-06 16:31:12,449 - INFO -     >>> Val Avg RMSE (Real): 669.2640
2026-04-06 16:31:12,449 - INFO -     >>> Val MAE Details: ['319.3145', '376.4466', '369.5202', '680.1639', '623.9046', '639.9200', '571.5597']
2026-04-06 16:31:12,449 - INFO - ⏳ No improvement. Patience: 6/50
2026-04-06 16:38:20,144 - INFO - [Epoch 143] Train Loss: 0.0663 | LR: 0.000054
2026-04-06 16:38:20,145 - INFO -     >>> Val Avg RMSE (Real): 661.1521
2026-04-06 16:38:20,145 - INFO -     >>> Val MAE Details: ['320.8066', '380.2404', '452.1889', '640.1710', '482.7413', '604.2192', '599.0241']
2026-04-06 16:38:20,145 - INFO - ⏳ No improvement. Patience: 7/50
2026-04-06 16:45:29,377 - INFO - [Epoch 144] Train Loss: 0.0657 | LR: 0.000053
2026-04-06 16:45:29,378 - INFO -     >>> Val Avg RMSE (Real): 296.8083
2026-04-06 16:45:29,378 - INFO -     >>> Val MAE Details: ['196.5378', '198.1162', '216.8938', '255.5224', '244.7845', '224.6508', '212.7130']
2026-04-06 16:45:29,378 - INFO - ⏳ No improvement. Patience: 8/50
2026-04-06 16:52:38,637 - INFO - [Epoch 145] Train Loss: 0.0656 | LR: 0.000053
2026-04-06 16:52:38,638 - INFO -     >>> Val Avg RMSE (Real): 710.0469
2026-04-06 16:52:38,638 - INFO -     >>> Val MAE Details: ['339.8328', '370.1207', '560.1169', '767.2850', '543.8212', '595.1127', '513.2006']
2026-04-06 16:52:38,638 - INFO - ⏳ No improvement. Patience: 9/50
2026-04-06 16:59:47,608 - INFO - [Epoch 146] Train Loss: 0.0659 | LR: 0.000052
2026-04-06 16:59:47,609 - INFO -     >>> Val Avg RMSE (Real): 306.6300
2026-04-06 16:59:47,609 - INFO -     >>> Val MAE Details: ['205.4729', '204.4341', '229.0895', '257.8274', '235.6517', '231.2542', '230.2148']
2026-04-06 16:59:47,609 - INFO - ⏳ No improvement. Patience: 10/50
2026-04-06 17:07:30,992 - INFO - [Epoch 147] Train Loss: 0.0652 | LR: 0.000052
2026-04-06 17:07:30,993 - INFO -     >>> Val Avg RMSE (Real): 1260.4902
2026-04-06 17:07:30,993 - INFO -     >>> Val MAE Details: ['510.3529', '505.7406', '1165.1135', '1728.5814', '956.5478', '760.9693', '718.9286']
2026-04-06 17:07:30,993 - INFO - ⏳ No improvement. Patience: 11/50
2026-04-06 17:17:18,669 - INFO - [Epoch 148] Train Loss: 0.0650 | LR: 0.000051
2026-04-06 17:17:18,669 - INFO -     >>> Val Avg RMSE (Real): 479.0808
2026-04-06 17:17:18,670 - INFO -     >>> Val MAE Details: ['270.3775', '284.1745', '315.7191', '479.0681', '438.9743', '391.9898', '335.7000']
2026-04-06 17:17:18,670 - INFO - ⏳ No improvement. Patience: 12/50
2026-04-06 17:24:30,806 - INFO - [Epoch 149] Train Loss: 0.0645 | LR: 0.000051
2026-04-06 17:24:30,806 - INFO -     >>> Val Avg RMSE (Real): 376.8824
2026-04-06 17:24:30,806 - INFO -     >>> Val MAE Details: ['252.1791', '241.7994', '288.6626', '334.0956', '306.3928', '286.6814', '263.3860']
2026-04-06 17:24:30,806 - INFO - ⏳ No improvement. Patience: 13/50
2026-04-06 17:32:20,776 - INFO - [Epoch 150] Train Loss: 0.0645 | LR: 0.000050
2026-04-06 17:32:20,777 - INFO -     >>> Val Avg RMSE (Real): 304.7601
2026-04-06 17:32:20,777 - INFO -     >>> Val MAE Details: ['199.1499', '199.4769', '232.0644', '258.5754', '237.7640', '231.7882', '220.4279']
2026-04-06 17:32:20,777 - INFO - ⏳ No improvement. Patience: 14/50
2026-04-06 17:39:32,302 - INFO - [Epoch 151] Train Loss: 0.0642 | LR: 0.000049
2026-04-06 17:39:32,303 - INFO -     >>> Val Avg RMSE (Real): 558.3793
2026-04-06 17:39:32,303 - INFO -     >>> Val MAE Details: ['284.3925', '317.7966', '339.7210', '565.1328', '507.6330', '532.6649', '467.5484']
2026-04-06 17:39:32,303 - INFO - ⏳ No improvement. Patience: 15/50
2026-04-06 17:46:43,523 - INFO - [Epoch 152] Train Loss: 0.0641 | LR: 0.000049
2026-04-06 17:46:43,523 - INFO -     >>> Val Avg RMSE (Real): 1194.2359
2026-04-06 17:46:43,523 - INFO -     >>> Val MAE Details: ['386.5927', '360.3867', '616.9323', '1837.2448', '1176.6990', '854.4416', '588.7474']
2026-04-06 17:46:43,523 - INFO - ⏳ No improvement. Patience: 16/50
2026-04-06 17:53:55,272 - INFO - [Epoch 153] Train Loss: 0.0639 | LR: 0.000048
2026-04-06 17:53:55,272 - INFO -     >>> Val Avg RMSE (Real): 574.5584
2026-04-06 17:53:55,272 - INFO -     >>> Val MAE Details: ['292.6382', '305.8188', '321.9189', '566.8921', '522.6052', '568.9863', '493.3429']
2026-04-06 17:53:55,272 - INFO - ⏳ No improvement. Patience: 17/50
2026-04-06 18:00:57,129 - INFO - [Epoch 154] Train Loss: 0.0643 | LR: 0.000048
2026-04-06 18:00:57,130 - INFO -     >>> Val Avg RMSE (Real): 1125.7473
2026-04-06 18:00:57,130 - INFO -     >>> Val MAE Details: ['390.3249', '378.7770', '1157.0890', '1770.2792', '787.5591', '603.7923', '613.7566']
2026-04-06 18:00:57,130 - INFO - ⏳ No improvement. Patience: 18/50
2026-04-06 18:08:06,681 - INFO - [Epoch 155] Train Loss: 0.0636 | LR: 0.000047
2026-04-06 18:08:06,682 - INFO -     >>> Val Avg RMSE (Real): 604.3907
2026-04-06 18:08:06,682 - INFO -     >>> Val MAE Details: ['294.9180', '344.0631', '378.6476', '631.0676', '527.2930', '586.7323', '526.1191']
2026-04-06 18:08:06,682 - INFO - ⏳ No improvement. Patience: 19/50
2026-04-06 18:15:16,241 - INFO - [Epoch 156] Train Loss: 0.0633 | LR: 0.000047
2026-04-06 18:15:16,241 - INFO -     >>> Val Avg RMSE (Real): 430.7603
2026-04-06 18:15:16,241 - INFO -     >>> Val MAE Details: ['246.5454', '269.3738', '276.5299', '393.2432', '415.2850', '369.3245', '307.0372']
2026-04-06 18:15:16,241 - INFO - ⏳ No improvement. Patience: 20/50
2026-04-06 18:22:24,501 - INFO - [Epoch 157] Train Loss: 0.0631 | LR: 0.000046
2026-04-06 18:22:24,502 - INFO -     >>> Val Avg RMSE (Real): 287.5495
2026-04-06 18:22:24,502 - INFO -     >>> Val MAE Details: ['193.0753', '191.4888', '217.2077', '238.1505', '222.1685', '217.5197', '207.0074']
2026-04-06 18:22:25,578 - INFO - 💾 Saved Best Model to ./logs/ED5_repr_hybrid_fusion_DualCrossattention_visnet_MultiTask7_20260405_213523/best_model.pth
2026-04-06 18:29:33,533 - INFO - [Epoch 158] Train Loss: 0.0629 | LR: 0.000046
2026-04-06 18:29:33,533 - INFO -     >>> Val Avg RMSE (Real): 622.7003
2026-04-06 18:29:33,533 - INFO -     >>> Val MAE Details: ['299.1533', '322.0437', '345.0899', '639.5999', '558.5424', '618.8740', '553.7996']
2026-04-06 18:29:33,533 - INFO - ⏳ No improvement. Patience: 1/50
2026-04-06 18:36:41,038 - INFO - [Epoch 159] Train Loss: 0.0626 | LR: 0.000045
2026-04-06 18:36:41,039 - INFO -     >>> Val Avg RMSE (Real): 1069.7766
2026-04-06 18:36:41,039 - INFO -     >>> Val MAE Details: ['528.3148', '458.2792', '1049.5364', '1044.6060', '809.2804', '715.8884', '824.1805']
2026-04-06 18:36:41,039 - INFO - ⏳ No improvement. Patience: 2/50
2026-04-06 18:43:51,271 - INFO - [Epoch 160] Train Loss: 0.0627 | LR: 0.000045
2026-04-06 18:43:51,271 - INFO -     >>> Val Avg RMSE (Real): 655.7723
2026-04-06 18:43:51,271 - INFO -     >>> Val MAE Details: ['314.3292', '324.5027', '431.5254', '660.7878', '610.8544', '641.4175', '574.8942']
2026-04-06 18:43:51,271 - INFO - ⏳ No improvement. Patience: 3/50
2026-04-06 19:04:06,295 - INFO - [Epoch 161] Train Loss: 0.0622 | LR: 0.000044
2026-04-06 19:04:06,296 - INFO -     >>> Val Avg RMSE (Real): 676.9669
2026-04-06 19:04:06,296 - INFO -     >>> Val MAE Details: ['308.0002', '341.7473', '358.2600', '693.7735', '625.7698', '681.2339', '580.2969']
2026-04-06 19:04:06,296 - INFO - ⏳ No improvement. Patience: 4/50
2026-04-06 19:37:07,616 - INFO - [Epoch 162] Train Loss: 0.0616 | LR: 0.000044
2026-04-06 19:37:07,616 - INFO -     >>> Val Avg RMSE (Real): 665.3773
2026-04-06 19:37:07,616 - INFO -     >>> Val MAE Details: ['300.6962', '323.2349', '414.0342', '631.1813', '617.8294', '669.3676', '624.2495']
2026-04-06 19:37:07,616 - INFO - ⏳ No improvement. Patience: 5/50
2026-04-06 20:10:04,877 - INFO - [Epoch 163] Train Loss: 0.0619 | LR: 0.000043
2026-04-06 20:10:04,878 - INFO -     >>> Val Avg RMSE (Real): 321.3653
2026-04-06 20:10:04,878 - INFO -     >>> Val MAE Details: ['210.3748', '207.0041', '246.1824', '319.2162', '236.0693', '233.7191', '227.3162']
2026-04-06 20:10:04,878 - INFO - ⏳ No improvement. Patience: 6/50
2026-04-06 20:43:11,559 - INFO - [Epoch 164] Train Loss: 0.0614 | LR: 0.000043
2026-04-06 20:43:11,559 - INFO -     >>> Val Avg RMSE (Real): 503.4064
2026-04-06 20:43:11,559 - INFO -     >>> Val MAE Details: ['299.2221', '297.4688', '295.0256', '527.3505', '475.3844', '428.2310', '396.1427']
2026-04-06 20:43:11,559 - INFO - ⏳ No improvement. Patience: 7/50
2026-04-06 21:15:49,648 - INFO - [Epoch 165] Train Loss: 0.0619 | LR: 0.000042
2026-04-06 21:15:49,649 - INFO -     >>> Val Avg RMSE (Real): 602.7597
2026-04-06 21:15:49,649 - INFO -     >>> Val MAE Details: ['301.6785', '352.8501', '359.5886', '675.3282', '518.2305', '559.9555', '490.8452']
2026-04-06 21:15:49,649 - INFO - ⏳ No improvement. Patience: 8/50
2026-04-06 21:48:17,498 - INFO - [Epoch 166] Train Loss: 0.0613 | LR: 0.000042
2026-04-06 21:48:17,499 - INFO -     >>> Val Avg RMSE (Real): 429.5375
2026-04-06 21:48:17,499 - INFO -     >>> Val MAE Details: ['264.2749', '258.2577', '305.5554', '407.3247', '371.8995', '350.4712', '333.1858']
2026-04-06 21:48:17,499 - INFO - ⏳ No improvement. Patience: 9/50
2026-04-06 22:20:45,248 - INFO - [Epoch 167] Train Loss: 0.0610 | LR: 0.000041
2026-04-06 22:20:45,248 - INFO -     >>> Val Avg RMSE (Real): 742.7572
2026-04-06 22:20:45,248 - INFO -     >>> Val MAE Details: ['335.3177', '344.8386', '1012.2795', '731.8800', '501.9300', '436.7545', '466.5827']
2026-04-06 22:20:45,248 - INFO - ⏳ No improvement. Patience: 10/50
2026-04-06 22:53:28,876 - INFO - [Epoch 168] Train Loss: 0.0609 | LR: 0.000041
2026-04-06 22:53:28,876 - INFO -     >>> Val Avg RMSE (Real): 570.5798
2026-04-06 22:53:28,876 - INFO -     >>> Val MAE Details: ['295.3804', '327.3673', '333.5575', '589.3672', '479.9203', '549.8464', '472.5577']
2026-04-06 22:53:28,876 - INFO - ⏳ No improvement. Patience: 11/50
2026-04-06 23:26:17,981 - INFO - [Epoch 169] Train Loss: 0.0607 | LR: 0.000040
2026-04-06 23:26:17,982 - INFO -     >>> Val Avg RMSE (Real): 459.3188
2026-04-06 23:26:17,982 - INFO -     >>> Val MAE Details: ['267.2439', '272.5367', '327.4481', '464.0947', '358.7862', '333.8286', '354.8834']
2026-04-06 23:26:17,982 - INFO - ⏳ No improvement. Patience: 12/50
2026-04-06 23:58:59,464 - INFO - [Epoch 170] Train Loss: 0.0607 | LR: 0.000040
2026-04-06 23:58:59,465 - INFO -     >>> Val Avg RMSE (Real): 289.8010
2026-04-06 23:58:59,465 - INFO -     >>> Val MAE Details: ['192.2601', '194.6445', '218.4589', '253.5812', '221.9735', '215.5390', '207.1080']
2026-04-06 23:58:59,465 - INFO - ⏳ No improvement. Patience: 13/50
2026-04-07 00:31:47,691 - INFO - [Epoch 171] Train Loss: 0.0607 | LR: 0.000039
2026-04-07 00:31:47,692 - INFO -     >>> Val Avg RMSE (Real): 437.9595
2026-04-07 00:31:47,692 - INFO -     >>> Val MAE Details: ['271.4997', '268.4284', '318.6519', '434.7865', '350.5640', '345.5565', '340.0260']
2026-04-07 00:31:47,692 - INFO - ⏳ No improvement. Patience: 14/50
2026-04-07 01:04:24,108 - INFO - [Epoch 172] Train Loss: 0.0604 | LR: 0.000039
2026-04-07 01:04:24,109 - INFO -     >>> Val Avg RMSE (Real): 288.6861
2026-04-07 01:04:24,109 - INFO -     >>> Val MAE Details: ['192.8506', '196.1061', '216.2957', '241.5153', '225.8662', '217.9383', '204.9901']
2026-04-07 01:04:24,109 - INFO - ⏳ No improvement. Patience: 15/50
2026-04-07 01:37:00,890 - INFO - [Epoch 173] Train Loss: 0.0598 | LR: 0.000038
2026-04-07 01:37:00,890 - INFO -     >>> Val Avg RMSE (Real): 600.9852
2026-04-07 01:37:00,890 - INFO -     >>> Val MAE Details: ['298.6794', '347.2968', '339.0409', '610.8726', '515.9703', '595.8036', '509.8751']
2026-04-07 01:37:00,890 - INFO - ⏳ No improvement. Patience: 16/50
2026-04-07 02:09:28,033 - INFO - [Epoch 174] Train Loss: 0.0597 | LR: 0.000038
2026-04-07 02:09:28,034 - INFO -     >>> Val Avg RMSE (Real): 666.1531
2026-04-07 02:09:28,034 - INFO -     >>> Val MAE Details: ['311.0485', '326.7221', '381.1888', '674.2147', '621.2053', '667.1681', '596.6085']
2026-04-07 02:09:28,034 - INFO - ⏳ No improvement. Patience: 17/50
2026-04-07 02:42:01,054 - INFO - [Epoch 175] Train Loss: 0.0596 | LR: 0.000037
2026-04-07 02:42:01,055 - INFO -     >>> Val Avg RMSE (Real): 688.6819
2026-04-07 02:42:01,055 - INFO -     >>> Val MAE Details: ['307.4626', '415.7123', '437.5898', '632.8348', '590.6326', '671.0547', '646.2276']
2026-04-07 02:42:01,055 - INFO - ⏳ No improvement. Patience: 18/50
2026-04-07 03:14:41,358 - INFO - [Epoch 176] Train Loss: 0.0594 | LR: 0.000037
2026-04-07 03:14:41,359 - INFO -     >>> Val Avg RMSE (Real): 474.2171
2026-04-07 03:14:41,359 - INFO -     >>> Val MAE Details: ['278.4435', '297.3448', '428.2625', '429.2275', '355.9660', '337.4887', '324.8921']
2026-04-07 03:14:41,359 - INFO - ⏳ No improvement. Patience: 19/50
2026-04-07 03:47:20,557 - INFO - [Epoch 177] Train Loss: 0.0591 | LR: 0.000036
2026-04-07 03:47:20,557 - INFO -     >>> Val Avg RMSE (Real): 352.5977
2026-04-07 03:47:20,557 - INFO -     >>> Val MAE Details: ['218.4982', '216.7586', '262.2309', '294.2449', '263.6558', '270.5607', '289.9685']
2026-04-07 03:47:20,557 - INFO - ⏳ No improvement. Patience: 20/50
2026-04-07 04:19:56,695 - INFO - [Epoch 178] Train Loss: 0.0588 | LR: 0.000036
2026-04-07 04:19:56,695 - INFO -     >>> Val Avg RMSE (Real): 353.6621
2026-04-07 04:19:56,695 - INFO -     >>> Val MAE Details: ['236.6174', '223.7152', '253.9369', '334.5101', '295.6770', '259.5356', '254.9757']
2026-04-07 04:19:56,695 - INFO - ⏳ No improvement. Patience: 21/50
2026-04-07 04:52:28,779 - INFO - [Epoch 179] Train Loss: 0.0586 | LR: 0.000035
2026-04-07 04:52:28,779 - INFO -     >>> Val Avg RMSE (Real): 319.8644
2026-04-07 04:52:28,780 - INFO -     >>> Val MAE Details: ['213.9931', '211.5191', '236.6624', '275.5830', '245.7095', '236.7541', '225.6447']
2026-04-07 04:52:28,780 - INFO - ⏳ No improvement. Patience: 22/50
2026-04-07 05:25:03,766 - INFO - [Epoch 180] Train Loss: 0.0587 | LR: 0.000035
2026-04-07 05:25:03,767 - INFO -     >>> Val Avg RMSE (Real): 1531.7328
2026-04-07 05:25:03,767 - INFO -     >>> Val MAE Details: ['756.7061', '444.6068', '1201.2883', '2668.7820', '1149.0413', '835.2819', '541.1899']
2026-04-07 05:25:03,767 - INFO - ⏳ No improvement. Patience: 23/50
2026-04-07 05:57:32,954 - INFO - [Epoch 181] Train Loss: 0.0589 | LR: 0.000034
2026-04-07 05:57:32,955 - INFO -     >>> Val Avg RMSE (Real): 468.8495
2026-04-07 05:57:32,955 - INFO -     >>> Val MAE Details: ['275.5485', '284.6115', '295.5160', '473.5346', '437.3041', '380.8060', '347.1111']
2026-04-07 05:57:32,955 - INFO - ⏳ No improvement. Patience: 24/50
2026-04-07 06:29:53,126 - INFO - [Epoch 182] Train Loss: 0.0587 | LR: 0.000034
2026-04-07 06:29:53,126 - INFO -     >>> Val Avg RMSE (Real): 1105.0189
2026-04-07 06:29:53,127 - INFO -     >>> Val MAE Details: ['511.4118', '438.2486', '1163.1112', '1329.0116', '744.9614', '642.2061', '780.3083']
2026-04-07 06:29:53,127 - INFO - ⏳ No improvement. Patience: 25/50
2026-04-07 07:02:14,719 - INFO - [Epoch 183] Train Loss: 0.0580 | LR: 0.000033
2026-04-07 07:02:14,719 - INFO -     >>> Val Avg RMSE (Real): 346.3324
2026-04-07 07:02:14,720 - INFO -     >>> Val MAE Details: ['228.4710', '226.5555', '252.2108', '302.8094', '269.4927', '265.6836', '244.4734']
2026-04-07 07:02:14,720 - INFO - ⏳ No improvement. Patience: 26/50
2026-04-07 07:34:45,190 - INFO - [Epoch 184] Train Loss: 0.0579 | LR: 0.000033
2026-04-07 07:34:45,190 - INFO -     >>> Val Avg RMSE (Real): 378.4807
2026-04-07 07:34:45,191 - INFO -     >>> Val MAE Details: ['239.8182', '239.2496', '278.7149', '339.4816', '293.0671', '285.5836', '270.3215']
2026-04-07 07:34:45,191 - INFO - ⏳ No improvement. Patience: 27/50
2026-04-07 08:07:24,513 - INFO - [Epoch 185] Train Loss: 0.0582 | LR: 0.000032
2026-04-07 08:07:24,514 - INFO -     >>> Val Avg RMSE (Real): 345.0571
2026-04-07 08:07:24,514 - INFO -     >>> Val MAE Details: ['224.6546', '218.4026', '247.5844', '296.5154', '309.8779', '266.9653', '249.7028']
2026-04-07 08:07:24,514 - INFO - ⏳ No improvement. Patience: 28/50
2026-04-07 08:39:59,493 - INFO - [Epoch 186] Train Loss: 0.0576 | LR: 0.000032
2026-04-07 08:39:59,493 - INFO -     >>> Val Avg RMSE (Real): 349.0462
2026-04-07 08:39:59,493 - INFO -     >>> Val MAE Details: ['223.8163', '233.3941', '293.4728', '299.7649', '269.4586', '251.2246', '244.7726']
2026-04-07 08:39:59,493 - INFO - ⏳ No improvement. Patience: 29/50
2026-04-07 09:13:02,169 - INFO - [Epoch 187] Train Loss: 0.0572 | LR: 0.000031
2026-04-07 09:13:02,170 - INFO -     >>> Val Avg RMSE (Real): 535.5877
2026-04-07 09:13:02,170 - INFO -     >>> Val MAE Details: ['281.8350', '290.3040', '317.7456', '551.4064', '490.6745', '504.6611', '448.4634']
2026-04-07 09:13:02,170 - INFO - ⏳ No improvement. Patience: 30/50
2026-04-07 09:46:05,624 - INFO - [Epoch 188] Train Loss: 0.0574 | LR: 0.000031
2026-04-07 09:46:05,625 - INFO -     >>> Val Avg RMSE (Real): 832.1980
2026-04-07 09:46:05,625 - INFO -     >>> Val MAE Details: ['367.4046', '399.6791', '554.9876', '828.6382', '772.8713', '779.4790', '699.0936']
2026-04-07 09:46:05,625 - INFO - ⏳ No improvement. Patience: 31/50
2026-04-07 10:19:07,907 - INFO - [Epoch 189] Train Loss: 0.0571 | LR: 0.000030
2026-04-07 10:19:07,908 - INFO -     >>> Val Avg RMSE (Real): 626.8674
2026-04-07 10:19:07,908 - INFO -     >>> Val MAE Details: ['330.6676', '338.0642', '435.0689', '608.8212', '498.3793', '554.6993', '512.6727']
2026-04-07 10:19:07,908 - INFO - ⏳ No improvement. Patience: 32/50
