2026-04-28 09:00:18,751 - INFO - 💾 Config files backed up to ./logs/QMugs_repr_atomistic_graph_EquiformerV2_Task1_20260428_090018
2026-04-28 09:00:18,751 - INFO - 🎯 Multi-Task Targets (1): ['formation_energy_meV']
2026-04-28 09:00:18,751 - INFO - ========================================
2026-04-28 09:00:18,751 - INFO -         Training Configuration        
2026-04-28 09:00:18,751 - INFO - ========================================
2026-04-28 09:00:18,752 - INFO - 
{'data': {'dataset_mode': 'repr_atomistic_graph',
          'grid_size': 0.1,
          'max_radius': 10.0,
          'pkl_path': '../data/QMugs/qmugs_ed_1024_dft_meV_fps.pkl',
          'targets': ['formation_energy_meV']},
 'model': {'alpha_drop': 0.1,
           'attn_activation': 'silu',
           'attn_alpha_channels': 32,
           'attn_hidden_channels': 32,
           'attn_value_channels': 16,
           'distance_function': 'gaussian',
           'drop_path_rate': 0.05,
           'edge_channels': 64,
           'ffn_activation': 'silu',
           'ffn_hidden_channels': 64,
           'grid_resolution': 12,
           'lmax_list': [2],
           'max_neighbors': 30,
           'max_radius': 10.0,
           'mmax_list': [2],
           'name': 'EquiformerV2',
           'norm_type': 'layer_norm_sh',
           'num_distance_basis': 256,
           'num_heads': 4,
           'num_layers': 4,
           'num_sphere_samples': 64,
           'share_atom_edge_embedding': False,
           'sphere_channels': 32,
           'use_atom_edge_embedding': True,
           'use_attn_renorm': True,
           'use_grid_mlp': True,
           'use_sep_s2_act': True},
 'train': {'batch_size': 32,
           'epochs': 200,
           'grad_norm_clip': 1.0,
           'lr': 0.0001,
           'patience': 50,
           'seed': 2025,
           'weight_decay': 0.0001}}
2026-04-28 09:00:18,752 - INFO - ========================================

2026-04-28 09:00:18,752 - INFO - 🚀 Start Training on Device: cuda
2026-04-28 09:00:18,752 - INFO - Loading Data...
2026-04-28 09:00:18,752 - INFO - Loading Dataset Mode: repr_atomistic_graph...
2026-04-28 09:00:22,386 - INFO - Stats - Mean: [[-266361.1]], Std: [[91182.07]]
2026-04-28 09:00:22,387 - INFO - Building Model: EquiformerV2...
2026-04-28 09:00:22,806 - INFO - Total Parameters: 1.0130 M

2026-04-28 09:04:33,256 - INFO - [Epoch 1] Train Loss: 0.1145 | LR: 0.000100
2026-04-28 09:04:33,256 - INFO -     >>> Val Avg RMSE (Real): 16372.4647
2026-04-28 09:04:33,256 - INFO -     >>> Val MAE Details: ['12995.7969']
2026-04-28 09:04:33,330 - INFO - 💾 Saved Best Model to ./logs/QMugs_repr_atomistic_graph_EquiformerV2_Task1_20260428_090018/best_model.pth
2026-04-28 09:08:45,860 - INFO - [Epoch 2] Train Loss: 0.0253 | LR: 0.000100
2026-04-28 09:08:45,861 - INFO -     >>> Val Avg RMSE (Real): 8245.3454
2026-04-28 09:08:45,861 - INFO -     >>> Val MAE Details: ['5564.9536']
2026-04-28 09:08:45,948 - INFO - 💾 Saved Best Model to ./logs/QMugs_repr_atomistic_graph_EquiformerV2_Task1_20260428_090018/best_model.pth
2026-04-28 09:12:58,375 - INFO - [Epoch 3] Train Loss: 0.0151 | LR: 0.000100
2026-04-28 09:12:58,376 - INFO -     >>> Val Avg RMSE (Real): 8983.2658
2026-04-28 09:12:58,376 - INFO -     >>> Val MAE Details: ['7204.5229']
2026-04-28 09:12:58,376 - INFO - ⏳ No improvement. Patience: 1/50
2026-04-28 09:17:10,149 - INFO - [Epoch 4] Train Loss: 0.0121 | LR: 0.000100
2026-04-28 09:17:10,149 - INFO -     >>> Val Avg RMSE (Real): 9051.1904
2026-04-28 09:17:10,149 - INFO -     >>> Val MAE Details: ['7021.6670']
2026-04-28 09:17:10,149 - INFO - ⏳ No improvement. Patience: 2/50
2026-04-28 09:21:23,769 - INFO - [Epoch 5] Train Loss: 0.0106 | LR: 0.000100
2026-04-28 09:21:23,770 - INFO -     >>> Val Avg RMSE (Real): 5573.6878
2026-04-28 09:21:23,770 - INFO -     >>> Val MAE Details: ['3795.4111']
2026-04-28 09:21:23,857 - INFO - 💾 Saved Best Model to ./logs/QMugs_repr_atomistic_graph_EquiformerV2_Task1_20260428_090018/best_model.pth
2026-04-28 09:25:39,249 - INFO - [Epoch 6] Train Loss: 0.0091 | LR: 0.000100
2026-04-28 09:25:39,249 - INFO -     >>> Val Avg RMSE (Real): 4704.6598
2026-04-28 09:25:39,249 - INFO -     >>> Val MAE Details: ['3129.5637']
2026-04-28 09:25:39,337 - INFO - 💾 Saved Best Model to ./logs/QMugs_repr_atomistic_graph_EquiformerV2_Task1_20260428_090018/best_model.pth
2026-04-28 09:29:53,524 - INFO - [Epoch 7] Train Loss: 0.0090 | LR: 0.000100
2026-04-28 09:29:53,524 - INFO -     >>> Val Avg RMSE (Real): 6953.4182
2026-04-28 09:29:53,524 - INFO -     >>> Val MAE Details: ['5504.9062']
2026-04-28 09:29:53,524 - INFO - ⏳ No improvement. Patience: 1/50
2026-04-28 09:34:06,634 - INFO - [Epoch 8] Train Loss: 0.0075 | LR: 0.000100
2026-04-28 09:34:06,634 - INFO -     >>> Val Avg RMSE (Real): 4148.1528
2026-04-28 09:34:06,634 - INFO -     >>> Val MAE Details: ['2647.9875']
2026-04-28 09:34:06,721 - INFO - 💾 Saved Best Model to ./logs/QMugs_repr_atomistic_graph_EquiformerV2_Task1_20260428_090018/best_model.pth
2026-04-28 09:38:19,740 - INFO - [Epoch 9] Train Loss: 0.0062 | LR: 0.000100
2026-04-28 09:38:19,740 - INFO -     >>> Val Avg RMSE (Real): 4290.2235
2026-04-28 09:38:19,740 - INFO -     >>> Val MAE Details: ['2858.3523']
2026-04-28 09:38:19,740 - INFO - ⏳ No improvement. Patience: 1/50
2026-04-28 09:42:32,596 - INFO - [Epoch 10] Train Loss: 0.0052 | LR: 0.000099
2026-04-28 09:42:32,596 - INFO -     >>> Val Avg RMSE (Real): 3839.3591
2026-04-28 09:42:32,596 - INFO -     >>> Val MAE Details: ['2474.4517']
2026-04-28 09:42:32,685 - INFO - 💾 Saved Best Model to ./logs/QMugs_repr_atomistic_graph_EquiformerV2_Task1_20260428_090018/best_model.pth
2026-04-28 09:46:44,624 - INFO - [Epoch 11] Train Loss: 0.0050 | LR: 0.000099
2026-04-28 09:46:44,624 - INFO -     >>> Val Avg RMSE (Real): 3521.3487
2026-04-28 09:46:44,624 - INFO -     >>> Val MAE Details: ['2334.1235']
2026-04-28 09:46:44,816 - INFO - 💾 Saved Best Model to ./logs/QMugs_repr_atomistic_graph_EquiformerV2_Task1_20260428_090018/best_model.pth
2026-04-28 09:50:57,114 - INFO - [Epoch 12] Train Loss: 0.0043 | LR: 0.000099
2026-04-28 09:50:57,114 - INFO -     >>> Val Avg RMSE (Real): 4131.1129
2026-04-28 09:50:57,114 - INFO -     >>> Val MAE Details: ['2715.5686']
2026-04-28 09:50:57,114 - INFO - ⏳ No improvement. Patience: 1/50
2026-04-28 09:55:10,836 - INFO - [Epoch 13] Train Loss: 0.0058 | LR: 0.000099
2026-04-28 09:55:10,837 - INFO -     >>> Val Avg RMSE (Real): 7929.7377
2026-04-28 09:55:10,837 - INFO -     >>> Val MAE Details: ['6353.9736']
2026-04-28 09:55:10,837 - INFO - ⏳ No improvement. Patience: 2/50
2026-04-28 09:59:23,245 - INFO - [Epoch 14] Train Loss: 0.0044 | LR: 0.000099
2026-04-28 09:59:23,245 - INFO -     >>> Val Avg RMSE (Real): 4080.1213
2026-04-28 09:59:23,245 - INFO -     >>> Val MAE Details: ['2469.0745']
2026-04-28 09:59:23,246 - INFO - ⏳ No improvement. Patience: 3/50
2026-04-28 10:03:33,828 - INFO - [Epoch 15] Train Loss: 0.0036 | LR: 0.000099
2026-04-28 10:03:33,828 - INFO -     >>> Val Avg RMSE (Real): 3242.1039
2026-04-28 10:03:33,828 - INFO -     >>> Val MAE Details: ['2152.3235']
2026-04-28 10:03:33,907 - INFO - 💾 Saved Best Model to ./logs/QMugs_repr_atomistic_graph_EquiformerV2_Task1_20260428_090018/best_model.pth
2026-04-28 10:07:48,555 - INFO - [Epoch 16] Train Loss: 0.0032 | LR: 0.000098
2026-04-28 10:07:48,555 - INFO -     >>> Val Avg RMSE (Real): 3408.0838
2026-04-28 10:07:48,555 - INFO -     >>> Val MAE Details: ['2346.2095']
2026-04-28 10:07:48,555 - INFO - ⏳ No improvement. Patience: 1/50
2026-04-28 10:12:03,340 - INFO - [Epoch 17] Train Loss: 0.0035 | LR: 0.000098
2026-04-28 10:12:03,340 - INFO -     >>> Val Avg RMSE (Real): 5944.2587
2026-04-28 10:12:03,340 - INFO -     >>> Val MAE Details: ['4495.7129']
2026-04-28 10:12:03,340 - INFO - ⏳ No improvement. Patience: 2/50
2026-04-28 10:16:15,995 - INFO - [Epoch 18] Train Loss: 0.0027 | LR: 0.000098
2026-04-28 10:16:15,995 - INFO -     >>> Val Avg RMSE (Real): 2798.4087
2026-04-28 10:16:15,995 - INFO -     >>> Val MAE Details: ['1827.2260']
2026-04-28 10:16:16,084 - INFO - 💾 Saved Best Model to ./logs/QMugs_repr_atomistic_graph_EquiformerV2_Task1_20260428_090018/best_model.pth
2026-04-28 10:20:28,127 - INFO - [Epoch 19] Train Loss: 0.0027 | LR: 0.000098
2026-04-28 10:20:28,127 - INFO -     >>> Val Avg RMSE (Real): 3974.0881
2026-04-28 10:20:28,127 - INFO -     >>> Val MAE Details: ['3114.6052']
2026-04-28 10:20:28,127 - INFO - ⏳ No improvement. Patience: 1/50
2026-04-28 10:24:41,412 - INFO - [Epoch 20] Train Loss: 0.0026 | LR: 0.000098
2026-04-28 10:24:41,413 - INFO -     >>> Val Avg RMSE (Real): 3026.3148
2026-04-28 10:24:41,413 - INFO -     >>> Val MAE Details: ['2077.0356']
2026-04-28 10:24:41,413 - INFO - ⏳ No improvement. Patience: 2/50
2026-04-28 10:28:53,734 - INFO - [Epoch 21] Train Loss: 0.0022 | LR: 0.000097
2026-04-28 10:28:53,734 - INFO -     >>> Val Avg RMSE (Real): 2600.5236
2026-04-28 10:28:53,734 - INFO -     >>> Val MAE Details: ['1670.0177']
2026-04-28 10:28:53,823 - INFO - 💾 Saved Best Model to ./logs/QMugs_repr_atomistic_graph_EquiformerV2_Task1_20260428_090018/best_model.pth
2026-04-28 10:33:05,535 - INFO - [Epoch 22] Train Loss: 0.0021 | LR: 0.000097
2026-04-28 10:33:05,535 - INFO -     >>> Val Avg RMSE (Real): 4446.5679
2026-04-28 10:33:05,535 - INFO -     >>> Val MAE Details: ['3082.1624']
2026-04-28 10:33:05,535 - INFO - ⏳ No improvement. Patience: 1/50
2026-04-28 10:37:20,745 - INFO - [Epoch 23] Train Loss: 0.0019 | LR: 0.000097
2026-04-28 10:37:20,745 - INFO -     >>> Val Avg RMSE (Real): 2160.9713
2026-04-28 10:37:20,745 - INFO -     >>> Val MAE Details: ['1411.1649']
2026-04-28 10:37:20,833 - INFO - 💾 Saved Best Model to ./logs/QMugs_repr_atomistic_graph_EquiformerV2_Task1_20260428_090018/best_model.pth
2026-04-28 10:41:32,879 - INFO - [Epoch 24] Train Loss: 0.0018 | LR: 0.000096
2026-04-28 10:41:32,879 - INFO -     >>> Val Avg RMSE (Real): 2305.6694
2026-04-28 10:41:32,879 - INFO -     >>> Val MAE Details: ['1571.6484']
2026-04-28 10:41:32,879 - INFO - ⏳ No improvement. Patience: 1/50
2026-04-28 10:45:46,250 - INFO - [Epoch 25] Train Loss: 0.0018 | LR: 0.000096
2026-04-28 10:45:46,250 - INFO -     >>> Val Avg RMSE (Real): 4717.7247
2026-04-28 10:45:46,250 - INFO -     >>> Val MAE Details: ['4162.4341']
2026-04-28 10:45:46,250 - INFO - ⏳ No improvement. Patience: 2/50
2026-04-28 10:49:59,849 - INFO - [Epoch 26] Train Loss: 0.0017 | LR: 0.000096
2026-04-28 10:49:59,850 - INFO -     >>> Val Avg RMSE (Real): 2810.7614
2026-04-28 10:49:59,850 - INFO -     >>> Val MAE Details: ['2215.1472']
2026-04-28 10:49:59,850 - INFO - ⏳ No improvement. Patience: 3/50
2026-04-28 10:54:13,678 - INFO - [Epoch 27] Train Loss: 0.0013 | LR: 0.000096
2026-04-28 10:54:13,678 - INFO -     >>> Val Avg RMSE (Real): 4379.9934
2026-04-28 10:54:13,678 - INFO -     >>> Val MAE Details: ['3629.1450']
2026-04-28 10:54:13,678 - INFO - ⏳ No improvement. Patience: 4/50
2026-04-28 10:58:26,702 - INFO - [Epoch 28] Train Loss: 0.0013 | LR: 0.000095
2026-04-28 10:58:26,703 - INFO -     >>> Val Avg RMSE (Real): 2338.9887
2026-04-28 10:58:26,703 - INFO -     >>> Val MAE Details: ['1451.8054']
2026-04-28 10:58:26,703 - INFO - ⏳ No improvement. Patience: 5/50
2026-04-28 11:02:39,505 - INFO - [Epoch 29] Train Loss: 0.0012 | LR: 0.000095
2026-04-28 11:02:39,505 - INFO -     >>> Val Avg RMSE (Real): 2022.7477
2026-04-28 11:02:39,505 - INFO -     >>> Val MAE Details: ['1457.8756']
2026-04-28 11:02:39,595 - INFO - 💾 Saved Best Model to ./logs/QMugs_repr_atomistic_graph_EquiformerV2_Task1_20260428_090018/best_model.pth
2026-04-28 11:06:54,381 - INFO - [Epoch 30] Train Loss: 0.0011 | LR: 0.000095
2026-04-28 11:06:54,381 - INFO -     >>> Val Avg RMSE (Real): 1835.3545
2026-04-28 11:06:54,381 - INFO -     >>> Val MAE Details: ['1315.1628']
2026-04-28 11:06:54,468 - INFO - 💾 Saved Best Model to ./logs/QMugs_repr_atomistic_graph_EquiformerV2_Task1_20260428_090018/best_model.pth
2026-04-28 11:11:09,293 - INFO - [Epoch 31] Train Loss: 0.0010 | LR: 0.000094
2026-04-28 11:11:09,293 - INFO -     >>> Val Avg RMSE (Real): 5256.5321
2026-04-28 11:11:09,293 - INFO -     >>> Val MAE Details: ['4737.1738']
2026-04-28 11:11:09,293 - INFO - ⏳ No improvement. Patience: 1/50
2026-04-28 11:15:20,904 - INFO - [Epoch 32] Train Loss: 0.0009 | LR: 0.000094
2026-04-28 11:15:20,905 - INFO -     >>> Val Avg RMSE (Real): 2978.5577
2026-04-28 11:15:20,905 - INFO -     >>> Val MAE Details: ['2393.1541']
2026-04-28 11:15:20,905 - INFO - ⏳ No improvement. Patience: 2/50
2026-04-28 11:19:35,523 - INFO - [Epoch 33] Train Loss: 0.0008 | LR: 0.000093
2026-04-28 11:19:35,523 - INFO -     >>> Val Avg RMSE (Real): 2046.7684
2026-04-28 11:19:35,523 - INFO -     >>> Val MAE Details: ['1629.6437']
2026-04-28 11:19:35,523 - INFO - ⏳ No improvement. Patience: 3/50
2026-04-28 11:23:53,719 - INFO - [Epoch 34] Train Loss: 0.0007 | LR: 0.000093
2026-04-28 11:23:53,719 - INFO -     >>> Val Avg RMSE (Real): 1770.8608
2026-04-28 11:23:53,719 - INFO -     >>> Val MAE Details: ['1374.2947']
2026-04-28 11:23:53,805 - INFO - 💾 Saved Best Model to ./logs/QMugs_repr_atomistic_graph_EquiformerV2_Task1_20260428_090018/best_model.pth
2026-04-28 11:28:07,332 - INFO - [Epoch 35] Train Loss: 0.0007 | LR: 0.000093
2026-04-28 11:28:07,332 - INFO -     >>> Val Avg RMSE (Real): 1729.8005
2026-04-28 11:28:07,332 - INFO -     >>> Val MAE Details: ['1268.4518']
2026-04-28 11:28:07,409 - INFO - 💾 Saved Best Model to ./logs/QMugs_repr_atomistic_graph_EquiformerV2_Task1_20260428_090018/best_model.pth
2026-04-28 11:32:22,177 - INFO - [Epoch 36] Train Loss: 0.0007 | LR: 0.000092
2026-04-28 11:32:22,177 - INFO -     >>> Val Avg RMSE (Real): 1300.4927
2026-04-28 11:32:22,177 - INFO -     >>> Val MAE Details: ['866.7832']
2026-04-28 11:32:22,264 - INFO - 💾 Saved Best Model to ./logs/QMugs_repr_atomistic_graph_EquiformerV2_Task1_20260428_090018/best_model.pth
2026-04-28 11:36:37,809 - INFO - [Epoch 37] Train Loss: 0.0006 | LR: 0.000092
2026-04-28 11:36:37,809 - INFO -     >>> Val Avg RMSE (Real): 1963.8580
2026-04-28 11:36:37,809 - INFO -     >>> Val MAE Details: ['1568.3165']
2026-04-28 11:36:37,810 - INFO - ⏳ No improvement. Patience: 1/50
2026-04-28 11:40:51,936 - INFO - [Epoch 38] Train Loss: 0.0005 | LR: 0.000091
2026-04-28 11:40:51,937 - INFO -     >>> Val Avg RMSE (Real): 1596.2094
2026-04-28 11:40:51,937 - INFO -     >>> Val MAE Details: ['1115.5856']
2026-04-28 11:40:51,937 - INFO - ⏳ No improvement. Patience: 2/50
2026-04-28 11:45:06,554 - INFO - [Epoch 39] Train Loss: 0.0004 | LR: 0.000091
2026-04-28 11:45:06,555 - INFO -     >>> Val Avg RMSE (Real): 1168.2486
2026-04-28 11:45:06,555 - INFO -     >>> Val MAE Details: ['748.0471']
2026-04-28 11:45:06,749 - INFO - 💾 Saved Best Model to ./logs/QMugs_repr_atomistic_graph_EquiformerV2_Task1_20260428_090018/best_model.pth
2026-04-28 11:49:20,807 - INFO - [Epoch 40] Train Loss: 0.0005 | LR: 0.000090
2026-04-28 11:49:20,808 - INFO -     >>> Val Avg RMSE (Real): 1448.8793
2026-04-28 11:49:20,808 - INFO -     >>> Val MAE Details: ['1031.1110']
2026-04-28 11:49:20,808 - INFO - ⏳ No improvement. Patience: 1/50
2026-04-28 11:53:50,644 - INFO - [Epoch 41] Train Loss: 0.0004 | LR: 0.000090
2026-04-28 11:53:50,644 - INFO -     >>> Val Avg RMSE (Real): 995.6752
2026-04-28 11:53:50,644 - INFO -     >>> Val MAE Details: ['628.0290']
2026-04-28 11:53:50,734 - INFO - 💾 Saved Best Model to ./logs/QMugs_repr_atomistic_graph_EquiformerV2_Task1_20260428_090018/best_model.pth
2026-04-28 11:59:38,044 - INFO - [Epoch 42] Train Loss: 0.0003 | LR: 0.000090
2026-04-28 11:59:38,044 - INFO -     >>> Val Avg RMSE (Real): 1180.3975
2026-04-28 11:59:38,045 - INFO -     >>> Val MAE Details: ['846.7968']
2026-04-28 11:59:38,045 - INFO - ⏳ No improvement. Patience: 1/50
2026-04-28 12:05:26,253 - INFO - [Epoch 43] Train Loss: 0.0003 | LR: 0.000089
2026-04-28 12:05:26,254 - INFO -     >>> Val Avg RMSE (Real): 1811.9587
2026-04-28 12:05:26,254 - INFO -     >>> Val MAE Details: ['1532.5970']
2026-04-28 12:05:26,254 - INFO - ⏳ No improvement. Patience: 2/50
2026-04-28 12:11:14,935 - INFO - [Epoch 44] Train Loss: 0.0002 | LR: 0.000089
2026-04-28 12:11:14,936 - INFO -     >>> Val Avg RMSE (Real): 992.4224
2026-04-28 12:11:14,936 - INFO -     >>> Val MAE Details: ['621.3690']
2026-04-28 12:11:15,025 - INFO - 💾 Saved Best Model to ./logs/QMugs_repr_atomistic_graph_EquiformerV2_Task1_20260428_090018/best_model.pth
2026-04-28 12:17:05,367 - INFO - [Epoch 45] Train Loss: 0.0003 | LR: 0.000088
2026-04-28 12:17:05,367 - INFO -     >>> Val Avg RMSE (Real): 976.3615
2026-04-28 12:17:05,367 - INFO -     >>> Val MAE Details: ['605.9091']
2026-04-28 12:17:05,459 - INFO - 💾 Saved Best Model to ./logs/QMugs_repr_atomistic_graph_EquiformerV2_Task1_20260428_090018/best_model.pth
2026-04-28 12:22:54,565 - INFO - [Epoch 46] Train Loss: 0.0003 | LR: 0.000088
2026-04-28 12:22:54,565 - INFO -     >>> Val Avg RMSE (Real): 1559.1665
2026-04-28 12:22:54,565 - INFO -     >>> Val MAE Details: ['1212.2808']
2026-04-28 12:22:54,565 - INFO - ⏳ No improvement. Patience: 1/50
2026-04-28 12:28:45,092 - INFO - [Epoch 47] Train Loss: 0.0004 | LR: 0.000087
2026-04-28 12:28:45,092 - INFO -     >>> Val Avg RMSE (Real): 1054.1570
2026-04-28 12:28:45,092 - INFO -     >>> Val MAE Details: ['676.1109']
2026-04-28 12:28:45,092 - INFO - ⏳ No improvement. Patience: 2/50
2026-04-28 12:33:13,372 - INFO - [Epoch 48] Train Loss: 0.0003 | LR: 0.000086
2026-04-28 12:33:13,373 - INFO -     >>> Val Avg RMSE (Real): 2060.0166
2026-04-28 12:33:13,373 - INFO -     >>> Val MAE Details: ['1779.1307']
2026-04-28 12:33:13,373 - INFO - ⏳ No improvement. Patience: 3/50
2026-04-28 12:37:25,255 - INFO - [Epoch 49] Train Loss: 0.0003 | LR: 0.000086
2026-04-28 12:37:25,255 - INFO -     >>> Val Avg RMSE (Real): 964.4807
2026-04-28 12:37:25,255 - INFO -     >>> Val MAE Details: ['586.8200']
2026-04-28 12:37:25,343 - INFO - 💾 Saved Best Model to ./logs/QMugs_repr_atomistic_graph_EquiformerV2_Task1_20260428_090018/best_model.pth
2026-04-28 12:41:38,287 - INFO - [Epoch 50] Train Loss: 0.0003 | LR: 0.000085
2026-04-28 12:41:38,287 - INFO -     >>> Val Avg RMSE (Real): 1512.5763
2026-04-28 12:41:38,287 - INFO -     >>> Val MAE Details: ['948.5602']
2026-04-28 12:41:38,287 - INFO - ⏳ No improvement. Patience: 1/50
2026-04-28 12:45:51,083 - INFO - [Epoch 51] Train Loss: 0.0002 | LR: 0.000085
2026-04-28 12:45:51,084 - INFO -     >>> Val Avg RMSE (Real): 1080.2738
2026-04-28 12:45:51,084 - INFO -     >>> Val MAE Details: ['643.7850']
2026-04-28 12:45:51,084 - INFO - ⏳ No improvement. Patience: 2/50
2026-04-28 12:50:06,225 - INFO - [Epoch 52] Train Loss: 0.0003 | LR: 0.000084
2026-04-28 12:50:06,225 - INFO -     >>> Val Avg RMSE (Real): 1463.0437
2026-04-28 12:50:06,225 - INFO -     >>> Val MAE Details: ['1092.7008']
2026-04-28 12:50:06,225 - INFO - ⏳ No improvement. Patience: 3/50
2026-04-28 12:54:18,705 - INFO - [Epoch 53] Train Loss: 0.0002 | LR: 0.000084
2026-04-28 12:54:18,706 - INFO -     >>> Val Avg RMSE (Real): 997.9376
2026-04-28 12:54:18,706 - INFO -     >>> Val MAE Details: ['604.3096']
2026-04-28 12:54:18,706 - INFO - ⏳ No improvement. Patience: 4/50
2026-04-28 12:58:32,213 - INFO - [Epoch 54] Train Loss: 0.0003 | LR: 0.000083
2026-04-28 12:58:32,213 - INFO -     >>> Val Avg RMSE (Real): 943.9079
2026-04-28 12:58:32,213 - INFO -     >>> Val MAE Details: ['628.4921']
2026-04-28 12:58:32,301 - INFO - 💾 Saved Best Model to ./logs/QMugs_repr_atomistic_graph_EquiformerV2_Task1_20260428_090018/best_model.pth
2026-04-28 13:02:46,822 - INFO - [Epoch 55] Train Loss: 0.0002 | LR: 0.000082
2026-04-28 13:02:46,822 - INFO -     >>> Val Avg RMSE (Real): 1172.3766
2026-04-28 13:02:46,822 - INFO -     >>> Val MAE Details: ['775.8578']
2026-04-28 13:02:46,822 - INFO - ⏳ No improvement. Patience: 1/50
2026-04-28 13:07:00,432 - INFO - [Epoch 56] Train Loss: 0.0002 | LR: 0.000082
2026-04-28 13:07:00,433 - INFO -     >>> Val Avg RMSE (Real): 1697.4361
2026-04-28 13:07:00,433 - INFO -     >>> Val MAE Details: ['1441.7610']
2026-04-28 13:07:00,433 - INFO - ⏳ No improvement. Patience: 2/50
2026-04-28 13:11:14,027 - INFO - [Epoch 57] Train Loss: 0.0003 | LR: 0.000081
2026-04-28 13:11:14,027 - INFO -     >>> Val Avg RMSE (Real): 1202.2048
2026-04-28 13:11:14,027 - INFO -     >>> Val MAE Details: ['849.4245']
2026-04-28 13:11:14,027 - INFO - ⏳ No improvement. Patience: 3/50
2026-04-28 13:15:26,808 - INFO - [Epoch 58] Train Loss: 0.0002 | LR: 0.000081
2026-04-28 13:15:26,808 - INFO -     >>> Val Avg RMSE (Real): 1437.5736
2026-04-28 13:15:26,808 - INFO -     >>> Val MAE Details: ['880.9844']
2026-04-28 13:15:26,808 - INFO - ⏳ No improvement. Patience: 4/50
2026-04-28 13:19:40,960 - INFO - [Epoch 59] Train Loss: 0.0002 | LR: 0.000080
2026-04-28 13:19:40,960 - INFO -     >>> Val Avg RMSE (Real): 1447.9562
2026-04-28 13:19:40,960 - INFO -     >>> Val MAE Details: ['1114.7262']
2026-04-28 13:19:40,960 - INFO - ⏳ No improvement. Patience: 5/50
2026-04-28 13:23:54,379 - INFO - [Epoch 60] Train Loss: 0.0002 | LR: 0.000079
2026-04-28 13:23:54,380 - INFO -     >>> Val Avg RMSE (Real): 1052.4367
2026-04-28 13:23:54,380 - INFO -     >>> Val MAE Details: ['685.7970']
2026-04-28 13:23:54,380 - INFO - ⏳ No improvement. Patience: 6/50
2026-04-28 13:28:08,021 - INFO - [Epoch 61] Train Loss: 0.0002 | LR: 0.000079
2026-04-28 13:28:08,021 - INFO -     >>> Val Avg RMSE (Real): 991.8875
2026-04-28 13:28:08,021 - INFO -     >>> Val MAE Details: ['671.3197']
2026-04-28 13:28:08,021 - INFO - ⏳ No improvement. Patience: 7/50
2026-04-28 13:32:20,094 - INFO - [Epoch 62] Train Loss: 0.0003 | LR: 0.000078
2026-04-28 13:32:20,094 - INFO -     >>> Val Avg RMSE (Real): 1025.0332
2026-04-28 13:32:20,094 - INFO -     >>> Val MAE Details: ['685.1758']
2026-04-28 13:32:20,094 - INFO - ⏳ No improvement. Patience: 8/50
2026-04-28 13:36:31,763 - INFO - [Epoch 63] Train Loss: 0.0002 | LR: 0.000077
2026-04-28 13:36:31,763 - INFO -     >>> Val Avg RMSE (Real): 1109.9017
2026-04-28 13:36:31,763 - INFO -     >>> Val MAE Details: ['845.6949']
2026-04-28 13:36:31,763 - INFO - ⏳ No improvement. Patience: 9/50
2026-04-28 13:40:44,935 - INFO - [Epoch 64] Train Loss: 0.0002 | LR: 0.000077
2026-04-28 13:40:44,935 - INFO -     >>> Val Avg RMSE (Real): 935.0044
2026-04-28 13:40:44,935 - INFO -     >>> Val MAE Details: ['596.8697']
2026-04-28 13:40:45,023 - INFO - 💾 Saved Best Model to ./logs/QMugs_repr_atomistic_graph_EquiformerV2_Task1_20260428_090018/best_model.pth
2026-04-28 13:44:54,431 - INFO - [Epoch 65] Train Loss: 0.0002 | LR: 0.000076
2026-04-28 13:44:54,431 - INFO -     >>> Val Avg RMSE (Real): 899.4208
2026-04-28 13:44:54,431 - INFO -     >>> Val MAE Details: ['585.7865']
2026-04-28 13:44:54,520 - INFO - 💾 Saved Best Model to ./logs/QMugs_repr_atomistic_graph_EquiformerV2_Task1_20260428_090018/best_model.pth
2026-04-28 13:49:07,793 - INFO - [Epoch 66] Train Loss: 0.0002 | LR: 0.000075
2026-04-28 13:49:07,793 - INFO -     >>> Val Avg RMSE (Real): 1143.2033
2026-04-28 13:49:07,793 - INFO -     >>> Val MAE Details: ['845.2203']
2026-04-28 13:49:07,794 - INFO - ⏳ No improvement. Patience: 1/50
2026-04-28 13:53:23,660 - INFO - [Epoch 67] Train Loss: 0.0002 | LR: 0.000075
2026-04-28 13:53:23,660 - INFO -     >>> Val Avg RMSE (Real): 1160.3717
2026-04-28 13:53:23,660 - INFO -     >>> Val MAE Details: ['776.2584']
2026-04-28 13:53:23,660 - INFO - ⏳ No improvement. Patience: 2/50
2026-04-28 13:57:39,133 - INFO - [Epoch 68] Train Loss: 0.0002 | LR: 0.000074
2026-04-28 13:57:39,133 - INFO -     >>> Val Avg RMSE (Real): 1370.5152
2026-04-28 13:57:39,133 - INFO -     >>> Val MAE Details: ['1090.2325']
2026-04-28 13:57:39,133 - INFO - ⏳ No improvement. Patience: 3/50
2026-04-28 14:01:56,517 - INFO - [Epoch 69] Train Loss: 0.0002 | LR: 0.000073
2026-04-28 14:01:56,517 - INFO -     >>> Val Avg RMSE (Real): 1059.5910
2026-04-28 14:01:56,517 - INFO -     >>> Val MAE Details: ['768.7650']
2026-04-28 14:01:56,517 - INFO - ⏳ No improvement. Patience: 4/50
2026-04-28 14:06:13,802 - INFO - [Epoch 70] Train Loss: 0.0002 | LR: 0.000073
2026-04-28 14:06:13,802 - INFO -     >>> Val Avg RMSE (Real): 941.9482
2026-04-28 14:06:13,802 - INFO -     >>> Val MAE Details: ['610.2399']
2026-04-28 14:06:13,802 - INFO - ⏳ No improvement. Patience: 5/50
2026-04-28 14:10:31,881 - INFO - [Epoch 71] Train Loss: 0.0002 | LR: 0.000072
2026-04-28 14:10:31,881 - INFO -     >>> Val Avg RMSE (Real): 2117.0022
2026-04-28 14:10:31,881 - INFO -     >>> Val MAE Details: ['1809.9719']
2026-04-28 14:10:31,881 - INFO - ⏳ No improvement. Patience: 6/50
2026-04-28 14:14:49,129 - INFO - [Epoch 72] Train Loss: 0.0002 | LR: 0.000071
2026-04-28 14:14:49,129 - INFO -     >>> Val Avg RMSE (Real): 1470.4772
2026-04-28 14:14:49,129 - INFO -     >>> Val MAE Details: ['1202.8850']
2026-04-28 14:14:49,129 - INFO - ⏳ No improvement. Patience: 7/50
2026-04-28 14:19:05,383 - INFO - [Epoch 73] Train Loss: 0.0002 | LR: 0.000071
2026-04-28 14:19:05,384 - INFO -     >>> Val Avg RMSE (Real): 1022.9319
2026-04-28 14:19:05,384 - INFO -     >>> Val MAE Details: ['637.5380']
2026-04-28 14:19:05,384 - INFO - ⏳ No improvement. Patience: 8/50
2026-04-28 14:23:23,882 - INFO - [Epoch 74] Train Loss: 0.0002 | LR: 0.000070
2026-04-28 14:23:23,882 - INFO -     >>> Val Avg RMSE (Real): 918.6067
2026-04-28 14:23:23,882 - INFO -     >>> Val MAE Details: ['600.8380']
2026-04-28 14:23:23,882 - INFO - ⏳ No improvement. Patience: 9/50
2026-04-28 14:27:40,892 - INFO - [Epoch 75] Train Loss: 0.0002 | LR: 0.000069
2026-04-28 14:27:40,892 - INFO -     >>> Val Avg RMSE (Real): 1066.7477
2026-04-28 14:27:40,892 - INFO -     >>> Val MAE Details: ['775.2860']
2026-04-28 14:27:40,893 - INFO - ⏳ No improvement. Patience: 10/50
2026-04-28 14:31:58,899 - INFO - [Epoch 76] Train Loss: 0.0002 | LR: 0.000068
2026-04-28 14:31:58,899 - INFO -     >>> Val Avg RMSE (Real): 1254.5075
2026-04-28 14:31:58,899 - INFO -     >>> Val MAE Details: ['874.6034']
2026-04-28 14:31:58,899 - INFO - ⏳ No improvement. Patience: 11/50
2026-04-28 14:36:16,050 - INFO - [Epoch 77] Train Loss: 0.0002 | LR: 0.000068
2026-04-28 14:36:16,050 - INFO -     >>> Val Avg RMSE (Real): 1382.9532
2026-04-28 14:36:16,050 - INFO -     >>> Val MAE Details: ['1086.6709']
2026-04-28 14:36:16,050 - INFO - ⏳ No improvement. Patience: 12/50
2026-04-28 14:40:32,432 - INFO - [Epoch 78] Train Loss: 0.0002 | LR: 0.000067
2026-04-28 14:40:32,432 - INFO -     >>> Val Avg RMSE (Real): 1012.8191
2026-04-28 14:40:32,433 - INFO -     >>> Val MAE Details: ['730.0494']
2026-04-28 14:40:32,433 - INFO - ⏳ No improvement. Patience: 13/50
2026-04-28 14:44:48,274 - INFO - [Epoch 79] Train Loss: 0.0002 | LR: 0.000066
2026-04-28 14:44:48,275 - INFO -     >>> Val Avg RMSE (Real): 978.0962
2026-04-28 14:44:48,275 - INFO -     >>> Val MAE Details: ['660.1945']
2026-04-28 14:44:48,275 - INFO - ⏳ No improvement. Patience: 14/50
2026-04-28 14:49:06,475 - INFO - [Epoch 80] Train Loss: 0.0002 | LR: 0.000065
2026-04-28 14:49:06,476 - INFO -     >>> Val Avg RMSE (Real): 918.4113
2026-04-28 14:49:06,476 - INFO -     >>> Val MAE Details: ['592.1740']
2026-04-28 14:49:06,476 - INFO - ⏳ No improvement. Patience: 15/50
2026-04-28 14:53:24,237 - INFO - [Epoch 81] Train Loss: 0.0002 | LR: 0.000065
2026-04-28 14:53:24,237 - INFO -     >>> Val Avg RMSE (Real): 907.4297
2026-04-28 14:53:24,237 - INFO -     >>> Val MAE Details: ['534.7906']
2026-04-28 14:53:24,237 - INFO - ⏳ No improvement. Patience: 16/50
2026-04-28 14:57:42,949 - INFO - [Epoch 82] Train Loss: 0.0002 | LR: 0.000064
2026-04-28 14:57:42,949 - INFO -     >>> Val Avg RMSE (Real): 1162.3554
2026-04-28 14:57:42,949 - INFO -     >>> Val MAE Details: ['832.2219']
2026-04-28 14:57:42,949 - INFO - ⏳ No improvement. Patience: 17/50
2026-04-28 15:02:01,902 - INFO - [Epoch 83] Train Loss: 0.0002 | LR: 0.000063
2026-04-28 15:02:01,902 - INFO -     >>> Val Avg RMSE (Real): 1121.4273
2026-04-28 15:02:01,902 - INFO -     >>> Val MAE Details: ['780.3375']
2026-04-28 15:02:01,902 - INFO - ⏳ No improvement. Patience: 18/50
2026-04-28 15:06:55,503 - INFO - [Epoch 84] Train Loss: 0.0002 | LR: 0.000062
2026-04-28 15:06:55,503 - INFO -     >>> Val Avg RMSE (Real): 879.3014
2026-04-28 15:06:55,503 - INFO -     >>> Val MAE Details: ['555.5312']
2026-04-28 15:06:55,593 - INFO - 💾 Saved Best Model to ./logs/QMugs_repr_atomistic_graph_EquiformerV2_Task1_20260428_090018/best_model.pth
2026-04-28 15:12:02,553 - INFO - [Epoch 85] Train Loss: 0.0002 | LR: 0.000062
2026-04-28 15:12:02,553 - INFO -     >>> Val Avg RMSE (Real): 1223.2361
2026-04-28 15:12:02,553 - INFO -     >>> Val MAE Details: ['850.0834']
2026-04-28 15:12:02,553 - INFO - ⏳ No improvement. Patience: 1/50
2026-04-28 15:17:08,470 - INFO - [Epoch 86] Train Loss: 0.0002 | LR: 0.000061
2026-04-28 15:17:08,470 - INFO -     >>> Val Avg RMSE (Real): 1189.4055
2026-04-28 15:17:08,470 - INFO -     >>> Val MAE Details: ['835.6228']
2026-04-28 15:17:08,471 - INFO - ⏳ No improvement. Patience: 2/50
2026-04-28 15:22:14,945 - INFO - [Epoch 87] Train Loss: 0.0002 | LR: 0.000060
2026-04-28 15:22:14,946 - INFO -     >>> Val Avg RMSE (Real): 907.5150
2026-04-28 15:22:14,946 - INFO -     >>> Val MAE Details: ['555.7125']
2026-04-28 15:22:14,946 - INFO - ⏳ No improvement. Patience: 3/50
2026-04-28 15:27:20,785 - INFO - [Epoch 88] Train Loss: 0.0002 | LR: 0.000059
2026-04-28 15:27:20,785 - INFO -     >>> Val Avg RMSE (Real): 988.5199
2026-04-28 15:27:20,786 - INFO -     >>> Val MAE Details: ['630.2328']
2026-04-28 15:27:20,786 - INFO - ⏳ No improvement. Patience: 4/50
2026-04-28 15:32:26,027 - INFO - [Epoch 89] Train Loss: 0.0002 | LR: 0.000059
2026-04-28 15:32:26,028 - INFO -     >>> Val Avg RMSE (Real): 978.7519
2026-04-28 15:32:26,028 - INFO -     >>> Val MAE Details: ['700.7289']
2026-04-28 15:32:26,028 - INFO - ⏳ No improvement. Patience: 5/50
2026-04-28 15:37:32,120 - INFO - [Epoch 90] Train Loss: 0.0002 | LR: 0.000058
2026-04-28 15:37:32,120 - INFO -     >>> Val Avg RMSE (Real): 1162.5907
2026-04-28 15:37:32,120 - INFO -     >>> Val MAE Details: ['854.9630']
2026-04-28 15:37:32,120 - INFO - ⏳ No improvement. Patience: 6/50
2026-04-28 15:42:38,886 - INFO - [Epoch 91] Train Loss: 0.0001 | LR: 0.000057
2026-04-28 15:42:38,886 - INFO -     >>> Val Avg RMSE (Real): 920.8695
2026-04-28 15:42:38,886 - INFO -     >>> Val MAE Details: ['624.4177']
2026-04-28 15:42:38,886 - INFO - ⏳ No improvement. Patience: 7/50
2026-04-28 15:47:46,162 - INFO - [Epoch 92] Train Loss: 0.0002 | LR: 0.000056
2026-04-28 15:47:46,163 - INFO -     >>> Val Avg RMSE (Real): 847.2122
2026-04-28 15:47:46,163 - INFO -     >>> Val MAE Details: ['531.8644']
2026-04-28 15:47:46,242 - INFO - 💾 Saved Best Model to ./logs/QMugs_repr_atomistic_graph_EquiformerV2_Task1_20260428_090018/best_model.pth
2026-04-28 15:52:53,565 - INFO - [Epoch 93] Train Loss: 0.0001 | LR: 0.000055
2026-04-28 15:52:53,566 - INFO -     >>> Val Avg RMSE (Real): 792.9000
2026-04-28 15:52:53,566 - INFO -     >>> Val MAE Details: ['492.8151']
2026-04-28 15:52:53,675 - INFO - 💾 Saved Best Model to ./logs/QMugs_repr_atomistic_graph_EquiformerV2_Task1_20260428_090018/best_model.pth
2026-04-28 15:58:00,780 - INFO - [Epoch 94] Train Loss: 0.0001 | LR: 0.000055
2026-04-28 15:58:00,781 - INFO -     >>> Val Avg RMSE (Real): 1044.5636
2026-04-28 15:58:00,781 - INFO -     >>> Val MAE Details: ['722.4030']
2026-04-28 15:58:00,781 - INFO - ⏳ No improvement. Patience: 1/50
2026-04-28 16:03:06,127 - INFO - [Epoch 95] Train Loss: 0.0001 | LR: 0.000054
2026-04-28 16:03:06,127 - INFO -     >>> Val Avg RMSE (Real): 1821.2582
2026-04-28 16:03:06,127 - INFO -     >>> Val MAE Details: ['1165.6134']
2026-04-28 16:03:06,127 - INFO - ⏳ No improvement. Patience: 2/50
2026-04-28 16:08:30,349 - INFO - [Epoch 96] Train Loss: 0.0001 | LR: 0.000053
2026-04-28 16:08:30,350 - INFO -     >>> Val Avg RMSE (Real): 850.6705
2026-04-28 16:08:30,350 - INFO -     >>> Val MAE Details: ['534.0081']
2026-04-28 16:08:30,350 - INFO - ⏳ No improvement. Patience: 3/50
2026-04-28 16:14:20,031 - INFO - [Epoch 97] Train Loss: 0.0001 | LR: 0.000052
2026-04-28 16:14:20,031 - INFO -     >>> Val Avg RMSE (Real): 1317.8655
2026-04-28 16:14:20,031 - INFO -     >>> Val MAE Details: ['1020.5771']
2026-04-28 16:14:20,031 - INFO - ⏳ No improvement. Patience: 4/50
2026-04-28 16:20:20,736 - INFO - [Epoch 98] Train Loss: 0.0001 | LR: 0.000052
2026-04-28 16:20:20,736 - INFO -     >>> Val Avg RMSE (Real): 965.1363
2026-04-28 16:20:20,736 - INFO -     >>> Val MAE Details: ['655.3276']
2026-04-28 16:20:20,737 - INFO - ⏳ No improvement. Patience: 5/50
2026-04-28 16:25:42,502 - INFO - [Epoch 99] Train Loss: 0.0001 | LR: 0.000051
2026-04-28 16:25:42,502 - INFO -     >>> Val Avg RMSE (Real): 941.3471
2026-04-28 16:25:42,502 - INFO -     >>> Val MAE Details: ['623.9522']
2026-04-28 16:25:42,503 - INFO - ⏳ No improvement. Patience: 6/50
2026-04-28 16:30:46,694 - INFO - [Epoch 100] Train Loss: 0.0002 | LR: 0.000050
2026-04-28 16:30:46,694 - INFO -     >>> Val Avg RMSE (Real): 1222.6019
2026-04-28 16:30:46,694 - INFO -     >>> Val MAE Details: ['978.8906']
2026-04-28 16:30:46,694 - INFO - ⏳ No improvement. Patience: 7/50
2026-04-28 16:35:47,387 - INFO - [Epoch 101] Train Loss: 0.0001 | LR: 0.000049
2026-04-28 16:35:47,387 - INFO -     >>> Val Avg RMSE (Real): 1037.4662
2026-04-28 16:35:47,387 - INFO -     >>> Val MAE Details: ['716.8697']
2026-04-28 16:35:47,388 - INFO - ⏳ No improvement. Patience: 8/50
2026-04-28 16:40:48,579 - INFO - [Epoch 102] Train Loss: 0.0001 | LR: 0.000048
2026-04-28 16:40:48,579 - INFO -     >>> Val Avg RMSE (Real): 896.3987
2026-04-28 16:40:48,579 - INFO -     >>> Val MAE Details: ['596.5717']
2026-04-28 16:40:48,579 - INFO - ⏳ No improvement. Patience: 9/50
2026-04-28 16:45:48,714 - INFO - [Epoch 103] Train Loss: 0.0001 | LR: 0.000048
2026-04-28 16:45:48,714 - INFO -     >>> Val Avg RMSE (Real): 1091.6012
2026-04-28 16:45:48,714 - INFO -     >>> Val MAE Details: ['791.3179']
2026-04-28 16:45:48,714 - INFO - ⏳ No improvement. Patience: 10/50
2026-04-28 16:50:49,072 - INFO - [Epoch 104] Train Loss: 0.0001 | LR: 0.000047
2026-04-28 16:50:49,072 - INFO -     >>> Val Avg RMSE (Real): 1505.7440
2026-04-28 16:50:49,072 - INFO -     >>> Val MAE Details: ['1236.5928']
2026-04-28 16:50:49,072 - INFO - ⏳ No improvement. Patience: 11/50
2026-04-28 16:55:53,437 - INFO - [Epoch 105] Train Loss: 0.0002 | LR: 0.000046
2026-04-28 16:55:53,438 - INFO -     >>> Val Avg RMSE (Real): 1030.6299
2026-04-28 16:55:53,438 - INFO -     >>> Val MAE Details: ['812.1577']
2026-04-28 16:55:53,438 - INFO - ⏳ No improvement. Patience: 12/50
2026-04-28 17:00:59,131 - INFO - [Epoch 106] Train Loss: 0.0001 | LR: 0.000045
2026-04-28 17:00:59,131 - INFO -     >>> Val Avg RMSE (Real): 1402.3945
2026-04-28 17:00:59,131 - INFO -     >>> Val MAE Details: ['1163.8048']
2026-04-28 17:00:59,131 - INFO - ⏳ No improvement. Patience: 13/50
2026-04-28 17:06:05,132 - INFO - [Epoch 107] Train Loss: 0.0001 | LR: 0.000045
2026-04-28 17:06:05,132 - INFO -     >>> Val Avg RMSE (Real): 802.7888
2026-04-28 17:06:05,132 - INFO -     >>> Val MAE Details: ['515.0688']
2026-04-28 17:06:05,132 - INFO - ⏳ No improvement. Patience: 14/50
2026-04-28 17:11:09,860 - INFO - [Epoch 108] Train Loss: 0.0001 | LR: 0.000044
2026-04-28 17:11:09,860 - INFO -     >>> Val Avg RMSE (Real): 1001.0484
2026-04-28 17:11:09,860 - INFO -     >>> Val MAE Details: ['654.6456']
2026-04-28 17:11:09,860 - INFO - ⏳ No improvement. Patience: 15/50
2026-04-28 17:16:15,189 - INFO - [Epoch 109] Train Loss: 0.0001 | LR: 0.000043
2026-04-28 17:16:15,189 - INFO -     >>> Val Avg RMSE (Real): 1011.1024
2026-04-28 17:16:15,190 - INFO -     >>> Val MAE Details: ['690.4097']
2026-04-28 17:16:15,190 - INFO - ⏳ No improvement. Patience: 16/50
2026-04-28 17:21:21,256 - INFO - [Epoch 110] Train Loss: 0.0001 | LR: 0.000042
2026-04-28 17:21:21,257 - INFO -     >>> Val Avg RMSE (Real): 2884.7971
2026-04-28 17:21:21,257 - INFO -     >>> Val MAE Details: ['2549.5942']
2026-04-28 17:21:21,257 - INFO - ⏳ No improvement. Patience: 17/50
2026-04-28 17:25:35,073 - INFO - [Epoch 111] Train Loss: 0.0001 | LR: 0.000041
2026-04-28 17:25:35,073 - INFO -     >>> Val Avg RMSE (Real): 1128.6563
2026-04-28 17:25:35,073 - INFO -     >>> Val MAE Details: ['885.4098']
2026-04-28 17:25:35,073 - INFO - ⏳ No improvement. Patience: 18/50
2026-04-28 17:29:48,397 - INFO - [Epoch 112] Train Loss: 0.0001 | LR: 0.000041
2026-04-28 17:29:48,397 - INFO -     >>> Val Avg RMSE (Real): 860.3655
2026-04-28 17:29:48,397 - INFO -     >>> Val MAE Details: ['591.3388']
2026-04-28 17:29:48,397 - INFO - ⏳ No improvement. Patience: 19/50
2026-04-28 17:34:02,452 - INFO - [Epoch 113] Train Loss: 0.0001 | LR: 0.000040
2026-04-28 17:34:02,452 - INFO -     >>> Val Avg RMSE (Real): 954.8590
2026-04-28 17:34:02,452 - INFO -     >>> Val MAE Details: ['666.5556']
2026-04-28 17:34:02,452 - INFO - ⏳ No improvement. Patience: 20/50
2026-04-28 17:38:16,589 - INFO - [Epoch 114] Train Loss: 0.0001 | LR: 0.000039
2026-04-28 17:38:16,589 - INFO -     >>> Val Avg RMSE (Real): 1446.0733
2026-04-28 17:38:16,589 - INFO -     >>> Val MAE Details: ['915.9650']
2026-04-28 17:38:16,590 - INFO - ⏳ No improvement. Patience: 21/50
2026-04-28 17:42:28,081 - INFO - [Epoch 115] Train Loss: 0.0001 | LR: 0.000038
2026-04-28 17:42:28,082 - INFO -     >>> Val Avg RMSE (Real): 778.7768
2026-04-28 17:42:28,082 - INFO -     >>> Val MAE Details: ['489.6032']
2026-04-28 17:42:28,170 - INFO - 💾 Saved Best Model to ./logs/QMugs_repr_atomistic_graph_EquiformerV2_Task1_20260428_090018/best_model.pth
2026-04-28 17:46:42,471 - INFO - [Epoch 116] Train Loss: 0.0001 | LR: 0.000038
2026-04-28 17:46:42,471 - INFO -     >>> Val Avg RMSE (Real): 802.9840
2026-04-28 17:46:42,472 - INFO -     >>> Val MAE Details: ['515.3724']
2026-04-28 17:46:42,472 - INFO - ⏳ No improvement. Patience: 1/50
2026-04-28 17:50:56,902 - INFO - [Epoch 117] Train Loss: 0.0001 | LR: 0.000037
2026-04-28 17:50:56,903 - INFO -     >>> Val Avg RMSE (Real): 847.7775
2026-04-28 17:50:56,903 - INFO -     >>> Val MAE Details: ['499.2315']
2026-04-28 17:50:56,903 - INFO - ⏳ No improvement. Patience: 2/50
2026-04-28 17:55:11,923 - INFO - [Epoch 118] Train Loss: 0.0001 | LR: 0.000036
2026-04-28 17:55:11,923 - INFO -     >>> Val Avg RMSE (Real): 996.9945
2026-04-28 17:55:11,923 - INFO -     >>> Val MAE Details: ['764.0129']
2026-04-28 17:55:11,923 - INFO - ⏳ No improvement. Patience: 3/50
2026-04-28 17:59:22,808 - INFO - [Epoch 119] Train Loss: 0.0001 | LR: 0.000035
2026-04-28 17:59:22,808 - INFO -     >>> Val Avg RMSE (Real): 1388.5853
2026-04-28 17:59:22,808 - INFO -     >>> Val MAE Details: ['1093.1282']
2026-04-28 17:59:22,808 - INFO - ⏳ No improvement. Patience: 4/50
2026-04-28 18:03:35,217 - INFO - [Epoch 120] Train Loss: 0.0001 | LR: 0.000035
2026-04-28 18:03:35,217 - INFO -     >>> Val Avg RMSE (Real): 780.7337
2026-04-28 18:03:35,217 - INFO -     >>> Val MAE Details: ['506.8026']
2026-04-28 18:03:35,217 - INFO - ⏳ No improvement. Patience: 5/50
2026-04-28 18:07:45,962 - INFO - [Epoch 121] Train Loss: 0.0001 | LR: 0.000034
2026-04-28 18:07:45,963 - INFO -     >>> Val Avg RMSE (Real): 833.5112
2026-04-28 18:07:45,963 - INFO -     >>> Val MAE Details: ['507.5695']
2026-04-28 18:07:45,963 - INFO - ⏳ No improvement. Patience: 6/50
2026-04-28 18:11:55,469 - INFO - [Epoch 122] Train Loss: 0.0001 | LR: 0.000033
2026-04-28 18:11:55,470 - INFO -     >>> Val Avg RMSE (Real): 785.1422
2026-04-28 18:11:55,470 - INFO -     >>> Val MAE Details: ['504.0147']
2026-04-28 18:11:55,470 - INFO - ⏳ No improvement. Patience: 7/50
2026-04-28 18:16:02,712 - INFO - [Epoch 123] Train Loss: 0.0001 | LR: 0.000032
2026-04-28 18:16:02,712 - INFO -     >>> Val Avg RMSE (Real): 1002.3939
2026-04-28 18:16:02,712 - INFO -     >>> Val MAE Details: ['773.8418']
2026-04-28 18:16:02,712 - INFO - ⏳ No improvement. Patience: 8/50
2026-04-28 18:20:13,723 - INFO - [Epoch 124] Train Loss: 0.0001 | LR: 0.000032
2026-04-28 18:20:13,723 - INFO -     >>> Val Avg RMSE (Real): 809.2687
2026-04-28 18:20:13,723 - INFO -     >>> Val MAE Details: ['505.6188']
2026-04-28 18:20:13,723 - INFO - ⏳ No improvement. Patience: 9/50
2026-04-28 18:24:24,336 - INFO - [Epoch 125] Train Loss: 0.0001 | LR: 0.000031
2026-04-28 18:24:24,337 - INFO -     >>> Val Avg RMSE (Real): 937.6701
2026-04-28 18:24:24,337 - INFO -     >>> Val MAE Details: ['692.2158']
2026-04-28 18:24:24,337 - INFO - ⏳ No improvement. Patience: 10/50
2026-04-28 18:28:34,500 - INFO - [Epoch 126] Train Loss: 0.0001 | LR: 0.000030
2026-04-28 18:28:34,500 - INFO -     >>> Val Avg RMSE (Real): 845.1261
2026-04-28 18:28:34,500 - INFO -     >>> Val MAE Details: ['550.9432']
2026-04-28 18:28:34,500 - INFO - ⏳ No improvement. Patience: 11/50
2026-04-28 18:32:46,587 - INFO - [Epoch 127] Train Loss: 0.0001 | LR: 0.000029
2026-04-28 18:32:46,587 - INFO -     >>> Val Avg RMSE (Real): 769.2634
2026-04-28 18:32:46,587 - INFO -     >>> Val MAE Details: ['474.1852']
2026-04-28 18:32:46,780 - INFO - 💾 Saved Best Model to ./logs/QMugs_repr_atomistic_graph_EquiformerV2_Task1_20260428_090018/best_model.pth
2026-04-28 18:37:01,086 - INFO - [Epoch 128] Train Loss: 0.0001 | LR: 0.000029
2026-04-28 18:37:01,086 - INFO -     >>> Val Avg RMSE (Real): 932.6892
2026-04-28 18:37:01,086 - INFO -     >>> Val MAE Details: ['653.2719']
2026-04-28 18:37:01,086 - INFO - ⏳ No improvement. Patience: 1/50
2026-04-28 18:41:11,773 - INFO - [Epoch 129] Train Loss: 0.0001 | LR: 0.000028
2026-04-28 18:41:11,773 - INFO -     >>> Val Avg RMSE (Real): 1594.9212
2026-04-28 18:41:11,773 - INFO -     >>> Val MAE Details: ['1336.0786']
2026-04-28 18:41:11,773 - INFO - ⏳ No improvement. Patience: 2/50
2026-04-28 18:45:22,600 - INFO - [Epoch 130] Train Loss: 0.0001 | LR: 0.000027
2026-04-28 18:45:22,600 - INFO -     >>> Val Avg RMSE (Real): 978.9407
2026-04-28 18:45:22,600 - INFO -     >>> Val MAE Details: ['680.1710']
2026-04-28 18:45:22,600 - INFO - ⏳ No improvement. Patience: 3/50
2026-04-28 18:49:34,014 - INFO - [Epoch 131] Train Loss: 0.0001 | LR: 0.000027
2026-04-28 18:49:34,014 - INFO -     >>> Val Avg RMSE (Real): 797.4302
2026-04-28 18:49:34,015 - INFO -     >>> Val MAE Details: ['507.0447']
2026-04-28 18:49:34,015 - INFO - ⏳ No improvement. Patience: 4/50
2026-04-28 18:53:46,520 - INFO - [Epoch 132] Train Loss: 0.0001 | LR: 0.000026
2026-04-28 18:53:46,520 - INFO -     >>> Val Avg RMSE (Real): 792.6414
2026-04-28 18:53:46,521 - INFO -     >>> Val MAE Details: ['500.4565']
2026-04-28 18:53:46,521 - INFO - ⏳ No improvement. Patience: 5/50
2026-04-28 18:57:55,739 - INFO - [Epoch 133] Train Loss: 0.0001 | LR: 0.000025
2026-04-28 18:57:55,739 - INFO -     >>> Val Avg RMSE (Real): 1067.9667
2026-04-28 18:57:55,739 - INFO -     >>> Val MAE Details: ['780.5275']
2026-04-28 18:57:55,739 - INFO - ⏳ No improvement. Patience: 6/50
2026-04-28 19:02:05,455 - INFO - [Epoch 134] Train Loss: 0.0001 | LR: 0.000025
2026-04-28 19:02:05,455 - INFO -     >>> Val Avg RMSE (Real): 816.5432
2026-04-28 19:02:05,455 - INFO -     >>> Val MAE Details: ['534.1973']
2026-04-28 19:02:05,455 - INFO - ⏳ No improvement. Patience: 7/50
2026-04-28 19:06:14,481 - INFO - [Epoch 135] Train Loss: 0.0001 | LR: 0.000024
2026-04-28 19:06:14,481 - INFO -     >>> Val Avg RMSE (Real): 893.2257
2026-04-28 19:06:14,481 - INFO -     >>> Val MAE Details: ['540.6038']
2026-04-28 19:06:14,481 - INFO - ⏳ No improvement. Patience: 8/50
2026-04-28 19:10:23,528 - INFO - [Epoch 136] Train Loss: 0.0001 | LR: 0.000023
2026-04-28 19:10:23,528 - INFO -     >>> Val Avg RMSE (Real): 926.1201
2026-04-28 19:10:23,528 - INFO -     >>> Val MAE Details: ['627.2944']
2026-04-28 19:10:23,528 - INFO - ⏳ No improvement. Patience: 9/50
2026-04-28 19:14:34,426 - INFO - [Epoch 137] Train Loss: 0.0001 | LR: 0.000023
2026-04-28 19:14:34,426 - INFO -     >>> Val Avg RMSE (Real): 805.8098
2026-04-28 19:14:34,426 - INFO -     >>> Val MAE Details: ['549.5822']
2026-04-28 19:14:34,426 - INFO - ⏳ No improvement. Patience: 10/50
2026-04-28 19:18:44,920 - INFO - [Epoch 138] Train Loss: 0.0001 | LR: 0.000022
2026-04-28 19:18:44,920 - INFO -     >>> Val Avg RMSE (Real): 842.8795
2026-04-28 19:18:44,920 - INFO -     >>> Val MAE Details: ['551.5732']
2026-04-28 19:18:44,920 - INFO - ⏳ No improvement. Patience: 11/50
2026-04-28 19:22:57,728 - INFO - [Epoch 139] Train Loss: 0.0001 | LR: 0.000021
2026-04-28 19:22:57,729 - INFO -     >>> Val Avg RMSE (Real): 1000.8387
2026-04-28 19:22:57,729 - INFO -     >>> Val MAE Details: ['740.3596']
2026-04-28 19:22:57,729 - INFO - ⏳ No improvement. Patience: 12/50
2026-04-28 19:27:08,846 - INFO - [Epoch 140] Train Loss: 0.0001 | LR: 0.000021
2026-04-28 19:27:08,847 - INFO -     >>> Val Avg RMSE (Real): 914.0089
2026-04-28 19:27:08,847 - INFO -     >>> Val MAE Details: ['610.0607']
2026-04-28 19:27:08,847 - INFO - ⏳ No improvement. Patience: 13/50
2026-04-28 19:31:21,361 - INFO - [Epoch 141] Train Loss: 0.0001 | LR: 0.000020
2026-04-28 19:31:21,361 - INFO -     >>> Val Avg RMSE (Real): 872.5144
2026-04-28 19:31:21,361 - INFO -     >>> Val MAE Details: ['588.0563']
2026-04-28 19:31:21,361 - INFO - ⏳ No improvement. Patience: 14/50
2026-04-28 19:35:31,705 - INFO - [Epoch 142] Train Loss: 0.0001 | LR: 0.000019
2026-04-28 19:35:31,706 - INFO -     >>> Val Avg RMSE (Real): 776.9453
2026-04-28 19:35:31,706 - INFO -     >>> Val MAE Details: ['470.1589']
2026-04-28 19:35:31,706 - INFO - ⏳ No improvement. Patience: 15/50
2026-04-28 19:39:43,670 - INFO - [Epoch 143] Train Loss: 0.0001 | LR: 0.000019
2026-04-28 19:39:43,670 - INFO -     >>> Val Avg RMSE (Real): 943.3795
2026-04-28 19:39:43,670 - INFO -     >>> Val MAE Details: ['696.1373']
2026-04-28 19:39:43,670 - INFO - ⏳ No improvement. Patience: 16/50
2026-04-28 19:43:53,658 - INFO - [Epoch 144] Train Loss: 0.0001 | LR: 0.000018
2026-04-28 19:43:53,658 - INFO -     >>> Val Avg RMSE (Real): 766.4145
2026-04-28 19:43:53,658 - INFO -     >>> Val MAE Details: ['465.3633']
2026-04-28 19:43:53,745 - INFO - 💾 Saved Best Model to ./logs/QMugs_repr_atomistic_graph_EquiformerV2_Task1_20260428_090018/best_model.pth
2026-04-28 19:48:05,406 - INFO - [Epoch 145] Train Loss: 0.0001 | LR: 0.000018
2026-04-28 19:48:05,406 - INFO -     >>> Val Avg RMSE (Real): 815.2244
2026-04-28 19:48:05,406 - INFO -     >>> Val MAE Details: ['545.4822']
2026-04-28 19:48:05,406 - INFO - ⏳ No improvement. Patience: 1/50
2026-04-28 19:52:19,276 - INFO - [Epoch 146] Train Loss: 0.0001 | LR: 0.000017
2026-04-28 19:52:19,276 - INFO -     >>> Val Avg RMSE (Real): 768.7291
2026-04-28 19:52:19,276 - INFO -     >>> Val MAE Details: ['500.6784']
2026-04-28 19:52:19,276 - INFO - ⏳ No improvement. Patience: 2/50
2026-04-28 19:56:31,104 - INFO - [Epoch 147] Train Loss: 0.0001 | LR: 0.000016
2026-04-28 19:56:31,104 - INFO -     >>> Val Avg RMSE (Real): 763.8958
2026-04-28 19:56:31,104 - INFO -     >>> Val MAE Details: ['472.2271']
2026-04-28 19:56:31,191 - INFO - 💾 Saved Best Model to ./logs/QMugs_repr_atomistic_graph_EquiformerV2_Task1_20260428_090018/best_model.pth
2026-04-28 20:00:41,605 - INFO - [Epoch 148] Train Loss: 0.0001 | LR: 0.000016
2026-04-28 20:00:41,605 - INFO -     >>> Val Avg RMSE (Real): 803.2142
2026-04-28 20:00:41,605 - INFO -     >>> Val MAE Details: ['476.7478']
2026-04-28 20:00:41,605 - INFO - ⏳ No improvement. Patience: 1/50
2026-04-28 20:04:52,173 - INFO - [Epoch 149] Train Loss: 0.0001 | LR: 0.000015
2026-04-28 20:04:52,174 - INFO -     >>> Val Avg RMSE (Real): 952.2913
2026-04-28 20:04:52,174 - INFO -     >>> Val MAE Details: ['671.3828']
2026-04-28 20:04:52,174 - INFO - ⏳ No improvement. Patience: 2/50
2026-04-28 20:09:02,446 - INFO - [Epoch 150] Train Loss: 0.0001 | LR: 0.000015
2026-04-28 20:09:02,447 - INFO -     >>> Val Avg RMSE (Real): 795.5387
2026-04-28 20:09:02,447 - INFO -     >>> Val MAE Details: ['511.1841']
2026-04-28 20:09:02,447 - INFO - ⏳ No improvement. Patience: 3/50
2026-04-28 20:13:13,369 - INFO - [Epoch 151] Train Loss: 0.0001 | LR: 0.000014
2026-04-28 20:13:13,370 - INFO -     >>> Val Avg RMSE (Real): 795.0108
2026-04-28 20:13:13,370 - INFO -     >>> Val MAE Details: ['481.3571']
2026-04-28 20:13:13,370 - INFO - ⏳ No improvement. Patience: 4/50
2026-04-28 20:17:24,176 - INFO - [Epoch 152] Train Loss: 0.0001 | LR: 0.000014
2026-04-28 20:17:24,176 - INFO -     >>> Val Avg RMSE (Real): 778.5703
2026-04-28 20:17:24,177 - INFO -     >>> Val MAE Details: ['484.2074']
2026-04-28 20:17:24,177 - INFO - ⏳ No improvement. Patience: 5/50
2026-04-28 20:21:34,695 - INFO - [Epoch 153] Train Loss: 0.0001 | LR: 0.000013
2026-04-28 20:21:34,695 - INFO -     >>> Val Avg RMSE (Real): 790.0791
2026-04-28 20:21:34,695 - INFO -     >>> Val MAE Details: ['465.0295']
2026-04-28 20:21:34,695 - INFO - ⏳ No improvement. Patience: 6/50
2026-04-28 20:25:46,092 - INFO - [Epoch 154] Train Loss: 0.0001 | LR: 0.000012
2026-04-28 20:25:46,093 - INFO -     >>> Val Avg RMSE (Real): 760.7562
2026-04-28 20:25:46,093 - INFO -     >>> Val MAE Details: ['486.1344']
2026-04-28 20:25:46,180 - INFO - 💾 Saved Best Model to ./logs/QMugs_repr_atomistic_graph_EquiformerV2_Task1_20260428_090018/best_model.pth
2026-04-28 20:30:00,723 - INFO - [Epoch 155] Train Loss: 0.0001 | LR: 0.000012
2026-04-28 20:30:00,723 - INFO -     >>> Val Avg RMSE (Real): 802.1284
2026-04-28 20:30:00,723 - INFO -     >>> Val MAE Details: ['511.5943']
2026-04-28 20:30:00,723 - INFO - ⏳ No improvement. Patience: 1/50
2026-04-28 20:34:12,779 - INFO - [Epoch 156] Train Loss: 0.0001 | LR: 0.000011
2026-04-28 20:34:12,779 - INFO -     >>> Val Avg RMSE (Real): 758.0963
2026-04-28 20:34:12,779 - INFO -     >>> Val MAE Details: ['479.9852']
2026-04-28 20:34:12,866 - INFO - 💾 Saved Best Model to ./logs/QMugs_repr_atomistic_graph_EquiformerV2_Task1_20260428_090018/best_model.pth
2026-04-28 20:38:24,216 - INFO - [Epoch 157] Train Loss: 0.0001 | LR: 0.000011
2026-04-28 20:38:24,216 - INFO -     >>> Val Avg RMSE (Real): 753.9018
2026-04-28 20:38:24,216 - INFO -     >>> Val MAE Details: ['479.8361']
2026-04-28 20:38:24,304 - INFO - 💾 Saved Best Model to ./logs/QMugs_repr_atomistic_graph_EquiformerV2_Task1_20260428_090018/best_model.pth
2026-04-28 20:42:36,982 - INFO - [Epoch 158] Train Loss: 0.0001 | LR: 0.000010
2026-04-28 20:42:36,982 - INFO -     >>> Val Avg RMSE (Real): 855.3591
2026-04-28 20:42:36,982 - INFO -     >>> Val MAE Details: ['567.4119']
2026-04-28 20:42:36,982 - INFO - ⏳ No improvement. Patience: 1/50
2026-04-28 20:46:48,929 - INFO - [Epoch 159] Train Loss: 0.0001 | LR: 0.000010
2026-04-28 20:46:48,929 - INFO -     >>> Val Avg RMSE (Real): 791.3141
2026-04-28 20:46:48,929 - INFO -     >>> Val MAE Details: ['466.4868']
2026-04-28 20:46:48,929 - INFO - ⏳ No improvement. Patience: 2/50
2026-04-28 20:51:04,870 - INFO - [Epoch 160] Train Loss: 0.0001 | LR: 0.000010
2026-04-28 20:51:04,870 - INFO -     >>> Val Avg RMSE (Real): 785.6938
2026-04-28 20:51:04,870 - INFO -     >>> Val MAE Details: ['480.3389']
2026-04-28 20:51:04,870 - INFO - ⏳ No improvement. Patience: 3/50
2026-04-28 20:55:19,050 - INFO - [Epoch 161] Train Loss: 0.0001 | LR: 0.000009
2026-04-28 20:55:19,050 - INFO -     >>> Val Avg RMSE (Real): 779.3985
2026-04-28 20:55:19,050 - INFO -     >>> Val MAE Details: ['471.7749']
2026-04-28 20:55:19,050 - INFO - ⏳ No improvement. Patience: 4/50
2026-04-28 20:59:27,208 - INFO - [Epoch 162] Train Loss: 0.0001 | LR: 0.000009
2026-04-28 20:59:27,209 - INFO -     >>> Val Avg RMSE (Real): 765.1417
2026-04-28 20:59:27,209 - INFO -     >>> Val MAE Details: ['469.1299']
2026-04-28 20:59:27,209 - INFO - ⏳ No improvement. Patience: 5/50
2026-04-28 21:03:37,590 - INFO - [Epoch 163] Train Loss: 0.0001 | LR: 0.000008
2026-04-28 21:03:37,590 - INFO -     >>> Val Avg RMSE (Real): 765.6374
2026-04-28 21:03:37,590 - INFO -     >>> Val MAE Details: ['504.0067']
2026-04-28 21:03:37,590 - INFO - ⏳ No improvement. Patience: 6/50
2026-04-28 21:07:49,695 - INFO - [Epoch 164] Train Loss: 0.0001 | LR: 0.000008
2026-04-28 21:07:49,695 - INFO -     >>> Val Avg RMSE (Real): 765.5274
2026-04-28 21:07:49,696 - INFO -     >>> Val MAE Details: ['504.8712']
2026-04-28 21:07:49,696 - INFO - ⏳ No improvement. Patience: 7/50
2026-04-28 21:12:01,390 - INFO - [Epoch 165] Train Loss: 0.0001 | LR: 0.000007
2026-04-28 21:12:01,391 - INFO -     >>> Val Avg RMSE (Real): 775.0267
2026-04-28 21:12:01,391 - INFO -     >>> Val MAE Details: ['517.2853']
2026-04-28 21:12:01,391 - INFO - ⏳ No improvement. Patience: 8/50
2026-04-28 21:16:12,376 - INFO - [Epoch 166] Train Loss: 0.0001 | LR: 0.000007
2026-04-28 21:16:12,377 - INFO -     >>> Val Avg RMSE (Real): 754.7612
2026-04-28 21:16:12,377 - INFO -     >>> Val MAE Details: ['483.4924']
2026-04-28 21:16:12,377 - INFO - ⏳ No improvement. Patience: 9/50
2026-04-28 21:20:21,979 - INFO - [Epoch 167] Train Loss: 0.0001 | LR: 0.000007
2026-04-28 21:20:21,979 - INFO -     >>> Val Avg RMSE (Real): 760.2661
2026-04-28 21:20:21,979 - INFO -     >>> Val MAE Details: ['464.3566']
2026-04-28 21:20:21,979 - INFO - ⏳ No improvement. Patience: 10/50
2026-04-28 21:24:32,294 - INFO - [Epoch 168] Train Loss: 0.0001 | LR: 0.000006
2026-04-28 21:24:32,294 - INFO -     >>> Val Avg RMSE (Real): 782.9512
2026-04-28 21:24:32,294 - INFO -     >>> Val MAE Details: ['496.0306']
2026-04-28 21:24:32,294 - INFO - ⏳ No improvement. Patience: 11/50
2026-04-28 21:28:45,884 - INFO - [Epoch 169] Train Loss: 0.0001 | LR: 0.000006
2026-04-28 21:28:45,885 - INFO -     >>> Val Avg RMSE (Real): 795.9102
2026-04-28 21:28:45,885 - INFO -     >>> Val MAE Details: ['531.2462']
2026-04-28 21:28:45,885 - INFO - ⏳ No improvement. Patience: 12/50
2026-04-28 21:33:00,597 - INFO - [Epoch 170] Train Loss: 0.0001 | LR: 0.000005
2026-04-28 21:33:00,597 - INFO -     >>> Val Avg RMSE (Real): 742.2918
2026-04-28 21:33:00,597 - INFO -     >>> Val MAE Details: ['464.5613']
2026-04-28 21:33:00,789 - INFO - 💾 Saved Best Model to ./logs/QMugs_repr_atomistic_graph_EquiformerV2_Task1_20260428_090018/best_model.pth
2026-04-28 21:37:15,304 - INFO - [Epoch 171] Train Loss: 0.0001 | LR: 0.000005
2026-04-28 21:37:15,304 - INFO -     >>> Val Avg RMSE (Real): 741.5180
2026-04-28 21:37:15,304 - INFO -     >>> Val MAE Details: ['463.2234']
2026-04-28 21:37:15,392 - INFO - 💾 Saved Best Model to ./logs/QMugs_repr_atomistic_graph_EquiformerV2_Task1_20260428_090018/best_model.pth
2026-04-28 21:41:26,921 - INFO - [Epoch 172] Train Loss: 0.0001 | LR: 0.000005
2026-04-28 21:41:26,922 - INFO -     >>> Val Avg RMSE (Real): 820.1987
2026-04-28 21:41:26,922 - INFO -     >>> Val MAE Details: ['563.0035']
2026-04-28 21:41:26,922 - INFO - ⏳ No improvement. Patience: 1/50
2026-04-28 21:45:40,457 - INFO - [Epoch 173] Train Loss: 0.0001 | LR: 0.000004
2026-04-28 21:45:40,457 - INFO -     >>> Val Avg RMSE (Real): 771.0751
2026-04-28 21:45:40,457 - INFO -     >>> Val MAE Details: ['472.4940']
2026-04-28 21:45:40,457 - INFO - ⏳ No improvement. Patience: 2/50
2026-04-28 21:49:57,630 - INFO - [Epoch 174] Train Loss: 0.0001 | LR: 0.000004
2026-04-28 21:49:57,631 - INFO -     >>> Val Avg RMSE (Real): 746.6398
2026-04-28 21:49:57,631 - INFO -     >>> Val MAE Details: ['484.6845']
2026-04-28 21:49:57,631 - INFO - ⏳ No improvement. Patience: 3/50
2026-04-28 21:54:11,020 - INFO - [Epoch 175] Train Loss: 0.0001 | LR: 0.000004
2026-04-28 21:54:11,021 - INFO -     >>> Val Avg RMSE (Real): 782.7890
2026-04-28 21:54:11,021 - INFO -     >>> Val MAE Details: ['507.3558']
2026-04-28 21:54:11,021 - INFO - ⏳ No improvement. Patience: 4/50
2026-04-28 21:58:22,057 - INFO - [Epoch 176] Train Loss: 0.0001 | LR: 0.000004
2026-04-28 21:58:22,057 - INFO -     >>> Val Avg RMSE (Real): 808.9994
2026-04-28 21:58:22,057 - INFO -     >>> Val MAE Details: ['494.0417']
2026-04-28 21:58:22,057 - INFO - ⏳ No improvement. Patience: 5/50
2026-04-28 22:02:34,821 - INFO - [Epoch 177] Train Loss: 0.0001 | LR: 0.000003
2026-04-28 22:02:34,821 - INFO -     >>> Val Avg RMSE (Real): 766.1300
2026-04-28 22:02:34,821 - INFO -     >>> Val MAE Details: ['463.7432']
2026-04-28 22:02:34,821 - INFO - ⏳ No improvement. Patience: 6/50
2026-04-28 22:06:48,340 - INFO - [Epoch 178] Train Loss: 0.0001 | LR: 0.000003
2026-04-28 22:06:48,340 - INFO -     >>> Val Avg RMSE (Real): 753.9214
2026-04-28 22:06:48,341 - INFO -     >>> Val MAE Details: ['471.3566']
2026-04-28 22:06:48,341 - INFO - ⏳ No improvement. Patience: 7/50
2026-04-28 22:11:00,090 - INFO - [Epoch 179] Train Loss: 0.0001 | LR: 0.000003
2026-04-28 22:11:00,090 - INFO -     >>> Val Avg RMSE (Real): 794.4898
2026-04-28 22:11:00,090 - INFO -     >>> Val MAE Details: ['524.5869']
2026-04-28 22:11:00,090 - INFO - ⏳ No improvement. Patience: 8/50
2026-04-28 22:15:10,839 - INFO - [Epoch 180] Train Loss: 0.0001 | LR: 0.000002
2026-04-28 22:15:10,839 - INFO -     >>> Val Avg RMSE (Real): 753.0536
2026-04-28 22:15:10,839 - INFO -     >>> Val MAE Details: ['473.7690']
2026-04-28 22:15:10,839 - INFO - ⏳ No improvement. Patience: 9/50
2026-04-28 22:19:23,764 - INFO - [Epoch 181] Train Loss: 0.0001 | LR: 0.000002
2026-04-28 22:19:23,764 - INFO -     >>> Val Avg RMSE (Real): 763.2160
2026-04-28 22:19:23,764 - INFO -     >>> Val MAE Details: ['457.6460']
2026-04-28 22:19:23,764 - INFO - ⏳ No improvement. Patience: 10/50
2026-04-28 22:23:37,958 - INFO - [Epoch 182] Train Loss: 0.0001 | LR: 0.000002
2026-04-28 22:23:37,958 - INFO -     >>> Val Avg RMSE (Real): 748.3820
2026-04-28 22:23:37,958 - INFO -     >>> Val MAE Details: ['478.1540']
2026-04-28 22:23:37,958 - INFO - ⏳ No improvement. Patience: 11/50
2026-04-28 22:27:50,229 - INFO - [Epoch 183] Train Loss: 0.0001 | LR: 0.000002
2026-04-28 22:27:50,230 - INFO -     >>> Val Avg RMSE (Real): 743.8415
2026-04-28 22:27:50,230 - INFO -     >>> Val MAE Details: ['467.0211']
2026-04-28 22:27:50,230 - INFO - ⏳ No improvement. Patience: 12/50
2026-04-28 22:32:02,499 - INFO - [Epoch 184] Train Loss: 0.0001 | LR: 0.000002
2026-04-28 22:32:02,499 - INFO -     >>> Val Avg RMSE (Real): 758.6909
2026-04-28 22:32:02,499 - INFO -     >>> Val MAE Details: ['474.5576']
2026-04-28 22:32:02,499 - INFO - ⏳ No improvement. Patience: 13/50
2026-04-28 22:36:16,774 - INFO - [Epoch 185] Train Loss: 0.0001 | LR: 0.000001
2026-04-28 22:36:16,774 - INFO -     >>> Val Avg RMSE (Real): 754.3306
2026-04-28 22:36:16,774 - INFO -     >>> Val MAE Details: ['454.7621']
2026-04-28 22:36:16,774 - INFO - ⏳ No improvement. Patience: 14/50
2026-04-28 22:40:26,881 - INFO - [Epoch 186] Train Loss: 0.0001 | LR: 0.000001
2026-04-28 22:40:26,881 - INFO -     >>> Val Avg RMSE (Real): 761.0485
2026-04-28 22:40:26,881 - INFO -     >>> Val MAE Details: ['493.7514']
2026-04-28 22:40:26,881 - INFO - ⏳ No improvement. Patience: 15/50
2026-04-28 22:44:39,376 - INFO - [Epoch 187] Train Loss: 0.0001 | LR: 0.000001
2026-04-28 22:44:39,377 - INFO -     >>> Val Avg RMSE (Real): 741.5686
2026-04-28 22:44:39,377 - INFO -     >>> Val MAE Details: ['467.1292']
2026-04-28 22:44:39,377 - INFO - ⏳ No improvement. Patience: 16/50
2026-04-28 22:48:50,091 - INFO - [Epoch 188] Train Loss: 0.0001 | LR: 0.000001
2026-04-28 22:48:50,091 - INFO -     >>> Val Avg RMSE (Real): 771.4416
2026-04-28 22:48:50,091 - INFO -     >>> Val MAE Details: ['483.0092']
2026-04-28 22:48:50,091 - INFO - ⏳ No improvement. Patience: 17/50
2026-04-28 22:53:01,014 - INFO - [Epoch 189] Train Loss: 0.0001 | LR: 0.000001
2026-04-28 22:53:01,014 - INFO -     >>> Val Avg RMSE (Real): 753.2837
2026-04-28 22:53:01,014 - INFO -     >>> Val MAE Details: ['459.0547']
2026-04-28 22:53:01,014 - INFO - ⏳ No improvement. Patience: 18/50
2026-04-28 22:57:12,535 - INFO - [Epoch 190] Train Loss: 0.0001 | LR: 0.000001
2026-04-28 22:57:12,535 - INFO -     >>> Val Avg RMSE (Real): 751.0090
2026-04-28 22:57:12,535 - INFO -     >>> Val MAE Details: ['465.2303']
2026-04-28 22:57:12,535 - INFO - ⏳ No improvement. Patience: 19/50
2026-04-28 23:01:26,072 - INFO - [Epoch 191] Train Loss: 0.0001 | LR: 0.000000
2026-04-28 23:01:26,072 - INFO -     >>> Val Avg RMSE (Real): 741.8542
2026-04-28 23:01:26,072 - INFO -     >>> Val MAE Details: ['461.8229']
2026-04-28 23:01:26,072 - INFO - ⏳ No improvement. Patience: 20/50
2026-04-28 23:05:38,970 - INFO - [Epoch 192] Train Loss: 0.0001 | LR: 0.000000
2026-04-28 23:05:38,971 - INFO -     >>> Val Avg RMSE (Real): 746.2568
2026-04-28 23:05:38,971 - INFO -     >>> Val MAE Details: ['465.3624']
2026-04-28 23:05:38,971 - INFO - ⏳ No improvement. Patience: 21/50
2026-04-28 23:09:48,435 - INFO - [Epoch 193] Train Loss: 0.0001 | LR: 0.000000
2026-04-28 23:09:48,436 - INFO -     >>> Val Avg RMSE (Real): 746.4887
2026-04-28 23:09:48,436 - INFO -     >>> Val MAE Details: ['459.7591']
2026-04-28 23:09:48,436 - INFO - ⏳ No improvement. Patience: 22/50
2026-04-28 23:13:59,692 - INFO - [Epoch 194] Train Loss: 0.0001 | LR: 0.000000
2026-04-28 23:13:59,692 - INFO -     >>> Val Avg RMSE (Real): 748.8043
2026-04-28 23:13:59,692 - INFO -     >>> Val MAE Details: ['469.5405']
2026-04-28 23:13:59,692 - INFO - ⏳ No improvement. Patience: 23/50
2026-04-28 23:18:11,581 - INFO - [Epoch 195] Train Loss: 0.0001 | LR: 0.000000
2026-04-28 23:18:11,581 - INFO -     >>> Val Avg RMSE (Real): 744.8880
2026-04-28 23:18:11,581 - INFO -     >>> Val MAE Details: ['460.4808']
2026-04-28 23:18:11,581 - INFO - ⏳ No improvement. Patience: 24/50
2026-04-28 23:22:24,363 - INFO - [Epoch 196] Train Loss: 0.0001 | LR: 0.000000
2026-04-28 23:22:24,363 - INFO -     >>> Val Avg RMSE (Real): 744.5193
2026-04-28 23:22:24,363 - INFO -     >>> Val MAE Details: ['460.6656']
2026-04-28 23:22:24,363 - INFO - ⏳ No improvement. Patience: 25/50
2026-04-28 23:26:36,407 - INFO - [Epoch 197] Train Loss: 0.0001 | LR: 0.000000
2026-04-28 23:26:36,407 - INFO -     >>> Val Avg RMSE (Real): 744.5750
2026-04-28 23:26:36,407 - INFO -     >>> Val MAE Details: ['460.9534']
2026-04-28 23:26:36,407 - INFO - ⏳ No improvement. Patience: 26/50
2026-04-28 23:30:49,125 - INFO - [Epoch 198] Train Loss: 0.0001 | LR: 0.000000
2026-04-28 23:30:49,125 - INFO -     >>> Val Avg RMSE (Real): 744.2879
2026-04-28 23:30:49,125 - INFO -     >>> Val MAE Details: ['460.9399']
2026-04-28 23:30:49,125 - INFO - ⏳ No improvement. Patience: 27/50
2026-04-28 23:35:01,579 - INFO - [Epoch 199] Train Loss: 0.0001 | LR: 0.000000
2026-04-28 23:35:01,579 - INFO -     >>> Val Avg RMSE (Real): 743.8811
2026-04-28 23:35:01,579 - INFO -     >>> Val MAE Details: ['461.7821']
2026-04-28 23:35:01,579 - INFO - ⏳ No improvement. Patience: 28/50
2026-04-28 23:39:12,590 - INFO - [Epoch 200] Train Loss: 0.0001 | LR: 0.000000
2026-04-28 23:39:12,590 - INFO -     >>> Val Avg RMSE (Real): 743.9091
2026-04-28 23:39:12,590 - INFO -     >>> Val MAE Details: ['461.1218']
2026-04-28 23:39:12,590 - INFO - ⏳ No improvement. Patience: 29/50
