2026-04-14 23:29:50,032 - INFO - 💾 Config files backed up to ./logs/QM9_repr_atomistic_graph_SchNet_Task1_20260414_232950
2026-04-14 23:29:50,033 - INFO - 🎯 Multi-Task Targets (1): ['mu_mD']
2026-04-14 23:29:50,033 - INFO - ========================================
2026-04-14 23:29:50,033 - INFO -         Training Configuration        
2026-04-14 23:29:50,033 - INFO - ========================================
2026-04-14 23:29:50,033 - INFO - 
{'data': {'dataset_mode': 'repr_atomistic_graph',
          'grid_size': 0.1,
          'pkl_path': '../data/qm9/qm9_ed_1024_multi_prop_Bohr.pkl',
          'targets': ['mu_mD']},
 'model': {'cutoff': 10.0,
           'hidden_channels': 128,
           'max_neighbors': 32,
           'n_interactions': 6,
           'n_rbf': 300,
           'name': 'SchNet'},
 'train': {'batch_size': 64,
           'epochs': 200,
           'grad_norm_clip': 1.0,
           'lr': 0.0001,
           'patience': 50,
           'seed': 2025,
           'weight_decay': 0.0001}}
2026-04-14 23:29:50,033 - INFO - ========================================

2026-04-14 23:29:50,033 - INFO - 🚀 Start Training on Device: cuda
2026-04-14 23:29:50,033 - INFO - Loading Data...
2026-04-14 23:29:50,033 - INFO - Loading Dataset Mode: repr_atomistic_graph...
2026-04-14 23:29:56,225 - INFO - Stats - Mean: [[2705.5703]], Std: [[1530.8763]]
2026-04-14 23:29:56,225 - INFO - Building Model: SchNet...
2026-04-14 23:29:57,704 - INFO - Total Parameters: 0.6478 M

2026-04-14 23:31:16,011 - INFO - [Epoch 1] Train Loss: 0.5504 | LR: 0.000100
2026-04-14 23:31:16,011 - INFO -     >>> Val Avg RMSE (Real): 1077.8808
2026-04-14 23:31:16,011 - INFO -     >>> Val MAE Details: ['818.3372']
2026-04-14 23:31:16,031 - INFO - 💾 Saved Best Model to ./logs/QM9_repr_atomistic_graph_SchNet_Task1_20260414_232950/best_model.pth
2026-04-14 23:32:32,804 - INFO - [Epoch 2] Train Loss: 0.4079 | LR: 0.000100
2026-04-14 23:32:32,804 - INFO -     >>> Val Avg RMSE (Real): 926.9657
2026-04-14 23:32:32,804 - INFO -     >>> Val MAE Details: ['686.3826']
2026-04-14 23:32:32,835 - INFO - 💾 Saved Best Model to ./logs/QM9_repr_atomistic_graph_SchNet_Task1_20260414_232950/best_model.pth
2026-04-14 23:33:52,365 - INFO - [Epoch 3] Train Loss: 0.3501 | LR: 0.000100
2026-04-14 23:33:52,365 - INFO -     >>> Val Avg RMSE (Real): 848.2843
2026-04-14 23:33:52,365 - INFO -     >>> Val MAE Details: ['628.8889']
2026-04-14 23:33:52,397 - INFO - 💾 Saved Best Model to ./logs/QM9_repr_atomistic_graph_SchNet_Task1_20260414_232950/best_model.pth
2026-04-14 23:35:09,939 - INFO - [Epoch 4] Train Loss: 0.3045 | LR: 0.000100
2026-04-14 23:35:09,939 - INFO -     >>> Val Avg RMSE (Real): 835.6293
2026-04-14 23:35:09,939 - INFO -     >>> Val MAE Details: ['629.7333']
2026-04-14 23:35:09,960 - INFO - 💾 Saved Best Model to ./logs/QM9_repr_atomistic_graph_SchNet_Task1_20260414_232950/best_model.pth
2026-04-14 23:36:22,850 - INFO - [Epoch 5] Train Loss: 0.2800 | LR: 0.000100
2026-04-14 23:36:22,850 - INFO -     >>> Val Avg RMSE (Real): 787.3780
2026-04-14 23:36:22,850 - INFO -     >>> Val MAE Details: ['595.5267']
2026-04-14 23:36:22,881 - INFO - 💾 Saved Best Model to ./logs/QM9_repr_atomistic_graph_SchNet_Task1_20260414_232950/best_model.pth
2026-04-14 23:37:40,666 - INFO - [Epoch 6] Train Loss: 0.2622 | LR: 0.000100
2026-04-14 23:37:40,666 - INFO -     >>> Val Avg RMSE (Real): 773.5354
2026-04-14 23:37:40,666 - INFO -     >>> Val MAE Details: ['590.9968']
2026-04-14 23:37:40,698 - INFO - 💾 Saved Best Model to ./logs/QM9_repr_atomistic_graph_SchNet_Task1_20260414_232950/best_model.pth
2026-04-14 23:38:58,464 - INFO - [Epoch 7] Train Loss: 0.2472 | LR: 0.000100
2026-04-14 23:38:58,465 - INFO -     >>> Val Avg RMSE (Real): 751.8546
2026-04-14 23:38:58,465 - INFO -     >>> Val MAE Details: ['565.0707']
2026-04-14 23:38:58,496 - INFO - 💾 Saved Best Model to ./logs/QM9_repr_atomistic_graph_SchNet_Task1_20260414_232950/best_model.pth
2026-04-14 23:40:15,033 - INFO - [Epoch 8] Train Loss: 0.2386 | LR: 0.000100
2026-04-14 23:40:15,033 - INFO -     >>> Val Avg RMSE (Real): 777.0016
2026-04-14 23:40:15,033 - INFO -     >>> Val MAE Details: ['612.1776']
2026-04-14 23:40:15,033 - INFO - ⏳ No improvement. Patience: 1/50
2026-04-14 23:41:33,325 - INFO - [Epoch 9] Train Loss: 0.2293 | LR: 0.000100
2026-04-14 23:41:33,325 - INFO -     >>> Val Avg RMSE (Real): 732.4653
2026-04-14 23:41:33,326 - INFO -     >>> Val MAE Details: ['536.1731']
2026-04-14 23:41:33,361 - INFO - 💾 Saved Best Model to ./logs/QM9_repr_atomistic_graph_SchNet_Task1_20260414_232950/best_model.pth
2026-04-14 23:42:50,527 - INFO - [Epoch 10] Train Loss: 0.2223 | LR: 0.000099
2026-04-14 23:42:50,527 - INFO -     >>> Val Avg RMSE (Real): 716.1107
2026-04-14 23:42:50,527 - INFO -     >>> Val MAE Details: ['547.5859']
2026-04-14 23:42:50,558 - INFO - 💾 Saved Best Model to ./logs/QM9_repr_atomistic_graph_SchNet_Task1_20260414_232950/best_model.pth
2026-04-14 23:44:06,990 - INFO - [Epoch 11] Train Loss: 0.2150 | LR: 0.000099
2026-04-14 23:44:06,990 - INFO -     >>> Val Avg RMSE (Real): 714.1978
2026-04-14 23:44:06,990 - INFO -     >>> Val MAE Details: ['539.7621']
2026-04-14 23:44:07,021 - INFO - 💾 Saved Best Model to ./logs/QM9_repr_atomistic_graph_SchNet_Task1_20260414_232950/best_model.pth
2026-04-14 23:45:29,459 - INFO - [Epoch 12] Train Loss: 0.2072 | LR: 0.000099
2026-04-14 23:45:29,459 - INFO -     >>> Val Avg RMSE (Real): 690.0590
2026-04-14 23:45:29,459 - INFO -     >>> Val MAE Details: ['510.3109']
2026-04-14 23:45:29,484 - INFO - 💾 Saved Best Model to ./logs/QM9_repr_atomistic_graph_SchNet_Task1_20260414_232950/best_model.pth
2026-04-14 23:46:47,574 - INFO - [Epoch 13] Train Loss: 0.1978 | LR: 0.000099
2026-04-14 23:46:47,575 - INFO -     >>> Val Avg RMSE (Real): 663.6886
2026-04-14 23:46:47,575 - INFO -     >>> Val MAE Details: ['488.2750']
2026-04-14 23:46:47,603 - INFO - 💾 Saved Best Model to ./logs/QM9_repr_atomistic_graph_SchNet_Task1_20260414_232950/best_model.pth
2026-04-14 23:48:06,867 - INFO - [Epoch 14] Train Loss: 0.1879 | LR: 0.000099
2026-04-14 23:48:06,867 - INFO -     >>> Val Avg RMSE (Real): 649.8294
2026-04-14 23:48:06,867 - INFO -     >>> Val MAE Details: ['477.4161']
2026-04-14 23:48:06,889 - INFO - 💾 Saved Best Model to ./logs/QM9_repr_atomistic_graph_SchNet_Task1_20260414_232950/best_model.pth
2026-04-14 23:49:22,783 - INFO - [Epoch 15] Train Loss: 0.1800 | LR: 0.000099
2026-04-14 23:49:22,783 - INFO -     >>> Val Avg RMSE (Real): 644.8580
2026-04-14 23:49:22,783 - INFO -     >>> Val MAE Details: ['471.0491']
2026-04-14 23:49:22,818 - INFO - 💾 Saved Best Model to ./logs/QM9_repr_atomistic_graph_SchNet_Task1_20260414_232950/best_model.pth
2026-04-14 23:50:35,926 - INFO - [Epoch 16] Train Loss: 0.1722 | LR: 0.000098
2026-04-14 23:50:35,926 - INFO -     >>> Val Avg RMSE (Real): 631.7103
2026-04-14 23:50:35,926 - INFO -     >>> Val MAE Details: ['477.3935']
2026-04-14 23:50:35,957 - INFO - 💾 Saved Best Model to ./logs/QM9_repr_atomistic_graph_SchNet_Task1_20260414_232950/best_model.pth
2026-04-14 23:51:52,795 - INFO - [Epoch 17] Train Loss: 0.1646 | LR: 0.000098
2026-04-14 23:51:52,795 - INFO -     >>> Val Avg RMSE (Real): 618.5931
2026-04-14 23:51:52,795 - INFO -     >>> Val MAE Details: ['453.5915']
2026-04-14 23:51:52,827 - INFO - 💾 Saved Best Model to ./logs/QM9_repr_atomistic_graph_SchNet_Task1_20260414_232950/best_model.pth
2026-04-14 23:53:11,267 - INFO - [Epoch 18] Train Loss: 0.1585 | LR: 0.000098
2026-04-14 23:53:11,267 - INFO -     >>> Val Avg RMSE (Real): 633.8219
2026-04-14 23:53:11,267 - INFO -     >>> Val MAE Details: ['477.3344']
2026-04-14 23:53:11,267 - INFO - ⏳ No improvement. Patience: 1/50
2026-04-14 23:54:26,512 - INFO - [Epoch 19] Train Loss: 0.1523 | LR: 0.000098
2026-04-14 23:54:26,512 - INFO -     >>> Val Avg RMSE (Real): 590.5287
2026-04-14 23:54:26,512 - INFO -     >>> Val MAE Details: ['434.9061']
2026-04-14 23:54:26,544 - INFO - 💾 Saved Best Model to ./logs/QM9_repr_atomistic_graph_SchNet_Task1_20260414_232950/best_model.pth
2026-04-14 23:55:42,737 - INFO - [Epoch 20] Train Loss: 0.1462 | LR: 0.000098
2026-04-14 23:55:42,737 - INFO -     >>> Val Avg RMSE (Real): 589.3703
2026-04-14 23:55:42,737 - INFO -     >>> Val MAE Details: ['434.8040']
2026-04-14 23:55:42,771 - INFO - 💾 Saved Best Model to ./logs/QM9_repr_atomistic_graph_SchNet_Task1_20260414_232950/best_model.pth
2026-04-14 23:57:01,803 - INFO - [Epoch 21] Train Loss: 0.1387 | LR: 0.000097
2026-04-14 23:57:01,803 - INFO -     >>> Val Avg RMSE (Real): 553.9517
2026-04-14 23:57:01,803 - INFO -     >>> Val MAE Details: ['401.4471']
2026-04-14 23:57:01,835 - INFO - 💾 Saved Best Model to ./logs/QM9_repr_atomistic_graph_SchNet_Task1_20260414_232950/best_model.pth
2026-04-14 23:58:18,969 - INFO - [Epoch 22] Train Loss: 0.1309 | LR: 0.000097
2026-04-14 23:58:18,969 - INFO -     >>> Val Avg RMSE (Real): 537.2548
2026-04-14 23:58:18,969 - INFO -     >>> Val MAE Details: ['383.7163']
2026-04-14 23:58:19,004 - INFO - 💾 Saved Best Model to ./logs/QM9_repr_atomistic_graph_SchNet_Task1_20260414_232950/best_model.pth
2026-04-14 23:59:36,848 - INFO - [Epoch 23] Train Loss: 0.1224 | LR: 0.000097
2026-04-14 23:59:36,849 - INFO -     >>> Val Avg RMSE (Real): 529.9639
2026-04-14 23:59:36,849 - INFO -     >>> Val MAE Details: ['380.3146']
2026-04-14 23:59:36,869 - INFO - 💾 Saved Best Model to ./logs/QM9_repr_atomistic_graph_SchNet_Task1_20260414_232950/best_model.pth
2026-04-15 00:00:53,494 - INFO - [Epoch 24] Train Loss: 0.1148 | LR: 0.000096
2026-04-15 00:00:53,494 - INFO -     >>> Val Avg RMSE (Real): 507.3260
2026-04-15 00:00:53,494 - INFO -     >>> Val MAE Details: ['360.5355']
2026-04-15 00:00:53,515 - INFO - 💾 Saved Best Model to ./logs/QM9_repr_atomistic_graph_SchNet_Task1_20260414_232950/best_model.pth
2026-04-15 00:02:11,895 - INFO - [Epoch 25] Train Loss: 0.1091 | LR: 0.000096
2026-04-15 00:02:11,895 - INFO -     >>> Val Avg RMSE (Real): 509.4228
2026-04-15 00:02:11,895 - INFO -     >>> Val MAE Details: ['360.5245']
2026-04-15 00:02:11,895 - INFO - ⏳ No improvement. Patience: 1/50
2026-04-15 00:03:26,983 - INFO - [Epoch 26] Train Loss: 0.1034 | LR: 0.000096
2026-04-15 00:03:26,983 - INFO -     >>> Val Avg RMSE (Real): 497.4926
2026-04-15 00:03:26,983 - INFO -     >>> Val MAE Details: ['354.0557']
2026-04-15 00:03:27,018 - INFO - 💾 Saved Best Model to ./logs/QM9_repr_atomistic_graph_SchNet_Task1_20260414_232950/best_model.pth
2026-04-15 00:04:39,856 - INFO - [Epoch 27] Train Loss: 0.0982 | LR: 0.000096
2026-04-15 00:04:39,856 - INFO -     >>> Val Avg RMSE (Real): 481.6675
2026-04-15 00:04:39,856 - INFO -     >>> Val MAE Details: ['340.8944']
2026-04-15 00:04:39,888 - INFO - 💾 Saved Best Model to ./logs/QM9_repr_atomistic_graph_SchNet_Task1_20260414_232950/best_model.pth
2026-04-15 00:05:56,988 - INFO - [Epoch 28] Train Loss: 0.0946 | LR: 0.000095
2026-04-15 00:05:56,988 - INFO -     >>> Val Avg RMSE (Real): 479.5046
2026-04-15 00:05:56,989 - INFO -     >>> Val MAE Details: ['350.6779']
2026-04-15 00:05:57,011 - INFO - 💾 Saved Best Model to ./logs/QM9_repr_atomistic_graph_SchNet_Task1_20260414_232950/best_model.pth
2026-04-15 00:07:13,727 - INFO - [Epoch 29] Train Loss: 0.0922 | LR: 0.000095
2026-04-15 00:07:13,728 - INFO -     >>> Val Avg RMSE (Real): 457.5826
2026-04-15 00:07:13,728 - INFO -     >>> Val MAE Details: ['320.9890']
2026-04-15 00:07:13,763 - INFO - 💾 Saved Best Model to ./logs/QM9_repr_atomistic_graph_SchNet_Task1_20260414_232950/best_model.pth
2026-04-15 00:08:31,354 - INFO - [Epoch 30] Train Loss: 0.0889 | LR: 0.000095
2026-04-15 00:08:31,354 - INFO -     >>> Val Avg RMSE (Real): 464.1721
2026-04-15 00:08:31,354 - INFO -     >>> Val MAE Details: ['337.2979']
2026-04-15 00:08:31,354 - INFO - ⏳ No improvement. Patience: 1/50
2026-04-15 00:09:48,011 - INFO - [Epoch 31] Train Loss: 0.0870 | LR: 0.000094
2026-04-15 00:09:48,011 - INFO -     >>> Val Avg RMSE (Real): 458.0712
2026-04-15 00:09:48,011 - INFO -     >>> Val MAE Details: ['324.4409']
2026-04-15 00:09:48,011 - INFO - ⏳ No improvement. Patience: 2/50
2026-04-15 00:11:06,686 - INFO - [Epoch 32] Train Loss: 0.0845 | LR: 0.000094
2026-04-15 00:11:06,686 - INFO -     >>> Val Avg RMSE (Real): 440.0106
2026-04-15 00:11:06,686 - INFO -     >>> Val MAE Details: ['313.2316']
2026-04-15 00:11:06,717 - INFO - 💾 Saved Best Model to ./logs/QM9_repr_atomistic_graph_SchNet_Task1_20260414_232950/best_model.pth
2026-04-15 00:12:23,274 - INFO - [Epoch 33] Train Loss: 0.0829 | LR: 0.000093
2026-04-15 00:12:23,275 - INFO -     >>> Val Avg RMSE (Real): 451.2887
2026-04-15 00:12:23,275 - INFO -     >>> Val MAE Details: ['322.1035']
2026-04-15 00:12:23,275 - INFO - ⏳ No improvement. Patience: 1/50
2026-04-15 00:13:42,009 - INFO - [Epoch 34] Train Loss: 0.0801 | LR: 0.000093
2026-04-15 00:13:42,010 - INFO -     >>> Val Avg RMSE (Real): 433.6076
2026-04-15 00:13:42,010 - INFO -     >>> Val MAE Details: ['304.5283']
2026-04-15 00:13:42,040 - INFO - 💾 Saved Best Model to ./logs/QM9_repr_atomistic_graph_SchNet_Task1_20260414_232950/best_model.pth
2026-04-15 00:15:00,122 - INFO - [Epoch 35] Train Loss: 0.0794 | LR: 0.000093
2026-04-15 00:15:00,122 - INFO -     >>> Val Avg RMSE (Real): 429.4100
2026-04-15 00:15:00,122 - INFO -     >>> Val MAE Details: ['301.4224']
2026-04-15 00:15:00,154 - INFO - 💾 Saved Best Model to ./logs/QM9_repr_atomistic_graph_SchNet_Task1_20260414_232950/best_model.pth
2026-04-15 00:16:22,219 - INFO - [Epoch 36] Train Loss: 0.0775 | LR: 0.000092
2026-04-15 00:16:22,219 - INFO -     >>> Val Avg RMSE (Real): 442.6112
2026-04-15 00:16:22,219 - INFO -     >>> Val MAE Details: ['322.9716']
2026-04-15 00:16:22,219 - INFO - ⏳ No improvement. Patience: 1/50
2026-04-15 00:17:37,001 - INFO - [Epoch 37] Train Loss: 0.0752 | LR: 0.000092
2026-04-15 00:17:37,001 - INFO -     >>> Val Avg RMSE (Real): 419.8820
2026-04-15 00:17:37,001 - INFO -     >>> Val MAE Details: ['300.2990']
2026-04-15 00:17:37,036 - INFO - 💾 Saved Best Model to ./logs/QM9_repr_atomistic_graph_SchNet_Task1_20260414_232950/best_model.pth
2026-04-15 00:18:53,743 - INFO - [Epoch 38] Train Loss: 0.0743 | LR: 0.000091
2026-04-15 00:18:53,743 - INFO -     >>> Val Avg RMSE (Real): 421.4804
2026-04-15 00:18:53,743 - INFO -     >>> Val MAE Details: ['294.5257']
2026-04-15 00:18:53,743 - INFO - ⏳ No improvement. Patience: 1/50
2026-04-15 00:20:11,737 - INFO - [Epoch 39] Train Loss: 0.0720 | LR: 0.000091
2026-04-15 00:20:11,737 - INFO -     >>> Val Avg RMSE (Real): 404.5684
2026-04-15 00:20:11,737 - INFO -     >>> Val MAE Details: ['283.5590']
2026-04-15 00:20:11,768 - INFO - 💾 Saved Best Model to ./logs/QM9_repr_atomistic_graph_SchNet_Task1_20260414_232950/best_model.pth
2026-04-15 00:21:28,976 - INFO - [Epoch 40] Train Loss: 0.0703 | LR: 0.000090
2026-04-15 00:21:28,977 - INFO -     >>> Val Avg RMSE (Real): 415.7117
2026-04-15 00:21:28,977 - INFO -     >>> Val MAE Details: ['293.3332']
2026-04-15 00:21:28,977 - INFO - ⏳ No improvement. Patience: 1/50
2026-04-15 00:22:46,937 - INFO - [Epoch 41] Train Loss: 0.0696 | LR: 0.000090
2026-04-15 00:22:46,937 - INFO -     >>> Val Avg RMSE (Real): 409.8218
2026-04-15 00:22:46,938 - INFO -     >>> Val MAE Details: ['291.2911']
2026-04-15 00:22:46,938 - INFO - ⏳ No improvement. Patience: 2/50
2026-04-15 00:24:03,295 - INFO - [Epoch 42] Train Loss: 0.0684 | LR: 0.000090
2026-04-15 00:24:03,296 - INFO -     >>> Val Avg RMSE (Real): 403.5241
2026-04-15 00:24:03,296 - INFO -     >>> Val MAE Details: ['283.7979']
2026-04-15 00:24:03,317 - INFO - 💾 Saved Best Model to ./logs/QM9_repr_atomistic_graph_SchNet_Task1_20260414_232950/best_model.pth
2026-04-15 00:25:22,571 - INFO - [Epoch 43] Train Loss: 0.0674 | LR: 0.000089
2026-04-15 00:25:22,571 - INFO -     >>> Val Avg RMSE (Real): 401.5247
2026-04-15 00:25:22,571 - INFO -     >>> Val MAE Details: ['284.6034']
2026-04-15 00:25:22,603 - INFO - 💾 Saved Best Model to ./logs/QM9_repr_atomistic_graph_SchNet_Task1_20260414_232950/best_model.pth
2026-04-15 00:26:39,458 - INFO - [Epoch 44] Train Loss: 0.0659 | LR: 0.000089
2026-04-15 00:26:39,458 - INFO -     >>> Val Avg RMSE (Real): 386.6112
2026-04-15 00:26:39,458 - INFO -     >>> Val MAE Details: ['271.7145']
2026-04-15 00:26:39,491 - INFO - 💾 Saved Best Model to ./logs/QM9_repr_atomistic_graph_SchNet_Task1_20260414_232950/best_model.pth
2026-04-15 00:27:58,674 - INFO - [Epoch 45] Train Loss: 0.0653 | LR: 0.000088
2026-04-15 00:27:58,674 - INFO -     >>> Val Avg RMSE (Real): 389.3712
2026-04-15 00:27:58,674 - INFO -     >>> Val MAE Details: ['273.2516']
2026-04-15 00:27:58,674 - INFO - ⏳ No improvement. Patience: 1/50
2026-04-15 00:29:14,992 - INFO - [Epoch 46] Train Loss: 0.0640 | LR: 0.000088
2026-04-15 00:29:14,992 - INFO -     >>> Val Avg RMSE (Real): 388.0464
2026-04-15 00:29:14,992 - INFO -     >>> Val MAE Details: ['268.2795']
2026-04-15 00:29:14,992 - INFO - ⏳ No improvement. Patience: 2/50
2026-04-15 00:30:33,790 - INFO - [Epoch 47] Train Loss: 0.0636 | LR: 0.000087
2026-04-15 00:30:33,790 - INFO -     >>> Val Avg RMSE (Real): 404.7424
2026-04-15 00:30:33,790 - INFO -     >>> Val MAE Details: ['294.4857']
2026-04-15 00:30:33,790 - INFO - ⏳ No improvement. Patience: 3/50
2026-04-15 00:31:46,060 - INFO - [Epoch 48] Train Loss: 0.0626 | LR: 0.000086
2026-04-15 00:31:46,060 - INFO -     >>> Val Avg RMSE (Real): 387.9083
2026-04-15 00:31:46,060 - INFO -     >>> Val MAE Details: ['266.8386']
2026-04-15 00:31:46,061 - INFO - ⏳ No improvement. Patience: 4/50
2026-04-15 00:33:02,309 - INFO - [Epoch 49] Train Loss: 0.0618 | LR: 0.000086
2026-04-15 00:33:02,309 - INFO -     >>> Val Avg RMSE (Real): 388.8192
2026-04-15 00:33:02,310 - INFO -     >>> Val MAE Details: ['270.7684']
2026-04-15 00:33:02,310 - INFO - ⏳ No improvement. Patience: 5/50
2026-04-15 00:34:20,101 - INFO - [Epoch 50] Train Loss: 0.0609 | LR: 0.000085
2026-04-15 00:34:20,102 - INFO -     >>> Val Avg RMSE (Real): 380.2438
2026-04-15 00:34:20,102 - INFO -     >>> Val MAE Details: ['262.1710']
2026-04-15 00:34:20,123 - INFO - 💾 Saved Best Model to ./logs/QM9_repr_atomistic_graph_SchNet_Task1_20260414_232950/best_model.pth
2026-04-15 00:35:36,891 - INFO - [Epoch 51] Train Loss: 0.0602 | LR: 0.000085
2026-04-15 00:35:36,892 - INFO -     >>> Val Avg RMSE (Real): 388.7049
2026-04-15 00:35:36,892 - INFO -     >>> Val MAE Details: ['267.0877']
2026-04-15 00:35:36,892 - INFO - ⏳ No improvement. Patience: 1/50
2026-04-15 00:36:56,943 - INFO - [Epoch 52] Train Loss: 0.0598 | LR: 0.000084
2026-04-15 00:36:56,943 - INFO -     >>> Val Avg RMSE (Real): 398.2484
2026-04-15 00:36:56,943 - INFO -     >>> Val MAE Details: ['289.3679']
2026-04-15 00:36:56,943 - INFO - ⏳ No improvement. Patience: 2/50
2026-04-15 00:38:12,705 - INFO - [Epoch 53] Train Loss: 0.0592 | LR: 0.000084
2026-04-15 00:38:12,705 - INFO -     >>> Val Avg RMSE (Real): 376.3579
2026-04-15 00:38:12,705 - INFO -     >>> Val MAE Details: ['262.3044']
2026-04-15 00:38:12,736 - INFO - 💾 Saved Best Model to ./logs/QM9_repr_atomistic_graph_SchNet_Task1_20260414_232950/best_model.pth
2026-04-15 00:39:31,918 - INFO - [Epoch 54] Train Loss: 0.0583 | LR: 0.000083
2026-04-15 00:39:31,919 - INFO -     >>> Val Avg RMSE (Real): 396.3827
2026-04-15 00:39:31,919 - INFO -     >>> Val MAE Details: ['284.3487']
2026-04-15 00:39:31,919 - INFO - ⏳ No improvement. Patience: 1/50
2026-04-15 00:40:48,351 - INFO - [Epoch 55] Train Loss: 0.0584 | LR: 0.000082
2026-04-15 00:40:48,352 - INFO -     >>> Val Avg RMSE (Real): 377.1238
2026-04-15 00:40:48,352 - INFO -     >>> Val MAE Details: ['256.9221']
2026-04-15 00:40:48,352 - INFO - ⏳ No improvement. Patience: 2/50
2026-04-15 00:42:06,119 - INFO - [Epoch 56] Train Loss: 0.0576 | LR: 0.000082
2026-04-15 00:42:06,120 - INFO -     >>> Val Avg RMSE (Real): 385.1898
2026-04-15 00:42:06,120 - INFO -     >>> Val MAE Details: ['260.4876']
2026-04-15 00:42:06,120 - INFO - ⏳ No improvement. Patience: 3/50
2026-04-15 00:43:23,517 - INFO - [Epoch 57] Train Loss: 0.0567 | LR: 0.000081
2026-04-15 00:43:23,517 - INFO -     >>> Val Avg RMSE (Real): 366.0231
2026-04-15 00:43:23,526 - INFO -     >>> Val MAE Details: ['251.0560']
2026-04-15 00:43:23,552 - INFO - 💾 Saved Best Model to ./logs/QM9_repr_atomistic_graph_SchNet_Task1_20260414_232950/best_model.pth
2026-04-15 00:44:42,631 - INFO - [Epoch 58] Train Loss: 0.0565 | LR: 0.000081
2026-04-15 00:44:42,631 - INFO -     >>> Val Avg RMSE (Real): 366.7890
2026-04-15 00:44:42,631 - INFO -     >>> Val MAE Details: ['256.5362']
2026-04-15 00:44:42,632 - INFO - ⏳ No improvement. Patience: 1/50
2026-04-15 00:45:53,462 - INFO - [Epoch 59] Train Loss: 0.0558 | LR: 0.000080
2026-04-15 00:45:53,463 - INFO -     >>> Val Avg RMSE (Real): 379.0491
2026-04-15 00:45:53,463 - INFO -     >>> Val MAE Details: ['266.7372']
2026-04-15 00:45:53,463 - INFO - ⏳ No improvement. Patience: 2/50
2026-04-15 00:47:09,715 - INFO - [Epoch 60] Train Loss: 0.0549 | LR: 0.000079
2026-04-15 00:47:09,715 - INFO -     >>> Val Avg RMSE (Real): 377.6494
2026-04-15 00:47:09,715 - INFO -     >>> Val MAE Details: ['263.4650']
2026-04-15 00:47:09,715 - INFO - ⏳ No improvement. Patience: 3/50
2026-04-15 00:48:27,933 - INFO - [Epoch 61] Train Loss: 0.0547 | LR: 0.000079
2026-04-15 00:48:27,933 - INFO -     >>> Val Avg RMSE (Real): 373.7785
2026-04-15 00:48:27,933 - INFO -     >>> Val MAE Details: ['260.3748']
2026-04-15 00:48:27,933 - INFO - ⏳ No improvement. Patience: 4/50
2026-04-15 00:49:44,929 - INFO - [Epoch 62] Train Loss: 0.0539 | LR: 0.000078
2026-04-15 00:49:44,929 - INFO -     >>> Val Avg RMSE (Real): 370.4410
2026-04-15 00:49:44,929 - INFO -     >>> Val MAE Details: ['255.3617']
2026-04-15 00:49:44,929 - INFO - ⏳ No improvement. Patience: 5/50
2026-04-15 00:51:03,814 - INFO - [Epoch 63] Train Loss: 0.0536 | LR: 0.000077
2026-04-15 00:51:03,814 - INFO -     >>> Val Avg RMSE (Real): 372.3041
2026-04-15 00:51:03,814 - INFO -     >>> Val MAE Details: ['264.9955']
2026-04-15 00:51:03,814 - INFO - ⏳ No improvement. Patience: 6/50
2026-04-15 00:52:20,790 - INFO - [Epoch 64] Train Loss: 0.0533 | LR: 0.000077
2026-04-15 00:52:20,790 - INFO -     >>> Val Avg RMSE (Real): 359.6809
2026-04-15 00:52:20,790 - INFO -     >>> Val MAE Details: ['247.8045']
2026-04-15 00:52:20,821 - INFO - 💾 Saved Best Model to ./logs/QM9_repr_atomistic_graph_SchNet_Task1_20260414_232950/best_model.pth
2026-04-15 00:53:39,003 - INFO - [Epoch 65] Train Loss: 0.0526 | LR: 0.000076
2026-04-15 00:53:39,004 - INFO -     >>> Val Avg RMSE (Real): 360.8667
2026-04-15 00:53:39,004 - INFO -     >>> Val MAE Details: ['247.0247']
2026-04-15 00:53:39,004 - INFO - ⏳ No improvement. Patience: 1/50
2026-04-15 00:54:54,869 - INFO - [Epoch 66] Train Loss: 0.0524 | LR: 0.000075
2026-04-15 00:54:54,869 - INFO -     >>> Val Avg RMSE (Real): 360.6354
2026-04-15 00:54:54,869 - INFO -     >>> Val MAE Details: ['248.8246']
2026-04-15 00:54:54,869 - INFO - ⏳ No improvement. Patience: 2/50
2026-04-15 00:56:13,608 - INFO - [Epoch 67] Train Loss: 0.0515 | LR: 0.000075
2026-04-15 00:56:13,608 - INFO -     >>> Val Avg RMSE (Real): 355.9624
2026-04-15 00:56:13,608 - INFO -     >>> Val MAE Details: ['245.8554']
2026-04-15 00:56:13,629 - INFO - 💾 Saved Best Model to ./logs/QM9_repr_atomistic_graph_SchNet_Task1_20260414_232950/best_model.pth
2026-04-15 00:57:31,045 - INFO - [Epoch 68] Train Loss: 0.0511 | LR: 0.000074
2026-04-15 00:57:31,045 - INFO -     >>> Val Avg RMSE (Real): 392.3962
2026-04-15 00:57:31,045 - INFO -     >>> Val MAE Details: ['291.9874']
2026-04-15 00:57:31,045 - INFO - ⏳ No improvement. Patience: 1/50
2026-04-15 00:58:48,876 - INFO - [Epoch 69] Train Loss: 0.0509 | LR: 0.000073
2026-04-15 00:58:48,876 - INFO -     >>> Val Avg RMSE (Real): 357.6134
2026-04-15 00:58:48,876 - INFO -     >>> Val MAE Details: ['243.9728']
2026-04-15 00:58:48,876 - INFO - ⏳ No improvement. Patience: 2/50
2026-04-15 00:59:59,773 - INFO - [Epoch 70] Train Loss: 0.0506 | LR: 0.000073
2026-04-15 00:59:59,773 - INFO -     >>> Val Avg RMSE (Real): 363.8693
2026-04-15 00:59:59,773 - INFO -     >>> Val MAE Details: ['250.3790']
2026-04-15 00:59:59,773 - INFO - ⏳ No improvement. Patience: 3/50
2026-04-15 01:01:15,088 - INFO - [Epoch 71] Train Loss: 0.0503 | LR: 0.000072
2026-04-15 01:01:15,088 - INFO -     >>> Val Avg RMSE (Real): 352.0009
2026-04-15 01:01:15,088 - INFO -     >>> Val MAE Details: ['242.3293']
2026-04-15 01:01:15,123 - INFO - 💾 Saved Best Model to ./logs/QM9_repr_atomistic_graph_SchNet_Task1_20260414_232950/best_model.pth
2026-04-15 01:02:33,786 - INFO - [Epoch 72] Train Loss: 0.0495 | LR: 0.000071
2026-04-15 01:02:33,786 - INFO -     >>> Val Avg RMSE (Real): 355.3157
2026-04-15 01:02:33,786 - INFO -     >>> Val MAE Details: ['248.6011']
2026-04-15 01:02:33,786 - INFO - ⏳ No improvement. Patience: 1/50
2026-04-15 01:03:50,900 - INFO - [Epoch 73] Train Loss: 0.0497 | LR: 0.000071
2026-04-15 01:03:50,900 - INFO -     >>> Val Avg RMSE (Real): 358.3149
2026-04-15 01:03:50,900 - INFO -     >>> Val MAE Details: ['245.9159']
2026-04-15 01:03:50,900 - INFO - ⏳ No improvement. Patience: 2/50
2026-04-15 01:05:11,409 - INFO - [Epoch 74] Train Loss: 0.0494 | LR: 0.000070
2026-04-15 01:05:11,410 - INFO -     >>> Val Avg RMSE (Real): 361.5232
2026-04-15 01:05:11,410 - INFO -     >>> Val MAE Details: ['249.9874']
2026-04-15 01:05:11,410 - INFO - ⏳ No improvement. Patience: 3/50
2026-04-15 01:06:28,623 - INFO - [Epoch 75] Train Loss: 0.0488 | LR: 0.000069
2026-04-15 01:06:28,623 - INFO -     >>> Val Avg RMSE (Real): 346.9485
2026-04-15 01:06:28,623 - INFO -     >>> Val MAE Details: ['241.2848']
2026-04-15 01:06:28,655 - INFO - 💾 Saved Best Model to ./logs/QM9_repr_atomistic_graph_SchNet_Task1_20260414_232950/best_model.pth
2026-04-15 01:07:47,862 - INFO - [Epoch 76] Train Loss: 0.0484 | LR: 0.000068
2026-04-15 01:07:47,862 - INFO -     >>> Val Avg RMSE (Real): 364.0517
2026-04-15 01:07:47,862 - INFO -     >>> Val MAE Details: ['252.9062']
2026-04-15 01:07:47,862 - INFO - ⏳ No improvement. Patience: 1/50
2026-04-15 01:09:05,192 - INFO - [Epoch 77] Train Loss: 0.0479 | LR: 0.000068
2026-04-15 01:09:05,193 - INFO -     >>> Val Avg RMSE (Real): 359.1979
2026-04-15 01:09:05,193 - INFO -     >>> Val MAE Details: ['244.6409']
2026-04-15 01:09:05,193 - INFO - ⏳ No improvement. Patience: 2/50
2026-04-15 01:10:22,379 - INFO - [Epoch 78] Train Loss: 0.0476 | LR: 0.000067
2026-04-15 01:10:22,379 - INFO -     >>> Val Avg RMSE (Real): 351.7212
2026-04-15 01:10:22,379 - INFO -     >>> Val MAE Details: ['243.0812']
2026-04-15 01:10:22,379 - INFO - ⏳ No improvement. Patience: 3/50
2026-04-15 01:11:40,996 - INFO - [Epoch 79] Train Loss: 0.0470 | LR: 0.000066
2026-04-15 01:11:40,996 - INFO -     >>> Val Avg RMSE (Real): 343.4260
2026-04-15 01:11:40,996 - INFO -     >>> Val MAE Details: ['233.9448']
2026-04-15 01:11:41,020 - INFO - 💾 Saved Best Model to ./logs/QM9_repr_atomistic_graph_SchNet_Task1_20260414_232950/best_model.pth
2026-04-15 01:12:57,579 - INFO - [Epoch 80] Train Loss: 0.0472 | LR: 0.000065
2026-04-15 01:12:57,579 - INFO -     >>> Val Avg RMSE (Real): 341.9272
2026-04-15 01:12:57,579 - INFO -     >>> Val MAE Details: ['234.9472']
2026-04-15 01:12:57,610 - INFO - 💾 Saved Best Model to ./logs/QM9_repr_atomistic_graph_SchNet_Task1_20260414_232950/best_model.pth
2026-04-15 01:14:10,335 - INFO - [Epoch 81] Train Loss: 0.0469 | LR: 0.000065
2026-04-15 01:14:10,335 - INFO -     >>> Val Avg RMSE (Real): 345.1185
2026-04-15 01:14:10,335 - INFO -     >>> Val MAE Details: ['240.2424']
2026-04-15 01:14:10,335 - INFO - ⏳ No improvement. Patience: 1/50
2026-04-15 01:15:26,355 - INFO - [Epoch 82] Train Loss: 0.0462 | LR: 0.000064
2026-04-15 01:15:26,356 - INFO -     >>> Val Avg RMSE (Real): 343.5682
2026-04-15 01:15:26,356 - INFO -     >>> Val MAE Details: ['237.7546']
2026-04-15 01:15:26,356 - INFO - ⏳ No improvement. Patience: 2/50
2026-04-15 01:16:44,659 - INFO - [Epoch 83] Train Loss: 0.0461 | LR: 0.000063
2026-04-15 01:16:44,659 - INFO -     >>> Val Avg RMSE (Real): 338.3149
2026-04-15 01:16:44,659 - INFO -     >>> Val MAE Details: ['231.5205']
2026-04-15 01:16:44,680 - INFO - 💾 Saved Best Model to ./logs/QM9_repr_atomistic_graph_SchNet_Task1_20260414_232950/best_model.pth
2026-04-15 01:18:01,518 - INFO - [Epoch 84] Train Loss: 0.0460 | LR: 0.000062
2026-04-15 01:18:01,518 - INFO -     >>> Val Avg RMSE (Real): 342.0595
2026-04-15 01:18:01,519 - INFO -     >>> Val MAE Details: ['233.5575']
2026-04-15 01:18:01,519 - INFO - ⏳ No improvement. Patience: 1/50
2026-04-15 01:19:20,322 - INFO - [Epoch 85] Train Loss: 0.0457 | LR: 0.000062
2026-04-15 01:19:20,322 - INFO -     >>> Val Avg RMSE (Real): 342.8466
2026-04-15 01:19:20,322 - INFO -     >>> Val MAE Details: ['233.8387']
2026-04-15 01:19:20,322 - INFO - ⏳ No improvement. Patience: 2/50
2026-04-15 01:20:37,118 - INFO - [Epoch 86] Train Loss: 0.0454 | LR: 0.000061
2026-04-15 01:20:37,118 - INFO -     >>> Val Avg RMSE (Real): 344.2977
2026-04-15 01:20:37,119 - INFO -     >>> Val MAE Details: ['239.5712']
2026-04-15 01:20:37,119 - INFO - ⏳ No improvement. Patience: 3/50
2026-04-15 01:21:54,953 - INFO - [Epoch 87] Train Loss: 0.0451 | LR: 0.000060
2026-04-15 01:21:54,953 - INFO -     >>> Val Avg RMSE (Real): 345.1048
2026-04-15 01:21:54,953 - INFO -     >>> Val MAE Details: ['236.5284']
2026-04-15 01:21:54,953 - INFO - ⏳ No improvement. Patience: 4/50
2026-04-15 01:23:12,424 - INFO - [Epoch 88] Train Loss: 0.0448 | LR: 0.000059
2026-04-15 01:23:12,424 - INFO -     >>> Val Avg RMSE (Real): 340.3116
2026-04-15 01:23:12,424 - INFO -     >>> Val MAE Details: ['232.3882']
2026-04-15 01:23:12,424 - INFO - ⏳ No improvement. Patience: 5/50
2026-04-15 01:24:29,159 - INFO - [Epoch 89] Train Loss: 0.0446 | LR: 0.000059
2026-04-15 01:24:29,160 - INFO -     >>> Val Avg RMSE (Real): 337.7145
2026-04-15 01:24:29,160 - INFO -     >>> Val MAE Details: ['235.8680']
2026-04-15 01:24:29,197 - INFO - 💾 Saved Best Model to ./logs/QM9_repr_atomistic_graph_SchNet_Task1_20260414_232950/best_model.pth
2026-04-15 01:25:48,451 - INFO - [Epoch 90] Train Loss: 0.0443 | LR: 0.000058
2026-04-15 01:25:48,451 - INFO -     >>> Val Avg RMSE (Real): 341.3080
2026-04-15 01:25:48,451 - INFO -     >>> Val MAE Details: ['234.6675']
2026-04-15 01:25:48,451 - INFO - ⏳ No improvement. Patience: 1/50
2026-04-15 01:27:05,715 - INFO - [Epoch 91] Train Loss: 0.0440 | LR: 0.000057
2026-04-15 01:27:05,715 - INFO -     >>> Val Avg RMSE (Real): 359.8929
2026-04-15 01:27:05,715 - INFO -     >>> Val MAE Details: ['250.2829']
2026-04-15 01:27:05,715 - INFO - ⏳ No improvement. Patience: 2/50
2026-04-15 01:28:18,151 - INFO - [Epoch 92] Train Loss: 0.0439 | LR: 0.000056
2026-04-15 01:28:18,151 - INFO -     >>> Val Avg RMSE (Real): 342.5194
2026-04-15 01:28:18,151 - INFO -     >>> Val MAE Details: ['235.9553']
2026-04-15 01:28:18,151 - INFO - ⏳ No improvement. Patience: 3/50
2026-04-15 01:29:33,855 - INFO - [Epoch 93] Train Loss: 0.0436 | LR: 0.000055
2026-04-15 01:29:33,855 - INFO -     >>> Val Avg RMSE (Real): 338.0939
2026-04-15 01:29:33,855 - INFO -     >>> Val MAE Details: ['230.4018']
2026-04-15 01:29:33,855 - INFO - ⏳ No improvement. Patience: 4/50
2026-04-15 01:30:53,177 - INFO - [Epoch 94] Train Loss: 0.0434 | LR: 0.000055
2026-04-15 01:30:53,177 - INFO -     >>> Val Avg RMSE (Real): 328.7507
2026-04-15 01:30:53,178 - INFO -     >>> Val MAE Details: ['221.5613']
2026-04-15 01:30:53,208 - INFO - 💾 Saved Best Model to ./logs/QM9_repr_atomistic_graph_SchNet_Task1_20260414_232950/best_model.pth
2026-04-15 01:32:10,729 - INFO - [Epoch 95] Train Loss: 0.0432 | LR: 0.000054
2026-04-15 01:32:10,729 - INFO -     >>> Val Avg RMSE (Real): 346.7826
2026-04-15 01:32:10,729 - INFO -     >>> Val MAE Details: ['236.9176']
2026-04-15 01:32:10,729 - INFO - ⏳ No improvement. Patience: 1/50
2026-04-15 01:33:29,579 - INFO - [Epoch 96] Train Loss: 0.0428 | LR: 0.000053
2026-04-15 01:33:29,579 - INFO -     >>> Val Avg RMSE (Real): 342.1060
2026-04-15 01:33:29,579 - INFO -     >>> Val MAE Details: ['234.7190']
2026-04-15 01:33:29,579 - INFO - ⏳ No improvement. Patience: 2/50
2026-04-15 01:34:46,917 - INFO - [Epoch 97] Train Loss: 0.0426 | LR: 0.000052
2026-04-15 01:34:46,917 - INFO -     >>> Val Avg RMSE (Real): 342.6601
2026-04-15 01:34:46,917 - INFO -     >>> Val MAE Details: ['235.7324']
2026-04-15 01:34:46,917 - INFO - ⏳ No improvement. Patience: 3/50
2026-04-15 01:36:03,619 - INFO - [Epoch 98] Train Loss: 0.0427 | LR: 0.000052
2026-04-15 01:36:03,619 - INFO -     >>> Val Avg RMSE (Real): 338.0525
2026-04-15 01:36:03,619 - INFO -     >>> Val MAE Details: ['234.1385']
2026-04-15 01:36:03,619 - INFO - ⏳ No improvement. Patience: 4/50
2026-04-15 01:37:20,566 - INFO - [Epoch 99] Train Loss: 0.0421 | LR: 0.000051
2026-04-15 01:37:20,566 - INFO -     >>> Val Avg RMSE (Real): 329.2944
2026-04-15 01:37:20,566 - INFO -     >>> Val MAE Details: ['223.4283']
2026-04-15 01:37:20,566 - INFO - ⏳ No improvement. Patience: 5/50
2026-04-15 01:38:37,348 - INFO - [Epoch 100] Train Loss: 0.0419 | LR: 0.000050
2026-04-15 01:38:37,348 - INFO -     >>> Val Avg RMSE (Real): 333.7536
2026-04-15 01:38:37,348 - INFO -     >>> Val MAE Details: ['229.2209']
2026-04-15 01:38:37,348 - INFO - ⏳ No improvement. Patience: 6/50
2026-04-15 01:39:56,151 - INFO - [Epoch 101] Train Loss: 0.0417 | LR: 0.000049
2026-04-15 01:39:56,151 - INFO -     >>> Val Avg RMSE (Real): 330.0154
2026-04-15 01:39:56,151 - INFO -     >>> Val MAE Details: ['227.6399']
2026-04-15 01:39:56,151 - INFO - ⏳ No improvement. Patience: 7/50
2026-04-15 01:41:11,855 - INFO - [Epoch 102] Train Loss: 0.0418 | LR: 0.000048
2026-04-15 01:41:11,855 - INFO -     >>> Val Avg RMSE (Real): 333.9441
2026-04-15 01:41:11,855 - INFO -     >>> Val MAE Details: ['229.8996']
2026-04-15 01:41:11,855 - INFO - ⏳ No improvement. Patience: 8/50
2026-04-15 01:42:24,275 - INFO - [Epoch 103] Train Loss: 0.0413 | LR: 0.000048
2026-04-15 01:42:24,275 - INFO -     >>> Val Avg RMSE (Real): 332.5379
2026-04-15 01:42:24,275 - INFO -     >>> Val MAE Details: ['227.0582']
2026-04-15 01:42:24,275 - INFO - ⏳ No improvement. Patience: 9/50
2026-04-15 01:43:39,444 - INFO - [Epoch 104] Train Loss: 0.0414 | LR: 0.000047
2026-04-15 01:43:39,444 - INFO -     >>> Val Avg RMSE (Real): 334.9260
2026-04-15 01:43:39,444 - INFO -     >>> Val MAE Details: ['235.5899']
2026-04-15 01:43:39,444 - INFO - ⏳ No improvement. Patience: 10/50
2026-04-15 01:45:02,376 - INFO - [Epoch 105] Train Loss: 0.0409 | LR: 0.000046
2026-04-15 01:45:02,376 - INFO -     >>> Val Avg RMSE (Real): 336.6794
2026-04-15 01:45:02,376 - INFO -     >>> Val MAE Details: ['234.0374']
2026-04-15 01:45:02,376 - INFO - ⏳ No improvement. Patience: 11/50
2026-04-15 01:46:21,986 - INFO - [Epoch 106] Train Loss: 0.0409 | LR: 0.000045
2026-04-15 01:46:21,986 - INFO -     >>> Val Avg RMSE (Real): 333.1529
2026-04-15 01:46:21,986 - INFO -     >>> Val MAE Details: ['228.1749']
2026-04-15 01:46:21,986 - INFO - ⏳ No improvement. Patience: 12/50
2026-04-15 01:47:40,435 - INFO - [Epoch 107] Train Loss: 0.0406 | LR: 0.000045
2026-04-15 01:47:40,435 - INFO -     >>> Val Avg RMSE (Real): 323.5398
2026-04-15 01:47:40,435 - INFO -     >>> Val MAE Details: ['219.1702']
2026-04-15 01:47:40,468 - INFO - 💾 Saved Best Model to ./logs/QM9_repr_atomistic_graph_SchNet_Task1_20260414_232950/best_model.pth
2026-04-15 01:48:57,793 - INFO - [Epoch 108] Train Loss: 0.0403 | LR: 0.000044
2026-04-15 01:48:57,793 - INFO -     >>> Val Avg RMSE (Real): 322.9345
2026-04-15 01:48:57,793 - INFO -     >>> Val MAE Details: ['219.4583']
2026-04-15 01:48:57,825 - INFO - 💾 Saved Best Model to ./logs/QM9_repr_atomistic_graph_SchNet_Task1_20260414_232950/best_model.pth
2026-04-15 01:50:14,846 - INFO - [Epoch 109] Train Loss: 0.0401 | LR: 0.000043
2026-04-15 01:50:14,847 - INFO -     >>> Val Avg RMSE (Real): 332.2146
2026-04-15 01:50:14,847 - INFO -     >>> Val MAE Details: ['230.0030']
2026-04-15 01:50:14,847 - INFO - ⏳ No improvement. Patience: 1/50
2026-04-15 01:51:32,863 - INFO - [Epoch 110] Train Loss: 0.0403 | LR: 0.000042
2026-04-15 01:51:32,864 - INFO -     >>> Val Avg RMSE (Real): 341.2898
2026-04-15 01:51:32,864 - INFO -     >>> Val MAE Details: ['237.8927']
2026-04-15 01:51:32,864 - INFO - ⏳ No improvement. Patience: 2/50
2026-04-15 01:52:49,367 - INFO - [Epoch 111] Train Loss: 0.0400 | LR: 0.000041
2026-04-15 01:52:49,367 - INFO -     >>> Val Avg RMSE (Real): 347.9108
2026-04-15 01:52:49,367 - INFO -     >>> Val MAE Details: ['241.3153']
2026-04-15 01:52:49,367 - INFO - ⏳ No improvement. Patience: 3/50
2026-04-15 01:54:08,641 - INFO - [Epoch 112] Train Loss: 0.0396 | LR: 0.000041
2026-04-15 01:54:08,642 - INFO -     >>> Val Avg RMSE (Real): 330.5567
2026-04-15 01:54:08,642 - INFO -     >>> Val MAE Details: ['227.2162']
2026-04-15 01:54:08,642 - INFO - ⏳ No improvement. Patience: 4/50
2026-04-15 01:55:25,044 - INFO - [Epoch 113] Train Loss: 0.0396 | LR: 0.000040
2026-04-15 01:55:25,045 - INFO -     >>> Val Avg RMSE (Real): 332.2440
2026-04-15 01:55:25,045 - INFO -     >>> Val MAE Details: ['230.3011']
2026-04-15 01:55:25,045 - INFO - ⏳ No improvement. Patience: 5/50
2026-04-15 01:56:38,010 - INFO - [Epoch 114] Train Loss: 0.0392 | LR: 0.000039
2026-04-15 01:56:38,010 - INFO -     >>> Val Avg RMSE (Real): 329.6655
2026-04-15 01:56:38,010 - INFO -     >>> Val MAE Details: ['226.2973']
2026-04-15 01:56:38,010 - INFO - ⏳ No improvement. Patience: 6/50
2026-04-15 01:57:33,954 - INFO - [Epoch 115] Train Loss: 0.0390 | LR: 0.000038
2026-04-15 01:57:33,954 - INFO -     >>> Val Avg RMSE (Real): 322.4149
2026-04-15 01:57:33,954 - INFO -     >>> Val MAE Details: ['220.2506']
2026-04-15 01:57:33,975 - INFO - 💾 Saved Best Model to ./logs/QM9_repr_atomistic_graph_SchNet_Task1_20260414_232950/best_model.pth
2026-04-15 01:58:49,510 - INFO - [Epoch 116] Train Loss: 0.0393 | LR: 0.000038
2026-04-15 01:58:49,510 - INFO -     >>> Val Avg RMSE (Real): 325.0477
2026-04-15 01:58:49,510 - INFO -     >>> Val MAE Details: ['221.8143']
2026-04-15 01:58:49,511 - INFO - ⏳ No improvement. Patience: 1/50
2026-04-15 02:00:07,005 - INFO - [Epoch 117] Train Loss: 0.0391 | LR: 0.000037
2026-04-15 02:00:07,005 - INFO -     >>> Val Avg RMSE (Real): 325.6115
2026-04-15 02:00:07,005 - INFO -     >>> Val MAE Details: ['221.1190']
2026-04-15 02:00:07,005 - INFO - ⏳ No improvement. Patience: 2/50
2026-04-15 02:01:26,168 - INFO - [Epoch 118] Train Loss: 0.0389 | LR: 0.000036
2026-04-15 02:01:26,169 - INFO -     >>> Val Avg RMSE (Real): 322.2448
2026-04-15 02:01:26,169 - INFO -     >>> Val MAE Details: ['218.2978']
2026-04-15 02:01:26,200 - INFO - 💾 Saved Best Model to ./logs/QM9_repr_atomistic_graph_SchNet_Task1_20260414_232950/best_model.pth
2026-04-15 02:02:43,357 - INFO - [Epoch 119] Train Loss: 0.0386 | LR: 0.000035
2026-04-15 02:02:43,357 - INFO -     >>> Val Avg RMSE (Real): 325.4432
2026-04-15 02:02:43,357 - INFO -     >>> Val MAE Details: ['224.1023']
2026-04-15 02:02:43,357 - INFO - ⏳ No improvement. Patience: 1/50
2026-04-15 02:04:02,266 - INFO - [Epoch 120] Train Loss: 0.0386 | LR: 0.000035
2026-04-15 02:04:02,266 - INFO -     >>> Val Avg RMSE (Real): 319.9411
2026-04-15 02:04:02,266 - INFO -     >>> Val MAE Details: ['217.8986']
2026-04-15 02:04:02,297 - INFO - 💾 Saved Best Model to ./logs/QM9_repr_atomistic_graph_SchNet_Task1_20260414_232950/best_model.pth
2026-04-15 02:05:19,741 - INFO - [Epoch 121] Train Loss: 0.0383 | LR: 0.000034
2026-04-15 02:05:19,741 - INFO -     >>> Val Avg RMSE (Real): 335.0107
2026-04-15 02:05:19,741 - INFO -     >>> Val MAE Details: ['234.7108']
2026-04-15 02:05:19,741 - INFO - ⏳ No improvement. Patience: 1/50
2026-04-15 02:06:37,481 - INFO - [Epoch 122] Train Loss: 0.0382 | LR: 0.000033
2026-04-15 02:06:37,481 - INFO -     >>> Val Avg RMSE (Real): 318.1824
2026-04-15 02:06:37,481 - INFO -     >>> Val MAE Details: ['213.6513']
2026-04-15 02:06:37,513 - INFO - 💾 Saved Best Model to ./logs/QM9_repr_atomistic_graph_SchNet_Task1_20260414_232950/best_model.pth
2026-04-15 02:07:55,326 - INFO - [Epoch 123] Train Loss: 0.0379 | LR: 0.000032
2026-04-15 02:07:55,326 - INFO -     >>> Val Avg RMSE (Real): 322.4020
2026-04-15 02:07:55,326 - INFO -     >>> Val MAE Details: ['220.9958']
2026-04-15 02:07:55,326 - INFO - ⏳ No improvement. Patience: 1/50
2026-04-15 02:09:12,701 - INFO - [Epoch 124] Train Loss: 0.0377 | LR: 0.000032
2026-04-15 02:09:12,701 - INFO -     >>> Val Avg RMSE (Real): 319.7556
2026-04-15 02:09:12,701 - INFO -     >>> Val MAE Details: ['218.6855']
2026-04-15 02:09:12,701 - INFO - ⏳ No improvement. Patience: 2/50
2026-04-15 02:10:24,757 - INFO - [Epoch 125] Train Loss: 0.0377 | LR: 0.000031
2026-04-15 02:10:24,757 - INFO -     >>> Val Avg RMSE (Real): 318.7815
2026-04-15 02:10:24,757 - INFO -     >>> Val MAE Details: ['216.7222']
2026-04-15 02:10:24,757 - INFO - ⏳ No improvement. Patience: 3/50
2026-04-15 02:11:39,689 - INFO - [Epoch 126] Train Loss: 0.0376 | LR: 0.000030
2026-04-15 02:11:39,689 - INFO -     >>> Val Avg RMSE (Real): 320.9522
2026-04-15 02:11:39,689 - INFO -     >>> Val MAE Details: ['218.7329']
2026-04-15 02:11:39,689 - INFO - ⏳ No improvement. Patience: 4/50
2026-04-15 02:12:58,698 - INFO - [Epoch 127] Train Loss: 0.0373 | LR: 0.000029
2026-04-15 02:12:58,699 - INFO -     >>> Val Avg RMSE (Real): 323.8207
2026-04-15 02:12:58,699 - INFO -     >>> Val MAE Details: ['220.7501']
2026-04-15 02:12:58,699 - INFO - ⏳ No improvement. Patience: 5/50
2026-04-15 02:14:15,981 - INFO - [Epoch 128] Train Loss: 0.0373 | LR: 0.000029
2026-04-15 02:14:15,982 - INFO -     >>> Val Avg RMSE (Real): 315.0989
2026-04-15 02:14:15,982 - INFO -     >>> Val MAE Details: ['213.2242']
2026-04-15 02:14:16,013 - INFO - 💾 Saved Best Model to ./logs/QM9_repr_atomistic_graph_SchNet_Task1_20260414_232950/best_model.pth
2026-04-15 02:15:34,874 - INFO - [Epoch 129] Train Loss: 0.0370 | LR: 0.000028
2026-04-15 02:15:34,874 - INFO -     >>> Val Avg RMSE (Real): 318.8616
2026-04-15 02:15:34,874 - INFO -     >>> Val MAE Details: ['214.4759']
2026-04-15 02:15:34,874 - INFO - ⏳ No improvement. Patience: 1/50
2026-04-15 02:16:51,305 - INFO - [Epoch 130] Train Loss: 0.0370 | LR: 0.000027
2026-04-15 02:16:51,305 - INFO -     >>> Val Avg RMSE (Real): 318.9835
2026-04-15 02:16:51,305 - INFO -     >>> Val MAE Details: ['214.8114']
2026-04-15 02:16:51,305 - INFO - ⏳ No improvement. Patience: 2/50
2026-04-15 02:18:09,583 - INFO - [Epoch 131] Train Loss: 0.0369 | LR: 0.000027
2026-04-15 02:18:09,583 - INFO -     >>> Val Avg RMSE (Real): 318.8958
2026-04-15 02:18:09,583 - INFO -     >>> Val MAE Details: ['215.8892']
2026-04-15 02:18:09,584 - INFO - ⏳ No improvement. Patience: 3/50
2026-04-15 02:19:26,927 - INFO - [Epoch 132] Train Loss: 0.0368 | LR: 0.000026
2026-04-15 02:19:26,928 - INFO -     >>> Val Avg RMSE (Real): 318.0521
2026-04-15 02:19:26,928 - INFO -     >>> Val MAE Details: ['214.7096']
2026-04-15 02:19:26,928 - INFO - ⏳ No improvement. Patience: 4/50
2026-04-15 02:20:42,375 - INFO - [Epoch 133] Train Loss: 0.0365 | LR: 0.000025
2026-04-15 02:20:42,376 - INFO -     >>> Val Avg RMSE (Real): 314.9584
2026-04-15 02:20:42,376 - INFO -     >>> Val MAE Details: ['212.1849']
2026-04-15 02:20:42,411 - INFO - 💾 Saved Best Model to ./logs/QM9_repr_atomistic_graph_SchNet_Task1_20260414_232950/best_model.pth
2026-04-15 02:22:01,825 - INFO - [Epoch 134] Train Loss: 0.0365 | LR: 0.000025
2026-04-15 02:22:01,825 - INFO -     >>> Val Avg RMSE (Real): 315.0119
2026-04-15 02:22:01,826 - INFO -     >>> Val MAE Details: ['212.3487']
2026-04-15 02:22:01,826 - INFO - ⏳ No improvement. Patience: 1/50
2026-04-15 02:23:18,762 - INFO - [Epoch 135] Train Loss: 0.0362 | LR: 0.000024
2026-04-15 02:23:18,762 - INFO -     >>> Val Avg RMSE (Real): 315.3243
2026-04-15 02:23:18,762 - INFO -     >>> Val MAE Details: ['214.2217']
2026-04-15 02:23:18,762 - INFO - ⏳ No improvement. Patience: 2/50
2026-04-15 02:24:29,742 - INFO - [Epoch 136] Train Loss: 0.0361 | LR: 0.000023
2026-04-15 02:24:29,742 - INFO -     >>> Val Avg RMSE (Real): 321.5059
2026-04-15 02:24:29,742 - INFO -     >>> Val MAE Details: ['220.9082']
2026-04-15 02:24:29,742 - INFO - ⏳ No improvement. Patience: 3/50
2026-04-15 02:25:48,881 - INFO - [Epoch 137] Train Loss: 0.0360 | LR: 0.000023
2026-04-15 02:25:48,881 - INFO -     >>> Val Avg RMSE (Real): 315.0762
2026-04-15 02:25:48,882 - INFO -     >>> Val MAE Details: ['213.5591']
2026-04-15 02:25:48,882 - INFO - ⏳ No improvement. Patience: 4/50
2026-04-15 02:27:07,177 - INFO - [Epoch 138] Train Loss: 0.0358 | LR: 0.000022
2026-04-15 02:27:07,178 - INFO -     >>> Val Avg RMSE (Real): 314.9322
2026-04-15 02:27:07,178 - INFO -     >>> Val MAE Details: ['212.6562']
2026-04-15 02:27:07,210 - INFO - 💾 Saved Best Model to ./logs/QM9_repr_atomistic_graph_SchNet_Task1_20260414_232950/best_model.pth
2026-04-15 02:28:24,072 - INFO - [Epoch 139] Train Loss: 0.0358 | LR: 0.000021
2026-04-15 02:28:24,072 - INFO -     >>> Val Avg RMSE (Real): 319.2564
2026-04-15 02:28:24,072 - INFO -     >>> Val MAE Details: ['214.9914']
2026-04-15 02:28:24,072 - INFO - ⏳ No improvement. Patience: 1/50
2026-04-15 02:29:41,960 - INFO - [Epoch 140] Train Loss: 0.0357 | LR: 0.000021
2026-04-15 02:29:41,960 - INFO -     >>> Val Avg RMSE (Real): 309.7065
2026-04-15 02:29:41,961 - INFO -     >>> Val MAE Details: ['208.7318']
2026-04-15 02:29:41,996 - INFO - 💾 Saved Best Model to ./logs/QM9_repr_atomistic_graph_SchNet_Task1_20260414_232950/best_model.pth
2026-04-15 02:30:59,472 - INFO - [Epoch 141] Train Loss: 0.0355 | LR: 0.000020
2026-04-15 02:30:59,472 - INFO -     >>> Val Avg RMSE (Real): 313.8631
2026-04-15 02:30:59,472 - INFO -     >>> Val MAE Details: ['212.8540']
2026-04-15 02:30:59,472 - INFO - ⏳ No improvement. Patience: 1/50
2026-04-15 02:32:16,187 - INFO - [Epoch 142] Train Loss: 0.0354 | LR: 0.000019
2026-04-15 02:32:16,187 - INFO -     >>> Val Avg RMSE (Real): 318.6106
2026-04-15 02:32:16,187 - INFO -     >>> Val MAE Details: ['217.9350']
2026-04-15 02:32:16,187 - INFO - ⏳ No improvement. Patience: 2/50
2026-04-15 02:33:34,448 - INFO - [Epoch 143] Train Loss: 0.0354 | LR: 0.000019
2026-04-15 02:33:34,448 - INFO -     >>> Val Avg RMSE (Real): 315.4266
2026-04-15 02:33:34,448 - INFO -     >>> Val MAE Details: ['214.5076']
2026-04-15 02:33:34,448 - INFO - ⏳ No improvement. Patience: 3/50
2026-04-15 02:34:51,151 - INFO - [Epoch 144] Train Loss: 0.0353 | LR: 0.000018
2026-04-15 02:34:51,152 - INFO -     >>> Val Avg RMSE (Real): 317.5946
2026-04-15 02:34:51,152 - INFO -     >>> Val MAE Details: ['214.4103']
2026-04-15 02:34:51,152 - INFO - ⏳ No improvement. Patience: 4/50
2026-04-15 02:36:10,442 - INFO - [Epoch 145] Train Loss: 0.0352 | LR: 0.000018
2026-04-15 02:36:10,442 - INFO -     >>> Val Avg RMSE (Real): 316.4298
2026-04-15 02:36:10,442 - INFO -     >>> Val MAE Details: ['216.0528']
2026-04-15 02:36:10,442 - INFO - ⏳ No improvement. Patience: 5/50
2026-04-15 02:37:15,128 - INFO - [Epoch 146] Train Loss: 0.0350 | LR: 0.000017
2026-04-15 02:37:15,129 - INFO -     >>> Val Avg RMSE (Real): 316.2303
2026-04-15 02:37:15,129 - INFO -     >>> Val MAE Details: ['216.0907']
2026-04-15 02:37:15,129 - INFO - ⏳ No improvement. Patience: 6/50
2026-04-15 02:38:27,918 - INFO - [Epoch 147] Train Loss: 0.0350 | LR: 0.000016
2026-04-15 02:38:27,918 - INFO -     >>> Val Avg RMSE (Real): 312.2855
2026-04-15 02:38:27,918 - INFO -     >>> Val MAE Details: ['210.4217']
2026-04-15 02:38:27,918 - INFO - ⏳ No improvement. Patience: 7/50
2026-04-15 02:39:44,546 - INFO - [Epoch 148] Train Loss: 0.0348 | LR: 0.000016
2026-04-15 02:39:44,547 - INFO -     >>> Val Avg RMSE (Real): 310.3382
2026-04-15 02:39:44,547 - INFO -     >>> Val MAE Details: ['208.4798']
2026-04-15 02:39:44,547 - INFO - ⏳ No improvement. Patience: 8/50
2026-04-15 02:41:03,739 - INFO - [Epoch 149] Train Loss: 0.0349 | LR: 0.000015
2026-04-15 02:41:03,739 - INFO -     >>> Val Avg RMSE (Real): 309.7925
2026-04-15 02:41:03,740 - INFO -     >>> Val MAE Details: ['209.8690']
2026-04-15 02:41:03,740 - INFO - ⏳ No improvement. Patience: 9/50
2026-04-15 02:42:20,682 - INFO - [Epoch 150] Train Loss: 0.0347 | LR: 0.000015
2026-04-15 02:42:20,683 - INFO -     >>> Val Avg RMSE (Real): 314.4439
2026-04-15 02:42:20,683 - INFO -     >>> Val MAE Details: ['213.8492']
2026-04-15 02:42:20,683 - INFO - ⏳ No improvement. Patience: 10/50
2026-04-15 02:43:39,268 - INFO - [Epoch 151] Train Loss: 0.0346 | LR: 0.000014
2026-04-15 02:43:39,268 - INFO -     >>> Val Avg RMSE (Real): 309.8245
2026-04-15 02:43:39,268 - INFO -     >>> Val MAE Details: ['209.1841']
2026-04-15 02:43:39,268 - INFO - ⏳ No improvement. Patience: 11/50
2026-04-15 02:44:56,133 - INFO - [Epoch 152] Train Loss: 0.0344 | LR: 0.000014
2026-04-15 02:44:56,133 - INFO -     >>> Val Avg RMSE (Real): 311.7867
2026-04-15 02:44:56,133 - INFO -     >>> Val MAE Details: ['211.1873']
2026-04-15 02:44:56,133 - INFO - ⏳ No improvement. Patience: 12/50
2026-04-15 02:46:13,391 - INFO - [Epoch 153] Train Loss: 0.0343 | LR: 0.000013
2026-04-15 02:46:13,391 - INFO -     >>> Val Avg RMSE (Real): 309.6373
2026-04-15 02:46:13,391 - INFO -     >>> Val MAE Details: ['208.6428']
2026-04-15 02:46:13,423 - INFO - 💾 Saved Best Model to ./logs/QM9_repr_atomistic_graph_SchNet_Task1_20260414_232950/best_model.pth
2026-04-15 02:47:20,785 - INFO - [Epoch 154] Train Loss: 0.0342 | LR: 0.000012
2026-04-15 02:47:20,785 - INFO -     >>> Val Avg RMSE (Real): 308.8853
2026-04-15 02:47:20,785 - INFO -     >>> Val MAE Details: ['208.0106']
2026-04-15 02:47:20,817 - INFO - 💾 Saved Best Model to ./logs/QM9_repr_atomistic_graph_SchNet_Task1_20260414_232950/best_model.pth
2026-04-15 02:48:37,426 - INFO - [Epoch 155] Train Loss: 0.0342 | LR: 0.000012
2026-04-15 02:48:37,426 - INFO -     >>> Val Avg RMSE (Real): 310.5723
2026-04-15 02:48:37,426 - INFO -     >>> Val MAE Details: ['209.2711']
2026-04-15 02:48:37,426 - INFO - ⏳ No improvement. Patience: 1/50
2026-04-15 02:49:56,339 - INFO - [Epoch 156] Train Loss: 0.0341 | LR: 0.000011
2026-04-15 02:49:56,339 - INFO -     >>> Val Avg RMSE (Real): 309.9838
2026-04-15 02:49:56,339 - INFO -     >>> Val MAE Details: ['209.6955']
2026-04-15 02:49:56,339 - INFO - ⏳ No improvement. Patience: 2/50
2026-04-15 02:51:13,330 - INFO - [Epoch 157] Train Loss: 0.0339 | LR: 0.000011
2026-04-15 02:51:13,330 - INFO -     >>> Val Avg RMSE (Real): 312.4713
2026-04-15 02:51:13,330 - INFO -     >>> Val MAE Details: ['211.9775']
2026-04-15 02:51:13,330 - INFO - ⏳ No improvement. Patience: 3/50
2026-04-15 02:52:26,010 - INFO - [Epoch 158] Train Loss: 0.0339 | LR: 0.000010
2026-04-15 02:52:26,011 - INFO -     >>> Val Avg RMSE (Real): 311.2131
2026-04-15 02:52:26,011 - INFO -     >>> Val MAE Details: ['210.9451']
2026-04-15 02:52:26,011 - INFO - ⏳ No improvement. Patience: 4/50
2026-04-15 02:53:42,178 - INFO - [Epoch 159] Train Loss: 0.0338 | LR: 0.000010
2026-04-15 02:53:42,178 - INFO -     >>> Val Avg RMSE (Real): 310.4130
2026-04-15 02:53:42,179 - INFO -     >>> Val MAE Details: ['209.8958']
2026-04-15 02:53:42,179 - INFO - ⏳ No improvement. Patience: 5/50
2026-04-15 02:55:01,213 - INFO - [Epoch 160] Train Loss: 0.0338 | LR: 0.000010
2026-04-15 02:55:01,213 - INFO -     >>> Val Avg RMSE (Real): 307.0438
2026-04-15 02:55:01,213 - INFO -     >>> Val MAE Details: ['206.6254']
2026-04-15 02:55:01,245 - INFO - 💾 Saved Best Model to ./logs/QM9_repr_atomistic_graph_SchNet_Task1_20260414_232950/best_model.pth
2026-04-15 02:56:18,023 - INFO - [Epoch 161] Train Loss: 0.0337 | LR: 0.000009
2026-04-15 02:56:18,024 - INFO -     >>> Val Avg RMSE (Real): 306.5358
2026-04-15 02:56:18,024 - INFO -     >>> Val MAE Details: ['205.3420']
2026-04-15 02:56:18,055 - INFO - 💾 Saved Best Model to ./logs/QM9_repr_atomistic_graph_SchNet_Task1_20260414_232950/best_model.pth
2026-04-15 02:57:35,548 - INFO - [Epoch 162] Train Loss: 0.0335 | LR: 0.000009
2026-04-15 02:57:35,548 - INFO -     >>> Val Avg RMSE (Real): 309.5823
2026-04-15 02:57:35,548 - INFO -     >>> Val MAE Details: ['208.9392']
2026-04-15 02:57:35,548 - INFO - ⏳ No improvement. Patience: 1/50
2026-04-15 02:58:51,593 - INFO - [Epoch 163] Train Loss: 0.0335 | LR: 0.000008
2026-04-15 02:58:51,594 - INFO -     >>> Val Avg RMSE (Real): 308.6783
2026-04-15 02:58:51,594 - INFO -     >>> Val MAE Details: ['206.7516']
2026-04-15 02:58:51,594 - INFO - ⏳ No improvement. Patience: 2/50
2026-04-15 03:00:08,831 - INFO - [Epoch 164] Train Loss: 0.0334 | LR: 0.000008
2026-04-15 03:00:08,831 - INFO -     >>> Val Avg RMSE (Real): 309.2263
2026-04-15 03:00:08,831 - INFO -     >>> Val MAE Details: ['208.5471']
2026-04-15 03:00:08,831 - INFO - ⏳ No improvement. Patience: 3/50
2026-04-15 03:01:26,825 - INFO - [Epoch 165] Train Loss: 0.0333 | LR: 0.000007
2026-04-15 03:01:26,825 - INFO -     >>> Val Avg RMSE (Real): 310.6449
2026-04-15 03:01:26,825 - INFO -     >>> Val MAE Details: ['208.1461']
2026-04-15 03:01:26,825 - INFO - ⏳ No improvement. Patience: 4/50
2026-04-15 03:02:44,319 - INFO - [Epoch 166] Train Loss: 0.0333 | LR: 0.000007
2026-04-15 03:02:44,320 - INFO -     >>> Val Avg RMSE (Real): 306.9697
2026-04-15 03:02:44,320 - INFO -     >>> Val MAE Details: ['206.0652']
2026-04-15 03:02:44,320 - INFO - ⏳ No improvement. Patience: 5/50
2026-04-15 03:04:03,454 - INFO - [Epoch 167] Train Loss: 0.0332 | LR: 0.000007
2026-04-15 03:04:03,454 - INFO -     >>> Val Avg RMSE (Real): 305.6110
2026-04-15 03:04:03,454 - INFO -     >>> Val MAE Details: ['204.4627']
2026-04-15 03:04:03,485 - INFO - 💾 Saved Best Model to ./logs/QM9_repr_atomistic_graph_SchNet_Task1_20260414_232950/best_model.pth
2026-04-15 03:05:22,615 - INFO - [Epoch 168] Train Loss: 0.0331 | LR: 0.000006
2026-04-15 03:05:22,615 - INFO -     >>> Val Avg RMSE (Real): 306.2708
2026-04-15 03:05:22,615 - INFO -     >>> Val MAE Details: ['205.5668']
2026-04-15 03:05:22,615 - INFO - ⏳ No improvement. Patience: 1/50
2026-04-15 03:06:35,814 - INFO - [Epoch 169] Train Loss: 0.0331 | LR: 0.000006
2026-04-15 03:06:35,814 - INFO -     >>> Val Avg RMSE (Real): 306.3902
2026-04-15 03:06:35,814 - INFO -     >>> Val MAE Details: ['205.7627']
2026-04-15 03:06:35,814 - INFO - ⏳ No improvement. Patience: 2/50
2026-04-15 03:07:52,379 - INFO - [Epoch 170] Train Loss: 0.0330 | LR: 0.000005
2026-04-15 03:07:52,379 - INFO -     >>> Val Avg RMSE (Real): 308.0542
2026-04-15 03:07:52,379 - INFO -     >>> Val MAE Details: ['207.1877']
2026-04-15 03:07:52,379 - INFO - ⏳ No improvement. Patience: 3/50
2026-04-15 03:09:11,215 - INFO - [Epoch 171] Train Loss: 0.0329 | LR: 0.000005
2026-04-15 03:09:11,216 - INFO -     >>> Val Avg RMSE (Real): 306.3261
2026-04-15 03:09:11,216 - INFO -     >>> Val MAE Details: ['205.8975']
2026-04-15 03:09:11,216 - INFO - ⏳ No improvement. Patience: 4/50
2026-04-15 03:10:28,275 - INFO - [Epoch 172] Train Loss: 0.0329 | LR: 0.000005
2026-04-15 03:10:28,275 - INFO -     >>> Val Avg RMSE (Real): 307.2421
2026-04-15 03:10:28,275 - INFO -     >>> Val MAE Details: ['206.3297']
2026-04-15 03:10:28,275 - INFO - ⏳ No improvement. Patience: 5/50
2026-04-15 03:11:49,637 - INFO - [Epoch 173] Train Loss: 0.0328 | LR: 0.000004
2026-04-15 03:11:49,637 - INFO -     >>> Val Avg RMSE (Real): 305.9328
2026-04-15 03:11:49,637 - INFO -     >>> Val MAE Details: ['204.9132']
2026-04-15 03:11:49,637 - INFO - ⏳ No improvement. Patience: 6/50
2026-04-15 03:13:06,475 - INFO - [Epoch 174] Train Loss: 0.0328 | LR: 0.000004
2026-04-15 03:13:06,475 - INFO -     >>> Val Avg RMSE (Real): 306.4205
2026-04-15 03:13:06,475 - INFO -     >>> Val MAE Details: ['205.9005']
2026-04-15 03:13:06,475 - INFO - ⏳ No improvement. Patience: 7/50
2026-04-15 03:14:23,066 - INFO - [Epoch 175] Train Loss: 0.0327 | LR: 0.000004
2026-04-15 03:14:23,066 - INFO -     >>> Val Avg RMSE (Real): 306.8009
2026-04-15 03:14:23,066 - INFO -     >>> Val MAE Details: ['206.6960']
2026-04-15 03:14:23,066 - INFO - ⏳ No improvement. Patience: 8/50
2026-04-15 03:15:42,214 - INFO - [Epoch 176] Train Loss: 0.0326 | LR: 0.000004
2026-04-15 03:15:42,214 - INFO -     >>> Val Avg RMSE (Real): 305.8759
2026-04-15 03:15:42,214 - INFO -     >>> Val MAE Details: ['205.3804']
2026-04-15 03:15:42,214 - INFO - ⏳ No improvement. Patience: 9/50
2026-04-15 03:16:58,703 - INFO - [Epoch 177] Train Loss: 0.0326 | LR: 0.000003
2026-04-15 03:16:58,703 - INFO -     >>> Val Avg RMSE (Real): 305.2798
2026-04-15 03:16:58,703 - INFO -     >>> Val MAE Details: ['204.4297']
2026-04-15 03:16:58,735 - INFO - 💾 Saved Best Model to ./logs/QM9_repr_atomistic_graph_SchNet_Task1_20260414_232950/best_model.pth
2026-04-15 03:18:17,789 - INFO - [Epoch 178] Train Loss: 0.0325 | LR: 0.000003
2026-04-15 03:18:17,789 - INFO -     >>> Val Avg RMSE (Real): 305.6387
2026-04-15 03:18:17,789 - INFO -     >>> Val MAE Details: ['204.7605']
2026-04-15 03:18:17,789 - INFO - ⏳ No improvement. Patience: 1/50
2026-04-15 03:19:34,455 - INFO - [Epoch 179] Train Loss: 0.0325 | LR: 0.000003
2026-04-15 03:19:34,456 - INFO -     >>> Val Avg RMSE (Real): 305.8082
2026-04-15 03:19:34,456 - INFO -     >>> Val MAE Details: ['205.4904']
2026-04-15 03:19:34,456 - INFO - ⏳ No improvement. Patience: 2/50
2026-04-15 03:20:46,509 - INFO - [Epoch 180] Train Loss: 0.0325 | LR: 0.000002
2026-04-15 03:20:46,509 - INFO -     >>> Val Avg RMSE (Real): 305.3518
2026-04-15 03:20:46,509 - INFO -     >>> Val MAE Details: ['204.7591']
2026-04-15 03:20:46,509 - INFO - ⏳ No improvement. Patience: 3/50
2026-04-15 03:22:03,611 - INFO - [Epoch 181] Train Loss: 0.0324 | LR: 0.000002
2026-04-15 03:22:03,611 - INFO -     >>> Val Avg RMSE (Real): 305.2601
2026-04-15 03:22:03,611 - INFO -     >>> Val MAE Details: ['204.1534']
2026-04-15 03:22:03,643 - INFO - 💾 Saved Best Model to ./logs/QM9_repr_atomistic_graph_SchNet_Task1_20260414_232950/best_model.pth
2026-04-15 03:23:21,771 - INFO - [Epoch 182] Train Loss: 0.0324 | LR: 0.000002
2026-04-15 03:23:21,771 - INFO -     >>> Val Avg RMSE (Real): 306.2007
2026-04-15 03:23:21,771 - INFO -     >>> Val MAE Details: ['205.2019']
2026-04-15 03:23:21,771 - INFO - ⏳ No improvement. Patience: 1/50
2026-04-15 03:24:38,297 - INFO - [Epoch 183] Train Loss: 0.0323 | LR: 0.000002
2026-04-15 03:24:38,297 - INFO -     >>> Val Avg RMSE (Real): 305.9444
2026-04-15 03:24:38,297 - INFO -     >>> Val MAE Details: ['205.3064']
2026-04-15 03:24:38,297 - INFO - ⏳ No improvement. Patience: 2/50
2026-04-15 03:25:55,876 - INFO - [Epoch 184] Train Loss: 0.0323 | LR: 0.000002
2026-04-15 03:25:55,876 - INFO -     >>> Val Avg RMSE (Real): 305.2548
2026-04-15 03:25:55,876 - INFO -     >>> Val MAE Details: ['204.9818']
2026-04-15 03:25:55,912 - INFO - 💾 Saved Best Model to ./logs/QM9_repr_atomistic_graph_SchNet_Task1_20260414_232950/best_model.pth
2026-04-15 03:27:14,567 - INFO - [Epoch 185] Train Loss: 0.0323 | LR: 0.000001
2026-04-15 03:27:14,567 - INFO -     >>> Val Avg RMSE (Real): 305.1365
2026-04-15 03:27:14,567 - INFO -     >>> Val MAE Details: ['204.3966']
2026-04-15 03:27:14,599 - INFO - 💾 Saved Best Model to ./logs/QM9_repr_atomistic_graph_SchNet_Task1_20260414_232950/best_model.pth
2026-04-15 03:28:32,418 - INFO - [Epoch 186] Train Loss: 0.0322 | LR: 0.000001
2026-04-15 03:28:32,418 - INFO -     >>> Val Avg RMSE (Real): 305.7387
2026-04-15 03:28:32,418 - INFO -     >>> Val MAE Details: ['205.4088']
2026-04-15 03:28:32,418 - INFO - ⏳ No improvement. Patience: 1/50
2026-04-15 03:29:51,612 - INFO - [Epoch 187] Train Loss: 0.0322 | LR: 0.000001
2026-04-15 03:29:51,612 - INFO -     >>> Val Avg RMSE (Real): 304.9457
2026-04-15 03:29:51,612 - INFO -     >>> Val MAE Details: ['204.3899']
2026-04-15 03:29:51,644 - INFO - 💾 Saved Best Model to ./logs/QM9_repr_atomistic_graph_SchNet_Task1_20260414_232950/best_model.pth
2026-04-15 03:31:07,796 - INFO - [Epoch 188] Train Loss: 0.0322 | LR: 0.000001
2026-04-15 03:31:07,796 - INFO -     >>> Val Avg RMSE (Real): 304.5631
2026-04-15 03:31:07,796 - INFO -     >>> Val MAE Details: ['203.8400']
2026-04-15 03:31:07,827 - INFO - 💾 Saved Best Model to ./logs/QM9_repr_atomistic_graph_SchNet_Task1_20260414_232950/best_model.pth
2026-04-15 03:32:26,902 - INFO - [Epoch 189] Train Loss: 0.0321 | LR: 0.000001
2026-04-15 03:32:26,902 - INFO -     >>> Val Avg RMSE (Real): 304.8196
2026-04-15 03:32:26,902 - INFO -     >>> Val MAE Details: ['204.5138']
2026-04-15 03:32:26,902 - INFO - ⏳ No improvement. Patience: 1/50
2026-04-15 03:33:42,799 - INFO - [Epoch 190] Train Loss: 0.0321 | LR: 0.000001
2026-04-15 03:33:42,799 - INFO -     >>> Val Avg RMSE (Real): 305.1456
2026-04-15 03:33:42,799 - INFO -     >>> Val MAE Details: ['204.7009']
2026-04-15 03:33:42,799 - INFO - ⏳ No improvement. Patience: 2/50
2026-04-15 03:34:55,507 - INFO - [Epoch 191] Train Loss: 0.0321 | LR: 0.000000
2026-04-15 03:34:55,507 - INFO -     >>> Val Avg RMSE (Real): 304.6356
2026-04-15 03:34:55,508 - INFO -     >>> Val MAE Details: ['204.0617']
2026-04-15 03:34:55,508 - INFO - ⏳ No improvement. Patience: 3/50
2026-04-15 03:36:13,250 - INFO - [Epoch 192] Train Loss: 0.0321 | LR: 0.000000
2026-04-15 03:36:13,250 - INFO -     >>> Val Avg RMSE (Real): 304.8291
2026-04-15 03:36:13,250 - INFO -     >>> Val MAE Details: ['204.4881']
2026-04-15 03:36:13,250 - INFO - ⏳ No improvement. Patience: 4/50
2026-04-15 03:37:30,275 - INFO - [Epoch 193] Train Loss: 0.0321 | LR: 0.000000
2026-04-15 03:37:30,276 - INFO -     >>> Val Avg RMSE (Real): 304.7749
2026-04-15 03:37:30,276 - INFO -     >>> Val MAE Details: ['204.1222']
2026-04-15 03:37:30,276 - INFO - ⏳ No improvement. Patience: 5/50
2026-04-15 03:38:49,200 - INFO - [Epoch 194] Train Loss: 0.0320 | LR: 0.000000
2026-04-15 03:38:49,200 - INFO -     >>> Val Avg RMSE (Real): 304.6286
2026-04-15 03:38:49,200 - INFO -     >>> Val MAE Details: ['204.0193']
2026-04-15 03:38:49,200 - INFO - ⏳ No improvement. Patience: 6/50
2026-04-15 03:40:05,655 - INFO - [Epoch 195] Train Loss: 0.0320 | LR: 0.000000
2026-04-15 03:40:05,655 - INFO -     >>> Val Avg RMSE (Real): 304.7885
2026-04-15 03:40:05,656 - INFO -     >>> Val MAE Details: ['204.1787']
2026-04-15 03:40:05,656 - INFO - ⏳ No improvement. Patience: 7/50
2026-04-15 03:41:24,039 - INFO - [Epoch 196] Train Loss: 0.0320 | LR: 0.000000
2026-04-15 03:41:24,039 - INFO -     >>> Val Avg RMSE (Real): 304.6654
2026-04-15 03:41:24,039 - INFO -     >>> Val MAE Details: ['204.0475']
2026-04-15 03:41:24,039 - INFO - ⏳ No improvement. Patience: 8/50
2026-04-15 03:42:42,424 - INFO - [Epoch 197] Train Loss: 0.0320 | LR: 0.000000
2026-04-15 03:42:42,424 - INFO -     >>> Val Avg RMSE (Real): 304.5951
2026-04-15 03:42:42,424 - INFO -     >>> Val MAE Details: ['203.9387']
2026-04-15 03:42:42,424 - INFO - ⏳ No improvement. Patience: 9/50
2026-04-15 03:44:01,414 - INFO - [Epoch 198] Train Loss: 0.0320 | LR: 0.000000
2026-04-15 03:44:01,414 - INFO -     >>> Val Avg RMSE (Real): 304.6355
2026-04-15 03:44:01,414 - INFO -     >>> Val MAE Details: ['204.0828']
2026-04-15 03:44:01,414 - INFO - ⏳ No improvement. Patience: 10/50
2026-04-15 03:45:19,385 - INFO - [Epoch 199] Train Loss: 0.0320 | LR: 0.000000
2026-04-15 03:45:19,385 - INFO -     >>> Val Avg RMSE (Real): 304.6658
2026-04-15 03:45:19,385 - INFO -     >>> Val MAE Details: ['204.1180']
2026-04-15 03:45:19,385 - INFO - ⏳ No improvement. Patience: 11/50
2026-04-15 03:46:38,404 - INFO - [Epoch 200] Train Loss: 0.0320 | LR: 0.000000
2026-04-15 03:46:38,404 - INFO -     >>> Val Avg RMSE (Real): 304.6587
2026-04-15 03:46:38,404 - INFO -     >>> Val MAE Details: ['204.1079']
2026-04-15 03:46:38,404 - INFO - ⏳ No improvement. Patience: 12/50
