2026-04-16 16:30:34,978 - INFO - 💾 Config files backed up to ./logs/ED5_repr_hybrid_fusion_UniFieldNet1_MultiTask7_20260416_163034
2026-04-16 16:30:34,979 - INFO - 🎯 Multi-Task Targets (7): ['homo_2', 'homo_1', 'homo_0', 'lumo_0', 'lumo_1', 'lumo_2', 'lumo_3']
2026-04-16 16:30:34,979 - INFO - ========================================
2026-04-16 16:30:34,979 - INFO -         Training Configuration        
2026-04-16 16:30:34,979 - INFO - ========================================
2026-04-16 16:30:34,980 - INFO - 
{'data': {'dataset_mode': 'repr_hybrid_fusion',
          'grid_size': 0.1,
          'max_radius': 5.0,
          'pkl_path': '/home/zw/ED_all/data/ED5_OE/ed_homo_lumo_5w_1024_fusion.pkl',
          'targets': ['homo_2',
                      'homo_1',
                      'homo_0',
                      'lumo_0',
                      'lumo_1',
                      'lumo_2',
                      'lumo_3']},
 'model': {'equiformer_args': {'basis_type': 'gaussian',
                               'fc_neurons': [128, 128],
                               'irreps_feature': '1024x0e',
                               'irreps_head': '64x0e+32x1e+16x2e',
                               'irreps_in': '5x0e',
                               'irreps_node_attr': '1x0e',
                               'irreps_node_embedding': '256x0e+128x1e+64x2e',
                               'irreps_sh': '1x0e+1x1o+1x2e+1x3o',
                               'max_radius': 5.0,
                               'num_heads': 8,
                               'num_layers': 8,
                               'number_of_basis': 256,
                               'output_dim': 64},
           'head_input_dim': 64,
           'name': 'UniFieldNet1',
           'ptv3_args': {'dec_channels': [64, 64, 128, 256],
                         'enc_channels': [32, 64, 128, 256, 512],
                         'enc_depths': [2, 2, 2, 6, 2],
                         'in_channels': 1,
                         'patch_size': 256}},
 'train': {'batch_size': 32,
           'epochs': 300,
           'grad_norm_clip': 1.0,
           'lr': 0.0001,
           'patience': 50,
           'seed': 2025,
           'weight_decay': 0.0001}}
2026-04-16 16:30:34,980 - INFO - ========================================

2026-04-16 16:30:34,980 - INFO - 🚀 Start Training on Device: cuda
2026-04-16 16:30:34,980 - INFO - Loading Data...
2026-04-16 16:30:34,980 - INFO - Loading Dataset Mode: repr_hybrid_fusion...
2026-04-16 16:30:38,635 - INFO - Stats - Mean: [[-7445.8413  -6840.216   -6120.3984   -467.5637    424.04166  1219.15
   1809.3903 ]], Std: [[ 740.80115  706.1094   754.61444 1186.4424  1122.4873  1107.2244
  1080.7959 ]]
2026-04-16 16:30:38,635 - INFO - Building Model: UniFieldNet1...
2026-04-16 16:30:52,128 - INFO - Total Parameters: 59.8878 M

2026-04-16 16:41:16,820 - INFO - [Epoch 1] Train Loss: 0.2344 | LR: 0.000100
2026-04-16 16:41:16,821 - INFO -     >>> Val Avg RMSE (Real): 333.9961
2026-04-16 16:41:16,821 - INFO -     >>> Val MAE Details: ['231.1345', '231.3092', '244.3530', '292.6890', '261.8908', '242.3587', '247.5065']
2026-04-16 16:41:17,828 - INFO - 💾 Saved Best Model to ./logs/ED5_repr_hybrid_fusion_UniFieldNet1_MultiTask7_20260416_163034/best_model.pth
2026-04-16 16:51:34,822 - INFO - [Epoch 2] Train Loss: 0.1147 | LR: 0.000100
2026-04-16 16:51:34,823 - INFO -     >>> Val Avg RMSE (Real): 296.6631
2026-04-16 16:51:34,823 - INFO -     >>> Val MAE Details: ['207.2268', '200.1671', '210.8769', '235.3741', '245.4799', '223.9999', '216.8512']
2026-04-16 16:51:36,041 - INFO - 💾 Saved Best Model to ./logs/ED5_repr_hybrid_fusion_UniFieldNet1_MultiTask7_20260416_163034/best_model.pth
2026-04-16 17:01:51,889 - INFO - [Epoch 3] Train Loss: 0.0941 | LR: 0.000100
2026-04-16 17:01:51,890 - INFO -     >>> Val Avg RMSE (Real): 280.7616
2026-04-16 17:01:51,890 - INFO -     >>> Val MAE Details: ['196.1040', '192.6638', '191.7270', '207.0138', '219.6216', '216.3679', '229.9693']
2026-04-16 17:01:52,991 - INFO - 💾 Saved Best Model to ./logs/ED5_repr_hybrid_fusion_UniFieldNet1_MultiTask7_20260416_163034/best_model.pth
2026-04-16 17:12:06,064 - INFO - [Epoch 4] Train Loss: 0.0830 | LR: 0.000100
2026-04-16 17:12:06,065 - INFO -     >>> Val Avg RMSE (Real): 281.9297
2026-04-16 17:12:06,065 - INFO -     >>> Val MAE Details: ['192.0709', '188.0077', '178.9878', '207.3720', '226.1831', '237.9465', '226.4899']
2026-04-16 17:12:06,065 - INFO - ⏳ No improvement. Patience: 1/50
2026-04-16 17:22:21,404 - INFO - [Epoch 5] Train Loss: 0.0753 | LR: 0.000100
2026-04-16 17:22:21,405 - INFO -     >>> Val Avg RMSE (Real): 264.1772
2026-04-16 17:22:21,405 - INFO -     >>> Val MAE Details: ['179.6305', '185.7924', '177.9747', '200.5276', '220.2213', '211.9763', '192.5929']
2026-04-16 17:22:22,596 - INFO - 💾 Saved Best Model to ./logs/ED5_repr_hybrid_fusion_UniFieldNet1_MultiTask7_20260416_163034/best_model.pth
2026-04-16 17:32:37,590 - INFO - [Epoch 6] Train Loss: 0.0702 | LR: 0.000100
2026-04-16 17:32:37,590 - INFO -     >>> Val Avg RMSE (Real): 265.9947
2026-04-16 17:32:37,590 - INFO -     >>> Val MAE Details: ['189.8233', '175.3038', '188.5928', '202.8053', '204.2298', '222.5790', '188.2284']
2026-04-16 17:32:37,591 - INFO - ⏳ No improvement. Patience: 1/50
2026-04-16 17:42:51,196 - INFO - [Epoch 7] Train Loss: 0.0660 | LR: 0.000100
2026-04-16 17:42:51,197 - INFO -     >>> Val Avg RMSE (Real): 252.0514
2026-04-16 17:42:51,197 - INFO -     >>> Val MAE Details: ['187.9152', '181.3513', '178.7710', '183.0893', '196.2389', '195.4748', '187.4263']
2026-04-16 17:42:52,368 - INFO - 💾 Saved Best Model to ./logs/ED5_repr_hybrid_fusion_UniFieldNet1_MultiTask7_20260416_163034/best_model.pth
2026-04-16 17:53:06,905 - INFO - [Epoch 8] Train Loss: 0.0615 | LR: 0.000100
2026-04-16 17:53:06,905 - INFO -     >>> Val Avg RMSE (Real): 263.8620
2026-04-16 17:53:06,906 - INFO -     >>> Val MAE Details: ['169.2495', '190.4878', '186.1120', '185.9620', '234.8904', '207.6659', '190.4944']
2026-04-16 17:53:06,906 - INFO - ⏳ No improvement. Patience: 1/50
2026-04-16 18:03:08,852 - INFO - [Epoch 9] Train Loss: 0.0592 | LR: 0.000100
2026-04-16 18:03:08,852 - INFO -     >>> Val Avg RMSE (Real): 248.8877
2026-04-16 18:03:08,852 - INFO -     >>> Val MAE Details: ['174.6851', '182.0128', '157.0471', '173.6626', '189.5270', '183.7632', '195.8643']
2026-04-16 18:03:10,208 - INFO - 💾 Saved Best Model to ./logs/ED5_repr_hybrid_fusion_UniFieldNet1_MultiTask7_20260416_163034/best_model.pth
2026-04-16 18:13:24,349 - INFO - [Epoch 10] Train Loss: 0.0563 | LR: 0.000100
2026-04-16 18:13:24,350 - INFO -     >>> Val Avg RMSE (Real): 246.8494
2026-04-16 18:13:24,350 - INFO -     >>> Val MAE Details: ['166.7643', '165.4618', '156.0506', '181.6508', '206.0269', '187.5524', '196.8850']
2026-04-16 18:13:25,550 - INFO - 💾 Saved Best Model to ./logs/ED5_repr_hybrid_fusion_UniFieldNet1_MultiTask7_20260416_163034/best_model.pth
2026-04-16 18:23:37,767 - INFO - [Epoch 11] Train Loss: 0.0542 | LR: 0.000100
2026-04-16 18:23:37,767 - INFO -     >>> Val Avg RMSE (Real): 235.2097
2026-04-16 18:23:37,767 - INFO -     >>> Val MAE Details: ['164.7318', '160.2337', '149.4587', '159.1984', '187.2746', '187.1366', '184.9534']
2026-04-16 18:23:39,071 - INFO - 💾 Saved Best Model to ./logs/ED5_repr_hybrid_fusion_UniFieldNet1_MultiTask7_20260416_163034/best_model.pth
2026-04-16 18:33:47,499 - INFO - [Epoch 12] Train Loss: 0.0523 | LR: 0.000100
2026-04-16 18:33:47,500 - INFO -     >>> Val Avg RMSE (Real): 232.7293
2026-04-16 18:33:47,500 - INFO -     >>> Val MAE Details: ['163.2474', '157.9454', '154.1507', '162.5671', '184.6540', '186.0157', '177.6631']
2026-04-16 18:33:49,073 - INFO - 💾 Saved Best Model to ./logs/ED5_repr_hybrid_fusion_UniFieldNet1_MultiTask7_20260416_163034/best_model.pth
2026-04-16 18:44:00,752 - INFO - [Epoch 13] Train Loss: 0.0504 | LR: 0.000100
2026-04-16 18:44:00,753 - INFO -     >>> Val Avg RMSE (Real): 247.1002
2026-04-16 18:44:00,753 - INFO -     >>> Val MAE Details: ['160.5858', '158.4131', '145.9183', '176.7692', '185.9115', '220.7691', '200.2224']
2026-04-16 18:44:00,753 - INFO - ⏳ No improvement. Patience: 1/50
2026-04-16 18:54:10,854 - INFO - [Epoch 14] Train Loss: 0.0488 | LR: 0.000099
2026-04-16 18:54:10,855 - INFO -     >>> Val Avg RMSE (Real): 230.4220
2026-04-16 18:54:10,855 - INFO -     >>> Val MAE Details: ['161.9001', '152.3389', '144.0900', '165.4242', '177.5385', '184.6476', '185.0258']
2026-04-16 18:54:12,144 - INFO - 💾 Saved Best Model to ./logs/ED5_repr_hybrid_fusion_UniFieldNet1_MultiTask7_20260416_163034/best_model.pth
2026-04-16 19:04:12,605 - INFO - [Epoch 15] Train Loss: 0.0477 | LR: 0.000099
2026-04-16 19:04:12,606 - INFO -     >>> Val Avg RMSE (Real): 233.1341
2026-04-16 19:04:12,606 - INFO -     >>> Val MAE Details: ['155.0066', '148.2462', '145.7222', '206.4330', '173.3027', '186.5847', '174.3953']
2026-04-16 19:04:12,606 - INFO - ⏳ No improvement. Patience: 1/50
2026-04-16 19:13:56,184 - INFO - [Epoch 16] Train Loss: 0.0462 | LR: 0.000099
2026-04-16 19:13:56,184 - INFO -     >>> Val Avg RMSE (Real): 225.5143
2026-04-16 19:13:56,184 - INFO -     >>> Val MAE Details: ['156.4397', '156.5476', '153.8686', '153.9574', '178.6361', '175.2877', '179.4442']
2026-04-16 19:13:57,361 - INFO - 💾 Saved Best Model to ./logs/ED5_repr_hybrid_fusion_UniFieldNet1_MultiTask7_20260416_163034/best_model.pth
2026-04-16 19:24:06,605 - INFO - [Epoch 17] Train Loss: 0.0446 | LR: 0.000099
2026-04-16 19:24:06,606 - INFO -     >>> Val Avg RMSE (Real): 225.1591
2026-04-16 19:24:06,606 - INFO -     >>> Val MAE Details: ['155.4879', '148.5692', '148.0535', '169.9423', '173.4335', '173.2104', '175.4161']
2026-04-16 19:24:07,771 - INFO - 💾 Saved Best Model to ./logs/ED5_repr_hybrid_fusion_UniFieldNet1_MultiTask7_20260416_163034/best_model.pth
2026-04-16 19:34:13,441 - INFO - [Epoch 18] Train Loss: 0.0438 | LR: 0.000099
2026-04-16 19:34:13,442 - INFO -     >>> Val Avg RMSE (Real): 222.7472
2026-04-16 19:34:13,442 - INFO -     >>> Val MAE Details: ['158.7653', '161.0593', '142.5383', '153.2090', '173.0210', '172.9226', '167.3859']
2026-04-16 19:34:14,608 - INFO - 💾 Saved Best Model to ./logs/ED5_repr_hybrid_fusion_UniFieldNet1_MultiTask7_20260416_163034/best_model.pth
2026-04-16 19:44:24,131 - INFO - [Epoch 19] Train Loss: 0.0427 | LR: 0.000099
2026-04-16 19:44:24,132 - INFO -     >>> Val Avg RMSE (Real): 222.3605
2026-04-16 19:44:24,132 - INFO -     >>> Val MAE Details: ['151.9891', '152.9263', '141.9789', '150.7205', '171.6805', '172.8843', '186.3280']
2026-04-16 19:44:25,306 - INFO - 💾 Saved Best Model to ./logs/ED5_repr_hybrid_fusion_UniFieldNet1_MultiTask7_20260416_163034/best_model.pth
2026-04-16 19:54:11,248 - INFO - [Epoch 20] Train Loss: 0.0421 | LR: 0.000099
2026-04-16 19:54:11,248 - INFO -     >>> Val Avg RMSE (Real): 215.6014
2026-04-16 19:54:11,248 - INFO -     >>> Val MAE Details: ['152.2299', '147.0183', '136.8804', '147.9833', '169.8794', '172.0092', '167.8616']
2026-04-16 19:54:12,423 - INFO - 💾 Saved Best Model to ./logs/ED5_repr_hybrid_fusion_UniFieldNet1_MultiTask7_20260416_163034/best_model.pth
2026-04-16 20:04:23,007 - INFO - [Epoch 21] Train Loss: 0.0410 | LR: 0.000099
2026-04-16 20:04:23,007 - INFO -     >>> Val Avg RMSE (Real): 220.4193
2026-04-16 20:04:23,008 - INFO -     >>> Val MAE Details: ['150.2054', '153.4049', '133.3056', '150.0407', '169.4346', '180.5671', '169.5238']
2026-04-16 20:04:23,008 - INFO - ⏳ No improvement. Patience: 1/50
2026-04-16 20:14:26,931 - INFO - [Epoch 22] Train Loss: 0.0402 | LR: 0.000099
2026-04-16 20:14:26,932 - INFO -     >>> Val Avg RMSE (Real): 213.1545
2026-04-16 20:14:26,932 - INFO -     >>> Val MAE Details: ['153.4663', '144.4685', '138.2362', '143.8035', '163.5908', '171.4016', '167.0756']
2026-04-16 20:14:28,247 - INFO - 💾 Saved Best Model to ./logs/ED5_repr_hybrid_fusion_UniFieldNet1_MultiTask7_20260416_163034/best_model.pth
2026-04-16 20:24:25,764 - INFO - [Epoch 23] Train Loss: 0.0395 | LR: 0.000099
2026-04-16 20:24:25,765 - INFO -     >>> Val Avg RMSE (Real): 212.4861
2026-04-16 20:24:25,765 - INFO -     >>> Val MAE Details: ['148.0406', '148.0304', '133.8702', '140.2701', '167.4751', '168.4109', '168.9372']
2026-04-16 20:24:27,206 - INFO - 💾 Saved Best Model to ./logs/ED5_repr_hybrid_fusion_UniFieldNet1_MultiTask7_20260416_163034/best_model.pth
2026-04-16 20:34:18,863 - INFO - [Epoch 24] Train Loss: 0.0390 | LR: 0.000098
2026-04-16 20:34:18,864 - INFO -     >>> Val Avg RMSE (Real): 214.6456
2026-04-16 20:34:18,864 - INFO -     >>> Val MAE Details: ['145.5947', '144.9842', '132.5564', '152.7866', '170.0578', '166.8406', '168.4883']
2026-04-16 20:34:18,864 - INFO - ⏳ No improvement. Patience: 1/50
2026-04-16 20:44:14,034 - INFO - [Epoch 25] Train Loss: 0.0390 | LR: 0.000098
2026-04-16 20:44:14,034 - INFO -     >>> Val Avg RMSE (Real): 211.1777
2026-04-16 20:44:14,034 - INFO -     >>> Val MAE Details: ['148.2145', '139.7800', '129.9785', '145.5158', '174.8617', '165.9974', '161.4119']
2026-04-16 20:44:15,342 - INFO - 💾 Saved Best Model to ./logs/ED5_repr_hybrid_fusion_UniFieldNet1_MultiTask7_20260416_163034/best_model.pth
2026-04-16 20:54:09,598 - INFO - [Epoch 26] Train Loss: 0.0380 | LR: 0.000098
2026-04-16 20:54:09,599 - INFO -     >>> Val Avg RMSE (Real): 213.9761
2026-04-16 20:54:09,599 - INFO -     >>> Val MAE Details: ['146.7115', '141.4836', '132.6177', '142.8208', '163.6336', '178.9626', '164.6728']
2026-04-16 20:54:09,599 - INFO - ⏳ No improvement. Patience: 1/50
2026-04-16 21:04:09,762 - INFO - [Epoch 27] Train Loss: 0.0377 | LR: 0.000098
2026-04-16 21:04:09,763 - INFO -     >>> Val Avg RMSE (Real): 212.7655
2026-04-16 21:04:09,763 - INFO -     >>> Val MAE Details: ['150.0100', '145.5236', '128.1933', '146.1555', '165.2637', '170.1536', '168.2619']
2026-04-16 21:04:09,763 - INFO - ⏳ No improvement. Patience: 2/50
2026-04-16 21:14:14,959 - INFO - [Epoch 28] Train Loss: 0.0370 | LR: 0.000098
2026-04-16 21:14:14,959 - INFO -     >>> Val Avg RMSE (Real): 216.4857
2026-04-16 21:14:14,960 - INFO -     >>> Val MAE Details: ['147.4776', '141.5544', '133.4918', '168.1078', '162.7818', '169.1467', '170.6562']
2026-04-16 21:14:14,960 - INFO - ⏳ No improvement. Patience: 3/50
2026-04-16 21:24:19,435 - INFO - [Epoch 29] Train Loss: 0.0367 | LR: 0.000098
2026-04-16 21:24:19,436 - INFO -     >>> Val Avg RMSE (Real): 215.3330
2026-04-16 21:24:19,436 - INFO -     >>> Val MAE Details: ['147.2257', '141.6144', '143.2636', '153.1821', '166.4190', '168.5719', '169.3628']
2026-04-16 21:24:19,436 - INFO - ⏳ No improvement. Patience: 4/50
2026-04-16 21:34:23,249 - INFO - [Epoch 30] Train Loss: 0.0361 | LR: 0.000098
2026-04-16 21:34:23,249 - INFO -     >>> Val Avg RMSE (Real): 209.4418
2026-04-16 21:34:23,249 - INFO -     >>> Val MAE Details: ['141.6812', '134.6891', '126.3936', '143.3564', '161.2998', '173.3432', '167.5926']
2026-04-16 21:34:24,806 - INFO - 💾 Saved Best Model to ./logs/ED5_repr_hybrid_fusion_UniFieldNet1_MultiTask7_20260416_163034/best_model.pth
2026-04-16 21:44:30,677 - INFO - [Epoch 31] Train Loss: 0.0353 | LR: 0.000097
2026-04-16 21:44:30,678 - INFO -     >>> Val Avg RMSE (Real): 207.2342
2026-04-16 21:44:30,678 - INFO -     >>> Val MAE Details: ['143.2785', '138.0589', '129.0134', '135.4844', '164.1911', '162.6117', '163.4705']
2026-04-16 21:44:31,855 - INFO - 💾 Saved Best Model to ./logs/ED5_repr_hybrid_fusion_UniFieldNet1_MultiTask7_20260416_163034/best_model.pth
2026-04-16 21:54:35,878 - INFO - [Epoch 32] Train Loss: 0.0348 | LR: 0.000097
2026-04-16 21:54:35,879 - INFO -     >>> Val Avg RMSE (Real): 210.1575
2026-04-16 21:54:35,879 - INFO -     >>> Val MAE Details: ['142.7286', '139.8626', '143.3631', '145.3783', '160.4333', '166.5909', '162.5900']
2026-04-16 21:54:35,879 - INFO - ⏳ No improvement. Patience: 1/50
2026-04-16 22:04:42,890 - INFO - [Epoch 33] Train Loss: 0.0344 | LR: 0.000097
2026-04-16 22:04:42,890 - INFO -     >>> Val Avg RMSE (Real): 207.9997
2026-04-16 22:04:42,890 - INFO -     >>> Val MAE Details: ['143.2856', '136.8227', '132.9397', '135.7738', '166.5597', '158.8730', '169.8689']
2026-04-16 22:04:42,891 - INFO - ⏳ No improvement. Patience: 2/50
2026-04-16 22:14:35,079 - INFO - [Epoch 34] Train Loss: 0.0340 | LR: 0.000097
2026-04-16 22:14:35,079 - INFO -     >>> Val Avg RMSE (Real): 209.1542
2026-04-16 22:14:35,080 - INFO -     >>> Val MAE Details: ['143.0898', '134.3804', '128.4866', '133.6335', '160.9105', '170.3005', '171.6846']
2026-04-16 22:14:35,080 - INFO - ⏳ No improvement. Patience: 3/50
2026-04-16 22:24:41,243 - INFO - [Epoch 35] Train Loss: 0.0335 | LR: 0.000097
2026-04-16 22:24:41,244 - INFO -     >>> Val Avg RMSE (Real): 206.7705
2026-04-16 22:24:41,244 - INFO -     >>> Val MAE Details: ['139.7734', '141.6049', '126.7126', '144.0748', '167.3778', '157.4335', '160.0409']
2026-04-16 22:24:42,392 - INFO - 💾 Saved Best Model to ./logs/ED5_repr_hybrid_fusion_UniFieldNet1_MultiTask7_20260416_163034/best_model.pth
2026-04-16 22:34:50,308 - INFO - [Epoch 36] Train Loss: 0.0336 | LR: 0.000096
2026-04-16 22:34:50,308 - INFO -     >>> Val Avg RMSE (Real): 205.8206
2026-04-16 22:34:50,309 - INFO -     >>> Val MAE Details: ['138.5848', '139.8225', '132.9542', '144.3096', '161.7968', '161.0085', '160.5865']
2026-04-16 22:34:51,504 - INFO - 💾 Saved Best Model to ./logs/ED5_repr_hybrid_fusion_UniFieldNet1_MultiTask7_20260416_163034/best_model.pth
2026-04-16 22:44:59,517 - INFO - [Epoch 37] Train Loss: 0.0331 | LR: 0.000096
2026-04-16 22:44:59,518 - INFO -     >>> Val Avg RMSE (Real): 203.2351
2026-04-16 22:44:59,518 - INFO -     >>> Val MAE Details: ['142.7130', '136.8515', '124.6686', '132.9019', '163.7950', '164.3612', '159.2480']
2026-04-16 22:45:00,679 - INFO - 💾 Saved Best Model to ./logs/ED5_repr_hybrid_fusion_UniFieldNet1_MultiTask7_20260416_163034/best_model.pth
2026-04-16 22:55:08,276 - INFO - [Epoch 38] Train Loss: 0.0328 | LR: 0.000096
2026-04-16 22:55:08,276 - INFO -     >>> Val Avg RMSE (Real): 206.3380
2026-04-16 22:55:08,277 - INFO -     >>> Val MAE Details: ['138.2249', '135.8274', '128.9566', '158.1942', '159.0845', '157.8443', '162.3406']
2026-04-16 22:55:08,277 - INFO - ⏳ No improvement. Patience: 1/50
2026-04-16 23:05:15,374 - INFO - [Epoch 39] Train Loss: 0.0328 | LR: 0.000096
2026-04-16 23:05:15,374 - INFO -     >>> Val Avg RMSE (Real): 204.1668
2026-04-16 23:05:15,375 - INFO -     >>> Val MAE Details: ['144.1953', '133.5627', '136.6371', '138.2847', '165.8818', '155.5486', '158.6339']
2026-04-16 23:05:15,375 - INFO - ⏳ No improvement. Patience: 2/50
2026-04-16 23:15:21,757 - INFO - [Epoch 40] Train Loss: 0.0322 | LR: 0.000096
2026-04-16 23:15:21,757 - INFO -     >>> Val Avg RMSE (Real): 202.3814
2026-04-16 23:15:21,757 - INFO -     >>> Val MAE Details: ['138.2813', '136.4666', '125.7041', '133.6305', '154.8184', '165.9676', '156.5936']
2026-04-16 23:15:23,124 - INFO - 💾 Saved Best Model to ./logs/ED5_repr_hybrid_fusion_UniFieldNet1_MultiTask7_20260416_163034/best_model.pth
2026-04-16 23:25:15,554 - INFO - [Epoch 41] Train Loss: 0.0322 | LR: 0.000095
2026-04-16 23:25:15,554 - INFO -     >>> Val Avg RMSE (Real): 202.8299
2026-04-16 23:25:15,555 - INFO -     >>> Val MAE Details: ['143.4238', '135.5495', '121.7035', '132.3438', '157.0643', '158.1863', '164.8988']
2026-04-16 23:25:15,555 - INFO - ⏳ No improvement. Patience: 1/50
2026-04-16 23:35:22,650 - INFO - [Epoch 42] Train Loss: 0.0317 | LR: 0.000095
2026-04-16 23:35:22,650 - INFO -     >>> Val Avg RMSE (Real): 204.2077
2026-04-16 23:35:22,651 - INFO -     >>> Val MAE Details: ['139.8704', '134.3326', '123.2734', '138.3591', '153.6651', '163.9738', '158.4424']
2026-04-16 23:35:22,651 - INFO - ⏳ No improvement. Patience: 2/50
2026-04-16 23:45:29,813 - INFO - [Epoch 43] Train Loss: 0.0313 | LR: 0.000095
2026-04-16 23:45:29,814 - INFO -     >>> Val Avg RMSE (Real): 209.9959
2026-04-16 23:45:29,814 - INFO -     >>> Val MAE Details: ['142.4562', '136.4389', '123.3477', '131.6779', '162.5659', '167.7560', '166.7048']
2026-04-16 23:45:29,814 - INFO - ⏳ No improvement. Patience: 3/50
2026-04-16 23:55:37,574 - INFO - [Epoch 44] Train Loss: 0.0310 | LR: 0.000095
2026-04-16 23:55:37,575 - INFO -     >>> Val Avg RMSE (Real): 198.5088
2026-04-16 23:55:37,575 - INFO -     >>> Val MAE Details: ['137.3656', '131.7513', '121.2686', '128.1811', '154.9139', '153.5372', '156.3401']
2026-04-16 23:55:38,876 - INFO - 💾 Saved Best Model to ./logs/ED5_repr_hybrid_fusion_UniFieldNet1_MultiTask7_20260416_163034/best_model.pth
2026-04-17 00:05:44,576 - INFO - [Epoch 45] Train Loss: 0.0307 | LR: 0.000095
2026-04-17 00:05:44,576 - INFO -     >>> Val Avg RMSE (Real): 205.0447
2026-04-17 00:05:44,576 - INFO -     >>> Val MAE Details: ['144.0685', '150.6375', '122.6714', '132.9112', '158.6881', '157.7061', '161.0993']
2026-04-17 00:05:44,577 - INFO - ⏳ No improvement. Patience: 1/50
2026-04-17 00:15:51,172 - INFO - [Epoch 46] Train Loss: 0.0305 | LR: 0.000094
2026-04-17 00:15:51,173 - INFO -     >>> Val Avg RMSE (Real): 200.0047
2026-04-17 00:15:51,173 - INFO -     >>> Val MAE Details: ['137.0071', '129.1867', '125.4581', '130.3952', '153.6707', '154.6084', '155.4161']
2026-04-17 00:15:51,173 - INFO - ⏳ No improvement. Patience: 2/50
2026-04-17 00:25:57,381 - INFO - [Epoch 47] Train Loss: 0.0305 | LR: 0.000094
2026-04-17 00:25:57,382 - INFO -     >>> Val Avg RMSE (Real): 200.5790
2026-04-17 00:25:57,382 - INFO -     >>> Val MAE Details: ['137.5803', '130.2087', '122.8493', '138.7692', '152.2686', '154.8120', '162.3702']
2026-04-17 00:25:57,382 - INFO - ⏳ No improvement. Patience: 3/50
2026-04-17 00:36:01,020 - INFO - [Epoch 48] Train Loss: 0.0302 | LR: 0.000094
2026-04-17 00:36:01,020 - INFO -     >>> Val Avg RMSE (Real): 200.2274
2026-04-17 00:36:01,020 - INFO -     >>> Val MAE Details: ['142.6935', '131.2773', '125.8645', '135.1095', '149.4394', '158.2585', '153.2622']
2026-04-17 00:36:01,021 - INFO - ⏳ No improvement. Patience: 4/50
2026-04-17 00:46:11,723 - INFO - [Epoch 49] Train Loss: 0.0301 | LR: 0.000094
2026-04-17 00:46:11,723 - INFO -     >>> Val Avg RMSE (Real): 197.6239
2026-04-17 00:46:11,724 - INFO -     >>> Val MAE Details: ['133.2032', '128.6918', '119.9806', '137.6691', '157.5230', '154.2757', '152.4326']
2026-04-17 00:46:12,720 - INFO - 💾 Saved Best Model to ./logs/ED5_repr_hybrid_fusion_UniFieldNet1_MultiTask7_20260416_163034/best_model.pth
2026-04-17 00:56:08,453 - INFO - [Epoch 50] Train Loss: 0.0299 | LR: 0.000093
2026-04-17 00:56:08,454 - INFO -     >>> Val Avg RMSE (Real): 199.4315
2026-04-17 00:56:08,454 - INFO -     >>> Val MAE Details: ['138.8017', '133.9989', '122.9289', '131.1855', '153.8268', '160.0416', '152.6791']
2026-04-17 00:56:08,454 - INFO - ⏳ No improvement. Patience: 1/50
2026-04-17 01:06:10,563 - INFO - [Epoch 51] Train Loss: 0.0296 | LR: 0.000093
2026-04-17 01:06:10,563 - INFO -     >>> Val Avg RMSE (Real): 200.5046
2026-04-17 01:06:10,563 - INFO -     >>> Val MAE Details: ['138.0122', '129.3394', '129.3044', '143.5457', '156.5638', '155.4517', '154.8785']
2026-04-17 01:06:10,564 - INFO - ⏳ No improvement. Patience: 2/50
2026-04-17 01:16:18,661 - INFO - [Epoch 52] Train Loss: 0.0294 | LR: 0.000093
2026-04-17 01:16:18,662 - INFO -     >>> Val Avg RMSE (Real): 197.0444
2026-04-17 01:16:18,662 - INFO -     >>> Val MAE Details: ['136.0737', '138.0133', '122.2793', '127.4406', '152.9067', '152.1094', '151.5197']
2026-04-17 01:16:19,950 - INFO - 💾 Saved Best Model to ./logs/ED5_repr_hybrid_fusion_UniFieldNet1_MultiTask7_20260416_163034/best_model.pth
2026-04-17 01:26:19,241 - INFO - [Epoch 53] Train Loss: 0.0291 | LR: 0.000092
2026-04-17 01:26:19,242 - INFO -     >>> Val Avg RMSE (Real): 204.3469
2026-04-17 01:26:19,242 - INFO -     >>> Val MAE Details: ['133.9017', '126.6509', '121.4944', '145.6358', '160.5375', '158.3481', '169.3038']
2026-04-17 01:26:19,242 - INFO - ⏳ No improvement. Patience: 1/50
2026-04-17 01:36:20,260 - INFO - [Epoch 54] Train Loss: 0.0289 | LR: 0.000092
2026-04-17 01:36:20,261 - INFO -     >>> Val Avg RMSE (Real): 207.9830
2026-04-17 01:36:20,261 - INFO -     >>> Val MAE Details: ['135.0976', '126.3334', '133.0224', '129.2338', '163.5022', '171.9512', '178.4774']
2026-04-17 01:36:20,261 - INFO - ⏳ No improvement. Patience: 2/50
2026-04-17 01:46:19,576 - INFO - [Epoch 55] Train Loss: 0.0289 | LR: 0.000092
2026-04-17 01:46:19,576 - INFO -     >>> Val Avg RMSE (Real): 199.2876
2026-04-17 01:46:19,576 - INFO -     >>> Val MAE Details: ['139.7428', '130.5768', '129.1479', '125.8764', '149.7106', '157.7664', '160.1328']
2026-04-17 01:46:19,576 - INFO - ⏳ No improvement. Patience: 3/50
2026-04-17 01:56:19,477 - INFO - [Epoch 56] Train Loss: 0.0288 | LR: 0.000092
2026-04-17 01:56:19,477 - INFO -     >>> Val Avg RMSE (Real): 198.4537
2026-04-17 01:56:19,477 - INFO -     >>> Val MAE Details: ['138.8485', '130.5191', '119.1104', '138.4736', '147.3037', '150.5879', '152.9763']
2026-04-17 01:56:19,477 - INFO - ⏳ No improvement. Patience: 4/50
2026-04-17 02:05:46,282 - INFO - [Epoch 57] Train Loss: 0.0285 | LR: 0.000091
2026-04-17 02:05:46,283 - INFO -     >>> Val Avg RMSE (Real): 198.8752
2026-04-17 02:05:46,283 - INFO -     >>> Val MAE Details: ['138.3987', '126.9579', '119.5739', '131.2320', '148.0859', '163.8228', '153.9425']
2026-04-17 02:05:46,283 - INFO - ⏳ No improvement. Patience: 5/50
2026-04-17 02:15:45,927 - INFO - [Epoch 58] Train Loss: 0.0282 | LR: 0.000091
2026-04-17 02:15:45,927 - INFO -     >>> Val Avg RMSE (Real): 197.8485
2026-04-17 02:15:45,927 - INFO -     >>> Val MAE Details: ['135.2042', '131.4688', '120.9061', '139.7166', '153.1659', '151.6586', '154.9004']
2026-04-17 02:15:45,927 - INFO - ⏳ No improvement. Patience: 6/50
2026-04-17 02:25:36,643 - INFO - [Epoch 59] Train Loss: 0.0279 | LR: 0.000091
2026-04-17 02:25:36,644 - INFO -     >>> Val Avg RMSE (Real): 198.2322
2026-04-17 02:25:36,644 - INFO -     >>> Val MAE Details: ['139.0235', '133.6454', '119.9183', '135.6142', '149.7663', '157.5014', '151.0025']
2026-04-17 02:25:36,644 - INFO - ⏳ No improvement. Patience: 7/50
2026-04-17 02:35:38,984 - INFO - [Epoch 60] Train Loss: 0.0277 | LR: 0.000090
2026-04-17 02:35:38,985 - INFO -     >>> Val Avg RMSE (Real): 195.9452
2026-04-17 02:35:38,985 - INFO -     >>> Val MAE Details: ['134.4883', '130.4373', '124.1033', '126.5620', '144.7147', '152.8298', '151.3321']
2026-04-17 02:35:40,143 - INFO - 💾 Saved Best Model to ./logs/ED5_repr_hybrid_fusion_UniFieldNet1_MultiTask7_20260416_163034/best_model.pth
2026-04-17 02:45:39,712 - INFO - [Epoch 61] Train Loss: 0.0275 | LR: 0.000090
2026-04-17 02:45:39,712 - INFO -     >>> Val Avg RMSE (Real): 195.3666
2026-04-17 02:45:39,712 - INFO -     >>> Val MAE Details: ['134.2643', '128.1755', '117.6891', '125.7301', '148.7426', '151.6213', '151.8482']
2026-04-17 02:45:40,869 - INFO - 💾 Saved Best Model to ./logs/ED5_repr_hybrid_fusion_UniFieldNet1_MultiTask7_20260416_163034/best_model.pth
2026-04-17 02:55:44,432 - INFO - [Epoch 62] Train Loss: 0.0274 | LR: 0.000090
2026-04-17 02:55:44,433 - INFO -     >>> Val Avg RMSE (Real): 193.6900
2026-04-17 02:55:44,433 - INFO -     >>> Val MAE Details: ['133.4458', '127.8341', '119.1955', '126.9770', '147.4946', '145.9080', '151.3496']
2026-04-17 02:55:45,452 - INFO - 💾 Saved Best Model to ./logs/ED5_repr_hybrid_fusion_UniFieldNet1_MultiTask7_20260416_163034/best_model.pth
2026-04-17 03:05:45,153 - INFO - [Epoch 63] Train Loss: 0.0276 | LR: 0.000090
2026-04-17 03:05:45,154 - INFO -     >>> Val Avg RMSE (Real): 195.2312
2026-04-17 03:05:45,154 - INFO -     >>> Val MAE Details: ['133.8506', '125.9376', '119.0223', '130.0227', '150.5731', '149.4467', '151.9141']
2026-04-17 03:05:45,154 - INFO - ⏳ No improvement. Patience: 1/50
2026-04-17 03:15:44,421 - INFO - [Epoch 64] Train Loss: 0.0271 | LR: 0.000089
2026-04-17 03:15:44,422 - INFO -     >>> Val Avg RMSE (Real): 205.7783
2026-04-17 03:15:44,422 - INFO -     >>> Val MAE Details: ['135.5631', '144.3225', '137.0821', '129.5588', '169.2115', '158.2547', '158.1337']
2026-04-17 03:15:44,422 - INFO - ⏳ No improvement. Patience: 2/50
2026-04-17 03:25:44,566 - INFO - [Epoch 65] Train Loss: 0.0270 | LR: 0.000089
2026-04-17 03:25:44,566 - INFO -     >>> Val Avg RMSE (Real): 193.5365
2026-04-17 03:25:44,566 - INFO -     >>> Val MAE Details: ['132.5654', '131.7729', '118.1782', '126.1753', '145.6545', '151.3216', '150.5238']
2026-04-17 03:25:45,677 - INFO - 💾 Saved Best Model to ./logs/ED5_repr_hybrid_fusion_UniFieldNet1_MultiTask7_20260416_163034/best_model.pth
2026-04-17 03:35:47,229 - INFO - [Epoch 66] Train Loss: 0.0271 | LR: 0.000089
2026-04-17 03:35:47,230 - INFO -     >>> Val Avg RMSE (Real): 194.2332
2026-04-17 03:35:47,230 - INFO -     >>> Val MAE Details: ['131.3886', '128.1898', '116.8629', '126.7313', '144.8746', '148.3531', '153.5293']
2026-04-17 03:35:47,230 - INFO - ⏳ No improvement. Patience: 1/50
2026-04-17 03:45:47,959 - INFO - [Epoch 67] Train Loss: 0.0269 | LR: 0.000088
2026-04-17 03:45:47,959 - INFO -     >>> Val Avg RMSE (Real): 197.2139
2026-04-17 03:45:47,959 - INFO -     >>> Val MAE Details: ['132.2535', '132.3220', '130.1415', '129.2021', '146.3029', '151.0638', '153.4988']
2026-04-17 03:45:47,959 - INFO - ⏳ No improvement. Patience: 2/50
2026-04-17 03:55:48,334 - INFO - [Epoch 68] Train Loss: 0.0267 | LR: 0.000088
2026-04-17 03:55:48,335 - INFO -     >>> Val Avg RMSE (Real): 197.4062
2026-04-17 03:55:48,335 - INFO -     >>> Val MAE Details: ['138.7509', '129.1359', '120.4394', '124.2130', '148.8174', '151.4815', '158.0609']
2026-04-17 03:55:48,335 - INFO - ⏳ No improvement. Patience: 3/50
2026-04-17 04:05:48,454 - INFO - [Epoch 69] Train Loss: 0.0265 | LR: 0.000088
2026-04-17 04:05:48,454 - INFO -     >>> Val Avg RMSE (Real): 194.2958
2026-04-17 04:05:48,454 - INFO -     >>> Val MAE Details: ['133.0462', '127.6769', '119.8606', '125.5195', '154.8175', '149.0430', '153.8291']
2026-04-17 04:05:48,455 - INFO - ⏳ No improvement. Patience: 4/50
2026-04-17 04:15:40,451 - INFO - [Epoch 70] Train Loss: 0.0262 | LR: 0.000087
2026-04-17 04:15:40,452 - INFO -     >>> Val Avg RMSE (Real): 194.5139
2026-04-17 04:15:40,452 - INFO -     >>> Val MAE Details: ['131.6739', '125.1178', '121.8132', '129.7852', '146.6665', '149.1840', '159.1064']
2026-04-17 04:15:40,452 - INFO - ⏳ No improvement. Patience: 5/50
2026-04-17 04:25:40,329 - INFO - [Epoch 71] Train Loss: 0.0261 | LR: 0.000087
2026-04-17 04:25:40,329 - INFO -     >>> Val Avg RMSE (Real): 191.8654
2026-04-17 04:25:40,329 - INFO -     >>> Val MAE Details: ['132.9200', '124.2518', '118.3429', '126.2705', '145.3883', '146.8487', '148.6428']
2026-04-17 04:25:41,475 - INFO - 💾 Saved Best Model to ./logs/ED5_repr_hybrid_fusion_UniFieldNet1_MultiTask7_20260416_163034/best_model.pth
2026-04-17 04:35:41,552 - INFO - [Epoch 72] Train Loss: 0.0262 | LR: 0.000086
2026-04-17 04:35:41,553 - INFO -     >>> Val Avg RMSE (Real): 199.2458
2026-04-17 04:35:41,553 - INFO -     >>> Val MAE Details: ['137.0381', '127.8366', '127.4992', '140.5471', '152.7702', '150.9572', '157.4862']
2026-04-17 04:35:41,553 - INFO - ⏳ No improvement. Patience: 1/50
2026-04-17 04:45:38,959 - INFO - [Epoch 73] Train Loss: 0.0263 | LR: 0.000086
2026-04-17 04:45:38,960 - INFO -     >>> Val Avg RMSE (Real): 193.8822
2026-04-17 04:45:38,960 - INFO -     >>> Val MAE Details: ['134.4640', '125.8954', '115.4539', '134.4947', '149.3097', '149.8868', '148.1422']
2026-04-17 04:45:38,960 - INFO - ⏳ No improvement. Patience: 2/50
2026-04-17 04:55:35,617 - INFO - [Epoch 74] Train Loss: 0.0261 | LR: 0.000086
2026-04-17 04:55:35,617 - INFO -     >>> Val Avg RMSE (Real): 194.3696
2026-04-17 04:55:35,617 - INFO -     >>> Val MAE Details: ['134.6180', '125.1504', '116.9300', '135.5394', '146.5016', '151.4964', '153.8840']
2026-04-17 04:55:35,617 - INFO - ⏳ No improvement. Patience: 3/50
2026-04-17 05:05:33,351 - INFO - [Epoch 75] Train Loss: 0.0257 | LR: 0.000085
2026-04-17 05:05:33,352 - INFO -     >>> Val Avg RMSE (Real): 193.0336
2026-04-17 05:05:33,352 - INFO -     >>> Val MAE Details: ['131.7587', '132.9492', '115.4283', '128.3705', '144.5526', '146.7187', '149.1354']
2026-04-17 05:05:33,352 - INFO - ⏳ No improvement. Patience: 4/50
2026-04-17 05:15:12,817 - INFO - [Epoch 76] Train Loss: 0.0253 | LR: 0.000085
2026-04-17 05:15:12,818 - INFO -     >>> Val Avg RMSE (Real): 191.8840
2026-04-17 05:15:12,818 - INFO -     >>> Val MAE Details: ['132.3909', '123.1190', '116.2779', '135.9731', '146.8350', '145.5261', '147.6196']
2026-04-17 05:15:12,818 - INFO - ⏳ No improvement. Patience: 5/50
2026-04-17 05:25:08,500 - INFO - [Epoch 77] Train Loss: 0.0254 | LR: 0.000085
2026-04-17 05:25:08,501 - INFO -     >>> Val Avg RMSE (Real): 190.2717
2026-04-17 05:25:08,501 - INFO -     >>> Val MAE Details: ['133.1165', '123.7497', '116.8686', '125.8798', '147.2207', '143.0109', '147.3994']
2026-04-17 05:25:09,866 - INFO - 💾 Saved Best Model to ./logs/ED5_repr_hybrid_fusion_UniFieldNet1_MultiTask7_20260416_163034/best_model.pth
2026-04-17 05:35:10,430 - INFO - [Epoch 78] Train Loss: 0.0256 | LR: 0.000084
2026-04-17 05:35:10,430 - INFO -     >>> Val Avg RMSE (Real): 192.5001
2026-04-17 05:35:10,430 - INFO -     >>> Val MAE Details: ['133.4220', '121.8274', '120.0161', '125.8404', '149.1824', '145.2368', '150.9327']
2026-04-17 05:35:10,430 - INFO - ⏳ No improvement. Patience: 1/50
2026-04-17 05:45:07,020 - INFO - [Epoch 79] Train Loss: 0.0252 | LR: 0.000084
2026-04-17 05:45:07,020 - INFO -     >>> Val Avg RMSE (Real): 195.5899
2026-04-17 05:45:07,020 - INFO -     >>> Val MAE Details: ['131.9697', '127.1214', '131.0968', '138.4361', '144.2955', '151.7601', '146.2285']
2026-04-17 05:45:07,020 - INFO - ⏳ No improvement. Patience: 2/50
2026-04-17 05:55:00,518 - INFO - [Epoch 80] Train Loss: 0.0250 | LR: 0.000083
2026-04-17 05:55:00,518 - INFO -     >>> Val Avg RMSE (Real): 190.8190
2026-04-17 05:55:00,518 - INFO -     >>> Val MAE Details: ['128.7371', '122.3196', '116.3671', '125.5194', '142.4381', '145.9856', '151.7892']
2026-04-17 05:55:00,519 - INFO - ⏳ No improvement. Patience: 3/50
2026-04-17 06:04:57,644 - INFO - [Epoch 81] Train Loss: 0.0248 | LR: 0.000083
2026-04-17 06:04:57,644 - INFO -     >>> Val Avg RMSE (Real): 193.8645
2026-04-17 06:04:57,645 - INFO -     >>> Val MAE Details: ['129.0537', '124.7073', '130.5916', '128.1588', '142.8971', '154.7609', '154.1598']
2026-04-17 06:04:57,645 - INFO - ⏳ No improvement. Patience: 4/50
2026-04-17 06:14:54,590 - INFO - [Epoch 82] Train Loss: 0.0248 | LR: 0.000083
2026-04-17 06:14:54,591 - INFO -     >>> Val Avg RMSE (Real): 192.8753
2026-04-17 06:14:54,591 - INFO -     >>> Val MAE Details: ['130.1494', '122.1374', '119.1964', '126.9874', '143.8418', '150.1393', '149.1842']
2026-04-17 06:14:54,591 - INFO - ⏳ No improvement. Patience: 5/50
2026-04-17 06:24:53,509 - INFO - [Epoch 83] Train Loss: 0.0247 | LR: 0.000082
2026-04-17 06:24:53,509 - INFO -     >>> Val Avg RMSE (Real): 191.4640
2026-04-17 06:24:53,509 - INFO -     >>> Val MAE Details: ['131.5745', '126.5190', '113.7428', '120.9796', '153.0653', '146.1070', '148.4330']
2026-04-17 06:24:53,509 - INFO - ⏳ No improvement. Patience: 6/50
2026-04-17 06:34:50,409 - INFO - [Epoch 84] Train Loss: 0.0250 | LR: 0.000082
2026-04-17 06:34:50,410 - INFO -     >>> Val Avg RMSE (Real): 190.3166
2026-04-17 06:34:50,410 - INFO -     >>> Val MAE Details: ['127.6335', '121.3465', '116.1938', '124.8266', '149.6121', '145.5628', '146.8553']
2026-04-17 06:34:50,410 - INFO - ⏳ No improvement. Patience: 7/50
2026-04-17 06:44:42,212 - INFO - [Epoch 85] Train Loss: 0.0246 | LR: 0.000081
2026-04-17 06:44:42,213 - INFO -     >>> Val Avg RMSE (Real): 190.6720
2026-04-17 06:44:42,213 - INFO -     >>> Val MAE Details: ['132.2813', '123.4191', '115.0852', '122.4494', '146.0136', '152.4719', '145.8985']
2026-04-17 06:44:42,213 - INFO - ⏳ No improvement. Patience: 8/50
2026-04-17 06:54:28,034 - INFO - [Epoch 86] Train Loss: 0.0243 | LR: 0.000081
2026-04-17 06:54:28,034 - INFO -     >>> Val Avg RMSE (Real): 191.4041
2026-04-17 06:54:28,034 - INFO -     >>> Val MAE Details: ['131.0702', '123.9561', '126.7045', '127.4514', '143.9928', '148.0913', '144.1118']
2026-04-17 06:54:28,035 - INFO - ⏳ No improvement. Patience: 9/50
2026-04-17 07:04:17,528 - INFO - [Epoch 87] Train Loss: 0.0244 | LR: 0.000081
2026-04-17 07:04:17,528 - INFO -     >>> Val Avg RMSE (Real): 191.3152
2026-04-17 07:04:17,528 - INFO -     >>> Val MAE Details: ['125.9368', '126.1241', '113.4211', '142.0176', '151.1523', '145.2751', '146.3938']
2026-04-17 07:04:17,528 - INFO - ⏳ No improvement. Patience: 10/50
2026-04-17 07:14:05,233 - INFO - [Epoch 88] Train Loss: 0.0243 | LR: 0.000080
2026-04-17 07:14:05,233 - INFO -     >>> Val Avg RMSE (Real): 191.1883
2026-04-17 07:14:05,234 - INFO -     >>> Val MAE Details: ['129.9448', '123.7065', '113.1964', '123.7504', '153.6438', '145.3317', '149.3184']
2026-04-17 07:14:05,234 - INFO - ⏳ No improvement. Patience: 11/50
2026-04-17 07:23:53,163 - INFO - [Epoch 89] Train Loss: 0.0241 | LR: 0.000080
2026-04-17 07:23:53,164 - INFO -     >>> Val Avg RMSE (Real): 190.0115
2026-04-17 07:23:53,164 - INFO -     >>> Val MAE Details: ['132.3883', '121.7069', '115.3947', '123.6397', '142.7845', '148.4098', '149.0583']
2026-04-17 07:23:54,442 - INFO - 💾 Saved Best Model to ./logs/ED5_repr_hybrid_fusion_UniFieldNet1_MultiTask7_20260416_163034/best_model.pth
2026-04-17 07:33:40,261 - INFO - [Epoch 90] Train Loss: 0.0242 | LR: 0.000079
2026-04-17 07:33:40,262 - INFO -     >>> Val Avg RMSE (Real): 190.6222
2026-04-17 07:33:40,262 - INFO -     >>> Val MAE Details: ['124.4345', '119.1264', '114.4257', '125.4907', '152.6580', '151.2170', '146.6263']
2026-04-17 07:33:40,262 - INFO - ⏳ No improvement. Patience: 1/50
2026-04-17 07:43:26,614 - INFO - [Epoch 91] Train Loss: 0.0237 | LR: 0.000079
2026-04-17 07:43:26,615 - INFO -     >>> Val Avg RMSE (Real): 187.1327
2026-04-17 07:43:26,615 - INFO -     >>> Val MAE Details: ['125.8201', '122.3512', '115.9060', '123.7706', '143.6049', '144.2700', '146.1611']
2026-04-17 07:43:27,712 - INFO - 💾 Saved Best Model to ./logs/ED5_repr_hybrid_fusion_UniFieldNet1_MultiTask7_20260416_163034/best_model.pth
2026-04-17 07:53:12,773 - INFO - [Epoch 92] Train Loss: 0.0240 | LR: 0.000079
2026-04-17 07:53:12,774 - INFO -     >>> Val Avg RMSE (Real): 187.7951
2026-04-17 07:53:12,774 - INFO -     >>> Val MAE Details: ['127.3410', '122.4427', '119.1181', '120.4902', '142.1757', '142.1026', '144.6656']
2026-04-17 07:53:12,774 - INFO - ⏳ No improvement. Patience: 1/50
2026-04-17 08:02:56,647 - INFO - [Epoch 93] Train Loss: 0.0238 | LR: 0.000078
2026-04-17 08:02:56,647 - INFO -     >>> Val Avg RMSE (Real): 186.4339
2026-04-17 08:02:56,648 - INFO -     >>> Val MAE Details: ['127.9882', '122.7585', '112.7948', '120.2426', '141.5244', '143.5880', '145.7512']
2026-04-17 08:02:57,793 - INFO - 💾 Saved Best Model to ./logs/ED5_repr_hybrid_fusion_UniFieldNet1_MultiTask7_20260416_163034/best_model.pth
2026-04-17 08:12:42,963 - INFO - [Epoch 94] Train Loss: 0.0236 | LR: 0.000078
2026-04-17 08:12:42,964 - INFO -     >>> Val Avg RMSE (Real): 186.8405
2026-04-17 08:12:42,964 - INFO -     >>> Val MAE Details: ['131.4357', '124.1609', '114.3851', '120.4691', '139.2033', '140.6488', '143.3689']
2026-04-17 08:12:42,964 - INFO - ⏳ No improvement. Patience: 1/50
2026-04-17 08:22:27,204 - INFO - [Epoch 95] Train Loss: 0.0233 | LR: 0.000077
2026-04-17 08:22:27,204 - INFO -     >>> Val Avg RMSE (Real): 191.7467
2026-04-17 08:22:27,204 - INFO -     >>> Val MAE Details: ['128.2417', '122.6871', '115.2482', '139.0224', '146.9960', '146.6830', '150.1792']
2026-04-17 08:22:27,205 - INFO - ⏳ No improvement. Patience: 2/50
2026-04-17 08:32:11,817 - INFO - [Epoch 96] Train Loss: 0.0233 | LR: 0.000077
2026-04-17 08:32:11,817 - INFO -     >>> Val Avg RMSE (Real): 189.0626
2026-04-17 08:32:11,817 - INFO -     >>> Val MAE Details: ['127.7497', '133.6039', '117.6083', '124.3464', '144.2484', '141.5375', '146.9676']
2026-04-17 08:32:11,818 - INFO - ⏳ No improvement. Patience: 3/50
2026-04-17 08:41:56,465 - INFO - [Epoch 97] Train Loss: 0.0233 | LR: 0.000076
2026-04-17 08:41:56,465 - INFO -     >>> Val Avg RMSE (Real): 185.7710
2026-04-17 08:41:56,465 - INFO -     >>> Val MAE Details: ['125.2372', '119.6710', '112.0552', '118.8748', '143.8261', '141.0586', '142.3864']
2026-04-17 08:41:57,576 - INFO - 💾 Saved Best Model to ./logs/ED5_repr_hybrid_fusion_UniFieldNet1_MultiTask7_20260416_163034/best_model.pth
2026-04-17 08:51:42,247 - INFO - [Epoch 98] Train Loss: 0.0231 | LR: 0.000076
2026-04-17 08:51:42,248 - INFO -     >>> Val Avg RMSE (Real): 187.6637
2026-04-17 08:51:42,248 - INFO -     >>> Val MAE Details: ['126.3152', '117.4594', '111.5088', '132.3566', '141.9288', '143.0133', '145.3450']
2026-04-17 08:51:42,248 - INFO - ⏳ No improvement. Patience: 1/50
2026-04-17 09:01:20,108 - INFO - [Epoch 99] Train Loss: 0.0232 | LR: 0.000075
2026-04-17 09:01:20,108 - INFO -     >>> Val Avg RMSE (Real): 188.1554
2026-04-17 09:01:20,109 - INFO -     >>> Val MAE Details: ['135.1360', '119.6189', '117.1476', '125.7892', '143.9027', '139.7426', '144.8212']
2026-04-17 09:01:20,109 - INFO - ⏳ No improvement. Patience: 2/50
2026-04-17 09:11:04,806 - INFO - [Epoch 100] Train Loss: 0.0231 | LR: 0.000075
2026-04-17 09:11:04,807 - INFO -     >>> Val Avg RMSE (Real): 186.8804
2026-04-17 09:11:04,807 - INFO -     >>> Val MAE Details: ['128.7060', '119.4173', '113.8018', '122.8373', '141.7150', '142.7100', '144.8967']
2026-04-17 09:11:04,807 - INFO - ⏳ No improvement. Patience: 3/50
2026-04-17 09:20:50,213 - INFO - [Epoch 101] Train Loss: 0.0230 | LR: 0.000075
2026-04-17 09:20:50,214 - INFO -     >>> Val Avg RMSE (Real): 187.8770
2026-04-17 09:20:50,214 - INFO -     >>> Val MAE Details: ['125.8999', '120.5915', '114.3546', '126.9765', '143.0684', '140.4041', '142.7284']
2026-04-17 09:20:50,214 - INFO - ⏳ No improvement. Patience: 4/50
2026-04-17 09:30:35,324 - INFO - [Epoch 102] Train Loss: 0.0229 | LR: 0.000074
2026-04-17 09:30:35,324 - INFO -     >>> Val Avg RMSE (Real): 187.5946
2026-04-17 09:30:35,324 - INFO -     >>> Val MAE Details: ['125.6894', '122.9122', '117.3249', '123.1257', '142.3701', '144.0311', '141.7285']
2026-04-17 09:30:35,325 - INFO - ⏳ No improvement. Patience: 5/50
2026-04-17 09:40:20,304 - INFO - [Epoch 103] Train Loss: 0.0227 | LR: 0.000074
2026-04-17 09:40:20,305 - INFO -     >>> Val Avg RMSE (Real): 190.9727
2026-04-17 09:40:20,305 - INFO -     >>> Val MAE Details: ['131.6703', '118.6526', '117.1705', '130.6258', '157.1384', '143.1922', '144.7081']
2026-04-17 09:40:20,305 - INFO - ⏳ No improvement. Patience: 6/50
2026-04-17 09:50:05,518 - INFO - [Epoch 104] Train Loss: 0.0226 | LR: 0.000073
2026-04-17 09:50:05,519 - INFO -     >>> Val Avg RMSE (Real): 187.6966
2026-04-17 09:50:05,519 - INFO -     >>> Val MAE Details: ['127.6900', '120.4927', '111.6291', '117.6411', '145.5006', '151.7855', '144.9101']
2026-04-17 09:50:05,519 - INFO - ⏳ No improvement. Patience: 7/50
2026-04-17 09:59:49,881 - INFO - [Epoch 105] Train Loss: 0.0226 | LR: 0.000073
2026-04-17 09:59:49,881 - INFO -     >>> Val Avg RMSE (Real): 187.5860
2026-04-17 09:59:49,882 - INFO -     >>> Val MAE Details: ['127.7478', '118.4938', '111.1358', '127.2377', '138.8525', '146.5858', '143.3384']
2026-04-17 09:59:49,882 - INFO - ⏳ No improvement. Patience: 8/50
2026-04-17 10:09:36,760 - INFO - [Epoch 106] Train Loss: 0.0226 | LR: 0.000072
2026-04-17 10:09:36,761 - INFO -     >>> Val Avg RMSE (Real): 187.5431
2026-04-17 10:09:36,761 - INFO -     >>> Val MAE Details: ['127.8686', '124.6931', '116.8001', '123.8881', '139.2934', '138.3334', '147.0359']
2026-04-17 10:09:36,761 - INFO - ⏳ No improvement. Patience: 9/50
2026-04-17 10:19:24,421 - INFO - [Epoch 107] Train Loss: 0.0223 | LR: 0.000072
2026-04-17 10:19:24,422 - INFO -     >>> Val Avg RMSE (Real): 185.2238
2026-04-17 10:19:24,422 - INFO -     >>> Val MAE Details: ['126.4862', '120.3288', '111.1663', '125.8219', '142.6640', '143.6439', '140.4283']
2026-04-17 10:19:25,543 - INFO - 💾 Saved Best Model to ./logs/ED5_repr_hybrid_fusion_UniFieldNet1_MultiTask7_20260416_163034/best_model.pth
2026-04-17 10:29:09,413 - INFO - [Epoch 108] Train Loss: 0.0222 | LR: 0.000071
2026-04-17 10:29:09,414 - INFO -     >>> Val Avg RMSE (Real): 184.4323
2026-04-17 10:29:09,414 - INFO -     >>> Val MAE Details: ['122.8943', '118.4839', '112.4812', '123.7679', '139.4158', '140.8056', '144.3241']
2026-04-17 10:29:10,729 - INFO - 💾 Saved Best Model to ./logs/ED5_repr_hybrid_fusion_UniFieldNet1_MultiTask7_20260416_163034/best_model.pth
2026-04-17 10:39:07,246 - INFO - [Epoch 109] Train Loss: 0.0223 | LR: 0.000071
2026-04-17 10:39:07,247 - INFO -     >>> Val Avg RMSE (Real): 184.6498
2026-04-17 10:39:07,247 - INFO -     >>> Val MAE Details: ['123.8627', '117.1246', '112.0480', '125.8170', '138.2283', '141.1251', '144.1535']
2026-04-17 10:39:07,247 - INFO - ⏳ No improvement. Patience: 1/50
2026-04-17 10:49:09,969 - INFO - [Epoch 110] Train Loss: 0.0224 | LR: 0.000070
2026-04-17 10:49:09,970 - INFO -     >>> Val Avg RMSE (Real): 185.2548
2026-04-17 10:49:09,970 - INFO -     >>> Val MAE Details: ['131.1459', '120.0034', '115.3644', '117.3498', '137.2069', '140.2892', '140.6405']
2026-04-17 10:49:09,970 - INFO - ⏳ No improvement. Patience: 2/50
2026-04-17 10:59:15,797 - INFO - [Epoch 111] Train Loss: 0.0220 | LR: 0.000070
2026-04-17 10:59:15,797 - INFO -     >>> Val Avg RMSE (Real): 184.8659
2026-04-17 10:59:15,797 - INFO -     >>> Val MAE Details: ['127.9143', '121.6674', '115.3415', '116.1919', '136.2926', '140.8938', '142.5602']
2026-04-17 10:59:15,798 - INFO - ⏳ No improvement. Patience: 3/50
2026-04-17 11:09:17,435 - INFO - [Epoch 112] Train Loss: 0.0221 | LR: 0.000069
2026-04-17 11:09:17,435 - INFO -     >>> Val Avg RMSE (Real): 187.9265
2026-04-17 11:09:17,436 - INFO -     >>> Val MAE Details: ['125.9266', '120.1596', '112.3369', '124.0135', '143.2116', '148.7697', '140.8590']
2026-04-17 11:09:17,436 - INFO - ⏳ No improvement. Patience: 4/50
2026-04-17 11:19:24,181 - INFO - [Epoch 113] Train Loss: 0.0220 | LR: 0.000069
2026-04-17 11:19:24,181 - INFO -     >>> Val Avg RMSE (Real): 183.2669
2026-04-17 11:19:24,181 - INFO -     >>> Val MAE Details: ['124.6864', '118.5875', '108.9629', '120.4434', '138.7052', '139.8009', '142.4318']
2026-04-17 11:19:25,319 - INFO - 💾 Saved Best Model to ./logs/ED5_repr_hybrid_fusion_UniFieldNet1_MultiTask7_20260416_163034/best_model.pth
2026-04-17 11:29:28,431 - INFO - [Epoch 114] Train Loss: 0.0218 | LR: 0.000068
2026-04-17 11:29:28,431 - INFO -     >>> Val Avg RMSE (Real): 186.1332
2026-04-17 11:29:28,432 - INFO -     >>> Val MAE Details: ['127.6919', '116.8291', '110.2997', '123.7495', '148.1295', '139.6784', '143.3801']
2026-04-17 11:29:28,432 - INFO - ⏳ No improvement. Patience: 1/50
2026-04-17 11:39:30,928 - INFO - [Epoch 115] Train Loss: 0.0219 | LR: 0.000068
2026-04-17 11:39:30,928 - INFO -     >>> Val Avg RMSE (Real): 186.4568
2026-04-17 11:39:30,928 - INFO -     >>> Val MAE Details: ['133.3912', '120.2085', '121.3914', '121.5367', '141.0652', '139.2386', '142.6761']
2026-04-17 11:39:30,928 - INFO - ⏳ No improvement. Patience: 2/50
2026-04-17 11:49:32,643 - INFO - [Epoch 116] Train Loss: 0.0220 | LR: 0.000067
2026-04-17 11:49:32,643 - INFO -     >>> Val Avg RMSE (Real): 186.8241
2026-04-17 11:49:32,644 - INFO -     >>> Val MAE Details: ['124.1004', '122.4003', '118.5047', '117.1620', '151.0719', '138.4703', '141.7588']
2026-04-17 11:49:32,644 - INFO - ⏳ No improvement. Patience: 3/50
2026-04-17 11:59:33,639 - INFO - [Epoch 117] Train Loss: 0.0217 | LR: 0.000067
2026-04-17 11:59:33,639 - INFO -     >>> Val Avg RMSE (Real): 186.5032
2026-04-17 11:59:33,639 - INFO -     >>> Val MAE Details: ['126.9492', '123.7743', '111.3912', '120.9891', '143.6404', '143.4397', '143.0817']
2026-04-17 11:59:33,639 - INFO - ⏳ No improvement. Patience: 4/50
2026-04-17 12:09:29,468 - INFO - [Epoch 118] Train Loss: 0.0217 | LR: 0.000066
2026-04-17 12:09:29,469 - INFO -     >>> Val Avg RMSE (Real): 186.9985
2026-04-17 12:09:29,469 - INFO -     >>> Val MAE Details: ['125.1641', '119.2186', '110.6434', '120.5479', '136.0704', '149.3986', '148.6508']
2026-04-17 12:09:29,469 - INFO - ⏳ No improvement. Patience: 5/50
2026-04-17 12:19:25,816 - INFO - [Epoch 119] Train Loss: 0.0215 | LR: 0.000066
2026-04-17 12:19:25,816 - INFO -     >>> Val Avg RMSE (Real): 184.4805
2026-04-17 12:19:25,817 - INFO -     >>> Val MAE Details: ['124.3936', '116.0564', '109.8450', '123.1345', '136.1419', '139.5937', '143.1879']
2026-04-17 12:19:25,817 - INFO - ⏳ No improvement. Patience: 6/50
2026-04-17 12:29:30,421 - INFO - [Epoch 120] Train Loss: 0.0216 | LR: 0.000065
2026-04-17 12:29:30,421 - INFO -     >>> Val Avg RMSE (Real): 183.3803
2026-04-17 12:29:30,422 - INFO -     >>> Val MAE Details: ['123.0532', '118.1270', '109.9155', '121.3036', '139.6163', '137.7275', '141.3508']
2026-04-17 12:29:30,422 - INFO - ⏳ No improvement. Patience: 7/50
2026-04-17 12:39:28,777 - INFO - [Epoch 121] Train Loss: 0.0213 | LR: 0.000065
2026-04-17 12:39:28,777 - INFO -     >>> Val Avg RMSE (Real): 190.2856
2026-04-17 12:39:28,778 - INFO -     >>> Val MAE Details: ['125.2123', '120.2919', '126.7796', '121.6727', '146.3406', '147.0619', '150.8055']
2026-04-17 12:39:28,778 - INFO - ⏳ No improvement. Patience: 8/50
2026-04-17 12:49:26,764 - INFO - [Epoch 122] Train Loss: 0.0213 | LR: 0.000064
2026-04-17 12:49:26,764 - INFO -     >>> Val Avg RMSE (Real): 184.4236
2026-04-17 12:49:26,765 - INFO -     >>> Val MAE Details: ['129.7814', '117.6950', '109.3353', '123.2645', '136.2516', '143.5480', '141.2523']
2026-04-17 12:49:26,765 - INFO - ⏳ No improvement. Patience: 9/50
2026-04-17 12:59:28,944 - INFO - [Epoch 123] Train Loss: 0.0212 | LR: 0.000064
2026-04-17 12:59:28,945 - INFO -     >>> Val Avg RMSE (Real): 185.5655
2026-04-17 12:59:28,945 - INFO -     >>> Val MAE Details: ['124.7702', '116.8829', '110.1350', '130.9655', '147.5215', '140.2215', '140.0426']
2026-04-17 12:59:28,945 - INFO - ⏳ No improvement. Patience: 10/50
2026-04-17 13:09:24,954 - INFO - [Epoch 124] Train Loss: 0.0210 | LR: 0.000063
2026-04-17 13:09:24,955 - INFO -     >>> Val Avg RMSE (Real): 181.2641
2026-04-17 13:09:24,955 - INFO -     >>> Val MAE Details: ['126.9603', '115.1980', '105.6059', '120.1230', '135.8820', '138.3060', '140.0724']
2026-04-17 13:09:26,104 - INFO - 💾 Saved Best Model to ./logs/ED5_repr_hybrid_fusion_UniFieldNet1_MultiTask7_20260416_163034/best_model.pth
2026-04-17 13:19:26,887 - INFO - [Epoch 125] Train Loss: 0.0212 | LR: 0.000063
2026-04-17 13:19:26,888 - INFO -     >>> Val Avg RMSE (Real): 185.8715
2026-04-17 13:19:26,888 - INFO -     >>> Val MAE Details: ['131.4239', '124.9166', '112.1580', '121.7341', '139.3224', '139.8385', '140.2750']
2026-04-17 13:19:26,888 - INFO - ⏳ No improvement. Patience: 1/50
2026-04-17 13:29:28,930 - INFO - [Epoch 126] Train Loss: 0.0211 | LR: 0.000062
2026-04-17 13:29:28,930 - INFO -     >>> Val Avg RMSE (Real): 183.3349
2026-04-17 13:29:28,931 - INFO -     >>> Val MAE Details: ['125.4228', '121.9810', '110.4741', '125.3674', '136.0716', '137.7925', '144.6426']
2026-04-17 13:29:28,931 - INFO - ⏳ No improvement. Patience: 2/50
2026-04-17 13:39:27,636 - INFO - [Epoch 127] Train Loss: 0.0209 | LR: 0.000062
2026-04-17 13:39:27,636 - INFO -     >>> Val Avg RMSE (Real): 184.3383
2026-04-17 13:39:27,636 - INFO -     >>> Val MAE Details: ['124.5667', '118.1845', '111.3393', '116.1698', '139.6109', '140.1758', '143.6561']
2026-04-17 13:39:27,636 - INFO - ⏳ No improvement. Patience: 3/50
2026-04-17 13:49:31,643 - INFO - [Epoch 128] Train Loss: 0.0208 | LR: 0.000061
2026-04-17 13:49:31,643 - INFO -     >>> Val Avg RMSE (Real): 184.1974
2026-04-17 13:49:31,643 - INFO -     >>> Val MAE Details: ['123.8691', '116.6613', '111.8270', '116.4974', '134.8691', '141.4691', '145.6126']
2026-04-17 13:49:31,644 - INFO - ⏳ No improvement. Patience: 4/50
2026-04-17 13:59:33,142 - INFO - [Epoch 129] Train Loss: 0.0209 | LR: 0.000061
2026-04-17 13:59:33,142 - INFO -     >>> Val Avg RMSE (Real): 182.7158
2026-04-17 13:59:33,142 - INFO -     >>> Val MAE Details: ['121.6512', '115.4420', '107.8330', '120.8598', '137.4729', '140.6317', '143.1641']
2026-04-17 13:59:33,143 - INFO - ⏳ No improvement. Patience: 5/50
2026-04-17 14:09:35,935 - INFO - [Epoch 130] Train Loss: 0.0207 | LR: 0.000060
2026-04-17 14:09:35,936 - INFO -     >>> Val Avg RMSE (Real): 180.7585
2026-04-17 14:09:35,936 - INFO -     >>> Val MAE Details: ['123.5545', '130.1595', '109.6010', '116.4097', '136.5021', '134.9467', '137.7949']
2026-04-17 14:09:37,086 - INFO - 💾 Saved Best Model to ./logs/ED5_repr_hybrid_fusion_UniFieldNet1_MultiTask7_20260416_163034/best_model.pth
2026-04-17 14:19:36,730 - INFO - [Epoch 131] Train Loss: 0.0205 | LR: 0.000060
2026-04-17 14:19:36,731 - INFO -     >>> Val Avg RMSE (Real): 182.4934
2026-04-17 14:19:36,731 - INFO -     >>> Val MAE Details: ['123.8859', '116.9011', '107.8216', '117.9147', '137.8766', '142.3697', '142.7930']
2026-04-17 14:19:36,731 - INFO - ⏳ No improvement. Patience: 1/50
2026-04-17 14:29:35,970 - INFO - [Epoch 132] Train Loss: 0.0207 | LR: 0.000059
2026-04-17 14:29:35,970 - INFO -     >>> Val Avg RMSE (Real): 180.9442
2026-04-17 14:29:35,970 - INFO -     >>> Val MAE Details: ['124.7214', '120.6348', '109.2620', '118.6805', '134.3958', '135.9726', '139.4532']
2026-04-17 14:29:35,971 - INFO - ⏳ No improvement. Patience: 2/50
2026-04-17 14:39:32,100 - INFO - [Epoch 133] Train Loss: 0.0207 | LR: 0.000059
2026-04-17 14:39:32,100 - INFO -     >>> Val Avg RMSE (Real): 181.9560
2026-04-17 14:39:32,101 - INFO -     >>> Val MAE Details: ['125.0905', '117.7227', '109.7158', '122.3893', '137.3852', '136.4862', '139.4094']
2026-04-17 14:39:32,101 - INFO - ⏳ No improvement. Patience: 3/50
2026-04-17 14:49:32,389 - INFO - [Epoch 134] Train Loss: 0.0205 | LR: 0.000058
2026-04-17 14:49:32,390 - INFO -     >>> Val Avg RMSE (Real): 180.9012
2026-04-17 14:49:32,390 - INFO -     >>> Val MAE Details: ['122.1388', '118.8214', '108.5072', '114.9316', '135.3069', '136.5927', '140.4310']
2026-04-17 14:49:32,390 - INFO - ⏳ No improvement. Patience: 4/50
2026-04-17 14:59:37,505 - INFO - [Epoch 135] Train Loss: 0.0205 | LR: 0.000058
2026-04-17 14:59:37,505 - INFO -     >>> Val Avg RMSE (Real): 180.7882
2026-04-17 14:59:37,506 - INFO -     >>> Val MAE Details: ['123.9260', '117.6374', '109.0703', '116.5844', '135.5800', '136.5622', '137.3980']
2026-04-17 14:59:37,506 - INFO - ⏳ No improvement. Patience: 5/50
2026-04-17 15:09:36,741 - INFO - [Epoch 136] Train Loss: 0.0204 | LR: 0.000057
2026-04-17 15:09:36,741 - INFO -     >>> Val Avg RMSE (Real): 181.9758
2026-04-17 15:09:36,741 - INFO -     >>> Val MAE Details: ['121.4501', '117.1446', '107.5631', '124.1567', '136.2065', '138.8559', '139.9691']
2026-04-17 15:09:36,741 - INFO - ⏳ No improvement. Patience: 6/50
2026-04-17 15:19:37,124 - INFO - [Epoch 137] Train Loss: 0.0201 | LR: 0.000057
2026-04-17 15:19:37,125 - INFO -     >>> Val Avg RMSE (Real): 181.0123
2026-04-17 15:19:37,125 - INFO -     >>> Val MAE Details: ['122.2911', '114.8590', '109.5452', '120.4684', '132.7819', '136.1371', '140.5288']
2026-04-17 15:19:37,125 - INFO - ⏳ No improvement. Patience: 7/50
2026-04-17 15:29:39,702 - INFO - [Epoch 138] Train Loss: 0.0201 | LR: 0.000056
2026-04-17 15:29:39,703 - INFO -     >>> Val Avg RMSE (Real): 181.9572
2026-04-17 15:29:39,703 - INFO -     >>> Val MAE Details: ['121.3681', '119.3321', '107.1909', '122.2813', '133.4109', '137.6599', '140.2314']
2026-04-17 15:29:39,703 - INFO - ⏳ No improvement. Patience: 8/50
2026-04-17 15:39:38,619 - INFO - [Epoch 139] Train Loss: 0.0203 | LR: 0.000056
2026-04-17 15:39:38,620 - INFO -     >>> Val Avg RMSE (Real): 182.7020
2026-04-17 15:39:38,620 - INFO -     >>> Val MAE Details: ['122.5792', '120.3472', '113.9914', '120.5159', '133.6161', '139.8164', '140.6016']
2026-04-17 15:39:38,620 - INFO - ⏳ No improvement. Patience: 9/50
2026-04-17 15:49:43,105 - INFO - [Epoch 140] Train Loss: 0.0201 | LR: 0.000055
2026-04-17 15:49:43,106 - INFO -     >>> Val Avg RMSE (Real): 185.2835
2026-04-17 15:49:43,106 - INFO -     >>> Val MAE Details: ['122.0919', '118.9220', '110.0194', '124.4925', '138.6893', '141.8669', '148.3102']
2026-04-17 15:49:43,106 - INFO - ⏳ No improvement. Patience: 10/50
2026-04-17 15:59:37,100 - INFO - [Epoch 141] Train Loss: 0.0201 | LR: 0.000055
2026-04-17 15:59:37,101 - INFO -     >>> Val Avg RMSE (Real): 181.2941
2026-04-17 15:59:37,101 - INFO -     >>> Val MAE Details: ['121.2902', '115.8989', '108.8638', '123.1415', '135.0964', '137.8021', '143.6773']
2026-04-17 15:59:37,101 - INFO - ⏳ No improvement. Patience: 11/50
2026-04-17 16:09:36,533 - INFO - [Epoch 142] Train Loss: 0.0201 | LR: 0.000054
2026-04-17 16:09:36,533 - INFO -     >>> Val Avg RMSE (Real): 183.7163
2026-04-17 16:09:36,533 - INFO -     >>> Val MAE Details: ['126.8954', '117.4536', '110.0897', '119.5192', '139.7538', '140.9439', '143.3892']
2026-04-17 16:09:36,533 - INFO - ⏳ No improvement. Patience: 12/50
2026-04-17 16:19:40,992 - INFO - [Epoch 143] Train Loss: 0.0200 | LR: 0.000054
2026-04-17 16:19:40,993 - INFO -     >>> Val Avg RMSE (Real): 180.6470
2026-04-17 16:19:40,993 - INFO -     >>> Val MAE Details: ['122.0808', '115.6959', '109.9383', '118.6773', '135.3753', '135.4132', '139.7742']
2026-04-17 16:19:42,134 - INFO - 💾 Saved Best Model to ./logs/ED5_repr_hybrid_fusion_UniFieldNet1_MultiTask7_20260416_163034/best_model.pth
2026-04-17 16:29:45,910 - INFO - [Epoch 144] Train Loss: 0.0201 | LR: 0.000053
2026-04-17 16:29:45,910 - INFO -     >>> Val Avg RMSE (Real): 182.0299
2026-04-17 16:29:45,910 - INFO -     >>> Val MAE Details: ['120.2912', '115.1242', '107.9090', '119.4218', '138.4790', '138.2338', '141.7934']
2026-04-17 16:29:45,911 - INFO - ⏳ No improvement. Patience: 1/50
2026-04-17 16:39:36,779 - INFO - [Epoch 145] Train Loss: 0.0199 | LR: 0.000053
2026-04-17 16:39:36,780 - INFO -     >>> Val Avg RMSE (Real): 181.9915
2026-04-17 16:39:36,780 - INFO -     >>> Val MAE Details: ['126.2751', '116.6811', '114.4426', '114.4832', '135.7279', '135.9268', '138.5754']
2026-04-17 16:39:36,780 - INFO - ⏳ No improvement. Patience: 2/50
2026-04-17 16:49:41,847 - INFO - [Epoch 146] Train Loss: 0.0197 | LR: 0.000052
2026-04-17 16:49:41,847 - INFO -     >>> Val Avg RMSE (Real): 181.8663
2026-04-17 16:49:41,847 - INFO -     >>> Val MAE Details: ['120.1730', '116.2288', '108.4798', '124.8554', '140.9908', '136.2065', '138.0060']
2026-04-17 16:49:41,847 - INFO - ⏳ No improvement. Patience: 3/50
2026-04-17 16:59:40,778 - INFO - [Epoch 147] Train Loss: 0.0197 | LR: 0.000052
2026-04-17 16:59:40,778 - INFO -     >>> Val Avg RMSE (Real): 182.2026
2026-04-17 16:59:40,778 - INFO -     >>> Val MAE Details: ['123.3516', '120.5107', '112.9717', '115.5655', '137.0449', '139.6808', '139.8269']
2026-04-17 16:59:40,778 - INFO - ⏳ No improvement. Patience: 4/50
2026-04-17 17:09:39,559 - INFO - [Epoch 148] Train Loss: 0.0196 | LR: 0.000051
2026-04-17 17:09:39,560 - INFO -     >>> Val Avg RMSE (Real): 179.5049
2026-04-17 17:09:39,560 - INFO -     >>> Val MAE Details: ['122.1856', '115.6665', '107.4300', '114.0287', '136.6032', '136.4713', '138.4143']
2026-04-17 17:09:40,709 - INFO - 💾 Saved Best Model to ./logs/ED5_repr_hybrid_fusion_UniFieldNet1_MultiTask7_20260416_163034/best_model.pth
2026-04-17 17:19:47,359 - INFO - [Epoch 149] Train Loss: 0.0196 | LR: 0.000051
2026-04-17 17:19:47,359 - INFO -     >>> Val Avg RMSE (Real): 180.4358
2026-04-17 17:19:47,359 - INFO -     >>> Val MAE Details: ['120.4748', '115.8941', '108.9073', '114.3353', '135.5677', '135.2428', '141.2058']
2026-04-17 17:19:47,360 - INFO - ⏳ No improvement. Patience: 1/50
2026-04-17 17:29:52,459 - INFO - [Epoch 150] Train Loss: 0.0195 | LR: 0.000050
2026-04-17 17:29:52,460 - INFO -     >>> Val Avg RMSE (Real): 182.9454
2026-04-17 17:29:52,460 - INFO -     >>> Val MAE Details: ['123.9925', '116.2544', '108.1396', '118.2252', '139.2209', '138.1726', '140.8622']
2026-04-17 17:29:52,460 - INFO - ⏳ No improvement. Patience: 2/50
2026-04-17 17:39:57,590 - INFO - [Epoch 151] Train Loss: 0.0196 | LR: 0.000049
2026-04-17 17:39:57,590 - INFO -     >>> Val Avg RMSE (Real): 180.2912
2026-04-17 17:39:57,591 - INFO -     >>> Val MAE Details: ['120.9556', '115.9539', '108.9045', '114.0172', '136.9073', '137.5028', '139.4485']
2026-04-17 17:39:57,591 - INFO - ⏳ No improvement. Patience: 3/50
2026-04-17 17:49:42,030 - INFO - [Epoch 152] Train Loss: 0.0194 | LR: 0.000049
2026-04-17 17:49:42,031 - INFO -     >>> Val Avg RMSE (Real): 186.3085
2026-04-17 17:49:42,031 - INFO -     >>> Val MAE Details: ['120.3642', '120.3258', '122.3047', '129.3538', '146.0900', '143.3762', '138.7606']
2026-04-17 17:49:42,031 - INFO - ⏳ No improvement. Patience: 4/50
2026-04-17 17:59:40,120 - INFO - [Epoch 153] Train Loss: 0.0193 | LR: 0.000048
2026-04-17 17:59:40,121 - INFO -     >>> Val Avg RMSE (Real): 182.4871
2026-04-17 17:59:40,121 - INFO -     >>> Val MAE Details: ['120.7499', '116.2539', '115.7529', '122.6979', '143.3104', '133.3606', '137.7579']
2026-04-17 17:59:40,121 - INFO - ⏳ No improvement. Patience: 5/50
2026-04-17 18:09:35,513 - INFO - [Epoch 154] Train Loss: 0.0194 | LR: 0.000048
2026-04-17 18:09:35,513 - INFO -     >>> Val Avg RMSE (Real): 178.8393
2026-04-17 18:09:35,514 - INFO -     >>> Val MAE Details: ['119.8948', '114.6863', '107.1395', '115.0905', '132.4357', '133.6194', '141.3712']
2026-04-17 18:09:36,862 - INFO - 💾 Saved Best Model to ./logs/ED5_repr_hybrid_fusion_UniFieldNet1_MultiTask7_20260416_163034/best_model.pth
2026-04-17 18:19:22,300 - INFO - [Epoch 155] Train Loss: 0.0193 | LR: 0.000047
2026-04-17 18:19:22,301 - INFO -     >>> Val Avg RMSE (Real): 179.0209
2026-04-17 18:19:22,301 - INFO -     >>> Val MAE Details: ['120.1490', '119.6351', '106.6250', '115.1082', '135.0792', '134.6501', '137.6604']
2026-04-17 18:19:22,301 - INFO - ⏳ No improvement. Patience: 1/50
2026-04-17 18:29:21,406 - INFO - [Epoch 156] Train Loss: 0.0192 | LR: 0.000047
2026-04-17 18:29:21,407 - INFO -     >>> Val Avg RMSE (Real): 181.2066
2026-04-17 18:29:21,407 - INFO -     >>> Val MAE Details: ['126.5747', '126.1105', '112.0858', '114.4179', '132.2978', '135.8256', '135.6514']
2026-04-17 18:29:21,407 - INFO - ⏳ No improvement. Patience: 2/50
2026-04-17 18:39:25,241 - INFO - [Epoch 157] Train Loss: 0.0191 | LR: 0.000046
2026-04-17 18:39:25,242 - INFO -     >>> Val Avg RMSE (Real): 181.7185
2026-04-17 18:39:25,242 - INFO -     >>> Val MAE Details: ['119.4706', '116.2439', '108.7763', '113.9893', '134.4893', '143.2252', '142.9457']
2026-04-17 18:39:25,242 - INFO - ⏳ No improvement. Patience: 3/50
2026-04-17 18:49:25,140 - INFO - [Epoch 158] Train Loss: 0.0191 | LR: 0.000046
2026-04-17 18:49:25,140 - INFO -     >>> Val Avg RMSE (Real): 179.0997
2026-04-17 18:49:25,140 - INFO -     >>> Val MAE Details: ['118.4713', '115.1906', '106.3358', '118.0867', '133.8850', '134.8665', '139.6217']
2026-04-17 18:49:25,140 - INFO - ⏳ No improvement. Patience: 4/50
2026-04-17 18:59:17,626 - INFO - [Epoch 159] Train Loss: 0.0191 | LR: 0.000045
2026-04-17 18:59:17,627 - INFO -     >>> Val Avg RMSE (Real): 179.9542
2026-04-17 18:59:17,627 - INFO -     >>> Val MAE Details: ['120.2639', '116.8272', '106.1227', '126.9871', '132.9386', '134.9899', '139.3920']
2026-04-17 18:59:17,627 - INFO - ⏳ No improvement. Patience: 5/50
2026-04-17 19:09:10,304 - INFO - [Epoch 160] Train Loss: 0.0190 | LR: 0.000045
2026-04-17 19:09:10,304 - INFO -     >>> Val Avg RMSE (Real): 177.9635
2026-04-17 19:09:10,304 - INFO -     >>> Val MAE Details: ['119.8849', '116.4125', '107.0743', '113.3791', '135.0836', '138.0714', '137.3113']
2026-04-17 19:09:11,662 - INFO - 💾 Saved Best Model to ./logs/ED5_repr_hybrid_fusion_UniFieldNet1_MultiTask7_20260416_163034/best_model.pth
2026-04-17 19:19:03,502 - INFO - [Epoch 161] Train Loss: 0.0189 | LR: 0.000044
2026-04-17 19:19:03,502 - INFO -     >>> Val Avg RMSE (Real): 178.7077
2026-04-17 19:19:03,503 - INFO -     >>> Val MAE Details: ['120.8330', '114.1628', '107.4636', '112.2348', '132.8662', '137.6332', '136.7146']
2026-04-17 19:19:03,503 - INFO - ⏳ No improvement. Patience: 1/50
2026-04-17 19:28:56,916 - INFO - [Epoch 162] Train Loss: 0.0189 | LR: 0.000044
2026-04-17 19:28:56,916 - INFO -     >>> Val Avg RMSE (Real): 179.5466
2026-04-17 19:28:56,916 - INFO -     >>> Val MAE Details: ['120.6261', '114.2247', '110.4773', '115.5205', '133.8061', '135.0443', '136.7726']
2026-04-17 19:28:56,917 - INFO - ⏳ No improvement. Patience: 2/50
2026-04-17 19:38:53,033 - INFO - [Epoch 163] Train Loss: 0.0188 | LR: 0.000043
2026-04-17 19:38:53,033 - INFO -     >>> Val Avg RMSE (Real): 179.5885
2026-04-17 19:38:53,033 - INFO -     >>> Val MAE Details: ['120.2243', '114.9060', '106.9476', '115.7224', '132.1116', '136.8940', '141.2719']
2026-04-17 19:38:53,033 - INFO - ⏳ No improvement. Patience: 3/50
2026-04-17 19:48:20,598 - INFO - [Epoch 164] Train Loss: 0.0187 | LR: 0.000043
2026-04-17 19:48:20,599 - INFO -     >>> Val Avg RMSE (Real): 179.3694
2026-04-17 19:48:20,599 - INFO -     >>> Val MAE Details: ['119.8359', '115.3447', '107.7315', '115.0991', '136.3517', '135.7784', '136.3169']
2026-04-17 19:48:20,599 - INFO - ⏳ No improvement. Patience: 4/50
2026-04-17 19:58:24,058 - INFO - [Epoch 165] Train Loss: 0.0188 | LR: 0.000042
2026-04-17 19:58:24,067 - INFO -     >>> Val Avg RMSE (Real): 176.6162
2026-04-17 19:58:24,067 - INFO -     >>> Val MAE Details: ['117.8413', '113.5128', '106.9560', '112.5901', '132.5175', '133.8055', '136.3799']
2026-04-17 19:58:25,218 - INFO - 💾 Saved Best Model to ./logs/ED5_repr_hybrid_fusion_UniFieldNet1_MultiTask7_20260416_163034/best_model.pth
2026-04-17 20:08:28,920 - INFO - [Epoch 166] Train Loss: 0.0186 | LR: 0.000042
2026-04-17 20:08:28,920 - INFO -     >>> Val Avg RMSE (Real): 182.5610
2026-04-17 20:08:28,920 - INFO -     >>> Val MAE Details: ['123.3677', '124.9479', '110.4988', '117.1997', '137.2185', '134.9977', '139.9770']
2026-04-17 20:08:28,920 - INFO - ⏳ No improvement. Patience: 1/50
2026-04-17 20:18:32,370 - INFO - [Epoch 167] Train Loss: 0.0186 | LR: 0.000041
2026-04-17 20:18:32,370 - INFO -     >>> Val Avg RMSE (Real): 177.6359
2026-04-17 20:18:32,371 - INFO -     >>> Val MAE Details: ['120.8479', '115.5031', '108.2521', '111.4448', '130.3410', '132.7065', '139.0780']
2026-04-17 20:18:32,371 - INFO - ⏳ No improvement. Patience: 2/50
2026-04-17 20:28:33,505 - INFO - [Epoch 168] Train Loss: 0.0187 | LR: 0.000041
2026-04-17 20:28:33,506 - INFO -     >>> Val Avg RMSE (Real): 180.6309
2026-04-17 20:28:33,506 - INFO -     >>> Val MAE Details: ['125.0277', '117.5477', '106.4505', '121.7653', '133.1671', '133.2094', '138.6602']
2026-04-17 20:28:33,506 - INFO - ⏳ No improvement. Patience: 3/50
2026-04-17 20:38:37,639 - INFO - [Epoch 169] Train Loss: 0.0185 | LR: 0.000040
2026-04-17 20:38:37,640 - INFO -     >>> Val Avg RMSE (Real): 178.6506
2026-04-17 20:38:37,640 - INFO -     >>> Val MAE Details: ['119.8968', '117.1674', '108.2715', '114.9053', '132.8839', '134.6075', '137.5287']
2026-04-17 20:38:37,640 - INFO - ⏳ No improvement. Patience: 4/50
2026-04-17 20:48:40,582 - INFO - [Epoch 170] Train Loss: 0.0185 | LR: 0.000040
2026-04-17 20:48:40,582 - INFO -     >>> Val Avg RMSE (Real): 176.6173
2026-04-17 20:48:40,582 - INFO -     >>> Val MAE Details: ['119.7901', '113.7086', '104.3169', '112.0657', '133.5968', '133.5803', '135.2027']
2026-04-17 20:48:40,582 - INFO - ⏳ No improvement. Patience: 5/50
2026-04-17 20:58:42,581 - INFO - [Epoch 171] Train Loss: 0.0184 | LR: 0.000039
2026-04-17 20:58:42,582 - INFO -     >>> Val Avg RMSE (Real): 178.9792
2026-04-17 20:58:42,582 - INFO -     >>> Val MAE Details: ['120.8512', '114.6700', '105.6451', '115.0170', '130.9761', '134.8307', '138.9163']
2026-04-17 20:58:42,582 - INFO - ⏳ No improvement. Patience: 6/50
2026-04-17 21:08:22,930 - INFO - [Epoch 172] Train Loss: 0.0186 | LR: 0.000039
2026-04-17 21:08:22,931 - INFO -     >>> Val Avg RMSE (Real): 184.0766
2026-04-17 21:08:22,931 - INFO -     >>> Val MAE Details: ['122.9840', '119.1525', '115.6497', '115.9896', '134.2687', '141.9560', '150.2164']
2026-04-17 21:08:22,931 - INFO - ⏳ No improvement. Patience: 7/50
2026-04-17 21:18:25,542 - INFO - [Epoch 173] Train Loss: 0.0183 | LR: 0.000038
2026-04-17 21:18:25,543 - INFO -     >>> Val Avg RMSE (Real): 177.8843
2026-04-17 21:18:25,543 - INFO -     >>> Val MAE Details: ['120.5713', '114.4511', '105.4516', '111.4314', '134.1744', '136.8374', '137.4951']
2026-04-17 21:18:25,543 - INFO - ⏳ No improvement. Patience: 8/50
2026-04-17 21:28:24,054 - INFO - [Epoch 174] Train Loss: 0.0183 | LR: 0.000038
2026-04-17 21:28:24,054 - INFO -     >>> Val Avg RMSE (Real): 177.7417
2026-04-17 21:28:24,055 - INFO -     >>> Val MAE Details: ['119.7427', '114.2992', '104.2952', '113.7027', '137.8751', '135.3646', '136.8030']
2026-04-17 21:28:24,055 - INFO - ⏳ No improvement. Patience: 9/50
2026-04-17 21:38:24,667 - INFO - [Epoch 175] Train Loss: 0.0183 | LR: 0.000037
2026-04-17 21:38:24,668 - INFO -     >>> Val Avg RMSE (Real): 182.9590
2026-04-17 21:38:24,668 - INFO -     >>> Val MAE Details: ['117.8964', '112.8711', '109.6925', '128.3746', '134.7727', '138.6898', '145.4173']
2026-04-17 21:38:24,668 - INFO - ⏳ No improvement. Patience: 10/50
2026-04-17 21:48:30,475 - INFO - [Epoch 176] Train Loss: 0.0182 | LR: 0.000037
2026-04-17 21:48:30,476 - INFO -     >>> Val Avg RMSE (Real): 178.2284
2026-04-17 21:48:30,476 - INFO -     >>> Val MAE Details: ['119.6635', '115.3546', '105.5124', '112.9896', '130.0141', '136.7403', '137.7290']
2026-04-17 21:48:30,476 - INFO - ⏳ No improvement. Patience: 11/50
2026-04-17 21:58:32,664 - INFO - [Epoch 177] Train Loss: 0.0184 | LR: 0.000036
2026-04-17 21:58:32,665 - INFO -     >>> Val Avg RMSE (Real): 178.7290
2026-04-17 21:58:32,665 - INFO -     >>> Val MAE Details: ['119.6732', '116.5355', '104.4838', '120.2941', '129.8410', '134.0605', '135.4416']
2026-04-17 21:58:32,665 - INFO - ⏳ No improvement. Patience: 12/50
2026-04-17 22:08:31,527 - INFO - [Epoch 178] Train Loss: 0.0182 | LR: 0.000036
2026-04-17 22:08:31,528 - INFO -     >>> Val Avg RMSE (Real): 177.2167
2026-04-17 22:08:31,528 - INFO -     >>> Val MAE Details: ['119.1290', '112.8869', '104.3307', '111.7673', '130.2687', '133.3394', '138.8988']
2026-04-17 22:08:31,528 - INFO - ⏳ No improvement. Patience: 13/50
2026-04-17 22:18:31,428 - INFO - [Epoch 179] Train Loss: 0.0181 | LR: 0.000035
2026-04-17 22:18:31,428 - INFO -     >>> Val Avg RMSE (Real): 177.7082
2026-04-17 22:18:31,428 - INFO -     >>> Val MAE Details: ['120.0016', '114.3883', '105.3333', '112.0213', '131.6261', '134.6110', '136.1507']
2026-04-17 22:18:31,428 - INFO - ⏳ No improvement. Patience: 14/50
2026-04-17 22:28:33,592 - INFO - [Epoch 180] Train Loss: 0.0180 | LR: 0.000035
2026-04-17 22:28:33,592 - INFO -     >>> Val Avg RMSE (Real): 176.7898
2026-04-17 22:28:33,593 - INFO -     >>> Val MAE Details: ['119.4612', '114.3427', '104.9373', '113.8463', '131.5756', '134.1798', '137.0689']
2026-04-17 22:28:33,593 - INFO - ⏳ No improvement. Patience: 15/50
2026-04-17 22:38:32,225 - INFO - [Epoch 181] Train Loss: 0.0180 | LR: 0.000034
2026-04-17 22:38:32,226 - INFO -     >>> Val Avg RMSE (Real): 179.4114
2026-04-17 22:38:32,226 - INFO -     >>> Val MAE Details: ['123.2682', '114.8211', '110.3772', '112.4933', '131.7475', '135.3097', '137.2381']
2026-04-17 22:38:32,226 - INFO - ⏳ No improvement. Patience: 16/50
2026-04-17 22:48:16,452 - INFO - [Epoch 182] Train Loss: 0.0179 | LR: 0.000034
2026-04-17 22:48:16,453 - INFO -     >>> Val Avg RMSE (Real): 177.6178
2026-04-17 22:48:16,453 - INFO -     >>> Val MAE Details: ['118.9090', '111.2321', '106.3483', '112.4487', '133.2648', '135.4285', '136.3669']
2026-04-17 22:48:16,453 - INFO - ⏳ No improvement. Patience: 17/50
2026-04-17 22:58:21,073 - INFO - [Epoch 183] Train Loss: 0.0179 | LR: 0.000033
2026-04-17 22:58:21,074 - INFO -     >>> Val Avg RMSE (Real): 179.0552
2026-04-17 22:58:21,074 - INFO -     >>> Val MAE Details: ['122.7133', '112.5870', '102.8369', '119.3652', '134.4441', '132.4950', '142.0419']
2026-04-17 22:58:21,074 - INFO - ⏳ No improvement. Patience: 18/50
2026-04-17 23:08:23,012 - INFO - [Epoch 184] Train Loss: 0.0177 | LR: 0.000033
2026-04-17 23:08:23,013 - INFO -     >>> Val Avg RMSE (Real): 178.8737
2026-04-17 23:08:23,013 - INFO -     >>> Val MAE Details: ['119.1746', '113.2286', '104.2833', '112.5805', '133.5280', '134.4917', '139.5849']
2026-04-17 23:08:23,013 - INFO - ⏳ No improvement. Patience: 19/50
2026-04-17 23:18:13,891 - INFO - [Epoch 185] Train Loss: 0.0178 | LR: 0.000032
2026-04-17 23:18:13,891 - INFO -     >>> Val Avg RMSE (Real): 180.5503
2026-04-17 23:18:13,892 - INFO -     >>> Val MAE Details: ['119.1674', '112.0334', '109.0244', '115.1958', '136.3760', '142.6722', '140.5842']
2026-04-17 23:18:13,892 - INFO - ⏳ No improvement. Patience: 20/50
2026-04-17 23:28:13,892 - INFO - [Epoch 186] Train Loss: 0.0178 | LR: 0.000032
2026-04-17 23:28:13,893 - INFO -     >>> Val Avg RMSE (Real): 178.1372
2026-04-17 23:28:13,893 - INFO -     >>> Val MAE Details: ['118.9439', '112.8387', '104.5442', '116.2654', '131.9353', '132.6799', '136.6970']
2026-04-17 23:28:13,893 - INFO - ⏳ No improvement. Patience: 21/50
2026-04-17 23:38:18,677 - INFO - [Epoch 187] Train Loss: 0.0177 | LR: 0.000031
2026-04-17 23:38:18,677 - INFO -     >>> Val Avg RMSE (Real): 176.6783
2026-04-17 23:38:18,678 - INFO -     >>> Val MAE Details: ['118.4202', '111.0271', '105.8430', '116.5027', '132.0320', '136.5707', '135.2991']
2026-04-17 23:38:18,678 - INFO - ⏳ No improvement. Patience: 22/50
2026-04-17 23:48:22,174 - INFO - [Epoch 188] Train Loss: 0.0176 | LR: 0.000031
2026-04-17 23:48:22,175 - INFO -     >>> Val Avg RMSE (Real): 178.0089
2026-04-17 23:48:22,175 - INFO -     >>> Val MAE Details: ['118.2568', '112.6986', '107.0008', '113.2419', '132.4785', '135.9016', '139.6207']
2026-04-17 23:48:22,175 - INFO - ⏳ No improvement. Patience: 23/50
2026-04-17 23:58:28,028 - INFO - [Epoch 189] Train Loss: 0.0176 | LR: 0.000030
2026-04-17 23:58:28,028 - INFO -     >>> Val Avg RMSE (Real): 178.6608
2026-04-17 23:58:28,028 - INFO -     >>> Val MAE Details: ['122.9768', '113.8041', '104.0214', '118.4470', '130.1242', '136.0629', '138.3977']
2026-04-17 23:58:28,028 - INFO - ⏳ No improvement. Patience: 24/50
2026-04-18 00:08:26,185 - INFO - [Epoch 190] Train Loss: 0.0175 | LR: 0.000030
2026-04-18 00:08:26,186 - INFO -     >>> Val Avg RMSE (Real): 176.9357
2026-04-18 00:08:26,186 - INFO -     >>> Val MAE Details: ['121.2028', '113.3489', '104.3998', '114.1604', '131.6936', '135.0300', '135.4120']
2026-04-18 00:08:26,186 - INFO - ⏳ No improvement. Patience: 25/50
2026-04-18 00:18:30,888 - INFO - [Epoch 191] Train Loss: 0.0174 | LR: 0.000029
2026-04-18 00:18:30,888 - INFO -     >>> Val Avg RMSE (Real): 176.1024
2026-04-18 00:18:30,888 - INFO -     >>> Val MAE Details: ['117.2370', '115.1956', '103.8485', '111.9897', '129.5738', '131.7347', '136.7985']
2026-04-18 00:18:32,031 - INFO - 💾 Saved Best Model to ./logs/ED5_repr_hybrid_fusion_UniFieldNet1_MultiTask7_20260416_163034/best_model.pth
2026-04-18 00:28:34,329 - INFO - [Epoch 192] Train Loss: 0.0174 | LR: 0.000029
2026-04-18 00:28:34,330 - INFO -     >>> Val Avg RMSE (Real): 180.5732
2026-04-18 00:28:34,330 - INFO -     >>> Val MAE Details: ['116.4012', '112.2004', '106.4389', '111.9425', '154.9514', '132.3019', '137.8831']
2026-04-18 00:28:34,330 - INFO - ⏳ No improvement. Patience: 1/50
2026-04-18 00:38:38,361 - INFO - [Epoch 193] Train Loss: 0.0175 | LR: 0.000028
2026-04-18 00:38:38,361 - INFO -     >>> Val Avg RMSE (Real): 176.7671
2026-04-18 00:38:38,361 - INFO -     >>> Val MAE Details: ['119.1450', '112.6370', '103.5780', '111.2471', '129.6896', '132.1163', '138.6053']
2026-04-18 00:38:38,362 - INFO - ⏳ No improvement. Patience: 2/50
2026-04-18 00:48:40,564 - INFO - [Epoch 194] Train Loss: 0.0173 | LR: 0.000028
2026-04-18 00:48:40,564 - INFO -     >>> Val Avg RMSE (Real): 178.4017
2026-04-18 00:48:40,564 - INFO -     >>> Val MAE Details: ['119.8889', '113.6352', '103.7495', '112.5733', '132.0226', '135.8869', '140.3866']
2026-04-18 00:48:40,564 - INFO - ⏳ No improvement. Patience: 3/50
2026-04-18 00:58:41,566 - INFO - [Epoch 195] Train Loss: 0.0174 | LR: 0.000027
2026-04-18 00:58:41,566 - INFO -     >>> Val Avg RMSE (Real): 176.9290
2026-04-18 00:58:41,566 - INFO -     >>> Val MAE Details: ['117.7517', '115.2540', '102.6933', '113.9424', '133.4612', '133.2041', '137.9476']
2026-04-18 00:58:41,566 - INFO - ⏳ No improvement. Patience: 4/50
2026-04-18 01:08:47,543 - INFO - [Epoch 196] Train Loss: 0.0173 | LR: 0.000027
2026-04-18 01:08:47,544 - INFO -     >>> Val Avg RMSE (Real): 176.3116
2026-04-18 01:08:47,544 - INFO -     >>> Val MAE Details: ['118.6675', '111.8271', '103.5844', '111.0783', '130.7130', '132.9068', '136.5440']
2026-04-18 01:08:47,544 - INFO - ⏳ No improvement. Patience: 5/50
2026-04-18 01:18:51,476 - INFO - [Epoch 197] Train Loss: 0.0172 | LR: 0.000026
2026-04-18 01:18:51,477 - INFO -     >>> Val Avg RMSE (Real): 177.9184
2026-04-18 01:18:51,477 - INFO -     >>> Val MAE Details: ['118.3148', '115.3485', '109.0609', '110.9332', '130.3294', '136.2121', '136.2270']
2026-04-18 01:18:51,477 - INFO - ⏳ No improvement. Patience: 6/50
2026-04-18 01:28:51,438 - INFO - [Epoch 198] Train Loss: 0.0173 | LR: 0.000026
2026-04-18 01:28:51,439 - INFO -     >>> Val Avg RMSE (Real): 176.7471
2026-04-18 01:28:51,439 - INFO -     >>> Val MAE Details: ['117.6178', '114.9322', '106.2496', '111.8996', '129.8052', '132.2785', '134.3895']
2026-04-18 01:28:51,439 - INFO - ⏳ No improvement. Patience: 7/50
2026-04-18 01:38:45,957 - INFO - [Epoch 199] Train Loss: 0.0172 | LR: 0.000025
2026-04-18 01:38:45,958 - INFO -     >>> Val Avg RMSE (Real): 177.2656
2026-04-18 01:38:45,958 - INFO -     >>> Val MAE Details: ['118.5313', '115.8986', '103.7129', '116.1505', '129.2753', '132.6339', '135.8051']
2026-04-18 01:38:45,958 - INFO - ⏳ No improvement. Patience: 8/50
2026-04-18 01:48:44,356 - INFO - [Epoch 200] Train Loss: 0.0171 | LR: 0.000025
2026-04-18 01:48:44,356 - INFO -     >>> Val Avg RMSE (Real): 176.5507
2026-04-18 01:48:44,356 - INFO -     >>> Val MAE Details: ['120.4573', '112.5730', '103.5484', '111.4959', '129.3841', '132.8948', '134.5940']
2026-04-18 01:48:44,356 - INFO - ⏳ No improvement. Patience: 9/50
2026-04-18 01:58:45,098 - INFO - [Epoch 201] Train Loss: 0.0171 | LR: 0.000025
2026-04-18 01:58:45,098 - INFO -     >>> Val Avg RMSE (Real): 175.6219
2026-04-18 01:58:45,098 - INFO -     >>> Val MAE Details: ['117.9079', '111.8328', '102.4792', '112.4539', '128.5928', '132.8921', '136.2942']
2026-04-18 01:58:46,132 - INFO - 💾 Saved Best Model to ./logs/ED5_repr_hybrid_fusion_UniFieldNet1_MultiTask7_20260416_163034/best_model.pth
2026-04-18 02:08:51,311 - INFO - [Epoch 202] Train Loss: 0.0172 | LR: 0.000024
2026-04-18 02:08:51,311 - INFO -     >>> Val Avg RMSE (Real): 175.9508
2026-04-18 02:08:51,312 - INFO -     >>> Val MAE Details: ['119.3877', '110.6964', '102.8200', '110.6671', '130.0760', '131.5366', '139.9622']
2026-04-18 02:08:51,312 - INFO - ⏳ No improvement. Patience: 1/50
2026-04-18 02:18:46,236 - INFO - [Epoch 203] Train Loss: 0.0171 | LR: 0.000024
2026-04-18 02:18:46,236 - INFO -     >>> Val Avg RMSE (Real): 178.0112
2026-04-18 02:18:46,237 - INFO -     >>> Val MAE Details: ['122.5047', '111.5404', '107.4881', '112.6091', '134.1227', '133.7154', '138.0569']
2026-04-18 02:18:46,237 - INFO - ⏳ No improvement. Patience: 2/50
2026-04-18 02:28:47,091 - INFO - [Epoch 204] Train Loss: 0.0171 | LR: 0.000023
2026-04-18 02:28:47,092 - INFO -     >>> Val Avg RMSE (Real): 177.9190
2026-04-18 02:28:47,092 - INFO -     >>> Val MAE Details: ['120.1515', '110.6304', '104.0936', '111.2028', '135.2429', '133.2106', '138.4023']
2026-04-18 02:28:47,092 - INFO - ⏳ No improvement. Patience: 3/50
2026-04-18 02:38:47,088 - INFO - [Epoch 205] Train Loss: 0.0169 | LR: 0.000023
2026-04-18 02:38:47,088 - INFO -     >>> Val Avg RMSE (Real): 175.9166
2026-04-18 02:38:47,089 - INFO -     >>> Val MAE Details: ['117.3657', '113.3687', '102.5592', '113.8869', '133.0695', '132.1740', '135.7161']
2026-04-18 02:38:47,089 - INFO - ⏳ No improvement. Patience: 4/50
2026-04-18 02:48:48,486 - INFO - [Epoch 206] Train Loss: 0.0170 | LR: 0.000022
2026-04-18 02:48:48,486 - INFO -     >>> Val Avg RMSE (Real): 176.8469
2026-04-18 02:48:48,486 - INFO -     >>> Val MAE Details: ['117.5286', '110.9245', '103.7948', '112.3486', '130.9403', '132.0804', '138.9082']
2026-04-18 02:48:48,486 - INFO - ⏳ No improvement. Patience: 5/50
2026-04-18 02:58:50,243 - INFO - [Epoch 207] Train Loss: 0.0168 | LR: 0.000022
2026-04-18 02:58:50,243 - INFO -     >>> Val Avg RMSE (Real): 175.1726
2026-04-18 02:58:50,243 - INFO -     >>> Val MAE Details: ['117.1902', '112.0672', '102.6155', '110.3515', '130.8498', '133.0317', '133.5857']
2026-04-18 02:58:51,562 - INFO - 💾 Saved Best Model to ./logs/ED5_repr_hybrid_fusion_UniFieldNet1_MultiTask7_20260416_163034/best_model.pth
2026-04-18 03:08:56,987 - INFO - [Epoch 208] Train Loss: 0.0169 | LR: 0.000021
2026-04-18 03:08:56,987 - INFO -     >>> Val Avg RMSE (Real): 176.2628
2026-04-18 03:08:56,987 - INFO -     >>> Val MAE Details: ['117.3678', '111.8915', '101.5856', '112.7915', '130.7857', '134.4780', '135.5153']
2026-04-18 03:08:56,988 - INFO - ⏳ No improvement. Patience: 1/50
2026-04-18 03:19:05,383 - INFO - [Epoch 209] Train Loss: 0.0167 | LR: 0.000021
2026-04-18 03:19:05,383 - INFO -     >>> Val Avg RMSE (Real): 176.8796
2026-04-18 03:19:05,384 - INFO -     >>> Val MAE Details: ['119.6422', '110.8629', '102.7519', '111.3265', '129.8347', '132.6891', '139.0429']
2026-04-18 03:19:05,384 - INFO - ⏳ No improvement. Patience: 2/50
2026-04-18 03:29:10,155 - INFO - [Epoch 210] Train Loss: 0.0168 | LR: 0.000021
2026-04-18 03:29:10,155 - INFO -     >>> Val Avg RMSE (Real): 175.4534
2026-04-18 03:29:10,156 - INFO -     >>> Val MAE Details: ['117.7516', '110.8734', '103.9947', '109.6103', '127.8700', '136.8230', '135.1628']
2026-04-18 03:29:10,156 - INFO - ⏳ No improvement. Patience: 3/50
2026-04-18 03:39:12,839 - INFO - [Epoch 211] Train Loss: 0.0168 | LR: 0.000020
2026-04-18 03:39:12,839 - INFO -     >>> Val Avg RMSE (Real): 175.4949
2026-04-18 03:39:12,839 - INFO -     >>> Val MAE Details: ['117.4449', '111.2901', '104.1137', '110.7995', '129.0136', '133.1442', '134.7950']
2026-04-18 03:39:12,839 - INFO - ⏳ No improvement. Patience: 4/50
2026-04-18 03:49:18,146 - INFO - [Epoch 212] Train Loss: 0.0166 | LR: 0.000020
2026-04-18 03:49:18,147 - INFO -     >>> Val Avg RMSE (Real): 174.8290
2026-04-18 03:49:18,147 - INFO -     >>> Val MAE Details: ['115.9466', '110.1947', '102.2037', '110.7598', '129.0607', '131.6025', '135.4182']
2026-04-18 03:49:19,265 - INFO - 💾 Saved Best Model to ./logs/ED5_repr_hybrid_fusion_UniFieldNet1_MultiTask7_20260416_163034/best_model.pth
2026-04-18 03:59:17,325 - INFO - [Epoch 213] Train Loss: 0.0167 | LR: 0.000019
2026-04-18 03:59:17,325 - INFO -     >>> Val Avg RMSE (Real): 175.0483
2026-04-18 03:59:17,325 - INFO -     >>> Val MAE Details: ['117.9137', '111.0902', '101.7504', '110.4321', '130.2785', '131.6575', '134.4862']
2026-04-18 03:59:17,325 - INFO - ⏳ No improvement. Patience: 1/50
2026-04-18 04:09:16,061 - INFO - [Epoch 214] Train Loss: 0.0166 | LR: 0.000019
2026-04-18 04:09:16,062 - INFO -     >>> Val Avg RMSE (Real): 177.4894
2026-04-18 04:09:16,062 - INFO -     >>> Val MAE Details: ['117.2161', '111.3831', '102.5531', '114.1393', '137.1630', '132.0520', '135.0257']
2026-04-18 04:09:16,062 - INFO - ⏳ No improvement. Patience: 2/50
2026-04-18 04:19:09,907 - INFO - [Epoch 215] Train Loss: 0.0166 | LR: 0.000019
2026-04-18 04:19:09,908 - INFO -     >>> Val Avg RMSE (Real): 177.0381
2026-04-18 04:19:09,908 - INFO -     >>> Val MAE Details: ['116.8776', '110.8563', '111.4813', '113.8183', '128.4066', '135.0260', '135.8413']
2026-04-18 04:19:09,908 - INFO - ⏳ No improvement. Patience: 3/50
2026-04-18 04:29:04,269 - INFO - [Epoch 216] Train Loss: 0.0165 | LR: 0.000018
2026-04-18 04:29:04,269 - INFO -     >>> Val Avg RMSE (Real): 177.3160
2026-04-18 04:29:04,269 - INFO -     >>> Val MAE Details: ['117.2303', '114.9377', '108.7365', '115.5749', '128.7941', '130.8696', '134.9818']
2026-04-18 04:29:04,269 - INFO - ⏳ No improvement. Patience: 4/50
2026-04-18 04:38:57,712 - INFO - [Epoch 217] Train Loss: 0.0165 | LR: 0.000018
2026-04-18 04:38:57,712 - INFO -     >>> Val Avg RMSE (Real): 175.6822
2026-04-18 04:38:57,713 - INFO -     >>> Val MAE Details: ['117.2021', '111.1018', '103.3242', '110.4424', '128.1523', '135.2766', '135.5107']
2026-04-18 04:38:57,713 - INFO - ⏳ No improvement. Patience: 5/50
2026-04-18 04:48:50,917 - INFO - [Epoch 218] Train Loss: 0.0166 | LR: 0.000017
2026-04-18 04:48:50,917 - INFO -     >>> Val Avg RMSE (Real): 175.1027
2026-04-18 04:48:50,917 - INFO -     >>> Val MAE Details: ['118.6625', '110.5826', '102.6247', '109.1981', '128.4884', '134.8230', '134.7317']
2026-04-18 04:48:50,918 - INFO - ⏳ No improvement. Patience: 6/50
2026-04-18 04:58:44,109 - INFO - [Epoch 219] Train Loss: 0.0164 | LR: 0.000017
2026-04-18 04:58:44,110 - INFO -     >>> Val Avg RMSE (Real): 175.7771
2026-04-18 04:58:44,110 - INFO -     >>> Val MAE Details: ['120.1164', '112.5291', '101.4470', '110.3279', '128.5866', '130.5629', '136.1605']
2026-04-18 04:58:44,110 - INFO - ⏳ No improvement. Patience: 7/50
2026-04-18 05:08:36,418 - INFO - [Epoch 220] Train Loss: 0.0164 | LR: 0.000017
2026-04-18 05:08:36,419 - INFO -     >>> Val Avg RMSE (Real): 175.6314
2026-04-18 05:08:36,419 - INFO -     >>> Val MAE Details: ['116.2417', '110.3425', '101.9011', '114.9386', '130.3771', '131.7047', '135.5916']
2026-04-18 05:08:36,419 - INFO - ⏳ No improvement. Patience: 8/50
2026-04-18 05:18:29,664 - INFO - [Epoch 221] Train Loss: 0.0163 | LR: 0.000016
2026-04-18 05:18:29,665 - INFO -     >>> Val Avg RMSE (Real): 176.0313
2026-04-18 05:18:29,665 - INFO -     >>> Val MAE Details: ['118.4226', '110.4391', '104.1635', '110.5891', '128.4498', '131.7223', '136.5645']
2026-04-18 05:18:29,665 - INFO - ⏳ No improvement. Patience: 9/50
2026-04-18 05:28:20,207 - INFO - [Epoch 222] Train Loss: 0.0163 | LR: 0.000016
2026-04-18 05:28:20,208 - INFO -     >>> Val Avg RMSE (Real): 174.9888
2026-04-18 05:28:20,208 - INFO -     >>> Val MAE Details: ['116.8620', '112.0188', '102.6652', '109.9134', '130.3188', '131.2441', '134.7308']
2026-04-18 05:28:20,208 - INFO - ⏳ No improvement. Patience: 10/50
2026-04-18 05:38:12,999 - INFO - [Epoch 223] Train Loss: 0.0163 | LR: 0.000015
2026-04-18 05:38:13,000 - INFO -     >>> Val Avg RMSE (Real): 176.1631
2026-04-18 05:38:13,000 - INFO -     >>> Val MAE Details: ['118.3119', '112.0147', '102.3122', '110.8315', '128.4204', '134.8477', '134.5986']
2026-04-18 05:38:13,000 - INFO - ⏳ No improvement. Patience: 11/50
2026-04-18 05:48:07,123 - INFO - [Epoch 224] Train Loss: 0.0163 | LR: 0.000015
2026-04-18 05:48:07,123 - INFO -     >>> Val Avg RMSE (Real): 174.2014
2026-04-18 05:48:07,124 - INFO -     >>> Val MAE Details: ['115.0799', '111.3289', '101.7757', '109.8859', '128.1423', '132.2907', '133.3969']
2026-04-18 05:48:08,082 - INFO - 💾 Saved Best Model to ./logs/ED5_repr_hybrid_fusion_UniFieldNet1_MultiTask7_20260416_163034/best_model.pth
2026-04-18 05:58:00,816 - INFO - [Epoch 225] Train Loss: 0.0162 | LR: 0.000015
2026-04-18 05:58:00,816 - INFO -     >>> Val Avg RMSE (Real): 174.6452
2026-04-18 05:58:00,817 - INFO -     >>> Val MAE Details: ['115.4110', '112.1315', '103.9376', '114.7033', '127.9816', '130.9474', '133.3765']
2026-04-18 05:58:00,817 - INFO - ⏳ No improvement. Patience: 1/50
2026-04-18 06:07:55,290 - INFO - [Epoch 226] Train Loss: 0.0162 | LR: 0.000014
2026-04-18 06:07:55,290 - INFO -     >>> Val Avg RMSE (Real): 174.9221
2026-04-18 06:07:55,291 - INFO -     >>> Val MAE Details: ['120.1777', '112.3603', '102.7000', '109.7307', '127.3565', '130.6530', '133.3096']
2026-04-18 06:07:55,291 - INFO - ⏳ No improvement. Patience: 2/50
2026-04-18 06:17:48,134 - INFO - [Epoch 227] Train Loss: 0.0161 | LR: 0.000014
2026-04-18 06:17:48,135 - INFO -     >>> Val Avg RMSE (Real): 175.4236
2026-04-18 06:17:48,135 - INFO -     >>> Val MAE Details: ['116.5187', '109.5801', '101.2683', '108.3032', '129.5371', '131.7905', '137.4981']
2026-04-18 06:17:48,135 - INFO - ⏳ No improvement. Patience: 3/50
2026-04-18 06:27:41,679 - INFO - [Epoch 228] Train Loss: 0.0161 | LR: 0.000014
2026-04-18 06:27:41,680 - INFO -     >>> Val Avg RMSE (Real): 174.2646
2026-04-18 06:27:41,680 - INFO -     >>> Val MAE Details: ['116.1651', '110.1049', '104.9272', '109.3237', '127.2859', '131.7593', '133.8292']
2026-04-18 06:27:41,680 - INFO - ⏳ No improvement. Patience: 4/50
2026-04-18 06:37:35,875 - INFO - [Epoch 229] Train Loss: 0.0161 | LR: 0.000013
2026-04-18 06:37:35,875 - INFO -     >>> Val Avg RMSE (Real): 174.7914
2026-04-18 06:37:35,876 - INFO -     >>> Val MAE Details: ['117.9533', '110.0966', '102.2638', '109.4063', '128.8318', '131.4264', '136.7581']
2026-04-18 06:37:35,876 - INFO - ⏳ No improvement. Patience: 5/50
2026-04-18 06:47:29,577 - INFO - [Epoch 230] Train Loss: 0.0161 | LR: 0.000013
2026-04-18 06:47:29,577 - INFO -     >>> Val Avg RMSE (Real): 173.5496
2026-04-18 06:47:29,577 - INFO -     >>> Val MAE Details: ['115.4830', '110.4251', '100.9063', '108.7571', '126.5490', '130.4070', '134.5746']
2026-04-18 06:47:30,709 - INFO - 💾 Saved Best Model to ./logs/ED5_repr_hybrid_fusion_UniFieldNet1_MultiTask7_20260416_163034/best_model.pth
2026-04-18 06:57:23,688 - INFO - [Epoch 231] Train Loss: 0.0160 | LR: 0.000012
2026-04-18 06:57:23,688 - INFO -     >>> Val Avg RMSE (Real): 174.7446
2026-04-18 06:57:23,688 - INFO -     >>> Val MAE Details: ['117.7383', '109.7092', '102.3754', '108.8848', '128.6058', '132.2870', '134.5964']
2026-04-18 06:57:23,688 - INFO - ⏳ No improvement. Patience: 1/50
2026-04-18 07:07:17,306 - INFO - [Epoch 232] Train Loss: 0.0159 | LR: 0.000012
2026-04-18 07:07:17,306 - INFO -     >>> Val Avg RMSE (Real): 174.5501
2026-04-18 07:07:17,307 - INFO -     >>> Val MAE Details: ['115.8715', '110.8781', '103.4273', '109.3298', '128.2333', '131.2649', '133.9658']
2026-04-18 07:07:17,307 - INFO - ⏳ No improvement. Patience: 2/50
2026-04-18 07:17:06,322 - INFO - [Epoch 233] Train Loss: 0.0159 | LR: 0.000012
2026-04-18 07:17:06,323 - INFO -     >>> Val Avg RMSE (Real): 174.5249
2026-04-18 07:17:06,323 - INFO -     >>> Val MAE Details: ['116.6157', '110.8868', '101.7359', '109.7543', '127.2616', '130.7375', '135.1393']
2026-04-18 07:17:06,323 - INFO - ⏳ No improvement. Patience: 3/50
2026-04-18 07:26:51,118 - INFO - [Epoch 234] Train Loss: 0.0159 | LR: 0.000011
2026-04-18 07:26:51,118 - INFO -     >>> Val Avg RMSE (Real): 174.8738
2026-04-18 07:26:51,119 - INFO -     >>> Val MAE Details: ['115.8920', '110.8642', '103.4453', '109.9104', '128.7633', '130.7668', '135.4459']
2026-04-18 07:26:51,119 - INFO - ⏳ No improvement. Patience: 4/50
2026-04-18 07:36:43,002 - INFO - [Epoch 235] Train Loss: 0.0159 | LR: 0.000011
2026-04-18 07:36:43,003 - INFO -     >>> Val Avg RMSE (Real): 174.0814
2026-04-18 07:36:43,003 - INFO -     >>> Val MAE Details: ['116.1263', '109.0424', '102.1027', '110.8805', '128.0904', '131.1522', '134.2642']
2026-04-18 07:36:43,003 - INFO - ⏳ No improvement. Patience: 5/50
2026-04-18 07:46:36,653 - INFO - [Epoch 236] Train Loss: 0.0159 | LR: 0.000011
2026-04-18 07:46:36,654 - INFO -     >>> Val Avg RMSE (Real): 174.4423
2026-04-18 07:46:36,654 - INFO -     >>> Val MAE Details: ['117.9274', '110.2480', '101.3266', '110.9629', '127.0065', '130.9822', '133.7311']
2026-04-18 07:46:36,654 - INFO - ⏳ No improvement. Patience: 6/50
2026-04-18 07:56:27,544 - INFO - [Epoch 237] Train Loss: 0.0158 | LR: 0.000010
2026-04-18 07:56:27,544 - INFO -     >>> Val Avg RMSE (Real): 174.7644
2026-04-18 07:56:27,545 - INFO -     >>> Val MAE Details: ['115.2923', '109.0059', '101.6054', '111.3875', '127.1940', '131.4244', '136.7271']
2026-04-18 07:56:27,545 - INFO - ⏳ No improvement. Patience: 7/50
2026-04-18 08:06:20,993 - INFO - [Epoch 238] Train Loss: 0.0158 | LR: 0.000010
2026-04-18 08:06:20,993 - INFO -     >>> Val Avg RMSE (Real): 175.0689
2026-04-18 08:06:20,994 - INFO -     >>> Val MAE Details: ['115.9763', '109.5162', '102.8485', '109.4212', '131.6523', '131.1749', '134.4478']
2026-04-18 08:06:20,994 - INFO - ⏳ No improvement. Patience: 8/50
2026-04-18 08:16:17,741 - INFO - [Epoch 239] Train Loss: 0.0158 | LR: 0.000010
2026-04-18 08:16:17,742 - INFO -     >>> Val Avg RMSE (Real): 174.2896
2026-04-18 08:16:17,742 - INFO -     >>> Val MAE Details: ['117.0212', '109.6652', '101.4758', '108.9281', '127.4654', '131.2236', '133.7387']
2026-04-18 08:16:17,742 - INFO - ⏳ No improvement. Patience: 9/50
2026-04-18 08:26:11,953 - INFO - [Epoch 240] Train Loss: 0.0157 | LR: 0.000010
2026-04-18 08:26:11,953 - INFO -     >>> Val Avg RMSE (Real): 173.7444
2026-04-18 08:26:11,953 - INFO -     >>> Val MAE Details: ['117.5334', '110.6358', '100.1831', '108.8333', '127.1057', '130.3495', '133.6819']
2026-04-18 08:26:11,953 - INFO - ⏳ No improvement. Patience: 10/50
2026-04-18 08:36:06,001 - INFO - [Epoch 241] Train Loss: 0.0158 | LR: 0.000009
2026-04-18 08:36:06,002 - INFO -     >>> Val Avg RMSE (Real): 175.7585
2026-04-18 08:36:06,002 - INFO -     >>> Val MAE Details: ['115.5711', '111.0160', '103.5928', '110.7166', '131.2749', '130.8832', '137.6842']
2026-04-18 08:36:06,002 - INFO - ⏳ No improvement. Patience: 11/50
2026-04-18 08:45:58,959 - INFO - [Epoch 242] Train Loss: 0.0157 | LR: 0.000009
2026-04-18 08:45:58,959 - INFO -     >>> Val Avg RMSE (Real): 173.6510
2026-04-18 08:45:58,959 - INFO -     >>> Val MAE Details: ['114.6888', '110.1192', '100.8085', '109.0991', '126.5800', '131.2626', '134.2200']
2026-04-18 08:45:58,959 - INFO - ⏳ No improvement. Patience: 12/50
2026-04-18 08:55:42,549 - INFO - [Epoch 243] Train Loss: 0.0156 | LR: 0.000009
2026-04-18 08:55:42,549 - INFO -     >>> Val Avg RMSE (Real): 173.0640
2026-04-18 08:55:42,549 - INFO -     >>> Val MAE Details: ['115.6127', '109.0582', '101.3077', '109.9850', '127.1382', '129.6008', '132.6629']
2026-04-18 08:55:43,662 - INFO - 💾 Saved Best Model to ./logs/ED5_repr_hybrid_fusion_UniFieldNet1_MultiTask7_20260416_163034/best_model.pth
2026-04-18 09:04:51,992 - INFO - [Epoch 244] Train Loss: 0.0156 | LR: 0.000008
2026-04-18 09:04:51,992 - INFO -     >>> Val Avg RMSE (Real): 173.8026
2026-04-18 09:04:51,992 - INFO -     >>> Val MAE Details: ['115.3751', '108.5771', '102.2084', '109.4683', '127.2193', '131.0368', '134.7329']
2026-04-18 09:04:51,992 - INFO - ⏳ No improvement. Patience: 1/50
2026-04-18 09:14:45,841 - INFO - [Epoch 245] Train Loss: 0.0156 | LR: 0.000008
2026-04-18 09:14:45,842 - INFO -     >>> Val Avg RMSE (Real): 173.6809
2026-04-18 09:14:45,842 - INFO -     >>> Val MAE Details: ['116.1715', '109.3434', '101.0441', '108.4613', '128.9149', '130.1562', '133.5675']
2026-04-18 09:14:45,842 - INFO - ⏳ No improvement. Patience: 2/50
2026-04-18 09:24:38,778 - INFO - [Epoch 246] Train Loss: 0.0156 | LR: 0.000008
2026-04-18 09:24:38,778 - INFO -     >>> Val Avg RMSE (Real): 173.9651
2026-04-18 09:24:38,778 - INFO -     >>> Val MAE Details: ['116.3045', '109.0854', '101.1570', '109.3565', '128.7434', '130.0711', '134.1898']
2026-04-18 09:24:38,778 - INFO - ⏳ No improvement. Patience: 3/50
2026-04-18 09:34:34,720 - INFO - [Epoch 247] Train Loss: 0.0155 | LR: 0.000008
2026-04-18 09:34:34,721 - INFO -     >>> Val Avg RMSE (Real): 174.5887
2026-04-18 09:34:34,721 - INFO -     >>> Val MAE Details: ['115.2667', '109.2751', '101.8155', '113.6681', '129.6861', '130.4388', '134.4866']
2026-04-18 09:34:34,721 - INFO - ⏳ No improvement. Patience: 4/50
2026-04-18 09:44:16,518 - INFO - [Epoch 248] Train Loss: 0.0155 | LR: 0.000007
2026-04-18 09:44:16,519 - INFO -     >>> Val Avg RMSE (Real): 172.9559
2026-04-18 09:44:16,519 - INFO -     >>> Val MAE Details: ['115.2070', '109.1472', '100.4402', '107.8652', '127.5658', '130.5927', '132.7389']
2026-04-18 09:44:17,646 - INFO - 💾 Saved Best Model to ./logs/ED5_repr_hybrid_fusion_UniFieldNet1_MultiTask7_20260416_163034/best_model.pth
2026-04-18 09:54:12,059 - INFO - [Epoch 249] Train Loss: 0.0155 | LR: 0.000007
2026-04-18 09:54:12,060 - INFO -     >>> Val Avg RMSE (Real): 174.2276
2026-04-18 09:54:12,060 - INFO -     >>> Val MAE Details: ['115.1475', '110.4858', '100.6975', '109.5750', '128.5432', '130.7436', '133.2248']
2026-04-18 09:54:12,060 - INFO - ⏳ No improvement. Patience: 1/50
2026-04-18 10:04:03,864 - INFO - [Epoch 250] Train Loss: 0.0154 | LR: 0.000007
2026-04-18 10:04:03,864 - INFO -     >>> Val Avg RMSE (Real): 173.6944
2026-04-18 10:04:03,865 - INFO -     >>> Val MAE Details: ['115.0938', '108.7072', '100.7270', '108.9226', '127.8321', '130.2599', '134.7343']
2026-04-18 10:04:03,865 - INFO - ⏳ No improvement. Patience: 2/50
2026-04-18 10:13:59,718 - INFO - [Epoch 251] Train Loss: 0.0155 | LR: 0.000006
2026-04-18 10:13:59,719 - INFO -     >>> Val Avg RMSE (Real): 172.9482
2026-04-18 10:13:59,719 - INFO -     >>> Val MAE Details: ['115.1475', '108.9815', '100.8791', '108.5929', '126.6116', '130.2871', '133.0012']
2026-04-18 10:14:01,073 - INFO - 💾 Saved Best Model to ./logs/ED5_repr_hybrid_fusion_UniFieldNet1_MultiTask7_20260416_163034/best_model.pth
2026-04-18 10:23:57,220 - INFO - [Epoch 252] Train Loss: 0.0153 | LR: 0.000006
2026-04-18 10:23:57,221 - INFO -     >>> Val Avg RMSE (Real): 173.7671
2026-04-18 10:23:57,221 - INFO -     >>> Val MAE Details: ['115.6631', '109.6672', '101.0546', '108.0705', '127.1492', '130.1364', '133.5250']
2026-04-18 10:23:57,221 - INFO - ⏳ No improvement. Patience: 1/50
2026-04-18 10:33:50,104 - INFO - [Epoch 253] Train Loss: 0.0154 | LR: 0.000006
2026-04-18 10:33:50,105 - INFO -     >>> Val Avg RMSE (Real): 173.3534
2026-04-18 10:33:50,105 - INFO -     >>> Val MAE Details: ['115.5346', '109.6438', '100.9001', '107.9785', '126.5609', '129.9654', '133.9834']
2026-04-18 10:33:50,105 - INFO - ⏳ No improvement. Patience: 2/50
2026-04-18 10:43:48,780 - INFO - [Epoch 254] Train Loss: 0.0154 | LR: 0.000006
2026-04-18 10:43:48,780 - INFO -     >>> Val Avg RMSE (Real): 174.4105
2026-04-18 10:43:48,781 - INFO -     >>> Val MAE Details: ['115.5802', '109.1007', '100.7374', '108.6584', '127.6572', '130.3561', '135.8665']
2026-04-18 10:43:48,781 - INFO - ⏳ No improvement. Patience: 3/50
2026-04-18 10:53:52,605 - INFO - [Epoch 255] Train Loss: 0.0153 | LR: 0.000005
2026-04-18 10:53:52,606 - INFO -     >>> Val Avg RMSE (Real): 174.1190
2026-04-18 10:53:52,606 - INFO -     >>> Val MAE Details: ['115.0486', '109.6622', '101.6197', '110.1509', '129.1787', '130.6872', '133.8025']
2026-04-18 10:53:52,606 - INFO - ⏳ No improvement. Patience: 4/50
2026-04-18 11:03:57,867 - INFO - [Epoch 256] Train Loss: 0.0153 | LR: 0.000005
2026-04-18 11:03:57,867 - INFO -     >>> Val Avg RMSE (Real): 173.4868
2026-04-18 11:03:57,867 - INFO -     >>> Val MAE Details: ['115.3700', '109.6308', '101.0290', '109.3419', '126.2820', '130.9504', '133.2820']
2026-04-18 11:03:57,867 - INFO - ⏳ No improvement. Patience: 5/50
2026-04-18 11:14:06,030 - INFO - [Epoch 257] Train Loss: 0.0152 | LR: 0.000005
2026-04-18 11:14:06,031 - INFO -     >>> Val Avg RMSE (Real): 173.5937
2026-04-18 11:14:06,031 - INFO -     >>> Val MAE Details: ['115.2114', '108.6660', '101.2643', '109.5928', '127.9560', '130.1786', '132.8822']
2026-04-18 11:14:06,031 - INFO - ⏳ No improvement. Patience: 6/50
2026-04-18 11:24:11,226 - INFO - [Epoch 258] Train Loss: 0.0152 | LR: 0.000005
2026-04-18 11:24:11,227 - INFO -     >>> Val Avg RMSE (Real): 173.7228
2026-04-18 11:24:11,227 - INFO -     >>> Val MAE Details: ['115.6991', '108.7344', '100.9288', '108.2002', '126.5299', '130.7475', '135.0096']
2026-04-18 11:24:11,227 - INFO - ⏳ No improvement. Patience: 7/50
2026-04-18 11:34:18,590 - INFO - [Epoch 259] Train Loss: 0.0152 | LR: 0.000005
2026-04-18 11:34:18,591 - INFO -     >>> Val Avg RMSE (Real): 174.4374
2026-04-18 11:34:18,591 - INFO -     >>> Val MAE Details: ['115.0389', '109.0248', '105.0340', '109.2932', '128.0822', '130.2942', '135.8150']
2026-04-18 11:34:18,591 - INFO - ⏳ No improvement. Patience: 8/50
