2026-04-15 10:21:26,746 - INFO - 💾 Config files backed up to ./logs/QM9_repr_atomistic_graph_GotenNet_Task3_20260415_102126
2026-04-15 10:21:26,746 - INFO - 🎯 Multi-Task Targets (3): ['homo_meV', 'lumo_meV', 'gap_meV']
2026-04-15 10:21:26,746 - INFO - ========================================
2026-04-15 10:21:26,746 - INFO -         Training Configuration        
2026-04-15 10:21:26,746 - INFO - ========================================
2026-04-15 10:21:26,747 - INFO - 
{'data': {'dataset_mode': 'repr_atomistic_graph',
          'grid_size': 0.1,
          'pkl_path': '../data/qm9/qm9_ed_1024_multi_prop_Bohr.pkl',
          'targets': ['homo_meV', 'lumo_meV', 'gap_meV']},
 'model': {'cutoff': 10.0,
           'hidden_channels': 128,
           'name': 'GotenNet',
           'num_layers': 6},
 'train': {'batch_size': 64,
           'epochs': 200,
           'grad_norm_clip': 1.0,
           'lr': 0.0001,
           'patience': 50,
           'seed': 2025,
           'weight_decay': 0.0001}}
2026-04-15 10:21:26,747 - INFO - ========================================

2026-04-15 10:21:26,747 - INFO - 🚀 Start Training on Device: cuda
2026-04-15 10:21:26,747 - INFO - Loading Data...
2026-04-15 10:21:26,747 - INFO - Loading Dataset Mode: repr_atomistic_graph...
2026-04-15 10:21:33,010 - INFO - Stats - Mean: [[-6530.402     303.22983  6833.6294 ]], Std: [[ 604.5657 1276.8004 1293.2015]]
2026-04-15 10:21:33,010 - INFO - Building Model: GotenNet...
2026-04-15 10:21:34,253 - INFO - Total Parameters: 2.2194 M

2026-04-15 10:24:15,891 - INFO - [Epoch 1] Train Loss: 0.2271 | LR: 0.000100
2026-04-15 10:24:15,892 - INFO -     >>> Val Avg RMSE (Real): 330.2951
2026-04-15 10:24:15,892 - INFO -     >>> Val MAE Details: ['181.0638', '239.6105', '294.3061']
2026-04-15 10:24:15,954 - INFO - 💾 Saved Best Model to ./logs/QM9_repr_atomistic_graph_GotenNet_Task3_20260415_102126/best_model.pth
2026-04-15 10:27:00,589 - INFO - [Epoch 2] Train Loss: 0.0961 | LR: 0.000100
2026-04-15 10:27:00,589 - INFO -     >>> Val Avg RMSE (Real): 268.3021
2026-04-15 10:27:00,589 - INFO -     >>> Val MAE Details: ['162.0540', '182.5728', '237.7430']
2026-04-15 10:27:00,669 - INFO - 💾 Saved Best Model to ./logs/QM9_repr_atomistic_graph_GotenNet_Task3_20260415_102126/best_model.pth
2026-04-15 10:29:45,591 - INFO - [Epoch 3] Train Loss: 0.0646 | LR: 0.000100
2026-04-15 10:29:45,591 - INFO -     >>> Val Avg RMSE (Real): 229.3604
2026-04-15 10:29:45,591 - INFO -     >>> Val MAE Details: ['141.4258', '153.7524', '205.2411']
2026-04-15 10:29:45,671 - INFO - 💾 Saved Best Model to ./logs/QM9_repr_atomistic_graph_GotenNet_Task3_20260415_102126/best_model.pth
2026-04-15 10:32:31,142 - INFO - [Epoch 4] Train Loss: 0.0499 | LR: 0.000100
2026-04-15 10:32:31,143 - INFO -     >>> Val Avg RMSE (Real): 207.3146
2026-04-15 10:32:31,143 - INFO -     >>> Val MAE Details: ['123.4693', '152.3127', '177.6657']
2026-04-15 10:32:31,223 - INFO - 💾 Saved Best Model to ./logs/QM9_repr_atomistic_graph_GotenNet_Task3_20260415_102126/best_model.pth
2026-04-15 10:35:12,941 - INFO - [Epoch 5] Train Loss: 0.0413 | LR: 0.000100
2026-04-15 10:35:12,941 - INFO -     >>> Val Avg RMSE (Real): 185.9247
2026-04-15 10:35:12,941 - INFO -     >>> Val MAE Details: ['114.9232', '122.8449', '161.8459']
2026-04-15 10:35:13,018 - INFO - 💾 Saved Best Model to ./logs/QM9_repr_atomistic_graph_GotenNet_Task3_20260415_102126/best_model.pth
2026-04-15 10:37:57,886 - INFO - [Epoch 6] Train Loss: 0.0348 | LR: 0.000100
2026-04-15 10:37:57,886 - INFO -     >>> Val Avg RMSE (Real): 178.1552
2026-04-15 10:37:57,886 - INFO -     >>> Val MAE Details: ['110.2734', '110.8489', '157.3907']
2026-04-15 10:37:57,951 - INFO - 💾 Saved Best Model to ./logs/QM9_repr_atomistic_graph_GotenNet_Task3_20260415_102126/best_model.pth
2026-04-15 10:40:42,224 - INFO - [Epoch 7] Train Loss: 0.0313 | LR: 0.000100
2026-04-15 10:40:42,224 - INFO -     >>> Val Avg RMSE (Real): 171.3356
2026-04-15 10:40:42,224 - INFO -     >>> Val MAE Details: ['107.4321', '115.4337', '144.3667']
2026-04-15 10:40:42,303 - INFO - 💾 Saved Best Model to ./logs/QM9_repr_atomistic_graph_GotenNet_Task3_20260415_102126/best_model.pth
2026-04-15 10:43:26,471 - INFO - [Epoch 8] Train Loss: 0.0279 | LR: 0.000100
2026-04-15 10:43:26,471 - INFO -     >>> Val Avg RMSE (Real): 155.8859
2026-04-15 10:43:26,471 - INFO -     >>> Val MAE Details: ['98.5958', '103.2402', '129.2802']
2026-04-15 10:43:26,551 - INFO - 💾 Saved Best Model to ./logs/QM9_repr_atomistic_graph_GotenNet_Task3_20260415_102126/best_model.pth
2026-04-15 10:46:07,425 - INFO - [Epoch 9] Train Loss: 0.0263 | LR: 0.000100
2026-04-15 10:46:07,425 - INFO -     >>> Val Avg RMSE (Real): 154.8943
2026-04-15 10:46:07,425 - INFO -     >>> Val MAE Details: ['91.0359', '103.6274', '133.6231']
2026-04-15 10:46:07,503 - INFO - 💾 Saved Best Model to ./logs/QM9_repr_atomistic_graph_GotenNet_Task3_20260415_102126/best_model.pth
2026-04-15 10:48:54,692 - INFO - [Epoch 10] Train Loss: 0.0241 | LR: 0.000099
2026-04-15 10:48:54,692 - INFO -     >>> Val Avg RMSE (Real): 157.6227
2026-04-15 10:48:54,693 - INFO -     >>> Val MAE Details: ['88.5995', '105.4605', '140.7128']
2026-04-15 10:48:54,693 - INFO - ⏳ No improvement. Patience: 1/50
2026-04-15 10:51:39,390 - INFO - [Epoch 11] Train Loss: 0.0223 | LR: 0.000099
2026-04-15 10:51:39,391 - INFO -     >>> Val Avg RMSE (Real): 153.0170
2026-04-15 10:51:39,391 - INFO -     >>> Val MAE Details: ['85.4031', '103.8997', '134.4872']
2026-04-15 10:51:39,471 - INFO - 💾 Saved Best Model to ./logs/QM9_repr_atomistic_graph_GotenNet_Task3_20260415_102126/best_model.pth
2026-04-15 10:54:24,325 - INFO - [Epoch 12] Train Loss: 0.0211 | LR: 0.000099
2026-04-15 10:54:24,326 - INFO -     >>> Val Avg RMSE (Real): 138.9972
2026-04-15 10:54:24,326 - INFO -     >>> Val MAE Details: ['81.3685', '89.5941', '117.5472']
2026-04-15 10:54:24,398 - INFO - 💾 Saved Best Model to ./logs/QM9_repr_atomistic_graph_GotenNet_Task3_20260415_102126/best_model.pth
2026-04-15 10:57:07,410 - INFO - [Epoch 13] Train Loss: 0.0199 | LR: 0.000099
2026-04-15 10:57:07,410 - INFO -     >>> Val Avg RMSE (Real): 162.9602
2026-04-15 10:57:07,410 - INFO -     >>> Val MAE Details: ['122.0349', '121.8908', '123.7424']
2026-04-15 10:57:07,411 - INFO - ⏳ No improvement. Patience: 1/50
2026-04-15 10:59:54,595 - INFO - [Epoch 14] Train Loss: 0.0190 | LR: 0.000099
2026-04-15 10:59:54,595 - INFO -     >>> Val Avg RMSE (Real): 144.7158
2026-04-15 10:59:54,595 - INFO -     >>> Val MAE Details: ['84.9365', '92.8582', '132.0265']
2026-04-15 10:59:54,595 - INFO - ⏳ No improvement. Patience: 2/50
2026-04-15 11:02:39,214 - INFO - [Epoch 15] Train Loss: 0.0176 | LR: 0.000099
2026-04-15 11:02:39,214 - INFO -     >>> Val Avg RMSE (Real): 143.5299
2026-04-15 11:02:39,214 - INFO -     >>> Val MAE Details: ['109.8487', '92.1819', '109.6898']
2026-04-15 11:02:39,215 - INFO - ⏳ No improvement. Patience: 3/50
2026-04-15 11:05:23,987 - INFO - [Epoch 16] Train Loss: 0.0167 | LR: 0.000098
2026-04-15 11:05:23,988 - INFO -     >>> Val Avg RMSE (Real): 138.7831
2026-04-15 11:05:23,988 - INFO -     >>> Val MAE Details: ['86.3674', '88.4828', '117.2884']
2026-04-15 11:05:24,074 - INFO - 💾 Saved Best Model to ./logs/QM9_repr_atomistic_graph_GotenNet_Task3_20260415_102126/best_model.pth
2026-04-15 11:08:05,485 - INFO - [Epoch 17] Train Loss: 0.0160 | LR: 0.000098
2026-04-15 11:08:05,485 - INFO -     >>> Val Avg RMSE (Real): 136.5807
2026-04-15 11:08:05,485 - INFO -     >>> Val MAE Details: ['77.0935', '93.6375', '116.1135']
2026-04-15 11:08:05,566 - INFO - 💾 Saved Best Model to ./logs/QM9_repr_atomistic_graph_GotenNet_Task3_20260415_102126/best_model.pth
2026-04-15 11:10:50,728 - INFO - [Epoch 18] Train Loss: 0.0153 | LR: 0.000098
2026-04-15 11:10:50,728 - INFO -     >>> Val Avg RMSE (Real): 141.3440
2026-04-15 11:10:50,728 - INFO -     >>> Val MAE Details: ['90.6978', '88.7739', '127.1901']
2026-04-15 11:10:50,728 - INFO - ⏳ No improvement. Patience: 1/50
2026-04-15 11:13:35,349 - INFO - [Epoch 19] Train Loss: 0.0147 | LR: 0.000098
2026-04-15 11:13:35,349 - INFO -     >>> Val Avg RMSE (Real): 126.1430
2026-04-15 11:13:35,349 - INFO -     >>> Val MAE Details: ['72.3527', '80.8918', '106.2450']
2026-04-15 11:13:35,415 - INFO - 💾 Saved Best Model to ./logs/QM9_repr_atomistic_graph_GotenNet_Task3_20260415_102126/best_model.pth
2026-04-15 11:16:20,128 - INFO - [Epoch 20] Train Loss: 0.0140 | LR: 0.000098
2026-04-15 11:16:20,128 - INFO -     >>> Val Avg RMSE (Real): 150.0345
2026-04-15 11:16:20,128 - INFO -     >>> Val MAE Details: ['68.1970', '128.8105', '134.0554']
2026-04-15 11:16:20,128 - INFO - ⏳ No improvement. Patience: 1/50
2026-04-15 11:19:01,145 - INFO - [Epoch 21] Train Loss: 0.0136 | LR: 0.000097
2026-04-15 11:19:01,146 - INFO -     >>> Val Avg RMSE (Real): 120.7450
2026-04-15 11:19:01,146 - INFO -     >>> Val MAE Details: ['66.6716', '79.6450', '100.4962']
2026-04-15 11:19:01,225 - INFO - 💾 Saved Best Model to ./logs/QM9_repr_atomistic_graph_GotenNet_Task3_20260415_102126/best_model.pth
2026-04-15 11:21:47,014 - INFO - [Epoch 22] Train Loss: 0.0130 | LR: 0.000097
2026-04-15 11:21:47,014 - INFO -     >>> Val Avg RMSE (Real): 123.1092
2026-04-15 11:21:47,014 - INFO -     >>> Val MAE Details: ['68.6092', '80.4444', '105.0649']
2026-04-15 11:21:47,015 - INFO - ⏳ No improvement. Patience: 1/50
2026-04-15 11:24:31,904 - INFO - [Epoch 23] Train Loss: 0.0126 | LR: 0.000097
2026-04-15 11:24:31,904 - INFO -     >>> Val Avg RMSE (Real): 127.0051
2026-04-15 11:24:31,904 - INFO -     >>> Val MAE Details: ['68.4259', '89.1174', '108.8758']
2026-04-15 11:24:31,905 - INFO - ⏳ No improvement. Patience: 2/50
2026-04-15 11:27:18,529 - INFO - [Epoch 24] Train Loss: 0.0123 | LR: 0.000096
2026-04-15 11:27:18,529 - INFO -     >>> Val Avg RMSE (Real): 126.4187
2026-04-15 11:27:18,529 - INFO -     >>> Val MAE Details: ['68.4752', '84.3561', '107.9874']
2026-04-15 11:27:18,529 - INFO - ⏳ No improvement. Patience: 3/50
2026-04-15 11:30:02,003 - INFO - [Epoch 25] Train Loss: 0.0119 | LR: 0.000096
2026-04-15 11:30:02,003 - INFO -     >>> Val Avg RMSE (Real): 127.0087
2026-04-15 11:30:02,004 - INFO -     >>> Val MAE Details: ['70.3214', '84.3484', '106.9648']
2026-04-15 11:30:02,004 - INFO - ⏳ No improvement. Patience: 4/50
2026-04-15 11:32:47,225 - INFO - [Epoch 26] Train Loss: 0.0115 | LR: 0.000096
2026-04-15 11:32:47,225 - INFO -     >>> Val Avg RMSE (Real): 122.6647
2026-04-15 11:32:47,225 - INFO -     >>> Val MAE Details: ['68.0935', '80.0214', '104.5151']
2026-04-15 11:32:47,225 - INFO - ⏳ No improvement. Patience: 5/50
2026-04-15 11:35:33,051 - INFO - [Epoch 27] Train Loss: 0.0111 | LR: 0.000096
2026-04-15 11:35:33,051 - INFO -     >>> Val Avg RMSE (Real): 127.9358
2026-04-15 11:35:33,051 - INFO -     >>> Val MAE Details: ['68.6724', '83.1578', '115.0879']
2026-04-15 11:35:33,051 - INFO - ⏳ No improvement. Patience: 6/50
2026-04-15 11:38:18,774 - INFO - [Epoch 28] Train Loss: 0.0107 | LR: 0.000095
2026-04-15 11:38:18,774 - INFO -     >>> Val Avg RMSE (Real): 119.7057
2026-04-15 11:38:18,774 - INFO -     >>> Val MAE Details: ['65.3929', '82.8351', '97.7587']
2026-04-15 11:38:18,855 - INFO - 💾 Saved Best Model to ./logs/QM9_repr_atomistic_graph_GotenNet_Task3_20260415_102126/best_model.pth
2026-04-15 11:41:02,907 - INFO - [Epoch 29] Train Loss: 0.0105 | LR: 0.000095
2026-04-15 11:41:02,907 - INFO -     >>> Val Avg RMSE (Real): 111.6082
2026-04-15 11:41:02,907 - INFO -     >>> Val MAE Details: ['59.8177', '71.4418', '93.5971']
2026-04-15 11:41:02,987 - INFO - 💾 Saved Best Model to ./logs/QM9_repr_atomistic_graph_GotenNet_Task3_20260415_102126/best_model.pth
2026-04-15 11:43:48,355 - INFO - [Epoch 30] Train Loss: 0.0102 | LR: 0.000095
2026-04-15 11:43:48,355 - INFO -     >>> Val Avg RMSE (Real): 123.1644
2026-04-15 11:43:48,355 - INFO -     >>> Val MAE Details: ['81.8527', '72.1319', '103.6316']
2026-04-15 11:43:48,355 - INFO - ⏳ No improvement. Patience: 1/50
2026-04-15 11:46:32,852 - INFO - [Epoch 31] Train Loss: 0.0100 | LR: 0.000094
2026-04-15 11:46:32,852 - INFO -     >>> Val Avg RMSE (Real): 113.4643
2026-04-15 11:46:32,852 - INFO -     >>> Val MAE Details: ['62.0556', '70.6130', '95.0301']
2026-04-15 11:46:32,852 - INFO - ⏳ No improvement. Patience: 2/50
2026-04-15 11:49:19,391 - INFO - [Epoch 32] Train Loss: 0.0096 | LR: 0.000094
2026-04-15 11:49:19,391 - INFO -     >>> Val Avg RMSE (Real): 114.1399
2026-04-15 11:49:19,391 - INFO -     >>> Val MAE Details: ['58.7104', '80.9633', '96.0737']
2026-04-15 11:49:19,391 - INFO - ⏳ No improvement. Patience: 3/50
2026-04-15 11:52:03,723 - INFO - [Epoch 33] Train Loss: 0.0095 | LR: 0.000093
2026-04-15 11:52:03,723 - INFO -     >>> Val Avg RMSE (Real): 108.9407
2026-04-15 11:52:03,724 - INFO -     >>> Val MAE Details: ['60.6385', '68.4927', '88.2172']
2026-04-15 11:52:03,803 - INFO - 💾 Saved Best Model to ./logs/QM9_repr_atomistic_graph_GotenNet_Task3_20260415_102126/best_model.pth
2026-04-15 11:54:50,055 - INFO - [Epoch 34] Train Loss: 0.0093 | LR: 0.000093
2026-04-15 11:54:50,055 - INFO -     >>> Val Avg RMSE (Real): 114.0881
2026-04-15 11:54:50,055 - INFO -     >>> Val MAE Details: ['70.7756', '71.3707', '93.0111']
2026-04-15 11:54:50,056 - INFO - ⏳ No improvement. Patience: 1/50
2026-04-15 11:57:34,141 - INFO - [Epoch 35] Train Loss: 0.0091 | LR: 0.000093
2026-04-15 11:57:34,141 - INFO -     >>> Val Avg RMSE (Real): 111.5762
2026-04-15 11:57:34,141 - INFO -     >>> Val MAE Details: ['59.6346', '76.2486', '94.5897']
2026-04-15 11:57:34,141 - INFO - ⏳ No improvement. Patience: 2/50
2026-04-15 12:00:22,878 - INFO - [Epoch 36] Train Loss: 0.0088 | LR: 0.000092
2026-04-15 12:00:22,879 - INFO -     >>> Val Avg RMSE (Real): 106.6341
2026-04-15 12:00:22,879 - INFO -     >>> Val MAE Details: ['58.7762', '66.8351', '85.1131']
2026-04-15 12:00:22,959 - INFO - 💾 Saved Best Model to ./logs/QM9_repr_atomistic_graph_GotenNet_Task3_20260415_102126/best_model.pth
2026-04-15 12:03:07,276 - INFO - [Epoch 37] Train Loss: 0.0086 | LR: 0.000092
2026-04-15 12:03:07,276 - INFO -     >>> Val Avg RMSE (Real): 110.8633
2026-04-15 12:03:07,276 - INFO -     >>> Val MAE Details: ['60.5857', '69.5372', '90.6970']
2026-04-15 12:03:07,276 - INFO - ⏳ No improvement. Patience: 1/50
2026-04-15 12:05:54,711 - INFO - [Epoch 38] Train Loss: 0.0085 | LR: 0.000091
2026-04-15 12:05:54,711 - INFO -     >>> Val Avg RMSE (Real): 108.2093
2026-04-15 12:05:54,711 - INFO -     >>> Val MAE Details: ['59.7527', '70.3526', '88.0128']
2026-04-15 12:05:54,711 - INFO - ⏳ No improvement. Patience: 2/50
2026-04-15 12:08:41,751 - INFO - [Epoch 39] Train Loss: 0.0084 | LR: 0.000091
2026-04-15 12:08:41,752 - INFO -     >>> Val Avg RMSE (Real): 109.8146
2026-04-15 12:08:41,752 - INFO -     >>> Val MAE Details: ['58.9817', '74.5642', '87.3699']
2026-04-15 12:08:41,752 - INFO - ⏳ No improvement. Patience: 3/50
2026-04-15 12:11:26,443 - INFO - [Epoch 40] Train Loss: 0.0082 | LR: 0.000090
2026-04-15 12:11:26,443 - INFO -     >>> Val Avg RMSE (Real): 110.3927
2026-04-15 12:11:26,443 - INFO -     >>> Val MAE Details: ['56.8284', '77.6245', '90.5628']
2026-04-15 12:11:26,443 - INFO - ⏳ No improvement. Patience: 4/50
2026-04-15 12:14:09,587 - INFO - [Epoch 41] Train Loss: 0.0081 | LR: 0.000090
2026-04-15 12:14:09,587 - INFO -     >>> Val Avg RMSE (Real): 110.0029
2026-04-15 12:14:09,587 - INFO -     >>> Val MAE Details: ['56.0805', '75.3303', '92.5277']
2026-04-15 12:14:09,587 - INFO - ⏳ No improvement. Patience: 5/50
2026-04-15 12:16:56,135 - INFO - [Epoch 42] Train Loss: 0.0080 | LR: 0.000090
2026-04-15 12:16:56,135 - INFO -     >>> Val Avg RMSE (Real): 103.5121
2026-04-15 12:16:56,135 - INFO -     >>> Val MAE Details: ['54.9385', '66.0695', '83.6873']
2026-04-15 12:16:56,214 - INFO - 💾 Saved Best Model to ./logs/QM9_repr_atomistic_graph_GotenNet_Task3_20260415_102126/best_model.pth
2026-04-15 12:19:43,910 - INFO - [Epoch 43] Train Loss: 0.0077 | LR: 0.000089
2026-04-15 12:19:43,910 - INFO -     >>> Val Avg RMSE (Real): 104.5016
2026-04-15 12:19:43,910 - INFO -     >>> Val MAE Details: ['56.5344', '70.4836', '84.8692']
2026-04-15 12:19:43,910 - INFO - ⏳ No improvement. Patience: 1/50
2026-04-15 12:22:29,641 - INFO - [Epoch 44] Train Loss: 0.0076 | LR: 0.000089
2026-04-15 12:22:29,642 - INFO -     >>> Val Avg RMSE (Real): 105.4830
2026-04-15 12:22:29,642 - INFO -     >>> Val MAE Details: ['55.3165', '70.3520', '82.7575']
2026-04-15 12:22:29,642 - INFO - ⏳ No improvement. Patience: 2/50
2026-04-15 12:25:13,418 - INFO - [Epoch 45] Train Loss: 0.0076 | LR: 0.000088
2026-04-15 12:25:13,419 - INFO -     >>> Val Avg RMSE (Real): 115.0958
2026-04-15 12:25:13,419 - INFO -     >>> Val MAE Details: ['56.1569', '90.1077', '93.1668']
2026-04-15 12:25:13,419 - INFO - ⏳ No improvement. Patience: 3/50
2026-04-15 12:28:00,240 - INFO - [Epoch 46] Train Loss: 0.0074 | LR: 0.000088
2026-04-15 12:28:00,240 - INFO -     >>> Val Avg RMSE (Real): 104.3975
2026-04-15 12:28:00,240 - INFO -     >>> Val MAE Details: ['60.1881', '66.2586', '82.3659']
2026-04-15 12:28:00,240 - INFO - ⏳ No improvement. Patience: 4/50
2026-04-15 12:30:46,857 - INFO - [Epoch 47] Train Loss: 0.0072 | LR: 0.000087
2026-04-15 12:30:46,858 - INFO -     >>> Val Avg RMSE (Real): 106.9592
2026-04-15 12:30:46,858 - INFO -     >>> Val MAE Details: ['62.0971', '67.2245', '87.5073']
2026-04-15 12:30:46,858 - INFO - ⏳ No improvement. Patience: 5/50
2026-04-15 12:33:34,084 - INFO - [Epoch 48] Train Loss: 0.0072 | LR: 0.000086
2026-04-15 12:33:34,084 - INFO -     >>> Val Avg RMSE (Real): 104.8658
2026-04-15 12:33:34,084 - INFO -     >>> Val MAE Details: ['55.0346', '68.5940', '83.0412']
2026-04-15 12:33:34,084 - INFO - ⏳ No improvement. Patience: 6/50
2026-04-15 12:36:18,462 - INFO - [Epoch 49] Train Loss: 0.0070 | LR: 0.000086
2026-04-15 12:36:18,462 - INFO -     >>> Val Avg RMSE (Real): 102.2585
2026-04-15 12:36:18,462 - INFO -     >>> Val MAE Details: ['56.8960', '64.3723', '82.9743']
2026-04-15 12:36:18,542 - INFO - 💾 Saved Best Model to ./logs/QM9_repr_atomistic_graph_GotenNet_Task3_20260415_102126/best_model.pth
2026-04-15 12:39:07,536 - INFO - [Epoch 50] Train Loss: 0.0069 | LR: 0.000085
2026-04-15 12:39:07,536 - INFO -     >>> Val Avg RMSE (Real): 102.8257
2026-04-15 12:39:07,536 - INFO -     >>> Val MAE Details: ['58.0814', '64.9542', '82.3625']
2026-04-15 12:39:07,536 - INFO - ⏳ No improvement. Patience: 1/50
2026-04-15 12:41:54,872 - INFO - [Epoch 51] Train Loss: 0.0068 | LR: 0.000085
2026-04-15 12:41:54,872 - INFO -     >>> Val Avg RMSE (Real): 102.5111
2026-04-15 12:41:54,872 - INFO -     >>> Val MAE Details: ['52.6940', '64.9451', '81.9601']
2026-04-15 12:41:54,872 - INFO - ⏳ No improvement. Patience: 2/50
2026-04-15 12:44:42,401 - INFO - [Epoch 52] Train Loss: 0.0068 | LR: 0.000084
2026-04-15 12:44:42,401 - INFO -     >>> Val Avg RMSE (Real): 107.6548
2026-04-15 12:44:42,401 - INFO -     >>> Val MAE Details: ['53.5203', '71.7823', '88.6332']
2026-04-15 12:44:42,401 - INFO - ⏳ No improvement. Patience: 3/50
2026-04-15 12:47:26,234 - INFO - [Epoch 53] Train Loss: 0.0066 | LR: 0.000084
2026-04-15 12:47:26,234 - INFO -     >>> Val Avg RMSE (Real): 99.6158
2026-04-15 12:47:26,234 - INFO -     >>> Val MAE Details: ['51.5619', '63.0777', '79.3441']
2026-04-15 12:47:26,315 - INFO - 💾 Saved Best Model to ./logs/QM9_repr_atomistic_graph_GotenNet_Task3_20260415_102126/best_model.pth
2026-04-15 12:50:13,377 - INFO - [Epoch 54] Train Loss: 0.0065 | LR: 0.000083
2026-04-15 12:50:13,377 - INFO -     >>> Val Avg RMSE (Real): 99.2908
2026-04-15 12:50:13,377 - INFO -     >>> Val MAE Details: ['54.8380', '62.3892', '77.4248']
2026-04-15 12:50:13,458 - INFO - 💾 Saved Best Model to ./logs/QM9_repr_atomistic_graph_GotenNet_Task3_20260415_102126/best_model.pth
2026-04-15 12:53:00,839 - INFO - [Epoch 55] Train Loss: 0.0064 | LR: 0.000082
2026-04-15 12:53:00,839 - INFO -     >>> Val Avg RMSE (Real): 98.9808
2026-04-15 12:53:00,839 - INFO -     >>> Val MAE Details: ['53.3705', '60.5472', '78.1606']
2026-04-15 12:53:00,922 - INFO - 💾 Saved Best Model to ./logs/QM9_repr_atomistic_graph_GotenNet_Task3_20260415_102126/best_model.pth
2026-04-15 12:55:46,844 - INFO - [Epoch 56] Train Loss: 0.0064 | LR: 0.000082
2026-04-15 12:55:46,844 - INFO -     >>> Val Avg RMSE (Real): 103.4437
2026-04-15 12:55:46,844 - INFO -     >>> Val MAE Details: ['54.0704', '65.6688', '85.7323']
2026-04-15 12:55:46,844 - INFO - ⏳ No improvement. Patience: 1/50
2026-04-15 12:58:31,164 - INFO - [Epoch 57] Train Loss: 0.0063 | LR: 0.000081
2026-04-15 12:58:31,164 - INFO -     >>> Val Avg RMSE (Real): 98.5437
2026-04-15 12:58:31,165 - INFO -     >>> Val MAE Details: ['52.5508', '61.4818', '77.7335']
2026-04-15 12:58:31,243 - INFO - 💾 Saved Best Model to ./logs/QM9_repr_atomistic_graph_GotenNet_Task3_20260415_102126/best_model.pth
2026-04-15 13:01:18,431 - INFO - [Epoch 58] Train Loss: 0.0062 | LR: 0.000081
2026-04-15 13:01:18,431 - INFO -     >>> Val Avg RMSE (Real): 104.0394
2026-04-15 13:01:18,431 - INFO -     >>> Val MAE Details: ['53.0793', '72.8985', '84.0946']
2026-04-15 13:01:18,431 - INFO - ⏳ No improvement. Patience: 1/50
2026-04-15 13:04:04,755 - INFO - [Epoch 59] Train Loss: 0.0062 | LR: 0.000080
2026-04-15 13:04:04,756 - INFO -     >>> Val Avg RMSE (Real): 103.8793
2026-04-15 13:04:04,756 - INFO -     >>> Val MAE Details: ['55.1112', '67.3492', '84.6994']
2026-04-15 13:04:04,756 - INFO - ⏳ No improvement. Patience: 2/50
2026-04-15 13:06:51,909 - INFO - [Epoch 60] Train Loss: 0.0060 | LR: 0.000079
2026-04-15 13:06:51,909 - INFO -     >>> Val Avg RMSE (Real): 102.5118
2026-04-15 13:06:51,909 - INFO -     >>> Val MAE Details: ['54.0977', '68.6143', '81.8513']
2026-04-15 13:06:51,909 - INFO - ⏳ No improvement. Patience: 3/50
2026-04-15 13:09:35,448 - INFO - [Epoch 61] Train Loss: 0.0060 | LR: 0.000079
2026-04-15 13:09:35,449 - INFO -     >>> Val Avg RMSE (Real): 96.5500
2026-04-15 13:09:35,449 - INFO -     >>> Val MAE Details: ['50.0691', '60.5175', '74.7110']
2026-04-15 13:09:35,529 - INFO - 💾 Saved Best Model to ./logs/QM9_repr_atomistic_graph_GotenNet_Task3_20260415_102126/best_model.pth
2026-04-15 13:12:23,182 - INFO - [Epoch 62] Train Loss: 0.0059 | LR: 0.000078
2026-04-15 13:12:23,182 - INFO -     >>> Val Avg RMSE (Real): 98.3309
2026-04-15 13:12:23,182 - INFO -     >>> Val MAE Details: ['53.3073', '62.3764', '78.4306']
2026-04-15 13:12:23,182 - INFO - ⏳ No improvement. Patience: 1/50
2026-04-15 13:15:09,960 - INFO - [Epoch 63] Train Loss: 0.0058 | LR: 0.000077
2026-04-15 13:15:09,960 - INFO -     >>> Val Avg RMSE (Real): 97.8779
2026-04-15 13:15:09,960 - INFO -     >>> Val MAE Details: ['51.5344', '63.1235', '77.0289']
2026-04-15 13:15:09,960 - INFO - ⏳ No improvement. Patience: 2/50
2026-04-15 13:17:57,555 - INFO - [Epoch 64] Train Loss: 0.0058 | LR: 0.000077
2026-04-15 13:17:57,556 - INFO -     >>> Val Avg RMSE (Real): 96.6116
2026-04-15 13:17:57,556 - INFO -     >>> Val MAE Details: ['50.8279', '60.3736', '75.6346']
2026-04-15 13:17:57,556 - INFO - ⏳ No improvement. Patience: 3/50
2026-04-15 13:20:43,597 - INFO - [Epoch 65] Train Loss: 0.0056 | LR: 0.000076
2026-04-15 13:20:43,598 - INFO -     >>> Val Avg RMSE (Real): 97.8432
2026-04-15 13:20:43,598 - INFO -     >>> Val MAE Details: ['49.2059', '62.6254', '78.4332']
2026-04-15 13:20:43,598 - INFO - ⏳ No improvement. Patience: 4/50
2026-04-15 13:23:31,192 - INFO - [Epoch 66] Train Loss: 0.0055 | LR: 0.000075
2026-04-15 13:23:31,192 - INFO -     >>> Val Avg RMSE (Real): 99.2663
2026-04-15 13:23:31,192 - INFO -     >>> Val MAE Details: ['48.4406', '66.5322', '79.5828']
2026-04-15 13:23:31,192 - INFO - ⏳ No improvement. Patience: 5/50
2026-04-15 13:26:17,697 - INFO - [Epoch 67] Train Loss: 0.0055 | LR: 0.000075
2026-04-15 13:26:17,698 - INFO -     >>> Val Avg RMSE (Real): 93.5450
2026-04-15 13:26:17,698 - INFO -     >>> Val MAE Details: ['49.3869', '58.3079', '74.1927']
2026-04-15 13:26:17,776 - INFO - 💾 Saved Best Model to ./logs/QM9_repr_atomistic_graph_GotenNet_Task3_20260415_102126/best_model.pth
2026-04-15 13:29:04,249 - INFO - [Epoch 68] Train Loss: 0.0054 | LR: 0.000074
2026-04-15 13:29:04,249 - INFO -     >>> Val Avg RMSE (Real): 95.4770
2026-04-15 13:29:04,249 - INFO -     >>> Val MAE Details: ['50.2614', '60.9660', '75.3337']
2026-04-15 13:29:04,249 - INFO - ⏳ No improvement. Patience: 1/50
2026-04-15 13:31:46,239 - INFO - [Epoch 69] Train Loss: 0.0054 | LR: 0.000073
2026-04-15 13:31:46,239 - INFO -     >>> Val Avg RMSE (Real): 100.0271
2026-04-15 13:31:46,239 - INFO -     >>> Val MAE Details: ['51.0574', '61.9155', '83.1742']
2026-04-15 13:31:46,239 - INFO - ⏳ No improvement. Patience: 2/50
2026-04-15 13:34:32,949 - INFO - [Epoch 70] Train Loss: 0.0053 | LR: 0.000073
2026-04-15 13:34:32,950 - INFO -     >>> Val Avg RMSE (Real): 99.0471
2026-04-15 13:34:32,950 - INFO -     >>> Val MAE Details: ['56.7497', '65.8189', '74.4122']
2026-04-15 13:34:32,950 - INFO - ⏳ No improvement. Patience: 3/50
2026-04-15 13:37:17,232 - INFO - [Epoch 71] Train Loss: 0.0052 | LR: 0.000072
2026-04-15 13:37:17,233 - INFO -     >>> Val Avg RMSE (Real): 93.4812
2026-04-15 13:37:17,233 - INFO -     >>> Val MAE Details: ['48.1547', '57.2545', '72.1960']
2026-04-15 13:37:17,313 - INFO - 💾 Saved Best Model to ./logs/QM9_repr_atomistic_graph_GotenNet_Task3_20260415_102126/best_model.pth
2026-04-15 13:40:01,646 - INFO - [Epoch 72] Train Loss: 0.0052 | LR: 0.000071
2026-04-15 13:40:01,646 - INFO -     >>> Val Avg RMSE (Real): 98.2849
2026-04-15 13:40:01,646 - INFO -     >>> Val MAE Details: ['51.9563', '60.8289', '79.5460']
2026-04-15 13:40:01,646 - INFO - ⏳ No improvement. Patience: 1/50
2026-04-15 13:42:43,439 - INFO - [Epoch 73] Train Loss: 0.0051 | LR: 0.000071
2026-04-15 13:42:43,439 - INFO -     >>> Val Avg RMSE (Real): 104.9035
2026-04-15 13:42:43,439 - INFO -     >>> Val MAE Details: ['50.2175', '69.9185', '87.3872']
2026-04-15 13:42:43,439 - INFO - ⏳ No improvement. Patience: 2/50
2026-04-15 13:45:30,976 - INFO - [Epoch 74] Train Loss: 0.0051 | LR: 0.000070
2026-04-15 13:45:30,976 - INFO -     >>> Val Avg RMSE (Real): 95.0275
2026-04-15 13:45:30,976 - INFO -     >>> Val MAE Details: ['48.6455', '62.0564', '72.8723']
2026-04-15 13:45:30,976 - INFO - ⏳ No improvement. Patience: 3/50
2026-04-15 13:48:17,708 - INFO - [Epoch 75] Train Loss: 0.0049 | LR: 0.000069
2026-04-15 13:48:17,708 - INFO -     >>> Val Avg RMSE (Real): 97.8819
2026-04-15 13:48:17,708 - INFO -     >>> Val MAE Details: ['49.6087', '63.9368', '78.0829']
2026-04-15 13:48:17,708 - INFO - ⏳ No improvement. Patience: 4/50
2026-04-15 13:51:04,332 - INFO - [Epoch 76] Train Loss: 0.0049 | LR: 0.000068
2026-04-15 13:51:04,333 - INFO -     >>> Val Avg RMSE (Real): 93.1727
2026-04-15 13:51:04,333 - INFO -     >>> Val MAE Details: ['50.0225', '56.7104', '73.6315']
2026-04-15 13:51:04,581 - INFO - 💾 Saved Best Model to ./logs/QM9_repr_atomistic_graph_GotenNet_Task3_20260415_102126/best_model.pth
2026-04-15 13:53:48,537 - INFO - [Epoch 77] Train Loss: 0.0048 | LR: 0.000068
2026-04-15 13:53:48,537 - INFO -     >>> Val Avg RMSE (Real): 93.2341
2026-04-15 13:53:48,537 - INFO -     >>> Val MAE Details: ['50.2832', '57.6304', '71.7189']
2026-04-15 13:53:48,537 - INFO - ⏳ No improvement. Patience: 1/50
2026-04-15 13:56:34,391 - INFO - [Epoch 78] Train Loss: 0.0048 | LR: 0.000067
2026-04-15 13:56:34,391 - INFO -     >>> Val Avg RMSE (Real): 101.8045
2026-04-15 13:56:34,391 - INFO -     >>> Val MAE Details: ['50.6608', '72.4776', '80.6550']
2026-04-15 13:56:34,391 - INFO - ⏳ No improvement. Patience: 2/50
2026-04-15 13:59:20,815 - INFO - [Epoch 79] Train Loss: 0.0047 | LR: 0.000066
2026-04-15 13:59:20,816 - INFO -     >>> Val Avg RMSE (Real): 94.2451
2026-04-15 13:59:20,816 - INFO -     >>> Val MAE Details: ['48.5765', '60.1316', '74.0157']
2026-04-15 13:59:20,816 - INFO - ⏳ No improvement. Patience: 3/50
2026-04-15 14:02:07,953 - INFO - [Epoch 80] Train Loss: 0.0046 | LR: 0.000065
2026-04-15 14:02:07,953 - INFO -     >>> Val Avg RMSE (Real): 93.2774
2026-04-15 14:02:07,953 - INFO -     >>> Val MAE Details: ['48.0817', '56.4578', '71.7156']
2026-04-15 14:02:07,953 - INFO - ⏳ No improvement. Patience: 4/50
2026-04-15 14:04:50,710 - INFO - [Epoch 81] Train Loss: 0.0046 | LR: 0.000065
2026-04-15 14:04:50,710 - INFO -     >>> Val Avg RMSE (Real): 91.7927
2026-04-15 14:04:50,710 - INFO -     >>> Val MAE Details: ['47.7576', '56.3887', '70.7671']
2026-04-15 14:04:50,792 - INFO - 💾 Saved Best Model to ./logs/QM9_repr_atomistic_graph_GotenNet_Task3_20260415_102126/best_model.pth
2026-04-15 14:07:33,697 - INFO - [Epoch 82] Train Loss: 0.0045 | LR: 0.000064
2026-04-15 14:07:33,698 - INFO -     >>> Val Avg RMSE (Real): 95.5474
2026-04-15 14:07:33,698 - INFO -     >>> Val MAE Details: ['51.0549', '59.4727', '76.8455']
2026-04-15 14:07:33,698 - INFO - ⏳ No improvement. Patience: 1/50
2026-04-15 14:10:17,158 - INFO - [Epoch 83] Train Loss: 0.0045 | LR: 0.000063
2026-04-15 14:10:17,158 - INFO -     >>> Val Avg RMSE (Real): 92.6721
2026-04-15 14:10:17,158 - INFO -     >>> Val MAE Details: ['48.8719', '57.4167', '72.3536']
2026-04-15 14:10:17,158 - INFO - ⏳ No improvement. Patience: 2/50
2026-04-15 14:12:58,084 - INFO - [Epoch 84] Train Loss: 0.0044 | LR: 0.000062
2026-04-15 14:12:58,084 - INFO -     >>> Val Avg RMSE (Real): 93.3923
2026-04-15 14:12:58,084 - INFO -     >>> Val MAE Details: ['46.8393', '60.0451', '73.0746']
2026-04-15 14:12:58,084 - INFO - ⏳ No improvement. Patience: 3/50
2026-04-15 14:15:42,765 - INFO - [Epoch 85] Train Loss: 0.0043 | LR: 0.000062
2026-04-15 14:15:42,765 - INFO -     >>> Val Avg RMSE (Real): 91.4779
2026-04-15 14:15:42,765 - INFO -     >>> Val MAE Details: ['48.4888', '55.8292', '71.5024']
2026-04-15 14:15:42,844 - INFO - 💾 Saved Best Model to ./logs/QM9_repr_atomistic_graph_GotenNet_Task3_20260415_102126/best_model.pth
2026-04-15 14:17:49,478 - INFO - [Epoch 86] Train Loss: 0.0043 | LR: 0.000061
2026-04-15 14:17:49,479 - INFO -     >>> Val Avg RMSE (Real): 91.9651
2026-04-15 14:17:49,479 - INFO -     >>> Val MAE Details: ['48.9251', '56.7991', '71.3554']
2026-04-15 14:17:49,479 - INFO - ⏳ No improvement. Patience: 1/50
2026-04-15 14:20:31,954 - INFO - [Epoch 87] Train Loss: 0.0043 | LR: 0.000060
2026-04-15 14:20:31,954 - INFO -     >>> Val Avg RMSE (Real): 91.1010
2026-04-15 14:20:31,954 - INFO -     >>> Val MAE Details: ['47.9436', '55.2329', '71.3409']
2026-04-15 14:20:32,032 - INFO - 💾 Saved Best Model to ./logs/QM9_repr_atomistic_graph_GotenNet_Task3_20260415_102126/best_model.pth
2026-04-15 14:23:12,914 - INFO - [Epoch 88] Train Loss: 0.0042 | LR: 0.000059
2026-04-15 14:23:12,914 - INFO -     >>> Val Avg RMSE (Real): 90.0504
2026-04-15 14:23:12,914 - INFO -     >>> Val MAE Details: ['47.0282', '57.6294', '69.0976']
2026-04-15 14:23:12,994 - INFO - 💾 Saved Best Model to ./logs/QM9_repr_atomistic_graph_GotenNet_Task3_20260415_102126/best_model.pth
2026-04-15 14:25:57,258 - INFO - [Epoch 89] Train Loss: 0.0041 | LR: 0.000059
2026-04-15 14:25:57,259 - INFO -     >>> Val Avg RMSE (Real): 90.4943
2026-04-15 14:25:57,259 - INFO -     >>> Val MAE Details: ['45.7627', '54.3945', '68.6357']
2026-04-15 14:25:57,259 - INFO - ⏳ No improvement. Patience: 1/50
2026-04-15 14:28:40,506 - INFO - [Epoch 90] Train Loss: 0.0041 | LR: 0.000058
2026-04-15 14:28:40,507 - INFO -     >>> Val Avg RMSE (Real): 92.5089
2026-04-15 14:28:40,507 - INFO -     >>> Val MAE Details: ['48.1550', '54.0028', '72.5363']
2026-04-15 14:28:40,507 - INFO - ⏳ No improvement. Patience: 2/50
2026-04-15 14:31:22,125 - INFO - [Epoch 91] Train Loss: 0.0040 | LR: 0.000057
2026-04-15 14:31:22,125 - INFO -     >>> Val Avg RMSE (Real): 92.0440
2026-04-15 14:31:22,125 - INFO -     >>> Val MAE Details: ['46.6106', '57.7715', '70.0458']
2026-04-15 14:31:22,125 - INFO - ⏳ No improvement. Patience: 3/50
2026-04-15 14:34:03,290 - INFO - [Epoch 92] Train Loss: 0.0040 | LR: 0.000056
2026-04-15 14:34:03,290 - INFO -     >>> Val Avg RMSE (Real): 93.7671
2026-04-15 14:34:03,290 - INFO -     >>> Val MAE Details: ['45.4135', '61.5265', '73.1759']
2026-04-15 14:34:03,290 - INFO - ⏳ No improvement. Patience: 4/50
2026-04-15 14:36:45,826 - INFO - [Epoch 93] Train Loss: 0.0039 | LR: 0.000055
2026-04-15 14:36:45,826 - INFO -     >>> Val Avg RMSE (Real): 90.9614
2026-04-15 14:36:45,826 - INFO -     >>> Val MAE Details: ['45.9838', '54.0388', '68.6918']
2026-04-15 14:36:45,826 - INFO - ⏳ No improvement. Patience: 5/50
2026-04-15 14:39:28,809 - INFO - [Epoch 94] Train Loss: 0.0039 | LR: 0.000055
2026-04-15 14:39:28,810 - INFO -     >>> Val Avg RMSE (Real): 88.7918
2026-04-15 14:39:28,810 - INFO -     >>> Val MAE Details: ['44.6987', '53.6145', '67.3778']
2026-04-15 14:39:28,889 - INFO - 💾 Saved Best Model to ./logs/QM9_repr_atomistic_graph_GotenNet_Task3_20260415_102126/best_model.pth
2026-04-15 14:42:09,860 - INFO - [Epoch 95] Train Loss: 0.0038 | LR: 0.000054
2026-04-15 14:42:09,861 - INFO -     >>> Val Avg RMSE (Real): 89.6867
2026-04-15 14:42:09,861 - INFO -     >>> Val MAE Details: ['45.9257', '52.5464', '68.6679']
2026-04-15 14:42:09,861 - INFO - ⏳ No improvement. Patience: 1/50
2026-04-15 14:44:53,715 - INFO - [Epoch 96] Train Loss: 0.0038 | LR: 0.000053
2026-04-15 14:44:53,716 - INFO -     >>> Val Avg RMSE (Real): 94.0774
2026-04-15 14:44:53,716 - INFO -     >>> Val MAE Details: ['45.2551', '59.6928', '75.6759']
2026-04-15 14:44:53,716 - INFO - ⏳ No improvement. Patience: 2/50
2026-04-15 14:47:39,332 - INFO - [Epoch 97] Train Loss: 0.0037 | LR: 0.000052
2026-04-15 14:47:39,332 - INFO -     >>> Val Avg RMSE (Real): 91.7685
2026-04-15 14:47:39,332 - INFO -     >>> Val MAE Details: ['46.0864', '56.6742', '72.0582']
2026-04-15 14:47:39,332 - INFO - ⏳ No improvement. Patience: 3/50
2026-04-15 14:50:20,423 - INFO - [Epoch 98] Train Loss: 0.0036 | LR: 0.000052
2026-04-15 14:50:20,424 - INFO -     >>> Val Avg RMSE (Real): 89.1754
2026-04-15 14:50:20,424 - INFO -     >>> Val MAE Details: ['45.4006', '54.7507', '68.2297']
2026-04-15 14:50:20,424 - INFO - ⏳ No improvement. Patience: 4/50
2026-04-15 14:53:02,329 - INFO - [Epoch 99] Train Loss: 0.0036 | LR: 0.000051
2026-04-15 14:53:02,329 - INFO -     >>> Val Avg RMSE (Real): 88.3894
2026-04-15 14:53:02,329 - INFO -     >>> Val MAE Details: ['45.7600', '53.3534', '66.8596']
2026-04-15 14:53:02,411 - INFO - 💾 Saved Best Model to ./logs/QM9_repr_atomistic_graph_GotenNet_Task3_20260415_102126/best_model.pth
2026-04-15 14:55:44,187 - INFO - [Epoch 100] Train Loss: 0.0036 | LR: 0.000050
2026-04-15 14:55:44,187 - INFO -     >>> Val Avg RMSE (Real): 89.0870
2026-04-15 14:55:44,187 - INFO -     >>> Val MAE Details: ['43.7255', '53.7131', '67.8989']
2026-04-15 14:55:44,187 - INFO - ⏳ No improvement. Patience: 1/50
2026-04-15 14:58:26,509 - INFO - [Epoch 101] Train Loss: 0.0035 | LR: 0.000049
2026-04-15 14:58:26,509 - INFO -     >>> Val Avg RMSE (Real): 90.6072
2026-04-15 14:58:26,509 - INFO -     >>> Val MAE Details: ['45.6591', '56.1383', '70.1900']
2026-04-15 14:58:26,509 - INFO - ⏳ No improvement. Patience: 2/50
2026-04-15 15:01:08,434 - INFO - [Epoch 102] Train Loss: 0.0035 | LR: 0.000048
2026-04-15 15:01:08,434 - INFO -     >>> Val Avg RMSE (Real): 88.7537
2026-04-15 15:01:08,435 - INFO -     >>> Val MAE Details: ['44.9436', '53.3185', '66.6937']
2026-04-15 15:01:08,435 - INFO - ⏳ No improvement. Patience: 3/50
2026-04-15 15:03:51,410 - INFO - [Epoch 103] Train Loss: 0.0034 | LR: 0.000048
2026-04-15 15:03:51,411 - INFO -     >>> Val Avg RMSE (Real): 88.2543
2026-04-15 15:03:51,411 - INFO -     >>> Val MAE Details: ['44.3544', '54.0219', '67.7044']
2026-04-15 15:03:51,491 - INFO - 💾 Saved Best Model to ./logs/QM9_repr_atomistic_graph_GotenNet_Task3_20260415_102126/best_model.pth
2026-04-15 15:06:34,037 - INFO - [Epoch 104] Train Loss: 0.0033 | LR: 0.000047
2026-04-15 15:06:34,038 - INFO -     >>> Val Avg RMSE (Real): 86.9543
2026-04-15 15:06:34,038 - INFO -     >>> Val MAE Details: ['44.8155', '50.8381', '65.3352']
2026-04-15 15:06:34,117 - INFO - 💾 Saved Best Model to ./logs/QM9_repr_atomistic_graph_GotenNet_Task3_20260415_102126/best_model.pth
2026-04-15 15:09:16,811 - INFO - [Epoch 105] Train Loss: 0.0033 | LR: 0.000046
2026-04-15 15:09:16,811 - INFO -     >>> Val Avg RMSE (Real): 86.9331
2026-04-15 15:09:16,811 - INFO -     >>> Val MAE Details: ['45.0820', '51.1527', '65.2382']
2026-04-15 15:09:16,891 - INFO - 💾 Saved Best Model to ./logs/QM9_repr_atomistic_graph_GotenNet_Task3_20260415_102126/best_model.pth
2026-04-15 15:11:59,905 - INFO - [Epoch 106] Train Loss: 0.0033 | LR: 0.000045
2026-04-15 15:11:59,906 - INFO -     >>> Val Avg RMSE (Real): 86.4380
2026-04-15 15:11:59,906 - INFO -     >>> Val MAE Details: ['44.8696', '50.8306', '65.1038']
2026-04-15 15:11:59,986 - INFO - 💾 Saved Best Model to ./logs/QM9_repr_atomistic_graph_GotenNet_Task3_20260415_102126/best_model.pth
2026-04-15 15:14:45,301 - INFO - [Epoch 107] Train Loss: 0.0032 | LR: 0.000045
2026-04-15 15:14:45,301 - INFO -     >>> Val Avg RMSE (Real): 87.3477
2026-04-15 15:14:45,301 - INFO -     >>> Val MAE Details: ['44.0977', '50.9180', '65.5265']
2026-04-15 15:14:45,301 - INFO - ⏳ No improvement. Patience: 1/50
2026-04-15 15:17:27,510 - INFO - [Epoch 108] Train Loss: 0.0032 | LR: 0.000044
2026-04-15 15:17:27,510 - INFO -     >>> Val Avg RMSE (Real): 87.9332
2026-04-15 15:17:27,510 - INFO -     >>> Val MAE Details: ['45.7684', '52.7954', '67.0032']
2026-04-15 15:17:27,510 - INFO - ⏳ No improvement. Patience: 2/50
2026-04-15 15:20:09,145 - INFO - [Epoch 109] Train Loss: 0.0032 | LR: 0.000043
2026-04-15 15:20:09,146 - INFO -     >>> Val Avg RMSE (Real): 86.4765
2026-04-15 15:20:09,146 - INFO -     >>> Val MAE Details: ['44.2070', '50.7753', '65.0292']
2026-04-15 15:20:09,146 - INFO - ⏳ No improvement. Patience: 3/50
2026-04-15 15:22:50,340 - INFO - [Epoch 110] Train Loss: 0.0031 | LR: 0.000042
2026-04-15 15:22:50,341 - INFO -     >>> Val Avg RMSE (Real): 87.6681
2026-04-15 15:22:50,341 - INFO -     >>> Val MAE Details: ['45.4851', '50.9771', '66.8719']
2026-04-15 15:22:50,341 - INFO - ⏳ No improvement. Patience: 4/50
2026-04-15 15:25:33,317 - INFO - [Epoch 111] Train Loss: 0.0031 | LR: 0.000041
2026-04-15 15:25:33,317 - INFO -     >>> Val Avg RMSE (Real): 86.5279
2026-04-15 15:25:33,317 - INFO -     >>> Val MAE Details: ['43.9149', '52.7452', '65.3734']
2026-04-15 15:25:33,317 - INFO - ⏳ No improvement. Patience: 5/50
2026-04-15 15:28:15,501 - INFO - [Epoch 112] Train Loss: 0.0030 | LR: 0.000041
2026-04-15 15:28:15,501 - INFO -     >>> Val Avg RMSE (Real): 86.5452
2026-04-15 15:28:15,501 - INFO -     >>> Val MAE Details: ['43.7122', '50.8585', '63.6665']
2026-04-15 15:28:15,501 - INFO - ⏳ No improvement. Patience: 6/50
2026-04-15 15:30:58,014 - INFO - [Epoch 113] Train Loss: 0.0029 | LR: 0.000040
2026-04-15 15:30:58,015 - INFO -     >>> Val Avg RMSE (Real): 88.3936
2026-04-15 15:30:58,015 - INFO -     >>> Val MAE Details: ['44.6260', '51.6698', '67.3240']
2026-04-15 15:30:58,015 - INFO - ⏳ No improvement. Patience: 7/50
2026-04-15 15:33:23,657 - INFO - [Epoch 114] Train Loss: 0.0029 | LR: 0.000039
2026-04-15 15:33:23,657 - INFO -     >>> Val Avg RMSE (Real): 86.8093
2026-04-15 15:33:23,657 - INFO -     >>> Val MAE Details: ['44.1369', '52.9496', '64.3925']
2026-04-15 15:33:23,657 - INFO - ⏳ No improvement. Patience: 8/50
2026-04-15 15:36:07,107 - INFO - [Epoch 115] Train Loss: 0.0029 | LR: 0.000038
2026-04-15 15:36:07,107 - INFO -     >>> Val Avg RMSE (Real): 85.9757
2026-04-15 15:36:07,107 - INFO -     >>> Val MAE Details: ['43.2915', '50.7818', '63.8354']
2026-04-15 15:36:07,188 - INFO - 💾 Saved Best Model to ./logs/QM9_repr_atomistic_graph_GotenNet_Task3_20260415_102126/best_model.pth
2026-04-15 15:38:49,410 - INFO - [Epoch 116] Train Loss: 0.0028 | LR: 0.000038
2026-04-15 15:38:49,410 - INFO -     >>> Val Avg RMSE (Real): 86.4806
2026-04-15 15:38:49,410 - INFO -     >>> Val MAE Details: ['44.1510', '50.3359', '64.5396']
2026-04-15 15:38:49,410 - INFO - ⏳ No improvement. Patience: 1/50
2026-04-15 15:41:31,973 - INFO - [Epoch 117] Train Loss: 0.0028 | LR: 0.000037
2026-04-15 15:41:31,973 - INFO -     >>> Val Avg RMSE (Real): 86.3585
2026-04-15 15:41:31,973 - INFO -     >>> Val MAE Details: ['42.7992', '50.9732', '65.3605']
2026-04-15 15:41:31,973 - INFO - ⏳ No improvement. Patience: 2/50
2026-04-15 15:44:14,547 - INFO - [Epoch 118] Train Loss: 0.0027 | LR: 0.000036
2026-04-15 15:44:14,547 - INFO -     >>> Val Avg RMSE (Real): 86.7278
2026-04-15 15:44:14,547 - INFO -     >>> Val MAE Details: ['48.2842', '51.3340', '62.5809']
2026-04-15 15:44:14,547 - INFO - ⏳ No improvement. Patience: 3/50
2026-04-15 15:46:57,408 - INFO - [Epoch 119] Train Loss: 0.0027 | LR: 0.000035
2026-04-15 15:46:57,408 - INFO -     >>> Val Avg RMSE (Real): 86.8721
2026-04-15 15:46:57,408 - INFO -     >>> Val MAE Details: ['43.2204', '51.2994', '64.7817']
2026-04-15 15:46:57,408 - INFO - ⏳ No improvement. Patience: 4/50
2026-04-15 15:49:38,144 - INFO - [Epoch 120] Train Loss: 0.0026 | LR: 0.000035
2026-04-15 15:49:38,145 - INFO -     >>> Val Avg RMSE (Real): 87.7216
2026-04-15 15:49:38,145 - INFO -     >>> Val MAE Details: ['44.6241', '50.3476', '68.3026']
2026-04-15 15:49:38,145 - INFO - ⏳ No improvement. Patience: 5/50
2026-04-15 15:52:20,732 - INFO - [Epoch 121] Train Loss: 0.0027 | LR: 0.000034
2026-04-15 15:52:20,732 - INFO -     >>> Val Avg RMSE (Real): 86.4268
2026-04-15 15:52:20,732 - INFO -     >>> Val MAE Details: ['42.2442', '51.9470', '64.0173']
2026-04-15 15:52:20,732 - INFO - ⏳ No improvement. Patience: 6/50
2026-04-15 15:55:02,584 - INFO - [Epoch 122] Train Loss: 0.0026 | LR: 0.000033
2026-04-15 15:55:02,584 - INFO -     >>> Val Avg RMSE (Real): 84.6175
2026-04-15 15:55:02,584 - INFO -     >>> Val MAE Details: ['43.1753', '48.7649', '62.6976']
2026-04-15 15:55:02,668 - INFO - 💾 Saved Best Model to ./logs/QM9_repr_atomistic_graph_GotenNet_Task3_20260415_102126/best_model.pth
2026-04-15 15:57:45,596 - INFO - [Epoch 123] Train Loss: 0.0026 | LR: 0.000032
2026-04-15 15:57:45,596 - INFO -     >>> Val Avg RMSE (Real): 86.0628
2026-04-15 15:57:45,596 - INFO -     >>> Val MAE Details: ['43.5916', '50.1975', '63.6114']
2026-04-15 15:57:45,596 - INFO - ⏳ No improvement. Patience: 1/50
2026-04-15 16:00:29,228 - INFO - [Epoch 124] Train Loss: 0.0025 | LR: 0.000032
2026-04-15 16:00:29,228 - INFO -     >>> Val Avg RMSE (Real): 85.4515
2026-04-15 16:00:29,228 - INFO -     >>> Val MAE Details: ['41.2582', '49.8431', '63.0868']
2026-04-15 16:00:29,228 - INFO - ⏳ No improvement. Patience: 2/50
2026-04-15 16:03:12,310 - INFO - [Epoch 125] Train Loss: 0.0025 | LR: 0.000031
2026-04-15 16:03:12,310 - INFO -     >>> Val Avg RMSE (Real): 86.0769
2026-04-15 16:03:12,310 - INFO -     >>> Val MAE Details: ['42.8713', '51.4978', '63.0118']
2026-04-15 16:03:12,310 - INFO - ⏳ No improvement. Patience: 3/50
2026-04-15 16:05:55,833 - INFO - [Epoch 126] Train Loss: 0.0024 | LR: 0.000030
2026-04-15 16:05:55,833 - INFO -     >>> Val Avg RMSE (Real): 84.8980
2026-04-15 16:05:55,833 - INFO -     >>> Val MAE Details: ['42.8248', '49.9834', '63.1300']
2026-04-15 16:05:55,833 - INFO - ⏳ No improvement. Patience: 4/50
2026-04-15 16:08:36,495 - INFO - [Epoch 127] Train Loss: 0.0024 | LR: 0.000029
2026-04-15 16:08:36,495 - INFO -     >>> Val Avg RMSE (Real): 85.2142
2026-04-15 16:08:36,495 - INFO -     >>> Val MAE Details: ['43.0705', '49.3273', '63.5621']
2026-04-15 16:08:36,495 - INFO - ⏳ No improvement. Patience: 5/50
2026-04-15 16:11:19,634 - INFO - [Epoch 128] Train Loss: 0.0024 | LR: 0.000029
2026-04-15 16:11:19,634 - INFO -     >>> Val Avg RMSE (Real): 83.7060
2026-04-15 16:11:19,635 - INFO -     >>> Val MAE Details: ['41.9509', '48.0064', '61.1769']
2026-04-15 16:11:19,726 - INFO - 💾 Saved Best Model to ./logs/QM9_repr_atomistic_graph_GotenNet_Task3_20260415_102126/best_model.pth
2026-04-15 16:14:02,524 - INFO - [Epoch 129] Train Loss: 0.0023 | LR: 0.000028
2026-04-15 16:14:02,524 - INFO -     >>> Val Avg RMSE (Real): 83.6302
2026-04-15 16:14:02,524 - INFO -     >>> Val MAE Details: ['40.4159', '48.3430', '61.3091']
2026-04-15 16:14:02,604 - INFO - 💾 Saved Best Model to ./logs/QM9_repr_atomistic_graph_GotenNet_Task3_20260415_102126/best_model.pth
2026-04-15 16:16:43,260 - INFO - [Epoch 130] Train Loss: 0.0023 | LR: 0.000027
2026-04-15 16:16:43,260 - INFO -     >>> Val Avg RMSE (Real): 85.9214
2026-04-15 16:16:43,260 - INFO -     >>> Val MAE Details: ['43.5054', '49.7655', '65.8294']
2026-04-15 16:16:43,260 - INFO - ⏳ No improvement. Patience: 1/50
2026-04-15 16:19:25,482 - INFO - [Epoch 131] Train Loss: 0.0023 | LR: 0.000027
2026-04-15 16:19:25,482 - INFO -     >>> Val Avg RMSE (Real): 85.6386
2026-04-15 16:19:25,482 - INFO -     >>> Val MAE Details: ['42.2618', '50.1194', '64.0614']
2026-04-15 16:19:25,482 - INFO - ⏳ No improvement. Patience: 2/50
2026-04-15 16:22:09,518 - INFO - [Epoch 132] Train Loss: 0.0022 | LR: 0.000026
2026-04-15 16:22:09,519 - INFO -     >>> Val Avg RMSE (Real): 85.4173
2026-04-15 16:22:09,519 - INFO -     >>> Val MAE Details: ['41.4685', '50.7498', '63.3960']
2026-04-15 16:22:09,519 - INFO - ⏳ No improvement. Patience: 3/50
2026-04-15 16:24:50,625 - INFO - [Epoch 133] Train Loss: 0.0022 | LR: 0.000025
2026-04-15 16:24:50,626 - INFO -     >>> Val Avg RMSE (Real): 84.7808
2026-04-15 16:24:50,626 - INFO -     >>> Val MAE Details: ['41.1135', '48.9707', '64.5007']
2026-04-15 16:24:50,626 - INFO - ⏳ No improvement. Patience: 4/50
2026-04-15 16:27:32,591 - INFO - [Epoch 134] Train Loss: 0.0022 | LR: 0.000025
2026-04-15 16:27:32,591 - INFO -     >>> Val Avg RMSE (Real): 84.8389
2026-04-15 16:27:32,591 - INFO -     >>> Val MAE Details: ['42.9739', '48.0256', '62.3432']
2026-04-15 16:27:32,591 - INFO - ⏳ No improvement. Patience: 5/50
2026-04-15 16:30:16,722 - INFO - [Epoch 135] Train Loss: 0.0021 | LR: 0.000024
2026-04-15 16:30:16,722 - INFO -     >>> Val Avg RMSE (Real): 83.2523
2026-04-15 16:30:16,722 - INFO -     >>> Val MAE Details: ['42.4650', '47.1480', '60.9901']
2026-04-15 16:30:16,802 - INFO - 💾 Saved Best Model to ./logs/QM9_repr_atomistic_graph_GotenNet_Task3_20260415_102126/best_model.pth
2026-04-15 16:32:59,052 - INFO - [Epoch 136] Train Loss: 0.0021 | LR: 0.000023
2026-04-15 16:32:59,053 - INFO -     >>> Val Avg RMSE (Real): 84.9663
2026-04-15 16:32:59,053 - INFO -     >>> Val MAE Details: ['44.3494', '47.3620', '63.5163']
2026-04-15 16:32:59,053 - INFO - ⏳ No improvement. Patience: 1/50
2026-04-15 16:35:40,187 - INFO - [Epoch 137] Train Loss: 0.0021 | LR: 0.000023
2026-04-15 16:35:40,187 - INFO -     >>> Val Avg RMSE (Real): 83.7372
2026-04-15 16:35:40,187 - INFO -     >>> Val MAE Details: ['42.1314', '46.8368', '61.4368']
2026-04-15 16:35:40,187 - INFO - ⏳ No improvement. Patience: 2/50
2026-04-15 16:38:22,567 - INFO - [Epoch 138] Train Loss: 0.0020 | LR: 0.000022
2026-04-15 16:38:22,567 - INFO -     >>> Val Avg RMSE (Real): 83.8595
2026-04-15 16:38:22,568 - INFO -     >>> Val MAE Details: ['40.9903', '48.4981', '61.8646']
2026-04-15 16:38:22,568 - INFO - ⏳ No improvement. Patience: 3/50
2026-04-15 16:41:05,750 - INFO - [Epoch 139] Train Loss: 0.0020 | LR: 0.000021
2026-04-15 16:41:05,750 - INFO -     >>> Val Avg RMSE (Real): 84.4423
2026-04-15 16:41:05,750 - INFO -     >>> Val MAE Details: ['41.5537', '49.3514', '62.6007']
2026-04-15 16:41:05,750 - INFO - ⏳ No improvement. Patience: 4/50
2026-04-15 16:43:44,126 - INFO - [Epoch 140] Train Loss: 0.0020 | LR: 0.000021
2026-04-15 16:43:44,126 - INFO -     >>> Val Avg RMSE (Real): 82.9206
2026-04-15 16:43:44,126 - INFO -     >>> Val MAE Details: ['40.9141', '47.3008', '60.2770']
2026-04-15 16:43:44,205 - INFO - 💾 Saved Best Model to ./logs/QM9_repr_atomistic_graph_GotenNet_Task3_20260415_102126/best_model.pth
2026-04-15 16:46:26,249 - INFO - [Epoch 141] Train Loss: 0.0019 | LR: 0.000020
2026-04-15 16:46:26,249 - INFO -     >>> Val Avg RMSE (Real): 84.6249
2026-04-15 16:46:26,249 - INFO -     >>> Val MAE Details: ['42.1972', '49.2621', '61.9045']
2026-04-15 16:46:26,249 - INFO - ⏳ No improvement. Patience: 1/50
2026-04-15 16:49:09,856 - INFO - [Epoch 142] Train Loss: 0.0019 | LR: 0.000019
2026-04-15 16:49:09,857 - INFO -     >>> Val Avg RMSE (Real): 82.9955
2026-04-15 16:49:09,857 - INFO -     >>> Val MAE Details: ['40.1166', '47.6649', '60.0547']
2026-04-15 16:49:09,857 - INFO - ⏳ No improvement. Patience: 2/50
2026-04-15 16:51:51,742 - INFO - [Epoch 143] Train Loss: 0.0019 | LR: 0.000019
2026-04-15 16:51:51,742 - INFO -     >>> Val Avg RMSE (Real): 82.0277
2026-04-15 16:51:51,742 - INFO -     >>> Val MAE Details: ['40.5540', '46.9718', '59.6966']
2026-04-15 16:51:51,822 - INFO - 💾 Saved Best Model to ./logs/QM9_repr_atomistic_graph_GotenNet_Task3_20260415_102126/best_model.pth
2026-04-15 16:54:31,687 - INFO - [Epoch 144] Train Loss: 0.0019 | LR: 0.000018
2026-04-15 16:54:31,687 - INFO -     >>> Val Avg RMSE (Real): 84.3464
2026-04-15 16:54:31,687 - INFO -     >>> Val MAE Details: ['40.8510', '48.4863', '62.5245']
2026-04-15 16:54:31,687 - INFO - ⏳ No improvement. Patience: 1/50
2026-04-15 16:57:15,199 - INFO - [Epoch 145] Train Loss: 0.0018 | LR: 0.000018
2026-04-15 16:57:15,199 - INFO -     >>> Val Avg RMSE (Real): 82.5707
2026-04-15 16:57:15,200 - INFO -     >>> Val MAE Details: ['40.3223', '46.7508', '59.9338']
2026-04-15 16:57:15,200 - INFO - ⏳ No improvement. Patience: 2/50
2026-04-15 16:59:59,699 - INFO - [Epoch 146] Train Loss: 0.0018 | LR: 0.000017
2026-04-15 16:59:59,699 - INFO -     >>> Val Avg RMSE (Real): 82.8480
2026-04-15 16:59:59,699 - INFO -     >>> Val MAE Details: ['40.4964', '46.5222', '59.9465']
2026-04-15 16:59:59,699 - INFO - ⏳ No improvement. Patience: 3/50
2026-04-15 17:02:42,944 - INFO - [Epoch 147] Train Loss: 0.0018 | LR: 0.000016
2026-04-15 17:02:42,944 - INFO -     >>> Val Avg RMSE (Real): 82.7007
2026-04-15 17:02:42,944 - INFO -     >>> Val MAE Details: ['40.0597', '47.2144', '60.2328']
2026-04-15 17:02:42,944 - INFO - ⏳ No improvement. Patience: 4/50
2026-04-15 17:05:24,761 - INFO - [Epoch 148] Train Loss: 0.0018 | LR: 0.000016
2026-04-15 17:05:24,761 - INFO -     >>> Val Avg RMSE (Real): 81.5095
2026-04-15 17:05:24,761 - INFO -     >>> Val MAE Details: ['40.5476', '45.9944', '59.0043']
2026-04-15 17:05:24,833 - INFO - 💾 Saved Best Model to ./logs/QM9_repr_atomistic_graph_GotenNet_Task3_20260415_102126/best_model.pth
2026-04-15 17:08:07,948 - INFO - [Epoch 149] Train Loss: 0.0017 | LR: 0.000015
2026-04-15 17:08:07,948 - INFO -     >>> Val Avg RMSE (Real): 82.0490
2026-04-15 17:08:07,948 - INFO -     >>> Val MAE Details: ['39.7430', '46.6188', '59.1057']
2026-04-15 17:08:07,948 - INFO - ⏳ No improvement. Patience: 1/50
2026-04-15 17:10:19,513 - INFO - [Epoch 150] Train Loss: 0.0017 | LR: 0.000015
2026-04-15 17:10:19,513 - INFO -     >>> Val Avg RMSE (Real): 82.1149
2026-04-15 17:10:19,513 - INFO -     >>> Val MAE Details: ['40.5804', '46.6815', '59.0604']
2026-04-15 17:10:19,513 - INFO - ⏳ No improvement. Patience: 2/50
2026-04-15 17:13:02,758 - INFO - [Epoch 151] Train Loss: 0.0017 | LR: 0.000014
2026-04-15 17:13:02,758 - INFO -     >>> Val Avg RMSE (Real): 82.3279
2026-04-15 17:13:02,758 - INFO -     >>> Val MAE Details: ['40.7034', '46.0209', '59.2090']
2026-04-15 17:13:02,758 - INFO - ⏳ No improvement. Patience: 3/50
2026-04-15 17:15:44,829 - INFO - [Epoch 152] Train Loss: 0.0016 | LR: 0.000014
2026-04-15 17:15:44,829 - INFO -     >>> Val Avg RMSE (Real): 82.4746
2026-04-15 17:15:44,829 - INFO -     >>> Val MAE Details: ['39.8375', '47.4016', '59.8760']
2026-04-15 17:15:44,829 - INFO - ⏳ No improvement. Patience: 4/50
2026-04-15 17:18:27,917 - INFO - [Epoch 153] Train Loss: 0.0016 | LR: 0.000013
2026-04-15 17:18:27,917 - INFO -     >>> Val Avg RMSE (Real): 81.6588
2026-04-15 17:18:27,917 - INFO -     >>> Val MAE Details: ['39.7401', '45.6129', '58.4514']
2026-04-15 17:18:27,917 - INFO - ⏳ No improvement. Patience: 5/50
2026-04-15 17:21:12,416 - INFO - [Epoch 154] Train Loss: 0.0016 | LR: 0.000012
2026-04-15 17:21:12,416 - INFO -     >>> Val Avg RMSE (Real): 81.7791
2026-04-15 17:21:12,416 - INFO -     >>> Val MAE Details: ['39.7109', '46.2125', '58.9257']
2026-04-15 17:21:12,416 - INFO - ⏳ No improvement. Patience: 6/50
2026-04-15 17:23:53,831 - INFO - [Epoch 155] Train Loss: 0.0016 | LR: 0.000012
2026-04-15 17:23:53,831 - INFO -     >>> Val Avg RMSE (Real): 82.4225
2026-04-15 17:23:53,832 - INFO -     >>> Val MAE Details: ['39.8794', '46.8964', '60.1274']
2026-04-15 17:23:53,832 - INFO - ⏳ No improvement. Patience: 7/50
2026-04-15 17:26:39,363 - INFO - [Epoch 156] Train Loss: 0.0016 | LR: 0.000011
2026-04-15 17:26:39,363 - INFO -     >>> Val Avg RMSE (Real): 81.3563
2026-04-15 17:26:39,363 - INFO -     >>> Val MAE Details: ['39.6243', '45.5254', '58.2011']
2026-04-15 17:26:39,441 - INFO - 💾 Saved Best Model to ./logs/QM9_repr_atomistic_graph_GotenNet_Task3_20260415_102126/best_model.pth
2026-04-15 17:29:22,252 - INFO - [Epoch 157] Train Loss: 0.0015 | LR: 0.000011
2026-04-15 17:29:22,252 - INFO -     >>> Val Avg RMSE (Real): 81.5983
2026-04-15 17:29:22,252 - INFO -     >>> Val MAE Details: ['40.4674', '45.2444', '58.8537']
2026-04-15 17:29:22,252 - INFO - ⏳ No improvement. Patience: 1/50
2026-04-15 17:32:05,377 - INFO - [Epoch 158] Train Loss: 0.0015 | LR: 0.000010
2026-04-15 17:32:05,377 - INFO -     >>> Val Avg RMSE (Real): 81.3636
2026-04-15 17:32:05,377 - INFO -     >>> Val MAE Details: ['39.3403', '45.4046', '58.3586']
2026-04-15 17:32:05,377 - INFO - ⏳ No improvement. Patience: 2/50
2026-04-15 17:34:47,395 - INFO - [Epoch 159] Train Loss: 0.0015 | LR: 0.000010
2026-04-15 17:34:47,395 - INFO -     >>> Val Avg RMSE (Real): 82.3628
2026-04-15 17:34:47,395 - INFO -     >>> Val MAE Details: ['40.0862', '45.6685', '59.7074']
2026-04-15 17:34:47,395 - INFO - ⏳ No improvement. Patience: 3/50
2026-04-15 17:37:28,894 - INFO - [Epoch 160] Train Loss: 0.0015 | LR: 0.000010
2026-04-15 17:37:28,895 - INFO -     >>> Val Avg RMSE (Real): 82.4345
2026-04-15 17:37:28,895 - INFO -     >>> Val MAE Details: ['41.2396', '45.2891', '60.2640']
2026-04-15 17:37:28,895 - INFO - ⏳ No improvement. Patience: 4/50
2026-04-15 17:40:09,130 - INFO - [Epoch 161] Train Loss: 0.0015 | LR: 0.000009
2026-04-15 17:40:09,130 - INFO -     >>> Val Avg RMSE (Real): 81.4792
2026-04-15 17:40:09,130 - INFO -     >>> Val MAE Details: ['39.8457', '45.1163', '58.5839']
2026-04-15 17:40:09,130 - INFO - ⏳ No improvement. Patience: 5/50
2026-04-15 17:42:50,566 - INFO - [Epoch 162] Train Loss: 0.0014 | LR: 0.000009
2026-04-15 17:42:50,566 - INFO -     >>> Val Avg RMSE (Real): 81.1777
2026-04-15 17:42:50,566 - INFO -     >>> Val MAE Details: ['39.8678', '45.1096', '58.3273']
2026-04-15 17:42:50,647 - INFO - 💾 Saved Best Model to ./logs/QM9_repr_atomistic_graph_GotenNet_Task3_20260415_102126/best_model.pth
2026-04-15 17:45:32,676 - INFO - [Epoch 163] Train Loss: 0.0014 | LR: 0.000008
2026-04-15 17:45:32,676 - INFO -     >>> Val Avg RMSE (Real): 81.2851
2026-04-15 17:45:32,676 - INFO -     >>> Val MAE Details: ['39.4952', '45.2021', '58.3585']
2026-04-15 17:45:32,676 - INFO - ⏳ No improvement. Patience: 1/50
2026-04-15 17:48:14,385 - INFO - [Epoch 164] Train Loss: 0.0014 | LR: 0.000008
2026-04-15 17:48:14,386 - INFO -     >>> Val Avg RMSE (Real): 80.8588
2026-04-15 17:48:14,386 - INFO -     >>> Val MAE Details: ['39.5279', '44.6291', '57.8294']
2026-04-15 17:48:14,458 - INFO - 💾 Saved Best Model to ./logs/QM9_repr_atomistic_graph_GotenNet_Task3_20260415_102126/best_model.pth
2026-04-15 17:50:59,963 - INFO - [Epoch 165] Train Loss: 0.0014 | LR: 0.000007
2026-04-15 17:50:59,964 - INFO -     >>> Val Avg RMSE (Real): 81.1154
2026-04-15 17:50:59,964 - INFO -     >>> Val MAE Details: ['39.4827', '44.8475', '57.8895']
2026-04-15 17:50:59,964 - INFO - ⏳ No improvement. Patience: 1/50
2026-04-15 17:53:47,011 - INFO - [Epoch 166] Train Loss: 0.0014 | LR: 0.000007
2026-04-15 17:53:47,011 - INFO -     >>> Val Avg RMSE (Real): 81.5512
2026-04-15 17:53:47,011 - INFO -     >>> Val MAE Details: ['39.1796', '45.3108', '58.6465']
2026-04-15 17:53:47,011 - INFO - ⏳ No improvement. Patience: 2/50
2026-04-15 17:56:31,987 - INFO - [Epoch 167] Train Loss: 0.0014 | LR: 0.000007
2026-04-15 17:56:31,987 - INFO -     >>> Val Avg RMSE (Real): 81.0160
2026-04-15 17:56:31,987 - INFO -     >>> Val MAE Details: ['39.3666', '44.8730', '58.2433']
2026-04-15 17:56:31,987 - INFO - ⏳ No improvement. Patience: 3/50
2026-04-15 17:59:14,765 - INFO - [Epoch 168] Train Loss: 0.0013 | LR: 0.000006
2026-04-15 17:59:14,765 - INFO -     >>> Val Avg RMSE (Real): 81.1324
2026-04-15 17:59:14,765 - INFO -     >>> Val MAE Details: ['39.4800', '44.2999', '57.6066']
2026-04-15 17:59:14,765 - INFO - ⏳ No improvement. Patience: 4/50
2026-04-15 18:01:55,010 - INFO - [Epoch 169] Train Loss: 0.0013 | LR: 0.000006
2026-04-15 18:01:55,010 - INFO -     >>> Val Avg RMSE (Real): 81.2136
2026-04-15 18:01:55,010 - INFO -     >>> Val MAE Details: ['40.0333', '45.1746', '58.3967']
2026-04-15 18:01:55,010 - INFO - ⏳ No improvement. Patience: 5/50
2026-04-15 18:04:38,719 - INFO - [Epoch 170] Train Loss: 0.0013 | LR: 0.000005
2026-04-15 18:04:38,720 - INFO -     >>> Val Avg RMSE (Real): 81.0670
2026-04-15 18:04:38,720 - INFO -     >>> Val MAE Details: ['39.1946', '45.2677', '58.0080']
2026-04-15 18:04:38,720 - INFO - ⏳ No improvement. Patience: 6/50
2026-04-15 18:07:23,574 - INFO - [Epoch 171] Train Loss: 0.0013 | LR: 0.000005
2026-04-15 18:07:23,574 - INFO -     >>> Val Avg RMSE (Real): 80.6539
2026-04-15 18:07:23,574 - INFO -     >>> Val MAE Details: ['39.2701', '44.3814', '57.5389']
2026-04-15 18:07:23,644 - INFO - 💾 Saved Best Model to ./logs/QM9_repr_atomistic_graph_GotenNet_Task3_20260415_102126/best_model.pth
2026-04-15 18:10:06,383 - INFO - [Epoch 172] Train Loss: 0.0013 | LR: 0.000005
2026-04-15 18:10:06,383 - INFO -     >>> Val Avg RMSE (Real): 80.8257
2026-04-15 18:10:06,384 - INFO -     >>> Val MAE Details: ['39.2243', '44.5707', '57.7366']
2026-04-15 18:10:06,384 - INFO - ⏳ No improvement. Patience: 1/50
2026-04-15 18:12:48,485 - INFO - [Epoch 173] Train Loss: 0.0013 | LR: 0.000004
2026-04-15 18:12:48,485 - INFO -     >>> Val Avg RMSE (Real): 80.4675
2026-04-15 18:12:48,485 - INFO -     >>> Val MAE Details: ['39.1258', '44.1766', '57.3478']
2026-04-15 18:12:48,557 - INFO - 💾 Saved Best Model to ./logs/QM9_repr_atomistic_graph_GotenNet_Task3_20260415_102126/best_model.pth
2026-04-15 18:15:31,397 - INFO - [Epoch 174] Train Loss: 0.0013 | LR: 0.000004
2026-04-15 18:15:31,398 - INFO -     >>> Val Avg RMSE (Real): 80.5381
2026-04-15 18:15:31,398 - INFO -     >>> Val MAE Details: ['38.9349', '44.2613', '57.1736']
2026-04-15 18:15:31,398 - INFO - ⏳ No improvement. Patience: 1/50
2026-04-15 18:18:12,146 - INFO - [Epoch 175] Train Loss: 0.0013 | LR: 0.000004
2026-04-15 18:18:12,146 - INFO -     >>> Val Avg RMSE (Real): 80.5316
2026-04-15 18:18:12,146 - INFO -     >>> Val MAE Details: ['39.1345', '44.0325', '57.3999']
2026-04-15 18:18:12,146 - INFO - ⏳ No improvement. Patience: 2/50
2026-04-15 18:20:51,989 - INFO - [Epoch 176] Train Loss: 0.0012 | LR: 0.000004
2026-04-15 18:20:51,989 - INFO -     >>> Val Avg RMSE (Real): 80.6581
2026-04-15 18:20:51,989 - INFO -     >>> Val MAE Details: ['38.8933', '44.1456', '57.3694']
2026-04-15 18:20:51,989 - INFO - ⏳ No improvement. Patience: 3/50
2026-04-15 18:23:35,241 - INFO - [Epoch 177] Train Loss: 0.0012 | LR: 0.000003
2026-04-15 18:23:35,242 - INFO -     >>> Val Avg RMSE (Real): 80.6578
2026-04-15 18:23:35,242 - INFO -     >>> Val MAE Details: ['38.9522', '44.2124', '57.2272']
2026-04-15 18:23:35,242 - INFO - ⏳ No improvement. Patience: 4/50
2026-04-15 18:26:17,882 - INFO - [Epoch 178] Train Loss: 0.0012 | LR: 0.000003
2026-04-15 18:26:17,882 - INFO -     >>> Val Avg RMSE (Real): 80.6773
2026-04-15 18:26:17,882 - INFO -     >>> Val MAE Details: ['39.0297', '44.3953', '57.5391']
2026-04-15 18:26:17,883 - INFO - ⏳ No improvement. Patience: 5/50
2026-04-15 18:28:57,920 - INFO - [Epoch 179] Train Loss: 0.0012 | LR: 0.000003
2026-04-15 18:28:57,920 - INFO -     >>> Val Avg RMSE (Real): 80.3719
2026-04-15 18:28:57,920 - INFO -     >>> Val MAE Details: ['38.9388', '43.9823', '57.2002']
2026-04-15 18:28:58,000 - INFO - 💾 Saved Best Model to ./logs/QM9_repr_atomistic_graph_GotenNet_Task3_20260415_102126/best_model.pth
2026-04-15 18:31:38,889 - INFO - [Epoch 180] Train Loss: 0.0012 | LR: 0.000002
2026-04-15 18:31:38,890 - INFO -     >>> Val Avg RMSE (Real): 80.5179
2026-04-15 18:31:38,890 - INFO -     >>> Val MAE Details: ['39.1526', '44.1034', '57.0199']
2026-04-15 18:31:38,890 - INFO - ⏳ No improvement. Patience: 1/50
2026-04-15 18:34:20,030 - INFO - [Epoch 181] Train Loss: 0.0012 | LR: 0.000002
2026-04-15 18:34:20,031 - INFO -     >>> Val Avg RMSE (Real): 80.4395
2026-04-15 18:34:20,031 - INFO -     >>> Val MAE Details: ['38.9020', '44.0714', '57.0318']
2026-04-15 18:34:20,031 - INFO - ⏳ No improvement. Patience: 2/50
2026-04-15 18:37:02,638 - INFO - [Epoch 182] Train Loss: 0.0012 | LR: 0.000002
2026-04-15 18:37:02,639 - INFO -     >>> Val Avg RMSE (Real): 80.3597
2026-04-15 18:37:02,639 - INFO -     >>> Val MAE Details: ['38.8331', '44.0620', '57.2780']
2026-04-15 18:37:02,717 - INFO - 💾 Saved Best Model to ./logs/QM9_repr_atomistic_graph_GotenNet_Task3_20260415_102126/best_model.pth
2026-04-15 18:39:43,512 - INFO - [Epoch 183] Train Loss: 0.0012 | LR: 0.000002
2026-04-15 18:39:43,512 - INFO -     >>> Val Avg RMSE (Real): 80.7804
2026-04-15 18:39:43,512 - INFO -     >>> Val MAE Details: ['38.9002', '44.7622', '57.3535']
2026-04-15 18:39:43,512 - INFO - ⏳ No improvement. Patience: 1/50
2026-04-15 18:42:26,104 - INFO - [Epoch 184] Train Loss: 0.0012 | LR: 0.000002
2026-04-15 18:42:26,105 - INFO -     >>> Val Avg RMSE (Real): 80.3633
2026-04-15 18:42:26,105 - INFO -     >>> Val MAE Details: ['38.8215', '44.1760', '56.9851']
2026-04-15 18:42:26,105 - INFO - ⏳ No improvement. Patience: 2/50
2026-04-15 18:45:07,225 - INFO - [Epoch 185] Train Loss: 0.0012 | LR: 0.000001
2026-04-15 18:45:07,225 - INFO -     >>> Val Avg RMSE (Real): 80.3334
2026-04-15 18:45:07,225 - INFO -     >>> Val MAE Details: ['38.8030', '43.9234', '56.9012']
2026-04-15 18:45:07,299 - INFO - 💾 Saved Best Model to ./logs/QM9_repr_atomistic_graph_GotenNet_Task3_20260415_102126/best_model.pth
2026-04-15 18:47:48,771 - INFO - [Epoch 186] Train Loss: 0.0012 | LR: 0.000001
2026-04-15 18:47:48,772 - INFO -     >>> Val Avg RMSE (Real): 80.4144
2026-04-15 18:47:48,772 - INFO -     >>> Val MAE Details: ['38.8601', '43.9564', '57.1264']
2026-04-15 18:47:48,772 - INFO - ⏳ No improvement. Patience: 1/50
2026-04-15 18:50:30,220 - INFO - [Epoch 187] Train Loss: 0.0011 | LR: 0.000001
2026-04-15 18:50:30,221 - INFO -     >>> Val Avg RMSE (Real): 80.4098
2026-04-15 18:50:30,221 - INFO -     >>> Val MAE Details: ['38.8005', '44.0057', '57.1191']
2026-04-15 18:50:30,221 - INFO - ⏳ No improvement. Patience: 2/50
2026-04-15 18:53:13,729 - INFO - [Epoch 188] Train Loss: 0.0011 | LR: 0.000001
2026-04-15 18:53:13,729 - INFO -     >>> Val Avg RMSE (Real): 80.3036
2026-04-15 18:53:13,729 - INFO -     >>> Val MAE Details: ['39.0084', '43.7451', '56.9151']
2026-04-15 18:53:13,821 - INFO - 💾 Saved Best Model to ./logs/QM9_repr_atomistic_graph_GotenNet_Task3_20260415_102126/best_model.pth
2026-04-15 18:55:56,536 - INFO - [Epoch 189] Train Loss: 0.0011 | LR: 0.000001
2026-04-15 18:55:56,536 - INFO -     >>> Val Avg RMSE (Real): 80.3202
2026-04-15 18:55:56,536 - INFO -     >>> Val MAE Details: ['38.7385', '43.9406', '56.9885']
2026-04-15 18:55:56,536 - INFO - ⏳ No improvement. Patience: 1/50
2026-04-15 18:58:39,719 - INFO - [Epoch 190] Train Loss: 0.0011 | LR: 0.000001
2026-04-15 18:58:39,719 - INFO -     >>> Val Avg RMSE (Real): 80.3009
2026-04-15 18:58:39,719 - INFO -     >>> Val MAE Details: ['38.8063', '43.7906', '56.9564']
2026-04-15 18:58:39,799 - INFO - 💾 Saved Best Model to ./logs/QM9_repr_atomistic_graph_GotenNet_Task3_20260415_102126/best_model.pth
2026-04-15 19:01:22,605 - INFO - [Epoch 191] Train Loss: 0.0011 | LR: 0.000000
2026-04-15 19:01:22,605 - INFO -     >>> Val Avg RMSE (Real): 80.3500
2026-04-15 19:01:22,605 - INFO -     >>> Val MAE Details: ['38.7447', '43.9666', '57.0590']
2026-04-15 19:01:22,605 - INFO - ⏳ No improvement. Patience: 1/50
2026-04-15 19:04:04,124 - INFO - [Epoch 192] Train Loss: 0.0011 | LR: 0.000000
2026-04-15 19:04:04,124 - INFO -     >>> Val Avg RMSE (Real): 80.2743
2026-04-15 19:04:04,125 - INFO -     >>> Val MAE Details: ['38.7350', '43.7644', '56.8452']
2026-04-15 19:04:04,201 - INFO - 💾 Saved Best Model to ./logs/QM9_repr_atomistic_graph_GotenNet_Task3_20260415_102126/best_model.pth
2026-04-15 19:06:45,322 - INFO - [Epoch 193] Train Loss: 0.0011 | LR: 0.000000
2026-04-15 19:06:45,323 - INFO -     >>> Val Avg RMSE (Real): 80.2684
2026-04-15 19:06:45,323 - INFO -     >>> Val MAE Details: ['38.7158', '43.7741', '56.8731']
2026-04-15 19:06:45,401 - INFO - 💾 Saved Best Model to ./logs/QM9_repr_atomistic_graph_GotenNet_Task3_20260415_102126/best_model.pth
2026-04-15 19:09:27,481 - INFO - [Epoch 194] Train Loss: 0.0011 | LR: 0.000000
2026-04-15 19:09:27,481 - INFO -     >>> Val Avg RMSE (Real): 80.2179
2026-04-15 19:09:27,481 - INFO -     >>> Val MAE Details: ['38.7077', '43.7659', '56.8292']
2026-04-15 19:09:27,561 - INFO - 💾 Saved Best Model to ./logs/QM9_repr_atomistic_graph_GotenNet_Task3_20260415_102126/best_model.pth
2026-04-15 19:12:09,691 - INFO - [Epoch 195] Train Loss: 0.0011 | LR: 0.000000
2026-04-15 19:12:09,691 - INFO -     >>> Val Avg RMSE (Real): 80.2480
2026-04-15 19:12:09,692 - INFO -     >>> Val MAE Details: ['38.7473', '43.7622', '56.8285']
2026-04-15 19:12:09,692 - INFO - ⏳ No improvement. Patience: 1/50
2026-04-15 19:14:52,615 - INFO - [Epoch 196] Train Loss: 0.0011 | LR: 0.000000
2026-04-15 19:14:52,616 - INFO -     >>> Val Avg RMSE (Real): 80.2287
2026-04-15 19:14:52,616 - INFO -     >>> Val MAE Details: ['38.7158', '43.7328', '56.8200']
2026-04-15 19:14:52,616 - INFO - ⏳ No improvement. Patience: 2/50
2026-04-15 19:17:33,708 - INFO - [Epoch 197] Train Loss: 0.0011 | LR: 0.000000
2026-04-15 19:17:33,708 - INFO -     >>> Val Avg RMSE (Real): 80.2234
2026-04-15 19:17:33,708 - INFO -     >>> Val MAE Details: ['38.7107', '43.7450', '56.8109']
2026-04-15 19:17:33,708 - INFO - ⏳ No improvement. Patience: 3/50
2026-04-15 19:20:16,711 - INFO - [Epoch 198] Train Loss: 0.0011 | LR: 0.000000
2026-04-15 19:20:16,712 - INFO -     >>> Val Avg RMSE (Real): 80.2218
2026-04-15 19:20:16,712 - INFO -     >>> Val MAE Details: ['38.7099', '43.7278', '56.8064']
2026-04-15 19:20:16,712 - INFO - ⏳ No improvement. Patience: 4/50
2026-04-15 19:23:01,050 - INFO - [Epoch 199] Train Loss: 0.0011 | LR: 0.000000
2026-04-15 19:23:01,051 - INFO -     >>> Val Avg RMSE (Real): 80.2225
2026-04-15 19:23:01,051 - INFO -     >>> Val MAE Details: ['38.7102', '43.7279', '56.8010']
2026-04-15 19:23:01,051 - INFO - ⏳ No improvement. Patience: 5/50
2026-04-15 19:25:42,196 - INFO - [Epoch 200] Train Loss: 0.0011 | LR: 0.000000
2026-04-15 19:25:42,196 - INFO -     >>> Val Avg RMSE (Real): 80.2224
2026-04-15 19:25:42,196 - INFO -     >>> Val MAE Details: ['38.7095', '43.7302', '56.8061']
2026-04-15 19:25:42,196 - INFO - ⏳ No improvement. Patience: 6/50
