2026-04-28 11:35:23,720 - INFO - 💾 Config files backed up to ./logs/ED5OE_repr_hybrid_fusion_UniFieldNet_MultiTask7_init_from_ckpt_20260428_113523
2026-04-28 11:35:23,720 - INFO - 🎯 Multi-Task Targets (7): ['homo_2', 'homo_1', 'homo_0', 'lumo_0', 'lumo_1', 'lumo_2', 'lumo_3']
2026-04-28 11:35:23,720 - INFO - ========================================
2026-04-28 11:35:23,720 - INFO -         Training Configuration        
2026-04-28 11:35:23,720 - INFO - ========================================
2026-04-28 11:35:23,721 - INFO - 
{'data': {'dataset_mode': 'repr_hybrid_fusion',
          'grid_size': 0.1,
          'max_radius': 5.0,
          'pkl_path': '/home/zw/ED_all/data/ED5_OE/ed_homo_lumo_5w_1024_fusion.pkl',
          'targets': ['homo_2',
                      'homo_1',
                      'homo_0',
                      'lumo_0',
                      'lumo_1',
                      'lumo_2',
                      'lumo_3']},
 'model': {'equiformer_args': {'basis_type': 'gaussian',
                               'fc_neurons': [128, 128],
                               'irreps_feature': '1024x0e',
                               'irreps_head': '64x0e+32x1e+16x2e',
                               'irreps_in': '5x0e',
                               'irreps_node_attr': '1x0e',
                               'irreps_node_embedding': '256x0e+128x1e+64x2e',
                               'irreps_sh': '1x0e+1x1o+1x2e+1x3o',
                               'max_radius': 10.0,
                               'num_heads': 8,
                               'num_layers': 6,
                               'number_of_basis': 256,
                               'output_dim': 64},
           'head_input_dim': 64,
           'name': 'UniFieldNet',
           'ptv3_args': {'dec_channels': [64, 64, 128, 256],
                         'enc_channels': [32, 64, 128, 256, 512],
                         'enc_depths': [2, 2, 2, 6, 2],
                         'in_channels': 1,
                         'patch_size': 64}},
 'train': {'batch_size': 16,
           'epochs': 300,
           'grad_norm_clip': 1.0,
           'lr': 0.0001,
           'patience': 50,
           'seed': 2025,
           'weight_decay': 0.0001}}
2026-04-28 11:35:23,722 - INFO - ========================================

2026-04-28 11:35:23,722 - INFO - 🚀 Start Training on Device: cuda
2026-04-28 11:35:23,722 - INFO - Loading Data...
2026-04-28 11:35:23,722 - INFO - Loading Dataset Mode: repr_hybrid_fusion...
2026-04-28 11:35:28,467 - INFO - Stats - Mean: [[-7445.8413  -6840.216   -6120.3984   -467.5637    424.04166  1219.15
   1809.3903 ]], Std: [[ 740.80115  706.1094   754.61444 1186.4424  1122.4873  1107.2244
  1080.7959 ]]
2026-04-28 11:35:28,467 - INFO - Building Model: UniFieldNet...
2026-04-28 11:35:41,998 - INFO - Total Parameters: 57.6212 M

2026-04-28 11:35:41,998 - INFO - 🧩 Loading initialization checkpoint...
2026-04-28 11:35:42,836 - INFO - ✅ Loaded weights from: /home/zw/ED_all/task_ED5_OE/logs/ED5OE_repr_hybrid_fusion_UniFieldNet_MultiTask7_init_from_ckpt_20260425_184925/best_model.pth
2026-04-28 11:35:42,836 - INFO - ⚠️ 仅加载模型参数，optimizer / scheduler / epoch 不恢复，训练将从 epoch 0 重新开始。
2026-04-28 11:50:38,616 - INFO - [Epoch 0] Train Loss: 0.0232 | LR: 0.000100
2026-04-28 11:50:38,617 - INFO -     >>> Val Avg RMSE (Real): 179.6390
2026-04-28 11:50:38,617 - INFO -     >>> Val MAE Details: ['118.1499', '110.5015', '105.7063', '121.5189', '148.3004', '129.5591', '136.2966']
2026-04-28 11:50:39,575 - INFO - 💾 Saved Best Model to ./logs/ED5OE_repr_hybrid_fusion_UniFieldNet_MultiTask7_init_from_ckpt_20260428_113523/best_model.pth
2026-04-28 12:05:36,645 - INFO - [Epoch 1] Train Loss: 0.0237 | LR: 0.000100
2026-04-28 12:05:36,646 - INFO -     >>> Val Avg RMSE (Real): 177.5334
2026-04-28 12:05:36,646 - INFO -     >>> Val MAE Details: ['119.7874', '107.8943', '105.2351', '118.0165', '128.4459', '134.5234', '148.1016']
2026-04-28 12:05:37,855 - INFO - 💾 Saved Best Model to ./logs/ED5OE_repr_hybrid_fusion_UniFieldNet_MultiTask7_init_from_ckpt_20260428_113523/best_model.pth
2026-04-28 12:20:36,038 - INFO - [Epoch 2] Train Loss: 0.0235 | LR: 0.000100
2026-04-28 12:20:36,039 - INFO -     >>> Val Avg RMSE (Real): 184.0047
2026-04-28 12:20:36,039 - INFO -     >>> Val MAE Details: ['126.1051', '111.0198', '110.9218', '116.6995', '146.2039', '142.9194', '136.6770']
2026-04-28 12:20:36,039 - INFO - ⏳ No improvement. Patience: 1/50
2026-04-28 12:35:32,617 - INFO - [Epoch 3] Train Loss: 0.0236 | LR: 0.000100
2026-04-28 12:35:32,617 - INFO -     >>> Val Avg RMSE (Real): 177.0111
2026-04-28 12:35:32,618 - INFO -     >>> Val MAE Details: ['114.8807', '108.0130', '102.5093', '128.0718', '129.2474', '129.9172', '140.8312']
2026-04-28 12:35:33,719 - INFO - 💾 Saved Best Model to ./logs/ED5OE_repr_hybrid_fusion_UniFieldNet_MultiTask7_init_from_ckpt_20260428_113523/best_model.pth
2026-04-28 12:50:22,452 - INFO - [Epoch 4] Train Loss: 0.0232 | LR: 0.000100
2026-04-28 12:50:22,453 - INFO -     >>> Val Avg RMSE (Real): 188.1751
2026-04-28 12:50:22,453 - INFO -     >>> Val MAE Details: ['126.7200', '117.4027', '124.1272', '136.1879', '142.5643', '132.2076', '134.0427']
2026-04-28 12:50:22,453 - INFO - ⏳ No improvement. Patience: 1/50
2026-04-28 13:05:12,395 - INFO - [Epoch 5] Train Loss: 0.0232 | LR: 0.000100
2026-04-28 13:05:12,395 - INFO -     >>> Val Avg RMSE (Real): 181.4466
2026-04-28 13:05:12,395 - INFO -     >>> Val MAE Details: ['123.8745', '115.4041', '109.1328', '124.3518', '133.9771', '133.7289', '142.1751']
2026-04-28 13:05:12,396 - INFO - ⏳ No improvement. Patience: 2/50
2026-04-28 13:20:04,338 - INFO - [Epoch 6] Train Loss: 0.0232 | LR: 0.000100
2026-04-28 13:20:04,339 - INFO -     >>> Val Avg RMSE (Real): 178.8299
2026-04-28 13:20:04,339 - INFO -     >>> Val MAE Details: ['119.3413', '109.4755', '100.6676', '121.2856', '133.3203', '135.8966', '133.8215']
2026-04-28 13:20:04,339 - INFO - ⏳ No improvement. Patience: 3/50
2026-04-28 13:34:54,909 - INFO - [Epoch 7] Train Loss: 0.0230 | LR: 0.000100
2026-04-28 13:34:54,909 - INFO -     >>> Val Avg RMSE (Real): 181.6775
2026-04-28 13:34:54,910 - INFO -     >>> Val MAE Details: ['118.8980', '114.9792', '113.0431', '122.7587', '136.5696', '135.8092', '133.6687']
2026-04-28 13:34:54,910 - INFO - ⏳ No improvement. Patience: 4/50
2026-04-28 13:50:35,130 - INFO - [Epoch 8] Train Loss: 0.0229 | LR: 0.000100
2026-04-28 13:50:35,131 - INFO -     >>> Val Avg RMSE (Real): 177.4175
2026-04-28 13:50:35,131 - INFO -     >>> Val MAE Details: ['116.6112', '117.6315', '106.5998', '113.0154', '129.5240', '127.9867', '137.2913']
2026-04-28 13:50:35,131 - INFO - ⏳ No improvement. Patience: 5/50
2026-04-28 14:16:43,435 - INFO - [Epoch 9] Train Loss: 0.0226 | LR: 0.000100
2026-04-28 14:16:43,436 - INFO -     >>> Val Avg RMSE (Real): 181.0508
2026-04-28 14:16:43,436 - INFO -     >>> Val MAE Details: ['119.2255', '116.6031', '109.1912', '123.0164', '138.1632', '132.3263', '138.4551']
2026-04-28 14:16:43,436 - INFO - ⏳ No improvement. Patience: 6/50
2026-04-28 14:43:18,997 - INFO - [Epoch 10] Train Loss: 0.0225 | LR: 0.000100
2026-04-28 14:43:18,998 - INFO -     >>> Val Avg RMSE (Real): 185.3713
2026-04-28 14:43:18,998 - INFO -     >>> Val MAE Details: ['121.1238', '111.4630', '108.0382', '121.3074', '134.7994', '151.6432', '140.1655']
2026-04-28 14:43:18,998 - INFO - ⏳ No improvement. Patience: 7/50
2026-04-28 15:09:59,540 - INFO - [Epoch 11] Train Loss: 0.0231 | LR: 0.000100
2026-04-28 15:09:59,541 - INFO -     >>> Val Avg RMSE (Real): 175.8066
2026-04-28 15:09:59,541 - INFO -     >>> Val MAE Details: ['117.1608', '111.5467', '104.2746', '114.3116', '127.3290', '129.2772', '136.5324']
2026-04-28 15:10:00,863 - INFO - 💾 Saved Best Model to ./logs/ED5OE_repr_hybrid_fusion_UniFieldNet_MultiTask7_init_from_ckpt_20260428_113523/best_model.pth
2026-04-28 15:36:29,403 - INFO - [Epoch 12] Train Loss: 0.0229 | LR: 0.000100
2026-04-28 15:36:29,404 - INFO -     >>> Val Avg RMSE (Real): 183.1542
2026-04-28 15:36:29,404 - INFO -     >>> Val MAE Details: ['119.7136', '114.2780', '111.3537', '135.0731', '130.9810', '132.0987', '150.6200']
2026-04-28 15:36:29,404 - INFO - ⏳ No improvement. Patience: 1/50
2026-04-28 16:03:06,093 - INFO - [Epoch 13] Train Loss: 0.0226 | LR: 0.000099
2026-04-28 16:03:06,094 - INFO -     >>> Val Avg RMSE (Real): 179.9109
2026-04-28 16:03:06,094 - INFO -     >>> Val MAE Details: ['116.3310', '109.1618', '104.2918', '121.5088', '134.7832', '134.2717', '149.7236']
2026-04-28 16:03:06,094 - INFO - ⏳ No improvement. Patience: 2/50
2026-04-28 16:37:11,831 - INFO - [Epoch 14] Train Loss: 0.0222 | LR: 0.000099
2026-04-28 16:37:11,831 - INFO -     >>> Val Avg RMSE (Real): 174.9915
2026-04-28 16:37:11,831 - INFO -     >>> Val MAE Details: ['115.4232', '106.7673', '108.3710', '122.0424', '125.6197', '131.6744', '131.3782']
2026-04-28 16:37:12,957 - INFO - 💾 Saved Best Model to ./logs/ED5OE_repr_hybrid_fusion_UniFieldNet_MultiTask7_init_from_ckpt_20260428_113523/best_model.pth
2026-04-28 17:08:52,402 - INFO - [Epoch 15] Train Loss: 0.0222 | LR: 0.000099
2026-04-28 17:08:52,403 - INFO -     >>> Val Avg RMSE (Real): 179.4242
2026-04-28 17:08:52,403 - INFO -     >>> Val MAE Details: ['119.8917', '109.2607', '106.3678', '135.1036', '132.0410', '129.6457', '140.3536']
2026-04-28 17:08:52,403 - INFO - ⏳ No improvement. Patience: 1/50
2026-04-28 17:26:42,521 - INFO - [Epoch 16] Train Loss: 0.0224 | LR: 0.000099
2026-04-28 17:26:42,521 - INFO -     >>> Val Avg RMSE (Real): 180.6995
2026-04-28 17:26:42,521 - INFO -     >>> Val MAE Details: ['118.4782', '110.5084', '108.7953', '120.4666', '142.2308', '133.1597', '137.8335']
2026-04-28 17:26:42,522 - INFO - ⏳ No improvement. Patience: 2/50
2026-04-28 17:41:21,241 - INFO - [Epoch 17] Train Loss: 0.0222 | LR: 0.000099
2026-04-28 17:41:21,242 - INFO -     >>> Val Avg RMSE (Real): 180.3167
2026-04-28 17:41:21,242 - INFO -     >>> Val MAE Details: ['126.7344', '122.8997', '103.9690', '123.3601', '129.6940', '130.6331', '134.2039']
2026-04-28 17:41:21,242 - INFO - ⏳ No improvement. Patience: 3/50
2026-04-28 17:56:10,245 - INFO - [Epoch 18] Train Loss: 0.0219 | LR: 0.000099
2026-04-28 17:56:10,246 - INFO -     >>> Val Avg RMSE (Real): 176.1905
2026-04-28 17:56:10,246 - INFO -     >>> Val MAE Details: ['115.3230', '107.4390', '101.9570', '114.8047', '125.5436', '134.8682', '139.9358']
2026-04-28 17:56:10,246 - INFO - ⏳ No improvement. Patience: 4/50
2026-04-28 18:10:58,027 - INFO - [Epoch 19] Train Loss: 0.0221 | LR: 0.000099
2026-04-28 18:10:58,027 - INFO -     >>> Val Avg RMSE (Real): 175.0239
2026-04-28 18:10:58,027 - INFO -     >>> Val MAE Details: ['118.1592', '108.6126', '108.0892', '118.5657', '128.5251', '129.9192', '132.7187']
2026-04-28 18:10:58,028 - INFO - ⏳ No improvement. Patience: 5/50
2026-04-28 18:25:46,362 - INFO - [Epoch 20] Train Loss: 0.0220 | LR: 0.000099
2026-04-28 18:25:46,363 - INFO -     >>> Val Avg RMSE (Real): 183.6377
2026-04-28 18:25:46,363 - INFO -     >>> Val MAE Details: ['113.8480', '118.8655', '110.9819', '139.1384', '152.8453', '135.7402', '133.7420']
2026-04-28 18:25:46,363 - INFO - ⏳ No improvement. Patience: 6/50
2026-04-28 18:40:35,651 - INFO - [Epoch 21] Train Loss: 0.0219 | LR: 0.000099
2026-04-28 18:40:35,651 - INFO -     >>> Val Avg RMSE (Real): 179.2143
2026-04-28 18:40:35,651 - INFO -     >>> Val MAE Details: ['115.8191', '108.0716', '111.3594', '124.6047', '149.7311', '130.5990', '132.1472']
2026-04-28 18:40:35,651 - INFO - ⏳ No improvement. Patience: 7/50
2026-04-28 18:55:27,226 - INFO - [Epoch 22] Train Loss: 0.0216 | LR: 0.000099
2026-04-28 18:55:27,226 - INFO -     >>> Val Avg RMSE (Real): 179.3232
2026-04-28 18:55:27,227 - INFO -     >>> Val MAE Details: ['116.3255', '108.3198', '109.4478', '117.8385', '135.0844', '137.4345', '144.7534']
2026-04-28 18:55:27,227 - INFO - ⏳ No improvement. Patience: 8/50
2026-04-28 19:10:20,594 - INFO - [Epoch 23] Train Loss: 0.0219 | LR: 0.000098
2026-04-28 19:10:20,595 - INFO -     >>> Val Avg RMSE (Real): 174.4150
2026-04-28 19:10:20,595 - INFO -     >>> Val MAE Details: ['120.8380', '110.5647', '103.0403', '123.2898', '126.8649', '127.7446', '133.3827']
2026-04-28 19:10:21,817 - INFO - 💾 Saved Best Model to ./logs/ED5OE_repr_hybrid_fusion_UniFieldNet_MultiTask7_init_from_ckpt_20260428_113523/best_model.pth
2026-04-28 19:25:10,448 - INFO - [Epoch 24] Train Loss: 0.0217 | LR: 0.000098
2026-04-28 19:25:10,448 - INFO -     >>> Val Avg RMSE (Real): 182.9270
2026-04-28 19:25:10,448 - INFO -     >>> Val MAE Details: ['116.3868', '111.2803', '106.0580', '118.5275', '139.2059', '131.5773', '151.5608']
2026-04-28 19:25:10,449 - INFO - ⏳ No improvement. Patience: 1/50
2026-04-28 19:40:07,286 - INFO - [Epoch 25] Train Loss: 0.0220 | LR: 0.000098
2026-04-28 19:40:07,287 - INFO -     >>> Val Avg RMSE (Real): 179.6809
2026-04-28 19:40:07,287 - INFO -     >>> Val MAE Details: ['119.8256', '112.6935', '105.6676', '121.9175', '132.9460', '136.3242', '141.8085']
2026-04-28 19:40:07,287 - INFO - ⏳ No improvement. Patience: 2/50
2026-04-28 19:54:43,080 - INFO - [Epoch 26] Train Loss: 0.0218 | LR: 0.000098
2026-04-28 19:54:43,081 - INFO -     >>> Val Avg RMSE (Real): 179.2514
2026-04-28 19:54:43,081 - INFO -     >>> Val MAE Details: ['115.5744', '109.1075', '109.2980', '121.9794', '130.1781', '140.8738', '133.7446']
2026-04-28 19:54:43,081 - INFO - ⏳ No improvement. Patience: 3/50
2026-04-28 20:09:33,894 - INFO - [Epoch 27] Train Loss: 0.0217 | LR: 0.000098
2026-04-28 20:09:33,895 - INFO -     >>> Val Avg RMSE (Real): 177.1341
2026-04-28 20:09:33,895 - INFO -     >>> Val MAE Details: ['115.2365', '120.6099', '104.8047', '116.8356', '125.0537', '133.4226', '132.9849']
2026-04-28 20:09:33,895 - INFO - ⏳ No improvement. Patience: 4/50
2026-04-28 20:24:27,219 - INFO - [Epoch 28] Train Loss: 0.0217 | LR: 0.000098
2026-04-28 20:24:27,220 - INFO -     >>> Val Avg RMSE (Real): 172.1260
2026-04-28 20:24:27,220 - INFO -     >>> Val MAE Details: ['114.2314', '109.4262', '104.0298', '115.2728', '127.5919', '126.8117', '131.0424']
2026-04-28 20:24:28,191 - INFO - 💾 Saved Best Model to ./logs/ED5OE_repr_hybrid_fusion_UniFieldNet_MultiTask7_init_from_ckpt_20260428_113523/best_model.pth
2026-04-28 20:39:18,552 - INFO - [Epoch 29] Train Loss: 0.0215 | LR: 0.000098
2026-04-28 20:39:18,553 - INFO -     >>> Val Avg RMSE (Real): 176.5270
2026-04-28 20:39:18,553 - INFO -     >>> Val MAE Details: ['116.3061', '106.7687', '112.0180', '118.8965', '130.5129', '136.9561', '134.1716']
2026-04-28 20:39:18,553 - INFO - ⏳ No improvement. Patience: 1/50
2026-04-28 20:54:12,651 - INFO - [Epoch 30] Train Loss: 0.0215 | LR: 0.000097
2026-04-28 20:54:12,652 - INFO -     >>> Val Avg RMSE (Real): 169.9785
2026-04-28 20:54:12,652 - INFO -     >>> Val MAE Details: ['115.5046', '108.9585', '100.0272', '114.7560', '123.5947', '125.5519', '131.4656']
2026-04-28 20:54:13,753 - INFO - 💾 Saved Best Model to ./logs/ED5OE_repr_hybrid_fusion_UniFieldNet_MultiTask7_init_from_ckpt_20260428_113523/best_model.pth
2026-04-28 21:09:01,844 - INFO - [Epoch 31] Train Loss: 0.0214 | LR: 0.000097
2026-04-28 21:09:01,844 - INFO -     >>> Val Avg RMSE (Real): 173.4257
2026-04-28 21:09:01,845 - INFO -     >>> Val MAE Details: ['115.4115', '108.1009', '108.6497', '113.5675', '125.0419', '126.8578', '129.7081']
2026-04-28 21:09:01,845 - INFO - ⏳ No improvement. Patience: 1/50
2026-04-28 21:23:51,694 - INFO - [Epoch 32] Train Loss: 0.0216 | LR: 0.000097
2026-04-28 21:23:51,695 - INFO -     >>> Val Avg RMSE (Real): 176.7495
2026-04-28 21:23:51,695 - INFO -     >>> Val MAE Details: ['119.4037', '111.2919', '112.2234', '121.2084', '127.6524', '130.5479', '135.3925']
2026-04-28 21:23:51,695 - INFO - ⏳ No improvement. Patience: 2/50
2026-04-28 21:38:40,807 - INFO - [Epoch 33] Train Loss: 0.0216 | LR: 0.000097
2026-04-28 21:38:40,807 - INFO -     >>> Val Avg RMSE (Real): 176.1112
2026-04-28 21:38:40,807 - INFO -     >>> Val MAE Details: ['114.0207', '110.5123', '103.9446', '122.8214', '130.7712', '128.2181', '133.7110']
2026-04-28 21:38:40,807 - INFO - ⏳ No improvement. Patience: 3/50
2026-04-28 21:53:24,081 - INFO - [Epoch 34] Train Loss: 0.0212 | LR: 0.000097
2026-04-28 21:53:24,082 - INFO -     >>> Val Avg RMSE (Real): 178.6555
2026-04-28 21:53:24,082 - INFO -     >>> Val MAE Details: ['118.6569', '107.6139', '104.1026', '121.2526', '128.8789', '141.6047', '138.8423']
2026-04-28 21:53:24,082 - INFO - ⏳ No improvement. Patience: 4/50
2026-04-28 22:09:03,765 - INFO - [Epoch 35] Train Loss: 0.0215 | LR: 0.000096
2026-04-28 22:09:03,766 - INFO -     >>> Val Avg RMSE (Real): 175.5947
2026-04-28 22:09:03,766 - INFO -     >>> Val MAE Details: ['113.3258', '109.7299', '102.4732', '115.2349', '128.4602', '132.4455', '137.8752']
2026-04-28 22:09:03,766 - INFO - ⏳ No improvement. Patience: 5/50
2026-04-28 22:23:52,155 - INFO - [Epoch 36] Train Loss: 0.0214 | LR: 0.000096
2026-04-28 22:23:52,156 - INFO -     >>> Val Avg RMSE (Real): 185.9906
2026-04-28 22:23:52,156 - INFO -     >>> Val MAE Details: ['118.6069', '108.7298', '107.3853', '122.5618', '127.5341', '154.9646', '168.5801']
2026-04-28 22:23:52,156 - INFO - ⏳ No improvement. Patience: 6/50
2026-04-28 22:38:45,119 - INFO - [Epoch 37] Train Loss: 0.0214 | LR: 0.000096
2026-04-28 22:38:45,120 - INFO -     >>> Val Avg RMSE (Real): 183.5846
2026-04-28 22:38:45,120 - INFO -     >>> Val MAE Details: ['116.5958', '108.0076', '104.5487', '141.4427', '132.3334', '137.9053', '137.3224']
2026-04-28 22:38:45,120 - INFO - ⏳ No improvement. Patience: 7/50
2026-04-28 22:53:34,002 - INFO - [Epoch 38] Train Loss: 0.0213 | LR: 0.000096
2026-04-28 22:53:34,003 - INFO -     >>> Val Avg RMSE (Real): 175.6323
2026-04-28 22:53:34,003 - INFO -     >>> Val MAE Details: ['119.2684', '108.1433', '107.5195', '124.7267', '137.4137', '132.6952', '130.5376']
2026-04-28 22:53:34,003 - INFO - ⏳ No improvement. Patience: 8/50
2026-04-28 23:08:20,732 - INFO - [Epoch 39] Train Loss: 0.0213 | LR: 0.000096
2026-04-28 23:08:20,732 - INFO -     >>> Val Avg RMSE (Real): 176.6616
2026-04-28 23:08:20,733 - INFO -     >>> Val MAE Details: ['121.2275', '115.3687', '109.2687', '117.3097', '130.6840', '126.3362', '133.0521']
2026-04-28 23:08:20,733 - INFO - ⏳ No improvement. Patience: 9/50
2026-04-28 23:23:07,818 - INFO - [Epoch 40] Train Loss: 0.0212 | LR: 0.000095
2026-04-28 23:23:07,818 - INFO -     >>> Val Avg RMSE (Real): 180.9726
2026-04-28 23:23:07,819 - INFO -     >>> Val MAE Details: ['117.2485', '112.2568', '103.8049', '117.1361', '141.2913', '132.6191', '148.0131']
2026-04-28 23:23:07,819 - INFO - ⏳ No improvement. Patience: 10/50
2026-04-28 23:37:59,439 - INFO - [Epoch 41] Train Loss: 0.0210 | LR: 0.000095
2026-04-28 23:37:59,440 - INFO -     >>> Val Avg RMSE (Real): 176.6328
2026-04-28 23:37:59,440 - INFO -     >>> Val MAE Details: ['118.4001', '111.5762', '102.8926', '126.1881', '131.1225', '130.6005', '135.4420']
2026-04-28 23:37:59,440 - INFO - ⏳ No improvement. Patience: 11/50
2026-04-29 00:01:18,266 - INFO - [Epoch 42] Train Loss: 0.0210 | LR: 0.000095
2026-04-29 00:01:18,266 - INFO -     >>> Val Avg RMSE (Real): 178.2003
2026-04-29 00:01:18,267 - INFO -     >>> Val MAE Details: ['113.6866', '106.9000', '102.2187', '129.6041', '132.7490', '129.6611', '146.1906']
2026-04-29 00:01:18,267 - INFO - ⏳ No improvement. Patience: 12/50
2026-04-29 00:25:52,244 - INFO - [Epoch 43] Train Loss: 0.0209 | LR: 0.000095
2026-04-29 00:25:52,244 - INFO -     >>> Val Avg RMSE (Real): 178.6416
2026-04-29 00:25:52,245 - INFO -     >>> Val MAE Details: ['112.6875', '109.6722', '105.3294', '136.6809', '132.5643', '130.8040', '134.7799']
2026-04-29 00:25:52,245 - INFO - ⏳ No improvement. Patience: 13/50
2026-04-29 00:50:11,179 - INFO - [Epoch 44] Train Loss: 0.0213 | LR: 0.000095
2026-04-29 00:50:11,180 - INFO -     >>> Val Avg RMSE (Real): 182.4605
2026-04-29 00:50:11,180 - INFO -     >>> Val MAE Details: ['119.3524', '111.0475', '113.2144', '134.4602', '129.5906', '130.1972', '133.1779']
2026-04-29 00:50:11,180 - INFO - ⏳ No improvement. Patience: 14/50
2026-04-29 01:14:44,718 - INFO - [Epoch 45] Train Loss: 0.0209 | LR: 0.000094
2026-04-29 01:14:44,718 - INFO -     >>> Val Avg RMSE (Real): 174.1046
2026-04-29 01:14:44,719 - INFO -     >>> Val MAE Details: ['113.5734', '109.3806', '106.8072', '123.5332', '128.7771', '127.5352', '132.8619']
2026-04-29 01:14:44,719 - INFO - ⏳ No improvement. Patience: 15/50
2026-04-29 01:39:12,975 - INFO - [Epoch 46] Train Loss: 0.0211 | LR: 0.000094
2026-04-29 01:39:12,975 - INFO -     >>> Val Avg RMSE (Real): 173.4256
2026-04-29 01:39:12,975 - INFO -     >>> Val MAE Details: ['113.8007', '106.4504', '102.3840', '114.7070', '125.9174', '130.0841', '135.5109']
2026-04-29 01:39:12,975 - INFO - ⏳ No improvement. Patience: 16/50
2026-04-29 02:03:27,819 - INFO - [Epoch 47] Train Loss: 0.0208 | LR: 0.000094
2026-04-29 02:03:27,820 - INFO -     >>> Val Avg RMSE (Real): 184.7158
2026-04-29 02:03:27,820 - INFO -     >>> Val MAE Details: ['114.7870', '110.1555', '114.0962', '121.5661', '141.3326', '152.3083', '138.9650']
2026-04-29 02:03:27,820 - INFO - ⏳ No improvement. Patience: 17/50
2026-04-29 02:27:58,763 - INFO - [Epoch 48] Train Loss: 0.0210 | LR: 0.000094
2026-04-29 02:27:58,764 - INFO -     >>> Val Avg RMSE (Real): 171.0188
2026-04-29 02:27:58,764 - INFO -     >>> Val MAE Details: ['113.0527', '109.2665', '103.3992', '115.9212', '126.7723', '126.2304', '129.6158']
2026-04-29 02:27:58,764 - INFO - ⏳ No improvement. Patience: 18/50
2026-04-29 02:52:28,815 - INFO - [Epoch 49] Train Loss: 0.0208 | LR: 0.000093
2026-04-29 02:52:28,816 - INFO -     >>> Val Avg RMSE (Real): 173.8354
2026-04-29 02:52:28,816 - INFO -     >>> Val MAE Details: ['112.9413', '107.0779', '102.2770', '115.5452', '127.0219', '134.0607', '133.0961']
2026-04-29 02:52:28,816 - INFO - ⏳ No improvement. Patience: 19/50
2026-04-29 03:09:47,883 - INFO - [Epoch 50] Train Loss: 0.0210 | LR: 0.000093
2026-04-29 03:09:47,884 - INFO -     >>> Val Avg RMSE (Real): 181.9622
2026-04-29 03:09:47,884 - INFO -     >>> Val MAE Details: ['120.2197', '108.0125', '103.3776', '129.0119', '141.6898', '135.4469', '142.2268']
2026-04-29 03:09:47,884 - INFO - ⏳ No improvement. Patience: 20/50
2026-04-29 03:24:15,125 - INFO - [Epoch 51] Train Loss: 0.0206 | LR: 0.000093
2026-04-29 03:24:15,125 - INFO -     >>> Val Avg RMSE (Real): 177.7148
2026-04-29 03:24:15,125 - INFO -     >>> Val MAE Details: ['125.4761', '111.3030', '102.8867', '129.0951', '125.5392', '130.0026', '130.3142']
2026-04-29 03:24:15,126 - INFO - ⏳ No improvement. Patience: 21/50
2026-04-29 03:38:48,113 - INFO - [Epoch 52] Train Loss: 0.0206 | LR: 0.000092
2026-04-29 03:38:48,113 - INFO -     >>> Val Avg RMSE (Real): 173.6898
2026-04-29 03:38:48,114 - INFO -     >>> Val MAE Details: ['115.8202', '108.7909', '111.2464', '114.3172', '131.2512', '125.2634', '131.6209']
2026-04-29 03:38:48,114 - INFO - ⏳ No improvement. Patience: 22/50
2026-04-29 03:53:13,158 - INFO - [Epoch 53] Train Loss: 0.0204 | LR: 0.000092
2026-04-29 03:53:13,158 - INFO -     >>> Val Avg RMSE (Real): 180.6566
2026-04-29 03:53:13,158 - INFO -     >>> Val MAE Details: ['113.7497', '114.3127', '121.3070', '127.8576', '129.8194', '132.1413', '131.8584']
2026-04-29 03:53:13,158 - INFO - ⏳ No improvement. Patience: 23/50
2026-04-29 04:07:50,084 - INFO - [Epoch 54] Train Loss: 0.0208 | LR: 0.000092
2026-04-29 04:07:50,084 - INFO -     >>> Val Avg RMSE (Real): 173.1398
2026-04-29 04:07:50,084 - INFO -     >>> Val MAE Details: ['112.5634', '106.5257', '99.1664', '115.9321', '128.3440', '128.4530', '134.3449']
2026-04-29 04:07:50,085 - INFO - ⏳ No improvement. Patience: 24/50
2026-04-29 04:22:27,461 - INFO - [Epoch 55] Train Loss: 0.0205 | LR: 0.000092
2026-04-29 04:22:27,462 - INFO -     >>> Val Avg RMSE (Real): 170.8915
2026-04-29 04:22:27,462 - INFO -     >>> Val MAE Details: ['119.3591', '106.0795', '101.1143', '111.6792', '125.3857', '126.4399', '128.3859']
2026-04-29 04:22:27,462 - INFO - ⏳ No improvement. Patience: 25/50
2026-04-29 04:37:08,195 - INFO - [Epoch 56] Train Loss: 0.0205 | LR: 0.000091
2026-04-29 04:37:08,196 - INFO -     >>> Val Avg RMSE (Real): 179.7292
2026-04-29 04:37:08,196 - INFO -     >>> Val MAE Details: ['111.5672', '105.0314', '100.6017', '124.3193', '132.0171', '139.8983', '145.7323']
2026-04-29 04:37:08,196 - INFO - ⏳ No improvement. Patience: 26/50
2026-04-29 04:51:34,777 - INFO - [Epoch 57] Train Loss: 0.0206 | LR: 0.000091
2026-04-29 04:51:34,777 - INFO -     >>> Val Avg RMSE (Real): 171.3390
2026-04-29 04:51:34,778 - INFO -     >>> Val MAE Details: ['111.7176', '109.7562', '102.7352', '110.2470', '126.2040', '126.4149', '132.4721']
2026-04-29 04:51:34,778 - INFO - ⏳ No improvement. Patience: 27/50
2026-04-29 05:06:19,878 - INFO - [Epoch 58] Train Loss: 0.0206 | LR: 0.000091
2026-04-29 05:06:19,879 - INFO -     >>> Val Avg RMSE (Real): 174.9079
2026-04-29 05:06:19,879 - INFO -     >>> Val MAE Details: ['116.9501', '110.0935', '103.1030', '115.2671', '127.2653', '128.7429', '138.1684']
2026-04-29 05:06:19,879 - INFO - ⏳ No improvement. Patience: 28/50
2026-04-29 05:21:04,825 - INFO - [Epoch 59] Train Loss: 0.0207 | LR: 0.000090
2026-04-29 05:21:04,825 - INFO -     >>> Val Avg RMSE (Real): 172.7553
2026-04-29 05:21:04,825 - INFO -     >>> Val MAE Details: ['117.2301', '105.5664', '104.2408', '114.4769', '129.8274', '130.5527', '131.4467']
2026-04-29 05:21:04,826 - INFO - ⏳ No improvement. Patience: 29/50
2026-04-29 05:35:39,056 - INFO - [Epoch 60] Train Loss: 0.0203 | LR: 0.000090
2026-04-29 05:35:39,057 - INFO -     >>> Val Avg RMSE (Real): 173.1486
2026-04-29 05:35:39,057 - INFO -     >>> Val MAE Details: ['109.9937', '108.8765', '101.6705', '112.3810', '131.8322', '126.1810', '133.9357']
2026-04-29 05:35:39,057 - INFO - ⏳ No improvement. Patience: 30/50
2026-04-29 05:50:21,787 - INFO - [Epoch 61] Train Loss: 0.0206 | LR: 0.000090
2026-04-29 05:50:21,787 - INFO -     >>> Val Avg RMSE (Real): 174.9600
2026-04-29 05:50:21,788 - INFO -     >>> Val MAE Details: ['114.8429', '107.5023', '98.9644', '112.8931', '123.3782', '136.6634', '147.1242']
2026-04-29 05:50:21,788 - INFO - ⏳ No improvement. Patience: 31/50
2026-04-29 06:05:03,061 - INFO - [Epoch 62] Train Loss: 0.0203 | LR: 0.000090
2026-04-29 06:05:03,061 - INFO -     >>> Val Avg RMSE (Real): 173.4156
2026-04-29 06:05:03,061 - INFO -     >>> Val MAE Details: ['115.8707', '109.9550', '103.2689', '114.0477', '132.0717', '129.0675', '132.5092']
2026-04-29 06:05:03,061 - INFO - ⏳ No improvement. Patience: 32/50
2026-04-29 06:19:32,149 - INFO - [Epoch 63] Train Loss: 0.0204 | LR: 0.000089
2026-04-29 06:19:32,149 - INFO -     >>> Val Avg RMSE (Real): 172.7081
2026-04-29 06:19:32,150 - INFO -     >>> Val MAE Details: ['120.3160', '110.1612', '99.3925', '118.7043', '121.4971', '127.3529', '132.1272']
2026-04-29 06:19:32,150 - INFO - ⏳ No improvement. Patience: 33/50
2026-04-29 06:34:05,835 - INFO - [Epoch 64] Train Loss: 0.0203 | LR: 0.000089
2026-04-29 06:34:05,836 - INFO -     >>> Val Avg RMSE (Real): 170.8554
2026-04-29 06:34:05,836 - INFO -     >>> Val MAE Details: ['115.6230', '110.1664', '102.2118', '112.8375', '126.4901', '125.5259', '132.5297']
2026-04-29 06:34:05,836 - INFO - ⏳ No improvement. Patience: 34/50
2026-04-29 06:48:33,528 - INFO - [Epoch 65] Train Loss: 0.0203 | LR: 0.000089
2026-04-29 06:48:33,528 - INFO -     >>> Val Avg RMSE (Real): 176.0316
2026-04-29 06:48:33,528 - INFO -     >>> Val MAE Details: ['118.5620', '110.4891', '104.1056', '114.3941', '131.1752', '129.7601', '133.0929']
2026-04-29 06:48:33,529 - INFO - ⏳ No improvement. Patience: 35/50
2026-04-29 07:03:12,289 - INFO - [Epoch 66] Train Loss: 0.0203 | LR: 0.000088
2026-04-29 07:03:12,289 - INFO -     >>> Val Avg RMSE (Real): 175.1288
2026-04-29 07:03:12,290 - INFO -     >>> Val MAE Details: ['112.4692', '110.5225', '107.8005', '112.5676', '127.4424', '132.7998', '137.2690']
2026-04-29 07:03:12,290 - INFO - ⏳ No improvement. Patience: 36/50
2026-04-29 07:17:46,990 - INFO - [Epoch 67] Train Loss: 0.0204 | LR: 0.000088
2026-04-29 07:17:46,991 - INFO -     >>> Val Avg RMSE (Real): 172.8319
2026-04-29 07:17:46,991 - INFO -     >>> Val MAE Details: ['114.7809', '108.5912', '100.9540', '122.2287', '129.9844', '128.6691', '133.0515']
2026-04-29 07:17:46,991 - INFO - ⏳ No improvement. Patience: 37/50
2026-04-29 07:32:14,546 - INFO - [Epoch 68] Train Loss: 0.0202 | LR: 0.000088
2026-04-29 07:32:14,547 - INFO -     >>> Val Avg RMSE (Real): 172.4064
2026-04-29 07:32:14,547 - INFO -     >>> Val MAE Details: ['118.2424', '108.2526', '102.3021', '110.3798', '124.5025', '129.8305', '131.9129']
2026-04-29 07:32:14,547 - INFO - ⏳ No improvement. Patience: 38/50
2026-04-29 07:46:57,519 - INFO - [Epoch 69] Train Loss: 0.0200 | LR: 0.000087
2026-04-29 07:46:57,520 - INFO -     >>> Val Avg RMSE (Real): 174.2655
2026-04-29 07:46:57,520 - INFO -     >>> Val MAE Details: ['118.5118', '109.7618', '100.5699', '110.2161', '124.0512', '128.4673', '138.4240']
2026-04-29 07:46:57,520 - INFO - ⏳ No improvement. Patience: 39/50
2026-04-29 08:01:38,217 - INFO - [Epoch 70] Train Loss: 0.0201 | LR: 0.000087
2026-04-29 08:01:38,218 - INFO -     >>> Val Avg RMSE (Real): 173.3600
2026-04-29 08:01:38,218 - INFO -     >>> Val MAE Details: ['112.7646', '106.6836', '99.3833', '112.5833', '133.5038', '131.9749', '131.2134']
2026-04-29 08:01:38,218 - INFO - ⏳ No improvement. Patience: 40/50
2026-04-29 08:16:23,839 - INFO - [Epoch 71] Train Loss: 0.0203 | LR: 0.000086
2026-04-29 08:16:23,840 - INFO -     >>> Val Avg RMSE (Real): 172.4496
2026-04-29 08:16:23,840 - INFO -     >>> Val MAE Details: ['113.5858', '109.0274', '105.0659', '113.5667', '126.0629', '127.3613', '131.0900']
2026-04-29 08:16:23,840 - INFO - ⏳ No improvement. Patience: 41/50
2026-04-29 08:30:56,554 - INFO - [Epoch 72] Train Loss: 0.0203 | LR: 0.000086
2026-04-29 08:30:56,555 - INFO -     >>> Val Avg RMSE (Real): 177.2779
2026-04-29 08:30:56,555 - INFO -     >>> Val MAE Details: ['116.8584', '109.8488', '105.9312', '116.6451', '136.6488', '135.5551', '143.8508']
2026-04-29 08:30:56,555 - INFO - ⏳ No improvement. Patience: 42/50
2026-04-29 08:45:39,836 - INFO - [Epoch 73] Train Loss: 0.0200 | LR: 0.000086
2026-04-29 08:45:39,837 - INFO -     >>> Val Avg RMSE (Real): 170.9128
2026-04-29 08:45:39,837 - INFO -     >>> Val MAE Details: ['114.2155', '105.8526', '102.0526', '111.0427', '125.8493', '126.8403', '128.8884']
2026-04-29 08:45:39,837 - INFO - ⏳ No improvement. Patience: 43/50
2026-04-29 09:00:22,139 - INFO - [Epoch 74] Train Loss: 0.0199 | LR: 0.000085
2026-04-29 09:00:22,140 - INFO -     >>> Val Avg RMSE (Real): 176.8748
2026-04-29 09:00:22,140 - INFO -     >>> Val MAE Details: ['122.5003', '108.7392', '101.0693', '115.9831', '129.8758', '128.6359', '140.3168']
2026-04-29 09:00:22,140 - INFO - ⏳ No improvement. Patience: 44/50
2026-04-29 09:16:06,916 - INFO - [Epoch 75] Train Loss: 0.0200 | LR: 0.000085
2026-04-29 09:16:06,916 - INFO -     >>> Val Avg RMSE (Real): 173.5823
2026-04-29 09:16:06,917 - INFO -     >>> Val MAE Details: ['110.5873', '108.1102', '99.2176', '114.4702', '128.7688', '128.4774', '137.3223']
2026-04-29 09:16:06,917 - INFO - ⏳ No improvement. Patience: 45/50
2026-04-29 09:40:52,180 - INFO - [Epoch 76] Train Loss: 0.0200 | LR: 0.000085
2026-04-29 09:40:52,180 - INFO -     >>> Val Avg RMSE (Real): 172.8151
2026-04-29 09:40:52,180 - INFO -     >>> Val MAE Details: ['112.8986', '106.9594', '100.1850', '112.4838', '129.7903', '130.2499', '135.0692']
2026-04-29 09:40:52,181 - INFO - ⏳ No improvement. Patience: 46/50
2026-04-29 10:05:33,266 - INFO - [Epoch 77] Train Loss: 0.0200 | LR: 0.000084
2026-04-29 10:05:33,266 - INFO -     >>> Val Avg RMSE (Real): 175.7440
2026-04-29 10:05:33,266 - INFO -     >>> Val MAE Details: ['116.7367', '111.1669', '100.8854', '116.2671', '127.8092', '127.1069', '135.1282']
2026-04-29 10:05:33,266 - INFO - ⏳ No improvement. Patience: 47/50
2026-04-29 10:30:04,102 - INFO - [Epoch 78] Train Loss: 0.0197 | LR: 0.000084
2026-04-29 10:30:04,102 - INFO -     >>> Val Avg RMSE (Real): 169.6646
2026-04-29 10:30:04,103 - INFO -     >>> Val MAE Details: ['114.5648', '112.7810', '101.8481', '111.9712', '122.2734', '124.3844', '130.7963']
2026-04-29 10:30:05,405 - INFO - 💾 Saved Best Model to ./logs/ED5OE_repr_hybrid_fusion_UniFieldNet_MultiTask7_init_from_ckpt_20260428_113523/best_model.pth
2026-04-29 10:54:41,654 - INFO - [Epoch 79] Train Loss: 0.0201 | LR: 0.000083
2026-04-29 10:54:41,654 - INFO -     >>> Val Avg RMSE (Real): 172.1624
2026-04-29 10:54:41,655 - INFO -     >>> Val MAE Details: ['116.8226', '106.8244', '105.9631', '117.3109', '124.6279', '123.7283', '133.4383']
2026-04-29 10:54:41,655 - INFO - ⏳ No improvement. Patience: 1/50
2026-04-29 11:19:15,805 - INFO - [Epoch 80] Train Loss: 0.0199 | LR: 0.000083
2026-04-29 11:19:15,806 - INFO -     >>> Val Avg RMSE (Real): 177.2447
2026-04-29 11:19:15,806 - INFO -     >>> Val MAE Details: ['109.0675', '104.8367', '101.8572', '112.6046', '139.3201', '146.9530', '138.3374']
2026-04-29 11:19:15,806 - INFO - ⏳ No improvement. Patience: 2/50
2026-04-29 11:43:38,822 - INFO - [Epoch 81] Train Loss: 0.0198 | LR: 0.000083
2026-04-29 11:43:38,823 - INFO -     >>> Val Avg RMSE (Real): 171.9903
2026-04-29 11:43:38,823 - INFO -     >>> Val MAE Details: ['116.9703', '109.3229', '101.5093', '114.3765', '126.6620', '131.4116', '130.3482']
2026-04-29 11:43:38,823 - INFO - ⏳ No improvement. Patience: 3/50
2026-04-29 12:08:20,170 - INFO - [Epoch 82] Train Loss: 0.0199 | LR: 0.000082
2026-04-29 12:08:20,170 - INFO -     >>> Val Avg RMSE (Real): 169.6432
2026-04-29 12:08:20,170 - INFO -     >>> Val MAE Details: ['111.2184', '103.0465', '101.2245', '113.3389', '123.7799', '125.5792', '128.6792']
2026-04-29 12:08:21,098 - INFO - 💾 Saved Best Model to ./logs/ED5OE_repr_hybrid_fusion_UniFieldNet_MultiTask7_init_from_ckpt_20260428_113523/best_model.pth
2026-04-29 12:33:03,629 - INFO - [Epoch 83] Train Loss: 0.0197 | LR: 0.000082
2026-04-29 12:33:03,630 - INFO -     >>> Val Avg RMSE (Real): 183.9372
2026-04-29 12:33:03,630 - INFO -     >>> Val MAE Details: ['114.9078', '121.7008', '105.1297', '115.7485', '143.7147', '141.5317', '140.8570']
2026-04-29 12:33:03,630 - INFO - ⏳ No improvement. Patience: 1/50
2026-04-29 12:54:28,954 - INFO - [Epoch 84] Train Loss: 0.0197 | LR: 0.000081
2026-04-29 12:54:28,955 - INFO -     >>> Val Avg RMSE (Real): 172.9697
2026-04-29 12:54:28,955 - INFO -     >>> Val MAE Details: ['112.9829', '105.2385', '101.0691', '120.9019', '127.2029', '130.8994', '130.5569']
2026-04-29 12:54:28,955 - INFO - ⏳ No improvement. Patience: 2/50
2026-04-29 13:09:10,792 - INFO - [Epoch 85] Train Loss: 0.0196 | LR: 0.000081
2026-04-29 13:09:10,793 - INFO -     >>> Val Avg RMSE (Real): 178.1336
2026-04-29 13:09:10,793 - INFO -     >>> Val MAE Details: ['112.1097', '109.8912', '103.1494', '116.5178', '130.6239', '141.7107', '138.9600']
2026-04-29 13:09:10,793 - INFO - ⏳ No improvement. Patience: 3/50
2026-04-29 13:23:29,004 - INFO - [Epoch 86] Train Loss: 0.0196 | LR: 0.000081
2026-04-29 13:23:29,005 - INFO -     >>> Val Avg RMSE (Real): 170.9802
2026-04-29 13:23:29,005 - INFO -     >>> Val MAE Details: ['111.7916', '104.2351', '100.9176', '118.6623', '125.0382', '126.2111', '135.4425']
2026-04-29 13:23:29,005 - INFO - ⏳ No improvement. Patience: 4/50
2026-04-29 13:38:10,951 - INFO - [Epoch 87] Train Loss: 0.0197 | LR: 0.000080
2026-04-29 13:38:10,952 - INFO -     >>> Val Avg RMSE (Real): 172.3465
2026-04-29 13:38:10,952 - INFO -     >>> Val MAE Details: ['111.9383', '104.6443', '99.3708', '119.9134', '126.4816', '135.1455', '132.7957']
2026-04-29 13:38:10,952 - INFO - ⏳ No improvement. Patience: 5/50
2026-04-29 13:52:45,835 - INFO - [Epoch 88] Train Loss: 0.0197 | LR: 0.000080
2026-04-29 13:52:45,835 - INFO -     >>> Val Avg RMSE (Real): 173.2882
2026-04-29 13:52:45,836 - INFO -     >>> Val MAE Details: ['109.7352', '106.9393', '98.6941', '115.5375', '125.8824', '130.7969', '134.1384']
2026-04-29 13:52:45,836 - INFO - ⏳ No improvement. Patience: 6/50
2026-04-29 14:07:21,199 - INFO - [Epoch 89] Train Loss: 0.0196 | LR: 0.000079
2026-04-29 14:07:21,199 - INFO -     >>> Val Avg RMSE (Real): 178.3372
2026-04-29 14:07:21,200 - INFO -     >>> Val MAE Details: ['111.7367', '107.6871', '103.6509', '124.3846', '129.9808', '129.0411', '146.0536']
2026-04-29 14:07:21,200 - INFO - ⏳ No improvement. Patience: 7/50
2026-04-29 14:21:52,022 - INFO - [Epoch 90] Train Loss: 0.0195 | LR: 0.000079
2026-04-29 14:21:52,022 - INFO -     >>> Val Avg RMSE (Real): 168.1207
2026-04-29 14:21:52,022 - INFO -     >>> Val MAE Details: ['112.5367', '108.1672', '106.2658', '108.8431', '123.0023', '123.6850', '127.3209']
2026-04-29 14:21:53,095 - INFO - 💾 Saved Best Model to ./logs/ED5OE_repr_hybrid_fusion_UniFieldNet_MultiTask7_init_from_ckpt_20260428_113523/best_model.pth
2026-04-29 14:36:38,516 - INFO - [Epoch 91] Train Loss: 0.0196 | LR: 0.000079
2026-04-29 14:36:38,516 - INFO -     >>> Val Avg RMSE (Real): 170.8733
2026-04-29 14:36:38,517 - INFO -     >>> Val MAE Details: ['111.2460', '105.8349', '102.3901', '111.0419', '125.6016', '128.3094', '138.2927']
2026-04-29 14:36:38,517 - INFO - ⏳ No improvement. Patience: 1/50
2026-04-29 14:51:19,786 - INFO - [Epoch 92] Train Loss: 0.0194 | LR: 0.000078
2026-04-29 14:51:19,786 - INFO -     >>> Val Avg RMSE (Real): 170.6160
2026-04-29 14:51:19,787 - INFO -     >>> Val MAE Details: ['113.5304', '104.6271', '101.9829', '110.3358', '130.7357', '125.7589', '126.8057']
2026-04-29 14:51:19,787 - INFO - ⏳ No improvement. Patience: 2/50
2026-04-29 15:05:56,507 - INFO - [Epoch 93] Train Loss: 0.0194 | LR: 0.000078
2026-04-29 15:05:56,507 - INFO -     >>> Val Avg RMSE (Real): 171.2594
2026-04-29 15:05:56,507 - INFO -     >>> Val MAE Details: ['113.3555', '103.7811', '100.6831', '111.7760', '123.2051', '128.7560', '139.0083']
2026-04-29 15:05:56,508 - INFO - ⏳ No improvement. Patience: 3/50
2026-04-29 15:21:07,234 - INFO - [Epoch 94] Train Loss: 0.0194 | LR: 0.000077
2026-04-29 15:21:07,235 - INFO -     >>> Val Avg RMSE (Real): 173.0157
2026-04-29 15:21:07,235 - INFO -     >>> Val MAE Details: ['113.5274', '105.6691', '100.4417', '115.7980', '120.5205', '128.7100', '141.7029']
2026-04-29 15:21:07,235 - INFO - ⏳ No improvement. Patience: 4/50
2026-04-29 15:51:29,265 - INFO - [Epoch 95] Train Loss: 0.0194 | LR: 0.000077
2026-04-29 15:51:29,266 - INFO -     >>> Val Avg RMSE (Real): 168.9103
2026-04-29 15:51:29,266 - INFO -     >>> Val MAE Details: ['112.2660', '105.2202', '104.4964', '107.1965', '119.2913', '126.0298', '131.1445']
2026-04-29 15:51:29,266 - INFO - ⏳ No improvement. Patience: 5/50
2026-04-29 16:21:59,682 - INFO - [Epoch 96] Train Loss: 0.0192 | LR: 0.000076
2026-04-29 16:21:59,682 - INFO -     >>> Val Avg RMSE (Real): 172.1088
2026-04-29 16:21:59,682 - INFO -     >>> Val MAE Details: ['112.6611', '110.2032', '104.8751', '111.6600', '124.7525', '128.6873', '132.7986']
2026-04-29 16:21:59,683 - INFO - ⏳ No improvement. Patience: 6/50
2026-04-29 16:50:19,307 - INFO - [Epoch 97] Train Loss: 0.0194 | LR: 0.000076
2026-04-29 16:50:19,307 - INFO -     >>> Val Avg RMSE (Real): 176.3118
2026-04-29 16:50:19,308 - INFO -     >>> Val MAE Details: ['115.1281', '109.2821', '98.5232', '112.8544', '131.7464', '129.6400', '144.4362']
2026-04-29 16:50:19,308 - INFO - ⏳ No improvement. Patience: 7/50
2026-04-29 17:04:55,166 - INFO - [Epoch 98] Train Loss: 0.0194 | LR: 0.000075
2026-04-29 17:04:55,167 - INFO -     >>> Val Avg RMSE (Real): 172.8289
2026-04-29 17:04:55,167 - INFO -     >>> Val MAE Details: ['119.1357', '106.1433', '100.7756', '117.0015', '125.6110', '126.0767', '130.0488']
2026-04-29 17:04:55,167 - INFO - ⏳ No improvement. Patience: 8/50
2026-04-29 17:18:23,867 - INFO - [Epoch 99] Train Loss: 0.0193 | LR: 0.000075
2026-04-29 17:18:23,868 - INFO -     >>> Val Avg RMSE (Real): 170.2481
2026-04-29 17:18:23,868 - INFO -     >>> Val MAE Details: ['109.0648', '103.7834', '102.7399', '120.2411', '122.7596', '126.0386', '132.8232']
2026-04-29 17:18:23,868 - INFO - ⏳ No improvement. Patience: 9/50
2026-04-29 17:38:20,900 - INFO - [Epoch 100] Train Loss: 0.0193 | LR: 0.000075
2026-04-29 17:38:20,901 - INFO -     >>> Val Avg RMSE (Real): 174.5751
2026-04-29 17:38:20,901 - INFO -     >>> Val MAE Details: ['110.5960', '106.7045', '99.8055', '123.3364', '127.8885', '134.4756', '133.5465']
2026-04-29 17:38:20,901 - INFO - ⏳ No improvement. Patience: 10/50
2026-04-29 18:07:16,346 - INFO - [Epoch 101] Train Loss: 0.0192 | LR: 0.000074
2026-04-29 18:07:16,347 - INFO -     >>> Val Avg RMSE (Real): 171.8971
2026-04-29 18:07:16,347 - INFO -     >>> Val MAE Details: ['116.4225', '114.0837', '101.0966', '117.2545', '124.1227', '125.1242', '129.5838']
2026-04-29 18:07:16,347 - INFO - ⏳ No improvement. Patience: 11/50
2026-04-29 18:36:25,625 - INFO - [Epoch 102] Train Loss: 0.0193 | LR: 0.000074
2026-04-29 18:36:25,626 - INFO -     >>> Val Avg RMSE (Real): 172.0631
2026-04-29 18:36:25,626 - INFO -     >>> Val MAE Details: ['114.8088', '110.5392', '107.1098', '106.0802', '123.9324', '132.3925', '133.4520']
2026-04-29 18:36:25,626 - INFO - ⏳ No improvement. Patience: 12/50
2026-04-29 19:05:24,880 - INFO - [Epoch 103] Train Loss: 0.0191 | LR: 0.000073
2026-04-29 19:05:24,880 - INFO -     >>> Val Avg RMSE (Real): 174.5716
2026-04-29 19:05:24,880 - INFO -     >>> Val MAE Details: ['118.4885', '104.8156', '102.6675', '114.8474', '125.0645', '136.4709', '146.2762']
2026-04-29 19:05:24,881 - INFO - ⏳ No improvement. Patience: 13/50
2026-04-29 19:34:19,104 - INFO - [Epoch 104] Train Loss: 0.0190 | LR: 0.000073
2026-04-29 19:34:19,105 - INFO -     >>> Val Avg RMSE (Real): 168.4482
2026-04-29 19:34:19,105 - INFO -     >>> Val MAE Details: ['112.7262', '107.0705', '97.9944', '107.3351', '119.8513', '125.3316', '129.3256']
2026-04-29 19:34:19,105 - INFO - ⏳ No improvement. Patience: 14/50
2026-04-29 20:03:20,651 - INFO - [Epoch 105] Train Loss: 0.0190 | LR: 0.000072
2026-04-29 20:03:20,651 - INFO -     >>> Val Avg RMSE (Real): 171.8418
2026-04-29 20:03:20,651 - INFO -     >>> Val MAE Details: ['113.4822', '107.3162', '108.4225', '114.3483', '123.5025', '131.5005', '132.2611']
2026-04-29 20:03:20,651 - INFO - ⏳ No improvement. Patience: 15/50
2026-04-29 20:32:08,717 - INFO - [Epoch 106] Train Loss: 0.0191 | LR: 0.000072
2026-04-29 20:32:08,717 - INFO -     >>> Val Avg RMSE (Real): 168.4591
2026-04-29 20:32:08,717 - INFO -     >>> Val MAE Details: ['110.5822', '106.1754', '97.5184', '108.6531', '122.3019', '126.3648', '129.3954']
2026-04-29 20:32:08,718 - INFO - ⏳ No improvement. Patience: 16/50
2026-04-29 21:00:19,722 - INFO - [Epoch 107] Train Loss: 0.0190 | LR: 0.000071
2026-04-29 21:00:19,723 - INFO -     >>> Val Avg RMSE (Real): 170.8376
2026-04-29 21:00:19,723 - INFO -     >>> Val MAE Details: ['113.0137', '106.6514', '100.4277', '107.7606', '124.6605', '125.9365', '129.9043']
2026-04-29 21:00:19,723 - INFO - ⏳ No improvement. Patience: 17/50
2026-04-29 21:24:25,462 - INFO - [Epoch 108] Train Loss: 0.0189 | LR: 0.000071
2026-04-29 21:24:25,463 - INFO -     >>> Val Avg RMSE (Real): 169.4351
2026-04-29 21:24:25,463 - INFO -     >>> Val MAE Details: ['111.7936', '102.7006', '96.3982', '109.3839', '126.1939', '123.9271', '127.1568']
2026-04-29 21:24:25,463 - INFO - ⏳ No improvement. Patience: 18/50
2026-04-29 21:47:40,105 - INFO - [Epoch 109] Train Loss: 0.0190 | LR: 0.000070
2026-04-29 21:47:40,106 - INFO -     >>> Val Avg RMSE (Real): 173.9092
2026-04-29 21:47:40,106 - INFO -     >>> Val MAE Details: ['112.2759', '103.2290', '97.2810', '112.5850', '123.3518', '133.4958', '142.6906']
2026-04-29 21:47:40,106 - INFO - ⏳ No improvement. Patience: 19/50
2026-04-29 22:07:55,739 - INFO - [Epoch 110] Train Loss: 0.0190 | LR: 0.000070
2026-04-29 22:07:55,740 - INFO -     >>> Val Avg RMSE (Real): 168.2917
2026-04-29 22:07:55,740 - INFO -     >>> Val MAE Details: ['112.3203', '106.1413', '106.0410', '109.7396', '123.5846', '123.2328', '127.6926']
2026-04-29 22:07:55,740 - INFO - ⏳ No improvement. Patience: 20/50
2026-04-29 22:24:58,221 - INFO - [Epoch 111] Train Loss: 0.0191 | LR: 0.000069
2026-04-29 22:24:58,221 - INFO -     >>> Val Avg RMSE (Real): 169.1023
2026-04-29 22:24:58,221 - INFO -     >>> Val MAE Details: ['112.2206', '106.0109', '102.4573', '110.0073', '123.2795', '128.0109', '130.9046']
2026-04-29 22:24:58,221 - INFO - ⏳ No improvement. Patience: 21/50
2026-04-29 22:39:39,732 - INFO - [Epoch 112] Train Loss: 0.0191 | LR: 0.000069
2026-04-29 22:39:39,733 - INFO -     >>> Val Avg RMSE (Real): 176.5305
2026-04-29 22:39:39,733 - INFO -     >>> Val MAE Details: ['111.4610', '112.7634', '102.6192', '113.2383', '127.0593', '135.9662', '144.1116']
2026-04-29 22:39:39,733 - INFO - ⏳ No improvement. Patience: 22/50
2026-04-29 22:54:18,749 - INFO - [Epoch 113] Train Loss: 0.0192 | LR: 0.000068
2026-04-29 22:54:18,750 - INFO -     >>> Val Avg RMSE (Real): 171.6987
2026-04-29 22:54:18,750 - INFO -     >>> Val MAE Details: ['113.2465', '105.8494', '98.1388', '115.4168', '130.8017', '131.4783', '129.3899']
2026-04-29 22:54:18,750 - INFO - ⏳ No improvement. Patience: 23/50
2026-04-29 23:09:01,340 - INFO - [Epoch 114] Train Loss: 0.0189 | LR: 0.000068
2026-04-29 23:09:01,341 - INFO -     >>> Val Avg RMSE (Real): 169.0400
2026-04-29 23:09:01,341 - INFO -     >>> Val MAE Details: ['112.1205', '103.7924', '105.8222', '110.7320', '123.5032', '125.8295', '129.8837']
2026-04-29 23:09:01,341 - INFO - ⏳ No improvement. Patience: 24/50
2026-04-29 23:23:41,301 - INFO - [Epoch 115] Train Loss: 0.0188 | LR: 0.000067
2026-04-29 23:23:41,301 - INFO -     >>> Val Avg RMSE (Real): 169.0395
2026-04-29 23:23:41,301 - INFO -     >>> Val MAE Details: ['109.5694', '101.9286', '102.1786', '109.0699', '122.2641', '125.7382', '131.9386']
2026-04-29 23:23:41,302 - INFO - ⏳ No improvement. Patience: 25/50
2026-04-29 23:38:20,942 - INFO - [Epoch 116] Train Loss: 0.0189 | LR: 0.000067
2026-04-29 23:38:20,943 - INFO -     >>> Val Avg RMSE (Real): 167.4753
2026-04-29 23:38:20,943 - INFO -     >>> Val MAE Details: ['111.9847', '104.0830', '102.4815', '109.3612', '120.5017', '125.5728', '126.2067']
2026-04-29 23:38:22,024 - INFO - 💾 Saved Best Model to ./logs/ED5OE_repr_hybrid_fusion_UniFieldNet_MultiTask7_init_from_ckpt_20260428_113523/best_model.pth
2026-04-29 23:53:07,108 - INFO - [Epoch 117] Train Loss: 0.0188 | LR: 0.000066
2026-04-29 23:53:07,109 - INFO -     >>> Val Avg RMSE (Real): 172.4337
2026-04-29 23:53:07,109 - INFO -     >>> Val MAE Details: ['116.9405', '108.0594', '110.8964', '111.0416', '126.4880', '126.3400', '132.8472']
2026-04-29 23:53:07,109 - INFO - ⏳ No improvement. Patience: 1/50
2026-04-30 00:07:47,132 - INFO - [Epoch 118] Train Loss: 0.0189 | LR: 0.000066
2026-04-30 00:07:47,133 - INFO -     >>> Val Avg RMSE (Real): 174.8683
2026-04-30 00:07:47,133 - INFO -     >>> Val MAE Details: ['112.9404', '107.6657', '100.8550', '121.8398', '125.7932', '131.1383', '141.7312']
2026-04-30 00:07:47,133 - INFO - ⏳ No improvement. Patience: 2/50
2026-04-30 00:22:28,731 - INFO - [Epoch 119] Train Loss: 0.0188 | LR: 0.000065
2026-04-30 00:22:28,731 - INFO -     >>> Val Avg RMSE (Real): 170.2426
2026-04-30 00:22:28,731 - INFO -     >>> Val MAE Details: ['110.6494', '105.9048', '99.3447', '109.1894', '128.4967', '131.7427', '133.8939']
2026-04-30 00:22:28,732 - INFO - ⏳ No improvement. Patience: 3/50
2026-04-30 00:37:10,003 - INFO - [Epoch 120] Train Loss: 0.0187 | LR: 0.000065
2026-04-30 00:37:10,004 - INFO -     >>> Val Avg RMSE (Real): 168.9993
2026-04-30 00:37:10,004 - INFO -     >>> Val MAE Details: ['112.0202', '111.5289', '101.2362', '110.3629', '122.7923', '126.1141', '128.9723']
2026-04-30 00:37:10,004 - INFO - ⏳ No improvement. Patience: 4/50
2026-04-30 00:51:52,185 - INFO - [Epoch 121] Train Loss: 0.0189 | LR: 0.000064
2026-04-30 00:51:52,186 - INFO -     >>> Val Avg RMSE (Real): 167.8088
2026-04-30 00:51:52,186 - INFO -     >>> Val MAE Details: ['110.1600', '103.2219', '97.2929', '109.3047', '127.8583', '124.1307', '129.8377']
2026-04-30 00:51:52,186 - INFO - ⏳ No improvement. Patience: 5/50
2026-04-30 01:06:33,808 - INFO - [Epoch 122] Train Loss: 0.0186 | LR: 0.000064
2026-04-30 01:06:33,808 - INFO -     >>> Val Avg RMSE (Real): 167.5892
2026-04-30 01:06:33,808 - INFO -     >>> Val MAE Details: ['110.1257', '105.2214', '100.8766', '116.3673', '121.0360', '124.1644', '128.2970']
2026-04-30 01:06:33,809 - INFO - ⏳ No improvement. Patience: 6/50
2026-04-30 01:21:14,901 - INFO - [Epoch 123] Train Loss: 0.0186 | LR: 0.000063
2026-04-30 01:21:14,902 - INFO -     >>> Val Avg RMSE (Real): 170.3698
2026-04-30 01:21:14,902 - INFO -     >>> Val MAE Details: ['113.7683', '107.2130', '98.4872', '114.1499', '123.8476', '128.2977', '130.9938']
2026-04-30 01:21:14,902 - INFO - ⏳ No improvement. Patience: 7/50
2026-04-30 01:35:54,815 - INFO - [Epoch 124] Train Loss: 0.0186 | LR: 0.000063
2026-04-30 01:35:54,816 - INFO -     >>> Val Avg RMSE (Real): 169.2838
2026-04-30 01:35:54,816 - INFO -     >>> Val MAE Details: ['112.6823', '107.3783', '103.1391', '107.7367', '122.3303', '124.2829', '130.0691']
2026-04-30 01:35:54,816 - INFO - ⏳ No improvement. Patience: 8/50
2026-04-30 01:50:41,956 - INFO - [Epoch 125] Train Loss: 0.0187 | LR: 0.000062
2026-04-30 01:50:41,957 - INFO -     >>> Val Avg RMSE (Real): 171.9323
2026-04-30 01:50:41,957 - INFO -     >>> Val MAE Details: ['113.5184', '104.5768', '99.9387', '108.3588', '123.8844', '130.9760', '139.7635']
2026-04-30 01:50:41,957 - INFO - ⏳ No improvement. Patience: 9/50
2026-04-30 02:05:25,648 - INFO - [Epoch 126] Train Loss: 0.0189 | LR: 0.000062
2026-04-30 02:05:25,649 - INFO -     >>> Val Avg RMSE (Real): 173.4122
2026-04-30 02:05:25,649 - INFO -     >>> Val MAE Details: ['111.7313', '107.4297', '96.1887', '123.1101', '136.3491', '131.7389', '131.3909']
2026-04-30 02:05:25,649 - INFO - ⏳ No improvement. Patience: 10/50
2026-04-30 02:20:07,808 - INFO - [Epoch 127] Train Loss: 0.0186 | LR: 0.000061
2026-04-30 02:20:07,809 - INFO -     >>> Val Avg RMSE (Real): 169.2718
2026-04-30 02:20:07,809 - INFO -     >>> Val MAE Details: ['114.5945', '105.5639', '96.0914', '107.5197', '125.2874', '125.0836', '129.3627']
2026-04-30 02:20:07,809 - INFO - ⏳ No improvement. Patience: 11/50
2026-04-30 02:34:50,013 - INFO - [Epoch 128] Train Loss: 0.0186 | LR: 0.000061
2026-04-30 02:34:50,014 - INFO -     >>> Val Avg RMSE (Real): 172.4933
2026-04-30 02:34:50,014 - INFO -     >>> Val MAE Details: ['115.1612', '110.4089', '101.8102', '117.6417', '127.3548', '124.6666', '132.1089']
2026-04-30 02:34:50,014 - INFO - ⏳ No improvement. Patience: 12/50
2026-04-30 02:49:35,833 - INFO - [Epoch 129] Train Loss: 0.0187 | LR: 0.000060
2026-04-30 02:49:35,834 - INFO -     >>> Val Avg RMSE (Real): 169.6630
2026-04-30 02:49:35,834 - INFO -     >>> Val MAE Details: ['113.4891', '106.5766', '105.9502', '108.7602', '123.6018', '126.2278', '128.9374']
2026-04-30 02:49:35,834 - INFO - ⏳ No improvement. Patience: 13/50
2026-04-30 03:04:19,269 - INFO - [Epoch 130] Train Loss: 0.0185 | LR: 0.000060
2026-04-30 03:04:19,270 - INFO -     >>> Val Avg RMSE (Real): 173.2132
2026-04-30 03:04:19,270 - INFO -     >>> Val MAE Details: ['113.1038', '110.2786', '102.5126', '108.0019', '125.4301', '132.6681', '144.3309']
2026-04-30 03:04:19,270 - INFO - ⏳ No improvement. Patience: 14/50
2026-04-30 03:18:52,970 - INFO - [Epoch 131] Train Loss: 0.0186 | LR: 0.000059
2026-04-30 03:18:52,971 - INFO -     >>> Val Avg RMSE (Real): 166.6555
2026-04-30 03:18:52,971 - INFO -     >>> Val MAE Details: ['109.4951', '105.4128', '98.3326', '106.6398', '120.3567', '125.1249', '126.9375']
2026-04-30 03:18:54,238 - INFO - 💾 Saved Best Model to ./logs/ED5OE_repr_hybrid_fusion_UniFieldNet_MultiTask7_init_from_ckpt_20260428_113523/best_model.pth
2026-04-30 03:33:37,351 - INFO - [Epoch 132] Train Loss: 0.0184 | LR: 0.000059
2026-04-30 03:33:37,352 - INFO -     >>> Val Avg RMSE (Real): 175.3716
2026-04-30 03:33:37,352 - INFO -     >>> Val MAE Details: ['118.8567', '105.1928', '97.4747', '128.6368', '130.9888', '128.4658', '130.0596']
2026-04-30 03:33:37,352 - INFO - ⏳ No improvement. Patience: 1/50
2026-04-30 03:48:20,012 - INFO - [Epoch 133] Train Loss: 0.0186 | LR: 0.000058
2026-04-30 03:48:20,013 - INFO -     >>> Val Avg RMSE (Real): 168.4965
2026-04-30 03:48:20,013 - INFO -     >>> Val MAE Details: ['111.1362', '103.9730', '101.0293', '110.0107', '121.2160', '126.5149', '127.9546']
2026-04-30 03:48:20,013 - INFO - ⏳ No improvement. Patience: 2/50
2026-04-30 04:03:08,305 - INFO - [Epoch 134] Train Loss: 0.0185 | LR: 0.000058
2026-04-30 04:03:08,306 - INFO -     >>> Val Avg RMSE (Real): 167.5291
2026-04-30 04:03:08,306 - INFO -     >>> Val MAE Details: ['112.5140', '102.9287', '100.8547', '108.4490', '120.4726', '122.8971', '126.7840']
2026-04-30 04:03:08,306 - INFO - ⏳ No improvement. Patience: 3/50
2026-04-30 04:17:52,504 - INFO - [Epoch 135] Train Loss: 0.0182 | LR: 0.000057
2026-04-30 04:17:52,505 - INFO -     >>> Val Avg RMSE (Real): 167.7745
2026-04-30 04:17:52,505 - INFO -     >>> Val MAE Details: ['111.1939', '106.7500', '98.7169', '106.2219', '119.8779', '124.7119', '129.1985']
2026-04-30 04:17:52,505 - INFO - ⏳ No improvement. Patience: 4/50
2026-04-30 04:32:29,749 - INFO - [Epoch 136] Train Loss: 0.0185 | LR: 0.000057
2026-04-30 04:32:29,750 - INFO -     >>> Val Avg RMSE (Real): 171.4728
2026-04-30 04:32:29,750 - INFO -     >>> Val MAE Details: ['110.6824', '105.0868', '100.1412', '111.0086', '125.1210', '134.6727', '137.8106']
2026-04-30 04:32:29,750 - INFO - ⏳ No improvement. Patience: 5/50
2026-04-30 04:47:11,942 - INFO - [Epoch 137] Train Loss: 0.0183 | LR: 0.000056
2026-04-30 04:47:11,943 - INFO -     >>> Val Avg RMSE (Real): 168.0465
2026-04-30 04:47:11,943 - INFO -     >>> Val MAE Details: ['110.2062', '104.5524', '99.0249', '112.2478', '120.2926', '125.8273', '130.4571']
2026-04-30 04:47:11,943 - INFO - ⏳ No improvement. Patience: 6/50
2026-04-30 05:01:54,977 - INFO - [Epoch 138] Train Loss: 0.0184 | LR: 0.000056
2026-04-30 05:01:54,978 - INFO -     >>> Val Avg RMSE (Real): 166.5203
2026-04-30 05:01:54,978 - INFO -     >>> Val MAE Details: ['109.7482', '103.6058', '98.6961', '107.9391', '119.9023', '122.8916', '128.0695']
2026-04-30 05:01:56,029 - INFO - 💾 Saved Best Model to ./logs/ED5OE_repr_hybrid_fusion_UniFieldNet_MultiTask7_init_from_ckpt_20260428_113523/best_model.pth
2026-04-30 05:16:34,803 - INFO - [Epoch 139] Train Loss: 0.0183 | LR: 0.000055
2026-04-30 05:16:34,804 - INFO -     >>> Val Avg RMSE (Real): 172.8250
2026-04-30 05:16:34,804 - INFO -     >>> Val MAE Details: ['113.5772', '109.2416', '100.6270', '122.3558', '121.5457', '126.9014', '135.9357']
2026-04-30 05:16:34,804 - INFO - ⏳ No improvement. Patience: 1/50
2026-04-30 05:31:14,984 - INFO - [Epoch 140] Train Loss: 0.0183 | LR: 0.000055
2026-04-30 05:31:14,985 - INFO -     >>> Val Avg RMSE (Real): 167.4562
2026-04-30 05:31:14,985 - INFO -     >>> Val MAE Details: ['109.7959', '104.1691', '100.6489', '106.3162', '121.5923', '125.8378', '131.6210']
2026-04-30 05:31:14,985 - INFO - ⏳ No improvement. Patience: 2/50
2026-04-30 05:45:53,005 - INFO - [Epoch 141] Train Loss: 0.0184 | LR: 0.000054
2026-04-30 05:45:53,005 - INFO -     >>> Val Avg RMSE (Real): 169.5285
2026-04-30 05:45:53,005 - INFO -     >>> Val MAE Details: ['110.5867', '104.0490', '101.2663', '113.2892', '123.3978', '128.0788', '129.5891']
2026-04-30 05:45:53,006 - INFO - ⏳ No improvement. Patience: 3/50
2026-04-30 06:00:34,655 - INFO - [Epoch 142] Train Loss: 0.0182 | LR: 0.000054
2026-04-30 06:00:34,655 - INFO -     >>> Val Avg RMSE (Real): 168.4514
2026-04-30 06:00:34,656 - INFO -     >>> Val MAE Details: ['111.1867', '108.7579', '97.6112', '106.3064', '120.9152', '125.6895', '126.2204']
2026-04-30 06:00:34,656 - INFO - ⏳ No improvement. Patience: 4/50
2026-04-30 06:15:17,127 - INFO - [Epoch 143] Train Loss: 0.0183 | LR: 0.000053
2026-04-30 06:15:17,128 - INFO -     >>> Val Avg RMSE (Real): 166.6496
2026-04-30 06:15:17,128 - INFO -     >>> Val MAE Details: ['112.1508', '103.9899', '99.8994', '105.6563', '119.3943', '125.2442', '128.2913']
2026-04-30 06:15:17,128 - INFO - ⏳ No improvement. Patience: 5/50
2026-04-30 06:30:02,641 - INFO - [Epoch 144] Train Loss: 0.0182 | LR: 0.000053
2026-04-30 06:30:02,642 - INFO -     >>> Val Avg RMSE (Real): 170.9118
2026-04-30 06:30:02,642 - INFO -     >>> Val MAE Details: ['111.3563', '105.0945', '98.1574', '125.3079', '124.4093', '124.9086', '128.4937']
2026-04-30 06:30:02,642 - INFO - ⏳ No improvement. Patience: 6/50
2026-04-30 06:44:46,015 - INFO - [Epoch 145] Train Loss: 0.0182 | LR: 0.000052
2026-04-30 06:44:46,016 - INFO -     >>> Val Avg RMSE (Real): 171.3204
2026-04-30 06:44:46,016 - INFO -     >>> Val MAE Details: ['111.8163', '107.2167', '98.0974', '109.5966', '129.6705', '126.9437', '128.6354']
2026-04-30 06:44:46,016 - INFO - ⏳ No improvement. Patience: 7/50
2026-04-30 06:59:27,869 - INFO - [Epoch 146] Train Loss: 0.0181 | LR: 0.000052
2026-04-30 06:59:27,870 - INFO -     >>> Val Avg RMSE (Real): 168.5915
2026-04-30 06:59:27,870 - INFO -     >>> Val MAE Details: ['110.8303', '102.5297', '96.2525', '106.8258', '122.6619', '131.7522', '128.4200']
2026-04-30 06:59:27,870 - INFO - ⏳ No improvement. Patience: 8/50
2026-04-30 07:14:06,827 - INFO - [Epoch 147] Train Loss: 0.0180 | LR: 0.000051
2026-04-30 07:14:06,827 - INFO -     >>> Val Avg RMSE (Real): 167.8798
2026-04-30 07:14:06,828 - INFO -     >>> Val MAE Details: ['110.9053', '102.2913', '98.6630', '117.1732', '122.0534', '124.7137', '127.4440']
2026-04-30 07:14:06,828 - INFO - ⏳ No improvement. Patience: 9/50
2026-04-30 07:28:48,281 - INFO - [Epoch 148] Train Loss: 0.0181 | LR: 0.000051
2026-04-30 07:28:48,281 - INFO -     >>> Val Avg RMSE (Real): 166.1402
2026-04-30 07:28:48,282 - INFO -     >>> Val MAE Details: ['110.1448', '101.3095', '97.1376', '108.7840', '119.7778', '124.3217', '127.2056']
2026-04-30 07:28:49,347 - INFO - 💾 Saved Best Model to ./logs/ED5OE_repr_hybrid_fusion_UniFieldNet_MultiTask7_init_from_ckpt_20260428_113523/best_model.pth
2026-04-30 07:43:32,719 - INFO - [Epoch 149] Train Loss: 0.0182 | LR: 0.000050
2026-04-30 07:43:32,719 - INFO -     >>> Val Avg RMSE (Real): 167.6028
2026-04-30 07:43:32,719 - INFO -     >>> Val MAE Details: ['108.4456', '102.2219', '99.2870', '106.1959', '122.9219', '131.8276', '129.8450']
2026-04-30 07:43:32,719 - INFO - ⏳ No improvement. Patience: 1/50
2026-04-30 07:58:17,128 - INFO - [Epoch 150] Train Loss: 0.0181 | LR: 0.000049
2026-04-30 07:58:17,129 - INFO -     >>> Val Avg RMSE (Real): 169.7871
2026-04-30 07:58:17,129 - INFO -     >>> Val MAE Details: ['115.0590', '105.4134', '97.3269', '110.7858', '122.5829', '124.8319', '130.6874']
2026-04-30 07:58:17,129 - INFO - ⏳ No improvement. Patience: 2/50
2026-04-30 08:13:00,503 - INFO - [Epoch 151] Train Loss: 0.0181 | LR: 0.000049
2026-04-30 08:13:00,504 - INFO -     >>> Val Avg RMSE (Real): 166.5057
2026-04-30 08:13:00,504 - INFO -     >>> Val MAE Details: ['109.7688', '102.6779', '98.1767', '107.7089', '121.0260', '123.6250', '126.9338']
2026-04-30 08:13:00,504 - INFO - ⏳ No improvement. Patience: 3/50
2026-04-30 08:27:38,200 - INFO - [Epoch 152] Train Loss: 0.0180 | LR: 0.000048
2026-04-30 08:27:38,200 - INFO -     >>> Val Avg RMSE (Real): 167.8734
2026-04-30 08:27:38,200 - INFO -     >>> Val MAE Details: ['111.6906', '105.2546', '97.1710', '108.9096', '120.0996', '124.8916', '127.9722']
2026-04-30 08:27:38,201 - INFO - ⏳ No improvement. Patience: 4/50
2026-04-30 08:42:19,725 - INFO - [Epoch 153] Train Loss: 0.0179 | LR: 0.000048
2026-04-30 08:42:19,725 - INFO -     >>> Val Avg RMSE (Real): 169.4673
2026-04-30 08:42:19,726 - INFO -     >>> Val MAE Details: ['110.9429', '105.1368', '98.7109', '108.3239', '123.9926', '127.4338', '129.8040']
2026-04-30 08:42:19,726 - INFO - ⏳ No improvement. Patience: 5/50
2026-04-30 08:57:03,267 - INFO - [Epoch 154] Train Loss: 0.0179 | LR: 0.000047
2026-04-30 08:57:03,268 - INFO -     >>> Val Avg RMSE (Real): 170.0179
2026-04-30 08:57:03,268 - INFO -     >>> Val MAE Details: ['112.4350', '106.2462', '96.1470', '110.4283', '122.8741', '129.0872', '128.8679']
2026-04-30 08:57:03,268 - INFO - ⏳ No improvement. Patience: 6/50
2026-04-30 09:11:42,859 - INFO - [Epoch 155] Train Loss: 0.0181 | LR: 0.000047
2026-04-30 09:11:42,860 - INFO -     >>> Val Avg RMSE (Real): 170.8518
2026-04-30 09:11:42,860 - INFO -     >>> Val MAE Details: ['109.9886', '105.8948', '97.4284', '112.0451', '126.4375', '128.0646', '140.6620']
2026-04-30 09:11:42,860 - INFO - ⏳ No improvement. Patience: 7/50
2026-04-30 09:26:31,881 - INFO - [Epoch 156] Train Loss: 0.0179 | LR: 0.000046
2026-04-30 09:26:31,882 - INFO -     >>> Val Avg RMSE (Real): 167.3574
2026-04-30 09:26:31,882 - INFO -     >>> Val MAE Details: ['110.6136', '104.8242', '99.4848', '112.3537', '120.3389', '125.6384', '127.6571']
2026-04-30 09:26:31,882 - INFO - ⏳ No improvement. Patience: 8/50
2026-04-30 09:41:15,614 - INFO - [Epoch 157] Train Loss: 0.0180 | LR: 0.000046
2026-04-30 09:41:15,615 - INFO -     >>> Val Avg RMSE (Real): 170.8962
2026-04-30 09:41:15,615 - INFO -     >>> Val MAE Details: ['110.0591', '102.5323', '99.4471', '108.5920', '125.0873', '132.0076', '139.7326']
2026-04-30 09:41:15,615 - INFO - ⏳ No improvement. Patience: 9/50
2026-04-30 09:56:03,059 - INFO - [Epoch 158] Train Loss: 0.0180 | LR: 0.000045
2026-04-30 09:56:03,060 - INFO -     >>> Val Avg RMSE (Real): 168.7391
2026-04-30 09:56:03,060 - INFO -     >>> Val MAE Details: ['114.7528', '107.6815', '101.0620', '112.0247', '119.5207', '126.1475', '128.0103']
2026-04-30 09:56:03,060 - INFO - ⏳ No improvement. Patience: 10/50
2026-04-30 10:10:49,261 - INFO - [Epoch 159] Train Loss: 0.0178 | LR: 0.000045
2026-04-30 10:10:49,261 - INFO -     >>> Val Avg RMSE (Real): 166.8854
2026-04-30 10:10:49,261 - INFO -     >>> Val MAE Details: ['106.2529', '103.0544', '96.2443', '110.4283', '121.4373', '127.0503', '128.3632']
2026-04-30 10:10:49,262 - INFO - ⏳ No improvement. Patience: 11/50
2026-04-30 10:25:27,666 - INFO - [Epoch 160] Train Loss: 0.0180 | LR: 0.000044
2026-04-30 10:25:27,667 - INFO -     >>> Val Avg RMSE (Real): 169.2376
2026-04-30 10:25:27,667 - INFO -     >>> Val MAE Details: ['109.8600', '105.7291', '97.1516', '110.9119', '129.3391', '129.2387', '127.7638']
2026-04-30 10:25:27,667 - INFO - ⏳ No improvement. Patience: 12/50
2026-04-30 10:40:10,423 - INFO - [Epoch 161] Train Loss: 0.0178 | LR: 0.000044
2026-04-30 10:40:10,424 - INFO -     >>> Val Avg RMSE (Real): 167.1076
2026-04-30 10:40:10,424 - INFO -     >>> Val MAE Details: ['108.4312', '105.3776', '96.9362', '112.7740', '124.0304', '123.3067', '127.7310']
2026-04-30 10:40:10,424 - INFO - ⏳ No improvement. Patience: 13/50
2026-04-30 10:55:03,452 - INFO - [Epoch 162] Train Loss: 0.0180 | LR: 0.000043
2026-04-30 10:55:03,452 - INFO -     >>> Val Avg RMSE (Real): 168.5938
2026-04-30 10:55:03,452 - INFO -     >>> Val MAE Details: ['114.6805', '106.4020', '94.6570', '106.8615', '122.2871', '123.8203', '132.8478']
2026-04-30 10:55:03,453 - INFO - ⏳ No improvement. Patience: 14/50
2026-04-30 11:09:51,849 - INFO - [Epoch 163] Train Loss: 0.0178 | LR: 0.000043
2026-04-30 11:09:51,850 - INFO -     >>> Val Avg RMSE (Real): 171.7021
2026-04-30 11:09:51,850 - INFO -     >>> Val MAE Details: ['114.1732', '106.1501', '96.5699', '118.2652', '123.4508', '132.5702', '129.8377']
2026-04-30 11:09:51,850 - INFO - ⏳ No improvement. Patience: 15/50
2026-04-30 11:24:37,785 - INFO - [Epoch 164] Train Loss: 0.0178 | LR: 0.000042
2026-04-30 11:24:37,786 - INFO -     >>> Val Avg RMSE (Real): 166.9470
2026-04-30 11:24:37,786 - INFO -     >>> Val MAE Details: ['110.5771', '104.8784', '96.4315', '108.2797', '119.4641', '123.4037', '132.5803']
2026-04-30 11:24:37,786 - INFO - ⏳ No improvement. Patience: 16/50
2026-04-30 11:39:23,403 - INFO - [Epoch 165] Train Loss: 0.0178 | LR: 0.000042
2026-04-30 11:39:23,404 - INFO -     >>> Val Avg RMSE (Real): 168.9487
2026-04-30 11:39:23,404 - INFO -     >>> Val MAE Details: ['108.3411', '103.6718', '97.2750', '110.4699', '132.1645', '127.1856', '128.2191']
2026-04-30 11:39:23,404 - INFO - ⏳ No improvement. Patience: 17/50
2026-04-30 11:54:05,242 - INFO - [Epoch 166] Train Loss: 0.0178 | LR: 0.000041
2026-04-30 11:54:05,243 - INFO -     >>> Val Avg RMSE (Real): 168.7060
2026-04-30 11:54:05,243 - INFO -     >>> Val MAE Details: ['110.4164', '102.9129', '101.0073', '107.5907', '121.9758', '126.5313', '130.3331']
2026-04-30 11:54:05,243 - INFO - ⏳ No improvement. Patience: 18/50
2026-04-30 12:08:55,563 - INFO - [Epoch 167] Train Loss: 0.0177 | LR: 0.000041
2026-04-30 12:08:55,564 - INFO -     >>> Val Avg RMSE (Real): 167.8776
2026-04-30 12:08:55,564 - INFO -     >>> Val MAE Details: ['110.6643', '105.9215', '94.6551', '107.8457', '121.9419', '131.6046', '133.7296']
2026-04-30 12:08:55,564 - INFO - ⏳ No improvement. Patience: 19/50
2026-04-30 12:23:45,693 - INFO - [Epoch 168] Train Loss: 0.0177 | LR: 0.000040
2026-04-30 12:23:45,694 - INFO -     >>> Val Avg RMSE (Real): 166.2577
2026-04-30 12:23:45,694 - INFO -     >>> Val MAE Details: ['106.6622', '104.3638', '98.9419', '116.7277', '120.2291', '126.5867', '125.3661']
2026-04-30 12:23:45,694 - INFO - ⏳ No improvement. Patience: 20/50
2026-04-30 12:38:36,270 - INFO - [Epoch 169] Train Loss: 0.0177 | LR: 0.000040
2026-04-30 12:38:36,271 - INFO -     >>> Val Avg RMSE (Real): 168.6589
2026-04-30 12:38:36,271 - INFO -     >>> Val MAE Details: ['111.6842', '107.0592', '97.1273', '116.0849', '120.6269', '125.7502', '126.5838']
2026-04-30 12:38:36,271 - INFO - ⏳ No improvement. Patience: 21/50
2026-04-30 12:53:26,422 - INFO - [Epoch 170] Train Loss: 0.0177 | LR: 0.000039
2026-04-30 12:53:26,423 - INFO -     >>> Val Avg RMSE (Real): 165.8986
2026-04-30 12:53:26,423 - INFO -     >>> Val MAE Details: ['109.0848', '100.7383', '95.4122', '108.2572', '122.8044', '124.4624', '127.4205']
2026-04-30 12:53:27,498 - INFO - 💾 Saved Best Model to ./logs/ED5OE_repr_hybrid_fusion_UniFieldNet_MultiTask7_init_from_ckpt_20260428_113523/best_model.pth
2026-04-30 13:07:53,368 - INFO - [Epoch 171] Train Loss: 0.0175 | LR: 0.000039
2026-04-30 13:07:53,369 - INFO -     >>> Val Avg RMSE (Real): 169.0531
2026-04-30 13:07:53,369 - INFO -     >>> Val MAE Details: ['108.3689', '102.2552', '97.3919', '130.1295', '124.0802', '123.0347', '126.4790']
2026-04-30 13:07:53,369 - INFO - ⏳ No improvement. Patience: 1/50
2026-04-30 13:22:39,135 - INFO - [Epoch 172] Train Loss: 0.0176 | LR: 0.000038
2026-04-30 13:22:39,135 - INFO -     >>> Val Avg RMSE (Real): 166.4521
2026-04-30 13:22:39,136 - INFO -     >>> Val MAE Details: ['109.0186', '102.8555', '94.3703', '106.4366', '122.4818', '122.9856', '126.6878']
2026-04-30 13:22:39,136 - INFO - ⏳ No improvement. Patience: 2/50
2026-04-30 13:37:26,621 - INFO - [Epoch 173] Train Loss: 0.0177 | LR: 0.000038
2026-04-30 13:37:26,622 - INFO -     >>> Val Avg RMSE (Real): 167.2078
2026-04-30 13:37:26,622 - INFO -     >>> Val MAE Details: ['109.0582', '102.8271', '105.4051', '107.0026', '118.3168', '123.7187', '131.4190']
2026-04-30 13:37:26,622 - INFO - ⏳ No improvement. Patience: 3/50
2026-04-30 13:52:19,506 - INFO - [Epoch 174] Train Loss: 0.0177 | LR: 0.000037
2026-04-30 13:52:19,507 - INFO -     >>> Val Avg RMSE (Real): 166.1203
2026-04-30 13:52:19,507 - INFO -     >>> Val MAE Details: ['110.4995', '103.6393', '95.8483', '107.0880', '120.1633', '123.7117', '132.2154']
2026-04-30 13:52:19,507 - INFO - ⏳ No improvement. Patience: 4/50
2026-04-30 14:07:06,081 - INFO - [Epoch 175] Train Loss: 0.0176 | LR: 0.000037
2026-04-30 14:07:06,082 - INFO -     >>> Val Avg RMSE (Real): 167.9313
2026-04-30 14:07:06,082 - INFO -     >>> Val MAE Details: ['114.0945', '110.0514', '104.9426', '109.2129', '120.1113', '123.7633', '126.9689']
2026-04-30 14:07:06,082 - INFO - ⏳ No improvement. Patience: 5/50
2026-04-30 14:21:50,201 - INFO - [Epoch 176] Train Loss: 0.0176 | LR: 0.000036
2026-04-30 14:21:50,202 - INFO -     >>> Val Avg RMSE (Real): 169.0901
2026-04-30 14:21:50,202 - INFO -     >>> Val MAE Details: ['111.6467', '108.3974', '100.9544', '104.7599', '122.0412', '125.3602', '131.0221']
2026-04-30 14:21:50,202 - INFO - ⏳ No improvement. Patience: 6/50
2026-04-30 14:36:39,230 - INFO - [Epoch 177] Train Loss: 0.0177 | LR: 0.000036
2026-04-30 14:36:39,231 - INFO -     >>> Val Avg RMSE (Real): 171.0076
2026-04-30 14:36:39,231 - INFO -     >>> Val MAE Details: ['110.1428', '103.8632', '96.9979', '111.8443', '120.4594', '132.8009', '140.1562']
2026-04-30 14:36:39,231 - INFO - ⏳ No improvement. Patience: 7/50
2026-04-30 14:51:22,720 - INFO - [Epoch 178] Train Loss: 0.0175 | LR: 0.000035
2026-04-30 14:51:22,721 - INFO -     >>> Val Avg RMSE (Real): 174.5818
2026-04-30 14:51:22,721 - INFO -     >>> Val MAE Details: ['115.6529', '106.3023', '104.4793', '125.0020', '123.6788', '132.2902', '136.7275']
2026-04-30 14:51:22,721 - INFO - ⏳ No improvement. Patience: 8/50
2026-04-30 15:06:11,807 - INFO - [Epoch 179] Train Loss: 0.0176 | LR: 0.000035
2026-04-30 15:06:11,808 - INFO -     >>> Val Avg RMSE (Real): 167.1659
2026-04-30 15:06:11,808 - INFO -     >>> Val MAE Details: ['109.0328', '105.2543', '96.4093', '107.4489', '123.0721', '124.8894', '129.1887']
2026-04-30 15:06:11,808 - INFO - ⏳ No improvement. Patience: 9/50
2026-04-30 15:20:59,281 - INFO - [Epoch 180] Train Loss: 0.0176 | LR: 0.000034
2026-04-30 15:20:59,282 - INFO -     >>> Val Avg RMSE (Real): 171.8028
2026-04-30 15:20:59,282 - INFO -     >>> Val MAE Details: ['112.4049', '108.2202', '101.0509', '118.5582', '133.7122', '127.6751', '131.8602']
2026-04-30 15:20:59,282 - INFO - ⏳ No improvement. Patience: 10/50
2026-04-30 15:35:51,302 - INFO - [Epoch 181] Train Loss: 0.0176 | LR: 0.000034
2026-04-30 15:35:51,303 - INFO -     >>> Val Avg RMSE (Real): 172.5384
2026-04-30 15:35:51,303 - INFO -     >>> Val MAE Details: ['112.9462', '105.0231', '94.3860', '113.1747', '121.1931', '127.8430', '144.5832']
2026-04-30 15:35:51,303 - INFO - ⏳ No improvement. Patience: 11/50
2026-04-30 15:50:41,924 - INFO - [Epoch 182] Train Loss: 0.0176 | LR: 0.000033
2026-04-30 15:50:41,925 - INFO -     >>> Val Avg RMSE (Real): 171.0092
2026-04-30 15:50:41,925 - INFO -     >>> Val MAE Details: ['109.3046', '106.3830', '97.7151', '113.8214', '120.9412', '132.3830', '132.4326']
2026-04-30 15:50:41,925 - INFO - ⏳ No improvement. Patience: 12/50
2026-04-30 16:05:32,695 - INFO - [Epoch 183] Train Loss: 0.0176 | LR: 0.000033
2026-04-30 16:05:32,695 - INFO -     >>> Val Avg RMSE (Real): 166.8808
2026-04-30 16:05:32,695 - INFO -     >>> Val MAE Details: ['113.1523', '102.8750', '94.7796', '109.3526', '121.5305', '123.8871', '127.5324']
2026-04-30 16:05:32,696 - INFO - ⏳ No improvement. Patience: 13/50
2026-04-30 16:20:22,104 - INFO - [Epoch 184] Train Loss: 0.0175 | LR: 0.000032
2026-04-30 16:20:22,104 - INFO -     >>> Val Avg RMSE (Real): 170.0258
2026-04-30 16:20:22,105 - INFO -     >>> Val MAE Details: ['110.4790', '105.8951', '96.5502', '112.7896', '123.5724', '126.3167', '137.8897']
2026-04-30 16:20:22,105 - INFO - ⏳ No improvement. Patience: 14/50
2026-04-30 16:34:59,810 - INFO - [Epoch 185] Train Loss: 0.0175 | LR: 0.000032
2026-04-30 16:34:59,811 - INFO -     >>> Val Avg RMSE (Real): 165.0309
2026-04-30 16:34:59,811 - INFO -     >>> Val MAE Details: ['110.6307', '102.6297', '95.4217', '107.1167', '120.5873', '121.9602', '126.6095']
2026-04-30 16:35:01,081 - INFO - 💾 Saved Best Model to ./logs/ED5OE_repr_hybrid_fusion_UniFieldNet_MultiTask7_init_from_ckpt_20260428_113523/best_model.pth
2026-04-30 16:49:46,775 - INFO - [Epoch 186] Train Loss: 0.0176 | LR: 0.000031
2026-04-30 16:49:46,776 - INFO -     >>> Val Avg RMSE (Real): 167.1446
2026-04-30 16:49:46,776 - INFO -     >>> Val MAE Details: ['109.0659', '103.1539', '95.3846', '107.8949', '119.6806', '125.6487', '134.2378']
2026-04-30 16:49:46,776 - INFO - ⏳ No improvement. Patience: 1/50
2026-04-30 17:04:38,186 - INFO - [Epoch 187] Train Loss: 0.0175 | LR: 0.000031
2026-04-30 17:04:38,186 - INFO -     >>> Val Avg RMSE (Real): 169.4397
2026-04-30 17:04:38,186 - INFO -     >>> Val MAE Details: ['109.2666', '103.0243', '97.8140', '111.2491', '123.1049', '127.1937', '128.3481']
2026-04-30 17:04:38,186 - INFO - ⏳ No improvement. Patience: 2/50
2026-04-30 17:19:23,728 - INFO - [Epoch 188] Train Loss: 0.0175 | LR: 0.000030
2026-04-30 17:19:23,729 - INFO -     >>> Val Avg RMSE (Real): 167.6482
2026-04-30 17:19:23,729 - INFO -     >>> Val MAE Details: ['108.7946', '102.8984', '98.8717', '107.9917', '127.1319', '126.0932', '130.4315']
2026-04-30 17:19:23,729 - INFO - ⏳ No improvement. Patience: 3/50
2026-04-30 17:34:08,851 - INFO - [Epoch 189] Train Loss: 0.0174 | LR: 0.000030
2026-04-30 17:34:08,851 - INFO -     >>> Val Avg RMSE (Real): 167.0479
2026-04-30 17:34:08,851 - INFO -     >>> Val MAE Details: ['108.7636', '103.2106', '95.9134', '106.8425', '120.4251', '132.5252', '128.4135']
2026-04-30 17:34:08,852 - INFO - ⏳ No improvement. Patience: 4/50
2026-04-30 17:48:55,105 - INFO - [Epoch 190] Train Loss: 0.0175 | LR: 0.000029
2026-04-30 17:48:55,105 - INFO -     >>> Val Avg RMSE (Real): 167.4326
2026-04-30 17:48:55,105 - INFO -     >>> Val MAE Details: ['115.5173', '102.0597', '96.3765', '108.5133', '122.0713', '124.0223', '125.9555']
2026-04-30 17:48:55,105 - INFO - ⏳ No improvement. Patience: 5/50
2026-04-30 18:03:22,216 - INFO - [Epoch 191] Train Loss: 0.0174 | LR: 0.000029
2026-04-30 18:03:22,217 - INFO -     >>> Val Avg RMSE (Real): 171.1230
2026-04-30 18:03:22,217 - INFO -     >>> Val MAE Details: ['107.1838', '102.1963', '100.6920', '107.2373', '120.3962', '138.1614', '139.7407']
2026-04-30 18:03:22,217 - INFO - ⏳ No improvement. Patience: 6/50
2026-04-30 18:18:13,592 - INFO - [Epoch 192] Train Loss: 0.0174 | LR: 0.000028
2026-04-30 18:18:13,593 - INFO -     >>> Val Avg RMSE (Real): 167.7567
2026-04-30 18:18:13,593 - INFO -     >>> Val MAE Details: ['108.9441', '103.3213', '96.6634', '105.6830', '120.6020', '127.9281', '131.1258']
2026-04-30 18:18:13,593 - INFO - ⏳ No improvement. Patience: 7/50
2026-04-30 18:33:00,293 - INFO - [Epoch 193] Train Loss: 0.0173 | LR: 0.000028
2026-04-30 18:33:00,293 - INFO -     >>> Val Avg RMSE (Real): 165.9910
2026-04-30 18:33:00,293 - INFO -     >>> Val MAE Details: ['108.3298', '102.3253', '95.8402', '108.4594', '120.5776', '127.2635', '128.9781']
2026-04-30 18:33:00,293 - INFO - ⏳ No improvement. Patience: 8/50
2026-04-30 18:46:10,761 - INFO - [Epoch 194] Train Loss: 0.0174 | LR: 0.000027
2026-04-30 18:46:10,761 - INFO -     >>> Val Avg RMSE (Real): 167.1805
2026-04-30 18:46:10,761 - INFO -     >>> Val MAE Details: ['111.1792', '106.0962', '96.5057', '105.0724', '124.0131', '123.8398', '128.3454']
2026-04-30 18:46:10,762 - INFO - ⏳ No improvement. Patience: 9/50
2026-04-30 19:00:59,833 - INFO - [Epoch 195] Train Loss: 0.0174 | LR: 0.000027
2026-04-30 19:00:59,833 - INFO -     >>> Val Avg RMSE (Real): 166.8445
2026-04-30 19:00:59,833 - INFO -     >>> Val MAE Details: ['108.7990', '103.1301', '95.8320', '108.6864', '125.7094', '124.1885', '128.2072']
2026-04-30 19:00:59,834 - INFO - ⏳ No improvement. Patience: 10/50
2026-04-30 19:15:46,620 - INFO - [Epoch 196] Train Loss: 0.0174 | LR: 0.000026
2026-04-30 19:15:46,621 - INFO -     >>> Val Avg RMSE (Real): 167.4900
2026-04-30 19:15:46,621 - INFO -     >>> Val MAE Details: ['111.2269', '106.2562', '98.6476', '105.9839', '120.1610', '123.1659', '128.1838']
2026-04-30 19:15:46,621 - INFO - ⏳ No improvement. Patience: 11/50
2026-04-30 19:30:32,726 - INFO - [Epoch 197] Train Loss: 0.0174 | LR: 0.000026
2026-04-30 19:30:32,726 - INFO -     >>> Val Avg RMSE (Real): 167.2466
2026-04-30 19:30:32,726 - INFO -     >>> Val MAE Details: ['110.1189', '107.3381', '100.1223', '108.1735', '120.4113', '125.9598', '128.2851']
2026-04-30 19:30:32,727 - INFO - ⏳ No improvement. Patience: 12/50
2026-04-30 19:45:11,209 - INFO - [Epoch 198] Train Loss: 0.0173 | LR: 0.000025
2026-04-30 19:45:11,210 - INFO -     >>> Val Avg RMSE (Real): 164.3204
2026-04-30 19:45:11,210 - INFO -     >>> Val MAE Details: ['108.1200', '102.3029', '94.9133', '105.7622', '120.0113', '125.2152', '126.6367']
2026-04-30 19:45:12,410 - INFO - 💾 Saved Best Model to ./logs/ED5OE_repr_hybrid_fusion_UniFieldNet_MultiTask7_init_from_ckpt_20260428_113523/best_model.pth
2026-04-30 20:00:01,350 - INFO - [Epoch 199] Train Loss: 0.0174 | LR: 0.000025
2026-04-30 20:00:01,351 - INFO -     >>> Val Avg RMSE (Real): 174.3459
2026-04-30 20:00:01,351 - INFO -     >>> Val MAE Details: ['110.6896', '103.5490', '105.8380', '113.7001', '130.1147', '134.3421', '142.4842']
2026-04-30 20:00:01,351 - INFO - ⏳ No improvement. Patience: 1/50
2026-04-30 20:14:49,896 - INFO - [Epoch 200] Train Loss: 0.0173 | LR: 0.000025
2026-04-30 20:14:49,896 - INFO -     >>> Val Avg RMSE (Real): 167.5245
2026-04-30 20:14:49,897 - INFO -     >>> Val MAE Details: ['112.8156', '104.1904', '96.8185', '111.2324', '121.2178', '124.1533', '126.9132']
2026-04-30 20:14:49,897 - INFO - ⏳ No improvement. Patience: 2/50
2026-04-30 20:29:46,626 - INFO - [Epoch 201] Train Loss: 0.0174 | LR: 0.000024
2026-04-30 20:29:46,627 - INFO -     >>> Val Avg RMSE (Real): 166.7781
2026-04-30 20:29:46,627 - INFO -     >>> Val MAE Details: ['110.4416', '101.8987', '97.2078', '105.2190', '120.9941', '123.5026', '128.4275']
2026-04-30 20:29:46,627 - INFO - ⏳ No improvement. Patience: 3/50
2026-04-30 20:44:38,128 - INFO - [Epoch 202] Train Loss: 0.0173 | LR: 0.000024
2026-04-30 20:44:38,129 - INFO -     >>> Val Avg RMSE (Real): 167.9387
2026-04-30 20:44:38,129 - INFO -     >>> Val MAE Details: ['113.7776', '102.6952', '95.5000', '107.4729', '120.8297', '124.2981', '133.0098']
2026-04-30 20:44:38,129 - INFO - ⏳ No improvement. Patience: 4/50
2026-04-30 20:59:23,647 - INFO - [Epoch 203] Train Loss: 0.0173 | LR: 0.000023
2026-04-30 20:59:23,647 - INFO -     >>> Val Avg RMSE (Real): 166.7613
2026-04-30 20:59:23,647 - INFO -     >>> Val MAE Details: ['109.5633', '102.1263', '95.7966', '106.4299', '120.4818', '123.6389', '129.0787']
2026-04-30 20:59:23,648 - INFO - ⏳ No improvement. Patience: 5/50
2026-04-30 21:14:11,962 - INFO - [Epoch 204] Train Loss: 0.0173 | LR: 0.000023
2026-04-30 21:14:11,962 - INFO -     >>> Val Avg RMSE (Real): 167.0091
2026-04-30 21:14:11,962 - INFO -     >>> Val MAE Details: ['109.3416', '102.7518', '97.0023', '105.9506', '120.0116', '127.1126', '132.5519']
2026-04-30 21:14:11,963 - INFO - ⏳ No improvement. Patience: 6/50
2026-04-30 21:29:04,082 - INFO - [Epoch 205] Train Loss: 0.0172 | LR: 0.000022
2026-04-30 21:29:04,082 - INFO -     >>> Val Avg RMSE (Real): 168.5684
2026-04-30 21:29:04,082 - INFO -     >>> Val MAE Details: ['108.3746', '106.8673', '96.5059', '112.5380', '123.2514', '125.4909', '128.3024']
2026-04-30 21:29:04,083 - INFO - ⏳ No improvement. Patience: 7/50
2026-04-30 21:43:48,641 - INFO - [Epoch 206] Train Loss: 0.0173 | LR: 0.000022
2026-04-30 21:43:48,642 - INFO -     >>> Val Avg RMSE (Real): 168.5696
2026-04-30 21:43:48,642 - INFO -     >>> Val MAE Details: ['112.9963', '105.9362', '95.2845', '111.6240', '120.9849', '125.4470', '131.1479']
2026-04-30 21:43:48,642 - INFO - ⏳ No improvement. Patience: 8/50
2026-04-30 21:58:35,499 - INFO - [Epoch 207] Train Loss: 0.0172 | LR: 0.000021
2026-04-30 21:58:35,499 - INFO -     >>> Val Avg RMSE (Real): 167.9347
2026-04-30 21:58:35,500 - INFO -     >>> Val MAE Details: ['108.1196', '104.0744', '95.7784', '107.2246', '120.4175', '124.7081', '133.0773']
2026-04-30 21:58:35,500 - INFO - ⏳ No improvement. Patience: 9/50
2026-04-30 22:13:22,028 - INFO - [Epoch 208] Train Loss: 0.0172 | LR: 0.000021
2026-04-30 22:13:22,029 - INFO -     >>> Val Avg RMSE (Real): 165.1189
2026-04-30 22:13:22,029 - INFO -     >>> Val MAE Details: ['107.4793', '101.2341', '94.1582', '106.0730', '120.4910', '123.5624', '129.5249']
2026-04-30 22:13:22,029 - INFO - ⏳ No improvement. Patience: 10/50
2026-04-30 22:28:07,583 - INFO - [Epoch 209] Train Loss: 0.0172 | LR: 0.000021
2026-04-30 22:28:07,584 - INFO -     >>> Val Avg RMSE (Real): 166.3312
2026-04-30 22:28:07,584 - INFO -     >>> Val MAE Details: ['109.0144', '102.4787', '96.5124', '106.1088', '122.5007', '125.2311', '127.5111']
2026-04-30 22:28:07,584 - INFO - ⏳ No improvement. Patience: 11/50
2026-04-30 22:42:53,118 - INFO - [Epoch 210] Train Loss: 0.0172 | LR: 0.000020
2026-04-30 22:42:53,118 - INFO -     >>> Val Avg RMSE (Real): 169.8193
2026-04-30 22:42:53,118 - INFO -     >>> Val MAE Details: ['114.7168', '103.5401', '95.2881', '113.1956', '122.2834', '126.9072', '131.5565']
2026-04-30 22:42:53,119 - INFO - ⏳ No improvement. Patience: 12/50
2026-04-30 22:57:46,001 - INFO - [Epoch 211] Train Loss: 0.0173 | LR: 0.000020
2026-04-30 22:57:46,002 - INFO -     >>> Val Avg RMSE (Real): 165.9581
2026-04-30 22:57:46,002 - INFO -     >>> Val MAE Details: ['108.2832', '103.0281', '94.5952', '105.1519', '118.7484', '125.5611', '130.5829']
2026-04-30 22:57:46,002 - INFO - ⏳ No improvement. Patience: 13/50
2026-04-30 23:12:36,350 - INFO - [Epoch 212] Train Loss: 0.0172 | LR: 0.000019
2026-04-30 23:12:36,351 - INFO -     >>> Val Avg RMSE (Real): 166.1488
2026-04-30 23:12:36,351 - INFO -     >>> Val MAE Details: ['110.3217', '105.1790', '96.0846', '104.0065', '122.9013', '123.4333', '129.4642']
2026-04-30 23:12:36,351 - INFO - ⏳ No improvement. Patience: 14/50
2026-04-30 23:27:28,366 - INFO - [Epoch 213] Train Loss: 0.0172 | LR: 0.000019
2026-04-30 23:27:28,367 - INFO -     >>> Val Avg RMSE (Real): 169.2579
2026-04-30 23:27:28,367 - INFO -     >>> Val MAE Details: ['108.3662', '101.9177', '95.1802', '106.3732', '120.8694', '132.3721', '136.4171']
2026-04-30 23:27:28,367 - INFO - ⏳ No improvement. Patience: 15/50
2026-04-30 23:42:08,538 - INFO - [Epoch 214] Train Loss: 0.0172 | LR: 0.000019
2026-04-30 23:42:08,539 - INFO -     >>> Val Avg RMSE (Real): 168.6361
2026-04-30 23:42:08,539 - INFO -     >>> Val MAE Details: ['108.4359', '103.7746', '95.9586', '113.5991', '120.9217', '126.4095', '133.1663']
2026-04-30 23:42:08,539 - INFO - ⏳ No improvement. Patience: 16/50
2026-04-30 23:56:56,789 - INFO - [Epoch 215] Train Loss: 0.0173 | LR: 0.000018
2026-04-30 23:56:56,789 - INFO -     >>> Val Avg RMSE (Real): 166.5288
2026-04-30 23:56:56,789 - INFO -     >>> Val MAE Details: ['108.9851', '103.2526', '94.0390', '108.6295', '121.5494', '126.4043', '128.5050']
2026-04-30 23:56:56,790 - INFO - ⏳ No improvement. Patience: 17/50
2026-05-01 00:11:45,211 - INFO - [Epoch 216] Train Loss: 0.0173 | LR: 0.000018
2026-05-01 00:11:45,211 - INFO -     >>> Val Avg RMSE (Real): 164.8701
2026-05-01 00:11:45,211 - INFO -     >>> Val MAE Details: ['108.2573', '100.7137', '94.3666', '105.2282', '122.2809', '125.9046', '128.6342']
2026-05-01 00:11:45,211 - INFO - ⏳ No improvement. Patience: 18/50
2026-05-01 00:26:32,775 - INFO - [Epoch 217] Train Loss: 0.0172 | LR: 0.000017
2026-05-01 00:26:32,775 - INFO -     >>> Val Avg RMSE (Real): 168.0952
2026-05-01 00:26:32,775 - INFO -     >>> Val MAE Details: ['109.9130', '109.6481', '99.8504', '106.2294', '121.1765', '125.8079', '132.2399']
2026-05-01 00:26:32,776 - INFO - ⏳ No improvement. Patience: 19/50
2026-05-01 00:41:19,344 - INFO - [Epoch 218] Train Loss: 0.0172 | LR: 0.000017
2026-05-01 00:41:19,344 - INFO -     >>> Val Avg RMSE (Real): 170.6753
2026-05-01 00:41:19,344 - INFO -     >>> Val MAE Details: ['107.8897', '101.5319', '94.1434', '110.0488', '121.7264', '138.2754', '137.3135']
2026-05-01 00:41:19,344 - INFO - ⏳ No improvement. Patience: 20/50
2026-05-01 00:56:06,342 - INFO - [Epoch 219] Train Loss: 0.0172 | LR: 0.000017
2026-05-01 00:56:06,343 - INFO -     >>> Val Avg RMSE (Real): 167.1735
2026-05-01 00:56:06,343 - INFO -     >>> Val MAE Details: ['110.4840', '102.6954', '96.4350', '105.6493', '120.3711', '124.9880', '129.8516']
2026-05-01 00:56:06,343 - INFO - ⏳ No improvement. Patience: 21/50
2026-05-01 01:10:58,586 - INFO - [Epoch 220] Train Loss: 0.0172 | LR: 0.000016
2026-05-01 01:10:58,587 - INFO -     >>> Val Avg RMSE (Real): 165.5844
2026-05-01 01:10:58,587 - INFO -     >>> Val MAE Details: ['108.7390', '102.4200', '95.5552', '105.8294', '119.7236', '125.0769', '129.4636']
2026-05-01 01:10:58,587 - INFO - ⏳ No improvement. Patience: 22/50
2026-05-01 01:25:36,526 - INFO - [Epoch 221] Train Loss: 0.0171 | LR: 0.000016
2026-05-01 01:25:36,527 - INFO -     >>> Val Avg RMSE (Real): 169.3216
2026-05-01 01:25:36,527 - INFO -     >>> Val MAE Details: ['107.9345', '103.1597', '97.6225', '110.6621', '127.3395', '127.3678', '131.7619']
2026-05-01 01:25:36,527 - INFO - ⏳ No improvement. Patience: 23/50
2026-05-01 01:40:27,235 - INFO - [Epoch 222] Train Loss: 0.0171 | LR: 0.000015
2026-05-01 01:40:27,235 - INFO -     >>> Val Avg RMSE (Real): 164.5618
2026-05-01 01:40:27,235 - INFO -     >>> Val MAE Details: ['109.7298', '100.7670', '95.0520', '105.3150', '119.5823', '124.0872', '127.9244']
2026-05-01 01:40:27,236 - INFO - ⏳ No improvement. Patience: 24/50
2026-05-01 01:55:16,425 - INFO - [Epoch 223] Train Loss: 0.0171 | LR: 0.000015
2026-05-01 01:55:16,425 - INFO -     >>> Val Avg RMSE (Real): 167.8670
2026-05-01 01:55:16,426 - INFO -     >>> Val MAE Details: ['108.6128', '102.7931', '97.7836', '112.3575', '121.2477', '126.2021', '130.5769']
2026-05-01 01:55:16,426 - INFO - ⏳ No improvement. Patience: 25/50
2026-05-01 02:10:00,267 - INFO - [Epoch 224] Train Loss: 0.0172 | LR: 0.000015
2026-05-01 02:10:00,267 - INFO -     >>> Val Avg RMSE (Real): 166.6386
2026-05-01 02:10:00,267 - INFO -     >>> Val MAE Details: ['115.9350', '104.3134', '95.6009', '106.9511', '122.9185', '125.7132', '129.0550']
2026-05-01 02:10:00,268 - INFO - ⏳ No improvement. Patience: 26/50
2026-05-01 02:24:49,231 - INFO - [Epoch 225] Train Loss: 0.0172 | LR: 0.000014
2026-05-01 02:24:49,232 - INFO -     >>> Val Avg RMSE (Real): 165.6202
2026-05-01 02:24:49,232 - INFO -     >>> Val MAE Details: ['107.6466', '102.1531', '94.2030', '104.5401', '120.4037', '125.4764', '130.0133']
2026-05-01 02:24:49,232 - INFO - ⏳ No improvement. Patience: 27/50
2026-05-01 02:39:35,674 - INFO - [Epoch 226] Train Loss: 0.0173 | LR: 0.000014
2026-05-01 02:39:35,675 - INFO -     >>> Val Avg RMSE (Real): 166.9237
2026-05-01 02:39:35,675 - INFO -     >>> Val MAE Details: ['112.5123', '103.6231', '94.0418', '106.1612', '119.6486', '125.5929', '130.3242']
2026-05-01 02:39:35,675 - INFO - ⏳ No improvement. Patience: 28/50
2026-05-01 02:54:20,678 - INFO - [Epoch 227] Train Loss: 0.0172 | LR: 0.000014
2026-05-01 02:54:20,679 - INFO -     >>> Val Avg RMSE (Real): 165.4706
2026-05-01 02:54:20,679 - INFO -     >>> Val MAE Details: ['105.9969', '102.2436', '94.1295', '106.7393', '119.7577', '124.8476', '129.0467']
2026-05-01 02:54:20,679 - INFO - ⏳ No improvement. Patience: 29/50
2026-05-01 03:09:10,651 - INFO - [Epoch 228] Train Loss: 0.0171 | LR: 0.000013
2026-05-01 03:09:10,652 - INFO -     >>> Val Avg RMSE (Real): 165.5382
2026-05-01 03:09:10,652 - INFO -     >>> Val MAE Details: ['107.1446', '101.3527', '94.0176', '106.4850', '120.6539', '125.4884', '128.9019']
2026-05-01 03:09:10,652 - INFO - ⏳ No improvement. Patience: 30/50
2026-05-01 03:23:57,879 - INFO - [Epoch 229] Train Loss: 0.0171 | LR: 0.000013
2026-05-01 03:23:57,879 - INFO -     >>> Val Avg RMSE (Real): 168.3873
2026-05-01 03:23:57,879 - INFO -     >>> Val MAE Details: ['109.1258', '102.0192', '94.2214', '111.7856', '122.5733', '128.6655', '131.3403']
2026-05-01 03:23:57,880 - INFO - ⏳ No improvement. Patience: 31/50
2026-05-01 03:38:46,769 - INFO - [Epoch 230] Train Loss: 0.0171 | LR: 0.000012
2026-05-01 03:38:46,769 - INFO -     >>> Val Avg RMSE (Real): 165.6571
2026-05-01 03:38:46,769 - INFO -     >>> Val MAE Details: ['107.6974', '102.9801', '96.9704', '105.7114', '120.1825', '124.4648', '128.7986']
2026-05-01 03:38:46,769 - INFO - ⏳ No improvement. Patience: 32/50
2026-05-01 03:53:38,689 - INFO - [Epoch 231] Train Loss: 0.0171 | LR: 0.000012
2026-05-01 03:53:38,689 - INFO -     >>> Val Avg RMSE (Real): 168.8275
2026-05-01 03:53:38,690 - INFO -     >>> Val MAE Details: ['109.3725', '103.8055', '96.6511', '110.2713', '121.4003', '127.6296', '132.8512']
2026-05-01 03:53:38,690 - INFO - ⏳ No improvement. Patience: 33/50
2026-05-01 04:08:31,395 - INFO - [Epoch 232] Train Loss: 0.0171 | LR: 0.000012
2026-05-01 04:08:31,396 - INFO -     >>> Val Avg RMSE (Real): 166.0501
2026-05-01 04:08:31,396 - INFO -     >>> Val MAE Details: ['108.0557', '102.0369', '94.1371', '107.0595', '123.2466', '124.1073', '128.2912']
2026-05-01 04:08:31,396 - INFO - ⏳ No improvement. Patience: 34/50
2026-05-01 04:23:20,195 - INFO - [Epoch 233] Train Loss: 0.0171 | LR: 0.000011
2026-05-01 04:23:20,195 - INFO -     >>> Val Avg RMSE (Real): 167.1068
2026-05-01 04:23:20,196 - INFO -     >>> Val MAE Details: ['108.2082', '102.4493', '94.7270', '112.6901', '124.3199', '125.0833', '130.1198']
2026-05-01 04:23:20,196 - INFO - ⏳ No improvement. Patience: 35/50
2026-05-01 04:37:52,925 - INFO - [Epoch 234] Train Loss: 0.0170 | LR: 0.000011
2026-05-01 04:37:52,926 - INFO -     >>> Val Avg RMSE (Real): 166.5052
2026-05-01 04:37:52,926 - INFO -     >>> Val MAE Details: ['107.8788', '101.4401', '95.2081', '106.3409', '119.5563', '124.6488', '129.6821']
2026-05-01 04:37:52,926 - INFO - ⏳ No improvement. Patience: 36/50
2026-05-01 04:52:40,595 - INFO - [Epoch 235] Train Loss: 0.0171 | LR: 0.000011
2026-05-01 04:52:40,596 - INFO -     >>> Val Avg RMSE (Real): 166.3356
2026-05-01 04:52:40,596 - INFO -     >>> Val MAE Details: ['107.5624', '101.7957', '94.3023', '106.0242', '120.5209', '126.0907', '131.1726']
2026-05-01 04:52:40,596 - INFO - ⏳ No improvement. Patience: 37/50
2026-05-01 05:07:27,694 - INFO - [Epoch 236] Train Loss: 0.0171 | LR: 0.000010
2026-05-01 05:07:27,695 - INFO -     >>> Val Avg RMSE (Real): 166.4326
2026-05-01 05:07:27,703 - INFO -     >>> Val MAE Details: ['112.3998', '104.4506', '94.8648', '106.9221', '120.6057', '122.7958', '127.5284']
2026-05-01 05:07:27,703 - INFO - ⏳ No improvement. Patience: 38/50
2026-05-01 05:22:15,887 - INFO - [Epoch 237] Train Loss: 0.0171 | LR: 0.000010
2026-05-01 05:22:15,888 - INFO -     >>> Val Avg RMSE (Real): 167.6604
2026-05-01 05:22:15,888 - INFO -     >>> Val MAE Details: ['107.9566', '102.5326', '93.8820', '107.3803', '122.1028', '125.9584', '131.5166']
2026-05-01 05:22:15,888 - INFO - ⏳ No improvement. Patience: 39/50
2026-05-01 05:37:07,786 - INFO - [Epoch 238] Train Loss: 0.0170 | LR: 0.000010
2026-05-01 05:37:07,786 - INFO -     >>> Val Avg RMSE (Real): 165.8067
2026-05-01 05:37:07,786 - INFO -     >>> Val MAE Details: ['108.4447', '102.1714', '94.3086', '105.4453', '120.8993', '124.7497', '129.1687']
2026-05-01 05:37:07,787 - INFO - ⏳ No improvement. Patience: 40/50
2026-05-01 05:51:55,582 - INFO - [Epoch 239] Train Loss: 0.0170 | LR: 0.000010
2026-05-01 05:51:55,583 - INFO -     >>> Val Avg RMSE (Real): 169.6938
2026-05-01 05:51:55,583 - INFO -     >>> Val MAE Details: ['108.8692', '101.8608', '94.5661', '108.1258', '124.9286', '131.6098', '134.2079']
2026-05-01 05:51:55,583 - INFO - ⏳ No improvement. Patience: 41/50
2026-05-01 06:06:19,514 - INFO - [Epoch 240] Train Loss: 0.0170 | LR: 0.000009
2026-05-01 06:06:19,514 - INFO -     >>> Val Avg RMSE (Real): 165.9137
2026-05-01 06:06:19,514 - INFO -     >>> Val MAE Details: ['108.7248', '101.7297', '94.5120', '108.4788', '120.4421', '123.5676', '128.2580']
2026-05-01 06:06:19,514 - INFO - ⏳ No improvement. Patience: 42/50
2026-05-01 06:21:08,242 - INFO - [Epoch 241] Train Loss: 0.0170 | LR: 0.000009
2026-05-01 06:21:08,243 - INFO -     >>> Val Avg RMSE (Real): 168.1610
2026-05-01 06:21:08,243 - INFO -     >>> Val MAE Details: ['108.5156', '101.4373', '94.6012', '106.0260', '120.5390', '129.4708', '138.3452']
2026-05-01 06:21:08,243 - INFO - ⏳ No improvement. Patience: 43/50
2026-05-01 06:35:51,274 - INFO - [Epoch 242] Train Loss: 0.0170 | LR: 0.000009
2026-05-01 06:35:51,274 - INFO -     >>> Val Avg RMSE (Real): 168.2189
2026-05-01 06:35:51,274 - INFO -     >>> Val MAE Details: ['110.4783', '104.5852', '94.4115', '109.1339', '122.4575', '126.1105', '130.2887']
2026-05-01 06:35:51,275 - INFO - ⏳ No improvement. Patience: 44/50
2026-05-01 06:50:37,560 - INFO - [Epoch 243] Train Loss: 0.0169 | LR: 0.000008
2026-05-01 06:50:37,560 - INFO -     >>> Val Avg RMSE (Real): 165.5338
2026-05-01 06:50:37,560 - INFO -     >>> Val MAE Details: ['107.5657', '101.4300', '94.1442', '106.6155', '119.9512', '125.0371', '128.3692']
2026-05-01 06:50:37,561 - INFO - ⏳ No improvement. Patience: 45/50
2026-05-01 07:05:27,577 - INFO - [Epoch 244] Train Loss: 0.0169 | LR: 0.000008
2026-05-01 07:05:27,577 - INFO -     >>> Val Avg RMSE (Real): 167.5107
2026-05-01 07:05:27,577 - INFO -     >>> Val MAE Details: ['107.6224', '101.5016', '93.7622', '107.0799', '121.6825', '126.9772', '133.9560']
2026-05-01 07:05:27,577 - INFO - ⏳ No improvement. Patience: 46/50
2026-05-01 07:20:15,681 - INFO - [Epoch 245] Train Loss: 0.0169 | LR: 0.000008
2026-05-01 07:20:15,681 - INFO -     >>> Val Avg RMSE (Real): 167.8766
2026-05-01 07:20:15,681 - INFO -     >>> Val MAE Details: ['107.2239', '102.0692', '94.6968', '108.2225', '121.9302', '128.2717', '132.5577']
2026-05-01 07:20:15,681 - INFO - ⏳ No improvement. Patience: 47/50
2026-05-01 07:35:01,817 - INFO - [Epoch 246] Train Loss: 0.0170 | LR: 0.000008
2026-05-01 07:35:01,818 - INFO -     >>> Val Avg RMSE (Real): 166.3845
2026-05-01 07:35:01,818 - INFO -     >>> Val MAE Details: ['107.9058', '101.6992', '94.0216', '105.8408', '120.9401', '125.5545', '130.1550']
2026-05-01 07:35:01,818 - INFO - ⏳ No improvement. Patience: 48/50
2026-05-01 07:49:44,399 - INFO - [Epoch 247] Train Loss: 0.0169 | LR: 0.000007
2026-05-01 07:49:44,399 - INFO -     >>> Val Avg RMSE (Real): 166.2864
2026-05-01 07:49:44,400 - INFO -     >>> Val MAE Details: ['106.9836', '102.3450', '94.3578', '104.7931', '120.0405', '125.2614', '130.8564']
2026-05-01 07:49:44,400 - INFO - ⏳ No improvement. Patience: 49/50
2026-05-01 08:04:32,337 - INFO - [Epoch 248] Train Loss: 0.0169 | LR: 0.000007
2026-05-01 08:04:32,337 - INFO -     >>> Val Avg RMSE (Real): 165.7558
2026-05-01 08:04:32,338 - INFO -     >>> Val MAE Details: ['107.6960', '102.3841', '93.4646', '105.9795', '120.7420', '124.1461', '129.3195']
2026-05-01 08:04:32,338 - INFO - ⏳ No improvement. Patience: 50/50
2026-05-01 08:04:32,338 - INFO - 🛑 Early Stopping triggered! Best RMSE: 164.3204
