2026-05-04 00:09:12,801 - INFO - 💾 Config files backed up to ./logs/QM9_repr_hybrid_fusion_UniFieldNet_NoDist_Task1_20260504_000912
2026-05-04 00:09:12,802 - INFO - 🎯 Multi-Task Targets (1): ['mu_mD']
2026-05-04 00:09:12,802 - INFO - ========================================
2026-05-04 00:09:12,802 - INFO -         Training Configuration        
2026-05-04 00:09:12,802 - INFO - ========================================
2026-05-04 00:09:12,803 - INFO - 
{'data': {'dataset_mode': 'repr_hybrid_fusion',
          'grid_size': 0.1,
          'max_radius': 5.0,
          'pkl_path': '../data/qm9/qm9_ed_1024_multi_prop_Bohr.pkl',
          'targets': ['mu_mD']},
 'model': {'equiformer_args': {'basis_type': 'gaussian',
                               'fc_neurons': [128, 128],
                               'irreps_feature': '512x0e',
                               'irreps_head': '64x0e+32x1e+16x2e',
                               'irreps_in': '5x0e',
                               'irreps_node_attr': '1x0e',
                               'irreps_node_embedding': '128x0e+64x1e+32x2e',
                               'irreps_sh': '1x0e+1x1o+1x2e+1x3o',
                               'max_radius': 10.0,
                               'num_heads': 8,
                               'num_layers': 4,
                               'number_of_basis': 256,
                               'output_dim': 64},
           'head_input_dim': 64,
           'name': 'UniFieldNet_NoDist',
           'ptv3_args': {'dec_channels': [64, 64, 128, 256],
                         'enc_channels': [32, 64, 128, 256, 512],
                         'enc_depths': [2, 2, 2, 6, 2],
                         'in_channels': 1,
                         'patch_size': 64}},
 'train': {'batch_size': 48,
           'epochs': 200,
           'grad_norm_clip': 1.0,
           'lr': 0.0001,
           'patience': 50,
           'seed': 2025,
           'weight_decay': 0.0001}}
2026-05-04 00:09:12,803 - INFO - ========================================

2026-05-04 00:09:12,803 - INFO - 🚀 Start Training on Device: cuda
2026-05-04 00:09:12,803 - INFO - Loading Data...
2026-05-04 00:09:12,803 - INFO - Loading Dataset Mode: repr_hybrid_fusion...
2026-05-04 00:09:18,262 - INFO - Stats - Mean: [[2705.5706]], Std: [[1530.8763]]
2026-05-04 00:09:18,263 - INFO - Building Model: UniFieldNet_NoDist...
2026-05-04 00:09:29,130 - INFO - Total Parameters: 49.6489 M

2026-05-04 00:40:45,303 - INFO - [Epoch 1] Train Loss: 0.1988 | LR: 0.000100
2026-05-04 00:40:45,303 - INFO -     >>> Val Avg RMSE (Real): 387.5645
2026-05-04 00:40:45,303 - INFO -     >>> Val MAE Details: ['248.3920']
2026-05-04 00:40:45,978 - INFO - 💾 Saved Best Model to ./logs/QM9_repr_hybrid_fusion_UniFieldNet_NoDist_Task1_20260504_000912/best_model.pth
2026-05-04 01:10:33,028 - INFO - [Epoch 2] Train Loss: 0.0726 | LR: 0.000100
2026-05-04 01:10:33,029 - INFO -     >>> Val Avg RMSE (Real): 322.6274
2026-05-04 01:10:33,029 - INFO -     >>> Val MAE Details: ['191.2187']
2026-05-04 01:10:33,823 - INFO - 💾 Saved Best Model to ./logs/QM9_repr_hybrid_fusion_UniFieldNet_NoDist_Task1_20260504_000912/best_model.pth
2026-05-04 01:36:47,986 - INFO - [Epoch 3] Train Loss: 0.0516 | LR: 0.000100
2026-05-04 01:36:47,987 - INFO -     >>> Val Avg RMSE (Real): 423.9645
2026-05-04 01:36:47,987 - INFO -     >>> Val MAE Details: ['308.2427']
2026-05-04 01:36:47,987 - INFO - ⏳ No improvement. Patience: 1/50
2026-05-04 02:10:03,928 - INFO - [Epoch 4] Train Loss: 0.0437 | LR: 0.000100
2026-05-04 02:10:03,929 - INFO -     >>> Val Avg RMSE (Real): 289.7550
2026-05-04 02:10:03,929 - INFO -     >>> Val MAE Details: ['181.2818']
2026-05-04 02:10:04,879 - INFO - 💾 Saved Best Model to ./logs/QM9_repr_hybrid_fusion_UniFieldNet_NoDist_Task1_20260504_000912/best_model.pth
2026-05-04 02:43:02,387 - INFO - [Epoch 5] Train Loss: 0.0390 | LR: 0.000100
2026-05-04 02:43:02,388 - INFO -     >>> Val Avg RMSE (Real): 278.2059
2026-05-04 02:43:02,388 - INFO -     >>> Val MAE Details: ['191.3977']
2026-05-04 02:43:03,339 - INFO - 💾 Saved Best Model to ./logs/QM9_repr_hybrid_fusion_UniFieldNet_NoDist_Task1_20260504_000912/best_model.pth
2026-05-04 03:16:06,008 - INFO - [Epoch 6] Train Loss: 0.0332 | LR: 0.000100
2026-05-04 03:16:06,008 - INFO -     >>> Val Avg RMSE (Real): 255.2469
2026-05-04 03:16:06,008 - INFO -     >>> Val MAE Details: ['140.2768']
2026-05-04 03:16:06,965 - INFO - 💾 Saved Best Model to ./logs/QM9_repr_hybrid_fusion_UniFieldNet_NoDist_Task1_20260504_000912/best_model.pth
2026-05-04 03:47:25,693 - INFO - [Epoch 7] Train Loss: 0.0312 | LR: 0.000100
2026-05-04 03:47:25,694 - INFO -     >>> Val Avg RMSE (Real): 233.2873
2026-05-04 03:47:25,694 - INFO -     >>> Val MAE Details: ['150.5054']
2026-05-04 03:47:26,642 - INFO - 💾 Saved Best Model to ./logs/QM9_repr_hybrid_fusion_UniFieldNet_NoDist_Task1_20260504_000912/best_model.pth
2026-05-04 04:10:24,061 - INFO - [Epoch 8] Train Loss: 0.0285 | LR: 0.000100
2026-05-04 04:10:24,062 - INFO -     >>> Val Avg RMSE (Real): 233.3722
2026-05-04 04:10:24,062 - INFO -     >>> Val MAE Details: ['145.0392']
2026-05-04 04:10:24,062 - INFO - ⏳ No improvement. Patience: 1/50
2026-05-04 04:33:21,276 - INFO - [Epoch 9] Train Loss: 0.0269 | LR: 0.000100
2026-05-04 04:33:21,276 - INFO -     >>> Val Avg RMSE (Real): 222.9284
2026-05-04 04:33:21,276 - INFO -     >>> Val MAE Details: ['129.9209']
2026-05-04 04:33:22,339 - INFO - 💾 Saved Best Model to ./logs/QM9_repr_hybrid_fusion_UniFieldNet_NoDist_Task1_20260504_000912/best_model.pth
2026-05-04 04:56:20,088 - INFO - [Epoch 10] Train Loss: 0.0256 | LR: 0.000099
2026-05-04 04:56:20,089 - INFO -     >>> Val Avg RMSE (Real): 202.5626
2026-05-04 04:56:20,089 - INFO -     >>> Val MAE Details: ['116.8506']
2026-05-04 04:56:21,031 - INFO - 💾 Saved Best Model to ./logs/QM9_repr_hybrid_fusion_UniFieldNet_NoDist_Task1_20260504_000912/best_model.pth
2026-05-04 05:19:16,861 - INFO - [Epoch 11] Train Loss: 0.0250 | LR: 0.000099
2026-05-04 05:19:16,861 - INFO -     >>> Val Avg RMSE (Real): 232.2674
2026-05-04 05:19:16,862 - INFO -     >>> Val MAE Details: ['127.0463']
2026-05-04 05:19:16,862 - INFO - ⏳ No improvement. Patience: 1/50
2026-05-04 05:42:02,824 - INFO - [Epoch 12] Train Loss: 0.0240 | LR: 0.000099
2026-05-04 05:42:02,825 - INFO -     >>> Val Avg RMSE (Real): 219.7814
2026-05-04 05:42:02,825 - INFO -     >>> Val MAE Details: ['135.9824']
2026-05-04 05:42:02,825 - INFO - ⏳ No improvement. Patience: 2/50
2026-05-04 06:05:02,096 - INFO - [Epoch 13] Train Loss: 0.0224 | LR: 0.000099
2026-05-04 06:05:02,096 - INFO -     >>> Val Avg RMSE (Real): 229.3646
2026-05-04 06:05:02,097 - INFO -     >>> Val MAE Details: ['144.6552']
2026-05-04 06:05:02,097 - INFO - ⏳ No improvement. Patience: 3/50
2026-05-04 06:27:59,242 - INFO - [Epoch 14] Train Loss: 0.0211 | LR: 0.000099
2026-05-04 06:27:59,243 - INFO -     >>> Val Avg RMSE (Real): 236.8592
2026-05-04 06:27:59,243 - INFO -     >>> Val MAE Details: ['154.7680']
2026-05-04 06:27:59,243 - INFO - ⏳ No improvement. Patience: 4/50
2026-05-04 06:50:58,714 - INFO - [Epoch 15] Train Loss: 0.0217 | LR: 0.000099
2026-05-04 06:50:58,714 - INFO -     >>> Val Avg RMSE (Real): 220.9232
2026-05-04 06:50:58,714 - INFO -     >>> Val MAE Details: ['126.7425']
2026-05-04 06:50:58,714 - INFO - ⏳ No improvement. Patience: 5/50
2026-05-04 07:13:56,284 - INFO - [Epoch 16] Train Loss: 0.0200 | LR: 0.000098
2026-05-04 07:13:56,284 - INFO -     >>> Val Avg RMSE (Real): 211.1188
2026-05-04 07:13:56,284 - INFO -     >>> Val MAE Details: ['131.4681']
2026-05-04 07:13:56,285 - INFO - ⏳ No improvement. Patience: 6/50
2026-05-04 07:36:52,614 - INFO - [Epoch 17] Train Loss: 0.0202 | LR: 0.000098
2026-05-04 07:36:52,614 - INFO -     >>> Val Avg RMSE (Real): 216.7270
2026-05-04 07:36:52,614 - INFO -     >>> Val MAE Details: ['136.5763']
2026-05-04 07:36:52,614 - INFO - ⏳ No improvement. Patience: 7/50
2026-05-04 07:59:50,161 - INFO - [Epoch 18] Train Loss: 0.0199 | LR: 0.000098
2026-05-04 07:59:50,162 - INFO -     >>> Val Avg RMSE (Real): 194.5692
2026-05-04 07:59:50,162 - INFO -     >>> Val MAE Details: ['111.6730']
2026-05-04 07:59:51,080 - INFO - 💾 Saved Best Model to ./logs/QM9_repr_hybrid_fusion_UniFieldNet_NoDist_Task1_20260504_000912/best_model.pth
2026-05-04 08:22:50,151 - INFO - [Epoch 19] Train Loss: 0.0193 | LR: 0.000098
2026-05-04 08:22:50,152 - INFO -     >>> Val Avg RMSE (Real): 188.2484
2026-05-04 08:22:50,152 - INFO -     >>> Val MAE Details: ['107.3321']
2026-05-04 08:22:51,098 - INFO - 💾 Saved Best Model to ./logs/QM9_repr_hybrid_fusion_UniFieldNet_NoDist_Task1_20260504_000912/best_model.pth
2026-05-04 08:45:47,036 - INFO - [Epoch 20] Train Loss: 0.0183 | LR: 0.000098
2026-05-04 08:45:47,037 - INFO -     >>> Val Avg RMSE (Real): 201.6261
2026-05-04 08:45:47,037 - INFO -     >>> Val MAE Details: ['112.9292']
2026-05-04 08:45:47,037 - INFO - ⏳ No improvement. Patience: 1/50
2026-05-04 09:08:43,256 - INFO - [Epoch 21] Train Loss: 0.0177 | LR: 0.000097
2026-05-04 09:08:43,257 - INFO -     >>> Val Avg RMSE (Real): 196.3222
2026-05-04 09:08:43,257 - INFO -     >>> Val MAE Details: ['108.9702']
2026-05-04 09:08:43,257 - INFO - ⏳ No improvement. Patience: 2/50
2026-05-04 09:31:40,125 - INFO - [Epoch 22] Train Loss: 0.0185 | LR: 0.000097
2026-05-04 09:31:40,126 - INFO -     >>> Val Avg RMSE (Real): 207.9068
2026-05-04 09:31:40,126 - INFO -     >>> Val MAE Details: ['115.2768']
2026-05-04 09:31:40,126 - INFO - ⏳ No improvement. Patience: 3/50
2026-05-04 09:54:40,093 - INFO - [Epoch 23] Train Loss: 0.0175 | LR: 0.000097
2026-05-04 09:54:40,094 - INFO -     >>> Val Avg RMSE (Real): 183.9914
2026-05-04 09:54:40,094 - INFO -     >>> Val MAE Details: ['105.6402']
2026-05-04 09:54:41,025 - INFO - 💾 Saved Best Model to ./logs/QM9_repr_hybrid_fusion_UniFieldNet_NoDist_Task1_20260504_000912/best_model.pth
2026-05-04 10:26:22,889 - INFO - [Epoch 24] Train Loss: 0.0169 | LR: 0.000096
2026-05-04 10:26:22,890 - INFO -     >>> Val Avg RMSE (Real): 189.0558
2026-05-04 10:26:22,890 - INFO -     >>> Val MAE Details: ['105.0437']
2026-05-04 10:26:22,890 - INFO - ⏳ No improvement. Patience: 1/50
2026-05-04 10:59:39,729 - INFO - [Epoch 25] Train Loss: 0.0166 | LR: 0.000096
2026-05-04 10:59:39,729 - INFO -     >>> Val Avg RMSE (Real): 177.2782
2026-05-04 10:59:39,730 - INFO -     >>> Val MAE Details: ['102.7907']
2026-05-04 10:59:41,084 - INFO - 💾 Saved Best Model to ./logs/QM9_repr_hybrid_fusion_UniFieldNet_NoDist_Task1_20260504_000912/best_model.pth
2026-05-04 11:32:57,593 - INFO - [Epoch 26] Train Loss: 0.0164 | LR: 0.000096
2026-05-04 11:32:57,594 - INFO -     >>> Val Avg RMSE (Real): 191.5222
2026-05-04 11:32:57,594 - INFO -     >>> Val MAE Details: ['113.5605']
2026-05-04 11:32:57,594 - INFO - ⏳ No improvement. Patience: 1/50
2026-05-04 12:06:14,638 - INFO - [Epoch 27] Train Loss: 0.0162 | LR: 0.000096
2026-05-04 12:06:14,639 - INFO -     >>> Val Avg RMSE (Real): 213.8459
2026-05-04 12:06:14,639 - INFO -     >>> Val MAE Details: ['109.4728']
2026-05-04 12:06:14,639 - INFO - ⏳ No improvement. Patience: 2/50
2026-05-04 12:30:39,981 - INFO - [Epoch 28] Train Loss: 0.0162 | LR: 0.000095
2026-05-04 12:30:39,982 - INFO -     >>> Val Avg RMSE (Real): 168.0727
2026-05-04 12:30:39,982 - INFO -     >>> Val MAE Details: ['101.6291']
2026-05-04 12:30:40,932 - INFO - 💾 Saved Best Model to ./logs/QM9_repr_hybrid_fusion_UniFieldNet_NoDist_Task1_20260504_000912/best_model.pth
2026-05-04 12:55:49,051 - INFO - [Epoch 29] Train Loss: 0.0157 | LR: 0.000095
2026-05-04 12:55:49,051 - INFO -     >>> Val Avg RMSE (Real): 178.3225
2026-05-04 12:55:49,052 - INFO -     >>> Val MAE Details: ['111.2927']
2026-05-04 12:55:49,052 - INFO - ⏳ No improvement. Patience: 1/50
2026-05-04 13:29:16,714 - INFO - [Epoch 30] Train Loss: 0.0153 | LR: 0.000095
2026-05-04 13:29:16,714 - INFO -     >>> Val Avg RMSE (Real): 202.3794
2026-05-04 13:29:16,714 - INFO -     >>> Val MAE Details: ['136.2452']
2026-05-04 13:29:16,715 - INFO - ⏳ No improvement. Patience: 2/50
2026-05-04 14:02:39,894 - INFO - [Epoch 31] Train Loss: 0.0150 | LR: 0.000094
2026-05-04 14:02:39,895 - INFO -     >>> Val Avg RMSE (Real): 168.4305
2026-05-04 14:02:39,895 - INFO -     >>> Val MAE Details: ['96.2199']
2026-05-04 14:02:39,895 - INFO - ⏳ No improvement. Patience: 3/50
2026-05-04 14:36:09,693 - INFO - [Epoch 32] Train Loss: 0.0149 | LR: 0.000094
2026-05-04 14:36:09,694 - INFO -     >>> Val Avg RMSE (Real): 199.5940
2026-05-04 14:36:09,694 - INFO -     >>> Val MAE Details: ['106.4146']
2026-05-04 14:36:09,694 - INFO - ⏳ No improvement. Patience: 4/50
2026-05-04 15:07:31,241 - INFO - [Epoch 33] Train Loss: 0.0147 | LR: 0.000093
2026-05-04 15:07:31,242 - INFO -     >>> Val Avg RMSE (Real): 179.6055
2026-05-04 15:07:31,242 - INFO -     >>> Val MAE Details: ['95.5449']
2026-05-04 15:07:31,242 - INFO - ⏳ No improvement. Patience: 5/50
2026-05-04 15:30:28,931 - INFO - [Epoch 34] Train Loss: 0.0150 | LR: 0.000093
2026-05-04 15:30:28,932 - INFO -     >>> Val Avg RMSE (Real): 177.3525
2026-05-04 15:30:28,932 - INFO -     >>> Val MAE Details: ['100.6273']
2026-05-04 15:30:28,932 - INFO - ⏳ No improvement. Patience: 6/50
2026-05-04 15:53:27,048 - INFO - [Epoch 35] Train Loss: 0.0140 | LR: 0.000093
2026-05-04 15:53:27,048 - INFO -     >>> Val Avg RMSE (Real): 186.9986
2026-05-04 15:53:27,049 - INFO -     >>> Val MAE Details: ['116.3134']
2026-05-04 15:53:27,049 - INFO - ⏳ No improvement. Patience: 7/50
2026-05-04 16:16:23,342 - INFO - [Epoch 36] Train Loss: 0.0141 | LR: 0.000092
2026-05-04 16:16:23,343 - INFO -     >>> Val Avg RMSE (Real): 182.9652
2026-05-04 16:16:23,343 - INFO -     >>> Val MAE Details: ['109.5536']
2026-05-04 16:16:23,343 - INFO - ⏳ No improvement. Patience: 8/50
2026-05-04 16:44:28,428 - INFO - [Epoch 37] Train Loss: 0.0142 | LR: 0.000092
2026-05-04 16:44:28,428 - INFO -     >>> Val Avg RMSE (Real): 165.4349
2026-05-04 16:44:28,428 - INFO -     >>> Val MAE Details: ['95.2780']
2026-05-04 16:44:29,396 - INFO - 💾 Saved Best Model to ./logs/QM9_repr_hybrid_fusion_UniFieldNet_NoDist_Task1_20260504_000912/best_model.pth
2026-05-04 17:17:40,508 - INFO - [Epoch 38] Train Loss: 0.0139 | LR: 0.000091
2026-05-04 17:17:40,509 - INFO -     >>> Val Avg RMSE (Real): 174.9813
2026-05-04 17:17:40,509 - INFO -     >>> Val MAE Details: ['111.4577']
2026-05-04 17:17:40,509 - INFO - ⏳ No improvement. Patience: 1/50
2026-05-04 17:50:51,209 - INFO - [Epoch 39] Train Loss: 0.0139 | LR: 0.000091
2026-05-04 17:50:51,209 - INFO -     >>> Val Avg RMSE (Real): 186.5710
2026-05-04 17:50:51,209 - INFO -     >>> Val MAE Details: ['114.4967']
2026-05-04 17:50:51,210 - INFO - ⏳ No improvement. Patience: 2/50
2026-05-04 18:24:08,620 - INFO - [Epoch 40] Train Loss: 0.0141 | LR: 0.000090
2026-05-04 18:24:08,620 - INFO -     >>> Val Avg RMSE (Real): 166.2522
2026-05-04 18:24:08,620 - INFO -     >>> Val MAE Details: ['94.3707']
2026-05-04 18:24:08,621 - INFO - ⏳ No improvement. Patience: 3/50
2026-05-04 18:52:44,801 - INFO - [Epoch 41] Train Loss: 0.0132 | LR: 0.000090
2026-05-04 18:52:44,802 - INFO -     >>> Val Avg RMSE (Real): 204.6960
2026-05-04 18:52:44,802 - INFO -     >>> Val MAE Details: ['110.1715']
2026-05-04 18:52:44,802 - INFO - ⏳ No improvement. Patience: 4/50
2026-05-04 19:17:51,801 - INFO - [Epoch 42] Train Loss: 0.0132 | LR: 0.000090
2026-05-04 19:17:51,801 - INFO -     >>> Val Avg RMSE (Real): 159.5825
2026-05-04 19:17:51,801 - INFO -     >>> Val MAE Details: ['93.2363']
2026-05-04 19:17:52,913 - INFO - 💾 Saved Best Model to ./logs/QM9_repr_hybrid_fusion_UniFieldNet_NoDist_Task1_20260504_000912/best_model.pth
2026-05-04 19:42:52,991 - INFO - [Epoch 43] Train Loss: 0.0129 | LR: 0.000089
2026-05-04 19:42:52,992 - INFO -     >>> Val Avg RMSE (Real): 169.5945
2026-05-04 19:42:52,992 - INFO -     >>> Val MAE Details: ['102.2650']
2026-05-04 19:42:52,992 - INFO - ⏳ No improvement. Patience: 1/50
2026-05-04 20:12:21,591 - INFO - [Epoch 44] Train Loss: 0.0127 | LR: 0.000089
2026-05-04 20:12:21,592 - INFO -     >>> Val Avg RMSE (Real): 170.7111
2026-05-04 20:12:21,592 - INFO -     >>> Val MAE Details: ['96.2600']
2026-05-04 20:12:21,592 - INFO - ⏳ No improvement. Patience: 2/50
2026-05-04 20:42:20,339 - INFO - [Epoch 45] Train Loss: 0.0130 | LR: 0.000088
2026-05-04 20:42:20,340 - INFO -     >>> Val Avg RMSE (Real): 161.0332
2026-05-04 20:42:20,340 - INFO -     >>> Val MAE Details: ['97.1480']
2026-05-04 20:42:20,340 - INFO - ⏳ No improvement. Patience: 3/50
2026-05-04 21:06:55,914 - INFO - [Epoch 46] Train Loss: 0.0127 | LR: 0.000088
2026-05-04 21:06:55,914 - INFO -     >>> Val Avg RMSE (Real): 185.0612
2026-05-04 21:06:55,915 - INFO -     >>> Val MAE Details: ['104.3009']
2026-05-04 21:06:55,915 - INFO - ⏳ No improvement. Patience: 4/50
2026-05-04 21:36:00,257 - INFO - [Epoch 47] Train Loss: 0.0126 | LR: 0.000087
2026-05-04 21:36:00,257 - INFO -     >>> Val Avg RMSE (Real): 157.7649
2026-05-04 21:36:00,257 - INFO -     >>> Val MAE Details: ['89.7211']
2026-05-04 21:36:01,578 - INFO - 💾 Saved Best Model to ./logs/QM9_repr_hybrid_fusion_UniFieldNet_NoDist_Task1_20260504_000912/best_model.pth
2026-05-04 21:58:57,244 - INFO - [Epoch 48] Train Loss: 0.0125 | LR: 0.000086
2026-05-04 21:58:57,245 - INFO -     >>> Val Avg RMSE (Real): 150.2854
2026-05-04 21:58:57,245 - INFO -     >>> Val MAE Details: ['90.4396']
2026-05-04 21:58:58,357 - INFO - 💾 Saved Best Model to ./logs/QM9_repr_hybrid_fusion_UniFieldNet_NoDist_Task1_20260504_000912/best_model.pth
2026-05-04 22:27:31,071 - INFO - [Epoch 49] Train Loss: 0.0125 | LR: 0.000086
2026-05-04 22:27:31,072 - INFO -     >>> Val Avg RMSE (Real): 174.5841
2026-05-04 22:27:31,072 - INFO -     >>> Val MAE Details: ['91.8629']
2026-05-04 22:27:31,072 - INFO - ⏳ No improvement. Patience: 1/50
2026-05-04 22:54:47,043 - INFO - [Epoch 50] Train Loss: 0.0121 | LR: 0.000085
2026-05-04 22:54:47,044 - INFO -     >>> Val Avg RMSE (Real): 161.7139
2026-05-04 22:54:47,044 - INFO -     >>> Val MAE Details: ['97.5779']
2026-05-04 22:54:47,044 - INFO - ⏳ No improvement. Patience: 2/50
2026-05-04 23:24:29,799 - INFO - [Epoch 51] Train Loss: 0.0119 | LR: 0.000085
2026-05-04 23:24:29,800 - INFO -     >>> Val Avg RMSE (Real): 186.6300
2026-05-04 23:24:29,800 - INFO -     >>> Val MAE Details: ['94.7164']
2026-05-04 23:24:29,800 - INFO - ⏳ No improvement. Patience: 3/50
2026-05-04 23:58:15,464 - INFO - [Epoch 52] Train Loss: 0.0122 | LR: 0.000084
2026-05-04 23:58:15,465 - INFO -     >>> Val Avg RMSE (Real): 193.9853
2026-05-04 23:58:15,465 - INFO -     >>> Val MAE Details: ['93.4330']
2026-05-04 23:58:15,465 - INFO - ⏳ No improvement. Patience: 4/50
2026-05-05 00:32:06,235 - INFO - [Epoch 53] Train Loss: 0.0118 | LR: 0.000084
2026-05-05 00:32:06,236 - INFO -     >>> Val Avg RMSE (Real): 148.7908
2026-05-05 00:32:06,236 - INFO -     >>> Val MAE Details: ['89.8191']
2026-05-05 00:32:07,245 - INFO - 💾 Saved Best Model to ./logs/QM9_repr_hybrid_fusion_UniFieldNet_NoDist_Task1_20260504_000912/best_model.pth
2026-05-05 01:05:48,711 - INFO - [Epoch 54] Train Loss: 0.0117 | LR: 0.000083
2026-05-05 01:05:48,712 - INFO -     >>> Val Avg RMSE (Real): 151.0826
2026-05-05 01:05:48,712 - INFO -     >>> Val MAE Details: ['87.9561']
2026-05-05 01:05:48,712 - INFO - ⏳ No improvement. Patience: 1/50
2026-05-05 01:39:25,407 - INFO - [Epoch 55] Train Loss: 0.0120 | LR: 0.000082
2026-05-05 01:39:25,408 - INFO -     >>> Val Avg RMSE (Real): 145.3811
2026-05-05 01:39:25,408 - INFO -     >>> Val MAE Details: ['87.9054']
2026-05-05 01:39:26,595 - INFO - 💾 Saved Best Model to ./logs/QM9_repr_hybrid_fusion_UniFieldNet_NoDist_Task1_20260504_000912/best_model.pth
2026-05-05 02:13:12,552 - INFO - [Epoch 56] Train Loss: 0.0116 | LR: 0.000082
2026-05-05 02:13:12,552 - INFO -     >>> Val Avg RMSE (Real): 164.6057
2026-05-05 02:13:12,552 - INFO -     >>> Val MAE Details: ['86.9652']
2026-05-05 02:13:12,552 - INFO - ⏳ No improvement. Patience: 1/50
2026-05-05 02:47:07,083 - INFO - [Epoch 57] Train Loss: 0.0116 | LR: 0.000081
2026-05-05 02:47:07,084 - INFO -     >>> Val Avg RMSE (Real): 155.7455
2026-05-05 02:47:07,084 - INFO -     >>> Val MAE Details: ['89.1446']
2026-05-05 02:47:07,084 - INFO - ⏳ No improvement. Patience: 2/50
2026-05-05 03:20:26,520 - INFO - [Epoch 58] Train Loss: 0.0116 | LR: 0.000081
2026-05-05 03:20:26,521 - INFO -     >>> Val Avg RMSE (Real): 148.8403
2026-05-05 03:20:26,521 - INFO -     >>> Val MAE Details: ['86.3026']
2026-05-05 03:20:26,521 - INFO - ⏳ No improvement. Patience: 3/50
2026-05-05 03:43:28,159 - INFO - [Epoch 59] Train Loss: 0.0111 | LR: 0.000080
2026-05-05 03:43:28,159 - INFO -     >>> Val Avg RMSE (Real): 172.2002
2026-05-05 03:43:28,159 - INFO -     >>> Val MAE Details: ['112.9691']
2026-05-05 03:43:28,160 - INFO - ⏳ No improvement. Patience: 4/50
2026-05-05 04:06:12,697 - INFO - [Epoch 60] Train Loss: 0.0110 | LR: 0.000079
2026-05-05 04:06:12,698 - INFO -     >>> Val Avg RMSE (Real): 145.6748
2026-05-05 04:06:12,698 - INFO -     >>> Val MAE Details: ['89.6571']
2026-05-05 04:06:12,698 - INFO - ⏳ No improvement. Patience: 5/50
2026-05-05 04:29:05,669 - INFO - [Epoch 61] Train Loss: 0.0112 | LR: 0.000079
2026-05-05 04:29:05,670 - INFO -     >>> Val Avg RMSE (Real): 143.5823
2026-05-05 04:29:05,670 - INFO -     >>> Val MAE Details: ['87.2525']
2026-05-05 04:29:06,744 - INFO - 💾 Saved Best Model to ./logs/QM9_repr_hybrid_fusion_UniFieldNet_NoDist_Task1_20260504_000912/best_model.pth
2026-05-05 04:51:57,193 - INFO - [Epoch 62] Train Loss: 0.0109 | LR: 0.000078
2026-05-05 04:51:57,194 - INFO -     >>> Val Avg RMSE (Real): 151.0386
2026-05-05 04:51:57,194 - INFO -     >>> Val MAE Details: ['97.5854']
2026-05-05 04:51:57,194 - INFO - ⏳ No improvement. Patience: 1/50
2026-05-05 05:14:52,550 - INFO - [Epoch 63] Train Loss: 0.0108 | LR: 0.000077
2026-05-05 05:14:52,551 - INFO -     >>> Val Avg RMSE (Real): 166.6695
2026-05-05 05:14:52,551 - INFO -     >>> Val MAE Details: ['93.5234']
2026-05-05 05:14:52,551 - INFO - ⏳ No improvement. Patience: 2/50
2026-05-05 05:37:49,292 - INFO - [Epoch 64] Train Loss: 0.0105 | LR: 0.000077
2026-05-05 05:37:49,293 - INFO -     >>> Val Avg RMSE (Real): 147.4369
2026-05-05 05:37:49,293 - INFO -     >>> Val MAE Details: ['87.9520']
2026-05-05 05:37:49,293 - INFO - ⏳ No improvement. Patience: 3/50
2026-05-05 06:00:43,055 - INFO - [Epoch 65] Train Loss: 0.0109 | LR: 0.000076
2026-05-05 06:00:43,056 - INFO -     >>> Val Avg RMSE (Real): 159.9073
2026-05-05 06:00:43,056 - INFO -     >>> Val MAE Details: ['100.3914']
2026-05-05 06:00:43,056 - INFO - ⏳ No improvement. Patience: 4/50
2026-05-05 06:23:28,338 - INFO - [Epoch 66] Train Loss: 0.0106 | LR: 0.000075
2026-05-05 06:23:28,339 - INFO -     >>> Val Avg RMSE (Real): 149.9952
2026-05-05 06:23:28,339 - INFO -     >>> Val MAE Details: ['85.1908']
2026-05-05 06:23:28,339 - INFO - ⏳ No improvement. Patience: 5/50
2026-05-05 06:46:24,477 - INFO - [Epoch 67] Train Loss: 0.0106 | LR: 0.000075
2026-05-05 06:46:24,477 - INFO -     >>> Val Avg RMSE (Real): 138.8127
2026-05-05 06:46:24,478 - INFO -     >>> Val MAE Details: ['83.8536']
2026-05-05 06:46:25,415 - INFO - 💾 Saved Best Model to ./logs/QM9_repr_hybrid_fusion_UniFieldNet_NoDist_Task1_20260504_000912/best_model.pth
2026-05-05 07:09:20,374 - INFO - [Epoch 68] Train Loss: 0.0104 | LR: 0.000074
2026-05-05 07:09:20,375 - INFO -     >>> Val Avg RMSE (Real): 150.4641
2026-05-05 07:09:20,375 - INFO -     >>> Val MAE Details: ['91.3081']
2026-05-05 07:09:20,375 - INFO - ⏳ No improvement. Patience: 1/50
2026-05-05 07:32:13,078 - INFO - [Epoch 69] Train Loss: 0.0104 | LR: 0.000073
2026-05-05 07:32:13,078 - INFO -     >>> Val Avg RMSE (Real): 153.6125
2026-05-05 07:32:13,078 - INFO -     >>> Val MAE Details: ['89.6509']
2026-05-05 07:32:13,079 - INFO - ⏳ No improvement. Patience: 2/50
2026-05-05 07:55:09,120 - INFO - [Epoch 70] Train Loss: 0.0102 | LR: 0.000073
2026-05-05 07:55:09,120 - INFO -     >>> Val Avg RMSE (Real): 145.5636
2026-05-05 07:55:09,120 - INFO -     >>> Val MAE Details: ['87.2148']
2026-05-05 07:55:09,120 - INFO - ⏳ No improvement. Patience: 3/50
2026-05-05 08:18:02,385 - INFO - [Epoch 71] Train Loss: 0.0104 | LR: 0.000072
2026-05-05 08:18:02,386 - INFO -     >>> Val Avg RMSE (Real): 138.2787
2026-05-05 08:18:02,386 - INFO -     >>> Val MAE Details: ['82.3335']
2026-05-05 08:18:03,221 - INFO - 💾 Saved Best Model to ./logs/QM9_repr_hybrid_fusion_UniFieldNet_NoDist_Task1_20260504_000912/best_model.pth
2026-05-05 08:40:57,387 - INFO - [Epoch 72] Train Loss: 0.0101 | LR: 0.000071
2026-05-05 08:40:57,388 - INFO -     >>> Val Avg RMSE (Real): 145.7217
2026-05-05 08:40:57,388 - INFO -     >>> Val MAE Details: ['89.3576']
2026-05-05 08:40:57,388 - INFO - ⏳ No improvement. Patience: 1/50
2026-05-05 09:03:53,637 - INFO - [Epoch 73] Train Loss: 0.0100 | LR: 0.000071
2026-05-05 09:03:53,638 - INFO -     >>> Val Avg RMSE (Real): 143.8081
2026-05-05 09:03:53,638 - INFO -     >>> Val MAE Details: ['80.7482']
2026-05-05 09:03:53,638 - INFO - ⏳ No improvement. Patience: 2/50
2026-05-05 09:26:48,806 - INFO - [Epoch 74] Train Loss: 0.0101 | LR: 0.000070
2026-05-05 09:26:48,807 - INFO -     >>> Val Avg RMSE (Real): 162.4114
2026-05-05 09:26:48,807 - INFO -     >>> Val MAE Details: ['91.7256']
2026-05-05 09:26:48,807 - INFO - ⏳ No improvement. Patience: 3/50
2026-05-05 09:49:42,154 - INFO - [Epoch 75] Train Loss: 0.0099 | LR: 0.000069
2026-05-05 09:49:42,155 - INFO -     >>> Val Avg RMSE (Real): 134.7186
2026-05-05 09:49:42,155 - INFO -     >>> Val MAE Details: ['82.1446']
2026-05-05 09:49:43,164 - INFO - 💾 Saved Best Model to ./logs/QM9_repr_hybrid_fusion_UniFieldNet_NoDist_Task1_20260504_000912/best_model.pth
2026-05-05 10:12:38,871 - INFO - [Epoch 76] Train Loss: 0.0096 | LR: 0.000068
2026-05-05 10:12:38,871 - INFO -     >>> Val Avg RMSE (Real): 146.9203
2026-05-05 10:12:38,871 - INFO -     >>> Val MAE Details: ['85.3548']
2026-05-05 10:12:38,872 - INFO - ⏳ No improvement. Patience: 1/50
2026-05-05 10:35:30,546 - INFO - [Epoch 77] Train Loss: 0.0099 | LR: 0.000068
2026-05-05 10:35:30,547 - INFO -     >>> Val Avg RMSE (Real): 161.0250
2026-05-05 10:35:30,547 - INFO -     >>> Val MAE Details: ['97.7962']
2026-05-05 10:35:30,547 - INFO - ⏳ No improvement. Patience: 2/50
2026-05-05 11:00:44,971 - INFO - [Epoch 78] Train Loss: 0.0099 | LR: 0.000067
2026-05-05 11:00:44,972 - INFO -     >>> Val Avg RMSE (Real): 142.5910
2026-05-05 11:00:44,972 - INFO -     >>> Val MAE Details: ['86.5607']
2026-05-05 11:00:44,972 - INFO - ⏳ No improvement. Patience: 3/50
2026-05-05 11:34:16,056 - INFO - [Epoch 79] Train Loss: 0.0096 | LR: 0.000066
2026-05-05 11:34:16,056 - INFO -     >>> Val Avg RMSE (Real): 150.8942
2026-05-05 11:34:16,057 - INFO -     >>> Val MAE Details: ['93.0064']
2026-05-05 11:34:16,057 - INFO - ⏳ No improvement. Patience: 4/50
2026-05-05 12:07:47,098 - INFO - [Epoch 80] Train Loss: 0.0096 | LR: 0.000065
2026-05-05 12:07:47,099 - INFO -     >>> Val Avg RMSE (Real): 147.2538
2026-05-05 12:07:47,099 - INFO -     >>> Val MAE Details: ['91.7780']
2026-05-05 12:07:47,099 - INFO - ⏳ No improvement. Patience: 5/50
2026-05-05 12:41:32,775 - INFO - [Epoch 81] Train Loss: 0.0096 | LR: 0.000065
2026-05-05 12:41:32,776 - INFO -     >>> Val Avg RMSE (Real): 144.2351
2026-05-05 12:41:32,776 - INFO -     >>> Val MAE Details: ['85.9054']
2026-05-05 12:41:32,776 - INFO - ⏳ No improvement. Patience: 6/50
2026-05-05 13:14:59,241 - INFO - [Epoch 82] Train Loss: 0.0092 | LR: 0.000064
2026-05-05 13:14:59,241 - INFO -     >>> Val Avg RMSE (Real): 130.6690
2026-05-05 13:14:59,241 - INFO -     >>> Val MAE Details: ['78.1203']
2026-05-05 13:15:00,330 - INFO - 💾 Saved Best Model to ./logs/QM9_repr_hybrid_fusion_UniFieldNet_NoDist_Task1_20260504_000912/best_model.pth
2026-05-05 13:44:24,869 - INFO - [Epoch 83] Train Loss: 0.0091 | LR: 0.000063
2026-05-05 13:44:24,869 - INFO -     >>> Val Avg RMSE (Real): 142.3260
2026-05-05 13:44:24,869 - INFO -     >>> Val MAE Details: ['86.1848']
2026-05-05 13:44:24,869 - INFO - ⏳ No improvement. Patience: 1/50
2026-05-05 14:17:55,616 - INFO - [Epoch 84] Train Loss: 0.0089 | LR: 0.000062
2026-05-05 14:17:55,617 - INFO -     >>> Val Avg RMSE (Real): 135.4343
2026-05-05 14:17:55,617 - INFO -     >>> Val MAE Details: ['81.0286']
2026-05-05 14:17:55,617 - INFO - ⏳ No improvement. Patience: 2/50
