2026-04-15 09:57:28,629 - INFO - 💾 Config files backed up to ./logs/QM9_repr_atomistic_graph_SchNet_Task4_20260415_095728
2026-04-15 09:57:28,629 - INFO - 🎯 Multi-Task Targets (4): ['alpha_mBohr3', 'r2_mBohr2', 'zpve_meV', 'Cv_mcal']
2026-04-15 09:57:28,629 - INFO - ========================================
2026-04-15 09:57:28,629 - INFO -         Training Configuration        
2026-04-15 09:57:28,629 - INFO - ========================================
2026-04-15 09:57:28,629 - INFO - 
{'data': {'dataset_mode': 'repr_atomistic_graph',
          'grid_size': 0.1,
          'pkl_path': '../data/qm9/qm9_ed_1024_multi_prop_Bohr.pkl',
          'targets': ['alpha_mBohr3', 'r2_mBohr2', 'zpve_meV', 'Cv_mcal']},
 'model': {'cutoff': 10.0,
           'hidden_channels': 128,
           'max_neighbors': 32,
           'n_interactions': 6,
           'n_rbf': 300,
           'name': 'SchNet'},
 'train': {'batch_size': 64,
           'epochs': 200,
           'grad_norm_clip': 1.0,
           'lr': 0.0001,
           'patience': 50,
           'seed': 2025,
           'weight_decay': 0.0001}}
2026-04-15 09:57:28,629 - INFO - ========================================

2026-04-15 09:57:28,629 - INFO - 🚀 Start Training on Device: cuda
2026-04-15 09:57:28,629 - INFO - Loading Data...
2026-04-15 09:57:28,629 - INFO - Loading Dataset Mode: repr_atomistic_graph...
2026-04-15 09:57:34,984 - INFO - Stats - Mean: [[7.5193047e+04 1.1893554e+06 4.0407507e+03 3.1595000e+04]], Std: [[  8191.0356 279721.25      905.7655   4061.693 ]]
2026-04-15 09:57:34,984 - INFO - Building Model: SchNet...
2026-04-15 09:57:36,531 - INFO - Total Parameters: 0.6480 M

2026-04-15 09:58:41,461 - INFO - [Epoch 1] Train Loss: 0.2309 | LR: 0.000100
2026-04-15 09:58:41,461 - INFO -     >>> Val Avg RMSE (Real): 71119.2531
2026-04-15 09:58:41,461 - INFO -     >>> Val MAE Details: ['2286.9600', '102351.4375', '111.6345', '1024.6609']
2026-04-15 09:58:41,486 - INFO - 💾 Saved Best Model to ./logs/QM9_repr_atomistic_graph_SchNet_Task4_20260415_095728/best_model.pth
2026-04-15 09:59:49,782 - INFO - [Epoch 2] Train Loss: 0.1142 | LR: 0.000100
2026-04-15 09:59:49,782 - INFO -     >>> Val Avg RMSE (Real): 49460.5291
2026-04-15 09:59:49,782 - INFO -     >>> Val MAE Details: ['1598.4132', '70971.3281', '72.2300', '744.6060']
2026-04-15 09:59:49,817 - INFO - 💾 Saved Best Model to ./logs/QM9_repr_atomistic_graph_SchNet_Task4_20260415_095728/best_model.pth
2026-04-15 10:00:58,244 - INFO - [Epoch 3] Train Loss: 0.0568 | LR: 0.000100
2026-04-15 10:00:58,245 - INFO -     >>> Val Avg RMSE (Real): 38275.4881
2026-04-15 10:00:58,245 - INFO -     >>> Val MAE Details: ['1354.8774', '53279.9609', '55.7632', '545.5015']
2026-04-15 10:00:58,280 - INFO - 💾 Saved Best Model to ./logs/QM9_repr_atomistic_graph_SchNet_Task4_20260415_095728/best_model.pth
2026-04-15 10:02:03,992 - INFO - [Epoch 4] Train Loss: 0.0404 | LR: 0.000100
2026-04-15 10:02:03,992 - INFO -     >>> Val Avg RMSE (Real): 34104.0554
2026-04-15 10:02:03,993 - INFO -     >>> Val MAE Details: ['1175.5460', '46717.0664', '43.8127', '517.3722']
2026-04-15 10:02:04,028 - INFO - 💾 Saved Best Model to ./logs/QM9_repr_atomistic_graph_SchNet_Task4_20260415_095728/best_model.pth
2026-04-15 10:03:09,896 - INFO - [Epoch 5] Train Loss: 0.0345 | LR: 0.000100
2026-04-15 10:03:09,897 - INFO -     >>> Val Avg RMSE (Real): 31739.6408
2026-04-15 10:03:09,897 - INFO -     >>> Val MAE Details: ['1087.4022', '43167.1250', '35.5146', '560.4554']
2026-04-15 10:03:09,933 - INFO - 💾 Saved Best Model to ./logs/QM9_repr_atomistic_graph_SchNet_Task4_20260415_095728/best_model.pth
2026-04-15 10:04:16,174 - INFO - [Epoch 6] Train Loss: 0.0303 | LR: 0.000100
2026-04-15 10:04:16,174 - INFO -     >>> Val Avg RMSE (Real): 30010.5230
2026-04-15 10:04:16,174 - INFO -     >>> Val MAE Details: ['1080.7433', '40478.2500', '36.3788', '386.9781']
2026-04-15 10:04:16,210 - INFO - 💾 Saved Best Model to ./logs/QM9_repr_atomistic_graph_SchNet_Task4_20260415_095728/best_model.pth
2026-04-15 10:05:22,366 - INFO - [Epoch 7] Train Loss: 0.0275 | LR: 0.000100
2026-04-15 10:05:22,366 - INFO -     >>> Val Avg RMSE (Real): 29495.0876
2026-04-15 10:05:22,366 - INFO -     >>> Val MAE Details: ['1146.1694', '39796.2500', '36.2075', '424.7762']
2026-04-15 10:05:22,402 - INFO - 💾 Saved Best Model to ./logs/QM9_repr_atomistic_graph_SchNet_Task4_20260415_095728/best_model.pth
2026-04-15 10:06:26,252 - INFO - [Epoch 8] Train Loss: 0.0256 | LR: 0.000100
2026-04-15 10:06:26,252 - INFO -     >>> Val Avg RMSE (Real): 28107.4908
2026-04-15 10:06:26,252 - INFO -     >>> Val MAE Details: ['1392.6935', '36984.9492', '29.6099', '488.6629']
2026-04-15 10:06:26,288 - INFO - 💾 Saved Best Model to ./logs/QM9_repr_atomistic_graph_SchNet_Task4_20260415_095728/best_model.pth
2026-04-15 10:07:32,606 - INFO - [Epoch 9] Train Loss: 0.0248 | LR: 0.000100
2026-04-15 10:07:32,606 - INFO -     >>> Val Avg RMSE (Real): 26472.9695
2026-04-15 10:07:32,606 - INFO -     >>> Val MAE Details: ['1181.6461', '34803.7031', '28.6241', '339.9199']
2026-04-15 10:07:32,643 - INFO - 💾 Saved Best Model to ./logs/QM9_repr_atomistic_graph_SchNet_Task4_20260415_095728/best_model.pth
2026-04-15 10:08:38,831 - INFO - [Epoch 10] Train Loss: 0.0232 | LR: 0.000099
2026-04-15 10:08:38,832 - INFO -     >>> Val Avg RMSE (Real): 26799.4878
2026-04-15 10:08:38,832 - INFO -     >>> Val MAE Details: ['902.2375', '39150.9023', '26.6066', '373.9131']
2026-04-15 10:08:38,832 - INFO - ⏳ No improvement. Patience: 1/50
2026-04-15 10:09:45,076 - INFO - [Epoch 11] Train Loss: 0.0218 | LR: 0.000099
2026-04-15 10:09:45,077 - INFO -     >>> Val Avg RMSE (Real): 24315.9747
2026-04-15 10:09:45,077 - INFO -     >>> Val MAE Details: ['889.9019', '31227.5625', '25.7732', '334.4667']
2026-04-15 10:09:45,113 - INFO - 💾 Saved Best Model to ./logs/QM9_repr_atomistic_graph_SchNet_Task4_20260415_095728/best_model.pth
2026-04-15 10:10:51,377 - INFO - [Epoch 12] Train Loss: 0.0207 | LR: 0.000099
2026-04-15 10:10:51,378 - INFO -     >>> Val Avg RMSE (Real): 25080.6813
2026-04-15 10:10:51,378 - INFO -     >>> Val MAE Details: ['1063.5186', '32556.6211', '28.3289', '410.6848']
2026-04-15 10:10:51,378 - INFO - ⏳ No improvement. Patience: 1/50
2026-04-15 10:11:57,653 - INFO - [Epoch 13] Train Loss: 0.0203 | LR: 0.000099
2026-04-15 10:11:57,653 - INFO -     >>> Val Avg RMSE (Real): 24656.9228
2026-04-15 10:11:57,653 - INFO -     >>> Val MAE Details: ['850.6341', '34987.9609', '32.8144', '350.0797']
2026-04-15 10:11:57,653 - INFO - ⏳ No improvement. Patience: 2/50
2026-04-15 10:12:52,394 - INFO - [Epoch 14] Train Loss: 0.0195 | LR: 0.000099
2026-04-15 10:12:52,394 - INFO -     >>> Val Avg RMSE (Real): 22931.7066
2026-04-15 10:12:52,394 - INFO -     >>> Val MAE Details: ['948.7915', '29626.2090', '25.2802', '335.1510']
2026-04-15 10:12:52,430 - INFO - 💾 Saved Best Model to ./logs/QM9_repr_atomistic_graph_SchNet_Task4_20260415_095728/best_model.pth
2026-04-15 10:13:58,827 - INFO - [Epoch 15] Train Loss: 0.0186 | LR: 0.000099
2026-04-15 10:13:58,827 - INFO -     >>> Val Avg RMSE (Real): 24913.6711
2026-04-15 10:13:58,827 - INFO -     >>> Val MAE Details: ['868.1218', '31511.1387', '22.6268', '313.1917']
2026-04-15 10:13:58,827 - INFO - ⏳ No improvement. Patience: 1/50
2026-04-15 10:15:02,666 - INFO - [Epoch 16] Train Loss: 0.0185 | LR: 0.000098
2026-04-15 10:15:02,667 - INFO -     >>> Val Avg RMSE (Real): 22473.0231
2026-04-15 10:15:02,667 - INFO -     >>> Val MAE Details: ['901.4778', '28778.2266', '22.8165', '304.8069']
2026-04-15 10:15:02,703 - INFO - 💾 Saved Best Model to ./logs/QM9_repr_atomistic_graph_SchNet_Task4_20260415_095728/best_model.pth
2026-04-15 10:16:08,613 - INFO - [Epoch 17] Train Loss: 0.0174 | LR: 0.000098
2026-04-15 10:16:08,613 - INFO -     >>> Val Avg RMSE (Real): 22042.4311
2026-04-15 10:16:08,613 - INFO -     >>> Val MAE Details: ['887.2264', '29986.7676', '28.7325', '301.0785']
2026-04-15 10:16:08,649 - INFO - 💾 Saved Best Model to ./logs/QM9_repr_atomistic_graph_SchNet_Task4_20260415_095728/best_model.pth
2026-04-15 10:17:15,406 - INFO - [Epoch 18] Train Loss: 0.0171 | LR: 0.000098
2026-04-15 10:17:15,406 - INFO -     >>> Val Avg RMSE (Real): 22084.1670
2026-04-15 10:17:15,406 - INFO -     >>> Val MAE Details: ['816.7733', '28696.1777', '21.9889', '304.1713']
2026-04-15 10:17:15,406 - INFO - ⏳ No improvement. Patience: 1/50
2026-04-15 10:18:21,806 - INFO - [Epoch 19] Train Loss: 0.0166 | LR: 0.000098
2026-04-15 10:18:21,806 - INFO -     >>> Val Avg RMSE (Real): 21450.2655
2026-04-15 10:18:21,806 - INFO -     >>> Val MAE Details: ['921.2672', '27560.0273', '30.5377', '416.1431']
2026-04-15 10:18:21,842 - INFO - 💾 Saved Best Model to ./logs/QM9_repr_atomistic_graph_SchNet_Task4_20260415_095728/best_model.pth
2026-04-15 10:19:28,239 - INFO - [Epoch 20] Train Loss: 0.0163 | LR: 0.000098
2026-04-15 10:19:28,240 - INFO -     >>> Val Avg RMSE (Real): 21063.0535
2026-04-15 10:19:28,240 - INFO -     >>> Val MAE Details: ['835.0145', '26415.1289', '20.8631', '295.0419']
2026-04-15 10:19:28,266 - INFO - 💾 Saved Best Model to ./logs/QM9_repr_atomistic_graph_SchNet_Task4_20260415_095728/best_model.pth
2026-04-15 10:20:34,635 - INFO - [Epoch 21] Train Loss: 0.0161 | LR: 0.000097
2026-04-15 10:20:34,636 - INFO -     >>> Val Avg RMSE (Real): 21327.7764
2026-04-15 10:20:34,636 - INFO -     >>> Val MAE Details: ['845.6740', '28220.6719', '20.8969', '301.5609']
2026-04-15 10:20:34,636 - INFO - ⏳ No improvement. Patience: 1/50
2026-04-15 10:21:42,658 - INFO - [Epoch 22] Train Loss: 0.0157 | LR: 0.000097
2026-04-15 10:21:42,659 - INFO -     >>> Val Avg RMSE (Real): 20507.7484
2026-04-15 10:21:42,659 - INFO -     >>> Val MAE Details: ['883.9857', '28169.3691', '19.0822', '301.9277']
2026-04-15 10:21:42,695 - INFO - 💾 Saved Best Model to ./logs/QM9_repr_atomistic_graph_SchNet_Task4_20260415_095728/best_model.pth
2026-04-15 10:22:57,806 - INFO - [Epoch 23] Train Loss: 0.0152 | LR: 0.000097
2026-04-15 10:22:57,806 - INFO -     >>> Val Avg RMSE (Real): 20069.1206
2026-04-15 10:22:57,807 - INFO -     >>> Val MAE Details: ['778.7513', '26656.1035', '21.9136', '353.7197']
2026-04-15 10:22:57,834 - INFO - 💾 Saved Best Model to ./logs/QM9_repr_atomistic_graph_SchNet_Task4_20260415_095728/best_model.pth
2026-04-15 10:24:07,596 - INFO - [Epoch 24] Train Loss: 0.0150 | LR: 0.000096
2026-04-15 10:24:07,596 - INFO -     >>> Val Avg RMSE (Real): 19485.1582
2026-04-15 10:24:07,596 - INFO -     >>> Val MAE Details: ['777.1264', '24872.3516', '22.3252', '388.0506']
2026-04-15 10:24:07,632 - INFO - 💾 Saved Best Model to ./logs/QM9_repr_atomistic_graph_SchNet_Task4_20260415_095728/best_model.pth
2026-04-15 10:25:21,771 - INFO - [Epoch 25] Train Loss: 0.0142 | LR: 0.000096
2026-04-15 10:25:21,771 - INFO -     >>> Val Avg RMSE (Real): 21517.1381
2026-04-15 10:25:21,771 - INFO -     >>> Val MAE Details: ['778.4468', '31573.4023', '27.3326', '373.8740']
2026-04-15 10:25:21,771 - INFO - ⏳ No improvement. Patience: 1/50
2026-04-15 10:26:37,077 - INFO - [Epoch 26] Train Loss: 0.0138 | LR: 0.000096
2026-04-15 10:26:37,077 - INFO -     >>> Val Avg RMSE (Real): 19678.1625
2026-04-15 10:26:37,078 - INFO -     >>> Val MAE Details: ['819.2314', '26330.6875', '20.3402', '299.0519']
2026-04-15 10:26:37,078 - INFO - ⏳ No improvement. Patience: 2/50
2026-04-15 10:27:51,906 - INFO - [Epoch 27] Train Loss: 0.0135 | LR: 0.000096
2026-04-15 10:27:51,906 - INFO -     >>> Val Avg RMSE (Real): 19155.1192
2026-04-15 10:27:51,906 - INFO -     >>> Val MAE Details: ['765.1861', '24398.4434', '18.9426', '285.1735']
2026-04-15 10:27:51,937 - INFO - 💾 Saved Best Model to ./logs/QM9_repr_atomistic_graph_SchNet_Task4_20260415_095728/best_model.pth
2026-04-15 10:29:07,310 - INFO - [Epoch 28] Train Loss: 0.0129 | LR: 0.000095
2026-04-15 10:29:07,310 - INFO -     >>> Val Avg RMSE (Real): 19029.1356
2026-04-15 10:29:07,310 - INFO -     >>> Val MAE Details: ['954.9001', '26202.1250', '18.5537', '296.0068']
2026-04-15 10:29:07,342 - INFO - 💾 Saved Best Model to ./logs/QM9_repr_atomistic_graph_SchNet_Task4_20260415_095728/best_model.pth
2026-04-15 10:30:22,394 - INFO - [Epoch 29] Train Loss: 0.0127 | LR: 0.000095
2026-04-15 10:30:22,394 - INFO -     >>> Val Avg RMSE (Real): 17229.1595
2026-04-15 10:30:22,394 - INFO -     >>> Val MAE Details: ['766.3420', '22198.9277', '16.7992', '302.8227']
2026-04-15 10:30:22,426 - INFO - 💾 Saved Best Model to ./logs/QM9_repr_atomistic_graph_SchNet_Task4_20260415_095728/best_model.pth
2026-04-15 10:31:37,942 - INFO - [Epoch 30] Train Loss: 0.0124 | LR: 0.000095
2026-04-15 10:31:37,942 - INFO -     >>> Val Avg RMSE (Real): 19122.8977
2026-04-15 10:31:37,942 - INFO -     >>> Val MAE Details: ['739.8521', '27087.5273', '19.7167', '274.9040']
2026-04-15 10:31:37,942 - INFO - ⏳ No improvement. Patience: 1/50
2026-04-15 10:32:51,745 - INFO - [Epoch 31] Train Loss: 0.0122 | LR: 0.000094
2026-04-15 10:32:51,746 - INFO -     >>> Val Avg RMSE (Real): 18226.9409
2026-04-15 10:32:51,746 - INFO -     >>> Val MAE Details: ['858.5470', '23249.7988', '30.4353', '386.5616']
2026-04-15 10:32:51,746 - INFO - ⏳ No improvement. Patience: 2/50
2026-04-15 10:34:07,257 - INFO - [Epoch 32] Train Loss: 0.0119 | LR: 0.000094
2026-04-15 10:34:07,257 - INFO -     >>> Val Avg RMSE (Real): 16930.3250
2026-04-15 10:34:07,257 - INFO -     >>> Val MAE Details: ['704.0191', '22619.8164', '16.6440', '252.6848']
2026-04-15 10:34:07,288 - INFO - 💾 Saved Best Model to ./logs/QM9_repr_atomistic_graph_SchNet_Task4_20260415_095728/best_model.pth
2026-04-15 10:35:16,302 - INFO - [Epoch 33] Train Loss: 0.0118 | LR: 0.000093
2026-04-15 10:35:16,302 - INFO -     >>> Val Avg RMSE (Real): 19203.4005
2026-04-15 10:35:16,302 - INFO -     >>> Val MAE Details: ['707.3954', '28277.4277', '18.8900', '270.7045']
2026-04-15 10:35:16,302 - INFO - ⏳ No improvement. Patience: 1/50
2026-04-15 10:36:31,751 - INFO - [Epoch 34] Train Loss: 0.0116 | LR: 0.000093
2026-04-15 10:36:31,751 - INFO -     >>> Val Avg RMSE (Real): 17270.9486
2026-04-15 10:36:31,751 - INFO -     >>> Val MAE Details: ['683.6575', '23720.8535', '16.7068', '258.1010']
2026-04-15 10:36:31,751 - INFO - ⏳ No improvement. Patience: 2/50
2026-04-15 10:37:46,748 - INFO - [Epoch 35] Train Loss: 0.0116 | LR: 0.000093
2026-04-15 10:37:46,748 - INFO -     >>> Val Avg RMSE (Real): 16465.9251
2026-04-15 10:37:46,748 - INFO -     >>> Val MAE Details: ['743.3043', '21546.4941', '16.8134', '244.7918']
2026-04-15 10:37:46,780 - INFO - 💾 Saved Best Model to ./logs/QM9_repr_atomistic_graph_SchNet_Task4_20260415_095728/best_model.pth
2026-04-15 10:39:02,147 - INFO - [Epoch 36] Train Loss: 0.0114 | LR: 0.000092
2026-04-15 10:39:02,147 - INFO -     >>> Val Avg RMSE (Real): 19046.0310
2026-04-15 10:39:02,147 - INFO -     >>> Val MAE Details: ['807.5994', '25611.2930', '27.1561', '263.2695']
2026-04-15 10:39:02,147 - INFO - ⏳ No improvement. Patience: 1/50
2026-04-15 10:40:12,733 - INFO - [Epoch 37] Train Loss: 0.0110 | LR: 0.000092
2026-04-15 10:40:12,733 - INFO -     >>> Val Avg RMSE (Real): 16210.7120
2026-04-15 10:40:12,733 - INFO -     >>> Val MAE Details: ['760.8321', '20956.9004', '16.3103', '242.4817']
2026-04-15 10:40:12,765 - INFO - 💾 Saved Best Model to ./logs/QM9_repr_atomistic_graph_SchNet_Task4_20260415_095728/best_model.pth
2026-04-15 10:41:28,184 - INFO - [Epoch 38] Train Loss: 0.0109 | LR: 0.000091
2026-04-15 10:41:28,184 - INFO -     >>> Val Avg RMSE (Real): 16934.3542
2026-04-15 10:41:28,184 - INFO -     >>> Val MAE Details: ['679.7886', '21422.1172', '19.0090', '240.7838']
2026-04-15 10:41:28,184 - INFO - ⏳ No improvement. Patience: 1/50
2026-04-15 10:42:43,695 - INFO - [Epoch 39] Train Loss: 0.0107 | LR: 0.000091
2026-04-15 10:42:43,695 - INFO -     >>> Val Avg RMSE (Real): 17308.2981
2026-04-15 10:42:43,695 - INFO -     >>> Val MAE Details: ['741.6191', '23299.5488', '17.5772', '250.2969']
2026-04-15 10:42:43,695 - INFO - ⏳ No improvement. Patience: 2/50
2026-04-15 10:43:58,908 - INFO - [Epoch 40] Train Loss: 0.0105 | LR: 0.000090
2026-04-15 10:43:58,908 - INFO -     >>> Val Avg RMSE (Real): 17064.0600
2026-04-15 10:43:58,908 - INFO -     >>> Val MAE Details: ['670.4965', '23535.4746', '21.4755', '316.5256']
2026-04-15 10:43:58,908 - INFO - ⏳ No improvement. Patience: 3/50
2026-04-15 10:45:13,127 - INFO - [Epoch 41] Train Loss: 0.0105 | LR: 0.000090
2026-04-15 10:45:13,127 - INFO -     >>> Val Avg RMSE (Real): 15338.1876
2026-04-15 10:45:13,127 - INFO -     >>> Val MAE Details: ['662.6810', '20043.5195', '16.5978', '258.8011']
2026-04-15 10:45:13,159 - INFO - 💾 Saved Best Model to ./logs/QM9_repr_atomistic_graph_SchNet_Task4_20260415_095728/best_model.pth
2026-04-15 10:46:21,764 - INFO - [Epoch 42] Train Loss: 0.0103 | LR: 0.000090
2026-04-15 10:46:21,764 - INFO -     >>> Val Avg RMSE (Real): 16941.8639
2026-04-15 10:46:21,764 - INFO -     >>> Val MAE Details: ['685.5882', '23792.0625', '17.4419', '264.0195']
2026-04-15 10:46:21,764 - INFO - ⏳ No improvement. Patience: 1/50
2026-04-15 10:47:37,233 - INFO - [Epoch 43] Train Loss: 0.0102 | LR: 0.000089
2026-04-15 10:47:37,233 - INFO -     >>> Val Avg RMSE (Real): 16288.7932
2026-04-15 10:47:37,233 - INFO -     >>> Val MAE Details: ['747.9182', '22534.8984', '16.0624', '259.8871']
2026-04-15 10:47:37,233 - INFO - ⏳ No improvement. Patience: 2/50
2026-04-15 10:48:52,925 - INFO - [Epoch 44] Train Loss: 0.0101 | LR: 0.000089
2026-04-15 10:48:52,925 - INFO -     >>> Val Avg RMSE (Real): 15270.7826
2026-04-15 10:48:52,925 - INFO -     >>> Val MAE Details: ['653.1236', '20237.2090', '15.6290', '224.4077']
2026-04-15 10:48:52,957 - INFO - 💾 Saved Best Model to ./logs/QM9_repr_atomistic_graph_SchNet_Task4_20260415_095728/best_model.pth
2026-04-15 10:50:08,046 - INFO - [Epoch 45] Train Loss: 0.0099 | LR: 0.000088
2026-04-15 10:50:08,047 - INFO -     >>> Val Avg RMSE (Real): 17004.2254
2026-04-15 10:50:08,047 - INFO -     >>> Val MAE Details: ['699.9482', '21942.0410', '19.4424', '245.5059']
2026-04-15 10:50:08,047 - INFO - ⏳ No improvement. Patience: 1/50
2026-04-15 10:51:22,799 - INFO - [Epoch 46] Train Loss: 0.0099 | LR: 0.000088
2026-04-15 10:51:22,800 - INFO -     >>> Val Avg RMSE (Real): 16252.1162
2026-04-15 10:51:22,800 - INFO -     >>> Val MAE Details: ['726.3167', '22483.7246', '16.3256', '246.1702']
2026-04-15 10:51:22,800 - INFO - ⏳ No improvement. Patience: 2/50
2026-04-15 10:52:37,813 - INFO - [Epoch 47] Train Loss: 0.0098 | LR: 0.000087
2026-04-15 10:52:37,814 - INFO -     >>> Val Avg RMSE (Real): 15298.0224
2026-04-15 10:52:37,814 - INFO -     >>> Val MAE Details: ['639.8337', '20178.5586', '15.2523', '230.0282']
2026-04-15 10:52:37,814 - INFO - ⏳ No improvement. Patience: 3/50
2026-04-15 10:53:53,306 - INFO - [Epoch 48] Train Loss: 0.0096 | LR: 0.000086
2026-04-15 10:53:53,307 - INFO -     >>> Val Avg RMSE (Real): 14674.6524
2026-04-15 10:53:53,307 - INFO -     >>> Val MAE Details: ['630.3015', '19135.6797', '20.6419', '257.8617']
2026-04-15 10:53:53,339 - INFO - 💾 Saved Best Model to ./logs/QM9_repr_atomistic_graph_SchNet_Task4_20260415_095728/best_model.pth
2026-04-15 10:55:08,948 - INFO - [Epoch 49] Train Loss: 0.0095 | LR: 0.000086
2026-04-15 10:55:08,949 - INFO -     >>> Val Avg RMSE (Real): 15849.2973
2026-04-15 10:55:08,949 - INFO -     >>> Val MAE Details: ['696.4930', '20572.6309', '18.2622', '227.6271']
2026-04-15 10:55:08,949 - INFO - ⏳ No improvement. Patience: 1/50
2026-04-15 10:56:20,259 - INFO - [Epoch 50] Train Loss: 0.0094 | LR: 0.000085
2026-04-15 10:56:20,260 - INFO -     >>> Val Avg RMSE (Real): 16873.2622
2026-04-15 10:56:20,260 - INFO -     >>> Val MAE Details: ['649.9844', '21336.3906', '23.2106', '233.5976']
2026-04-15 10:56:20,260 - INFO - ⏳ No improvement. Patience: 2/50
2026-04-15 10:57:29,029 - INFO - [Epoch 51] Train Loss: 0.0094 | LR: 0.000085
2026-04-15 10:57:29,030 - INFO -     >>> Val Avg RMSE (Real): 16592.8688
2026-04-15 10:57:29,030 - INFO -     >>> Val MAE Details: ['713.1494', '20999.5117', '21.4673', '248.0844']
2026-04-15 10:57:29,030 - INFO - ⏳ No improvement. Patience: 3/50
2026-04-15 10:58:42,728 - INFO - [Epoch 52] Train Loss: 0.0093 | LR: 0.000084
2026-04-15 10:58:42,729 - INFO -     >>> Val Avg RMSE (Real): 15765.4300
2026-04-15 10:58:42,729 - INFO -     >>> Val MAE Details: ['663.3984', '21974.0957', '15.7323', '255.0080']
2026-04-15 10:58:42,729 - INFO - ⏳ No improvement. Patience: 4/50
2026-04-15 10:59:57,842 - INFO - [Epoch 53] Train Loss: 0.0091 | LR: 0.000084
2026-04-15 10:59:57,842 - INFO -     >>> Val Avg RMSE (Real): 14816.6074
2026-04-15 10:59:57,842 - INFO -     >>> Val MAE Details: ['685.8994', '19232.4590', '19.5334', '274.2713']
2026-04-15 10:59:57,842 - INFO - ⏳ No improvement. Patience: 5/50
2026-04-15 11:01:12,430 - INFO - [Epoch 54] Train Loss: 0.0091 | LR: 0.000083
2026-04-15 11:01:12,431 - INFO -     >>> Val Avg RMSE (Real): 18145.4647
2026-04-15 11:01:12,431 - INFO -     >>> Val MAE Details: ['673.0335', '24648.1465', '16.0380', '226.3643']
2026-04-15 11:01:12,431 - INFO - ⏳ No improvement. Patience: 6/50
2026-04-15 11:02:26,786 - INFO - [Epoch 55] Train Loss: 0.0091 | LR: 0.000082
2026-04-15 11:02:26,786 - INFO -     >>> Val Avg RMSE (Real): 19622.8047
2026-04-15 11:02:26,786 - INFO -     >>> Val MAE Details: ['621.7542', '30402.9277', '15.2427', '208.7691']
2026-04-15 11:02:26,786 - INFO - ⏳ No improvement. Patience: 7/50
2026-04-15 11:03:41,509 - INFO - [Epoch 56] Train Loss: 0.0090 | LR: 0.000082
2026-04-15 11:03:41,509 - INFO -     >>> Val Avg RMSE (Real): 15501.0601
2026-04-15 11:03:41,509 - INFO -     >>> Val MAE Details: ['608.0215', '21452.0625', '21.3991', '461.9351']
2026-04-15 11:03:41,509 - INFO - ⏳ No improvement. Patience: 8/50
2026-04-15 11:04:56,678 - INFO - [Epoch 57] Train Loss: 0.0088 | LR: 0.000081
2026-04-15 11:04:56,678 - INFO -     >>> Val Avg RMSE (Real): 14574.5817
2026-04-15 11:04:56,678 - INFO -     >>> Val MAE Details: ['677.5311', '19133.0352', '24.4925', '286.9008']
2026-04-15 11:04:56,700 - INFO - 💾 Saved Best Model to ./logs/QM9_repr_atomistic_graph_SchNet_Task4_20260415_095728/best_model.pth
2026-04-15 11:06:11,159 - INFO - [Epoch 58] Train Loss: 0.0088 | LR: 0.000081
2026-04-15 11:06:11,159 - INFO -     >>> Val Avg RMSE (Real): 15694.4077
2026-04-15 11:06:11,159 - INFO -     >>> Val MAE Details: ['654.4514', '21376.1445', '15.0938', '238.9664']
2026-04-15 11:06:11,159 - INFO - ⏳ No improvement. Patience: 1/50
2026-04-15 11:07:25,866 - INFO - [Epoch 59] Train Loss: 0.0087 | LR: 0.000080
2026-04-15 11:07:25,866 - INFO -     >>> Val Avg RMSE (Real): 15142.6724
2026-04-15 11:07:25,866 - INFO -     >>> Val MAE Details: ['634.6055', '19861.0449', '15.1501', '213.7881']
2026-04-15 11:07:25,866 - INFO - ⏳ No improvement. Patience: 2/50
2026-04-15 11:08:34,963 - INFO - [Epoch 60] Train Loss: 0.0088 | LR: 0.000079
2026-04-15 11:08:34,963 - INFO -     >>> Val Avg RMSE (Real): 13840.6104
2026-04-15 11:08:34,963 - INFO -     >>> Val MAE Details: ['628.5573', '17977.7871', '14.6861', '228.1884']
2026-04-15 11:08:34,995 - INFO - 💾 Saved Best Model to ./logs/QM9_repr_atomistic_graph_SchNet_Task4_20260415_095728/best_model.pth
2026-04-15 11:09:49,825 - INFO - [Epoch 61] Train Loss: 0.0086 | LR: 0.000079
2026-04-15 11:09:49,825 - INFO -     >>> Val Avg RMSE (Real): 14865.5618
2026-04-15 11:09:49,825 - INFO -     >>> Val MAE Details: ['623.9761', '19000.1230', '16.0021', '213.6696']
2026-04-15 11:09:49,825 - INFO - ⏳ No improvement. Patience: 1/50
2026-04-15 11:11:05,258 - INFO - [Epoch 62] Train Loss: 0.0086 | LR: 0.000078
2026-04-15 11:11:05,258 - INFO -     >>> Val Avg RMSE (Real): 16009.7370
2026-04-15 11:11:05,258 - INFO -     >>> Val MAE Details: ['639.4382', '22612.4570', '14.6689', '249.7150']
2026-04-15 11:11:05,258 - INFO - ⏳ No improvement. Patience: 2/50
2026-04-15 11:12:20,595 - INFO - [Epoch 63] Train Loss: 0.0086 | LR: 0.000077
2026-04-15 11:12:20,595 - INFO -     >>> Val Avg RMSE (Real): 14766.1554
2026-04-15 11:12:20,595 - INFO -     >>> Val MAE Details: ['693.4725', '18727.7266', '14.7160', '335.2960']
2026-04-15 11:12:20,595 - INFO - ⏳ No improvement. Patience: 3/50
2026-04-15 11:13:36,485 - INFO - [Epoch 64] Train Loss: 0.0083 | LR: 0.000077
2026-04-15 11:13:36,485 - INFO -     >>> Val Avg RMSE (Real): 14342.6737
2026-04-15 11:13:36,485 - INFO -     >>> Val MAE Details: ['672.1255', '18716.8359', '18.6893', '225.2958']
2026-04-15 11:13:36,485 - INFO - ⏳ No improvement. Patience: 4/50
2026-04-15 11:14:51,301 - INFO - [Epoch 65] Train Loss: 0.0084 | LR: 0.000076
2026-04-15 11:14:51,301 - INFO -     >>> Val Avg RMSE (Real): 13827.5140
2026-04-15 11:14:51,301 - INFO -     >>> Val MAE Details: ['691.4204', '18120.8184', '15.3204', '207.4385']
2026-04-15 11:14:51,332 - INFO - 💾 Saved Best Model to ./logs/QM9_repr_atomistic_graph_SchNet_Task4_20260415_095728/best_model.pth
2026-04-15 11:16:06,588 - INFO - [Epoch 66] Train Loss: 0.0083 | LR: 0.000075
2026-04-15 11:16:06,588 - INFO -     >>> Val Avg RMSE (Real): 13849.3466
2026-04-15 11:16:06,588 - INFO -     >>> Val MAE Details: ['601.5405', '18141.0859', '14.6994', '194.8842']
2026-04-15 11:16:06,588 - INFO - ⏳ No improvement. Patience: 1/50
2026-04-15 11:17:21,900 - INFO - [Epoch 67] Train Loss: 0.0082 | LR: 0.000075
2026-04-15 11:17:21,900 - INFO -     >>> Val Avg RMSE (Real): 13696.1157
2026-04-15 11:17:21,900 - INFO -     >>> Val MAE Details: ['591.3730', '18024.8711', '18.1034', '226.4901']
2026-04-15 11:17:21,923 - INFO - 💾 Saved Best Model to ./logs/QM9_repr_atomistic_graph_SchNet_Task4_20260415_095728/best_model.pth
2026-04-15 11:18:35,094 - INFO - [Epoch 68] Train Loss: 0.0081 | LR: 0.000074
2026-04-15 11:18:35,094 - INFO -     >>> Val Avg RMSE (Real): 14337.6004
2026-04-15 11:18:35,094 - INFO -     >>> Val MAE Details: ['802.8961', '19475.1504', '15.7497', '210.7252']
2026-04-15 11:18:35,094 - INFO - ⏳ No improvement. Patience: 1/50
2026-04-15 11:19:45,453 - INFO - [Epoch 69] Train Loss: 0.0081 | LR: 0.000073
2026-04-15 11:19:45,454 - INFO -     >>> Val Avg RMSE (Real): 13389.8373
2026-04-15 11:19:45,454 - INFO -     >>> Val MAE Details: ['668.0745', '17607.1094', '17.0734', '199.0118']
2026-04-15 11:19:45,486 - INFO - 💾 Saved Best Model to ./logs/QM9_repr_atomistic_graph_SchNet_Task4_20260415_095728/best_model.pth
2026-04-15 11:21:01,641 - INFO - [Epoch 70] Train Loss: 0.0080 | LR: 0.000073
2026-04-15 11:21:01,641 - INFO -     >>> Val Avg RMSE (Real): 16435.5050
2026-04-15 11:21:01,641 - INFO -     >>> Val MAE Details: ['779.1555', '22267.7227', '15.5828', '222.2495']
2026-04-15 11:21:01,641 - INFO - ⏳ No improvement. Patience: 1/50
2026-04-15 11:22:18,663 - INFO - [Epoch 71] Train Loss: 0.0080 | LR: 0.000072
2026-04-15 11:22:18,663 - INFO -     >>> Val Avg RMSE (Real): 13572.3890
2026-04-15 11:22:18,663 - INFO -     >>> Val MAE Details: ['607.5724', '17879.9863', '14.6272', '241.7077']
2026-04-15 11:22:18,663 - INFO - ⏳ No improvement. Patience: 2/50
2026-04-15 11:23:33,783 - INFO - [Epoch 72] Train Loss: 0.0079 | LR: 0.000071
2026-04-15 11:23:33,783 - INFO -     >>> Val Avg RMSE (Real): 15564.4061
2026-04-15 11:23:33,783 - INFO -     >>> Val MAE Details: ['606.4550', '20893.9922', '18.4933', '203.0189']
2026-04-15 11:23:33,783 - INFO - ⏳ No improvement. Patience: 3/50
2026-04-15 11:24:49,568 - INFO - [Epoch 73] Train Loss: 0.0079 | LR: 0.000071
2026-04-15 11:24:49,568 - INFO -     >>> Val Avg RMSE (Real): 13609.6689
2026-04-15 11:24:49,568 - INFO -     >>> Val MAE Details: ['803.7256', '17685.8750', '16.3865', '245.8544']
2026-04-15 11:24:49,568 - INFO - ⏳ No improvement. Patience: 4/50
2026-04-15 11:26:05,482 - INFO - [Epoch 74] Train Loss: 0.0078 | LR: 0.000070
2026-04-15 11:26:05,482 - INFO -     >>> Val Avg RMSE (Real): 16728.8407
2026-04-15 11:26:05,482 - INFO -     >>> Val MAE Details: ['616.2700', '24968.4102', '15.0084', '238.2714']
2026-04-15 11:26:05,482 - INFO - ⏳ No improvement. Patience: 5/50
2026-04-15 11:27:21,455 - INFO - [Epoch 75] Train Loss: 0.0078 | LR: 0.000069
2026-04-15 11:27:21,455 - INFO -     >>> Val Avg RMSE (Real): 13240.3323
2026-04-15 11:27:21,455 - INFO -     >>> Val MAE Details: ['596.5494', '17407.5684', '14.4297', '198.2602']
2026-04-15 11:27:21,486 - INFO - 💾 Saved Best Model to ./logs/QM9_repr_atomistic_graph_SchNet_Task4_20260415_095728/best_model.pth
2026-04-15 11:28:36,414 - INFO - [Epoch 76] Train Loss: 0.0077 | LR: 0.000068
2026-04-15 11:28:36,415 - INFO -     >>> Val Avg RMSE (Real): 13756.3292
2026-04-15 11:28:36,415 - INFO -     >>> Val MAE Details: ['633.9072', '18201.6094', '15.1593', '196.0148']
2026-04-15 11:28:36,415 - INFO - ⏳ No improvement. Patience: 1/50
2026-04-15 11:29:47,241 - INFO - [Epoch 77] Train Loss: 0.0077 | LR: 0.000068
2026-04-15 11:29:47,241 - INFO -     >>> Val Avg RMSE (Real): 14795.7340
2026-04-15 11:29:47,241 - INFO -     >>> Val MAE Details: ['604.1139', '19731.3965', '16.5004', '213.0434']
2026-04-15 11:29:47,241 - INFO - ⏳ No improvement. Patience: 2/50
2026-04-15 11:31:02,087 - INFO - [Epoch 78] Train Loss: 0.0076 | LR: 0.000067
2026-04-15 11:31:02,088 - INFO -     >>> Val Avg RMSE (Real): 13505.9614
2026-04-15 11:31:02,088 - INFO -     >>> Val MAE Details: ['580.4312', '18426.3223', '14.5044', '211.4585']
2026-04-15 11:31:02,088 - INFO - ⏳ No improvement. Patience: 3/50
2026-04-15 11:32:17,972 - INFO - [Epoch 79] Train Loss: 0.0076 | LR: 0.000066
2026-04-15 11:32:17,972 - INFO -     >>> Val Avg RMSE (Real): 14409.4819
2026-04-15 11:32:17,972 - INFO -     >>> Val MAE Details: ['582.3571', '20058.6660', '14.4840', '211.5480']
2026-04-15 11:32:17,972 - INFO - ⏳ No improvement. Patience: 4/50
2026-04-15 11:33:32,884 - INFO - [Epoch 80] Train Loss: 0.0076 | LR: 0.000065
2026-04-15 11:33:32,885 - INFO -     >>> Val Avg RMSE (Real): 14179.6936
2026-04-15 11:33:32,885 - INFO -     >>> Val MAE Details: ['597.3351', '19892.3301', '16.0592', '185.7848']
2026-04-15 11:33:32,885 - INFO - ⏳ No improvement. Patience: 5/50
2026-04-15 11:34:48,146 - INFO - [Epoch 81] Train Loss: 0.0075 | LR: 0.000065
2026-04-15 11:34:48,146 - INFO -     >>> Val Avg RMSE (Real): 13120.8238
2026-04-15 11:34:48,146 - INFO -     >>> Val MAE Details: ['588.9284', '17224.1133', '14.6424', '247.1470']
2026-04-15 11:34:48,177 - INFO - 💾 Saved Best Model to ./logs/QM9_repr_atomistic_graph_SchNet_Task4_20260415_095728/best_model.pth
2026-04-15 11:36:04,255 - INFO - [Epoch 82] Train Loss: 0.0075 | LR: 0.000064
2026-04-15 11:36:04,255 - INFO -     >>> Val Avg RMSE (Real): 13868.5780
2026-04-15 11:36:04,255 - INFO -     >>> Val MAE Details: ['675.6021', '18104.6367', '14.9868', '264.1113']
2026-04-15 11:36:04,256 - INFO - ⏳ No improvement. Patience: 1/50
2026-04-15 11:37:20,461 - INFO - [Epoch 83] Train Loss: 0.0075 | LR: 0.000063
2026-04-15 11:37:20,461 - INFO -     >>> Val Avg RMSE (Real): 13438.5172
2026-04-15 11:37:20,461 - INFO -     >>> Val MAE Details: ['614.9919', '17494.0273', '14.5802', '257.0952']
2026-04-15 11:37:20,461 - INFO - ⏳ No improvement. Patience: 2/50
2026-04-15 11:38:35,781 - INFO - [Epoch 84] Train Loss: 0.0073 | LR: 0.000062
2026-04-15 11:38:35,781 - INFO -     >>> Val Avg RMSE (Real): 14389.8548
2026-04-15 11:38:35,781 - INFO -     >>> Val MAE Details: ['714.5032', '19378.1582', '14.5396', '193.2057']
2026-04-15 11:38:35,781 - INFO - ⏳ No improvement. Patience: 3/50
2026-04-15 11:39:51,649 - INFO - [Epoch 85] Train Loss: 0.0074 | LR: 0.000062
2026-04-15 11:39:51,649 - INFO -     >>> Val Avg RMSE (Real): 13376.9455
2026-04-15 11:39:51,649 - INFO -     >>> Val MAE Details: ['592.3475', '18539.8438', '14.1203', '190.6387']
2026-04-15 11:39:51,649 - INFO - ⏳ No improvement. Patience: 4/50
2026-04-15 11:41:00,861 - INFO - [Epoch 86] Train Loss: 0.0074 | LR: 0.000061
2026-04-15 11:41:00,861 - INFO -     >>> Val Avg RMSE (Real): 13530.4983
2026-04-15 11:41:00,861 - INFO -     >>> Val MAE Details: ['595.3431', '18514.3770', '14.1763', '269.4187']
2026-04-15 11:41:00,861 - INFO - ⏳ No improvement. Patience: 5/50
2026-04-15 11:42:16,491 - INFO - [Epoch 87] Train Loss: 0.0073 | LR: 0.000060
2026-04-15 11:42:16,491 - INFO -     >>> Val Avg RMSE (Real): 13409.1091
2026-04-15 11:42:16,491 - INFO -     >>> Val MAE Details: ['620.7029', '17274.1035', '14.3256', '234.4411']
2026-04-15 11:42:16,491 - INFO - ⏳ No improvement. Patience: 6/50
2026-04-15 11:43:32,081 - INFO - [Epoch 88] Train Loss: 0.0072 | LR: 0.000059
2026-04-15 11:43:32,081 - INFO -     >>> Val Avg RMSE (Real): 12932.0569
2026-04-15 11:43:32,081 - INFO -     >>> Val MAE Details: ['621.8018', '17176.5352', '14.6865', '189.7538']
2026-04-15 11:43:32,113 - INFO - 💾 Saved Best Model to ./logs/QM9_repr_atomistic_graph_SchNet_Task4_20260415_095728/best_model.pth
2026-04-15 11:44:47,069 - INFO - [Epoch 89] Train Loss: 0.0072 | LR: 0.000059
2026-04-15 11:44:47,069 - INFO -     >>> Val Avg RMSE (Real): 14124.1529
2026-04-15 11:44:47,069 - INFO -     >>> Val MAE Details: ['574.8691', '18791.1074', '15.0011', '235.6257']
2026-04-15 11:44:47,069 - INFO - ⏳ No improvement. Patience: 1/50
2026-04-15 11:46:02,781 - INFO - [Epoch 90] Train Loss: 0.0071 | LR: 0.000058
2026-04-15 11:46:02,781 - INFO -     >>> Val Avg RMSE (Real): 12351.9061
2026-04-15 11:46:02,781 - INFO -     >>> Val MAE Details: ['592.5032', '16082.9473', '13.9675', '183.8091']
2026-04-15 11:46:02,813 - INFO - 💾 Saved Best Model to ./logs/QM9_repr_atomistic_graph_SchNet_Task4_20260415_095728/best_model.pth
2026-04-15 11:47:18,267 - INFO - [Epoch 91] Train Loss: 0.0071 | LR: 0.000057
2026-04-15 11:47:18,267 - INFO -     >>> Val Avg RMSE (Real): 15168.5570
2026-04-15 11:47:18,267 - INFO -     >>> Val MAE Details: ['692.0425', '20077.6211', '18.2666', '192.1578']
2026-04-15 11:47:18,267 - INFO - ⏳ No improvement. Patience: 1/50
2026-04-15 11:48:33,948 - INFO - [Epoch 92] Train Loss: 0.0071 | LR: 0.000056
2026-04-15 11:48:33,949 - INFO -     >>> Val Avg RMSE (Real): 12828.9635
2026-04-15 11:48:33,949 - INFO -     >>> Val MAE Details: ['579.0886', '16831.6562', '14.4164', '199.6822']
2026-04-15 11:48:33,949 - INFO - ⏳ No improvement. Patience: 2/50
2026-04-15 11:49:50,298 - INFO - [Epoch 93] Train Loss: 0.0071 | LR: 0.000055
2026-04-15 11:49:50,298 - INFO -     >>> Val Avg RMSE (Real): 13182.8543
2026-04-15 11:49:50,298 - INFO -     >>> Val MAE Details: ['616.1028', '17330.7070', '15.5145', '217.6707']
2026-04-15 11:49:50,298 - INFO - ⏳ No improvement. Patience: 3/50
2026-04-15 11:51:05,613 - INFO - [Epoch 94] Train Loss: 0.0071 | LR: 0.000055
2026-04-15 11:51:05,614 - INFO -     >>> Val Avg RMSE (Real): 13974.9130
2026-04-15 11:51:05,614 - INFO -     >>> Val MAE Details: ['654.3049', '17908.1719', '15.5965', '197.5952']
2026-04-15 11:51:05,614 - INFO - ⏳ No improvement. Patience: 4/50
2026-04-15 11:52:15,390 - INFO - [Epoch 95] Train Loss: 0.0070 | LR: 0.000054
2026-04-15 11:52:15,390 - INFO -     >>> Val Avg RMSE (Real): 12888.1955
2026-04-15 11:52:15,390 - INFO -     >>> Val MAE Details: ['558.6171', '17400.1934', '13.8970', '178.6827']
2026-04-15 11:52:15,391 - INFO - ⏳ No improvement. Patience: 5/50
2026-04-15 11:53:31,245 - INFO - [Epoch 96] Train Loss: 0.0069 | LR: 0.000053
2026-04-15 11:53:31,245 - INFO -     >>> Val Avg RMSE (Real): 12638.1214
2026-04-15 11:53:31,245 - INFO -     >>> Val MAE Details: ['578.4881', '16567.0508', '15.3813', '217.1266']
2026-04-15 11:53:31,245 - INFO - ⏳ No improvement. Patience: 6/50
2026-04-15 11:54:46,707 - INFO - [Epoch 97] Train Loss: 0.0069 | LR: 0.000052
2026-04-15 11:54:46,707 - INFO -     >>> Val Avg RMSE (Real): 13129.0018
2026-04-15 11:54:46,707 - INFO -     >>> Val MAE Details: ['616.2748', '18146.8184', '14.1389', '185.3577']
2026-04-15 11:54:46,707 - INFO - ⏳ No improvement. Patience: 7/50
2026-04-15 11:56:01,947 - INFO - [Epoch 98] Train Loss: 0.0069 | LR: 0.000052
2026-04-15 11:56:01,947 - INFO -     >>> Val Avg RMSE (Real): 13288.9223
2026-04-15 11:56:01,947 - INFO -     >>> Val MAE Details: ['592.6359', '17786.1719', '15.3246', '188.8695']
2026-04-15 11:56:01,947 - INFO - ⏳ No improvement. Patience: 8/50
2026-04-15 11:57:17,388 - INFO - [Epoch 99] Train Loss: 0.0068 | LR: 0.000051
2026-04-15 11:57:17,388 - INFO -     >>> Val Avg RMSE (Real): 13109.4604
2026-04-15 11:57:17,388 - INFO -     >>> Val MAE Details: ['557.7019', '18541.4688', '13.8375', '205.6618']
2026-04-15 11:57:17,388 - INFO - ⏳ No improvement. Patience: 9/50
2026-04-15 11:58:32,734 - INFO - [Epoch 100] Train Loss: 0.0069 | LR: 0.000050
2026-04-15 11:58:32,734 - INFO -     >>> Val Avg RMSE (Real): 13114.5348
2026-04-15 11:58:32,735 - INFO -     >>> Val MAE Details: ['694.2059', '17283.1504', '14.4750', '188.9772']
2026-04-15 11:58:32,735 - INFO - ⏳ No improvement. Patience: 10/50
2026-04-15 11:59:37,117 - INFO - [Epoch 101] Train Loss: 0.0068 | LR: 0.000049
2026-04-15 11:59:37,117 - INFO -     >>> Val Avg RMSE (Real): 13212.3421
2026-04-15 11:59:37,117 - INFO -     >>> Val MAE Details: ['588.2955', '17550.0273', '14.0891', '180.4889']
2026-04-15 11:59:37,118 - INFO - ⏳ No improvement. Patience: 11/50
2026-04-15 12:00:55,318 - INFO - [Epoch 102] Train Loss: 0.0067 | LR: 0.000048
2026-04-15 12:00:55,318 - INFO -     >>> Val Avg RMSE (Real): 13506.8877
2026-04-15 12:00:55,318 - INFO -     >>> Val MAE Details: ['545.5736', '18929.9922', '14.6374', '181.3826']
2026-04-15 12:00:55,318 - INFO - ⏳ No improvement. Patience: 12/50
2026-04-15 12:02:08,369 - INFO - [Epoch 103] Train Loss: 0.0067 | LR: 0.000048
2026-04-15 12:02:08,369 - INFO -     >>> Val Avg RMSE (Real): 12864.2786
2026-04-15 12:02:08,369 - INFO -     >>> Val MAE Details: ['587.6865', '17328.5078', '13.7793', '183.4293']
2026-04-15 12:02:08,369 - INFO - ⏳ No improvement. Patience: 13/50
2026-04-15 12:03:20,985 - INFO - [Epoch 104] Train Loss: 0.0067 | LR: 0.000047
2026-04-15 12:03:20,985 - INFO -     >>> Val Avg RMSE (Real): 12297.3636
2026-04-15 12:03:20,985 - INFO -     >>> Val MAE Details: ['568.8942', '16339.6729', '13.6111', '175.7477']
2026-04-15 12:03:21,016 - INFO - 💾 Saved Best Model to ./logs/QM9_repr_atomistic_graph_SchNet_Task4_20260415_095728/best_model.pth
2026-04-15 12:04:38,749 - INFO - [Epoch 105] Train Loss: 0.0067 | LR: 0.000046
2026-04-15 12:04:38,749 - INFO -     >>> Val Avg RMSE (Real): 12081.5390
2026-04-15 12:04:38,749 - INFO -     >>> Val MAE Details: ['765.0634', '15746.5244', '14.1077', '180.0251']
2026-04-15 12:04:38,776 - INFO - 💾 Saved Best Model to ./logs/QM9_repr_atomistic_graph_SchNet_Task4_20260415_095728/best_model.pth
2026-04-15 12:05:55,758 - INFO - [Epoch 106] Train Loss: 0.0066 | LR: 0.000045
2026-04-15 12:05:55,758 - INFO -     >>> Val Avg RMSE (Real): 13442.2153
2026-04-15 12:05:55,758 - INFO -     >>> Val MAE Details: ['601.1896', '18518.6895', '19.1513', '184.4137']
2026-04-15 12:05:55,758 - INFO - ⏳ No improvement. Patience: 1/50
2026-04-15 12:07:10,375 - INFO - [Epoch 107] Train Loss: 0.0066 | LR: 0.000045
2026-04-15 12:07:10,375 - INFO -     >>> Val Avg RMSE (Real): 13002.6367
2026-04-15 12:07:10,375 - INFO -     >>> Val MAE Details: ['577.2474', '16912.7422', '13.6653', '234.4814']
2026-04-15 12:07:10,375 - INFO - ⏳ No improvement. Patience: 2/50
2026-04-15 12:08:25,747 - INFO - [Epoch 108] Train Loss: 0.0065 | LR: 0.000044
2026-04-15 12:08:25,747 - INFO -     >>> Val Avg RMSE (Real): 12452.1523
2026-04-15 12:08:25,748 - INFO -     >>> Val MAE Details: ['558.5679', '16565.7754', '14.5329', '185.4420']
2026-04-15 12:08:25,748 - INFO - ⏳ No improvement. Patience: 3/50
2026-04-15 12:09:40,764 - INFO - [Epoch 109] Train Loss: 0.0065 | LR: 0.000043
2026-04-15 12:09:40,765 - INFO -     >>> Val Avg RMSE (Real): 12244.4587
2026-04-15 12:09:40,765 - INFO -     >>> Val MAE Details: ['619.1998', '16200.5420', '14.0941', '259.5632']
2026-04-15 12:09:40,765 - INFO - ⏳ No improvement. Patience: 4/50
2026-04-15 12:10:56,748 - INFO - [Epoch 110] Train Loss: 0.0064 | LR: 0.000042
2026-04-15 12:10:56,748 - INFO -     >>> Val Avg RMSE (Real): 12872.4388
2026-04-15 12:10:56,748 - INFO -     >>> Val MAE Details: ['577.7362', '17909.6270', '13.8548', '176.1354']
2026-04-15 12:10:56,748 - INFO - ⏳ No improvement. Patience: 5/50
2026-04-15 12:12:12,024 - INFO - [Epoch 111] Train Loss: 0.0064 | LR: 0.000041
2026-04-15 12:12:12,025 - INFO -     >>> Val Avg RMSE (Real): 12829.3177
2026-04-15 12:12:12,025 - INFO -     >>> Val MAE Details: ['545.9650', '16955.1230', '13.8140', '175.8245']
2026-04-15 12:12:12,025 - INFO - ⏳ No improvement. Patience: 6/50
2026-04-15 12:13:11,551 - INFO - [Epoch 112] Train Loss: 0.0064 | LR: 0.000041
2026-04-15 12:13:11,551 - INFO -     >>> Val Avg RMSE (Real): 13370.4696
2026-04-15 12:13:11,551 - INFO -     >>> Val MAE Details: ['563.7381', '18260.1953', '15.4583', '177.9200']
2026-04-15 12:13:11,552 - INFO - ⏳ No improvement. Patience: 7/50
2026-04-15 12:14:25,060 - INFO - [Epoch 113] Train Loss: 0.0064 | LR: 0.000040
2026-04-15 12:14:25,060 - INFO -     >>> Val Avg RMSE (Real): 12403.9639
2026-04-15 12:14:25,060 - INFO -     >>> Val MAE Details: ['579.0547', '16328.5693', '13.9601', '179.8318']
2026-04-15 12:14:25,060 - INFO - ⏳ No improvement. Patience: 8/50
2026-04-15 12:15:39,971 - INFO - [Epoch 114] Train Loss: 0.0064 | LR: 0.000039
2026-04-15 12:15:39,971 - INFO -     >>> Val Avg RMSE (Real): 13279.3693
2026-04-15 12:15:39,971 - INFO -     >>> Val MAE Details: ['601.3257', '18655.7422', '15.6945', '183.9062']
2026-04-15 12:15:39,971 - INFO - ⏳ No improvement. Patience: 9/50
2026-04-15 12:16:56,526 - INFO - [Epoch 115] Train Loss: 0.0064 | LR: 0.000038
2026-04-15 12:16:56,527 - INFO -     >>> Val Avg RMSE (Real): 12712.4613
2026-04-15 12:16:56,527 - INFO -     >>> Val MAE Details: ['593.5856', '16081.6406', '13.7225', '213.4019']
2026-04-15 12:16:56,527 - INFO - ⏳ No improvement. Patience: 10/50
2026-04-15 12:18:12,089 - INFO - [Epoch 116] Train Loss: 0.0063 | LR: 0.000038
2026-04-15 12:18:12,089 - INFO -     >>> Val Avg RMSE (Real): 12328.5360
2026-04-15 12:18:12,089 - INFO -     >>> Val MAE Details: ['576.2241', '16508.3457', '14.3754', '177.7625']
2026-04-15 12:18:12,089 - INFO - ⏳ No improvement. Patience: 11/50
2026-04-15 12:19:27,683 - INFO - [Epoch 117] Train Loss: 0.0063 | LR: 0.000037
2026-04-15 12:19:27,683 - INFO -     >>> Val Avg RMSE (Real): 11872.8551
2026-04-15 12:19:27,683 - INFO -     >>> Val MAE Details: ['602.7036', '15309.6406', '13.2711', '180.6447']
2026-04-15 12:19:27,718 - INFO - 💾 Saved Best Model to ./logs/QM9_repr_atomistic_graph_SchNet_Task4_20260415_095728/best_model.pth
2026-04-15 12:20:43,147 - INFO - [Epoch 118] Train Loss: 0.0063 | LR: 0.000036
2026-04-15 12:20:43,147 - INFO -     >>> Val Avg RMSE (Real): 11982.0205
2026-04-15 12:20:43,147 - INFO -     >>> Val MAE Details: ['613.9833', '15825.1816', '13.3387', '173.9334']
2026-04-15 12:20:43,147 - INFO - ⏳ No improvement. Patience: 1/50
2026-04-15 12:21:58,763 - INFO - [Epoch 119] Train Loss: 0.0062 | LR: 0.000035
2026-04-15 12:21:58,763 - INFO -     >>> Val Avg RMSE (Real): 11912.8468
2026-04-15 12:21:58,763 - INFO -     >>> Val MAE Details: ['562.3631', '15798.5713', '13.5517', '183.0790']
2026-04-15 12:21:58,763 - INFO - ⏳ No improvement. Patience: 2/50
2026-04-15 12:23:14,744 - INFO - [Epoch 120] Train Loss: 0.0062 | LR: 0.000035
2026-04-15 12:23:14,744 - INFO -     >>> Val Avg RMSE (Real): 11996.1220
2026-04-15 12:23:14,744 - INFO -     >>> Val MAE Details: ['556.7870', '15828.4473', '15.1508', '186.8021']
2026-04-15 12:23:14,744 - INFO - ⏳ No improvement. Patience: 3/50
2026-04-15 12:24:25,405 - INFO - [Epoch 121] Train Loss: 0.0062 | LR: 0.000034
2026-04-15 12:24:25,405 - INFO -     >>> Val Avg RMSE (Real): 11913.0839
2026-04-15 12:24:25,405 - INFO -     >>> Val MAE Details: ['555.4892', '15697.4238', '20.5255', '180.4999']
2026-04-15 12:24:25,405 - INFO - ⏳ No improvement. Patience: 4/50
2026-04-15 12:25:40,289 - INFO - [Epoch 122] Train Loss: 0.0062 | LR: 0.000033
2026-04-15 12:25:40,289 - INFO -     >>> Val Avg RMSE (Real): 11969.8441
2026-04-15 12:25:40,289 - INFO -     >>> Val MAE Details: ['600.2731', '15501.5264', '13.3873', '180.9857']
2026-04-15 12:25:40,289 - INFO - ⏳ No improvement. Patience: 5/50
2026-04-15 12:26:52,547 - INFO - [Epoch 123] Train Loss: 0.0061 | LR: 0.000032
2026-04-15 12:26:52,548 - INFO -     >>> Val Avg RMSE (Real): 12306.0414
2026-04-15 12:26:52,548 - INFO -     >>> Val MAE Details: ['538.2377', '16595.7676', '13.1115', '169.6475']
2026-04-15 12:26:52,548 - INFO - ⏳ No improvement. Patience: 6/50
2026-04-15 12:28:08,593 - INFO - [Epoch 124] Train Loss: 0.0061 | LR: 0.000032
2026-04-15 12:28:08,593 - INFO -     >>> Val Avg RMSE (Real): 11607.4666
2026-04-15 12:28:08,593 - INFO -     >>> Val MAE Details: ['557.2971', '15116.6094', '13.0606', '171.4950']
2026-04-15 12:28:08,628 - INFO - 💾 Saved Best Model to ./logs/QM9_repr_atomistic_graph_SchNet_Task4_20260415_095728/best_model.pth
2026-04-15 12:29:24,814 - INFO - [Epoch 125] Train Loss: 0.0060 | LR: 0.000031
2026-04-15 12:29:24,814 - INFO -     >>> Val Avg RMSE (Real): 11803.1054
2026-04-15 12:29:24,814 - INFO -     >>> Val MAE Details: ['550.6677', '15760.0820', '13.2706', '174.7682']
2026-04-15 12:29:24,814 - INFO - ⏳ No improvement. Patience: 1/50
2026-04-15 12:30:40,623 - INFO - [Epoch 126] Train Loss: 0.0060 | LR: 0.000030
2026-04-15 12:30:40,623 - INFO -     >>> Val Avg RMSE (Real): 11929.7517
2026-04-15 12:30:40,623 - INFO -     >>> Val MAE Details: ['547.3401', '15432.7646', '13.3229', '171.0231']
2026-04-15 12:30:40,623 - INFO - ⏳ No improvement. Patience: 2/50
2026-04-15 12:31:56,924 - INFO - [Epoch 127] Train Loss: 0.0060 | LR: 0.000029
2026-04-15 12:31:56,924 - INFO -     >>> Val Avg RMSE (Real): 12095.7784
2026-04-15 12:31:56,924 - INFO -     >>> Val MAE Details: ['546.1183', '15675.4463', '13.7305', '226.5017']
2026-04-15 12:31:56,924 - INFO - ⏳ No improvement. Patience: 3/50
2026-04-15 12:33:12,999 - INFO - [Epoch 128] Train Loss: 0.0060 | LR: 0.000029
2026-04-15 12:33:13,000 - INFO -     >>> Val Avg RMSE (Real): 11750.2626
2026-04-15 12:33:13,000 - INFO -     >>> Val MAE Details: ['736.0756', '15306.6182', '14.7361', '169.6488']
2026-04-15 12:33:13,000 - INFO - ⏳ No improvement. Patience: 4/50
2026-04-15 12:34:28,977 - INFO - [Epoch 129] Train Loss: 0.0060 | LR: 0.000028
2026-04-15 12:34:28,978 - INFO -     >>> Val Avg RMSE (Real): 12012.1252
2026-04-15 12:34:28,978 - INFO -     >>> Val MAE Details: ['568.1126', '15669.0762', '13.7539', '171.7395']
2026-04-15 12:34:28,978 - INFO - ⏳ No improvement. Patience: 5/50
2026-04-15 12:35:38,893 - INFO - [Epoch 130] Train Loss: 0.0060 | LR: 0.000027
2026-04-15 12:35:38,893 - INFO -     >>> Val Avg RMSE (Real): 11788.7282
2026-04-15 12:35:38,893 - INFO -     >>> Val MAE Details: ['538.2118', '15522.4746', '12.9940', '169.9915']
2026-04-15 12:35:38,893 - INFO - ⏳ No improvement. Patience: 6/50
2026-04-15 12:36:55,152 - INFO - [Epoch 131] Train Loss: 0.0060 | LR: 0.000027
2026-04-15 12:36:55,152 - INFO -     >>> Val Avg RMSE (Real): 11913.9696
2026-04-15 12:36:55,152 - INFO -     >>> Val MAE Details: ['567.4342', '15954.9570', '13.9021', '220.2581']
2026-04-15 12:36:55,152 - INFO - ⏳ No improvement. Patience: 7/50
2026-04-15 12:38:10,858 - INFO - [Epoch 132] Train Loss: 0.0059 | LR: 0.000026
2026-04-15 12:38:10,858 - INFO -     >>> Val Avg RMSE (Real): 11608.9455
2026-04-15 12:38:10,858 - INFO -     >>> Val MAE Details: ['543.1732', '15130.1133', '13.6512', '168.5529']
2026-04-15 12:38:10,858 - INFO - ⏳ No improvement. Patience: 8/50
2026-04-15 12:39:26,449 - INFO - [Epoch 133] Train Loss: 0.0059 | LR: 0.000025
2026-04-15 12:39:26,449 - INFO -     >>> Val Avg RMSE (Real): 12027.4825
2026-04-15 12:39:26,449 - INFO -     >>> Val MAE Details: ['584.0550', '16064.2520', '13.9686', '169.6357']
2026-04-15 12:39:26,449 - INFO - ⏳ No improvement. Patience: 9/50
2026-04-15 12:40:42,332 - INFO - [Epoch 134] Train Loss: 0.0058 | LR: 0.000025
2026-04-15 12:40:42,333 - INFO -     >>> Val Avg RMSE (Real): 11730.3156
2026-04-15 12:40:42,333 - INFO -     >>> Val MAE Details: ['535.5858', '15210.4805', '12.8820', '171.0401']
2026-04-15 12:40:42,333 - INFO - ⏳ No improvement. Patience: 10/50
2026-04-15 12:41:43,508 - INFO - [Epoch 135] Train Loss: 0.0058 | LR: 0.000024
2026-04-15 12:41:43,508 - INFO -     >>> Val Avg RMSE (Real): 11531.8110
2026-04-15 12:41:43,508 - INFO -     >>> Val MAE Details: ['532.0201', '14981.2646', '14.9803', '179.7297']
2026-04-15 12:41:43,545 - INFO - 💾 Saved Best Model to ./logs/QM9_repr_atomistic_graph_SchNet_Task4_20260415_095728/best_model.pth
2026-04-15 12:42:59,679 - INFO - [Epoch 136] Train Loss: 0.0058 | LR: 0.000023
2026-04-15 12:42:59,679 - INFO -     >>> Val Avg RMSE (Real): 11642.9158
2026-04-15 12:42:59,679 - INFO -     >>> Val MAE Details: ['535.2320', '15420.6719', '12.9223', '184.8524']
2026-04-15 12:42:59,679 - INFO - ⏳ No improvement. Patience: 1/50
2026-04-15 12:44:16,013 - INFO - [Epoch 137] Train Loss: 0.0058 | LR: 0.000023
2026-04-15 12:44:16,013 - INFO -     >>> Val Avg RMSE (Real): 11749.1835
2026-04-15 12:44:16,013 - INFO -     >>> Val MAE Details: ['578.4146', '15159.9551', '13.2280', '171.3396']
2026-04-15 12:44:16,013 - INFO - ⏳ No improvement. Patience: 2/50
2026-04-15 12:45:32,038 - INFO - [Epoch 138] Train Loss: 0.0058 | LR: 0.000022
2026-04-15 12:45:32,038 - INFO -     >>> Val Avg RMSE (Real): 12275.1854
2026-04-15 12:45:32,038 - INFO -     >>> Val MAE Details: ['578.7766', '15930.1797', '13.0843', '172.3867']
2026-04-15 12:45:32,038 - INFO - ⏳ No improvement. Patience: 3/50
2026-04-15 12:46:41,771 - INFO - [Epoch 139] Train Loss: 0.0057 | LR: 0.000021
2026-04-15 12:46:41,772 - INFO -     >>> Val Avg RMSE (Real): 11555.7445
2026-04-15 12:46:41,772 - INFO -     >>> Val MAE Details: ['560.8426', '15272.1260', '13.1878', '165.5350']
2026-04-15 12:46:41,772 - INFO - ⏳ No improvement. Patience: 4/50
2026-04-15 12:47:57,957 - INFO - [Epoch 140] Train Loss: 0.0057 | LR: 0.000021
2026-04-15 12:47:57,957 - INFO -     >>> Val Avg RMSE (Real): 11792.8677
2026-04-15 12:47:57,957 - INFO -     >>> Val MAE Details: ['547.8850', '15139.5098', '12.8078', '181.0804']
2026-04-15 12:47:57,957 - INFO - ⏳ No improvement. Patience: 5/50
2026-04-15 12:49:13,498 - INFO - [Epoch 141] Train Loss: 0.0057 | LR: 0.000020
2026-04-15 12:49:13,498 - INFO -     >>> Val Avg RMSE (Real): 11311.0424
2026-04-15 12:49:13,498 - INFO -     >>> Val MAE Details: ['528.2255', '14707.3418', '12.9332', '191.9783']
2026-04-15 12:49:13,535 - INFO - 💾 Saved Best Model to ./logs/QM9_repr_atomistic_graph_SchNet_Task4_20260415_095728/best_model.pth
2026-04-15 12:50:29,282 - INFO - [Epoch 142] Train Loss: 0.0057 | LR: 0.000019
2026-04-15 12:50:29,282 - INFO -     >>> Val Avg RMSE (Real): 12689.5440
2026-04-15 12:50:29,282 - INFO -     >>> Val MAE Details: ['561.8237', '16550.9141', '13.0504', '179.6186']
2026-04-15 12:50:29,282 - INFO - ⏳ No improvement. Patience: 1/50
2026-04-15 12:51:44,610 - INFO - [Epoch 143] Train Loss: 0.0057 | LR: 0.000019
2026-04-15 12:51:44,610 - INFO -     >>> Val Avg RMSE (Real): 11732.6962
2026-04-15 12:51:44,610 - INFO -     >>> Val MAE Details: ['549.5119', '15914.0088', '12.7621', '169.1279']
2026-04-15 12:51:44,610 - INFO - ⏳ No improvement. Patience: 2/50
2026-04-15 12:53:00,583 - INFO - [Epoch 144] Train Loss: 0.0056 | LR: 0.000018
2026-04-15 12:53:00,583 - INFO -     >>> Val Avg RMSE (Real): 11277.5884
2026-04-15 12:53:00,583 - INFO -     >>> Val MAE Details: ['551.1768', '14780.0088', '12.7480', '187.1421']
2026-04-15 12:53:00,616 - INFO - 💾 Saved Best Model to ./logs/QM9_repr_atomistic_graph_SchNet_Task4_20260415_095728/best_model.pth
2026-04-15 12:54:16,302 - INFO - [Epoch 145] Train Loss: 0.0056 | LR: 0.000018
2026-04-15 12:54:16,302 - INFO -     >>> Val Avg RMSE (Real): 11670.0547
2026-04-15 12:54:16,302 - INFO -     >>> Val MAE Details: ['530.4250', '15658.0000', '12.9625', '192.5847']
2026-04-15 12:54:16,302 - INFO - ⏳ No improvement. Patience: 1/50
2026-04-15 12:55:31,975 - INFO - [Epoch 146] Train Loss: 0.0056 | LR: 0.000017
2026-04-15 12:55:31,976 - INFO -     >>> Val Avg RMSE (Real): 11271.3680
2026-04-15 12:55:31,976 - INFO -     >>> Val MAE Details: ['546.0137', '14744.4775', '12.7254', '166.4102']
2026-04-15 12:55:32,011 - INFO - 💾 Saved Best Model to ./logs/QM9_repr_atomistic_graph_SchNet_Task4_20260415_095728/best_model.pth
2026-04-15 12:56:47,641 - INFO - [Epoch 147] Train Loss: 0.0056 | LR: 0.000016
2026-04-15 12:56:47,642 - INFO -     >>> Val Avg RMSE (Real): 11341.8739
2026-04-15 12:56:47,642 - INFO -     >>> Val MAE Details: ['563.6356', '14729.9033', '12.7888', '176.5513']
2026-04-15 12:56:47,642 - INFO - ⏳ No improvement. Patience: 1/50
2026-04-15 12:57:57,020 - INFO - [Epoch 148] Train Loss: 0.0056 | LR: 0.000016
2026-04-15 12:57:57,021 - INFO -     >>> Val Avg RMSE (Real): 11180.1599
2026-04-15 12:57:57,021 - INFO -     >>> Val MAE Details: ['549.0992', '14621.7158', '12.9660', '172.4073']
2026-04-15 12:57:57,057 - INFO - 💾 Saved Best Model to ./logs/QM9_repr_atomistic_graph_SchNet_Task4_20260415_095728/best_model.pth
2026-04-15 12:59:13,025 - INFO - [Epoch 149] Train Loss: 0.0056 | LR: 0.000015
2026-04-15 12:59:13,025 - INFO -     >>> Val Avg RMSE (Real): 11248.6134
2026-04-15 12:59:13,025 - INFO -     >>> Val MAE Details: ['519.8089', '14633.6309', '12.7028', '192.2292']
2026-04-15 12:59:13,025 - INFO - ⏳ No improvement. Patience: 1/50
2026-04-15 13:00:29,143 - INFO - [Epoch 150] Train Loss: 0.0056 | LR: 0.000015
2026-04-15 13:00:29,143 - INFO -     >>> Val Avg RMSE (Real): 11198.3270
2026-04-15 13:00:29,143 - INFO -     >>> Val MAE Details: ['540.5740', '14588.3906', '12.7020', '172.2185']
2026-04-15 13:00:29,143 - INFO - ⏳ No improvement. Patience: 2/50
2026-04-15 13:01:45,156 - INFO - [Epoch 151] Train Loss: 0.0055 | LR: 0.000014
2026-04-15 13:01:45,157 - INFO -     >>> Val Avg RMSE (Real): 11252.3007
2026-04-15 13:01:45,157 - INFO -     >>> Val MAE Details: ['522.3878', '14943.5713', '12.8240', '164.4002']
2026-04-15 13:01:45,157 - INFO - ⏳ No improvement. Patience: 3/50
2026-04-15 13:03:00,975 - INFO - [Epoch 152] Train Loss: 0.0055 | LR: 0.000014
2026-04-15 13:03:00,975 - INFO -     >>> Val Avg RMSE (Real): 11240.9003
2026-04-15 13:03:00,975 - INFO -     >>> Val MAE Details: ['519.2717', '14730.6367', '12.7105', '164.1279']
2026-04-15 13:03:00,975 - INFO - ⏳ No improvement. Patience: 4/50
2026-04-15 13:04:16,800 - INFO - [Epoch 153] Train Loss: 0.0055 | LR: 0.000013
2026-04-15 13:04:16,800 - INFO -     >>> Val Avg RMSE (Real): 11227.5689
2026-04-15 13:04:16,800 - INFO -     >>> Val MAE Details: ['529.5829', '14613.2891', '13.0213', '165.6767']
2026-04-15 13:04:16,800 - INFO - ⏳ No improvement. Patience: 5/50
2026-04-15 13:05:32,349 - INFO - [Epoch 154] Train Loss: 0.0055 | LR: 0.000012
2026-04-15 13:05:32,349 - INFO -     >>> Val Avg RMSE (Real): 11361.7555
2026-04-15 13:05:32,349 - INFO -     >>> Val MAE Details: ['533.5760', '14679.3096', '13.9520', '185.3808']
2026-04-15 13:05:32,349 - INFO - ⏳ No improvement. Patience: 6/50
2026-04-15 13:06:48,405 - INFO - [Epoch 155] Train Loss: 0.0055 | LR: 0.000012
2026-04-15 13:06:48,405 - INFO -     >>> Val Avg RMSE (Real): 11406.5283
2026-04-15 13:06:48,405 - INFO -     >>> Val MAE Details: ['542.9431', '15008.5762', '12.5743', '168.5435']
2026-04-15 13:06:48,405 - INFO - ⏳ No improvement. Patience: 7/50
2026-04-15 13:08:03,046 - INFO - [Epoch 156] Train Loss: 0.0054 | LR: 0.000011
2026-04-15 13:08:03,046 - INFO -     >>> Val Avg RMSE (Real): 11143.3769
2026-04-15 13:08:03,046 - INFO -     >>> Val MAE Details: ['522.1931', '14567.8408', '12.5516', '163.9036']
2026-04-15 13:08:03,081 - INFO - 💾 Saved Best Model to ./logs/QM9_repr_atomistic_graph_SchNet_Task4_20260415_095728/best_model.pth
2026-04-15 13:09:13,998 - INFO - [Epoch 157] Train Loss: 0.0054 | LR: 0.000011
2026-04-15 13:09:13,998 - INFO -     >>> Val Avg RMSE (Real): 11456.2245
2026-04-15 13:09:13,998 - INFO -     >>> Val MAE Details: ['547.4940', '14769.7266', '12.5326', '175.7499']
2026-04-15 13:09:13,998 - INFO - ⏳ No improvement. Patience: 1/50
2026-04-15 13:10:29,590 - INFO - [Epoch 158] Train Loss: 0.0054 | LR: 0.000010
2026-04-15 13:10:29,590 - INFO -     >>> Val Avg RMSE (Real): 11227.4998
2026-04-15 13:10:29,590 - INFO -     >>> Val MAE Details: ['525.1196', '14543.3145', '12.6651', '163.1201']
2026-04-15 13:10:29,590 - INFO - ⏳ No improvement. Patience: 2/50
2026-04-15 13:11:45,642 - INFO - [Epoch 159] Train Loss: 0.0054 | LR: 0.000010
2026-04-15 13:11:45,642 - INFO -     >>> Val Avg RMSE (Real): 11119.2680
2026-04-15 13:11:45,642 - INFO -     >>> Val MAE Details: ['525.5101', '14433.8086', '12.4810', '169.0346']
2026-04-15 13:11:45,669 - INFO - 💾 Saved Best Model to ./logs/QM9_repr_atomistic_graph_SchNet_Task4_20260415_095728/best_model.pth
2026-04-15 13:12:58,355 - INFO - [Epoch 160] Train Loss: 0.0054 | LR: 0.000010
2026-04-15 13:12:58,355 - INFO -     >>> Val Avg RMSE (Real): 11087.7825
2026-04-15 13:12:58,355 - INFO -     >>> Val MAE Details: ['518.8568', '14434.1230', '12.4411', '179.7677']
2026-04-15 13:12:58,383 - INFO - 💾 Saved Best Model to ./logs/QM9_repr_atomistic_graph_SchNet_Task4_20260415_095728/best_model.pth
2026-04-15 13:14:14,665 - INFO - [Epoch 161] Train Loss: 0.0054 | LR: 0.000009
2026-04-15 13:14:14,666 - INFO -     >>> Val Avg RMSE (Real): 11098.7145
2026-04-15 13:14:14,666 - INFO -     >>> Val MAE Details: ['514.9548', '14392.6699', '12.4535', '172.0353']
2026-04-15 13:14:14,666 - INFO - ⏳ No improvement. Patience: 1/50
2026-04-15 13:15:29,870 - INFO - [Epoch 162] Train Loss: 0.0053 | LR: 0.000009
2026-04-15 13:15:29,870 - INFO -     >>> Val Avg RMSE (Real): 11117.9182
2026-04-15 13:15:29,870 - INFO -     >>> Val MAE Details: ['517.9516', '14674.3779', '12.4734', '175.3898']
2026-04-15 13:15:29,870 - INFO - ⏳ No improvement. Patience: 2/50
2026-04-15 13:16:46,151 - INFO - [Epoch 163] Train Loss: 0.0053 | LR: 0.000008
2026-04-15 13:16:46,151 - INFO -     >>> Val Avg RMSE (Real): 11090.6148
2026-04-15 13:16:46,151 - INFO -     >>> Val MAE Details: ['541.0024', '14417.5977', '13.0395', '162.9657']
2026-04-15 13:16:46,151 - INFO - ⏳ No improvement. Patience: 3/50
2026-04-15 13:17:51,602 - INFO - [Epoch 164] Train Loss: 0.0053 | LR: 0.000008
2026-04-15 13:17:51,602 - INFO -     >>> Val Avg RMSE (Real): 11128.5154
2026-04-15 13:17:51,602 - INFO -     >>> Val MAE Details: ['521.8257', '14442.0107', '12.5729', '164.7009']
2026-04-15 13:17:51,602 - INFO - ⏳ No improvement. Patience: 4/50
2026-04-15 13:19:04,081 - INFO - [Epoch 165] Train Loss: 0.0053 | LR: 0.000007
2026-04-15 13:19:04,082 - INFO -     >>> Val Avg RMSE (Real): 10955.3844
2026-04-15 13:19:04,082 - INFO -     >>> Val MAE Details: ['516.6321', '14283.1816', '12.3734', '164.8762']
2026-04-15 13:19:04,119 - INFO - 💾 Saved Best Model to ./logs/QM9_repr_atomistic_graph_SchNet_Task4_20260415_095728/best_model.pth
2026-04-15 13:20:15,877 - INFO - [Epoch 166] Train Loss: 0.0053 | LR: 0.000007
2026-04-15 13:20:15,877 - INFO -     >>> Val Avg RMSE (Real): 11007.6675
2026-04-15 13:20:15,877 - INFO -     >>> Val MAE Details: ['513.8995', '14393.8662', '12.3865', '170.1265']
2026-04-15 13:20:15,877 - INFO - ⏳ No improvement. Patience: 1/50
2026-04-15 13:21:31,688 - INFO - [Epoch 167] Train Loss: 0.0053 | LR: 0.000007
2026-04-15 13:21:31,688 - INFO -     >>> Val Avg RMSE (Real): 10960.1000
2026-04-15 13:21:31,688 - INFO -     >>> Val MAE Details: ['514.0343', '14337.5039', '12.4401', '168.1559']
2026-04-15 13:21:31,688 - INFO - ⏳ No improvement. Patience: 2/50
2026-04-15 13:22:47,426 - INFO - [Epoch 168] Train Loss: 0.0053 | LR: 0.000006
2026-04-15 13:22:47,426 - INFO -     >>> Val Avg RMSE (Real): 11002.7775
2026-04-15 13:22:47,426 - INFO -     >>> Val MAE Details: ['514.5187', '14345.2959', '12.6244', '166.2859']
2026-04-15 13:22:47,426 - INFO - ⏳ No improvement. Patience: 3/50
2026-04-15 13:24:03,335 - INFO - [Epoch 169] Train Loss: 0.0053 | LR: 0.000006
2026-04-15 13:24:03,335 - INFO -     >>> Val Avg RMSE (Real): 11030.6366
2026-04-15 13:24:03,335 - INFO -     >>> Val MAE Details: ['520.7662', '14374.2617', '12.4680', '163.6265']
2026-04-15 13:24:03,335 - INFO - ⏳ No improvement. Patience: 4/50
2026-04-15 13:25:19,460 - INFO - [Epoch 170] Train Loss: 0.0052 | LR: 0.000005
2026-04-15 13:25:19,460 - INFO -     >>> Val Avg RMSE (Real): 11361.6805
2026-04-15 13:25:19,460 - INFO -     >>> Val MAE Details: ['518.9581', '14605.0176', '12.7128', '168.2405']
2026-04-15 13:25:19,460 - INFO - ⏳ No improvement. Patience: 5/50
2026-04-15 13:26:35,848 - INFO - [Epoch 171] Train Loss: 0.0052 | LR: 0.000005
2026-04-15 13:26:35,848 - INFO -     >>> Val Avg RMSE (Real): 10908.8991
2026-04-15 13:26:35,848 - INFO -     >>> Val MAE Details: ['513.0701', '14258.5986', '12.3355', '162.5636']
2026-04-15 13:26:35,880 - INFO - 💾 Saved Best Model to ./logs/QM9_repr_atomistic_graph_SchNet_Task4_20260415_095728/best_model.pth
2026-04-15 13:27:51,727 - INFO - [Epoch 172] Train Loss: 0.0052 | LR: 0.000005
2026-04-15 13:27:51,727 - INFO -     >>> Val Avg RMSE (Real): 10908.1316
2026-04-15 13:27:51,727 - INFO -     >>> Val MAE Details: ['517.4534', '14205.9404', '12.3392', '162.8411']
2026-04-15 13:27:51,763 - INFO - 💾 Saved Best Model to ./logs/QM9_repr_atomistic_graph_SchNet_Task4_20260415_095728/best_model.pth
2026-04-15 13:29:07,533 - INFO - [Epoch 173] Train Loss: 0.0052 | LR: 0.000004
2026-04-15 13:29:07,533 - INFO -     >>> Val Avg RMSE (Real): 10926.9095
2026-04-15 13:29:07,533 - INFO -     >>> Val MAE Details: ['526.7018', '14222.6738', '12.4381', '161.8246']
2026-04-15 13:29:07,533 - INFO - ⏳ No improvement. Patience: 1/50
2026-04-15 13:30:19,229 - INFO - [Epoch 174] Train Loss: 0.0052 | LR: 0.000004
2026-04-15 13:30:19,229 - INFO -     >>> Val Avg RMSE (Real): 10877.8733
2026-04-15 13:30:19,229 - INFO -     >>> Val MAE Details: ['531.7301', '14183.2158', '12.3220', '164.6229']
2026-04-15 13:30:19,264 - INFO - 💾 Saved Best Model to ./logs/QM9_repr_atomistic_graph_SchNet_Task4_20260415_095728/best_model.pth
2026-04-15 13:31:32,640 - INFO - [Epoch 175] Train Loss: 0.0052 | LR: 0.000004
2026-04-15 13:31:32,641 - INFO -     >>> Val Avg RMSE (Real): 11010.6886
2026-04-15 13:31:32,641 - INFO -     >>> Val MAE Details: ['513.4449', '14487.7402', '12.3411', '163.0909']
2026-04-15 13:31:32,641 - INFO - ⏳ No improvement. Patience: 1/50
2026-04-15 13:32:48,241 - INFO - [Epoch 176] Train Loss: 0.0052 | LR: 0.000004
2026-04-15 13:32:48,241 - INFO -     >>> Val Avg RMSE (Real): 10899.0990
2026-04-15 13:32:48,241 - INFO -     >>> Val MAE Details: ['514.7099', '14200.8682', '12.3191', '161.8209']
2026-04-15 13:32:48,241 - INFO - ⏳ No improvement. Patience: 2/50
2026-04-15 13:34:04,313 - INFO - [Epoch 177] Train Loss: 0.0052 | LR: 0.000003
2026-04-15 13:34:04,314 - INFO -     >>> Val Avg RMSE (Real): 10871.2803
2026-04-15 13:34:04,314 - INFO -     >>> Val MAE Details: ['511.3762', '14199.6328', '12.3472', '161.4396']
2026-04-15 13:34:04,345 - INFO - 💾 Saved Best Model to ./logs/QM9_repr_atomistic_graph_SchNet_Task4_20260415_095728/best_model.pth
2026-04-15 13:35:20,676 - INFO - [Epoch 178] Train Loss: 0.0052 | LR: 0.000003
2026-04-15 13:35:20,676 - INFO -     >>> Val Avg RMSE (Real): 10878.1785
2026-04-15 13:35:20,676 - INFO -     >>> Val MAE Details: ['510.9253', '14148.1631', '12.2858', '162.6656']
2026-04-15 13:35:20,676 - INFO - ⏳ No improvement. Patience: 1/50
2026-04-15 13:36:36,725 - INFO - [Epoch 179] Train Loss: 0.0052 | LR: 0.000003
2026-04-15 13:36:36,725 - INFO -     >>> Val Avg RMSE (Real): 10921.7365
2026-04-15 13:36:36,725 - INFO -     >>> Val MAE Details: ['512.0711', '14200.0293', '12.4499', '163.1278']
2026-04-15 13:36:36,725 - INFO - ⏳ No improvement. Patience: 2/50
2026-04-15 13:37:52,964 - INFO - [Epoch 180] Train Loss: 0.0051 | LR: 0.000002
2026-04-15 13:37:52,964 - INFO -     >>> Val Avg RMSE (Real): 10916.3078
2026-04-15 13:37:52,964 - INFO -     >>> Val MAE Details: ['518.4738', '14178.4668', '12.3904', '161.9494']
2026-04-15 13:37:52,964 - INFO - ⏳ No improvement. Patience: 3/50
2026-04-15 13:39:08,020 - INFO - [Epoch 181] Train Loss: 0.0051 | LR: 0.000002
2026-04-15 13:39:08,021 - INFO -     >>> Val Avg RMSE (Real): 10869.4511
2026-04-15 13:39:08,021 - INFO -     >>> Val MAE Details: ['536.6897', '14163.6396', '12.3078', '161.7335']
2026-04-15 13:39:08,045 - INFO - 💾 Saved Best Model to ./logs/QM9_repr_atomistic_graph_SchNet_Task4_20260415_095728/best_model.pth
2026-04-15 13:40:23,055 - INFO - [Epoch 182] Train Loss: 0.0051 | LR: 0.000002
2026-04-15 13:40:23,056 - INFO -     >>> Val Avg RMSE (Real): 10849.4851
2026-04-15 13:40:23,056 - INFO -     >>> Val MAE Details: ['510.9804', '14119.0010', '12.3660', '161.0196']
2026-04-15 13:40:23,081 - INFO - 💾 Saved Best Model to ./logs/QM9_repr_atomistic_graph_SchNet_Task4_20260415_095728/best_model.pth
2026-04-15 13:41:32,275 - INFO - [Epoch 183] Train Loss: 0.0051 | LR: 0.000002
2026-04-15 13:41:32,275 - INFO -     >>> Val Avg RMSE (Real): 10841.5372
2026-04-15 13:41:32,275 - INFO -     >>> Val MAE Details: ['513.4935', '14114.2666', '12.3026', '162.2425']
2026-04-15 13:41:32,312 - INFO - 💾 Saved Best Model to ./logs/QM9_repr_atomistic_graph_SchNet_Task4_20260415_095728/best_model.pth
2026-04-15 13:42:47,594 - INFO - [Epoch 184] Train Loss: 0.0051 | LR: 0.000002
2026-04-15 13:42:47,594 - INFO -     >>> Val Avg RMSE (Real): 10837.7754
2026-04-15 13:42:47,594 - INFO -     >>> Val MAE Details: ['510.4881', '14107.5381', '12.2936', '160.8893']
2026-04-15 13:42:47,626 - INFO - 💾 Saved Best Model to ./logs/QM9_repr_atomistic_graph_SchNet_Task4_20260415_095728/best_model.pth
2026-04-15 13:44:03,574 - INFO - [Epoch 185] Train Loss: 0.0051 | LR: 0.000001
2026-04-15 13:44:03,574 - INFO -     >>> Val Avg RMSE (Real): 10815.9667
2026-04-15 13:44:03,574 - INFO -     >>> Val MAE Details: ['515.3086', '14097.5635', '12.2434', '160.9614']
2026-04-15 13:44:03,606 - INFO - 💾 Saved Best Model to ./logs/QM9_repr_atomistic_graph_SchNet_Task4_20260415_095728/best_model.pth
2026-04-15 13:45:19,671 - INFO - [Epoch 186] Train Loss: 0.0051 | LR: 0.000001
2026-04-15 13:45:19,671 - INFO -     >>> Val Avg RMSE (Real): 10825.1795
2026-04-15 13:45:19,671 - INFO -     >>> Val MAE Details: ['516.3831', '14110.7676', '12.3156', '160.7838']
2026-04-15 13:45:19,671 - INFO - ⏳ No improvement. Patience: 1/50
2026-04-15 13:46:35,860 - INFO - [Epoch 187] Train Loss: 0.0051 | LR: 0.000001
2026-04-15 13:46:35,860 - INFO -     >>> Val Avg RMSE (Real): 10821.0550
2026-04-15 13:46:35,860 - INFO -     >>> Val MAE Details: ['511.2920', '14120.5674', '12.2683', '163.6217']
2026-04-15 13:46:35,860 - INFO - ⏳ No improvement. Patience: 2/50
2026-04-15 13:47:51,616 - INFO - [Epoch 188] Train Loss: 0.0051 | LR: 0.000001
2026-04-15 13:47:51,616 - INFO -     >>> Val Avg RMSE (Real): 10813.4797
2026-04-15 13:47:51,616 - INFO -     >>> Val MAE Details: ['511.4031', '14071.3242', '12.2493', '160.3331']
2026-04-15 13:47:51,653 - INFO - 💾 Saved Best Model to ./logs/QM9_repr_atomistic_graph_SchNet_Task4_20260415_095728/best_model.pth
2026-04-15 13:49:08,233 - INFO - [Epoch 189] Train Loss: 0.0051 | LR: 0.000001
2026-04-15 13:49:08,234 - INFO -     >>> Val Avg RMSE (Real): 10850.0459
2026-04-15 13:49:08,234 - INFO -     >>> Val MAE Details: ['509.4838', '14136.5195', '12.2488', '164.1963']
2026-04-15 13:49:08,234 - INFO - ⏳ No improvement. Patience: 1/50
2026-04-15 13:50:24,171 - INFO - [Epoch 190] Train Loss: 0.0051 | LR: 0.000001
2026-04-15 13:50:24,171 - INFO -     >>> Val Avg RMSE (Real): 10811.4092
2026-04-15 13:50:24,171 - INFO -     >>> Val MAE Details: ['515.9911', '14073.8984', '12.2554', '160.7088']
2026-04-15 13:50:24,195 - INFO - 💾 Saved Best Model to ./logs/QM9_repr_atomistic_graph_SchNet_Task4_20260415_095728/best_model.pth
2026-04-15 13:51:39,566 - INFO - [Epoch 191] Train Loss: 0.0051 | LR: 0.000000
2026-04-15 13:51:39,566 - INFO -     >>> Val Avg RMSE (Real): 10824.5044
2026-04-15 13:51:39,566 - INFO -     >>> Val MAE Details: ['509.9705', '14101.7510', '12.3365', '161.3985']
2026-04-15 13:51:39,566 - INFO - ⏳ No improvement. Patience: 1/50
2026-04-15 13:52:49,257 - INFO - [Epoch 192] Train Loss: 0.0051 | LR: 0.000000
2026-04-15 13:52:49,257 - INFO -     >>> Val Avg RMSE (Real): 10794.9814
2026-04-15 13:52:49,257 - INFO -     >>> Val MAE Details: ['509.7202', '14067.0146', '12.2803', '160.8907']
2026-04-15 13:52:49,289 - INFO - 💾 Saved Best Model to ./logs/QM9_repr_atomistic_graph_SchNet_Task4_20260415_095728/best_model.pth
2026-04-15 13:54:05,461 - INFO - [Epoch 193] Train Loss: 0.0051 | LR: 0.000000
2026-04-15 13:54:05,461 - INFO -     >>> Val Avg RMSE (Real): 10826.2185
2026-04-15 13:54:05,461 - INFO -     >>> Val MAE Details: ['511.1643', '14083.7793', '12.2362', '160.4095']
2026-04-15 13:54:05,461 - INFO - ⏳ No improvement. Patience: 1/50
2026-04-15 13:55:21,073 - INFO - [Epoch 194] Train Loss: 0.0051 | LR: 0.000000
2026-04-15 13:55:21,073 - INFO -     >>> Val Avg RMSE (Real): 10808.7546
2026-04-15 13:55:21,073 - INFO -     >>> Val MAE Details: ['511.3694', '14074.7441', '12.2380', '161.0799']
2026-04-15 13:55:21,074 - INFO - ⏳ No improvement. Patience: 2/50
2026-04-15 13:56:36,334 - INFO - [Epoch 195] Train Loss: 0.0051 | LR: 0.000000
2026-04-15 13:56:36,334 - INFO -     >>> Val Avg RMSE (Real): 10805.3291
2026-04-15 13:56:36,334 - INFO -     >>> Val MAE Details: ['509.6492', '14065.7578', '12.2492', '160.3266']
2026-04-15 13:56:36,334 - INFO - ⏳ No improvement. Patience: 3/50
2026-04-15 13:57:51,988 - INFO - [Epoch 196] Train Loss: 0.0051 | LR: 0.000000
2026-04-15 13:57:51,989 - INFO -     >>> Val Avg RMSE (Real): 10803.1473
2026-04-15 13:57:51,989 - INFO -     >>> Val MAE Details: ['510.0798', '14063.1113', '12.2466', '160.3826']
2026-04-15 13:57:51,989 - INFO - ⏳ No improvement. Patience: 4/50
2026-04-15 13:59:07,932 - INFO - [Epoch 197] Train Loss: 0.0051 | LR: 0.000000
2026-04-15 13:59:07,933 - INFO -     >>> Val Avg RMSE (Real): 10799.6748
2026-04-15 13:59:07,933 - INFO -     >>> Val MAE Details: ['510.6271', '14062.5684', '12.2436', '160.3660']
2026-04-15 13:59:07,933 - INFO - ⏳ No improvement. Patience: 5/50
2026-04-15 14:00:24,052 - INFO - [Epoch 198] Train Loss: 0.0051 | LR: 0.000000
2026-04-15 14:00:24,052 - INFO -     >>> Val Avg RMSE (Real): 10798.9070
2026-04-15 14:00:24,052 - INFO -     >>> Val MAE Details: ['510.9023', '14058.2793', '12.2498', '160.3242']
2026-04-15 14:00:24,052 - INFO - ⏳ No improvement. Patience: 6/50
2026-04-15 14:01:39,175 - INFO - [Epoch 199] Train Loss: 0.0051 | LR: 0.000000
2026-04-15 14:01:39,176 - INFO -     >>> Val Avg RMSE (Real): 10800.5541
2026-04-15 14:01:39,176 - INFO -     >>> Val MAE Details: ['510.0553', '14063.0107', '12.2535', '160.3084']
2026-04-15 14:01:39,176 - INFO - ⏳ No improvement. Patience: 7/50
2026-04-15 14:02:54,868 - INFO - [Epoch 200] Train Loss: 0.0051 | LR: 0.000000
2026-04-15 14:02:54,868 - INFO -     >>> Val Avg RMSE (Real): 10798.4384
2026-04-15 14:02:54,868 - INFO -     >>> Val MAE Details: ['510.5250', '14058.8906', '12.2493', '160.3275']
2026-04-15 14:02:54,868 - INFO - ⏳ No improvement. Patience: 8/50
