2026-04-16 21:20:33,293 - INFO - 💾 Config files backed up to ./logs/QMugs_repr_atomistic_graph_ComENet_Task1_20260416_212033
2026-04-16 21:20:33,293 - INFO - 🎯 Multi-Task Targets (1): ['formation_energy_meV']
2026-04-16 21:20:33,293 - INFO - ========================================
2026-04-16 21:20:33,293 - INFO -         Training Configuration        
2026-04-16 21:20:33,293 - INFO - ========================================
2026-04-16 21:20:33,294 - INFO - 
{'data': {'dataset_mode': 'repr_atomistic_graph',
          'grid_size': 0.1,
          'max_radius': 10.0,
          'pkl_path': '../data/QMugs/qmugs_ed_1024_dft_meV_fps.pkl',
          'targets': ['formation_energy_meV']},
 'model': {'cutoff': 10.0,
           'hidden_channels': 128,
           'max_num_neighbors': 64,
           'name': 'ComENet',
           'num_layers': 5,
           'num_radial': 6,
           'num_spherical': 7},
 'train': {'batch_size': 32,
           'epochs': 200,
           'grad_norm_clip': 1.0,
           'lr': 0.0001,
           'patience': 50,
           'seed': 2025,
           'weight_decay': 0.0001}}
2026-04-16 21:20:33,294 - INFO - ========================================

2026-04-16 21:20:33,294 - INFO - 🚀 Start Training on Device: cuda
2026-04-16 21:20:33,294 - INFO - Loading Data...
2026-04-16 21:20:33,294 - INFO - Loading Dataset Mode: repr_atomistic_graph...
2026-04-16 21:20:37,606 - INFO - Stats - Mean: [[-266361.1]], Std: [[91182.08]]
2026-04-16 21:20:37,606 - INFO - Building Model: ComENet...
2026-04-16 21:21:12,276 - INFO - Total Parameters: 1.3245 M

2026-04-16 21:22:47,226 - INFO - [Epoch 1] Train Loss: 0.3990 | LR: 0.000100
2026-04-16 21:22:47,226 - INFO -     >>> Val Avg RMSE (Real): 31717.8077
2026-04-16 21:22:47,226 - INFO -     >>> Val MAE Details: ['26950.0312']
2026-04-16 21:22:47,310 - INFO - 💾 Saved Best Model to ./logs/QMugs_repr_atomistic_graph_ComENet_Task1_20260416_212033/best_model.pth
2026-04-16 21:24:21,124 - INFO - [Epoch 2] Train Loss: 0.0596 | LR: 0.000100
2026-04-16 21:24:21,124 - INFO -     >>> Val Avg RMSE (Real): 22345.4593
2026-04-16 21:24:21,124 - INFO -     >>> Val MAE Details: ['18529.1035']
2026-04-16 21:24:21,244 - INFO - 💾 Saved Best Model to ./logs/QMugs_repr_atomistic_graph_ComENet_Task1_20260416_212033/best_model.pth
2026-04-16 21:25:59,412 - INFO - [Epoch 3] Train Loss: 0.0316 | LR: 0.000100
2026-04-16 21:25:59,413 - INFO -     >>> Val Avg RMSE (Real): 17232.2507
2026-04-16 21:25:59,413 - INFO -     >>> Val MAE Details: ['12959.4209']
2026-04-16 21:25:59,545 - INFO - 💾 Saved Best Model to ./logs/QMugs_repr_atomistic_graph_ComENet_Task1_20260416_212033/best_model.pth
2026-04-16 21:27:34,629 - INFO - [Epoch 4] Train Loss: 0.0279 | LR: 0.000100
2026-04-16 21:27:34,629 - INFO -     >>> Val Avg RMSE (Real): 14105.8405
2026-04-16 21:27:34,629 - INFO -     >>> Val MAE Details: ['9157.8994']
2026-04-16 21:27:34,728 - INFO - 💾 Saved Best Model to ./logs/QMugs_repr_atomistic_graph_ComENet_Task1_20260416_212033/best_model.pth
2026-04-16 21:29:10,501 - INFO - [Epoch 5] Train Loss: 0.0219 | LR: 0.000100
2026-04-16 21:29:10,502 - INFO -     >>> Val Avg RMSE (Real): 16580.6219
2026-04-16 21:29:10,502 - INFO -     >>> Val MAE Details: ['10352.7441']
2026-04-16 21:29:10,502 - INFO - ⏳ No improvement. Patience: 1/50
2026-04-16 21:30:46,856 - INFO - [Epoch 6] Train Loss: 0.0351 | LR: 0.000100
2026-04-16 21:30:46,856 - INFO -     >>> Val Avg RMSE (Real): 29250.5984
2026-04-16 21:30:46,856 - INFO -     >>> Val MAE Details: ['26576.2227']
2026-04-16 21:30:46,856 - INFO - ⏳ No improvement. Patience: 2/50
2026-04-16 21:32:23,310 - INFO - [Epoch 7] Train Loss: 0.0258 | LR: 0.000100
2026-04-16 21:32:23,311 - INFO -     >>> Val Avg RMSE (Real): 9097.0457
2026-04-16 21:32:23,311 - INFO -     >>> Val MAE Details: ['5517.0835']
2026-04-16 21:32:23,445 - INFO - 💾 Saved Best Model to ./logs/QMugs_repr_atomistic_graph_ComENet_Task1_20260416_212033/best_model.pth
2026-04-16 21:34:00,098 - INFO - [Epoch 8] Train Loss: 0.0236 | LR: 0.000100
2026-04-16 21:34:00,099 - INFO -     >>> Val Avg RMSE (Real): 11106.4777
2026-04-16 21:34:00,099 - INFO -     >>> Val MAE Details: ['7536.4038']
2026-04-16 21:34:00,099 - INFO - ⏳ No improvement. Patience: 1/50
2026-04-16 21:35:36,604 - INFO - [Epoch 9] Train Loss: 0.0197 | LR: 0.000100
2026-04-16 21:35:36,606 - INFO -     >>> Val Avg RMSE (Real): 9749.1460
2026-04-16 21:35:36,606 - INFO -     >>> Val MAE Details: ['6157.1880']
2026-04-16 21:35:36,606 - INFO - ⏳ No improvement. Patience: 2/50
2026-04-16 21:37:13,661 - INFO - [Epoch 10] Train Loss: 0.0168 | LR: 0.000099
2026-04-16 21:37:13,661 - INFO -     >>> Val Avg RMSE (Real): 10642.4696
2026-04-16 21:37:13,661 - INFO -     >>> Val MAE Details: ['5369.9287']
2026-04-16 21:37:13,661 - INFO - ⏳ No improvement. Patience: 3/50
2026-04-16 21:38:48,991 - INFO - [Epoch 11] Train Loss: 0.0157 | LR: 0.000099
2026-04-16 21:38:48,991 - INFO -     >>> Val Avg RMSE (Real): 10968.3749
2026-04-16 21:38:48,991 - INFO -     >>> Val MAE Details: ['6379.1440']
2026-04-16 21:38:48,991 - INFO - ⏳ No improvement. Patience: 4/50
2026-04-16 21:40:25,189 - INFO - [Epoch 12] Train Loss: 0.0140 | LR: 0.000099
2026-04-16 21:40:25,189 - INFO -     >>> Val Avg RMSE (Real): 12039.3581
2026-04-16 21:40:25,189 - INFO -     >>> Val MAE Details: ['7226.2095']
2026-04-16 21:40:25,189 - INFO - ⏳ No improvement. Patience: 5/50
2026-04-16 21:42:02,156 - INFO - [Epoch 13] Train Loss: 0.0144 | LR: 0.000099
2026-04-16 21:42:02,156 - INFO -     >>> Val Avg RMSE (Real): 8078.1094
2026-04-16 21:42:02,156 - INFO -     >>> Val MAE Details: ['4573.2056']
2026-04-16 21:42:02,263 - INFO - 💾 Saved Best Model to ./logs/QMugs_repr_atomistic_graph_ComENet_Task1_20260416_212033/best_model.pth
2026-04-16 21:43:35,963 - INFO - [Epoch 14] Train Loss: 0.0163 | LR: 0.000099
2026-04-16 21:43:35,963 - INFO -     >>> Val Avg RMSE (Real): 8743.9026
2026-04-16 21:43:35,964 - INFO -     >>> Val MAE Details: ['6337.2837']
2026-04-16 21:43:35,964 - INFO - ⏳ No improvement. Patience: 1/50
2026-04-16 21:45:09,458 - INFO - [Epoch 15] Train Loss: 0.0116 | LR: 0.000099
2026-04-16 21:45:09,458 - INFO -     >>> Val Avg RMSE (Real): 14608.2694
2026-04-16 21:45:09,458 - INFO -     >>> Val MAE Details: ['12927.2363']
2026-04-16 21:45:09,458 - INFO - ⏳ No improvement. Patience: 2/50
2026-04-16 21:46:45,031 - INFO - [Epoch 16] Train Loss: 0.0116 | LR: 0.000098
2026-04-16 21:46:45,031 - INFO -     >>> Val Avg RMSE (Real): 7712.7365
2026-04-16 21:46:45,032 - INFO -     >>> Val MAE Details: ['4834.3706']
2026-04-16 21:46:45,216 - INFO - 💾 Saved Best Model to ./logs/QMugs_repr_atomistic_graph_ComENet_Task1_20260416_212033/best_model.pth
2026-04-16 21:48:23,179 - INFO - [Epoch 17] Train Loss: 0.0134 | LR: 0.000098
2026-04-16 21:48:23,180 - INFO -     >>> Val Avg RMSE (Real): 12112.8282
2026-04-16 21:48:23,180 - INFO -     >>> Val MAE Details: ['6384.7490']
2026-04-16 21:48:23,180 - INFO - ⏳ No improvement. Patience: 1/50
2026-04-16 21:50:00,681 - INFO - [Epoch 18] Train Loss: 0.0106 | LR: 0.000098
2026-04-16 21:50:00,682 - INFO -     >>> Val Avg RMSE (Real): 12385.6013
2026-04-16 21:50:00,682 - INFO -     >>> Val MAE Details: ['7929.1440']
2026-04-16 21:50:00,682 - INFO - ⏳ No improvement. Patience: 2/50
2026-04-16 21:51:38,698 - INFO - [Epoch 19] Train Loss: 0.0123 | LR: 0.000098
2026-04-16 21:51:38,698 - INFO -     >>> Val Avg RMSE (Real): 10752.6934
2026-04-16 21:51:38,698 - INFO -     >>> Val MAE Details: ['8949.4854']
2026-04-16 21:51:38,698 - INFO - ⏳ No improvement. Patience: 3/50
2026-04-16 21:53:15,306 - INFO - [Epoch 20] Train Loss: 0.0100 | LR: 0.000098
2026-04-16 21:53:15,307 - INFO -     >>> Val Avg RMSE (Real): 8302.4811
2026-04-16 21:53:15,307 - INFO -     >>> Val MAE Details: ['4764.8457']
2026-04-16 21:53:15,307 - INFO - ⏳ No improvement. Patience: 4/50
2026-04-16 21:54:51,229 - INFO - [Epoch 21] Train Loss: 0.0133 | LR: 0.000097
2026-04-16 21:54:51,230 - INFO -     >>> Val Avg RMSE (Real): 9477.2532
2026-04-16 21:54:51,230 - INFO -     >>> Val MAE Details: ['4960.9893']
2026-04-16 21:54:51,230 - INFO - ⏳ No improvement. Patience: 5/50
2026-04-16 21:56:26,300 - INFO - [Epoch 22] Train Loss: 0.0113 | LR: 0.000097
2026-04-16 21:56:26,300 - INFO -     >>> Val Avg RMSE (Real): 8153.3286
2026-04-16 21:56:26,300 - INFO -     >>> Val MAE Details: ['5150.5425']
2026-04-16 21:56:26,300 - INFO - ⏳ No improvement. Patience: 6/50
2026-04-16 21:58:03,222 - INFO - [Epoch 23] Train Loss: 0.0116 | LR: 0.000097
2026-04-16 21:58:03,223 - INFO -     >>> Val Avg RMSE (Real): 8550.7356
2026-04-16 21:58:03,223 - INFO -     >>> Val MAE Details: ['4950.8901']
2026-04-16 21:58:03,223 - INFO - ⏳ No improvement. Patience: 7/50
2026-04-16 21:59:39,667 - INFO - [Epoch 24] Train Loss: 0.0106 | LR: 0.000096
2026-04-16 21:59:39,667 - INFO -     >>> Val Avg RMSE (Real): 9317.8555
2026-04-16 21:59:39,667 - INFO -     >>> Val MAE Details: ['6339.5156']
2026-04-16 21:59:39,667 - INFO - ⏳ No improvement. Patience: 8/50
2026-04-16 22:01:14,170 - INFO - [Epoch 25] Train Loss: 0.0106 | LR: 0.000096
2026-04-16 22:01:14,171 - INFO -     >>> Val Avg RMSE (Real): 7955.2018
2026-04-16 22:01:14,171 - INFO -     >>> Val MAE Details: ['4581.4141']
2026-04-16 22:01:14,172 - INFO - ⏳ No improvement. Patience: 9/50
2026-04-16 22:02:51,205 - INFO - [Epoch 26] Train Loss: 0.0120 | LR: 0.000096
2026-04-16 22:02:51,205 - INFO -     >>> Val Avg RMSE (Real): 10566.8080
2026-04-16 22:02:51,205 - INFO -     >>> Val MAE Details: ['8076.1294']
2026-04-16 22:02:51,205 - INFO - ⏳ No improvement. Patience: 10/50
2026-04-16 22:04:27,172 - INFO - [Epoch 27] Train Loss: 0.0116 | LR: 0.000096
2026-04-16 22:04:27,172 - INFO -     >>> Val Avg RMSE (Real): 10058.8675
2026-04-16 22:04:27,173 - INFO -     >>> Val MAE Details: ['4260.8584']
2026-04-16 22:04:27,173 - INFO - ⏳ No improvement. Patience: 11/50
2026-04-16 22:06:02,191 - INFO - [Epoch 28] Train Loss: 0.0107 | LR: 0.000095
2026-04-16 22:06:02,191 - INFO -     >>> Val Avg RMSE (Real): 11319.5314
2026-04-16 22:06:02,191 - INFO -     >>> Val MAE Details: ['4783.5957']
2026-04-16 22:06:02,191 - INFO - ⏳ No improvement. Patience: 12/50
2026-04-16 22:07:37,072 - INFO - [Epoch 29] Train Loss: 0.0108 | LR: 0.000095
2026-04-16 22:07:37,073 - INFO -     >>> Val Avg RMSE (Real): 8569.9461
2026-04-16 22:07:37,073 - INFO -     >>> Val MAE Details: ['4305.0337']
2026-04-16 22:07:37,073 - INFO - ⏳ No improvement. Patience: 13/50
2026-04-16 22:09:13,335 - INFO - [Epoch 30] Train Loss: 0.0698 | LR: 0.000095
2026-04-16 22:09:13,335 - INFO -     >>> Val Avg RMSE (Real): 16539.5545
2026-04-16 22:09:13,335 - INFO -     >>> Val MAE Details: ['8269.2314']
2026-04-16 22:09:13,335 - INFO - ⏳ No improvement. Patience: 14/50
2026-04-16 22:10:48,708 - INFO - [Epoch 31] Train Loss: 0.0420 | LR: 0.000094
2026-04-16 22:10:48,708 - INFO -     >>> Val Avg RMSE (Real): 14680.0016
2026-04-16 22:10:48,708 - INFO -     >>> Val MAE Details: ['10455.1191']
2026-04-16 22:10:48,708 - INFO - ⏳ No improvement. Patience: 15/50
2026-04-16 22:12:23,861 - INFO - [Epoch 32] Train Loss: 0.0126 | LR: 0.000094
2026-04-16 22:12:23,862 - INFO -     >>> Val Avg RMSE (Real): 11166.1331
2026-04-16 22:12:23,862 - INFO -     >>> Val MAE Details: ['4235.4893']
2026-04-16 22:12:23,862 - INFO - ⏳ No improvement. Patience: 16/50
2026-04-16 22:13:59,961 - INFO - [Epoch 33] Train Loss: 0.0102 | LR: 0.000093
2026-04-16 22:13:59,962 - INFO -     >>> Val Avg RMSE (Real): 10062.7511
2026-04-16 22:13:59,962 - INFO -     >>> Val MAE Details: ['6298.2681']
2026-04-16 22:13:59,962 - INFO - ⏳ No improvement. Patience: 17/50
2026-04-16 22:15:35,537 - INFO - [Epoch 34] Train Loss: 0.0103 | LR: 0.000093
2026-04-16 22:15:35,537 - INFO -     >>> Val Avg RMSE (Real): 10430.2778
2026-04-16 22:15:35,537 - INFO -     >>> Val MAE Details: ['4999.5176']
2026-04-16 22:15:35,537 - INFO - ⏳ No improvement. Patience: 18/50
2026-04-16 22:17:10,655 - INFO - [Epoch 35] Train Loss: 0.0192 | LR: 0.000093
2026-04-16 22:17:10,655 - INFO -     >>> Val Avg RMSE (Real): 16024.4498
2026-04-16 22:17:10,655 - INFO -     >>> Val MAE Details: ['9113.5664']
2026-04-16 22:17:10,655 - INFO - ⏳ No improvement. Patience: 19/50
2026-04-16 22:18:46,215 - INFO - [Epoch 36] Train Loss: 0.0418 | LR: 0.000092
2026-04-16 22:18:46,215 - INFO -     >>> Val Avg RMSE (Real): 23547.5254
2026-04-16 22:18:46,215 - INFO -     >>> Val MAE Details: ['12760.4287']
2026-04-16 22:18:46,215 - INFO - ⏳ No improvement. Patience: 20/50
2026-04-16 22:20:21,402 - INFO - [Epoch 37] Train Loss: 0.0192 | LR: 0.000092
2026-04-16 22:20:21,402 - INFO -     >>> Val Avg RMSE (Real): 11154.3319
2026-04-16 22:20:21,402 - INFO -     >>> Val MAE Details: ['7164.0151']
2026-04-16 22:20:21,402 - INFO - ⏳ No improvement. Patience: 21/50
2026-04-16 22:21:56,556 - INFO - [Epoch 38] Train Loss: 0.0150 | LR: 0.000091
2026-04-16 22:21:56,556 - INFO -     >>> Val Avg RMSE (Real): 13541.1149
2026-04-16 22:21:56,556 - INFO -     >>> Val MAE Details: ['5765.0469']
2026-04-16 22:21:56,556 - INFO - ⏳ No improvement. Patience: 22/50
2026-04-16 22:23:32,706 - INFO - [Epoch 39] Train Loss: 0.0144 | LR: 0.000091
2026-04-16 22:23:32,707 - INFO -     >>> Val Avg RMSE (Real): 12440.4675
2026-04-16 22:23:32,707 - INFO -     >>> Val MAE Details: ['9507.6865']
2026-04-16 22:23:32,707 - INFO - ⏳ No improvement. Patience: 23/50
2026-04-16 22:25:07,651 - INFO - [Epoch 40] Train Loss: 0.0110 | LR: 0.000090
2026-04-16 22:25:07,652 - INFO -     >>> Val Avg RMSE (Real): 9843.7282
2026-04-16 22:25:07,652 - INFO -     >>> Val MAE Details: ['4426.9473']
2026-04-16 22:25:07,652 - INFO - ⏳ No improvement. Patience: 24/50
2026-04-16 22:26:42,137 - INFO - [Epoch 41] Train Loss: 0.0124 | LR: 0.000090
2026-04-16 22:26:42,138 - INFO -     >>> Val Avg RMSE (Real): 9676.1662
2026-04-16 22:26:42,138 - INFO -     >>> Val MAE Details: ['4187.8589']
2026-04-16 22:26:42,138 - INFO - ⏳ No improvement. Patience: 25/50
2026-04-16 22:28:17,043 - INFO - [Epoch 42] Train Loss: 0.0136 | LR: 0.000090
2026-04-16 22:28:17,043 - INFO -     >>> Val Avg RMSE (Real): 17533.7645
2026-04-16 22:28:17,044 - INFO -     >>> Val MAE Details: ['9956.8770']
2026-04-16 22:28:17,044 - INFO - ⏳ No improvement. Patience: 26/50
2026-04-16 22:29:51,745 - INFO - [Epoch 43] Train Loss: 0.0147 | LR: 0.000089
2026-04-16 22:29:51,745 - INFO -     >>> Val Avg RMSE (Real): 12595.6443
2026-04-16 22:29:51,745 - INFO -     >>> Val MAE Details: ['4784.1758']
2026-04-16 22:29:51,746 - INFO - ⏳ No improvement. Patience: 27/50
2026-04-16 22:31:27,800 - INFO - [Epoch 44] Train Loss: 0.0119 | LR: 0.000089
2026-04-16 22:31:27,801 - INFO -     >>> Val Avg RMSE (Real): 10568.1499
2026-04-16 22:31:27,801 - INFO -     >>> Val MAE Details: ['5675.0181']
2026-04-16 22:31:27,802 - INFO - ⏳ No improvement. Patience: 28/50
2026-04-16 22:33:03,216 - INFO - [Epoch 45] Train Loss: 0.0142 | LR: 0.000088
2026-04-16 22:33:03,217 - INFO -     >>> Val Avg RMSE (Real): 10957.9578
2026-04-16 22:33:03,217 - INFO -     >>> Val MAE Details: ['7609.6582']
2026-04-16 22:33:03,217 - INFO - ⏳ No improvement. Patience: 29/50
2026-04-16 22:34:37,863 - INFO - [Epoch 46] Train Loss: 0.0220 | LR: 0.000088
2026-04-16 22:34:37,863 - INFO -     >>> Val Avg RMSE (Real): 10315.9104
2026-04-16 22:34:37,863 - INFO -     >>> Val MAE Details: ['5220.4399']
2026-04-16 22:34:37,863 - INFO - ⏳ No improvement. Patience: 30/50
2026-04-16 22:36:12,794 - INFO - [Epoch 47] Train Loss: 0.0169 | LR: 0.000087
2026-04-16 22:36:12,794 - INFO -     >>> Val Avg RMSE (Real): 9589.7837
2026-04-16 22:36:12,794 - INFO -     >>> Val MAE Details: ['5034.3521']
2026-04-16 22:36:12,794 - INFO - ⏳ No improvement. Patience: 31/50
2026-04-16 22:37:49,081 - INFO - [Epoch 48] Train Loss: 0.0165 | LR: 0.000086
2026-04-16 22:37:49,081 - INFO -     >>> Val Avg RMSE (Real): 10337.1578
2026-04-16 22:37:49,081 - INFO -     >>> Val MAE Details: ['5946.0542']
2026-04-16 22:37:49,082 - INFO - ⏳ No improvement. Patience: 32/50
2026-04-16 22:39:24,724 - INFO - [Epoch 49] Train Loss: 0.0239 | LR: 0.000086
2026-04-16 22:39:24,724 - INFO -     >>> Val Avg RMSE (Real): 20518.3165
2026-04-16 22:39:24,724 - INFO -     >>> Val MAE Details: ['10454.9131']
2026-04-16 22:39:24,724 - INFO - ⏳ No improvement. Patience: 33/50
2026-04-16 22:41:01,932 - INFO - [Epoch 50] Train Loss: 0.0321 | LR: 0.000085
2026-04-16 22:41:01,932 - INFO -     >>> Val Avg RMSE (Real): 18287.4016
2026-04-16 22:41:01,932 - INFO -     >>> Val MAE Details: ['9567.4521']
2026-04-16 22:41:01,932 - INFO - ⏳ No improvement. Patience: 34/50
2026-04-16 22:42:39,317 - INFO - [Epoch 51] Train Loss: 0.0119 | LR: 0.000085
2026-04-16 22:42:39,317 - INFO -     >>> Val Avg RMSE (Real): 9476.4681
2026-04-16 22:42:39,317 - INFO -     >>> Val MAE Details: ['3716.9443']
2026-04-16 22:42:39,317 - INFO - ⏳ No improvement. Patience: 35/50
2026-04-16 22:44:15,674 - INFO - [Epoch 52] Train Loss: 0.0088 | LR: 0.000084
2026-04-16 22:44:15,674 - INFO -     >>> Val Avg RMSE (Real): 7661.8541
2026-04-16 22:44:15,674 - INFO -     >>> Val MAE Details: ['4217.5806']
2026-04-16 22:44:15,777 - INFO - 💾 Saved Best Model to ./logs/QMugs_repr_atomistic_graph_ComENet_Task1_20260416_212033/best_model.pth
2026-04-16 22:45:43,941 - INFO - [Epoch 53] Train Loss: 0.0105 | LR: 0.000084
2026-04-16 22:45:43,942 - INFO -     >>> Val Avg RMSE (Real): 10482.6504
2026-04-16 22:45:43,942 - INFO -     >>> Val MAE Details: ['8577.6826']
2026-04-16 22:45:43,942 - INFO - ⏳ No improvement. Patience: 1/50
2026-04-16 22:47:07,585 - INFO - [Epoch 54] Train Loss: 0.0097 | LR: 0.000083
2026-04-16 22:47:07,585 - INFO -     >>> Val Avg RMSE (Real): 7931.2087
2026-04-16 22:47:07,585 - INFO -     >>> Val MAE Details: ['3699.0215']
2026-04-16 22:47:07,585 - INFO - ⏳ No improvement. Patience: 2/50
2026-04-16 22:48:31,357 - INFO - [Epoch 55] Train Loss: 0.0073 | LR: 0.000082
2026-04-16 22:48:31,357 - INFO -     >>> Val Avg RMSE (Real): 12551.7623
2026-04-16 22:48:31,357 - INFO -     >>> Val MAE Details: ['9645.0869']
2026-04-16 22:48:31,357 - INFO - ⏳ No improvement. Patience: 3/50
2026-04-16 22:49:58,545 - INFO - [Epoch 56] Train Loss: 0.0122 | LR: 0.000082
2026-04-16 22:49:58,545 - INFO -     >>> Val Avg RMSE (Real): 10485.3956
2026-04-16 22:49:58,545 - INFO -     >>> Val MAE Details: ['3639.9270']
2026-04-16 22:49:58,545 - INFO - ⏳ No improvement. Patience: 4/50
2026-04-16 22:51:22,224 - INFO - [Epoch 57] Train Loss: 0.0108 | LR: 0.000081
2026-04-16 22:51:22,224 - INFO -     >>> Val Avg RMSE (Real): 10865.9218
2026-04-16 22:51:22,224 - INFO -     >>> Val MAE Details: ['4468.9087']
2026-04-16 22:51:22,224 - INFO - ⏳ No improvement. Patience: 5/50
2026-04-16 22:52:46,513 - INFO - [Epoch 58] Train Loss: 0.0091 | LR: 0.000081
2026-04-16 22:52:46,514 - INFO -     >>> Val Avg RMSE (Real): 9813.7434
2026-04-16 22:52:46,514 - INFO -     >>> Val MAE Details: ['3551.7419']
2026-04-16 22:52:46,514 - INFO - ⏳ No improvement. Patience: 6/50
2026-04-16 22:54:08,683 - INFO - [Epoch 59] Train Loss: 0.0103 | LR: 0.000080
2026-04-16 22:54:08,684 - INFO -     >>> Val Avg RMSE (Real): 8427.2264
2026-04-16 22:54:08,684 - INFO -     >>> Val MAE Details: ['4764.1167']
2026-04-16 22:54:08,684 - INFO - ⏳ No improvement. Patience: 7/50
2026-04-16 22:55:31,589 - INFO - [Epoch 60] Train Loss: 0.0090 | LR: 0.000079
2026-04-16 22:55:31,589 - INFO -     >>> Val Avg RMSE (Real): 11049.5850
2026-04-16 22:55:31,589 - INFO -     >>> Val MAE Details: ['5781.3311']
2026-04-16 22:55:31,589 - INFO - ⏳ No improvement. Patience: 8/50
2026-04-16 22:56:54,422 - INFO - [Epoch 61] Train Loss: 0.0173 | LR: 0.000079
2026-04-16 22:56:54,422 - INFO -     >>> Val Avg RMSE (Real): 10041.7250
2026-04-16 22:56:54,422 - INFO -     >>> Val MAE Details: ['5219.8511']
2026-04-16 22:56:54,422 - INFO - ⏳ No improvement. Patience: 9/50
2026-04-16 22:58:19,505 - INFO - [Epoch 62] Train Loss: 0.0192 | LR: 0.000078
2026-04-16 22:58:19,506 - INFO -     >>> Val Avg RMSE (Real): 12769.8733
2026-04-16 22:58:19,507 - INFO -     >>> Val MAE Details: ['6256.8062']
2026-04-16 22:58:19,507 - INFO - ⏳ No improvement. Patience: 10/50
2026-04-16 22:59:44,484 - INFO - [Epoch 63] Train Loss: 0.0243 | LR: 0.000077
2026-04-16 22:59:44,484 - INFO -     >>> Val Avg RMSE (Real): 14519.2600
2026-04-16 22:59:44,484 - INFO -     >>> Val MAE Details: ['8392.2783']
2026-04-16 22:59:44,484 - INFO - ⏳ No improvement. Patience: 11/50
2026-04-16 23:01:07,624 - INFO - [Epoch 64] Train Loss: 0.0162 | LR: 0.000077
2026-04-16 23:01:07,624 - INFO -     >>> Val Avg RMSE (Real): 11572.0273
2026-04-16 23:01:07,624 - INFO -     >>> Val MAE Details: ['6726.8765']
2026-04-16 23:01:07,624 - INFO - ⏳ No improvement. Patience: 12/50
2026-04-16 23:02:29,186 - INFO - [Epoch 65] Train Loss: 0.0151 | LR: 0.000076
2026-04-16 23:02:29,186 - INFO -     >>> Val Avg RMSE (Real): 9820.4102
2026-04-16 23:02:29,186 - INFO -     >>> Val MAE Details: ['4623.7646']
2026-04-16 23:02:29,186 - INFO - ⏳ No improvement. Patience: 13/50
2026-04-16 23:03:53,592 - INFO - [Epoch 66] Train Loss: 0.0145 | LR: 0.000075
2026-04-16 23:03:53,593 - INFO -     >>> Val Avg RMSE (Real): 11051.4781
2026-04-16 23:03:53,593 - INFO -     >>> Val MAE Details: ['4899.7671']
2026-04-16 23:03:53,593 - INFO - ⏳ No improvement. Patience: 14/50
2026-04-16 23:05:17,164 - INFO - [Epoch 67] Train Loss: 0.0118 | LR: 0.000075
2026-04-16 23:05:17,165 - INFO -     >>> Val Avg RMSE (Real): 10886.4202
2026-04-16 23:05:17,165 - INFO -     >>> Val MAE Details: ['4003.3728']
2026-04-16 23:05:17,165 - INFO - ⏳ No improvement. Patience: 15/50
2026-04-16 23:06:43,905 - INFO - [Epoch 68] Train Loss: 0.0098 | LR: 0.000074
2026-04-16 23:06:43,905 - INFO -     >>> Val Avg RMSE (Real): 9733.5042
2026-04-16 23:06:43,905 - INFO -     >>> Val MAE Details: ['3919.5823']
2026-04-16 23:06:43,905 - INFO - ⏳ No improvement. Patience: 16/50
2026-04-16 23:08:10,225 - INFO - [Epoch 69] Train Loss: 0.0101 | LR: 0.000073
2026-04-16 23:08:10,225 - INFO -     >>> Val Avg RMSE (Real): 11191.8817
2026-04-16 23:08:10,225 - INFO -     >>> Val MAE Details: ['6301.0586']
2026-04-16 23:08:10,225 - INFO - ⏳ No improvement. Patience: 17/50
2026-04-16 23:09:40,318 - INFO - [Epoch 70] Train Loss: 0.0087 | LR: 0.000073
2026-04-16 23:09:40,319 - INFO -     >>> Val Avg RMSE (Real): 10923.4134
2026-04-16 23:09:40,319 - INFO -     >>> Val MAE Details: ['6916.2524']
2026-04-16 23:09:40,319 - INFO - ⏳ No improvement. Patience: 18/50
2026-04-16 23:11:07,432 - INFO - [Epoch 71] Train Loss: 0.0085 | LR: 0.000072
2026-04-16 23:11:07,432 - INFO -     >>> Val Avg RMSE (Real): 8323.2609
2026-04-16 23:11:07,432 - INFO -     >>> Val MAE Details: ['4540.0381']
2026-04-16 23:11:07,432 - INFO - ⏳ No improvement. Patience: 19/50
2026-04-16 23:12:34,819 - INFO - [Epoch 72] Train Loss: 0.0071 | LR: 0.000071
2026-04-16 23:12:34,820 - INFO -     >>> Val Avg RMSE (Real): 8169.7814
2026-04-16 23:12:34,820 - INFO -     >>> Val MAE Details: ['3737.5896']
2026-04-16 23:12:34,820 - INFO - ⏳ No improvement. Patience: 20/50
2026-04-16 23:14:02,946 - INFO - [Epoch 73] Train Loss: 0.0083 | LR: 0.000071
2026-04-16 23:14:02,946 - INFO -     >>> Val Avg RMSE (Real): 9529.8441
2026-04-16 23:14:02,946 - INFO -     >>> Val MAE Details: ['4409.7974']
2026-04-16 23:14:02,946 - INFO - ⏳ No improvement. Patience: 21/50
2026-04-16 23:15:31,115 - INFO - [Epoch 74] Train Loss: 0.0088 | LR: 0.000070
2026-04-16 23:15:31,115 - INFO -     >>> Val Avg RMSE (Real): 9123.6506
2026-04-16 23:15:31,115 - INFO -     >>> Val MAE Details: ['5535.4209']
2026-04-16 23:15:31,115 - INFO - ⏳ No improvement. Patience: 22/50
2026-04-16 23:16:58,218 - INFO - [Epoch 75] Train Loss: 0.0113 | LR: 0.000069
2026-04-16 23:16:58,218 - INFO -     >>> Val Avg RMSE (Real): 8621.7005
2026-04-16 23:16:58,218 - INFO -     >>> Val MAE Details: ['4285.7944']
2026-04-16 23:16:58,218 - INFO - ⏳ No improvement. Patience: 23/50
2026-04-16 23:18:22,591 - INFO - [Epoch 76] Train Loss: 0.0097 | LR: 0.000068
2026-04-16 23:18:22,591 - INFO -     >>> Val Avg RMSE (Real): 10142.7917
2026-04-16 23:18:22,592 - INFO -     >>> Val MAE Details: ['3684.4382']
2026-04-16 23:18:22,592 - INFO - ⏳ No improvement. Patience: 24/50
2026-04-16 23:19:46,589 - INFO - [Epoch 77] Train Loss: 0.0070 | LR: 0.000068
2026-04-16 23:19:46,590 - INFO -     >>> Val Avg RMSE (Real): 8347.9669
2026-04-16 23:19:46,590 - INFO -     >>> Val MAE Details: ['3388.9592']
2026-04-16 23:19:46,590 - INFO - ⏳ No improvement. Patience: 25/50
2026-04-16 23:21:11,883 - INFO - [Epoch 78] Train Loss: 0.0081 | LR: 0.000067
2026-04-16 23:21:11,884 - INFO -     >>> Val Avg RMSE (Real): 8975.5125
2026-04-16 23:21:11,884 - INFO -     >>> Val MAE Details: ['3208.9856']
2026-04-16 23:21:11,884 - INFO - ⏳ No improvement. Patience: 26/50
2026-04-16 23:22:38,480 - INFO - [Epoch 79] Train Loss: 0.0081 | LR: 0.000066
2026-04-16 23:22:38,480 - INFO -     >>> Val Avg RMSE (Real): 8530.4556
2026-04-16 23:22:38,480 - INFO -     >>> Val MAE Details: ['3182.0984']
2026-04-16 23:22:38,480 - INFO - ⏳ No improvement. Patience: 27/50
2026-04-16 23:24:04,851 - INFO - [Epoch 80] Train Loss: 0.0075 | LR: 0.000065
2026-04-16 23:24:04,852 - INFO -     >>> Val Avg RMSE (Real): 5913.1274
2026-04-16 23:24:04,852 - INFO -     >>> Val MAE Details: ['3247.2427']
2026-04-16 23:24:04,952 - INFO - 💾 Saved Best Model to ./logs/QMugs_repr_atomistic_graph_ComENet_Task1_20260416_212033/best_model.pth
2026-04-16 23:25:29,853 - INFO - [Epoch 81] Train Loss: 0.0440 | LR: 0.000065
2026-04-16 23:25:29,853 - INFO -     >>> Val Avg RMSE (Real): 25980.2879
2026-04-16 23:25:29,854 - INFO -     >>> Val MAE Details: ['14753.8955']
2026-04-16 23:25:29,854 - INFO - ⏳ No improvement. Patience: 1/50
2026-04-16 23:26:55,790 - INFO - [Epoch 82] Train Loss: 0.0712 | LR: 0.000064
2026-04-16 23:26:55,791 - INFO -     >>> Val Avg RMSE (Real): 19250.5277
2026-04-16 23:26:55,791 - INFO -     >>> Val MAE Details: ['10925.1162']
2026-04-16 23:26:55,791 - INFO - ⏳ No improvement. Patience: 2/50
2026-04-16 23:28:20,837 - INFO - [Epoch 83] Train Loss: 0.0430 | LR: 0.000063
2026-04-16 23:28:20,837 - INFO -     >>> Val Avg RMSE (Real): 18140.0754
2026-04-16 23:28:20,838 - INFO -     >>> Val MAE Details: ['9656.8223']
2026-04-16 23:28:20,838 - INFO - ⏳ No improvement. Patience: 3/50
2026-04-16 23:29:44,808 - INFO - [Epoch 84] Train Loss: 0.0273 | LR: 0.000062
2026-04-16 23:29:44,808 - INFO -     >>> Val Avg RMSE (Real): 13635.9372
2026-04-16 23:29:44,808 - INFO -     >>> Val MAE Details: ['6911.4160']
2026-04-16 23:29:44,809 - INFO - ⏳ No improvement. Patience: 4/50
2026-04-16 23:31:07,661 - INFO - [Epoch 85] Train Loss: 0.0187 | LR: 0.000062
2026-04-16 23:31:07,662 - INFO -     >>> Val Avg RMSE (Real): 11031.6563
2026-04-16 23:31:07,662 - INFO -     >>> Val MAE Details: ['7441.8784']
2026-04-16 23:31:07,662 - INFO - ⏳ No improvement. Patience: 5/50
2026-04-16 23:32:28,127 - INFO - [Epoch 86] Train Loss: 0.0146 | LR: 0.000061
2026-04-16 23:32:28,128 - INFO -     >>> Val Avg RMSE (Real): 9043.6068
2026-04-16 23:32:28,128 - INFO -     >>> Val MAE Details: ['4734.1748']
2026-04-16 23:32:28,128 - INFO - ⏳ No improvement. Patience: 6/50
2026-04-16 23:33:48,053 - INFO - [Epoch 87] Train Loss: 0.0113 | LR: 0.000060
2026-04-16 23:33:48,054 - INFO -     >>> Val Avg RMSE (Real): 9451.4143
2026-04-16 23:33:48,054 - INFO -     >>> Val MAE Details: ['5188.7065']
2026-04-16 23:33:48,054 - INFO - ⏳ No improvement. Patience: 7/50
2026-04-16 23:35:13,614 - INFO - [Epoch 88] Train Loss: 0.0089 | LR: 0.000059
2026-04-16 23:35:13,615 - INFO -     >>> Val Avg RMSE (Real): 8917.8666
2026-04-16 23:35:13,615 - INFO -     >>> Val MAE Details: ['4139.0381']
2026-04-16 23:35:13,615 - INFO - ⏳ No improvement. Patience: 8/50
2026-04-16 23:36:42,190 - INFO - [Epoch 89] Train Loss: 0.0321 | LR: 0.000059
2026-04-16 23:36:42,190 - INFO -     >>> Val Avg RMSE (Real): 10287.9160
2026-04-16 23:36:42,190 - INFO -     >>> Val MAE Details: ['5047.0205']
2026-04-16 23:36:42,190 - INFO - ⏳ No improvement. Patience: 9/50
2026-04-16 23:38:08,875 - INFO - [Epoch 90] Train Loss: 0.0116 | LR: 0.000058
2026-04-16 23:38:08,875 - INFO -     >>> Val Avg RMSE (Real): 9920.5556
2026-04-16 23:38:08,875 - INFO -     >>> Val MAE Details: ['6028.7520']
2026-04-16 23:38:08,876 - INFO - ⏳ No improvement. Patience: 10/50
2026-04-16 23:39:38,421 - INFO - [Epoch 91] Train Loss: 0.0090 | LR: 0.000057
2026-04-16 23:39:38,421 - INFO -     >>> Val Avg RMSE (Real): 9539.7916
2026-04-16 23:39:38,421 - INFO -     >>> Val MAE Details: ['5104.7329']
2026-04-16 23:39:38,421 - INFO - ⏳ No improvement. Patience: 11/50
2026-04-16 23:41:03,435 - INFO - [Epoch 92] Train Loss: 0.0083 | LR: 0.000056
2026-04-16 23:41:03,435 - INFO -     >>> Val Avg RMSE (Real): 9541.5047
2026-04-16 23:41:03,435 - INFO -     >>> Val MAE Details: ['4093.7588']
2026-04-16 23:41:03,435 - INFO - ⏳ No improvement. Patience: 12/50
2026-04-16 23:42:29,231 - INFO - [Epoch 93] Train Loss: 0.0062 | LR: 0.000055
2026-04-16 23:42:29,231 - INFO -     >>> Val Avg RMSE (Real): 11914.2389
2026-04-16 23:42:29,231 - INFO -     >>> Val MAE Details: ['5029.0732']
2026-04-16 23:42:29,231 - INFO - ⏳ No improvement. Patience: 13/50
2026-04-16 23:43:54,304 - INFO - [Epoch 94] Train Loss: 0.0061 | LR: 0.000055
2026-04-16 23:43:54,304 - INFO -     >>> Val Avg RMSE (Real): 7454.7365
2026-04-16 23:43:54,304 - INFO -     >>> Val MAE Details: ['4169.2710']
2026-04-16 23:43:54,304 - INFO - ⏳ No improvement. Patience: 14/50
2026-04-16 23:45:20,324 - INFO - [Epoch 95] Train Loss: 0.0064 | LR: 0.000054
2026-04-16 23:45:20,324 - INFO -     >>> Val Avg RMSE (Real): 7065.0614
2026-04-16 23:45:20,324 - INFO -     >>> Val MAE Details: ['4524.4263']
2026-04-16 23:45:20,324 - INFO - ⏳ No improvement. Patience: 15/50
2026-04-16 23:46:47,226 - INFO - [Epoch 96] Train Loss: 0.0066 | LR: 0.000053
2026-04-16 23:46:47,227 - INFO -     >>> Val Avg RMSE (Real): 9334.3816
2026-04-16 23:46:47,227 - INFO -     >>> Val MAE Details: ['4837.8457']
2026-04-16 23:46:47,227 - INFO - ⏳ No improvement. Patience: 16/50
2026-04-16 23:48:12,153 - INFO - [Epoch 97] Train Loss: 0.0056 | LR: 0.000052
2026-04-16 23:48:12,153 - INFO -     >>> Val Avg RMSE (Real): 10149.4918
2026-04-16 23:48:12,153 - INFO -     >>> Val MAE Details: ['4198.1309']
2026-04-16 23:48:12,153 - INFO - ⏳ No improvement. Patience: 17/50
2026-04-16 23:49:36,054 - INFO - [Epoch 98] Train Loss: 0.0059 | LR: 0.000052
2026-04-16 23:49:36,055 - INFO -     >>> Val Avg RMSE (Real): 9289.9214
2026-04-16 23:49:36,055 - INFO -     >>> Val MAE Details: ['5236.5244']
2026-04-16 23:49:36,055 - INFO - ⏳ No improvement. Patience: 18/50
2026-04-16 23:51:02,548 - INFO - [Epoch 99] Train Loss: 0.0052 | LR: 0.000051
2026-04-16 23:51:02,549 - INFO -     >>> Val Avg RMSE (Real): 8972.6638
2026-04-16 23:51:02,549 - INFO -     >>> Val MAE Details: ['3547.2639']
2026-04-16 23:51:02,549 - INFO - ⏳ No improvement. Patience: 19/50
2026-04-16 23:52:26,609 - INFO - [Epoch 100] Train Loss: 0.0065 | LR: 0.000050
2026-04-16 23:52:26,609 - INFO -     >>> Val Avg RMSE (Real): 7207.9620
2026-04-16 23:52:26,609 - INFO -     >>> Val MAE Details: ['3512.8704']
2026-04-16 23:52:26,609 - INFO - ⏳ No improvement. Patience: 20/50
2026-04-16 23:53:51,049 - INFO - [Epoch 101] Train Loss: 0.0054 | LR: 0.000049
2026-04-16 23:53:51,049 - INFO -     >>> Val Avg RMSE (Real): 7120.1376
2026-04-16 23:53:51,049 - INFO -     >>> Val MAE Details: ['3579.6462']
2026-04-16 23:53:51,049 - INFO - ⏳ No improvement. Patience: 21/50
2026-04-16 23:55:12,827 - INFO - [Epoch 102] Train Loss: 0.0048 | LR: 0.000048
2026-04-16 23:55:12,828 - INFO -     >>> Val Avg RMSE (Real): 12465.9581
2026-04-16 23:55:12,828 - INFO -     >>> Val MAE Details: ['8079.6592']
2026-04-16 23:55:12,828 - INFO - ⏳ No improvement. Patience: 22/50
2026-04-16 23:56:38,187 - INFO - [Epoch 103] Train Loss: 0.0050 | LR: 0.000048
2026-04-16 23:56:38,187 - INFO -     >>> Val Avg RMSE (Real): 6069.3627
2026-04-16 23:56:38,187 - INFO -     >>> Val MAE Details: ['3383.9312']
2026-04-16 23:56:38,187 - INFO - ⏳ No improvement. Patience: 23/50
2026-04-16 23:58:01,927 - INFO - [Epoch 104] Train Loss: 0.0041 | LR: 0.000047
2026-04-16 23:58:01,927 - INFO -     >>> Val Avg RMSE (Real): 8433.8537
2026-04-16 23:58:01,928 - INFO -     >>> Val MAE Details: ['3824.0359']
2026-04-16 23:58:01,928 - INFO - ⏳ No improvement. Patience: 24/50
2026-04-16 23:59:24,262 - INFO - [Epoch 105] Train Loss: 0.0050 | LR: 0.000046
2026-04-16 23:59:24,263 - INFO -     >>> Val Avg RMSE (Real): 7273.9079
2026-04-16 23:59:24,263 - INFO -     >>> Val MAE Details: ['3546.9419']
2026-04-16 23:59:24,263 - INFO - ⏳ No improvement. Patience: 25/50
2026-04-17 00:00:46,258 - INFO - [Epoch 106] Train Loss: 0.0048 | LR: 0.000045
2026-04-17 00:00:46,258 - INFO -     >>> Val Avg RMSE (Real): 6289.4693
2026-04-17 00:00:46,258 - INFO -     >>> Val MAE Details: ['3136.7166']
2026-04-17 00:00:46,258 - INFO - ⏳ No improvement. Patience: 26/50
2026-04-17 00:02:08,402 - INFO - [Epoch 107] Train Loss: 0.0040 | LR: 0.000045
2026-04-17 00:02:08,402 - INFO -     >>> Val Avg RMSE (Real): 8329.2622
2026-04-17 00:02:08,402 - INFO -     >>> Val MAE Details: ['3296.5139']
2026-04-17 00:02:08,402 - INFO - ⏳ No improvement. Patience: 27/50
2026-04-17 00:03:31,443 - INFO - [Epoch 108] Train Loss: 0.0048 | LR: 0.000044
2026-04-17 00:03:31,444 - INFO -     >>> Val Avg RMSE (Real): 6223.5765
2026-04-17 00:03:31,444 - INFO -     >>> Val MAE Details: ['3123.8579']
2026-04-17 00:03:31,444 - INFO - ⏳ No improvement. Patience: 28/50
2026-04-17 00:04:54,104 - INFO - [Epoch 109] Train Loss: 0.0036 | LR: 0.000043
2026-04-17 00:04:54,104 - INFO -     >>> Val Avg RMSE (Real): 7502.5900
2026-04-17 00:04:54,104 - INFO -     >>> Val MAE Details: ['3411.0503']
2026-04-17 00:04:54,104 - INFO - ⏳ No improvement. Patience: 29/50
2026-04-17 00:06:18,303 - INFO - [Epoch 110] Train Loss: 0.0038 | LR: 0.000042
2026-04-17 00:06:18,303 - INFO -     >>> Val Avg RMSE (Real): 6866.7617
2026-04-17 00:06:18,303 - INFO -     >>> Val MAE Details: ['3766.2002']
2026-04-17 00:06:18,303 - INFO - ⏳ No improvement. Patience: 30/50
2026-04-17 00:07:44,395 - INFO - [Epoch 111] Train Loss: 0.0047 | LR: 0.000041
2026-04-17 00:07:44,396 - INFO -     >>> Val Avg RMSE (Real): 5333.7574
2026-04-17 00:07:44,396 - INFO -     >>> Val MAE Details: ['3261.4136']
2026-04-17 00:07:44,507 - INFO - 💾 Saved Best Model to ./logs/QMugs_repr_atomistic_graph_ComENet_Task1_20260416_212033/best_model.pth
2026-04-17 00:09:05,376 - INFO - [Epoch 112] Train Loss: 0.0040 | LR: 0.000041
2026-04-17 00:09:05,377 - INFO -     >>> Val Avg RMSE (Real): 6254.2056
2026-04-17 00:09:05,377 - INFO -     >>> Val MAE Details: ['3459.3584']
2026-04-17 00:09:05,377 - INFO - ⏳ No improvement. Patience: 1/50
2026-04-17 00:10:29,333 - INFO - [Epoch 113] Train Loss: 0.0037 | LR: 0.000040
2026-04-17 00:10:29,333 - INFO -     >>> Val Avg RMSE (Real): 5211.1619
2026-04-17 00:10:29,333 - INFO -     >>> Val MAE Details: ['3245.2200']
2026-04-17 00:10:29,464 - INFO - 💾 Saved Best Model to ./logs/QMugs_repr_atomistic_graph_ComENet_Task1_20260416_212033/best_model.pth
2026-04-17 00:11:51,318 - INFO - [Epoch 114] Train Loss: 0.0035 | LR: 0.000039
2026-04-17 00:11:51,318 - INFO -     >>> Val Avg RMSE (Real): 6973.3742
2026-04-17 00:11:51,318 - INFO -     >>> Val MAE Details: ['3859.8303']
2026-04-17 00:11:51,318 - INFO - ⏳ No improvement. Patience: 1/50
2026-04-17 00:13:15,429 - INFO - [Epoch 115] Train Loss: 0.0030 | LR: 0.000038
2026-04-17 00:13:15,430 - INFO -     >>> Val Avg RMSE (Real): 6034.7553
2026-04-17 00:13:15,430 - INFO -     >>> Val MAE Details: ['3229.9885']
2026-04-17 00:13:15,430 - INFO - ⏳ No improvement. Patience: 2/50
2026-04-17 00:14:38,793 - INFO - [Epoch 116] Train Loss: 0.0045 | LR: 0.000038
2026-04-17 00:14:38,794 - INFO -     >>> Val Avg RMSE (Real): 6754.6198
2026-04-17 00:14:38,794 - INFO -     >>> Val MAE Details: ['3111.8872']
2026-04-17 00:14:38,794 - INFO - ⏳ No improvement. Patience: 3/50
2026-04-17 00:16:00,347 - INFO - [Epoch 117] Train Loss: 0.0027 | LR: 0.000037
2026-04-17 00:16:00,348 - INFO -     >>> Val Avg RMSE (Real): 7305.7449
2026-04-17 00:16:00,348 - INFO -     >>> Val MAE Details: ['2906.3467']
2026-04-17 00:16:00,348 - INFO - ⏳ No improvement. Patience: 4/50
2026-04-17 00:17:24,206 - INFO - [Epoch 118] Train Loss: 0.0033 | LR: 0.000036
2026-04-17 00:17:24,206 - INFO -     >>> Val Avg RMSE (Real): 7079.4915
2026-04-17 00:17:24,206 - INFO -     >>> Val MAE Details: ['3058.5107']
2026-04-17 00:17:24,206 - INFO - ⏳ No improvement. Patience: 5/50
2026-04-17 00:18:47,348 - INFO - [Epoch 119] Train Loss: 0.0029 | LR: 0.000035
2026-04-17 00:18:47,349 - INFO -     >>> Val Avg RMSE (Real): 7255.3029
2026-04-17 00:18:47,349 - INFO -     >>> Val MAE Details: ['3400.4370']
2026-04-17 00:18:47,349 - INFO - ⏳ No improvement. Patience: 6/50
2026-04-17 00:20:11,121 - INFO - [Epoch 120] Train Loss: 0.0023 | LR: 0.000035
2026-04-17 00:20:11,121 - INFO -     >>> Val Avg RMSE (Real): 6037.3862
2026-04-17 00:20:11,121 - INFO -     >>> Val MAE Details: ['3056.7666']
2026-04-17 00:20:11,121 - INFO - ⏳ No improvement. Patience: 7/50
2026-04-17 00:21:33,686 - INFO - [Epoch 121] Train Loss: 0.0033 | LR: 0.000034
2026-04-17 00:21:33,686 - INFO -     >>> Val Avg RMSE (Real): 8812.0912
2026-04-17 00:21:33,686 - INFO -     >>> Val MAE Details: ['3280.6504']
2026-04-17 00:21:33,686 - INFO - ⏳ No improvement. Patience: 8/50
2026-04-17 00:22:56,520 - INFO - [Epoch 122] Train Loss: 0.0030 | LR: 0.000033
2026-04-17 00:22:56,521 - INFO -     >>> Val Avg RMSE (Real): 8513.4590
2026-04-17 00:22:56,521 - INFO -     >>> Val MAE Details: ['3105.2373']
2026-04-17 00:22:56,521 - INFO - ⏳ No improvement. Patience: 9/50
2026-04-17 00:24:20,527 - INFO - [Epoch 123] Train Loss: 0.0025 | LR: 0.000032
2026-04-17 00:24:20,528 - INFO -     >>> Val Avg RMSE (Real): 5897.2505
2026-04-17 00:24:20,528 - INFO -     >>> Val MAE Details: ['2917.8679']
2026-04-17 00:24:20,528 - INFO - ⏳ No improvement. Patience: 10/50
2026-04-17 00:25:44,323 - INFO - [Epoch 124] Train Loss: 0.0031 | LR: 0.000032
2026-04-17 00:25:44,324 - INFO -     >>> Val Avg RMSE (Real): 7290.1465
2026-04-17 00:25:44,324 - INFO -     >>> Val MAE Details: ['3421.5115']
2026-04-17 00:25:44,324 - INFO - ⏳ No improvement. Patience: 11/50
2026-04-17 00:27:07,337 - INFO - [Epoch 125] Train Loss: 0.0030 | LR: 0.000031
2026-04-17 00:27:07,337 - INFO -     >>> Val Avg RMSE (Real): 6488.3782
2026-04-17 00:27:07,338 - INFO -     >>> Val MAE Details: ['3052.1692']
2026-04-17 00:27:07,338 - INFO - ⏳ No improvement. Patience: 12/50
2026-04-17 00:28:30,271 - INFO - [Epoch 126] Train Loss: 0.0023 | LR: 0.000030
2026-04-17 00:28:30,271 - INFO -     >>> Val Avg RMSE (Real): 7681.4631
2026-04-17 00:28:30,272 - INFO -     >>> Val MAE Details: ['3029.1116']
2026-04-17 00:28:30,272 - INFO - ⏳ No improvement. Patience: 13/50
2026-04-17 00:29:54,626 - INFO - [Epoch 127] Train Loss: 0.0024 | LR: 0.000029
2026-04-17 00:29:54,626 - INFO -     >>> Val Avg RMSE (Real): 6279.9217
2026-04-17 00:29:54,626 - INFO -     >>> Val MAE Details: ['3553.9526']
2026-04-17 00:29:54,626 - INFO - ⏳ No improvement. Patience: 14/50
2026-04-17 00:31:18,925 - INFO - [Epoch 128] Train Loss: 0.0025 | LR: 0.000029
2026-04-17 00:31:18,925 - INFO -     >>> Val Avg RMSE (Real): 6745.1915
2026-04-17 00:31:18,925 - INFO -     >>> Val MAE Details: ['3415.4624']
2026-04-17 00:31:18,925 - INFO - ⏳ No improvement. Patience: 15/50
2026-04-17 00:32:42,174 - INFO - [Epoch 129] Train Loss: 0.0030 | LR: 0.000028
2026-04-17 00:32:42,175 - INFO -     >>> Val Avg RMSE (Real): 6699.8418
2026-04-17 00:32:42,175 - INFO -     >>> Val MAE Details: ['4005.7654']
2026-04-17 00:32:42,175 - INFO - ⏳ No improvement. Patience: 16/50
2026-04-17 00:34:05,650 - INFO - [Epoch 130] Train Loss: 0.0025 | LR: 0.000027
2026-04-17 00:34:05,650 - INFO -     >>> Val Avg RMSE (Real): 6733.0792
2026-04-17 00:34:05,650 - INFO -     >>> Val MAE Details: ['4084.3230']
2026-04-17 00:34:05,651 - INFO - ⏳ No improvement. Patience: 17/50
2026-04-17 00:35:29,559 - INFO - [Epoch 131] Train Loss: 0.0027 | LR: 0.000027
2026-04-17 00:35:29,559 - INFO -     >>> Val Avg RMSE (Real): 5726.0061
2026-04-17 00:35:29,559 - INFO -     >>> Val MAE Details: ['2772.5244']
2026-04-17 00:35:29,559 - INFO - ⏳ No improvement. Patience: 18/50
2026-04-17 00:36:51,363 - INFO - [Epoch 132] Train Loss: 0.0025 | LR: 0.000026
2026-04-17 00:36:51,364 - INFO -     >>> Val Avg RMSE (Real): 8322.7164
2026-04-17 00:36:51,364 - INFO -     >>> Val MAE Details: ['3051.6460']
2026-04-17 00:36:51,364 - INFO - ⏳ No improvement. Patience: 19/50
2026-04-17 00:38:12,573 - INFO - [Epoch 133] Train Loss: 0.0028 | LR: 0.000025
2026-04-17 00:38:12,574 - INFO -     >>> Val Avg RMSE (Real): 6774.7153
2026-04-17 00:38:12,574 - INFO -     >>> Val MAE Details: ['2968.5286']
2026-04-17 00:38:12,574 - INFO - ⏳ No improvement. Patience: 20/50
2026-04-17 00:39:35,120 - INFO - [Epoch 134] Train Loss: 0.0023 | LR: 0.000025
2026-04-17 00:39:35,120 - INFO -     >>> Val Avg RMSE (Real): 6508.1979
2026-04-17 00:39:35,120 - INFO -     >>> Val MAE Details: ['2756.9338']
2026-04-17 00:39:35,120 - INFO - ⏳ No improvement. Patience: 21/50
2026-04-17 00:40:57,491 - INFO - [Epoch 135] Train Loss: 0.0025 | LR: 0.000024
2026-04-17 00:40:57,492 - INFO -     >>> Val Avg RMSE (Real): 5287.3114
2026-04-17 00:40:57,492 - INFO -     >>> Val MAE Details: ['2705.1858']
2026-04-17 00:40:57,492 - INFO - ⏳ No improvement. Patience: 22/50
2026-04-17 00:42:20,992 - INFO - [Epoch 136] Train Loss: 0.0026 | LR: 0.000023
2026-04-17 00:42:20,993 - INFO -     >>> Val Avg RMSE (Real): 6517.6140
2026-04-17 00:42:20,993 - INFO -     >>> Val MAE Details: ['3220.0520']
2026-04-17 00:42:20,993 - INFO - ⏳ No improvement. Patience: 23/50
2026-04-17 00:43:46,035 - INFO - [Epoch 137] Train Loss: 0.0019 | LR: 0.000023
2026-04-17 00:43:46,035 - INFO -     >>> Val Avg RMSE (Real): 6160.0471
2026-04-17 00:43:46,036 - INFO -     >>> Val MAE Details: ['2858.3772']
2026-04-17 00:43:46,036 - INFO - ⏳ No improvement. Patience: 24/50
2026-04-17 00:45:10,540 - INFO - [Epoch 138] Train Loss: 0.0031 | LR: 0.000022
2026-04-17 00:45:10,541 - INFO -     >>> Val Avg RMSE (Real): 6740.6127
2026-04-17 00:45:10,541 - INFO -     >>> Val MAE Details: ['3136.8496']
2026-04-17 00:45:10,541 - INFO - ⏳ No improvement. Patience: 25/50
2026-04-17 00:46:35,811 - INFO - [Epoch 139] Train Loss: 0.0026 | LR: 0.000021
2026-04-17 00:46:35,811 - INFO -     >>> Val Avg RMSE (Real): 5429.6156
2026-04-17 00:46:35,811 - INFO -     >>> Val MAE Details: ['3065.3438']
2026-04-17 00:46:35,811 - INFO - ⏳ No improvement. Patience: 26/50
2026-04-17 00:47:58,926 - INFO - [Epoch 140] Train Loss: 0.0019 | LR: 0.000021
2026-04-17 00:47:58,926 - INFO -     >>> Val Avg RMSE (Real): 6278.9770
2026-04-17 00:47:58,926 - INFO -     >>> Val MAE Details: ['3003.8088']
2026-04-17 00:47:58,926 - INFO - ⏳ No improvement. Patience: 27/50
2026-04-17 00:49:22,834 - INFO - [Epoch 141] Train Loss: 0.0022 | LR: 0.000020
2026-04-17 00:49:22,834 - INFO -     >>> Val Avg RMSE (Real): 5593.3993
2026-04-17 00:49:22,835 - INFO -     >>> Val MAE Details: ['3021.0916']
2026-04-17 00:49:22,835 - INFO - ⏳ No improvement. Patience: 28/50
2026-04-17 00:50:46,873 - INFO - [Epoch 142] Train Loss: 0.0021 | LR: 0.000019
2026-04-17 00:50:46,873 - INFO -     >>> Val Avg RMSE (Real): 6168.6734
2026-04-17 00:50:46,873 - INFO -     >>> Val MAE Details: ['2831.8333']
2026-04-17 00:50:46,874 - INFO - ⏳ No improvement. Patience: 29/50
2026-04-17 00:52:13,758 - INFO - [Epoch 143] Train Loss: 0.0019 | LR: 0.000019
2026-04-17 00:52:13,758 - INFO -     >>> Val Avg RMSE (Real): 5353.8829
2026-04-17 00:52:13,758 - INFO -     >>> Val MAE Details: ['2677.4900']
2026-04-17 00:52:13,758 - INFO - ⏳ No improvement. Patience: 30/50
2026-04-17 00:53:38,803 - INFO - [Epoch 144] Train Loss: 0.0021 | LR: 0.000018
2026-04-17 00:53:38,803 - INFO -     >>> Val Avg RMSE (Real): 5748.6071
2026-04-17 00:53:38,803 - INFO -     >>> Val MAE Details: ['2720.0627']
2026-04-17 00:53:38,803 - INFO - ⏳ No improvement. Patience: 31/50
2026-04-17 00:55:02,807 - INFO - [Epoch 145] Train Loss: 0.0020 | LR: 0.000018
2026-04-17 00:55:02,807 - INFO -     >>> Val Avg RMSE (Real): 5634.3750
2026-04-17 00:55:02,808 - INFO -     >>> Val MAE Details: ['3037.8191']
2026-04-17 00:55:02,808 - INFO - ⏳ No improvement. Patience: 32/50
2026-04-17 00:56:26,956 - INFO - [Epoch 146] Train Loss: 0.0019 | LR: 0.000017
2026-04-17 00:56:26,957 - INFO -     >>> Val Avg RMSE (Real): 5264.1039
2026-04-17 00:56:26,957 - INFO -     >>> Val MAE Details: ['2891.9983']
2026-04-17 00:56:26,957 - INFO - ⏳ No improvement. Patience: 33/50
2026-04-17 00:57:50,956 - INFO - [Epoch 147] Train Loss: 0.0020 | LR: 0.000016
2026-04-17 00:57:50,956 - INFO -     >>> Val Avg RMSE (Real): 6665.7510
2026-04-17 00:57:50,956 - INFO -     >>> Val MAE Details: ['2779.9138']
2026-04-17 00:57:50,956 - INFO - ⏳ No improvement. Patience: 34/50
2026-04-17 00:59:12,870 - INFO - [Epoch 148] Train Loss: 0.0017 | LR: 0.000016
2026-04-17 00:59:12,871 - INFO -     >>> Val Avg RMSE (Real): 6380.3392
2026-04-17 00:59:12,871 - INFO -     >>> Val MAE Details: ['2957.8530']
2026-04-17 00:59:12,871 - INFO - ⏳ No improvement. Patience: 35/50
2026-04-17 01:00:35,753 - INFO - [Epoch 149] Train Loss: 0.0020 | LR: 0.000015
2026-04-17 01:00:35,754 - INFO -     >>> Val Avg RMSE (Real): 6243.4279
2026-04-17 01:00:35,754 - INFO -     >>> Val MAE Details: ['2667.2991']
2026-04-17 01:00:35,754 - INFO - ⏳ No improvement. Patience: 36/50
2026-04-17 01:01:58,677 - INFO - [Epoch 150] Train Loss: 0.0019 | LR: 0.000015
2026-04-17 01:01:58,677 - INFO -     >>> Val Avg RMSE (Real): 5446.3685
2026-04-17 01:01:58,677 - INFO -     >>> Val MAE Details: ['2644.1187']
2026-04-17 01:01:58,677 - INFO - ⏳ No improvement. Patience: 37/50
2026-04-17 01:03:21,683 - INFO - [Epoch 151] Train Loss: 0.0017 | LR: 0.000014
2026-04-17 01:03:21,683 - INFO -     >>> Val Avg RMSE (Real): 5950.1654
2026-04-17 01:03:21,684 - INFO -     >>> Val MAE Details: ['2744.8926']
2026-04-17 01:03:21,684 - INFO - ⏳ No improvement. Patience: 38/50
2026-04-17 01:04:47,849 - INFO - [Epoch 152] Train Loss: 0.0016 | LR: 0.000014
2026-04-17 01:04:47,850 - INFO -     >>> Val Avg RMSE (Real): 5065.4747
2026-04-17 01:04:47,850 - INFO -     >>> Val MAE Details: ['2609.1086']
2026-04-17 01:04:47,965 - INFO - 💾 Saved Best Model to ./logs/QMugs_repr_atomistic_graph_ComENet_Task1_20260416_212033/best_model.pth
2026-04-17 01:06:17,237 - INFO - [Epoch 153] Train Loss: 0.0018 | LR: 0.000013
2026-04-17 01:06:17,238 - INFO -     >>> Val Avg RMSE (Real): 5208.1382
2026-04-17 01:06:17,239 - INFO -     >>> Val MAE Details: ['2897.3198']
2026-04-17 01:06:17,239 - INFO - ⏳ No improvement. Patience: 1/50
2026-04-17 01:07:41,202 - INFO - [Epoch 154] Train Loss: 0.0015 | LR: 0.000012
2026-04-17 01:07:41,202 - INFO -     >>> Val Avg RMSE (Real): 6101.1006
2026-04-17 01:07:41,203 - INFO -     >>> Val MAE Details: ['2700.1758']
2026-04-17 01:07:41,203 - INFO - ⏳ No improvement. Patience: 2/50
2026-04-17 01:09:05,752 - INFO - [Epoch 155] Train Loss: 0.0016 | LR: 0.000012
2026-04-17 01:09:05,757 - INFO -     >>> Val Avg RMSE (Real): 5550.3155
2026-04-17 01:09:05,757 - INFO -     >>> Val MAE Details: ['2741.4563']
2026-04-17 01:09:05,757 - INFO - ⏳ No improvement. Patience: 3/50
2026-04-17 01:10:30,903 - INFO - [Epoch 156] Train Loss: 0.0016 | LR: 0.000011
2026-04-17 01:10:30,903 - INFO -     >>> Val Avg RMSE (Real): 5541.9636
2026-04-17 01:10:30,903 - INFO -     >>> Val MAE Details: ['2622.5103']
2026-04-17 01:10:30,903 - INFO - ⏳ No improvement. Patience: 4/50
2026-04-17 01:11:55,199 - INFO - [Epoch 157] Train Loss: 0.0017 | LR: 0.000011
2026-04-17 01:11:55,199 - INFO -     >>> Val Avg RMSE (Real): 5278.1053
2026-04-17 01:11:55,199 - INFO -     >>> Val MAE Details: ['2693.2056']
2026-04-17 01:11:55,199 - INFO - ⏳ No improvement. Patience: 5/50
2026-04-17 01:13:19,696 - INFO - [Epoch 158] Train Loss: 0.0015 | LR: 0.000010
2026-04-17 01:13:19,696 - INFO -     >>> Val Avg RMSE (Real): 6039.9752
2026-04-17 01:13:19,696 - INFO -     >>> Val MAE Details: ['2659.1919']
2026-04-17 01:13:19,696 - INFO - ⏳ No improvement. Patience: 6/50
2026-04-17 01:14:45,118 - INFO - [Epoch 159] Train Loss: 0.0018 | LR: 0.000010
2026-04-17 01:14:45,119 - INFO -     >>> Val Avg RMSE (Real): 5309.6753
2026-04-17 01:14:45,119 - INFO -     >>> Val MAE Details: ['2737.5247']
2026-04-17 01:14:45,119 - INFO - ⏳ No improvement. Patience: 7/50
2026-04-17 01:16:07,431 - INFO - [Epoch 160] Train Loss: 0.0017 | LR: 0.000010
2026-04-17 01:16:07,431 - INFO -     >>> Val Avg RMSE (Real): 5670.5846
2026-04-17 01:16:07,431 - INFO -     >>> Val MAE Details: ['2682.2363']
2026-04-17 01:16:07,431 - INFO - ⏳ No improvement. Patience: 8/50
2026-04-17 01:17:32,137 - INFO - [Epoch 161] Train Loss: 0.0017 | LR: 0.000009
2026-04-17 01:17:32,140 - INFO -     >>> Val Avg RMSE (Real): 5268.9414
2026-04-17 01:17:32,140 - INFO -     >>> Val MAE Details: ['2611.5522']
2026-04-17 01:17:32,140 - INFO - ⏳ No improvement. Patience: 9/50
2026-04-17 01:18:54,841 - INFO - [Epoch 162] Train Loss: 0.0014 | LR: 0.000009
2026-04-17 01:18:54,841 - INFO -     >>> Val Avg RMSE (Real): 5160.6467
2026-04-17 01:18:54,841 - INFO -     >>> Val MAE Details: ['2679.4082']
2026-04-17 01:18:54,842 - INFO - ⏳ No improvement. Patience: 10/50
2026-04-17 01:20:19,101 - INFO - [Epoch 163] Train Loss: 0.0015 | LR: 0.000008
2026-04-17 01:20:19,102 - INFO -     >>> Val Avg RMSE (Real): 6427.7869
2026-04-17 01:20:19,102 - INFO -     >>> Val MAE Details: ['2753.1882']
2026-04-17 01:20:19,102 - INFO - ⏳ No improvement. Patience: 11/50
2026-04-17 01:21:42,812 - INFO - [Epoch 164] Train Loss: 0.0016 | LR: 0.000008
2026-04-17 01:21:42,812 - INFO -     >>> Val Avg RMSE (Real): 6651.8866
2026-04-17 01:21:42,812 - INFO -     >>> Val MAE Details: ['2671.4448']
2026-04-17 01:21:42,813 - INFO - ⏳ No improvement. Patience: 12/50
2026-04-17 01:23:03,627 - INFO - [Epoch 165] Train Loss: 0.0017 | LR: 0.000007
2026-04-17 01:23:03,627 - INFO -     >>> Val Avg RMSE (Real): 6515.4444
2026-04-17 01:23:03,627 - INFO -     >>> Val MAE Details: ['2785.4558']
2026-04-17 01:23:03,628 - INFO - ⏳ No improvement. Patience: 13/50
2026-04-17 01:24:25,696 - INFO - [Epoch 166] Train Loss: 0.0015 | LR: 0.000007
2026-04-17 01:24:25,696 - INFO -     >>> Val Avg RMSE (Real): 5662.6847
2026-04-17 01:24:25,696 - INFO -     >>> Val MAE Details: ['2627.9771']
2026-04-17 01:24:25,696 - INFO - ⏳ No improvement. Patience: 14/50
2026-04-17 01:25:48,741 - INFO - [Epoch 167] Train Loss: 0.0016 | LR: 0.000007
2026-04-17 01:25:48,741 - INFO -     >>> Val Avg RMSE (Real): 6036.5712
2026-04-17 01:25:48,742 - INFO -     >>> Val MAE Details: ['2757.1411']
2026-04-17 01:25:48,742 - INFO - ⏳ No improvement. Patience: 15/50
2026-04-17 01:27:12,726 - INFO - [Epoch 168] Train Loss: 0.0014 | LR: 0.000006
2026-04-17 01:27:12,726 - INFO -     >>> Val Avg RMSE (Real): 5772.2843
2026-04-17 01:27:12,726 - INFO -     >>> Val MAE Details: ['2603.3652']
2026-04-17 01:27:12,727 - INFO - ⏳ No improvement. Patience: 16/50
2026-04-17 01:28:37,203 - INFO - [Epoch 169] Train Loss: 0.0015 | LR: 0.000006
2026-04-17 01:28:37,203 - INFO -     >>> Val Avg RMSE (Real): 6185.6909
2026-04-17 01:28:37,203 - INFO -     >>> Val MAE Details: ['2637.8079']
2026-04-17 01:28:37,203 - INFO - ⏳ No improvement. Patience: 17/50
2026-04-17 01:30:00,590 - INFO - [Epoch 170] Train Loss: 0.0015 | LR: 0.000005
2026-04-17 01:30:00,591 - INFO -     >>> Val Avg RMSE (Real): 5874.2019
2026-04-17 01:30:00,591 - INFO -     >>> Val MAE Details: ['2751.8108']
2026-04-17 01:30:00,591 - INFO - ⏳ No improvement. Patience: 18/50
2026-04-17 01:31:24,063 - INFO - [Epoch 171] Train Loss: 0.0014 | LR: 0.000005
2026-04-17 01:31:24,077 - INFO -     >>> Val Avg RMSE (Real): 6596.2404
2026-04-17 01:31:24,077 - INFO -     >>> Val MAE Details: ['2742.4231']
2026-04-17 01:31:24,077 - INFO - ⏳ No improvement. Patience: 19/50
2026-04-17 01:32:46,331 - INFO - [Epoch 172] Train Loss: 0.0014 | LR: 0.000005
2026-04-17 01:32:46,331 - INFO -     >>> Val Avg RMSE (Real): 6082.3338
2026-04-17 01:32:46,331 - INFO -     >>> Val MAE Details: ['2602.1074']
2026-04-17 01:32:46,331 - INFO - ⏳ No improvement. Patience: 20/50
2026-04-17 01:34:10,255 - INFO - [Epoch 173] Train Loss: 0.0015 | LR: 0.000004
2026-04-17 01:34:10,255 - INFO -     >>> Val Avg RMSE (Real): 6750.3111
2026-04-17 01:34:10,256 - INFO -     >>> Val MAE Details: ['2716.1826']
2026-04-17 01:34:10,256 - INFO - ⏳ No improvement. Patience: 21/50
2026-04-17 01:35:34,412 - INFO - [Epoch 174] Train Loss: 0.0013 | LR: 0.000004
2026-04-17 01:35:34,412 - INFO -     >>> Val Avg RMSE (Real): 6349.3272
2026-04-17 01:35:34,412 - INFO -     >>> Val MAE Details: ['2602.8694']
2026-04-17 01:35:34,412 - INFO - ⏳ No improvement. Patience: 22/50
2026-04-17 01:36:58,925 - INFO - [Epoch 175] Train Loss: 0.0014 | LR: 0.000004
2026-04-17 01:36:58,925 - INFO -     >>> Val Avg RMSE (Real): 5542.3302
2026-04-17 01:36:58,925 - INFO -     >>> Val MAE Details: ['2571.7549']
2026-04-17 01:36:58,925 - INFO - ⏳ No improvement. Patience: 23/50
2026-04-17 01:38:24,364 - INFO - [Epoch 176] Train Loss: 0.0013 | LR: 0.000004
2026-04-17 01:38:24,365 - INFO -     >>> Val Avg RMSE (Real): 6194.8575
2026-04-17 01:38:24,365 - INFO -     >>> Val MAE Details: ['2689.7695']
2026-04-17 01:38:24,365 - INFO - ⏳ No improvement. Patience: 24/50
2026-04-17 01:39:46,879 - INFO - [Epoch 177] Train Loss: 0.0013 | LR: 0.000003
2026-04-17 01:39:46,880 - INFO -     >>> Val Avg RMSE (Real): 6798.5749
2026-04-17 01:39:46,880 - INFO -     >>> Val MAE Details: ['2672.9795']
2026-04-17 01:39:46,880 - INFO - ⏳ No improvement. Patience: 25/50
2026-04-17 01:41:11,808 - INFO - [Epoch 178] Train Loss: 0.0013 | LR: 0.000003
2026-04-17 01:41:11,809 - INFO -     >>> Val Avg RMSE (Real): 6115.2148
2026-04-17 01:41:11,809 - INFO -     >>> Val MAE Details: ['2594.4700']
2026-04-17 01:41:11,809 - INFO - ⏳ No improvement. Patience: 26/50
2026-04-17 01:42:34,159 - INFO - [Epoch 179] Train Loss: 0.0013 | LR: 0.000003
2026-04-17 01:42:34,160 - INFO -     >>> Val Avg RMSE (Real): 5946.5647
2026-04-17 01:42:34,160 - INFO -     >>> Val MAE Details: ['2583.3652']
2026-04-17 01:42:34,160 - INFO - ⏳ No improvement. Patience: 27/50
2026-04-17 01:43:56,809 - INFO - [Epoch 180] Train Loss: 0.0013 | LR: 0.000002
2026-04-17 01:43:56,809 - INFO -     >>> Val Avg RMSE (Real): 6308.3963
2026-04-17 01:43:56,809 - INFO -     >>> Val MAE Details: ['2641.9622']
2026-04-17 01:43:56,809 - INFO - ⏳ No improvement. Patience: 28/50
2026-04-17 01:45:21,617 - INFO - [Epoch 181] Train Loss: 0.0013 | LR: 0.000002
2026-04-17 01:45:21,617 - INFO -     >>> Val Avg RMSE (Real): 5944.1265
2026-04-17 01:45:21,618 - INFO -     >>> Val MAE Details: ['2573.2463']
2026-04-17 01:45:21,618 - INFO - ⏳ No improvement. Patience: 29/50
2026-04-17 01:46:43,684 - INFO - [Epoch 182] Train Loss: 0.0013 | LR: 0.000002
2026-04-17 01:46:43,684 - INFO -     >>> Val Avg RMSE (Real): 6445.6540
2026-04-17 01:46:43,684 - INFO -     >>> Val MAE Details: ['2630.7778']
2026-04-17 01:46:43,684 - INFO - ⏳ No improvement. Patience: 30/50
2026-04-17 01:48:05,845 - INFO - [Epoch 183] Train Loss: 0.0013 | LR: 0.000002
2026-04-17 01:48:05,845 - INFO -     >>> Val Avg RMSE (Real): 6342.1517
2026-04-17 01:48:05,845 - INFO -     >>> Val MAE Details: ['2592.7202']
2026-04-17 01:48:05,845 - INFO - ⏳ No improvement. Patience: 31/50
2026-04-17 01:49:31,102 - INFO - [Epoch 184] Train Loss: 0.0013 | LR: 0.000002
2026-04-17 01:49:31,102 - INFO -     >>> Val Avg RMSE (Real): 6422.6938
2026-04-17 01:49:31,102 - INFO -     >>> Val MAE Details: ['2636.8826']
2026-04-17 01:49:31,102 - INFO - ⏳ No improvement. Patience: 32/50
2026-04-17 01:50:51,869 - INFO - [Epoch 185] Train Loss: 0.0013 | LR: 0.000001
2026-04-17 01:50:51,869 - INFO -     >>> Val Avg RMSE (Real): 6351.4921
2026-04-17 01:50:51,869 - INFO -     >>> Val MAE Details: ['2656.0864']
2026-04-17 01:50:51,869 - INFO - ⏳ No improvement. Patience: 33/50
2026-04-17 01:52:17,115 - INFO - [Epoch 186] Train Loss: 0.0013 | LR: 0.000001
2026-04-17 01:52:17,117 - INFO -     >>> Val Avg RMSE (Real): 6896.3535
2026-04-17 01:52:17,117 - INFO -     >>> Val MAE Details: ['2629.0955']
2026-04-17 01:52:17,117 - INFO - ⏳ No improvement. Patience: 34/50
2026-04-17 01:53:41,258 - INFO - [Epoch 187] Train Loss: 0.0012 | LR: 0.000001
2026-04-17 01:53:41,258 - INFO -     >>> Val Avg RMSE (Real): 6693.3232
2026-04-17 01:53:41,258 - INFO -     >>> Val MAE Details: ['2651.7437']
2026-04-17 01:53:41,258 - INFO - ⏳ No improvement. Patience: 35/50
2026-04-17 01:55:04,367 - INFO - [Epoch 188] Train Loss: 0.0013 | LR: 0.000001
2026-04-17 01:55:04,368 - INFO -     >>> Val Avg RMSE (Real): 6469.5626
2026-04-17 01:55:04,368 - INFO -     >>> Val MAE Details: ['2583.9556']
2026-04-17 01:55:04,368 - INFO - ⏳ No improvement. Patience: 36/50
2026-04-17 01:56:27,618 - INFO - [Epoch 189] Train Loss: 0.0012 | LR: 0.000001
2026-04-17 01:56:27,619 - INFO -     >>> Val Avg RMSE (Real): 6452.8006
2026-04-17 01:56:27,619 - INFO -     >>> Val MAE Details: ['2580.5696']
2026-04-17 01:56:27,619 - INFO - ⏳ No improvement. Patience: 37/50
2026-04-17 01:57:51,541 - INFO - [Epoch 190] Train Loss: 0.0012 | LR: 0.000001
2026-04-17 01:57:51,541 - INFO -     >>> Val Avg RMSE (Real): 6423.5436
2026-04-17 01:57:51,541 - INFO -     >>> Val MAE Details: ['2583.2048']
2026-04-17 01:57:51,541 - INFO - ⏳ No improvement. Patience: 38/50
2026-04-17 01:59:15,226 - INFO - [Epoch 191] Train Loss: 0.0012 | LR: 0.000000
2026-04-17 01:59:15,226 - INFO -     >>> Val Avg RMSE (Real): 7094.9715
2026-04-17 01:59:15,226 - INFO -     >>> Val MAE Details: ['2635.8135']
2026-04-17 01:59:15,226 - INFO - ⏳ No improvement. Patience: 39/50
2026-04-17 02:00:37,948 - INFO - [Epoch 192] Train Loss: 0.0012 | LR: 0.000000
2026-04-17 02:00:37,949 - INFO -     >>> Val Avg RMSE (Real): 7115.6709
2026-04-17 02:00:37,949 - INFO -     >>> Val MAE Details: ['2623.9497']
2026-04-17 02:00:37,949 - INFO - ⏳ No improvement. Patience: 40/50
2026-04-17 02:02:00,541 - INFO - [Epoch 193] Train Loss: 0.0012 | LR: 0.000000
2026-04-17 02:02:00,542 - INFO -     >>> Val Avg RMSE (Real): 7100.8211
2026-04-17 02:02:00,542 - INFO -     >>> Val MAE Details: ['2627.3311']
2026-04-17 02:02:00,542 - INFO - ⏳ No improvement. Patience: 41/50
2026-04-17 02:03:23,474 - INFO - [Epoch 194] Train Loss: 0.0012 | LR: 0.000000
2026-04-17 02:03:23,474 - INFO -     >>> Val Avg RMSE (Real): 6489.3066
2026-04-17 02:03:23,474 - INFO -     >>> Val MAE Details: ['2598.2834']
2026-04-17 02:03:23,474 - INFO - ⏳ No improvement. Patience: 42/50
2026-04-17 02:04:46,820 - INFO - [Epoch 195] Train Loss: 0.0012 | LR: 0.000000
2026-04-17 02:04:46,820 - INFO -     >>> Val Avg RMSE (Real): 7106.1675
2026-04-17 02:04:46,820 - INFO -     >>> Val MAE Details: ['2622.5337']
2026-04-17 02:04:46,820 - INFO - ⏳ No improvement. Patience: 43/50
2026-04-17 02:06:09,564 - INFO - [Epoch 196] Train Loss: 0.0012 | LR: 0.000000
2026-04-17 02:06:09,565 - INFO -     >>> Val Avg RMSE (Real): 7129.3405
2026-04-17 02:06:09,565 - INFO -     >>> Val MAE Details: ['2625.5945']
2026-04-17 02:06:09,565 - INFO - ⏳ No improvement. Patience: 44/50
2026-04-17 02:07:31,286 - INFO - [Epoch 197] Train Loss: 0.0012 | LR: 0.000000
2026-04-17 02:07:31,286 - INFO -     >>> Val Avg RMSE (Real): 7124.5278
2026-04-17 02:07:31,286 - INFO -     >>> Val MAE Details: ['2622.4136']
2026-04-17 02:07:31,286 - INFO - ⏳ No improvement. Patience: 45/50
2026-04-17 02:08:53,175 - INFO - [Epoch 198] Train Loss: 0.0012 | LR: 0.000000
2026-04-17 02:08:53,182 - INFO -     >>> Val Avg RMSE (Real): 7132.3452
2026-04-17 02:08:53,182 - INFO -     >>> Val MAE Details: ['2623.8396']
2026-04-17 02:08:53,182 - INFO - ⏳ No improvement. Patience: 46/50
2026-04-17 02:10:16,072 - INFO - [Epoch 199] Train Loss: 0.0012 | LR: 0.000000
2026-04-17 02:10:16,073 - INFO -     >>> Val Avg RMSE (Real): 7134.0838
2026-04-17 02:10:16,073 - INFO -     >>> Val MAE Details: ['2623.6025']
2026-04-17 02:10:16,073 - INFO - ⏳ No improvement. Patience: 47/50
2026-04-17 02:11:40,281 - INFO - [Epoch 200] Train Loss: 0.0012 | LR: 0.000000
2026-04-17 02:11:40,282 - INFO -     >>> Val Avg RMSE (Real): 6505.5911
2026-04-17 02:11:40,282 - INFO -     >>> Val MAE Details: ['2583.9844']
2026-04-17 02:11:40,282 - INFO - ⏳ No improvement. Patience: 48/50
