2026-04-15 10:16:11,146 - INFO - 💾 Config files backed up to ./logs/QM9_repr_atomistic_graph_GotenNet_Task1_20260415_101611
2026-04-15 10:16:11,146 - INFO - 🎯 Multi-Task Targets (1): ['mu_mD']
2026-04-15 10:16:11,146 - INFO - ========================================
2026-04-15 10:16:11,146 - INFO -         Training Configuration        
2026-04-15 10:16:11,146 - INFO - ========================================
2026-04-15 10:16:11,146 - INFO - 
{'data': {'dataset_mode': 'repr_atomistic_graph',
          'grid_size': 0.1,
          'pkl_path': '../data/qm9/qm9_ed_1024_multi_prop_Bohr.pkl',
          'targets': ['mu_mD']},
 'model': {'cutoff': 10.0,
           'hidden_channels': 128,
           'name': 'GotenNet',
           'num_layers': 6},
 'train': {'batch_size': 64,
           'epochs': 200,
           'grad_norm_clip': 1.0,
           'lr': 0.0001,
           'patience': 50,
           'seed': 2025,
           'weight_decay': 0.0001}}
2026-04-15 10:16:11,147 - INFO - ========================================

2026-04-15 10:16:11,147 - INFO - 🚀 Start Training on Device: cuda
2026-04-15 10:16:11,147 - INFO - Loading Data...
2026-04-15 10:16:11,147 - INFO - Loading Dataset Mode: repr_atomistic_graph...
2026-04-15 10:16:17,131 - INFO - Stats - Mean: [[2705.5706]], Std: [[1530.8763]]
2026-04-15 10:16:17,131 - INFO - Building Model: GotenNet...
2026-04-15 10:16:18,383 - INFO - Total Parameters: 2.2193 M

2026-04-15 10:19:03,384 - INFO - [Epoch 1] Train Loss: 0.2770 | LR: 0.000100
2026-04-15 10:19:03,384 - INFO -     >>> Val Avg RMSE (Real): 456.5831
2026-04-15 10:19:03,384 - INFO -     >>> Val MAE Details: ['275.4624']
2026-04-15 10:19:03,449 - INFO - 💾 Saved Best Model to ./logs/QM9_repr_atomistic_graph_GotenNet_Task1_20260415_101611/best_model.pth
2026-04-15 10:21:47,183 - INFO - [Epoch 2] Train Loss: 0.0695 | LR: 0.000100
2026-04-15 10:21:47,183 - INFO -     >>> Val Avg RMSE (Real): 288.3224
2026-04-15 10:21:47,183 - INFO -     >>> Val MAE Details: ['193.6708']
2026-04-15 10:21:47,261 - INFO - 💾 Saved Best Model to ./logs/QM9_repr_atomistic_graph_GotenNet_Task1_20260415_101611/best_model.pth
2026-04-15 10:24:20,931 - INFO - [Epoch 3] Train Loss: 0.0502 | LR: 0.000100
2026-04-15 10:24:20,931 - INFO -     >>> Val Avg RMSE (Real): 286.1834
2026-04-15 10:24:20,931 - INFO -     >>> Val MAE Details: ['195.1579']
2026-04-15 10:24:21,011 - INFO - 💾 Saved Best Model to ./logs/QM9_repr_atomistic_graph_GotenNet_Task1_20260415_101611/best_model.pth
2026-04-15 10:26:44,823 - INFO - [Epoch 4] Train Loss: 0.0396 | LR: 0.000100
2026-04-15 10:26:44,823 - INFO -     >>> Val Avg RMSE (Real): 295.6627
2026-04-15 10:26:44,823 - INFO -     >>> Val MAE Details: ['184.5532']
2026-04-15 10:26:44,823 - INFO - ⏳ No improvement. Patience: 1/50
2026-04-15 10:29:08,961 - INFO - [Epoch 5] Train Loss: 0.0367 | LR: 0.000100
2026-04-15 10:29:08,961 - INFO -     >>> Val Avg RMSE (Real): 272.5657
2026-04-15 10:29:08,961 - INFO -     >>> Val MAE Details: ['169.2559']
2026-04-15 10:29:09,039 - INFO - 💾 Saved Best Model to ./logs/QM9_repr_atomistic_graph_GotenNet_Task1_20260415_101611/best_model.pth
2026-04-15 10:31:33,547 - INFO - [Epoch 6] Train Loss: 0.0317 | LR: 0.000100
2026-04-15 10:31:33,548 - INFO -     >>> Val Avg RMSE (Real): 275.0172
2026-04-15 10:31:33,548 - INFO -     >>> Val MAE Details: ['216.1088']
2026-04-15 10:31:33,548 - INFO - ⏳ No improvement. Patience: 1/50
2026-04-15 10:33:57,100 - INFO - [Epoch 7] Train Loss: 0.0285 | LR: 0.000100
2026-04-15 10:33:57,100 - INFO -     >>> Val Avg RMSE (Real): 194.6948
2026-04-15 10:33:57,100 - INFO -     >>> Val MAE Details: ['123.6564']
2026-04-15 10:33:57,182 - INFO - 💾 Saved Best Model to ./logs/QM9_repr_atomistic_graph_GotenNet_Task1_20260415_101611/best_model.pth
2026-04-15 10:36:20,525 - INFO - [Epoch 8] Train Loss: 0.0268 | LR: 0.000100
2026-04-15 10:36:20,525 - INFO -     >>> Val Avg RMSE (Real): 577.0107
2026-04-15 10:36:20,525 - INFO -     >>> Val MAE Details: ['302.6883']
2026-04-15 10:36:20,525 - INFO - ⏳ No improvement. Patience: 1/50
2026-04-15 10:38:44,872 - INFO - [Epoch 9] Train Loss: 0.0240 | LR: 0.000100
2026-04-15 10:38:44,872 - INFO -     >>> Val Avg RMSE (Real): 242.4541
2026-04-15 10:38:44,872 - INFO -     >>> Val MAE Details: ['165.1915']
2026-04-15 10:38:44,873 - INFO - ⏳ No improvement. Patience: 2/50
2026-04-15 10:41:08,957 - INFO - [Epoch 10] Train Loss: 0.0235 | LR: 0.000099
2026-04-15 10:41:08,957 - INFO -     >>> Val Avg RMSE (Real): 187.0852
2026-04-15 10:41:08,957 - INFO -     >>> Val MAE Details: ['128.8078']
2026-04-15 10:41:09,037 - INFO - 💾 Saved Best Model to ./logs/QM9_repr_atomistic_graph_GotenNet_Task1_20260415_101611/best_model.pth
2026-04-15 10:43:33,445 - INFO - [Epoch 11] Train Loss: 0.0199 | LR: 0.000099
2026-04-15 10:43:33,445 - INFO -     >>> Val Avg RMSE (Real): 198.7117
2026-04-15 10:43:33,445 - INFO -     >>> Val MAE Details: ['146.4353']
2026-04-15 10:43:33,445 - INFO - ⏳ No improvement. Patience: 1/50
2026-04-15 10:45:57,423 - INFO - [Epoch 12] Train Loss: 0.0207 | LR: 0.000099
2026-04-15 10:45:57,423 - INFO -     >>> Val Avg RMSE (Real): 243.8526
2026-04-15 10:45:57,423 - INFO -     >>> Val MAE Details: ['200.2248']
2026-04-15 10:45:57,423 - INFO - ⏳ No improvement. Patience: 2/50
2026-04-15 10:48:21,249 - INFO - [Epoch 13] Train Loss: 0.0175 | LR: 0.000099
2026-04-15 10:48:21,249 - INFO -     >>> Val Avg RMSE (Real): 185.7883
2026-04-15 10:48:21,249 - INFO -     >>> Val MAE Details: ['129.6605']
2026-04-15 10:48:21,330 - INFO - 💾 Saved Best Model to ./logs/QM9_repr_atomistic_graph_GotenNet_Task1_20260415_101611/best_model.pth
2026-04-15 10:50:45,853 - INFO - [Epoch 14] Train Loss: 0.0166 | LR: 0.000099
2026-04-15 10:50:45,854 - INFO -     >>> Val Avg RMSE (Real): 217.8952
2026-04-15 10:50:45,854 - INFO -     >>> Val MAE Details: ['167.6663']
2026-04-15 10:50:45,854 - INFO - ⏳ No improvement. Patience: 1/50
2026-04-15 10:53:10,033 - INFO - [Epoch 15] Train Loss: 0.0163 | LR: 0.000099
2026-04-15 10:53:10,034 - INFO -     >>> Val Avg RMSE (Real): 178.0762
2026-04-15 10:53:10,034 - INFO -     >>> Val MAE Details: ['127.1416']
2026-04-15 10:53:10,113 - INFO - 💾 Saved Best Model to ./logs/QM9_repr_atomistic_graph_GotenNet_Task1_20260415_101611/best_model.pth
2026-04-15 10:55:33,625 - INFO - [Epoch 16] Train Loss: 0.0165 | LR: 0.000098
2026-04-15 10:55:33,626 - INFO -     >>> Val Avg RMSE (Real): 229.0206
2026-04-15 10:55:33,626 - INFO -     >>> Val MAE Details: ['188.7264']
2026-04-15 10:55:33,626 - INFO - ⏳ No improvement. Patience: 1/50
2026-04-15 10:57:57,153 - INFO - [Epoch 17] Train Loss: 0.0155 | LR: 0.000098
2026-04-15 10:57:57,154 - INFO -     >>> Val Avg RMSE (Real): 147.7437
2026-04-15 10:57:57,154 - INFO -     >>> Val MAE Details: ['95.3306']
2026-04-15 10:57:57,234 - INFO - 💾 Saved Best Model to ./logs/QM9_repr_atomistic_graph_GotenNet_Task1_20260415_101611/best_model.pth
2026-04-15 11:00:21,230 - INFO - [Epoch 18] Train Loss: 0.0154 | LR: 0.000098
2026-04-15 11:00:21,230 - INFO -     >>> Val Avg RMSE (Real): 165.0696
2026-04-15 11:00:21,231 - INFO -     >>> Val MAE Details: ['101.0825']
2026-04-15 11:00:21,231 - INFO - ⏳ No improvement. Patience: 1/50
2026-04-15 11:02:45,314 - INFO - [Epoch 19] Train Loss: 0.0139 | LR: 0.000098
2026-04-15 11:02:45,314 - INFO -     >>> Val Avg RMSE (Real): 268.7282
2026-04-15 11:02:45,314 - INFO -     >>> Val MAE Details: ['221.0752']
2026-04-15 11:02:45,314 - INFO - ⏳ No improvement. Patience: 2/50
2026-04-15 11:05:10,131 - INFO - [Epoch 20] Train Loss: 0.0126 | LR: 0.000098
2026-04-15 11:05:10,131 - INFO -     >>> Val Avg RMSE (Real): 141.7627
2026-04-15 11:05:10,131 - INFO -     >>> Val MAE Details: ['94.2058']
2026-04-15 11:05:10,211 - INFO - 💾 Saved Best Model to ./logs/QM9_repr_atomistic_graph_GotenNet_Task1_20260415_101611/best_model.pth
2026-04-15 11:07:34,731 - INFO - [Epoch 21] Train Loss: 0.0123 | LR: 0.000097
2026-04-15 11:07:34,731 - INFO -     >>> Val Avg RMSE (Real): 157.6516
2026-04-15 11:07:34,731 - INFO -     >>> Val MAE Details: ['111.4184']
2026-04-15 11:07:34,731 - INFO - ⏳ No improvement. Patience: 1/50
2026-04-15 11:09:58,581 - INFO - [Epoch 22] Train Loss: 0.0123 | LR: 0.000097
2026-04-15 11:09:58,582 - INFO -     >>> Val Avg RMSE (Real): 193.5866
2026-04-15 11:09:58,582 - INFO -     >>> Val MAE Details: ['137.6986']
2026-04-15 11:09:58,582 - INFO - ⏳ No improvement. Patience: 2/50
2026-04-15 11:12:26,241 - INFO - [Epoch 23] Train Loss: 0.0119 | LR: 0.000097
2026-04-15 11:12:26,241 - INFO -     >>> Val Avg RMSE (Real): 166.8788
2026-04-15 11:12:26,241 - INFO -     >>> Val MAE Details: ['99.7891']
2026-04-15 11:12:26,241 - INFO - ⏳ No improvement. Patience: 3/50
2026-04-15 11:14:50,453 - INFO - [Epoch 24] Train Loss: 0.0127 | LR: 0.000096
2026-04-15 11:14:50,453 - INFO -     >>> Val Avg RMSE (Real): 152.8790
2026-04-15 11:14:50,453 - INFO -     >>> Val MAE Details: ['93.0096']
2026-04-15 11:14:50,454 - INFO - ⏳ No improvement. Patience: 4/50
2026-04-15 11:17:13,399 - INFO - [Epoch 25] Train Loss: 0.0118 | LR: 0.000096
2026-04-15 11:17:13,400 - INFO -     >>> Val Avg RMSE (Real): 136.3977
2026-04-15 11:17:13,400 - INFO -     >>> Val MAE Details: ['86.4213']
2026-04-15 11:17:13,478 - INFO - 💾 Saved Best Model to ./logs/QM9_repr_atomistic_graph_GotenNet_Task1_20260415_101611/best_model.pth
2026-04-15 11:19:36,973 - INFO - [Epoch 26] Train Loss: 0.0114 | LR: 0.000096
2026-04-15 11:19:36,973 - INFO -     >>> Val Avg RMSE (Real): 176.7130
2026-04-15 11:19:36,973 - INFO -     >>> Val MAE Details: ['122.7613']
2026-04-15 11:19:36,973 - INFO - ⏳ No improvement. Patience: 1/50
2026-04-15 11:22:02,367 - INFO - [Epoch 27] Train Loss: 0.0102 | LR: 0.000096
2026-04-15 11:22:02,367 - INFO -     >>> Val Avg RMSE (Real): 156.8103
2026-04-15 11:22:02,367 - INFO -     >>> Val MAE Details: ['108.5334']
2026-04-15 11:22:02,367 - INFO - ⏳ No improvement. Patience: 2/50
2026-04-15 11:24:28,767 - INFO - [Epoch 28] Train Loss: 0.0103 | LR: 0.000095
2026-04-15 11:24:28,767 - INFO -     >>> Val Avg RMSE (Real): 127.1237
2026-04-15 11:24:28,767 - INFO -     >>> Val MAE Details: ['87.3615']
2026-04-15 11:24:28,844 - INFO - 💾 Saved Best Model to ./logs/QM9_repr_atomistic_graph_GotenNet_Task1_20260415_101611/best_model.pth
2026-04-15 11:26:57,880 - INFO - [Epoch 29] Train Loss: 0.0104 | LR: 0.000095
2026-04-15 11:26:57,880 - INFO -     >>> Val Avg RMSE (Real): 157.8616
2026-04-15 11:26:57,880 - INFO -     >>> Val MAE Details: ['103.0606']
2026-04-15 11:26:57,880 - INFO - ⏳ No improvement. Patience: 1/50
2026-04-15 11:29:28,993 - INFO - [Epoch 30] Train Loss: 0.0100 | LR: 0.000095
2026-04-15 11:29:28,993 - INFO -     >>> Val Avg RMSE (Real): 127.5226
2026-04-15 11:29:28,993 - INFO -     >>> Val MAE Details: ['84.9438']
2026-04-15 11:29:28,993 - INFO - ⏳ No improvement. Patience: 2/50
2026-04-15 11:31:58,436 - INFO - [Epoch 31] Train Loss: 0.0106 | LR: 0.000094
2026-04-15 11:31:58,436 - INFO -     >>> Val Avg RMSE (Real): 152.4420
2026-04-15 11:31:58,436 - INFO -     >>> Val MAE Details: ['105.0363']
2026-04-15 11:31:58,436 - INFO - ⏳ No improvement. Patience: 3/50
2026-04-15 11:34:28,951 - INFO - [Epoch 32] Train Loss: 0.0089 | LR: 0.000094
2026-04-15 11:34:28,951 - INFO -     >>> Val Avg RMSE (Real): 180.8076
2026-04-15 11:34:28,951 - INFO -     >>> Val MAE Details: ['142.0334']
2026-04-15 11:34:28,951 - INFO - ⏳ No improvement. Patience: 4/50
2026-04-15 11:36:58,865 - INFO - [Epoch 33] Train Loss: 0.0090 | LR: 0.000093
2026-04-15 11:36:58,866 - INFO -     >>> Val Avg RMSE (Real): 149.3706
2026-04-15 11:36:58,866 - INFO -     >>> Val MAE Details: ['81.7149']
2026-04-15 11:36:58,866 - INFO - ⏳ No improvement. Patience: 5/50
2026-04-15 11:39:27,675 - INFO - [Epoch 34] Train Loss: 0.0095 | LR: 0.000093
2026-04-15 11:39:27,676 - INFO -     >>> Val Avg RMSE (Real): 114.7364
2026-04-15 11:39:27,676 - INFO -     >>> Val MAE Details: ['71.4998']
2026-04-15 11:39:27,755 - INFO - 💾 Saved Best Model to ./logs/QM9_repr_atomistic_graph_GotenNet_Task1_20260415_101611/best_model.pth
2026-04-15 11:41:56,026 - INFO - [Epoch 35] Train Loss: 0.0084 | LR: 0.000093
2026-04-15 11:41:56,027 - INFO -     >>> Val Avg RMSE (Real): 140.3928
2026-04-15 11:41:56,027 - INFO -     >>> Val MAE Details: ['94.1796']
2026-04-15 11:41:56,027 - INFO - ⏳ No improvement. Patience: 1/50
2026-04-15 11:44:21,551 - INFO - [Epoch 36] Train Loss: 0.0090 | LR: 0.000092
2026-04-15 11:44:21,551 - INFO -     >>> Val Avg RMSE (Real): 164.0997
2026-04-15 11:44:21,551 - INFO -     >>> Val MAE Details: ['131.1418']
2026-04-15 11:44:21,551 - INFO - ⏳ No improvement. Patience: 2/50
2026-04-15 11:46:52,814 - INFO - [Epoch 37] Train Loss: 0.0083 | LR: 0.000092
2026-04-15 11:46:52,814 - INFO -     >>> Val Avg RMSE (Real): 146.6570
2026-04-15 11:46:52,814 - INFO -     >>> Val MAE Details: ['111.5409']
2026-04-15 11:46:52,814 - INFO - ⏳ No improvement. Patience: 3/50
2026-04-15 11:49:31,497 - INFO - [Epoch 38] Train Loss: 0.0083 | LR: 0.000091
2026-04-15 11:49:31,498 - INFO -     >>> Val Avg RMSE (Real): 129.7456
2026-04-15 11:49:31,498 - INFO -     >>> Val MAE Details: ['93.6517']
2026-04-15 11:49:31,498 - INFO - ⏳ No improvement. Patience: 4/50
2026-04-15 11:52:19,444 - INFO - [Epoch 39] Train Loss: 0.0091 | LR: 0.000091
2026-04-15 11:52:19,444 - INFO -     >>> Val Avg RMSE (Real): 172.1227
2026-04-15 11:52:19,444 - INFO -     >>> Val MAE Details: ['141.9607']
2026-04-15 11:52:19,444 - INFO - ⏳ No improvement. Patience: 5/50
2026-04-15 11:55:15,875 - INFO - [Epoch 40] Train Loss: 0.0085 | LR: 0.000090
2026-04-15 11:55:15,876 - INFO -     >>> Val Avg RMSE (Real): 147.5894
2026-04-15 11:55:15,876 - INFO -     >>> Val MAE Details: ['109.9964']
2026-04-15 11:55:15,876 - INFO - ⏳ No improvement. Patience: 6/50
2026-04-15 11:58:15,746 - INFO - [Epoch 41] Train Loss: 0.0082 | LR: 0.000090
2026-04-15 11:58:15,747 - INFO -     >>> Val Avg RMSE (Real): 234.1866
2026-04-15 11:58:15,747 - INFO -     >>> Val MAE Details: ['204.7127']
2026-04-15 11:58:15,747 - INFO - ⏳ No improvement. Patience: 7/50
2026-04-15 12:01:07,530 - INFO - [Epoch 42] Train Loss: 0.0074 | LR: 0.000090
2026-04-15 12:01:07,531 - INFO -     >>> Val Avg RMSE (Real): 120.8101
2026-04-15 12:01:07,531 - INFO -     >>> Val MAE Details: ['80.3545']
2026-04-15 12:01:07,531 - INFO - ⏳ No improvement. Patience: 8/50
2026-04-15 12:04:00,714 - INFO - [Epoch 43] Train Loss: 0.0074 | LR: 0.000089
2026-04-15 12:04:00,714 - INFO -     >>> Val Avg RMSE (Real): 124.4701
2026-04-15 12:04:00,714 - INFO -     >>> Val MAE Details: ['72.9415']
2026-04-15 12:04:00,714 - INFO - ⏳ No improvement. Patience: 9/50
2026-04-15 12:06:55,691 - INFO - [Epoch 44] Train Loss: 0.0070 | LR: 0.000089
2026-04-15 12:06:55,691 - INFO -     >>> Val Avg RMSE (Real): 115.7676
2026-04-15 12:06:55,691 - INFO -     >>> Val MAE Details: ['73.9168']
2026-04-15 12:06:55,691 - INFO - ⏳ No improvement. Patience: 10/50
2026-04-15 12:09:48,864 - INFO - [Epoch 45] Train Loss: 0.0071 | LR: 0.000088
2026-04-15 12:09:48,864 - INFO -     >>> Val Avg RMSE (Real): 121.5604
2026-04-15 12:09:48,864 - INFO -     >>> Val MAE Details: ['84.0168']
2026-04-15 12:09:48,864 - INFO - ⏳ No improvement. Patience: 11/50
2026-04-15 12:12:43,532 - INFO - [Epoch 46] Train Loss: 0.0069 | LR: 0.000088
2026-04-15 12:12:43,532 - INFO -     >>> Val Avg RMSE (Real): 171.7576
2026-04-15 12:12:43,532 - INFO -     >>> Val MAE Details: ['138.7214']
2026-04-15 12:12:43,532 - INFO - ⏳ No improvement. Patience: 12/50
2026-04-15 12:15:36,135 - INFO - [Epoch 47] Train Loss: 0.0073 | LR: 0.000087
2026-04-15 12:15:36,135 - INFO -     >>> Val Avg RMSE (Real): 110.2167
2026-04-15 12:15:36,135 - INFO -     >>> Val MAE Details: ['78.6567']
2026-04-15 12:15:36,217 - INFO - 💾 Saved Best Model to ./logs/QM9_repr_atomistic_graph_GotenNet_Task1_20260415_101611/best_model.pth
2026-04-15 12:18:26,952 - INFO - [Epoch 48] Train Loss: 0.0063 | LR: 0.000086
2026-04-15 12:18:26,952 - INFO -     >>> Val Avg RMSE (Real): 117.7135
2026-04-15 12:18:26,952 - INFO -     >>> Val MAE Details: ['72.8105']
2026-04-15 12:18:26,952 - INFO - ⏳ No improvement. Patience: 1/50
2026-04-15 12:21:19,189 - INFO - [Epoch 49] Train Loss: 0.0065 | LR: 0.000086
2026-04-15 12:21:19,190 - INFO -     >>> Val Avg RMSE (Real): 140.7704
2026-04-15 12:21:19,190 - INFO -     >>> Val MAE Details: ['100.3395']
2026-04-15 12:21:19,190 - INFO - ⏳ No improvement. Patience: 2/50
2026-04-15 12:24:12,006 - INFO - [Epoch 50] Train Loss: 0.0059 | LR: 0.000085
2026-04-15 12:24:12,007 - INFO -     >>> Val Avg RMSE (Real): 118.5754
2026-04-15 12:24:12,007 - INFO -     >>> Val MAE Details: ['70.6038']
2026-04-15 12:24:12,007 - INFO - ⏳ No improvement. Patience: 3/50
2026-04-15 12:27:05,602 - INFO - [Epoch 51] Train Loss: 0.0056 | LR: 0.000085
2026-04-15 12:27:05,602 - INFO -     >>> Val Avg RMSE (Real): 115.1632
2026-04-15 12:27:05,602 - INFO -     >>> Val MAE Details: ['73.8430']
2026-04-15 12:27:05,602 - INFO - ⏳ No improvement. Patience: 4/50
2026-04-15 12:29:58,905 - INFO - [Epoch 52] Train Loss: 0.0062 | LR: 0.000084
2026-04-15 12:29:58,906 - INFO -     >>> Val Avg RMSE (Real): 156.4053
2026-04-15 12:29:58,906 - INFO -     >>> Val MAE Details: ['124.1123']
2026-04-15 12:29:58,906 - INFO - ⏳ No improvement. Patience: 5/50
2026-04-15 12:32:40,911 - INFO - [Epoch 53] Train Loss: 0.0056 | LR: 0.000084
2026-04-15 12:32:40,911 - INFO -     >>> Val Avg RMSE (Real): 183.9747
2026-04-15 12:32:40,911 - INFO -     >>> Val MAE Details: ['148.1263']
2026-04-15 12:32:40,911 - INFO - ⏳ No improvement. Patience: 6/50
2026-04-15 12:35:33,947 - INFO - [Epoch 54] Train Loss: 0.0058 | LR: 0.000083
2026-04-15 12:35:33,948 - INFO -     >>> Val Avg RMSE (Real): 99.0156
2026-04-15 12:35:33,948 - INFO -     >>> Val MAE Details: ['61.0849']
2026-04-15 12:35:34,022 - INFO - 💾 Saved Best Model to ./logs/QM9_repr_atomistic_graph_GotenNet_Task1_20260415_101611/best_model.pth
2026-04-15 12:38:25,882 - INFO - [Epoch 55] Train Loss: 0.0059 | LR: 0.000082
2026-04-15 12:38:25,882 - INFO -     >>> Val Avg RMSE (Real): 134.2263
2026-04-15 12:38:25,882 - INFO -     >>> Val MAE Details: ['103.3035']
2026-04-15 12:38:25,882 - INFO - ⏳ No improvement. Patience: 1/50
2026-04-15 12:41:20,256 - INFO - [Epoch 56] Train Loss: 0.0057 | LR: 0.000082
2026-04-15 12:41:20,256 - INFO -     >>> Val Avg RMSE (Real): 105.6145
2026-04-15 12:41:20,256 - INFO -     >>> Val MAE Details: ['68.9862']
2026-04-15 12:41:20,256 - INFO - ⏳ No improvement. Patience: 2/50
2026-04-15 12:44:13,643 - INFO - [Epoch 57] Train Loss: 0.0057 | LR: 0.000081
2026-04-15 12:44:13,643 - INFO -     >>> Val Avg RMSE (Real): 112.7840
2026-04-15 12:44:13,643 - INFO -     >>> Val MAE Details: ['80.1268']
2026-04-15 12:44:13,643 - INFO - ⏳ No improvement. Patience: 3/50
2026-04-15 12:47:07,324 - INFO - [Epoch 58] Train Loss: 0.0054 | LR: 0.000081
2026-04-15 12:47:07,324 - INFO -     >>> Val Avg RMSE (Real): 96.4887
2026-04-15 12:47:07,324 - INFO -     >>> Val MAE Details: ['60.4022']
2026-04-15 12:47:07,406 - INFO - 💾 Saved Best Model to ./logs/QM9_repr_atomistic_graph_GotenNet_Task1_20260415_101611/best_model.pth
2026-04-15 12:50:01,229 - INFO - [Epoch 59] Train Loss: 0.0050 | LR: 0.000080
2026-04-15 12:50:01,229 - INFO -     >>> Val Avg RMSE (Real): 96.5632
2026-04-15 12:50:01,229 - INFO -     >>> Val MAE Details: ['64.9981']
2026-04-15 12:50:01,229 - INFO - ⏳ No improvement. Patience: 1/50
2026-04-15 12:52:53,625 - INFO - [Epoch 60] Train Loss: 0.0051 | LR: 0.000079
2026-04-15 12:52:53,625 - INFO -     >>> Val Avg RMSE (Real): 114.4721
2026-04-15 12:52:53,626 - INFO -     >>> Val MAE Details: ['80.2062']
2026-04-15 12:52:53,626 - INFO - ⏳ No improvement. Patience: 2/50
2026-04-15 12:55:46,531 - INFO - [Epoch 61] Train Loss: 0.0050 | LR: 0.000079
2026-04-15 12:55:46,531 - INFO -     >>> Val Avg RMSE (Real): 109.3750
2026-04-15 12:55:46,531 - INFO -     >>> Val MAE Details: ['63.6298']
2026-04-15 12:55:46,531 - INFO - ⏳ No improvement. Patience: 3/50
2026-04-15 12:58:39,724 - INFO - [Epoch 62] Train Loss: 0.0047 | LR: 0.000078
2026-04-15 12:58:39,724 - INFO -     >>> Val Avg RMSE (Real): 117.9198
2026-04-15 12:58:39,724 - INFO -     >>> Val MAE Details: ['74.1686']
2026-04-15 12:58:39,724 - INFO - ⏳ No improvement. Patience: 4/50
2026-04-15 13:01:33,371 - INFO - [Epoch 63] Train Loss: 0.0048 | LR: 0.000077
2026-04-15 13:01:33,372 - INFO -     >>> Val Avg RMSE (Real): 118.3237
2026-04-15 13:01:33,372 - INFO -     >>> Val MAE Details: ['88.8219']
2026-04-15 13:01:33,372 - INFO - ⏳ No improvement. Patience: 5/50
2026-04-15 13:04:26,001 - INFO - [Epoch 64] Train Loss: 0.0049 | LR: 0.000077
2026-04-15 13:04:26,001 - INFO -     >>> Val Avg RMSE (Real): 108.3041
2026-04-15 13:04:26,001 - INFO -     >>> Val MAE Details: ['69.3843']
2026-04-15 13:04:26,001 - INFO - ⏳ No improvement. Patience: 6/50
2026-04-15 13:07:19,155 - INFO - [Epoch 65] Train Loss: 0.0047 | LR: 0.000076
2026-04-15 13:07:19,155 - INFO -     >>> Val Avg RMSE (Real): 98.1287
2026-04-15 13:07:19,155 - INFO -     >>> Val MAE Details: ['61.7218']
2026-04-15 13:07:19,155 - INFO - ⏳ No improvement. Patience: 7/50
2026-04-15 13:09:53,544 - INFO - [Epoch 66] Train Loss: 0.0051 | LR: 0.000075
2026-04-15 13:09:53,545 - INFO -     >>> Val Avg RMSE (Real): 95.3114
2026-04-15 13:09:53,545 - INFO -     >>> Val MAE Details: ['57.8363']
2026-04-15 13:09:53,615 - INFO - 💾 Saved Best Model to ./logs/QM9_repr_atomistic_graph_GotenNet_Task1_20260415_101611/best_model.pth
2026-04-15 13:12:44,916 - INFO - [Epoch 67] Train Loss: 0.0047 | LR: 0.000075
2026-04-15 13:12:44,916 - INFO -     >>> Val Avg RMSE (Real): 166.6436
2026-04-15 13:12:44,916 - INFO -     >>> Val MAE Details: ['138.4362']
2026-04-15 13:12:44,916 - INFO - ⏳ No improvement. Patience: 1/50
2026-04-15 13:15:38,515 - INFO - [Epoch 68] Train Loss: 0.0044 | LR: 0.000074
2026-04-15 13:15:38,515 - INFO -     >>> Val Avg RMSE (Real): 177.5399
2026-04-15 13:15:38,515 - INFO -     >>> Val MAE Details: ['140.7659']
2026-04-15 13:15:38,516 - INFO - ⏳ No improvement. Patience: 2/50
2026-04-15 13:18:32,707 - INFO - [Epoch 69] Train Loss: 0.0045 | LR: 0.000073
2026-04-15 13:18:32,708 - INFO -     >>> Val Avg RMSE (Real): 177.0873
2026-04-15 13:18:32,708 - INFO -     >>> Val MAE Details: ['150.4709']
2026-04-15 13:18:32,708 - INFO - ⏳ No improvement. Patience: 3/50
2026-04-15 13:21:25,332 - INFO - [Epoch 70] Train Loss: 0.0044 | LR: 0.000073
2026-04-15 13:21:25,333 - INFO -     >>> Val Avg RMSE (Real): 122.6430
2026-04-15 13:21:25,333 - INFO -     >>> Val MAE Details: ['83.3915']
2026-04-15 13:21:25,333 - INFO - ⏳ No improvement. Patience: 4/50
2026-04-15 13:24:17,996 - INFO - [Epoch 71] Train Loss: 0.0045 | LR: 0.000072
2026-04-15 13:24:17,997 - INFO -     >>> Val Avg RMSE (Real): 92.4462
2026-04-15 13:24:17,997 - INFO -     >>> Val MAE Details: ['58.8100']
2026-04-15 13:24:18,077 - INFO - 💾 Saved Best Model to ./logs/QM9_repr_atomistic_graph_GotenNet_Task1_20260415_101611/best_model.pth
2026-04-15 13:27:12,056 - INFO - [Epoch 72] Train Loss: 0.0040 | LR: 0.000071
2026-04-15 13:27:12,057 - INFO -     >>> Val Avg RMSE (Real): 92.3058
2026-04-15 13:27:12,057 - INFO -     >>> Val MAE Details: ['56.5457']
2026-04-15 13:27:12,139 - INFO - 💾 Saved Best Model to ./logs/QM9_repr_atomistic_graph_GotenNet_Task1_20260415_101611/best_model.pth
2026-04-15 13:29:57,188 - INFO - [Epoch 73] Train Loss: 0.0039 | LR: 0.000071
2026-04-15 13:29:57,188 - INFO -     >>> Val Avg RMSE (Real): 92.5355
2026-04-15 13:29:57,188 - INFO -     >>> Val MAE Details: ['58.5765']
2026-04-15 13:29:57,188 - INFO - ⏳ No improvement. Patience: 1/50
2026-04-15 13:32:49,750 - INFO - [Epoch 74] Train Loss: 0.0042 | LR: 0.000070
2026-04-15 13:32:49,750 - INFO -     >>> Val Avg RMSE (Real): 92.5491
2026-04-15 13:32:49,750 - INFO -     >>> Val MAE Details: ['61.6986']
2026-04-15 13:32:49,750 - INFO - ⏳ No improvement. Patience: 2/50
2026-04-15 13:35:43,831 - INFO - [Epoch 75] Train Loss: 0.0040 | LR: 0.000069
2026-04-15 13:35:43,831 - INFO -     >>> Val Avg RMSE (Real): 92.5142
2026-04-15 13:35:43,831 - INFO -     >>> Val MAE Details: ['61.9005']
2026-04-15 13:35:43,831 - INFO - ⏳ No improvement. Patience: 3/50
2026-04-15 13:38:36,406 - INFO - [Epoch 76] Train Loss: 0.0039 | LR: 0.000068
2026-04-15 13:38:36,406 - INFO -     >>> Val Avg RMSE (Real): 99.9539
2026-04-15 13:38:36,406 - INFO -     >>> Val MAE Details: ['64.0784']
2026-04-15 13:38:36,406 - INFO - ⏳ No improvement. Patience: 4/50
2026-04-15 13:41:28,150 - INFO - [Epoch 77] Train Loss: 0.0039 | LR: 0.000068
2026-04-15 13:41:28,150 - INFO -     >>> Val Avg RMSE (Real): 107.0474
2026-04-15 13:41:28,150 - INFO -     >>> Val MAE Details: ['74.2777']
2026-04-15 13:41:28,151 - INFO - ⏳ No improvement. Patience: 5/50
2026-04-15 13:44:22,682 - INFO - [Epoch 78] Train Loss: 0.0038 | LR: 0.000067
2026-04-15 13:44:22,682 - INFO -     >>> Val Avg RMSE (Real): 96.1220
2026-04-15 13:44:22,682 - INFO -     >>> Val MAE Details: ['64.7493']
2026-04-15 13:44:22,682 - INFO - ⏳ No improvement. Patience: 6/50
2026-04-15 13:47:13,826 - INFO - [Epoch 79] Train Loss: 0.0037 | LR: 0.000066
2026-04-15 13:47:13,826 - INFO -     >>> Val Avg RMSE (Real): 103.2914
2026-04-15 13:47:13,826 - INFO -     >>> Val MAE Details: ['64.7478']
2026-04-15 13:47:13,826 - INFO - ⏳ No improvement. Patience: 7/50
2026-04-15 13:50:07,454 - INFO - [Epoch 80] Train Loss: 0.0037 | LR: 0.000065
2026-04-15 13:50:07,454 - INFO -     >>> Val Avg RMSE (Real): 92.2718
2026-04-15 13:50:07,454 - INFO -     >>> Val MAE Details: ['60.2648']
2026-04-15 13:50:07,535 - INFO - 💾 Saved Best Model to ./logs/QM9_repr_atomistic_graph_GotenNet_Task1_20260415_101611/best_model.pth
2026-04-15 13:53:00,036 - INFO - [Epoch 81] Train Loss: 0.0037 | LR: 0.000065
2026-04-15 13:53:00,036 - INFO -     >>> Val Avg RMSE (Real): 89.6950
2026-04-15 13:53:00,036 - INFO -     >>> Val MAE Details: ['56.8235']
2026-04-15 13:53:00,119 - INFO - 💾 Saved Best Model to ./logs/QM9_repr_atomistic_graph_GotenNet_Task1_20260415_101611/best_model.pth
2026-04-15 13:55:55,934 - INFO - [Epoch 82] Train Loss: 0.0034 | LR: 0.000064
2026-04-15 13:55:55,934 - INFO -     >>> Val Avg RMSE (Real): 89.0382
2026-04-15 13:55:55,934 - INFO -     >>> Val MAE Details: ['60.2306']
2026-04-15 13:55:56,016 - INFO - 💾 Saved Best Model to ./logs/QM9_repr_atomistic_graph_GotenNet_Task1_20260415_101611/best_model.pth
2026-04-15 13:58:49,090 - INFO - [Epoch 83] Train Loss: 0.0035 | LR: 0.000063
2026-04-15 13:58:49,090 - INFO -     >>> Val Avg RMSE (Real): 109.2562
2026-04-15 13:58:49,090 - INFO -     >>> Val MAE Details: ['66.3213']
2026-04-15 13:58:49,090 - INFO - ⏳ No improvement. Patience: 1/50
2026-04-15 14:01:41,865 - INFO - [Epoch 84] Train Loss: 0.0036 | LR: 0.000062
2026-04-15 14:01:41,865 - INFO -     >>> Val Avg RMSE (Real): 98.9171
2026-04-15 14:01:41,865 - INFO -     >>> Val MAE Details: ['64.2429']
2026-04-15 14:01:41,865 - INFO - ⏳ No improvement. Patience: 2/50
2026-04-15 14:04:33,477 - INFO - [Epoch 85] Train Loss: 0.0035 | LR: 0.000062
2026-04-15 14:04:33,477 - INFO -     >>> Val Avg RMSE (Real): 88.2299
2026-04-15 14:04:33,477 - INFO -     >>> Val MAE Details: ['52.8587']
2026-04-15 14:04:33,558 - INFO - 💾 Saved Best Model to ./logs/QM9_repr_atomistic_graph_GotenNet_Task1_20260415_101611/best_model.pth
2026-04-15 14:07:26,517 - INFO - [Epoch 86] Train Loss: 0.0036 | LR: 0.000061
2026-04-15 14:07:26,518 - INFO -     >>> Val Avg RMSE (Real): 100.4838
2026-04-15 14:07:26,518 - INFO -     >>> Val MAE Details: ['65.2724']
2026-04-15 14:07:26,518 - INFO - ⏳ No improvement. Patience: 1/50
2026-04-15 14:10:19,645 - INFO - [Epoch 87] Train Loss: 0.0031 | LR: 0.000060
2026-04-15 14:10:19,645 - INFO -     >>> Val Avg RMSE (Real): 90.2341
2026-04-15 14:10:19,645 - INFO -     >>> Val MAE Details: ['61.4350']
2026-04-15 14:10:19,645 - INFO - ⏳ No improvement. Patience: 2/50
2026-04-15 14:13:12,631 - INFO - [Epoch 88] Train Loss: 0.0033 | LR: 0.000059
2026-04-15 14:13:12,631 - INFO -     >>> Val Avg RMSE (Real): 82.1768
2026-04-15 14:13:12,631 - INFO -     >>> Val MAE Details: ['53.9069']
2026-04-15 14:13:12,712 - INFO - 💾 Saved Best Model to ./logs/QM9_repr_atomistic_graph_GotenNet_Task1_20260415_101611/best_model.pth
2026-04-15 14:16:05,696 - INFO - [Epoch 89] Train Loss: 0.0031 | LR: 0.000059
2026-04-15 14:16:05,696 - INFO -     >>> Val Avg RMSE (Real): 170.7387
2026-04-15 14:16:05,696 - INFO -     >>> Val MAE Details: ['139.9773']
2026-04-15 14:16:05,696 - INFO - ⏳ No improvement. Patience: 1/50
2026-04-15 14:18:57,844 - INFO - [Epoch 90] Train Loss: 0.0032 | LR: 0.000058
2026-04-15 14:18:57,844 - INFO -     >>> Val Avg RMSE (Real): 86.2855
2026-04-15 14:18:57,844 - INFO -     >>> Val MAE Details: ['56.3874']
2026-04-15 14:18:57,844 - INFO - ⏳ No improvement. Patience: 2/50
2026-04-15 14:21:50,629 - INFO - [Epoch 91] Train Loss: 0.0031 | LR: 0.000057
2026-04-15 14:21:50,629 - INFO -     >>> Val Avg RMSE (Real): 98.2550
2026-04-15 14:21:50,629 - INFO -     >>> Val MAE Details: ['67.1378']
2026-04-15 14:21:50,629 - INFO - ⏳ No improvement. Patience: 3/50
2026-04-15 14:24:40,840 - INFO - [Epoch 92] Train Loss: 0.0030 | LR: 0.000056
2026-04-15 14:24:40,840 - INFO -     >>> Val Avg RMSE (Real): 83.3970
2026-04-15 14:24:40,840 - INFO -     >>> Val MAE Details: ['51.8341']
2026-04-15 14:24:40,840 - INFO - ⏳ No improvement. Patience: 4/50
2026-04-15 14:27:34,403 - INFO - [Epoch 93] Train Loss: 0.0031 | LR: 0.000055
2026-04-15 14:27:34,403 - INFO -     >>> Val Avg RMSE (Real): 103.6987
2026-04-15 14:27:34,403 - INFO -     >>> Val MAE Details: ['77.8867']
2026-04-15 14:27:34,403 - INFO - ⏳ No improvement. Patience: 5/50
2026-04-15 14:30:27,798 - INFO - [Epoch 94] Train Loss: 0.0029 | LR: 0.000055
2026-04-15 14:30:27,798 - INFO -     >>> Val Avg RMSE (Real): 106.4675
2026-04-15 14:30:27,798 - INFO -     >>> Val MAE Details: ['66.8758']
2026-04-15 14:30:27,798 - INFO - ⏳ No improvement. Patience: 6/50
2026-04-15 14:33:20,693 - INFO - [Epoch 95] Train Loss: 0.0030 | LR: 0.000054
2026-04-15 14:33:20,693 - INFO -     >>> Val Avg RMSE (Real): 80.6097
2026-04-15 14:33:20,693 - INFO -     >>> Val MAE Details: ['52.2086']
2026-04-15 14:33:20,774 - INFO - 💾 Saved Best Model to ./logs/QM9_repr_atomistic_graph_GotenNet_Task1_20260415_101611/best_model.pth
2026-04-15 14:36:12,331 - INFO - [Epoch 96] Train Loss: 0.0029 | LR: 0.000053
2026-04-15 14:36:12,332 - INFO -     >>> Val Avg RMSE (Real): 92.7802
2026-04-15 14:36:12,332 - INFO -     >>> Val MAE Details: ['63.0980']
2026-04-15 14:36:12,332 - INFO - ⏳ No improvement. Patience: 1/50
2026-04-15 14:39:05,674 - INFO - [Epoch 97] Train Loss: 0.0028 | LR: 0.000052
2026-04-15 14:39:05,674 - INFO -     >>> Val Avg RMSE (Real): 87.1531
2026-04-15 14:39:05,674 - INFO -     >>> Val MAE Details: ['54.7527']
2026-04-15 14:39:05,674 - INFO - ⏳ No improvement. Patience: 2/50
2026-04-15 14:41:57,706 - INFO - [Epoch 98] Train Loss: 0.0027 | LR: 0.000052
2026-04-15 14:41:57,706 - INFO -     >>> Val Avg RMSE (Real): 108.0229
2026-04-15 14:41:57,706 - INFO -     >>> Val MAE Details: ['79.6251']
2026-04-15 14:41:57,706 - INFO - ⏳ No improvement. Patience: 3/50
2026-04-15 14:44:51,589 - INFO - [Epoch 99] Train Loss: 0.0027 | LR: 0.000051
2026-04-15 14:44:51,589 - INFO -     >>> Val Avg RMSE (Real): 82.0393
2026-04-15 14:44:51,589 - INFO -     >>> Val MAE Details: ['48.7828']
2026-04-15 14:44:51,590 - INFO - ⏳ No improvement. Patience: 4/50
2026-04-15 14:47:42,636 - INFO - [Epoch 100] Train Loss: 0.0026 | LR: 0.000050
2026-04-15 14:47:42,636 - INFO -     >>> Val Avg RMSE (Real): 90.0652
2026-04-15 14:47:42,636 - INFO -     >>> Val MAE Details: ['57.5019']
2026-04-15 14:47:42,636 - INFO - ⏳ No improvement. Patience: 5/50
2026-04-15 14:49:48,446 - INFO - [Epoch 101] Train Loss: 0.0027 | LR: 0.000049
2026-04-15 14:49:48,447 - INFO -     >>> Val Avg RMSE (Real): 84.0753
2026-04-15 14:49:48,447 - INFO -     >>> Val MAE Details: ['54.1513']
2026-04-15 14:49:48,447 - INFO - ⏳ No improvement. Patience: 6/50
2026-04-15 14:52:15,886 - INFO - [Epoch 102] Train Loss: 0.0026 | LR: 0.000048
2026-04-15 14:52:15,887 - INFO -     >>> Val Avg RMSE (Real): 91.6287
2026-04-15 14:52:15,887 - INFO -     >>> Val MAE Details: ['58.4582']
2026-04-15 14:52:15,887 - INFO - ⏳ No improvement. Patience: 7/50
2026-04-15 14:55:08,012 - INFO - [Epoch 103] Train Loss: 0.0025 | LR: 0.000048
2026-04-15 14:55:08,012 - INFO -     >>> Val Avg RMSE (Real): 98.6736
2026-04-15 14:55:08,012 - INFO -     >>> Val MAE Details: ['68.8852']
2026-04-15 14:55:08,012 - INFO - ⏳ No improvement. Patience: 8/50
2026-04-15 14:57:57,867 - INFO - [Epoch 104] Train Loss: 0.0026 | LR: 0.000047
2026-04-15 14:57:57,867 - INFO -     >>> Val Avg RMSE (Real): 78.7761
2026-04-15 14:57:57,867 - INFO -     >>> Val MAE Details: ['50.6633']
2026-04-15 14:57:57,949 - INFO - 💾 Saved Best Model to ./logs/QM9_repr_atomistic_graph_GotenNet_Task1_20260415_101611/best_model.pth
2026-04-15 15:00:50,076 - INFO - [Epoch 105] Train Loss: 0.0024 | LR: 0.000046
2026-04-15 15:00:50,077 - INFO -     >>> Val Avg RMSE (Real): 86.8962
2026-04-15 15:00:50,077 - INFO -     >>> Val MAE Details: ['54.7765']
2026-04-15 15:00:50,077 - INFO - ⏳ No improvement. Patience: 1/50
2026-04-15 15:03:42,035 - INFO - [Epoch 106] Train Loss: 0.0026 | LR: 0.000045
2026-04-15 15:03:42,035 - INFO -     >>> Val Avg RMSE (Real): 77.2301
2026-04-15 15:03:42,035 - INFO -     >>> Val MAE Details: ['48.6783']
2026-04-15 15:03:42,116 - INFO - 💾 Saved Best Model to ./logs/QM9_repr_atomistic_graph_GotenNet_Task1_20260415_101611/best_model.pth
2026-04-15 15:06:35,767 - INFO - [Epoch 107] Train Loss: 0.0024 | LR: 0.000045
2026-04-15 15:06:35,767 - INFO -     >>> Val Avg RMSE (Real): 90.4227
2026-04-15 15:06:35,767 - INFO -     >>> Val MAE Details: ['55.4711']
2026-04-15 15:06:35,767 - INFO - ⏳ No improvement. Patience: 1/50
2026-04-15 15:09:27,739 - INFO - [Epoch 108] Train Loss: 0.0023 | LR: 0.000044
2026-04-15 15:09:27,739 - INFO -     >>> Val Avg RMSE (Real): 82.4466
2026-04-15 15:09:27,739 - INFO -     >>> Val MAE Details: ['54.5967']
2026-04-15 15:09:27,739 - INFO - ⏳ No improvement. Patience: 2/50
2026-04-15 15:12:21,528 - INFO - [Epoch 109] Train Loss: 0.0023 | LR: 0.000043
2026-04-15 15:12:21,528 - INFO -     >>> Val Avg RMSE (Real): 82.3111
2026-04-15 15:12:21,528 - INFO -     >>> Val MAE Details: ['51.5969']
2026-04-15 15:12:21,528 - INFO - ⏳ No improvement. Patience: 3/50
2026-04-15 15:15:14,530 - INFO - [Epoch 110] Train Loss: 0.0023 | LR: 0.000042
2026-04-15 15:15:14,530 - INFO -     >>> Val Avg RMSE (Real): 78.5078
2026-04-15 15:15:14,530 - INFO -     >>> Val MAE Details: ['49.6308']
2026-04-15 15:15:14,530 - INFO - ⏳ No improvement. Patience: 4/50
2026-04-15 15:18:07,764 - INFO - [Epoch 111] Train Loss: 0.0021 | LR: 0.000041
2026-04-15 15:18:07,764 - INFO -     >>> Val Avg RMSE (Real): 83.5210
2026-04-15 15:18:07,764 - INFO -     >>> Val MAE Details: ['52.3334']
2026-04-15 15:18:07,764 - INFO - ⏳ No improvement. Patience: 5/50
2026-04-15 15:21:00,316 - INFO - [Epoch 112] Train Loss: 0.0022 | LR: 0.000041
2026-04-15 15:21:00,316 - INFO -     >>> Val Avg RMSE (Real): 80.3213
2026-04-15 15:21:00,316 - INFO -     >>> Val MAE Details: ['50.5651']
2026-04-15 15:21:00,316 - INFO - ⏳ No improvement. Patience: 6/50
2026-04-15 15:23:51,888 - INFO - [Epoch 113] Train Loss: 0.0023 | LR: 0.000040
2026-04-15 15:23:51,888 - INFO -     >>> Val Avg RMSE (Real): 84.3003
2026-04-15 15:23:51,888 - INFO -     >>> Val MAE Details: ['53.7669']
2026-04-15 15:23:51,888 - INFO - ⏳ No improvement. Patience: 7/50
2026-04-15 15:26:44,725 - INFO - [Epoch 114] Train Loss: 0.0021 | LR: 0.000039
2026-04-15 15:26:44,726 - INFO -     >>> Val Avg RMSE (Real): 83.8069
2026-04-15 15:26:44,726 - INFO -     >>> Val MAE Details: ['54.2501']
2026-04-15 15:26:44,726 - INFO - ⏳ No improvement. Patience: 8/50
2026-04-15 15:29:39,313 - INFO - [Epoch 115] Train Loss: 0.0022 | LR: 0.000038
2026-04-15 15:29:39,313 - INFO -     >>> Val Avg RMSE (Real): 78.9153
2026-04-15 15:29:39,313 - INFO -     >>> Val MAE Details: ['52.2887']
2026-04-15 15:29:39,313 - INFO - ⏳ No improvement. Patience: 9/50
2026-04-15 15:32:31,458 - INFO - [Epoch 116] Train Loss: 0.0020 | LR: 0.000038
2026-04-15 15:32:31,459 - INFO -     >>> Val Avg RMSE (Real): 75.1554
2026-04-15 15:32:31,459 - INFO -     >>> Val MAE Details: ['45.5858']
2026-04-15 15:32:31,540 - INFO - 💾 Saved Best Model to ./logs/QM9_repr_atomistic_graph_GotenNet_Task1_20260415_101611/best_model.pth
2026-04-15 15:35:22,363 - INFO - [Epoch 117] Train Loss: 0.0021 | LR: 0.000037
2026-04-15 15:35:22,363 - INFO -     >>> Val Avg RMSE (Real): 78.8070
2026-04-15 15:35:22,363 - INFO -     >>> Val MAE Details: ['49.8787']
2026-04-15 15:35:22,364 - INFO - ⏳ No improvement. Patience: 1/50
2026-04-15 15:38:15,262 - INFO - [Epoch 118] Train Loss: 0.0019 | LR: 0.000036
2026-04-15 15:38:15,263 - INFO -     >>> Val Avg RMSE (Real): 77.1331
2026-04-15 15:38:15,263 - INFO -     >>> Val MAE Details: ['46.8652']
2026-04-15 15:38:15,263 - INFO - ⏳ No improvement. Patience: 2/50
2026-04-15 15:41:07,317 - INFO - [Epoch 119] Train Loss: 0.0019 | LR: 0.000035
2026-04-15 15:41:07,318 - INFO -     >>> Val Avg RMSE (Real): 87.7418
2026-04-15 15:41:07,318 - INFO -     >>> Val MAE Details: ['58.8274']
2026-04-15 15:41:07,318 - INFO - ⏳ No improvement. Patience: 3/50
2026-04-15 15:43:58,922 - INFO - [Epoch 120] Train Loss: 0.0018 | LR: 0.000035
2026-04-15 15:43:58,922 - INFO -     >>> Val Avg RMSE (Real): 84.5555
2026-04-15 15:43:58,922 - INFO -     >>> Val MAE Details: ['56.0198']
2026-04-15 15:43:58,922 - INFO - ⏳ No improvement. Patience: 4/50
2026-04-15 15:46:53,141 - INFO - [Epoch 121] Train Loss: 0.0018 | LR: 0.000034
2026-04-15 15:46:53,141 - INFO -     >>> Val Avg RMSE (Real): 77.1369
2026-04-15 15:46:53,141 - INFO -     >>> Val MAE Details: ['49.5609']
2026-04-15 15:46:53,141 - INFO - ⏳ No improvement. Patience: 5/50
2026-04-15 15:49:45,677 - INFO - [Epoch 122] Train Loss: 0.0018 | LR: 0.000033
2026-04-15 15:49:45,677 - INFO -     >>> Val Avg RMSE (Real): 76.7182
2026-04-15 15:49:45,677 - INFO -     >>> Val MAE Details: ['46.4524']
2026-04-15 15:49:45,677 - INFO - ⏳ No improvement. Patience: 6/50
2026-04-15 15:52:35,667 - INFO - [Epoch 123] Train Loss: 0.0018 | LR: 0.000032
2026-04-15 15:52:35,667 - INFO -     >>> Val Avg RMSE (Real): 74.4307
2026-04-15 15:52:35,667 - INFO -     >>> Val MAE Details: ['46.4333']
2026-04-15 15:52:35,739 - INFO - 💾 Saved Best Model to ./logs/QM9_repr_atomistic_graph_GotenNet_Task1_20260415_101611/best_model.pth
2026-04-15 15:55:18,918 - INFO - [Epoch 124] Train Loss: 0.0018 | LR: 0.000032
2026-04-15 15:55:18,918 - INFO -     >>> Val Avg RMSE (Real): 82.5868
2026-04-15 15:55:18,918 - INFO -     >>> Val MAE Details: ['56.5645']
2026-04-15 15:55:18,918 - INFO - ⏳ No improvement. Patience: 1/50
2026-04-15 15:58:11,757 - INFO - [Epoch 125] Train Loss: 0.0017 | LR: 0.000031
2026-04-15 15:58:11,757 - INFO -     >>> Val Avg RMSE (Real): 76.2968
2026-04-15 15:58:11,757 - INFO -     >>> Val MAE Details: ['47.1231']
2026-04-15 15:58:11,757 - INFO - ⏳ No improvement. Patience: 2/50
2026-04-15 16:01:05,052 - INFO - [Epoch 126] Train Loss: 0.0017 | LR: 0.000030
2026-04-15 16:01:05,052 - INFO -     >>> Val Avg RMSE (Real): 83.2072
2026-04-15 16:01:05,052 - INFO -     >>> Val MAE Details: ['50.2233']
2026-04-15 16:01:05,052 - INFO - ⏳ No improvement. Patience: 3/50
2026-04-15 16:03:58,031 - INFO - [Epoch 127] Train Loss: 0.0017 | LR: 0.000029
2026-04-15 16:03:58,031 - INFO -     >>> Val Avg RMSE (Real): 74.2263
2026-04-15 16:03:58,032 - INFO -     >>> Val MAE Details: ['43.8316']
2026-04-15 16:03:58,111 - INFO - 💾 Saved Best Model to ./logs/QM9_repr_atomistic_graph_GotenNet_Task1_20260415_101611/best_model.pth
2026-04-15 16:06:50,473 - INFO - [Epoch 128] Train Loss: 0.0016 | LR: 0.000029
2026-04-15 16:06:50,473 - INFO -     >>> Val Avg RMSE (Real): 74.1211
2026-04-15 16:06:50,473 - INFO -     >>> Val MAE Details: ['46.6399']
2026-04-15 16:06:50,553 - INFO - 💾 Saved Best Model to ./logs/QM9_repr_atomistic_graph_GotenNet_Task1_20260415_101611/best_model.pth
2026-04-15 16:09:44,201 - INFO - [Epoch 129] Train Loss: 0.0016 | LR: 0.000028
2026-04-15 16:09:44,201 - INFO -     >>> Val Avg RMSE (Real): 77.4110
2026-04-15 16:09:44,201 - INFO -     >>> Val MAE Details: ['48.8454']
2026-04-15 16:09:44,201 - INFO - ⏳ No improvement. Patience: 1/50
2026-04-15 16:12:37,699 - INFO - [Epoch 130] Train Loss: 0.0016 | LR: 0.000027
2026-04-15 16:12:37,700 - INFO -     >>> Val Avg RMSE (Real): 77.3665
2026-04-15 16:12:37,700 - INFO -     >>> Val MAE Details: ['47.9581']
2026-04-15 16:12:37,700 - INFO - ⏳ No improvement. Patience: 2/50
2026-04-15 16:15:31,155 - INFO - [Epoch 131] Train Loss: 0.0016 | LR: 0.000027
2026-04-15 16:15:31,155 - INFO -     >>> Val Avg RMSE (Real): 80.3732
2026-04-15 16:15:31,155 - INFO -     >>> Val MAE Details: ['45.0717']
2026-04-15 16:15:31,155 - INFO - ⏳ No improvement. Patience: 3/50
2026-04-15 16:18:22,581 - INFO - [Epoch 132] Train Loss: 0.0015 | LR: 0.000026
2026-04-15 16:18:22,581 - INFO -     >>> Val Avg RMSE (Real): 75.0743
2026-04-15 16:18:22,581 - INFO -     >>> Val MAE Details: ['45.2704']
2026-04-15 16:18:22,581 - INFO - ⏳ No improvement. Patience: 4/50
2026-04-15 16:21:14,155 - INFO - [Epoch 133] Train Loss: 0.0015 | LR: 0.000025
2026-04-15 16:21:14,156 - INFO -     >>> Val Avg RMSE (Real): 84.3108
2026-04-15 16:21:14,156 - INFO -     >>> Val MAE Details: ['58.2717']
2026-04-15 16:21:14,156 - INFO - ⏳ No improvement. Patience: 5/50
2026-04-15 16:24:06,710 - INFO - [Epoch 134] Train Loss: 0.0016 | LR: 0.000025
2026-04-15 16:24:06,710 - INFO -     >>> Val Avg RMSE (Real): 73.0888
2026-04-15 16:24:06,710 - INFO -     >>> Val MAE Details: ['44.1197']
2026-04-15 16:24:06,792 - INFO - 💾 Saved Best Model to ./logs/QM9_repr_atomistic_graph_GotenNet_Task1_20260415_101611/best_model.pth
2026-04-15 16:26:59,487 - INFO - [Epoch 135] Train Loss: 0.0015 | LR: 0.000024
2026-04-15 16:26:59,488 - INFO -     >>> Val Avg RMSE (Real): 69.5659
2026-04-15 16:26:59,488 - INFO -     >>> Val MAE Details: ['41.7818']
2026-04-15 16:26:59,569 - INFO - 💾 Saved Best Model to ./logs/QM9_repr_atomistic_graph_GotenNet_Task1_20260415_101611/best_model.pth
2026-04-15 16:29:50,920 - INFO - [Epoch 136] Train Loss: 0.0015 | LR: 0.000023
2026-04-15 16:29:50,920 - INFO -     >>> Val Avg RMSE (Real): 75.8466
2026-04-15 16:29:50,920 - INFO -     >>> Val MAE Details: ['44.9549']
2026-04-15 16:29:50,920 - INFO - ⏳ No improvement. Patience: 1/50
2026-04-15 16:32:44,002 - INFO - [Epoch 137] Train Loss: 0.0015 | LR: 0.000023
2026-04-15 16:32:44,002 - INFO -     >>> Val Avg RMSE (Real): 77.4497
2026-04-15 16:32:44,003 - INFO -     >>> Val MAE Details: ['47.5939']
2026-04-15 16:32:44,003 - INFO - ⏳ No improvement. Patience: 2/50
2026-04-15 16:35:35,960 - INFO - [Epoch 138] Train Loss: 0.0014 | LR: 0.000022
2026-04-15 16:35:35,961 - INFO -     >>> Val Avg RMSE (Real): 78.7821
2026-04-15 16:35:35,961 - INFO -     >>> Val MAE Details: ['51.8838']
2026-04-15 16:35:35,961 - INFO - ⏳ No improvement. Patience: 3/50
2026-04-15 16:38:28,632 - INFO - [Epoch 139] Train Loss: 0.0014 | LR: 0.000021
2026-04-15 16:38:28,632 - INFO -     >>> Val Avg RMSE (Real): 75.3218
2026-04-15 16:38:28,632 - INFO -     >>> Val MAE Details: ['48.1349']
2026-04-15 16:38:28,632 - INFO - ⏳ No improvement. Patience: 4/50
2026-04-15 16:41:22,504 - INFO - [Epoch 140] Train Loss: 0.0014 | LR: 0.000021
2026-04-15 16:41:22,504 - INFO -     >>> Val Avg RMSE (Real): 69.6258
2026-04-15 16:41:22,504 - INFO -     >>> Val MAE Details: ['42.1791']
2026-04-15 16:41:22,504 - INFO - ⏳ No improvement. Patience: 5/50
2026-04-15 16:44:05,728 - INFO - [Epoch 141] Train Loss: 0.0014 | LR: 0.000020
2026-04-15 16:44:05,728 - INFO -     >>> Val Avg RMSE (Real): 74.4068
2026-04-15 16:44:05,728 - INFO -     >>> Val MAE Details: ['43.6906']
2026-04-15 16:44:05,728 - INFO - ⏳ No improvement. Patience: 6/50
2026-04-15 16:46:43,161 - INFO - [Epoch 142] Train Loss: 0.0013 | LR: 0.000019
2026-04-15 16:46:43,161 - INFO -     >>> Val Avg RMSE (Real): 76.9515
2026-04-15 16:46:43,161 - INFO -     >>> Val MAE Details: ['44.5673']
2026-04-15 16:46:43,161 - INFO - ⏳ No improvement. Patience: 7/50
2026-04-15 16:49:20,404 - INFO - [Epoch 143] Train Loss: 0.0014 | LR: 0.000019
2026-04-15 16:49:20,404 - INFO -     >>> Val Avg RMSE (Real): 72.2772
2026-04-15 16:49:20,404 - INFO -     >>> Val MAE Details: ['44.3868']
2026-04-15 16:49:20,404 - INFO - ⏳ No improvement. Patience: 8/50
2026-04-15 16:51:57,726 - INFO - [Epoch 144] Train Loss: 0.0014 | LR: 0.000018
2026-04-15 16:51:57,726 - INFO -     >>> Val Avg RMSE (Real): 73.1528
2026-04-15 16:51:57,726 - INFO -     >>> Val MAE Details: ['46.1521']
2026-04-15 16:51:57,726 - INFO - ⏳ No improvement. Patience: 9/50
2026-04-15 16:54:35,964 - INFO - [Epoch 145] Train Loss: 0.0013 | LR: 0.000018
2026-04-15 16:54:35,964 - INFO -     >>> Val Avg RMSE (Real): 70.1872
2026-04-15 16:54:35,964 - INFO -     >>> Val MAE Details: ['40.5963']
2026-04-15 16:54:35,964 - INFO - ⏳ No improvement. Patience: 10/50
2026-04-15 16:57:14,386 - INFO - [Epoch 146] Train Loss: 0.0013 | LR: 0.000017
2026-04-15 16:57:14,386 - INFO -     >>> Val Avg RMSE (Real): 70.7898
2026-04-15 16:57:14,386 - INFO -     >>> Val MAE Details: ['43.4394']
2026-04-15 16:57:14,386 - INFO - ⏳ No improvement. Patience: 11/50
2026-04-15 17:00:07,823 - INFO - [Epoch 147] Train Loss: 0.0013 | LR: 0.000016
2026-04-15 17:00:07,823 - INFO -     >>> Val Avg RMSE (Real): 72.0043
2026-04-15 17:00:07,823 - INFO -     >>> Val MAE Details: ['43.2723']
2026-04-15 17:00:07,823 - INFO - ⏳ No improvement. Patience: 12/50
2026-04-15 17:02:58,904 - INFO - [Epoch 148] Train Loss: 0.0012 | LR: 0.000016
2026-04-15 17:02:58,904 - INFO -     >>> Val Avg RMSE (Real): 69.0269
2026-04-15 17:02:58,904 - INFO -     >>> Val MAE Details: ['41.5184']
2026-04-15 17:02:58,977 - INFO - 💾 Saved Best Model to ./logs/QM9_repr_atomistic_graph_GotenNet_Task1_20260415_101611/best_model.pth
2026-04-15 17:05:51,492 - INFO - [Epoch 149] Train Loss: 0.0012 | LR: 0.000015
2026-04-15 17:05:51,492 - INFO -     >>> Val Avg RMSE (Real): 72.9652
2026-04-15 17:05:51,492 - INFO -     >>> Val MAE Details: ['42.6186']
2026-04-15 17:05:51,492 - INFO - ⏳ No improvement. Patience: 1/50
2026-04-15 17:08:44,316 - INFO - [Epoch 150] Train Loss: 0.0012 | LR: 0.000015
2026-04-15 17:08:44,317 - INFO -     >>> Val Avg RMSE (Real): 69.6631
2026-04-15 17:08:44,317 - INFO -     >>> Val MAE Details: ['41.8945']
2026-04-15 17:08:44,317 - INFO - ⏳ No improvement. Patience: 2/50
2026-04-15 17:11:37,106 - INFO - [Epoch 151] Train Loss: 0.0012 | LR: 0.000014
2026-04-15 17:11:37,106 - INFO -     >>> Val Avg RMSE (Real): 71.5013
2026-04-15 17:11:37,106 - INFO -     >>> Val MAE Details: ['43.4523']
2026-04-15 17:11:37,106 - INFO - ⏳ No improvement. Patience: 3/50
2026-04-15 17:14:29,672 - INFO - [Epoch 152] Train Loss: 0.0012 | LR: 0.000014
2026-04-15 17:14:29,673 - INFO -     >>> Val Avg RMSE (Real): 67.8634
2026-04-15 17:14:29,673 - INFO -     >>> Val MAE Details: ['40.6330']
2026-04-15 17:14:29,745 - INFO - 💾 Saved Best Model to ./logs/QM9_repr_atomistic_graph_GotenNet_Task1_20260415_101611/best_model.pth
2026-04-15 17:17:23,753 - INFO - [Epoch 153] Train Loss: 0.0012 | LR: 0.000013
2026-04-15 17:17:23,753 - INFO -     >>> Val Avg RMSE (Real): 69.3733
2026-04-15 17:17:23,753 - INFO -     >>> Val MAE Details: ['41.3918']
2026-04-15 17:17:23,753 - INFO - ⏳ No improvement. Patience: 1/50
2026-04-15 17:20:17,016 - INFO - [Epoch 154] Train Loss: 0.0011 | LR: 0.000012
2026-04-15 17:20:17,017 - INFO -     >>> Val Avg RMSE (Real): 67.6944
2026-04-15 17:20:17,017 - INFO -     >>> Val MAE Details: ['39.7590']
2026-04-15 17:20:17,089 - INFO - 💾 Saved Best Model to ./logs/QM9_repr_atomistic_graph_GotenNet_Task1_20260415_101611/best_model.pth
2026-04-15 17:23:10,061 - INFO - [Epoch 155] Train Loss: 0.0011 | LR: 0.000012
2026-04-15 17:23:10,061 - INFO -     >>> Val Avg RMSE (Real): 68.1837
2026-04-15 17:23:10,061 - INFO -     >>> Val MAE Details: ['40.2654']
2026-04-15 17:23:10,061 - INFO - ⏳ No improvement. Patience: 1/50
2026-04-15 17:26:03,053 - INFO - [Epoch 156] Train Loss: 0.0011 | LR: 0.000011
2026-04-15 17:26:03,053 - INFO -     >>> Val Avg RMSE (Real): 65.5063
2026-04-15 17:26:03,053 - INFO -     >>> Val MAE Details: ['39.5678']
2026-04-15 17:26:03,134 - INFO - 💾 Saved Best Model to ./logs/QM9_repr_atomistic_graph_GotenNet_Task1_20260415_101611/best_model.pth
2026-04-15 17:28:55,864 - INFO - [Epoch 157] Train Loss: 0.0011 | LR: 0.000011
2026-04-15 17:28:55,864 - INFO -     >>> Val Avg RMSE (Real): 68.0968
2026-04-15 17:28:55,864 - INFO -     >>> Val MAE Details: ['39.5300']
2026-04-15 17:28:55,864 - INFO - ⏳ No improvement. Patience: 1/50
2026-04-15 17:31:46,927 - INFO - [Epoch 158] Train Loss: 0.0011 | LR: 0.000010
2026-04-15 17:31:46,927 - INFO -     >>> Val Avg RMSE (Real): 67.1151
2026-04-15 17:31:46,927 - INFO -     >>> Val MAE Details: ['40.2888']
2026-04-15 17:31:46,927 - INFO - ⏳ No improvement. Patience: 2/50
2026-04-15 17:34:37,702 - INFO - [Epoch 159] Train Loss: 0.0011 | LR: 0.000010
2026-04-15 17:34:37,702 - INFO -     >>> Val Avg RMSE (Real): 67.0974
2026-04-15 17:34:37,702 - INFO -     >>> Val MAE Details: ['40.8153']
2026-04-15 17:34:37,702 - INFO - ⏳ No improvement. Patience: 3/50
2026-04-15 17:37:29,524 - INFO - [Epoch 160] Train Loss: 0.0011 | LR: 0.000010
2026-04-15 17:37:29,524 - INFO -     >>> Val Avg RMSE (Real): 66.6283
2026-04-15 17:37:29,524 - INFO -     >>> Val MAE Details: ['39.6316']
2026-04-15 17:37:29,524 - INFO - ⏳ No improvement. Patience: 4/50
2026-04-15 17:40:20,696 - INFO - [Epoch 161] Train Loss: 0.0011 | LR: 0.000009
2026-04-15 17:40:20,696 - INFO -     >>> Val Avg RMSE (Real): 66.8225
2026-04-15 17:40:20,696 - INFO -     >>> Val MAE Details: ['40.0206']
2026-04-15 17:40:20,696 - INFO - ⏳ No improvement. Patience: 5/50
2026-04-15 17:43:12,496 - INFO - [Epoch 162] Train Loss: 0.0011 | LR: 0.000009
2026-04-15 17:43:12,496 - INFO -     >>> Val Avg RMSE (Real): 69.5472
2026-04-15 17:43:12,496 - INFO -     >>> Val MAE Details: ['42.9332']
2026-04-15 17:43:12,496 - INFO - ⏳ No improvement. Patience: 6/50
2026-04-15 17:46:03,943 - INFO - [Epoch 163] Train Loss: 0.0010 | LR: 0.000008
2026-04-15 17:46:03,943 - INFO -     >>> Val Avg RMSE (Real): 67.6554
2026-04-15 17:46:03,943 - INFO -     >>> Val MAE Details: ['39.1848']
2026-04-15 17:46:03,944 - INFO - ⏳ No improvement. Patience: 7/50
2026-04-15 17:48:57,268 - INFO - [Epoch 164] Train Loss: 0.0010 | LR: 0.000008
2026-04-15 17:48:57,269 - INFO -     >>> Val Avg RMSE (Real): 68.9328
2026-04-15 17:48:57,269 - INFO -     >>> Val MAE Details: ['39.9220']
2026-04-15 17:48:57,269 - INFO - ⏳ No improvement. Patience: 8/50
2026-04-15 17:51:49,732 - INFO - [Epoch 165] Train Loss: 0.0010 | LR: 0.000007
2026-04-15 17:51:49,732 - INFO -     >>> Val Avg RMSE (Real): 67.3961
2026-04-15 17:51:49,732 - INFO -     >>> Val MAE Details: ['39.3842']
2026-04-15 17:51:49,732 - INFO - ⏳ No improvement. Patience: 9/50
2026-04-15 17:54:39,845 - INFO - [Epoch 166] Train Loss: 0.0010 | LR: 0.000007
2026-04-15 17:54:39,845 - INFO -     >>> Val Avg RMSE (Real): 67.8519
2026-04-15 17:54:39,845 - INFO -     >>> Val MAE Details: ['39.1640']
2026-04-15 17:54:39,845 - INFO - ⏳ No improvement. Patience: 10/50
2026-04-15 17:57:32,978 - INFO - [Epoch 167] Train Loss: 0.0010 | LR: 0.000007
2026-04-15 17:57:32,978 - INFO -     >>> Val Avg RMSE (Real): 67.1368
2026-04-15 17:57:32,978 - INFO -     >>> Val MAE Details: ['39.0197']
2026-04-15 17:57:32,978 - INFO - ⏳ No improvement. Patience: 11/50
2026-04-15 18:00:25,794 - INFO - [Epoch 168] Train Loss: 0.0010 | LR: 0.000006
2026-04-15 18:00:25,794 - INFO -     >>> Val Avg RMSE (Real): 67.8680
2026-04-15 18:00:25,794 - INFO -     >>> Val MAE Details: ['38.8430']
2026-04-15 18:00:25,794 - INFO - ⏳ No improvement. Patience: 12/50
2026-04-15 18:03:20,138 - INFO - [Epoch 169] Train Loss: 0.0010 | LR: 0.000006
2026-04-15 18:03:20,139 - INFO -     >>> Val Avg RMSE (Real): 66.7986
2026-04-15 18:03:20,139 - INFO -     >>> Val MAE Details: ['38.3635']
2026-04-15 18:03:20,139 - INFO - ⏳ No improvement. Patience: 13/50
2026-04-15 18:06:11,103 - INFO - [Epoch 170] Train Loss: 0.0010 | LR: 0.000005
2026-04-15 18:06:11,104 - INFO -     >>> Val Avg RMSE (Real): 68.0691
2026-04-15 18:06:11,104 - INFO -     >>> Val MAE Details: ['41.9192']
2026-04-15 18:06:11,104 - INFO - ⏳ No improvement. Patience: 14/50
2026-04-15 18:09:03,800 - INFO - [Epoch 171] Train Loss: 0.0010 | LR: 0.000005
2026-04-15 18:09:03,801 - INFO -     >>> Val Avg RMSE (Real): 66.6507
2026-04-15 18:09:03,801 - INFO -     >>> Val MAE Details: ['39.5929']
2026-04-15 18:09:03,801 - INFO - ⏳ No improvement. Patience: 15/50
2026-04-15 18:11:57,220 - INFO - [Epoch 172] Train Loss: 0.0010 | LR: 0.000005
2026-04-15 18:11:57,220 - INFO -     >>> Val Avg RMSE (Real): 65.7400
2026-04-15 18:11:57,221 - INFO -     >>> Val MAE Details: ['39.0654']
2026-04-15 18:11:57,221 - INFO - ⏳ No improvement. Patience: 16/50
2026-04-15 18:14:46,995 - INFO - [Epoch 173] Train Loss: 0.0010 | LR: 0.000004
2026-04-15 18:14:46,995 - INFO -     >>> Val Avg RMSE (Real): 66.7625
2026-04-15 18:14:46,995 - INFO -     >>> Val MAE Details: ['38.0930']
2026-04-15 18:14:46,995 - INFO - ⏳ No improvement. Patience: 17/50
2026-04-15 18:17:37,833 - INFO - [Epoch 174] Train Loss: 0.0009 | LR: 0.000004
2026-04-15 18:17:37,834 - INFO -     >>> Val Avg RMSE (Real): 67.7896
2026-04-15 18:17:37,834 - INFO -     >>> Val MAE Details: ['38.7521']
2026-04-15 18:17:37,834 - INFO - ⏳ No improvement. Patience: 18/50
2026-04-15 18:20:19,564 - INFO - [Epoch 175] Train Loss: 0.0009 | LR: 0.000004
2026-04-15 18:20:19,564 - INFO -     >>> Val Avg RMSE (Real): 66.5738
2026-04-15 18:20:19,564 - INFO -     >>> Val MAE Details: ['38.6595']
2026-04-15 18:20:19,564 - INFO - ⏳ No improvement. Patience: 19/50
2026-04-15 18:23:11,371 - INFO - [Epoch 176] Train Loss: 0.0009 | LR: 0.000004
2026-04-15 18:23:11,371 - INFO -     >>> Val Avg RMSE (Real): 67.9795
2026-04-15 18:23:11,371 - INFO -     >>> Val MAE Details: ['40.2792']
2026-04-15 18:23:11,371 - INFO - ⏳ No improvement. Patience: 20/50
2026-04-15 18:25:59,261 - INFO - [Epoch 177] Train Loss: 0.0009 | LR: 0.000003
2026-04-15 18:25:59,261 - INFO -     >>> Val Avg RMSE (Real): 65.7083
2026-04-15 18:25:59,261 - INFO -     >>> Val MAE Details: ['38.0606']
2026-04-15 18:25:59,261 - INFO - ⏳ No improvement. Patience: 21/50
2026-04-15 18:28:49,955 - INFO - [Epoch 178] Train Loss: 0.0009 | LR: 0.000003
2026-04-15 18:28:49,955 - INFO -     >>> Val Avg RMSE (Real): 66.0253
2026-04-15 18:28:49,955 - INFO -     >>> Val MAE Details: ['37.9339']
2026-04-15 18:28:49,955 - INFO - ⏳ No improvement. Patience: 22/50
2026-04-15 18:31:26,051 - INFO - [Epoch 179] Train Loss: 0.0009 | LR: 0.000003
2026-04-15 18:31:26,052 - INFO -     >>> Val Avg RMSE (Real): 66.0790
2026-04-15 18:31:26,052 - INFO -     >>> Val MAE Details: ['37.9911']
2026-04-15 18:31:26,052 - INFO - ⏳ No improvement. Patience: 23/50
2026-04-15 18:34:15,787 - INFO - [Epoch 180] Train Loss: 0.0009 | LR: 0.000002
2026-04-15 18:34:15,787 - INFO -     >>> Val Avg RMSE (Real): 67.0768
2026-04-15 18:34:15,787 - INFO -     >>> Val MAE Details: ['37.9079']
2026-04-15 18:34:15,787 - INFO - ⏳ No improvement. Patience: 24/50
2026-04-15 18:37:06,637 - INFO - [Epoch 181] Train Loss: 0.0009 | LR: 0.000002
2026-04-15 18:37:06,638 - INFO -     >>> Val Avg RMSE (Real): 65.1299
2026-04-15 18:37:06,638 - INFO -     >>> Val MAE Details: ['38.1210']
2026-04-15 18:37:06,723 - INFO - 💾 Saved Best Model to ./logs/QM9_repr_atomistic_graph_GotenNet_Task1_20260415_101611/best_model.pth
2026-04-15 18:39:58,043 - INFO - [Epoch 182] Train Loss: 0.0009 | LR: 0.000002
2026-04-15 18:39:58,044 - INFO -     >>> Val Avg RMSE (Real): 65.0272
2026-04-15 18:39:58,044 - INFO -     >>> Val MAE Details: ['37.6637']
2026-04-15 18:39:58,124 - INFO - 💾 Saved Best Model to ./logs/QM9_repr_atomistic_graph_GotenNet_Task1_20260415_101611/best_model.pth
2026-04-15 18:42:50,115 - INFO - [Epoch 183] Train Loss: 0.0009 | LR: 0.000002
2026-04-15 18:42:50,116 - INFO -     >>> Val Avg RMSE (Real): 66.3540
2026-04-15 18:42:50,116 - INFO -     >>> Val MAE Details: ['38.3005']
2026-04-15 18:42:50,116 - INFO - ⏳ No improvement. Patience: 1/50
2026-04-15 18:45:40,788 - INFO - [Epoch 184] Train Loss: 0.0009 | LR: 0.000002
2026-04-15 18:45:40,788 - INFO -     >>> Val Avg RMSE (Real): 65.8599
2026-04-15 18:45:40,788 - INFO -     >>> Val MAE Details: ['38.1881']
2026-04-15 18:45:40,788 - INFO - ⏳ No improvement. Patience: 2/50
2026-04-15 18:48:32,254 - INFO - [Epoch 185] Train Loss: 0.0009 | LR: 0.000001
2026-04-15 18:48:32,254 - INFO -     >>> Val Avg RMSE (Real): 65.2140
2026-04-15 18:48:32,254 - INFO -     >>> Val MAE Details: ['38.0427']
2026-04-15 18:48:32,254 - INFO - ⏳ No improvement. Patience: 3/50
2026-04-15 18:51:23,783 - INFO - [Epoch 186] Train Loss: 0.0009 | LR: 0.000001
2026-04-15 18:51:23,784 - INFO -     >>> Val Avg RMSE (Real): 65.2389
2026-04-15 18:51:23,784 - INFO -     >>> Val MAE Details: ['37.5903']
2026-04-15 18:51:23,784 - INFO - ⏳ No improvement. Patience: 4/50
2026-04-15 18:54:15,698 - INFO - [Epoch 187] Train Loss: 0.0009 | LR: 0.000001
2026-04-15 18:54:15,698 - INFO -     >>> Val Avg RMSE (Real): 65.6233
2026-04-15 18:54:15,698 - INFO -     >>> Val MAE Details: ['37.5602']
2026-04-15 18:54:15,698 - INFO - ⏳ No improvement. Patience: 5/50
2026-04-15 18:57:06,895 - INFO - [Epoch 188] Train Loss: 0.0009 | LR: 0.000001
2026-04-15 18:57:06,895 - INFO -     >>> Val Avg RMSE (Real): 64.9174
2026-04-15 18:57:06,895 - INFO -     >>> Val MAE Details: ['37.6367']
2026-04-15 18:57:06,975 - INFO - 💾 Saved Best Model to ./logs/QM9_repr_atomistic_graph_GotenNet_Task1_20260415_101611/best_model.pth
2026-04-15 18:59:59,145 - INFO - [Epoch 189] Train Loss: 0.0009 | LR: 0.000001
2026-04-15 18:59:59,145 - INFO -     >>> Val Avg RMSE (Real): 65.1150
2026-04-15 18:59:59,145 - INFO -     >>> Val MAE Details: ['37.6309']
2026-04-15 18:59:59,145 - INFO - ⏳ No improvement. Patience: 1/50
2026-04-15 19:02:50,860 - INFO - [Epoch 190] Train Loss: 0.0009 | LR: 0.000001
2026-04-15 19:02:50,860 - INFO -     >>> Val Avg RMSE (Real): 65.2924
2026-04-15 19:02:50,860 - INFO -     >>> Val MAE Details: ['37.4795']
2026-04-15 19:02:50,860 - INFO - ⏳ No improvement. Patience: 2/50
2026-04-15 19:05:40,460 - INFO - [Epoch 191] Train Loss: 0.0009 | LR: 0.000000
2026-04-15 19:05:40,460 - INFO -     >>> Val Avg RMSE (Real): 65.3981
2026-04-15 19:05:40,460 - INFO -     >>> Val MAE Details: ['37.5336']
2026-04-15 19:05:40,460 - INFO - ⏳ No improvement. Patience: 3/50
2026-04-15 19:08:31,928 - INFO - [Epoch 192] Train Loss: 0.0009 | LR: 0.000000
2026-04-15 19:08:31,929 - INFO -     >>> Val Avg RMSE (Real): 65.2250
2026-04-15 19:08:31,929 - INFO -     >>> Val MAE Details: ['37.5266']
2026-04-15 19:08:31,929 - INFO - ⏳ No improvement. Patience: 4/50
2026-04-15 19:11:23,309 - INFO - [Epoch 193] Train Loss: 0.0009 | LR: 0.000000
2026-04-15 19:11:23,309 - INFO -     >>> Val Avg RMSE (Real): 65.5810
2026-04-15 19:11:23,309 - INFO -     >>> Val MAE Details: ['37.6371']
2026-04-15 19:11:23,309 - INFO - ⏳ No improvement. Patience: 5/50
2026-04-15 19:14:15,172 - INFO - [Epoch 194] Train Loss: 0.0009 | LR: 0.000000
2026-04-15 19:14:15,173 - INFO -     >>> Val Avg RMSE (Real): 65.1086
2026-04-15 19:14:15,173 - INFO -     >>> Val MAE Details: ['37.4881']
2026-04-15 19:14:15,173 - INFO - ⏳ No improvement. Patience: 6/50
2026-04-15 19:17:06,079 - INFO - [Epoch 195] Train Loss: 0.0009 | LR: 0.000000
2026-04-15 19:17:06,079 - INFO -     >>> Val Avg RMSE (Real): 65.1089
2026-04-15 19:17:06,079 - INFO -     >>> Val MAE Details: ['37.4246']
2026-04-15 19:17:06,079 - INFO - ⏳ No improvement. Patience: 7/50
2026-04-15 19:19:57,661 - INFO - [Epoch 196] Train Loss: 0.0009 | LR: 0.000000
2026-04-15 19:19:57,662 - INFO -     >>> Val Avg RMSE (Real): 64.9943
2026-04-15 19:19:57,662 - INFO -     >>> Val MAE Details: ['37.4136']
2026-04-15 19:19:57,662 - INFO - ⏳ No improvement. Patience: 8/50
2026-04-15 19:22:49,549 - INFO - [Epoch 197] Train Loss: 0.0009 | LR: 0.000000
2026-04-15 19:22:49,549 - INFO -     >>> Val Avg RMSE (Real): 65.0881
2026-04-15 19:22:49,549 - INFO -     >>> Val MAE Details: ['37.3994']
2026-04-15 19:22:49,549 - INFO - ⏳ No improvement. Patience: 9/50
2026-04-15 19:25:40,368 - INFO - [Epoch 198] Train Loss: 0.0009 | LR: 0.000000
2026-04-15 19:25:40,369 - INFO -     >>> Val Avg RMSE (Real): 65.1224
2026-04-15 19:25:40,369 - INFO -     >>> Val MAE Details: ['37.3863']
2026-04-15 19:25:40,369 - INFO - ⏳ No improvement. Patience: 10/50
2026-04-15 19:28:32,415 - INFO - [Epoch 199] Train Loss: 0.0009 | LR: 0.000000
2026-04-15 19:28:32,415 - INFO -     >>> Val Avg RMSE (Real): 65.0694
2026-04-15 19:28:32,415 - INFO -     >>> Val MAE Details: ['37.3863']
2026-04-15 19:28:32,415 - INFO - ⏳ No improvement. Patience: 11/50
2026-04-15 19:31:26,066 - INFO - [Epoch 200] Train Loss: 0.0009 | LR: 0.000000
2026-04-15 19:31:26,066 - INFO -     >>> Val Avg RMSE (Real): 65.0617
2026-04-15 19:31:26,066 - INFO -     >>> Val MAE Details: ['37.3945']
2026-04-15 19:31:26,066 - INFO - ⏳ No improvement. Patience: 12/50
