2026-05-03 15:41:50,942 - INFO - 💾 Config files backed up to ./logs/QM9_repr_hybrid_fusion_UniFieldNet_NoDist_Task4_20260503_154150
2026-05-03 15:41:50,943 - INFO - 🎯 Multi-Task Targets (4): ['alpha_mBohr3', 'r2_mBohr2', 'zpve_meV', 'Cv_mcal']
2026-05-03 15:41:50,943 - INFO - ========================================
2026-05-03 15:41:50,943 - INFO -         Training Configuration        
2026-05-03 15:41:50,943 - INFO - ========================================
2026-05-03 15:41:50,943 - INFO - 
{'data': {'dataset_mode': 'repr_hybrid_fusion',
          'grid_size': 0.1,
          'max_radius': 5.0,
          'pkl_path': '../data/qm9/qm9_ed_1024_multi_prop_Bohr.pkl',
          'targets': ['alpha_mBohr3', 'r2_mBohr2', 'zpve_meV', 'Cv_mcal']},
 'model': {'equiformer_args': {'basis_type': 'gaussian',
                               'fc_neurons': [128, 128],
                               'irreps_feature': '512x0e',
                               'irreps_head': '64x0e+32x1e+16x2e',
                               'irreps_in': '5x0e',
                               'irreps_node_attr': '1x0e',
                               'irreps_node_embedding': '128x0e+64x1e+32x2e',
                               'irreps_sh': '1x0e+1x1o+1x2e+1x3o',
                               'max_radius': 10.0,
                               'num_heads': 8,
                               'num_layers': 4,
                               'number_of_basis': 256,
                               'output_dim': 64},
           'head_input_dim': 64,
           'name': 'UniFieldNet_NoDist',
           'ptv3_args': {'dec_channels': [64, 64, 128, 256],
                         'enc_channels': [32, 64, 128, 256, 512],
                         'enc_depths': [2, 2, 2, 6, 2],
                         'in_channels': 1,
                         'patch_size': 64}},
 'train': {'batch_size': 48,
           'epochs': 200,
           'grad_norm_clip': 1.0,
           'lr': 0.0001,
           'patience': 50,
           'seed': 2025,
           'weight_decay': 0.0001}}
2026-05-03 15:41:50,943 - INFO - ========================================

2026-05-03 15:41:50,943 - INFO - 🚀 Start Training on Device: cuda
2026-05-03 15:41:50,943 - INFO - Loading Data...
2026-05-03 15:41:50,943 - INFO - Loading Dataset Mode: repr_hybrid_fusion...
2026-05-03 15:41:56,481 - INFO - Stats - Mean: [[  75193.05   1189355.4       4040.7507   31595.    ]], Std: [[  8191.0356 279721.25      905.7655   4061.693 ]]
2026-05-03 15:41:56,481 - INFO - Building Model: UniFieldNet_NoDist...
2026-05-03 15:42:07,233 - INFO - Total Parameters: 49.6923 M

2026-05-03 16:05:54,292 - INFO - [Epoch 1] Train Loss: 0.0630 | LR: 0.000100
2026-05-03 16:05:54,292 - INFO -     >>> Val Avg RMSE (Real): 50504.1818
2026-05-03 16:05:54,293 - INFO -     >>> Val MAE Details: ['2220.6162', '92963.5312', '127.4933', '874.9071']
2026-05-03 16:05:54,969 - INFO - 💾 Saved Best Model to ./logs/QM9_repr_hybrid_fusion_UniFieldNet_NoDist_Task4_20260503_154150/best_model.pth
2026-05-03 16:29:27,916 - INFO - [Epoch 2] Train Loss: 0.0184 | LR: 0.000100
2026-05-03 16:29:27,916 - INFO -     >>> Val Avg RMSE (Real): 11865.6014
2026-05-03 16:29:27,916 - INFO -     >>> Val MAE Details: ['859.1895', '15447.4912', '50.4568', '278.9907']
2026-05-03 16:29:28,844 - INFO - 💾 Saved Best Model to ./logs/QM9_repr_hybrid_fusion_UniFieldNet_NoDist_Task4_20260503_154150/best_model.pth
2026-05-03 16:52:55,644 - INFO - [Epoch 3] Train Loss: 0.0140 | LR: 0.000100
2026-05-03 16:52:55,645 - INFO -     >>> Val Avg RMSE (Real): 18891.2399
2026-05-03 16:52:55,645 - INFO -     >>> Val MAE Details: ['1019.0472', '34183.1797', '35.9619', '642.5858']
2026-05-03 16:52:55,645 - INFO - ⏳ No improvement. Patience: 1/50
2026-05-03 17:16:19,361 - INFO - [Epoch 4] Train Loss: 0.0112 | LR: 0.000100
2026-05-03 17:16:19,361 - INFO -     >>> Val Avg RMSE (Real): 7918.5216
2026-05-03 17:16:19,361 - INFO -     >>> Val MAE Details: ['683.1680', '11226.8838', '18.9597', '207.1646']
2026-05-03 17:16:20,462 - INFO - 💾 Saved Best Model to ./logs/QM9_repr_hybrid_fusion_UniFieldNet_NoDist_Task4_20260503_154150/best_model.pth
2026-05-03 17:39:41,722 - INFO - [Epoch 5] Train Loss: 0.0093 | LR: 0.000100
2026-05-03 17:39:41,723 - INFO -     >>> Val Avg RMSE (Real): 8970.2250
2026-05-03 17:39:41,723 - INFO -     >>> Val MAE Details: ['745.6755', '12724.5732', '23.1153', '205.1887']
2026-05-03 17:39:41,723 - INFO - ⏳ No improvement. Patience: 1/50
2026-05-03 18:03:01,927 - INFO - [Epoch 6] Train Loss: 0.0084 | LR: 0.000100
2026-05-03 18:03:01,928 - INFO -     >>> Val Avg RMSE (Real): 12621.6176
2026-05-03 18:03:01,928 - INFO -     >>> Val MAE Details: ['971.5932', '21057.3926', '55.5075', '195.1188']
2026-05-03 18:03:01,928 - INFO - ⏳ No improvement. Patience: 2/50
2026-05-03 18:26:22,441 - INFO - [Epoch 7] Train Loss: 0.0078 | LR: 0.000100
2026-05-03 18:26:22,442 - INFO -     >>> Val Avg RMSE (Real): 13510.7323
2026-05-03 18:26:22,442 - INFO -     >>> Val MAE Details: ['575.1522', '22005.2539', '17.2441', '916.3317']
2026-05-03 18:26:22,442 - INFO - ⏳ No improvement. Patience: 3/50
2026-05-03 18:49:43,260 - INFO - [Epoch 8] Train Loss: 0.0072 | LR: 0.000100
2026-05-03 18:49:43,261 - INFO -     >>> Val Avg RMSE (Real): 11708.2863
2026-05-03 18:49:43,261 - INFO -     >>> Val MAE Details: ['674.8951', '16885.7891', '31.0122', '250.1716']
2026-05-03 18:49:43,261 - INFO - ⏳ No improvement. Patience: 4/50
2026-05-03 19:13:01,237 - INFO - [Epoch 9] Train Loss: 0.0064 | LR: 0.000100
2026-05-03 19:13:01,238 - INFO -     >>> Val Avg RMSE (Real): 8042.3046
2026-05-03 19:13:01,238 - INFO -     >>> Val MAE Details: ['809.3049', '12603.9609', '16.9634', '192.2675']
2026-05-03 19:13:01,238 - INFO - ⏳ No improvement. Patience: 5/50
2026-05-03 19:36:17,465 - INFO - [Epoch 10] Train Loss: 0.0061 | LR: 0.000099
2026-05-03 19:36:17,466 - INFO -     >>> Val Avg RMSE (Real): 10479.1782
2026-05-03 19:36:17,466 - INFO -     >>> Val MAE Details: ['500.9000', '13833.5957', '30.1119', '166.0670']
2026-05-03 19:36:17,466 - INFO - ⏳ No improvement. Patience: 6/50
2026-05-03 19:59:34,391 - INFO - [Epoch 11] Train Loss: 0.0059 | LR: 0.000099
2026-05-03 19:59:34,392 - INFO -     >>> Val Avg RMSE (Real): 10269.4654
2026-05-03 19:59:34,392 - INFO -     >>> Val MAE Details: ['466.4146', '17242.1934', '14.9144', '195.7878']
2026-05-03 19:59:34,392 - INFO - ⏳ No improvement. Patience: 7/50
2026-05-03 20:22:51,751 - INFO - [Epoch 12] Train Loss: 0.0057 | LR: 0.000099
2026-05-03 20:22:51,752 - INFO -     >>> Val Avg RMSE (Real): 5629.8899
2026-05-03 20:22:51,752 - INFO -     >>> Val MAE Details: ['497.7607', '7488.5176', '15.8847', '189.9240']
2026-05-03 20:22:52,656 - INFO - 💾 Saved Best Model to ./logs/QM9_repr_hybrid_fusion_UniFieldNet_NoDist_Task4_20260503_154150/best_model.pth
2026-05-03 20:46:10,049 - INFO - [Epoch 13] Train Loss: 0.0055 | LR: 0.000099
2026-05-03 20:46:10,050 - INFO -     >>> Val Avg RMSE (Real): 7990.5897
2026-05-03 20:46:10,050 - INFO -     >>> Val MAE Details: ['506.1496', '10900.3887', '20.2838', '198.5723']
2026-05-03 20:46:10,050 - INFO - ⏳ No improvement. Patience: 1/50
2026-05-03 21:09:27,073 - INFO - [Epoch 14] Train Loss: 0.0053 | LR: 0.000099
2026-05-03 21:09:27,074 - INFO -     >>> Val Avg RMSE (Real): 12343.4258
2026-05-03 21:09:27,074 - INFO -     >>> Val MAE Details: ['496.2574', '19270.2793', '19.2286', '241.7546']
2026-05-03 21:09:27,074 - INFO - ⏳ No improvement. Patience: 2/50
2026-05-03 21:32:44,106 - INFO - [Epoch 15] Train Loss: 0.0052 | LR: 0.000099
2026-05-03 21:32:44,106 - INFO -     >>> Val Avg RMSE (Real): 8823.3749
2026-05-03 21:32:44,106 - INFO -     >>> Val MAE Details: ['427.8951', '10873.4775', '13.2481', '176.3841']
2026-05-03 21:32:44,106 - INFO - ⏳ No improvement. Patience: 3/50
2026-05-03 21:55:52,527 - INFO - [Epoch 16] Train Loss: 0.0050 | LR: 0.000098
2026-05-03 21:55:52,528 - INFO -     >>> Val Avg RMSE (Real): 9786.3452
2026-05-03 21:55:52,528 - INFO -     >>> Val MAE Details: ['869.9174', '16901.3242', '23.1463', '248.1284']
2026-05-03 21:55:52,528 - INFO - ⏳ No improvement. Patience: 4/50
2026-05-03 22:19:09,796 - INFO - [Epoch 17] Train Loss: 0.0050 | LR: 0.000098
2026-05-03 22:19:09,796 - INFO -     >>> Val Avg RMSE (Real): 10271.0331
2026-05-03 22:19:09,796 - INFO -     >>> Val MAE Details: ['535.2812', '17702.1855', '13.5788', '233.4147']
2026-05-03 22:19:09,797 - INFO - ⏳ No improvement. Patience: 5/50
2026-05-03 22:42:25,158 - INFO - [Epoch 18] Train Loss: 0.0048 | LR: 0.000098
2026-05-03 22:42:25,159 - INFO -     >>> Val Avg RMSE (Real): 5274.2476
2026-05-03 22:42:25,159 - INFO -     >>> Val MAE Details: ['663.4535', '6849.9927', '17.7525', '185.9745']
2026-05-03 22:42:26,110 - INFO - 💾 Saved Best Model to ./logs/QM9_repr_hybrid_fusion_UniFieldNet_NoDist_Task4_20260503_154150/best_model.pth
2026-05-03 23:05:19,122 - INFO - [Epoch 19] Train Loss: 0.0047 | LR: 0.000098
2026-05-03 23:05:19,122 - INFO -     >>> Val Avg RMSE (Real): 6141.5021
2026-05-03 23:05:19,123 - INFO -     >>> Val MAE Details: ['416.4103', '9111.1455', '13.0652', '172.4258']
2026-05-03 23:05:19,123 - INFO - ⏳ No improvement. Patience: 1/50
2026-05-03 23:28:29,726 - INFO - [Epoch 20] Train Loss: 0.0048 | LR: 0.000098
2026-05-03 23:28:29,727 - INFO -     >>> Val Avg RMSE (Real): 5031.9388
2026-05-03 23:28:29,727 - INFO -     >>> Val MAE Details: ['396.2609', '6849.4277', '14.4599', '163.5118']
2026-05-03 23:28:30,829 - INFO - 💾 Saved Best Model to ./logs/QM9_repr_hybrid_fusion_UniFieldNet_NoDist_Task4_20260503_154150/best_model.pth
2026-05-03 23:51:38,843 - INFO - [Epoch 21] Train Loss: 0.0046 | LR: 0.000097
2026-05-03 23:51:38,844 - INFO -     >>> Val Avg RMSE (Real): 5172.9931
2026-05-03 23:51:38,844 - INFO -     >>> Val MAE Details: ['436.2333', '6583.1821', '11.6127', '194.0576']
2026-05-03 23:51:38,844 - INFO - ⏳ No improvement. Patience: 1/50
2026-05-04 00:16:41,004 - INFO - [Epoch 22] Train Loss: 0.0045 | LR: 0.000097
2026-05-04 00:16:41,004 - INFO -     >>> Val Avg RMSE (Real): 6916.0732
2026-05-04 00:16:41,005 - INFO -     >>> Val MAE Details: ['400.3680', '9319.3037', '19.0371', '146.5319']
2026-05-04 00:16:41,005 - INFO - ⏳ No improvement. Patience: 2/50
2026-05-04 00:40:03,828 - INFO - [Epoch 23] Train Loss: 0.0043 | LR: 0.000097
2026-05-04 00:40:03,829 - INFO -     >>> Val Avg RMSE (Real): 5458.3686
2026-05-04 00:40:03,829 - INFO -     >>> Val MAE Details: ['463.5959', '7540.4800', '11.9047', '141.5235']
2026-05-04 00:40:03,829 - INFO - ⏳ No improvement. Patience: 3/50
2026-05-04 01:03:23,366 - INFO - [Epoch 24] Train Loss: 0.0044 | LR: 0.000096
2026-05-04 01:03:23,366 - INFO -     >>> Val Avg RMSE (Real): 6224.4955
2026-05-04 01:03:23,366 - INFO -     >>> Val MAE Details: ['455.6322', '8356.2461', '16.1243', '164.7117']
2026-05-04 01:03:23,366 - INFO - ⏳ No improvement. Patience: 4/50
2026-05-04 01:26:19,047 - INFO - [Epoch 25] Train Loss: 0.0043 | LR: 0.000096
2026-05-04 01:26:19,048 - INFO -     >>> Val Avg RMSE (Real): 6681.2846
2026-05-04 01:26:19,048 - INFO -     >>> Val MAE Details: ['424.7060', '8887.0850', '11.9805', '168.6173']
2026-05-04 01:26:19,048 - INFO - ⏳ No improvement. Patience: 5/50
2026-05-04 01:49:35,669 - INFO - [Epoch 26] Train Loss: 0.0042 | LR: 0.000096
2026-05-04 01:49:35,670 - INFO -     >>> Val Avg RMSE (Real): 10507.8295
2026-05-04 01:49:35,670 - INFO -     >>> Val MAE Details: ['508.9516', '19031.5938', '11.8435', '154.1000']
2026-05-04 01:49:35,670 - INFO - ⏳ No improvement. Patience: 6/50
2026-05-04 02:12:52,669 - INFO - [Epoch 27] Train Loss: 0.0041 | LR: 0.000096
2026-05-04 02:12:52,670 - INFO -     >>> Val Avg RMSE (Real): 5103.4502
2026-05-04 02:12:52,670 - INFO -     >>> Val MAE Details: ['524.8893', '6808.2749', '11.6532', '206.5042']
2026-05-04 02:12:52,670 - INFO - ⏳ No improvement. Patience: 7/50
2026-05-04 02:35:54,092 - INFO - [Epoch 28] Train Loss: 0.0041 | LR: 0.000095
2026-05-04 02:35:54,093 - INFO -     >>> Val Avg RMSE (Real): 7815.0603
2026-05-04 02:35:54,093 - INFO -     >>> Val MAE Details: ['353.9707', '11688.6113', '14.1465', '149.1107']
2026-05-04 02:35:54,093 - INFO - ⏳ No improvement. Patience: 8/50
2026-05-04 02:59:14,797 - INFO - [Epoch 29] Train Loss: 0.0041 | LR: 0.000095
2026-05-04 02:59:14,798 - INFO -     >>> Val Avg RMSE (Real): 8734.4151
2026-05-04 02:59:14,798 - INFO -     >>> Val MAE Details: ['492.9917', '12421.5146', '16.5344', '160.7890']
2026-05-04 02:59:14,798 - INFO - ⏳ No improvement. Patience: 9/50
2026-05-04 03:22:34,150 - INFO - [Epoch 30] Train Loss: 0.0039 | LR: 0.000095
2026-05-04 03:22:34,150 - INFO -     >>> Val Avg RMSE (Real): 13265.6609
2026-05-04 03:22:34,150 - INFO -     >>> Val MAE Details: ['524.5105', '23335.8164', '22.4500', '171.5290']
2026-05-04 03:22:34,151 - INFO - ⏳ No improvement. Patience: 10/50
2026-05-04 03:45:53,214 - INFO - [Epoch 31] Train Loss: 0.0040 | LR: 0.000094
2026-05-04 03:45:53,214 - INFO -     >>> Val Avg RMSE (Real): 5282.7324
2026-05-04 03:45:53,214 - INFO -     >>> Val MAE Details: ['420.4494', '6989.9766', '18.1106', '215.9847']
2026-05-04 03:45:53,215 - INFO - ⏳ No improvement. Patience: 11/50
2026-05-04 04:09:04,060 - INFO - [Epoch 32] Train Loss: 0.0039 | LR: 0.000094
2026-05-04 04:09:04,060 - INFO -     >>> Val Avg RMSE (Real): 5526.4290
2026-05-04 04:09:04,061 - INFO -     >>> Val MAE Details: ['434.0710', '7560.9233', '12.0454', '178.4161']
2026-05-04 04:09:04,061 - INFO - ⏳ No improvement. Patience: 12/50
2026-05-04 04:32:16,785 - INFO - [Epoch 33] Train Loss: 0.0039 | LR: 0.000093
2026-05-04 04:32:16,786 - INFO -     >>> Val Avg RMSE (Real): 4829.8296
2026-05-04 04:32:16,786 - INFO -     >>> Val MAE Details: ['421.3438', '6387.7271', '10.9005', '159.9841']
2026-05-04 04:32:17,620 - INFO - 💾 Saved Best Model to ./logs/QM9_repr_hybrid_fusion_UniFieldNet_NoDist_Task4_20260503_154150/best_model.pth
2026-05-04 04:55:21,515 - INFO - [Epoch 34] Train Loss: 0.0039 | LR: 0.000093
2026-05-04 04:55:21,516 - INFO -     >>> Val Avg RMSE (Real): 5042.7623
2026-05-04 04:55:21,516 - INFO -     >>> Val MAE Details: ['446.5044', '7128.7593', '17.2613', '138.0075']
2026-05-04 04:55:21,516 - INFO - ⏳ No improvement. Patience: 1/50
2026-05-04 05:18:31,962 - INFO - [Epoch 35] Train Loss: 0.0037 | LR: 0.000093
2026-05-04 05:18:31,962 - INFO -     >>> Val Avg RMSE (Real): 6328.4902
2026-05-04 05:18:31,963 - INFO -     >>> Val MAE Details: ['465.6024', '9526.2715', '11.9126', '164.9122']
2026-05-04 05:18:31,963 - INFO - ⏳ No improvement. Patience: 2/50
2026-05-04 05:41:39,713 - INFO - [Epoch 36] Train Loss: 0.0038 | LR: 0.000092
2026-05-04 05:41:39,713 - INFO -     >>> Val Avg RMSE (Real): 8004.3975
2026-05-04 05:41:39,713 - INFO -     >>> Val MAE Details: ['354.3766', '14036.1836', '11.1435', '143.4728']
2026-05-04 05:41:39,713 - INFO - ⏳ No improvement. Patience: 3/50
2026-05-04 06:04:47,474 - INFO - [Epoch 37] Train Loss: 0.0037 | LR: 0.000092
2026-05-04 06:04:47,475 - INFO -     >>> Val Avg RMSE (Real): 6571.8220
2026-05-04 06:04:47,475 - INFO -     >>> Val MAE Details: ['431.9689', '8383.8633', '11.1230', '163.3056']
2026-05-04 06:04:47,475 - INFO - ⏳ No improvement. Patience: 4/50
2026-05-04 06:27:56,544 - INFO - [Epoch 38] Train Loss: 0.0038 | LR: 0.000091
2026-05-04 06:27:56,545 - INFO -     >>> Val Avg RMSE (Real): 6363.3199
2026-05-04 06:27:56,545 - INFO -     >>> Val MAE Details: ['350.3911', '10068.1406', '11.9621', '148.2928']
2026-05-04 06:27:56,545 - INFO - ⏳ No improvement. Patience: 5/50
2026-05-04 06:51:08,236 - INFO - [Epoch 39] Train Loss: 0.0037 | LR: 0.000091
2026-05-04 06:51:08,236 - INFO -     >>> Val Avg RMSE (Real): 8136.1495
2026-05-04 06:51:08,237 - INFO -     >>> Val MAE Details: ['533.3495', '13522.6055', '13.3382', '162.2719']
2026-05-04 06:51:08,237 - INFO - ⏳ No improvement. Patience: 6/50
2026-05-04 07:14:18,159 - INFO - [Epoch 40] Train Loss: 0.0037 | LR: 0.000090
2026-05-04 07:14:18,159 - INFO -     >>> Val Avg RMSE (Real): 6644.3600
2026-05-04 07:14:18,160 - INFO -     >>> Val MAE Details: ['352.9998', '10822.0078', '12.0492', '173.2366']
2026-05-04 07:14:18,160 - INFO - ⏳ No improvement. Patience: 7/50
2026-05-04 07:37:27,649 - INFO - [Epoch 41] Train Loss: 0.0036 | LR: 0.000090
2026-05-04 07:37:27,649 - INFO -     >>> Val Avg RMSE (Real): 7857.9158
2026-05-04 07:37:27,650 - INFO -     >>> Val MAE Details: ['358.5230', '13496.7969', '12.5934', '171.9347']
2026-05-04 07:37:27,650 - INFO - ⏳ No improvement. Patience: 8/50
2026-05-04 08:00:36,943 - INFO - [Epoch 42] Train Loss: 0.0037 | LR: 0.000090
2026-05-04 08:00:36,944 - INFO -     >>> Val Avg RMSE (Real): 5320.7986
2026-05-04 08:00:36,944 - INFO -     >>> Val MAE Details: ['513.5665', '7151.4531', '12.0042', '145.7079']
2026-05-04 08:00:36,944 - INFO - ⏳ No improvement. Patience: 9/50
2026-05-04 08:23:47,543 - INFO - [Epoch 43] Train Loss: 0.0036 | LR: 0.000089
2026-05-04 08:23:47,544 - INFO -     >>> Val Avg RMSE (Real): 7823.6281
2026-05-04 08:23:47,544 - INFO -     >>> Val MAE Details: ['337.3275', '12503.8408', '14.0714', '142.8057']
2026-05-04 08:23:47,544 - INFO - ⏳ No improvement. Patience: 10/50
2026-05-04 08:46:57,758 - INFO - [Epoch 44] Train Loss: 0.0036 | LR: 0.000089
2026-05-04 08:46:57,759 - INFO -     >>> Val Avg RMSE (Real): 5857.3735
2026-05-04 08:46:57,759 - INFO -     >>> Val MAE Details: ['352.4820', '8534.4014', '10.5971', '158.0792']
2026-05-04 08:46:57,759 - INFO - ⏳ No improvement. Patience: 11/50
2026-05-04 09:10:09,009 - INFO - [Epoch 45] Train Loss: 0.0036 | LR: 0.000088
2026-05-04 09:10:09,010 - INFO -     >>> Val Avg RMSE (Real): 7470.2819
2026-05-04 09:10:09,010 - INFO -     >>> Val MAE Details: ['334.4807', '12742.1250', '12.4352', '136.6165']
2026-05-04 09:10:09,010 - INFO - ⏳ No improvement. Patience: 12/50
2026-05-04 09:33:20,097 - INFO - [Epoch 46] Train Loss: 0.0036 | LR: 0.000088
2026-05-04 09:33:20,098 - INFO -     >>> Val Avg RMSE (Real): 5370.2797
2026-05-04 09:33:20,098 - INFO -     >>> Val MAE Details: ['527.0936', '7734.7246', '11.7075', '340.6226']
2026-05-04 09:33:20,098 - INFO - ⏳ No improvement. Patience: 13/50
2026-05-04 09:56:29,521 - INFO - [Epoch 47] Train Loss: 0.0035 | LR: 0.000087
2026-05-04 09:56:29,522 - INFO -     >>> Val Avg RMSE (Real): 5339.9238
2026-05-04 09:56:29,522 - INFO -     >>> Val MAE Details: ['353.6614', '7259.7661', '10.4967', '138.4121']
2026-05-04 09:56:29,522 - INFO - ⏳ No improvement. Patience: 14/50
2026-05-04 10:19:43,491 - INFO - [Epoch 48] Train Loss: 0.0035 | LR: 0.000086
2026-05-04 10:19:43,492 - INFO -     >>> Val Avg RMSE (Real): 5146.4411
2026-05-04 10:19:43,492 - INFO -     >>> Val MAE Details: ['341.3883', '7312.0039', '11.4847', '143.8026']
2026-05-04 10:19:43,492 - INFO - ⏳ No improvement. Patience: 15/50
2026-05-04 10:42:58,047 - INFO - [Epoch 49] Train Loss: 0.0036 | LR: 0.000086
2026-05-04 10:42:58,048 - INFO -     >>> Val Avg RMSE (Real): 4767.6489
2026-05-04 10:42:58,048 - INFO -     >>> Val MAE Details: ['555.8680', '6526.0312', '11.4088', '135.4406']
2026-05-04 10:42:59,028 - INFO - 💾 Saved Best Model to ./logs/QM9_repr_hybrid_fusion_UniFieldNet_NoDist_Task4_20260503_154150/best_model.pth
2026-05-04 11:06:19,582 - INFO - [Epoch 50] Train Loss: 0.0035 | LR: 0.000085
2026-05-04 11:06:19,583 - INFO -     >>> Val Avg RMSE (Real): 6421.2441
2026-05-04 11:06:19,583 - INFO -     >>> Val MAE Details: ['343.9970', '7803.4482', '11.6306', '138.6372']
2026-05-04 11:06:19,583 - INFO - ⏳ No improvement. Patience: 1/50
2026-05-04 11:29:45,584 - INFO - [Epoch 51] Train Loss: 0.0034 | LR: 0.000085
2026-05-04 11:29:45,584 - INFO -     >>> Val Avg RMSE (Real): 8291.7265
2026-05-04 11:29:45,584 - INFO -     >>> Val MAE Details: ['373.4198', '11261.0840', '12.7247', '158.7241']
2026-05-04 11:29:45,585 - INFO - ⏳ No improvement. Patience: 2/50
2026-05-04 11:53:06,025 - INFO - [Epoch 52] Train Loss: 0.0034 | LR: 0.000084
2026-05-04 11:53:06,026 - INFO -     >>> Val Avg RMSE (Real): 12046.4295
2026-05-04 11:53:06,026 - INFO -     >>> Val MAE Details: ['458.7434', '21090.6230', '10.9745', '199.8320']
2026-05-04 11:53:06,026 - INFO - ⏳ No improvement. Patience: 3/50
2026-05-04 12:16:19,001 - INFO - [Epoch 53] Train Loss: 0.0034 | LR: 0.000084
2026-05-04 12:16:19,001 - INFO -     >>> Val Avg RMSE (Real): 4524.7656
2026-05-04 12:16:19,002 - INFO -     >>> Val MAE Details: ['327.9762', '5748.4580', '11.6873', '176.8826']
2026-05-04 12:16:19,946 - INFO - 💾 Saved Best Model to ./logs/QM9_repr_hybrid_fusion_UniFieldNet_NoDist_Task4_20260503_154150/best_model.pth
2026-05-04 12:39:29,925 - INFO - [Epoch 54] Train Loss: 0.0034 | LR: 0.000083
2026-05-04 12:39:29,926 - INFO -     >>> Val Avg RMSE (Real): 5807.4490
2026-05-04 12:39:29,926 - INFO -     >>> Val MAE Details: ['331.2089', '7775.4053', '13.4911', '126.9262']
2026-05-04 12:39:29,926 - INFO - ⏳ No improvement. Patience: 1/50
2026-05-04 13:09:02,035 - INFO - [Epoch 55] Train Loss: 0.0034 | LR: 0.000082
2026-05-04 13:09:02,035 - INFO -     >>> Val Avg RMSE (Real): 4815.7334
2026-05-04 13:09:02,035 - INFO -     >>> Val MAE Details: ['389.6363', '6708.2026', '10.4572', '133.1484']
2026-05-04 13:09:02,035 - INFO - ⏳ No improvement. Patience: 2/50
2026-05-04 13:43:04,596 - INFO - [Epoch 56] Train Loss: 0.0034 | LR: 0.000082
2026-05-04 13:43:04,597 - INFO -     >>> Val Avg RMSE (Real): 5082.5747
2026-05-04 13:43:04,597 - INFO -     >>> Val MAE Details: ['316.8339', '6770.0898', '13.2178', '155.8551']
2026-05-04 13:43:04,597 - INFO - ⏳ No improvement. Patience: 3/50
2026-05-04 14:16:59,907 - INFO - [Epoch 57] Train Loss: 0.0034 | LR: 0.000081
2026-05-04 14:16:59,908 - INFO -     >>> Val Avg RMSE (Real): 4756.0071
2026-05-04 14:16:59,908 - INFO -     >>> Val MAE Details: ['317.2750', '6390.6577', '10.9838', '191.4787']
2026-05-04 14:16:59,908 - INFO - ⏳ No improvement. Patience: 4/50
2026-05-04 14:50:49,773 - INFO - [Epoch 58] Train Loss: 0.0033 | LR: 0.000081
2026-05-04 14:50:49,773 - INFO -     >>> Val Avg RMSE (Real): 5313.9443
2026-05-04 14:50:49,774 - INFO -     >>> Val MAE Details: ['370.4669', '7700.4604', '12.4665', '231.0270']
2026-05-04 14:50:49,774 - INFO - ⏳ No improvement. Patience: 5/50
2026-05-04 15:17:23,359 - INFO - [Epoch 59] Train Loss: 0.0033 | LR: 0.000080
2026-05-04 15:17:23,360 - INFO -     >>> Val Avg RMSE (Real): 5441.2607
2026-05-04 15:17:23,360 - INFO -     >>> Val MAE Details: ['404.6520', '7017.1406', '12.6491', '139.8869']
2026-05-04 15:17:23,360 - INFO - ⏳ No improvement. Patience: 6/50
2026-05-04 15:40:36,967 - INFO - [Epoch 60] Train Loss: 0.0033 | LR: 0.000079
2026-05-04 15:40:36,967 - INFO -     >>> Val Avg RMSE (Real): 4710.1299
2026-05-04 15:40:36,968 - INFO -     >>> Val MAE Details: ['451.6708', '6368.5254', '11.2358', '128.4596']
2026-05-04 15:40:36,968 - INFO - ⏳ No improvement. Patience: 7/50
2026-05-04 16:03:45,191 - INFO - [Epoch 61] Train Loss: 0.0033 | LR: 0.000079
2026-05-04 16:03:45,192 - INFO -     >>> Val Avg RMSE (Real): 4790.6371
2026-05-04 16:03:45,192 - INFO -     >>> Val MAE Details: ['331.2905', '6427.0132', '11.1303', '164.4025']
2026-05-04 16:03:45,192 - INFO - ⏳ No improvement. Patience: 8/50
2026-05-04 16:26:55,360 - INFO - [Epoch 62] Train Loss: 0.0033 | LR: 0.000078
2026-05-04 16:26:55,361 - INFO -     >>> Val Avg RMSE (Real): 6088.7345
2026-05-04 16:26:55,361 - INFO -     >>> Val MAE Details: ['524.6205', '9825.0039', '12.4248', '129.7222']
2026-05-04 16:26:55,361 - INFO - ⏳ No improvement. Patience: 9/50
2026-05-04 16:59:36,000 - INFO - [Epoch 63] Train Loss: 0.0033 | LR: 0.000077
2026-05-04 16:59:36,001 - INFO -     >>> Val Avg RMSE (Real): 5684.5440
2026-05-04 16:59:36,001 - INFO -     >>> Val MAE Details: ['357.7764', '7485.7471', '11.2096', '162.2122']
2026-05-04 16:59:36,001 - INFO - ⏳ No improvement. Patience: 10/50
2026-05-04 17:33:45,132 - INFO - [Epoch 64] Train Loss: 0.0033 | LR: 0.000077
2026-05-04 17:33:45,133 - INFO -     >>> Val Avg RMSE (Real): 5319.2789
2026-05-04 17:33:45,133 - INFO -     >>> Val MAE Details: ['375.3742', '6824.8135', '10.9043', '151.9262']
2026-05-04 17:33:45,133 - INFO - ⏳ No improvement. Patience: 11/50
2026-05-04 18:07:38,872 - INFO - [Epoch 65] Train Loss: 0.0033 | LR: 0.000076
2026-05-04 18:07:38,873 - INFO -     >>> Val Avg RMSE (Real): 4998.7230
2026-05-04 18:07:38,873 - INFO -     >>> Val MAE Details: ['380.6783', '6688.3408', '11.0904', '128.1208']
2026-05-04 18:07:38,873 - INFO - ⏳ No improvement. Patience: 12/50
2026-05-04 18:41:08,318 - INFO - [Epoch 66] Train Loss: 0.0032 | LR: 0.000075
2026-05-04 18:41:08,319 - INFO -     >>> Val Avg RMSE (Real): 4973.4779
2026-05-04 18:41:08,319 - INFO -     >>> Val MAE Details: ['373.5833', '6468.1948', '24.7202', '129.8432']
2026-05-04 18:41:08,319 - INFO - ⏳ No improvement. Patience: 13/50
2026-05-04 19:04:18,823 - INFO - [Epoch 67] Train Loss: 0.0032 | LR: 0.000075
2026-05-04 19:04:18,824 - INFO -     >>> Val Avg RMSE (Real): 4924.4031
2026-05-04 19:04:18,824 - INFO -     >>> Val MAE Details: ['471.9438', '6518.6460', '13.9673', '140.1210']
2026-05-04 19:04:18,824 - INFO - ⏳ No improvement. Patience: 14/50
2026-05-04 19:30:19,682 - INFO - [Epoch 68] Train Loss: 0.0033 | LR: 0.000074
2026-05-04 19:30:19,683 - INFO -     >>> Val Avg RMSE (Real): 4886.7779
2026-05-04 19:30:19,683 - INFO -     >>> Val MAE Details: ['318.8047', '6840.3604', '18.7927', '129.2881']
2026-05-04 19:30:19,683 - INFO - ⏳ No improvement. Patience: 15/50
2026-05-04 19:57:49,425 - INFO - [Epoch 69] Train Loss: 0.0032 | LR: 0.000073
2026-05-04 19:57:49,425 - INFO -     >>> Val Avg RMSE (Real): 5665.3242
2026-05-04 19:57:49,425 - INFO -     >>> Val MAE Details: ['326.6025', '7308.9580', '14.0973', '127.6257']
2026-05-04 19:57:49,425 - INFO - ⏳ No improvement. Patience: 16/50
2026-05-04 20:27:03,405 - INFO - [Epoch 70] Train Loss: 0.0032 | LR: 0.000073
2026-05-04 20:27:03,406 - INFO -     >>> Val Avg RMSE (Real): 5319.7344
2026-05-04 20:27:03,406 - INFO -     >>> Val MAE Details: ['491.8743', '6934.2622', '11.9258', '165.5756']
2026-05-04 20:27:03,406 - INFO - ⏳ No improvement. Patience: 17/50
2026-05-04 20:53:53,700 - INFO - [Epoch 71] Train Loss: 0.0032 | LR: 0.000072
2026-05-04 20:53:53,700 - INFO -     >>> Val Avg RMSE (Real): 5574.7875
2026-05-04 20:53:53,701 - INFO -     >>> Val MAE Details: ['388.6286', '7679.0264', '14.1797', '189.2575']
2026-05-04 20:53:53,701 - INFO - ⏳ No improvement. Patience: 18/50
2026-05-04 21:21:16,899 - INFO - [Epoch 72] Train Loss: 0.0032 | LR: 0.000071
2026-05-04 21:21:16,899 - INFO -     >>> Val Avg RMSE (Real): 5134.7933
2026-05-04 21:21:16,900 - INFO -     >>> Val MAE Details: ['464.0610', '7459.6382', '10.5502', '136.1499']
2026-05-04 21:21:16,900 - INFO - ⏳ No improvement. Patience: 19/50
2026-05-04 21:48:31,007 - INFO - [Epoch 73] Train Loss: 0.0032 | LR: 0.000071
2026-05-04 21:48:31,007 - INFO -     >>> Val Avg RMSE (Real): 5576.8602
2026-05-04 21:48:31,008 - INFO -     >>> Val MAE Details: ['418.5035', '6786.3438', '10.6244', '171.3148']
2026-05-04 21:48:31,008 - INFO - ⏳ No improvement. Patience: 20/50
2026-05-04 22:13:17,475 - INFO - [Epoch 74] Train Loss: 0.0032 | LR: 0.000070
2026-05-04 22:13:17,475 - INFO -     >>> Val Avg RMSE (Real): 5340.6342
2026-05-04 22:13:17,475 - INFO -     >>> Val MAE Details: ['375.4125', '7621.4956', '11.5438', '128.1760']
2026-05-04 22:13:17,476 - INFO - ⏳ No improvement. Patience: 21/50
2026-05-04 22:45:11,267 - INFO - [Epoch 75] Train Loss: 0.0032 | LR: 0.000069
2026-05-04 22:45:11,268 - INFO -     >>> Val Avg RMSE (Real): 5291.8375
2026-05-04 22:45:11,268 - INFO -     >>> Val MAE Details: ['325.8004', '7452.9512', '10.0955', '126.3368']
2026-05-04 22:45:11,268 - INFO - ⏳ No improvement. Patience: 22/50
2026-05-04 23:11:17,706 - INFO - [Epoch 76] Train Loss: 0.0032 | LR: 0.000068
2026-05-04 23:11:17,707 - INFO -     >>> Val Avg RMSE (Real): 6273.3159
2026-05-04 23:11:17,707 - INFO -     >>> Val MAE Details: ['418.2759', '9490.0176', '12.8809', '133.8259']
2026-05-04 23:11:17,707 - INFO - ⏳ No improvement. Patience: 23/50
2026-05-04 23:44:33,226 - INFO - [Epoch 77] Train Loss: 0.0031 | LR: 0.000068
2026-05-04 23:44:33,227 - INFO -     >>> Val Avg RMSE (Real): 5613.3361
2026-05-04 23:44:33,227 - INFO -     >>> Val MAE Details: ['332.0959', '6861.4712', '11.0967', '139.9864']
2026-05-04 23:44:33,227 - INFO - ⏳ No improvement. Patience: 24/50
2026-05-05 00:17:43,667 - INFO - [Epoch 78] Train Loss: 0.0032 | LR: 0.000067
2026-05-05 00:17:43,668 - INFO -     >>> Val Avg RMSE (Real): 4717.4362
2026-05-05 00:17:43,668 - INFO -     >>> Val MAE Details: ['325.0304', '5913.5664', '11.4783', '136.9070']
2026-05-05 00:17:43,668 - INFO - ⏳ No improvement. Patience: 25/50
2026-05-05 00:50:59,533 - INFO - [Epoch 79] Train Loss: 0.0031 | LR: 0.000066
2026-05-05 00:50:59,533 - INFO -     >>> Val Avg RMSE (Real): 9330.5597
2026-05-05 00:50:59,533 - INFO -     >>> Val MAE Details: ['328.7643', '16051.9541', '18.7679', '144.9423']
2026-05-05 00:50:59,534 - INFO - ⏳ No improvement. Patience: 26/50
2026-05-05 01:24:03,298 - INFO - [Epoch 80] Train Loss: 0.0032 | LR: 0.000065
2026-05-05 01:24:03,299 - INFO -     >>> Val Avg RMSE (Real): 6026.0468
2026-05-05 01:24:03,299 - INFO -     >>> Val MAE Details: ['375.7971', '7538.1226', '10.3018', '128.7830']
2026-05-05 01:24:03,299 - INFO - ⏳ No improvement. Patience: 27/50
2026-05-05 01:57:16,541 - INFO - [Epoch 81] Train Loss: 0.0031 | LR: 0.000065
2026-05-05 01:57:16,542 - INFO -     >>> Val Avg RMSE (Real): 5247.5859
2026-05-05 01:57:16,542 - INFO -     >>> Val MAE Details: ['388.9400', '6759.7876', '13.6030', '195.2826']
2026-05-05 01:57:16,542 - INFO - ⏳ No improvement. Patience: 28/50
2026-05-05 02:30:36,391 - INFO - [Epoch 82] Train Loss: 0.0032 | LR: 0.000064
2026-05-05 02:30:36,392 - INFO -     >>> Val Avg RMSE (Real): 6822.9882
2026-05-05 02:30:36,392 - INFO -     >>> Val MAE Details: ['359.4707', '10265.0039', '10.4913', '183.3772']
2026-05-05 02:30:36,392 - INFO - ⏳ No improvement. Patience: 29/50
2026-05-05 03:03:38,616 - INFO - [Epoch 83] Train Loss: 0.0031 | LR: 0.000063
2026-05-05 03:03:38,617 - INFO -     >>> Val Avg RMSE (Real): 5057.2056
2026-05-05 03:03:38,617 - INFO -     >>> Val MAE Details: ['305.4335', '6813.7163', '10.7126', '148.1301']
2026-05-05 03:03:38,617 - INFO - ⏳ No improvement. Patience: 30/50
2026-05-05 03:36:15,130 - INFO - [Epoch 84] Train Loss: 0.0032 | LR: 0.000062
2026-05-05 03:36:15,130 - INFO -     >>> Val Avg RMSE (Real): 4505.1042
2026-05-05 03:36:15,130 - INFO -     >>> Val MAE Details: ['399.2797', '5710.5435', '11.9445', '179.6984']
2026-05-05 03:36:16,109 - INFO - 💾 Saved Best Model to ./logs/QM9_repr_hybrid_fusion_UniFieldNet_NoDist_Task4_20260503_154150/best_model.pth
2026-05-05 03:59:25,114 - INFO - [Epoch 85] Train Loss: 0.0031 | LR: 0.000062
2026-05-05 03:59:25,114 - INFO -     >>> Val Avg RMSE (Real): 4534.1573
2026-05-05 03:59:25,114 - INFO -     >>> Val MAE Details: ['390.9062', '5939.3501', '12.1597', '169.0675']
2026-05-05 03:59:25,115 - INFO - ⏳ No improvement. Patience: 1/50
2026-05-05 04:22:30,758 - INFO - [Epoch 86] Train Loss: 0.0031 | LR: 0.000061
2026-05-05 04:22:30,759 - INFO -     >>> Val Avg RMSE (Real): 6007.1567
2026-05-05 04:22:30,759 - INFO -     >>> Val MAE Details: ['343.2942', '7929.5156', '16.3451', '138.9660']
2026-05-05 04:22:30,759 - INFO - ⏳ No improvement. Patience: 2/50
2026-05-05 04:45:38,410 - INFO - [Epoch 87] Train Loss: 0.0031 | LR: 0.000060
2026-05-05 04:45:38,411 - INFO -     >>> Val Avg RMSE (Real): 6351.6760
2026-05-05 04:45:38,411 - INFO -     >>> Val MAE Details: ['343.9276', '10246.1973', '10.2602', '123.2086']
2026-05-05 04:45:38,411 - INFO - ⏳ No improvement. Patience: 3/50
2026-05-05 05:08:44,907 - INFO - [Epoch 88] Train Loss: 0.0031 | LR: 0.000059
2026-05-05 05:08:44,907 - INFO -     >>> Val Avg RMSE (Real): 7629.3174
2026-05-05 05:08:44,908 - INFO -     >>> Val MAE Details: ['320.6947', '11686.0283', '11.4134', '137.0270']
2026-05-05 05:08:44,908 - INFO - ⏳ No improvement. Patience: 4/50
2026-05-05 05:31:51,888 - INFO - [Epoch 89] Train Loss: 0.0030 | LR: 0.000059
2026-05-05 05:31:51,889 - INFO -     >>> Val Avg RMSE (Real): 4746.6142
2026-05-05 05:31:51,889 - INFO -     >>> Val MAE Details: ['494.0004', '6394.3730', '10.2483', '136.4957']
2026-05-05 05:31:51,889 - INFO - ⏳ No improvement. Patience: 5/50
2026-05-05 05:54:57,602 - INFO - [Epoch 90] Train Loss: 0.0030 | LR: 0.000058
2026-05-05 05:54:57,602 - INFO -     >>> Val Avg RMSE (Real): 6984.9596
2026-05-05 05:54:57,603 - INFO -     >>> Val MAE Details: ['602.0289', '11895.8154', '11.9434', '143.8429']
2026-05-05 05:54:57,603 - INFO - ⏳ No improvement. Patience: 6/50
2026-05-05 06:18:04,502 - INFO - [Epoch 91] Train Loss: 0.0030 | LR: 0.000057
2026-05-05 06:18:04,503 - INFO -     >>> Val Avg RMSE (Real): 9974.3615
2026-05-05 06:18:04,503 - INFO -     >>> Val MAE Details: ['318.8321', '17060.6309', '10.3992', '140.6345']
2026-05-05 06:18:04,503 - INFO - ⏳ No improvement. Patience: 7/50
2026-05-05 06:41:09,120 - INFO - [Epoch 92] Train Loss: 0.0031 | LR: 0.000056
2026-05-05 06:41:09,121 - INFO -     >>> Val Avg RMSE (Real): 5256.5331
2026-05-05 06:41:09,121 - INFO -     >>> Val MAE Details: ['567.0886', '7856.5015', '10.3352', '139.7916']
2026-05-05 06:41:09,121 - INFO - ⏳ No improvement. Patience: 8/50
2026-05-05 07:04:17,096 - INFO - [Epoch 93] Train Loss: 0.0030 | LR: 0.000055
2026-05-05 07:04:17,096 - INFO -     >>> Val Avg RMSE (Real): 4748.3298
2026-05-05 07:04:17,097 - INFO -     >>> Val MAE Details: ['327.0585', '6273.2539', '10.3168', '177.6242']
2026-05-05 07:04:17,097 - INFO - ⏳ No improvement. Patience: 9/50
2026-05-05 07:27:25,026 - INFO - [Epoch 94] Train Loss: 0.0031 | LR: 0.000055
2026-05-05 07:27:25,026 - INFO -     >>> Val Avg RMSE (Real): 5186.0781
2026-05-05 07:27:25,027 - INFO -     >>> Val MAE Details: ['521.9045', '7679.2729', '10.2648', '132.1606']
2026-05-05 07:27:25,027 - INFO - ⏳ No improvement. Patience: 10/50
2026-05-05 07:50:32,491 - INFO - [Epoch 95] Train Loss: 0.0030 | LR: 0.000054
2026-05-05 07:50:32,492 - INFO -     >>> Val Avg RMSE (Real): 5820.7567
2026-05-05 07:50:32,492 - INFO -     >>> Val MAE Details: ['323.5234', '8015.1064', '11.8678', '160.3643']
2026-05-05 07:50:32,492 - INFO - ⏳ No improvement. Patience: 11/50
2026-05-05 08:13:37,776 - INFO - [Epoch 96] Train Loss: 0.0030 | LR: 0.000053
2026-05-05 08:13:37,777 - INFO -     >>> Val Avg RMSE (Real): 4564.9379
2026-05-05 08:13:37,777 - INFO -     >>> Val MAE Details: ['375.9778', '6204.2998', '11.3461', '128.9361']
2026-05-05 08:13:37,777 - INFO - ⏳ No improvement. Patience: 12/50
2026-05-05 08:36:39,212 - INFO - [Epoch 97] Train Loss: 0.0029 | LR: 0.000052
2026-05-05 08:36:39,213 - INFO -     >>> Val Avg RMSE (Real): 5430.7510
2026-05-05 08:36:39,213 - INFO -     >>> Val MAE Details: ['338.0447', '8233.2070', '10.6417', '152.0050']
2026-05-05 08:36:39,213 - INFO - ⏳ No improvement. Patience: 13/50
2026-05-05 08:59:46,235 - INFO - [Epoch 98] Train Loss: 0.0030 | LR: 0.000052
2026-05-05 08:59:46,236 - INFO -     >>> Val Avg RMSE (Real): 4571.6721
2026-05-05 08:59:46,236 - INFO -     >>> Val MAE Details: ['307.2408', '6057.0830', '10.0673', '135.1514']
2026-05-05 08:59:46,236 - INFO - ⏳ No improvement. Patience: 14/50
2026-05-05 09:22:55,027 - INFO - [Epoch 99] Train Loss: 0.0030 | LR: 0.000051
2026-05-05 09:22:55,028 - INFO -     >>> Val Avg RMSE (Real): 4679.5968
2026-05-05 09:22:55,028 - INFO -     >>> Val MAE Details: ['403.5266', '6199.5293', '12.0936', '116.3061']
2026-05-05 09:22:55,028 - INFO - ⏳ No improvement. Patience: 15/50
2026-05-05 09:46:05,856 - INFO - [Epoch 100] Train Loss: 0.0029 | LR: 0.000050
2026-05-05 09:46:05,857 - INFO -     >>> Val Avg RMSE (Real): 4499.7655
2026-05-05 09:46:05,857 - INFO -     >>> Val MAE Details: ['362.0703', '5958.7598', '10.1993', '146.0587']
2026-05-05 09:46:06,779 - INFO - 💾 Saved Best Model to ./logs/QM9_repr_hybrid_fusion_UniFieldNet_NoDist_Task4_20260503_154150/best_model.pth
2026-05-05 10:09:15,994 - INFO - [Epoch 101] Train Loss: 0.0029 | LR: 0.000049
2026-05-05 10:09:15,995 - INFO -     >>> Val Avg RMSE (Real): 5615.3012
2026-05-05 10:09:15,995 - INFO -     >>> Val MAE Details: ['331.7300', '8670.3115', '10.6745', '140.5273']
2026-05-05 10:09:15,995 - INFO - ⏳ No improvement. Patience: 1/50
2026-05-05 10:32:24,581 - INFO - [Epoch 102] Train Loss: 0.0029 | LR: 0.000048
2026-05-05 10:32:24,581 - INFO -     >>> Val Avg RMSE (Real): 5727.8003
2026-05-05 10:32:24,582 - INFO -     >>> Val MAE Details: ['326.2356', '8873.6260', '12.9745', '118.7299']
2026-05-05 10:32:24,582 - INFO - ⏳ No improvement. Patience: 2/50
2026-05-05 10:56:32,898 - INFO - [Epoch 103] Train Loss: 0.0029 | LR: 0.000048
2026-05-05 10:56:32,899 - INFO -     >>> Val Avg RMSE (Real): 4817.0804
2026-05-05 10:56:32,899 - INFO -     >>> Val MAE Details: ['310.2318', '6253.1069', '11.2513', '126.4418']
2026-05-05 10:56:32,899 - INFO - ⏳ No improvement. Patience: 3/50
2026-05-05 11:30:31,382 - INFO - [Epoch 104] Train Loss: 0.0029 | LR: 0.000047
2026-05-05 11:30:31,383 - INFO -     >>> Val Avg RMSE (Real): 5501.9444
2026-05-05 11:30:31,383 - INFO -     >>> Val MAE Details: ['388.8457', '7328.4990', '10.1860', '120.3921']
2026-05-05 11:30:31,383 - INFO - ⏳ No improvement. Patience: 4/50
2026-05-05 12:04:14,940 - INFO - [Epoch 105] Train Loss: 0.0029 | LR: 0.000046
2026-05-05 12:04:14,941 - INFO -     >>> Val Avg RMSE (Real): 5444.8355
2026-05-05 12:04:14,942 - INFO -     >>> Val MAE Details: ['454.6403', '8366.0459', '13.2993', '160.0968']
2026-05-05 12:04:14,942 - INFO - ⏳ No improvement. Patience: 5/50
2026-05-05 12:38:00,878 - INFO - [Epoch 106] Train Loss: 0.0029 | LR: 0.000045
2026-05-05 12:38:00,879 - INFO -     >>> Val Avg RMSE (Real): 4669.9563
2026-05-05 12:38:00,879 - INFO -     >>> Val MAE Details: ['343.5164', '6024.6274', '11.3916', '156.0761']
2026-05-05 12:38:00,879 - INFO - ⏳ No improvement. Patience: 6/50
2026-05-05 13:11:37,805 - INFO - [Epoch 107] Train Loss: 0.0029 | LR: 0.000045
2026-05-05 13:11:37,805 - INFO -     >>> Val Avg RMSE (Real): 4647.8477
2026-05-05 13:11:37,806 - INFO -     >>> Val MAE Details: ['309.5553', '5924.1196', '10.7028', '171.8438']
2026-05-05 13:11:37,806 - INFO - ⏳ No improvement. Patience: 7/50
2026-05-05 13:42:24,011 - INFO - [Epoch 108] Train Loss: 0.0028 | LR: 0.000044
2026-05-05 13:42:24,012 - INFO -     >>> Val Avg RMSE (Real): 5874.1682
2026-05-05 13:42:24,012 - INFO -     >>> Val MAE Details: ['436.6091', '8486.7637', '16.9781', '127.5645']
2026-05-05 13:42:24,012 - INFO - ⏳ No improvement. Patience: 8/50
2026-05-05 14:16:02,533 - INFO - [Epoch 109] Train Loss: 0.0029 | LR: 0.000043
2026-05-05 14:16:02,533 - INFO -     >>> Val Avg RMSE (Real): 4302.7152
2026-05-05 14:16:02,533 - INFO -     >>> Val MAE Details: ['407.4854', '5600.1621', '14.5012', '126.8412']
2026-05-05 14:16:03,686 - INFO - 💾 Saved Best Model to ./logs/QM9_repr_hybrid_fusion_UniFieldNet_NoDist_Task4_20260503_154150/best_model.pth
2026-05-05 14:49:49,114 - INFO - [Epoch 110] Train Loss: 0.0028 | LR: 0.000042
2026-05-05 14:49:49,115 - INFO -     >>> Val Avg RMSE (Real): 4628.8847
2026-05-05 14:49:49,115 - INFO -     >>> Val MAE Details: ['511.7055', '6070.3652', '10.6609', '149.2902']
2026-05-05 14:49:49,115 - INFO - ⏳ No improvement. Patience: 1/50
