2026-04-30 09:15:20,420 - INFO - 💾 Config files backed up to ./logs/QMugs_repr_ed_dense_ViSNet_Task1_20260430_091520
2026-04-30 09:15:20,421 - INFO - 🎯 Multi-Task Targets (1): ['formation_energy_meV']
2026-04-30 09:15:20,421 - INFO - ========================================
2026-04-30 09:15:20,421 - INFO -         Training Configuration        
2026-04-30 09:15:20,421 - INFO - ========================================
2026-04-30 09:15:20,422 - INFO - 
{'data': {'dataset_mode': 'repr_ed_dense',
          'grid_size': 0.1,
          'pkl_path': '../data/QMugs/qmugs_ed_1024_dft_meV_fps.pkl',
          'targets': ['formation_energy_meV']},
 'model': {'activation': 'silu',
           'attn_activation': 'silu',
           'cutoff': 10.0,
           'hidden_channels': 256,
           'lmax': 2,
           'max_num_neighbors': 64,
           'name': 'ViSNet',
           'num_heads': 8,
           'num_layers': 6,
           'num_rbf': 64,
           'rbf_type': 'expnorm',
           'vertex_type': 'Edge'},
 'train': {'batch_size': 24,
           'epochs': 200,
           'grad_norm_clip': 1.0,
           'lr': 0.0001,
           'patience': 50,
           'seed': 2025,
           'weight_decay': 0.0001}}
2026-04-30 09:15:20,422 - INFO - ========================================

2026-04-30 09:15:20,422 - INFO - 🚀 Start Training on Device: cuda
2026-04-30 09:15:20,422 - INFO - Loading Data...
2026-04-30 09:15:20,422 - INFO - Loading Dataset Mode: repr_ed_dense...
2026-04-30 09:15:28,582 - INFO - Stats - Mean: [[-266361.1]], Std: [[91182.07]]
2026-04-30 09:15:28,582 - INFO - Building Model: ViSNet...
2026-04-30 09:15:31,215 - INFO - Total Parameters: 7.6603 M

