2026-04-28 23:42:25,025 - INFO - 💾 Config files backed up to ./logs/QMugs_repr_ed_dense_PointNext_Task1_20260428_234225
2026-04-28 23:42:25,025 - INFO - 🎯 Multi-Task Targets (1): ['formation_energy_meV']
2026-04-28 23:42:25,025 - INFO - ========================================
2026-04-28 23:42:25,025 - INFO -         Training Configuration        
2026-04-28 23:42:25,025 - INFO - ========================================
2026-04-28 23:42:25,026 - INFO - 
{'data': {'dataset_mode': 'repr_ed_dense',
          'grid_size': 0.1,
          'pkl_path': '../data/QMugs/qmugs_ed_1024_dft_meV_fps.pkl',
          'targets': ['formation_energy_meV']},
 'model': {'blocks': [1, 2, 4, 2, 1],
           'drop_path_rate': 0.1,
           'dropout': 0.5,
           'expansion': 4,
           'in_channels': 1,
           'name': 'PointNext',
           'nsample': 32,
           'radius': 1.5,
           'sa_layers': 2,
           'sa_use_res': True,
           'strides': [1, 2, 2, 2, 2],
           'width': 128},
 'train': {'batch_size': 32,
           'epochs': 200,
           'grad_norm_clip': 1.0,
           'lr': 0.0001,
           'patience': 50,
           'seed': 2025,
           'weight_decay': 0.0001}}
2026-04-28 23:42:25,026 - INFO - ========================================

2026-04-28 23:42:25,026 - INFO - 🚀 Start Training on Device: cuda
2026-04-28 23:42:25,026 - INFO - Loading Data...
2026-04-28 23:42:25,027 - INFO - Loading Dataset Mode: repr_ed_dense...
2026-04-28 23:42:30,118 - INFO - Stats - Mean: [[-266361.1]], Std: [[91182.07]]
2026-04-28 23:42:30,118 - INFO - Building Model: PointNext...
2026-04-28 23:42:30,847 - INFO - Total Parameters: 26.7583 M

2026-04-28 23:49:01,270 - INFO - [Epoch 1] Train Loss: 0.2845 | LR: 0.000100
2026-04-28 23:49:01,271 - INFO -     >>> Val Avg RMSE (Real): 80146.0235
2026-04-28 23:49:01,271 - INFO -     >>> Val MAE Details: ['73593.5234']
2026-04-28 23:49:01,657 - INFO - 💾 Saved Best Model to ./logs/QMugs_repr_ed_dense_PointNext_Task1_20260428_234225/best_model.pth
2026-04-28 23:55:31,727 - INFO - [Epoch 2] Train Loss: 0.1285 | LR: 0.000100
2026-04-28 23:55:31,727 - INFO -     >>> Val Avg RMSE (Real): 270767.2772
2026-04-28 23:55:31,727 - INFO -     >>> Val MAE Details: ['267259.2188']
2026-04-28 23:55:31,727 - INFO - ⏳ No improvement. Patience: 1/50
2026-04-29 00:02:01,430 - INFO - [Epoch 3] Train Loss: 0.0898 | LR: 0.000100
2026-04-29 00:02:01,431 - INFO -     >>> Val Avg RMSE (Real): 141249.0512
2026-04-29 00:02:01,431 - INFO -     >>> Val MAE Details: ['136361.0000']
2026-04-29 00:02:01,431 - INFO - ⏳ No improvement. Patience: 2/50
2026-04-29 00:08:31,020 - INFO - [Epoch 4] Train Loss: 0.0742 | LR: 0.000100
2026-04-29 00:08:31,021 - INFO -     >>> Val Avg RMSE (Real): 125685.8896
2026-04-29 00:08:31,021 - INFO -     >>> Val MAE Details: ['121583.1250']
2026-04-29 00:08:31,021 - INFO - ⏳ No improvement. Patience: 3/50
2026-04-29 00:15:00,619 - INFO - [Epoch 5] Train Loss: 0.0683 | LR: 0.000100
2026-04-29 00:15:00,620 - INFO -     >>> Val Avg RMSE (Real): 133992.6551
2026-04-29 00:15:00,620 - INFO -     >>> Val MAE Details: ['130587.3984']
2026-04-29 00:15:00,620 - INFO - ⏳ No improvement. Patience: 4/50
2026-04-29 00:21:30,131 - INFO - [Epoch 6] Train Loss: 0.0672 | LR: 0.000100
2026-04-29 00:21:30,131 - INFO -     >>> Val Avg RMSE (Real): 216232.7209
2026-04-29 00:21:30,131 - INFO -     >>> Val MAE Details: ['210729.6719']
2026-04-29 00:21:30,132 - INFO - ⏳ No improvement. Patience: 5/50
2026-04-29 00:27:59,661 - INFO - [Epoch 7] Train Loss: 0.0631 | LR: 0.000100
2026-04-29 00:27:59,662 - INFO -     >>> Val Avg RMSE (Real): 102682.4255
2026-04-29 00:27:59,662 - INFO -     >>> Val MAE Details: ['98558.5234']
2026-04-29 00:27:59,662 - INFO - ⏳ No improvement. Patience: 6/50
2026-04-29 00:34:29,314 - INFO - [Epoch 8] Train Loss: 0.0555 | LR: 0.000100
2026-04-29 00:34:29,314 - INFO -     >>> Val Avg RMSE (Real): 130758.9191
2026-04-29 00:34:29,315 - INFO -     >>> Val MAE Details: ['125980.3359']
2026-04-29 00:34:29,315 - INFO - ⏳ No improvement. Patience: 7/50
2026-04-29 00:40:58,793 - INFO - [Epoch 9] Train Loss: 0.0547 | LR: 0.000100
2026-04-29 00:40:58,794 - INFO -     >>> Val Avg RMSE (Real): 85775.4135
2026-04-29 00:40:58,794 - INFO -     >>> Val MAE Details: ['81593.8672']
2026-04-29 00:40:58,794 - INFO - ⏳ No improvement. Patience: 8/50
2026-04-29 00:47:28,639 - INFO - [Epoch 10] Train Loss: 0.0508 | LR: 0.000099
2026-04-29 00:47:28,639 - INFO -     >>> Val Avg RMSE (Real): 150688.1937
2026-04-29 00:47:28,639 - INFO -     >>> Val MAE Details: ['146831.3750']
2026-04-29 00:47:28,639 - INFO - ⏳ No improvement. Patience: 9/50
2026-04-29 00:53:57,916 - INFO - [Epoch 11] Train Loss: 0.0495 | LR: 0.000099
2026-04-29 00:53:57,917 - INFO -     >>> Val Avg RMSE (Real): 87408.4759
2026-04-29 00:53:57,917 - INFO -     >>> Val MAE Details: ['83583.7578']
2026-04-29 00:53:57,917 - INFO - ⏳ No improvement. Patience: 10/50
2026-04-29 01:00:27,368 - INFO - [Epoch 12] Train Loss: 0.0500 | LR: 0.000099
2026-04-29 01:00:27,368 - INFO -     >>> Val Avg RMSE (Real): 190908.4706
2026-04-29 01:00:27,369 - INFO -     >>> Val MAE Details: ['187316.2188']
2026-04-29 01:00:27,369 - INFO - ⏳ No improvement. Patience: 11/50
2026-04-29 01:06:56,759 - INFO - [Epoch 13] Train Loss: 0.0446 | LR: 0.000099
2026-04-29 01:06:56,760 - INFO -     >>> Val Avg RMSE (Real): 69044.8554
2026-04-29 01:06:56,760 - INFO -     >>> Val MAE Details: ['64489.5859']
2026-04-29 01:06:57,311 - INFO - 💾 Saved Best Model to ./logs/QMugs_repr_ed_dense_PointNext_Task1_20260428_234225/best_model.pth
2026-04-29 01:13:26,475 - INFO - [Epoch 14] Train Loss: 0.0443 | LR: 0.000099
2026-04-29 01:13:26,475 - INFO -     >>> Val Avg RMSE (Real): 139643.4463
2026-04-29 01:13:26,475 - INFO -     >>> Val MAE Details: ['134065.2031']
2026-04-29 01:13:26,475 - INFO - ⏳ No improvement. Patience: 1/50
2026-04-29 01:19:55,490 - INFO - [Epoch 15] Train Loss: 0.0428 | LR: 0.000099
2026-04-29 01:19:55,491 - INFO -     >>> Val Avg RMSE (Real): 48217.8178
2026-04-29 01:19:55,491 - INFO -     >>> Val MAE Details: ['43991.5234']
2026-04-29 01:19:56,018 - INFO - 💾 Saved Best Model to ./logs/QMugs_repr_ed_dense_PointNext_Task1_20260428_234225/best_model.pth
2026-04-29 01:26:24,941 - INFO - [Epoch 16] Train Loss: 0.0394 | LR: 0.000098
2026-04-29 01:26:24,941 - INFO -     >>> Val Avg RMSE (Real): 97392.8608
2026-04-29 01:26:24,941 - INFO -     >>> Val MAE Details: ['93413.1953']
2026-04-29 01:26:24,941 - INFO - ⏳ No improvement. Patience: 1/50
2026-04-29 01:32:53,916 - INFO - [Epoch 17] Train Loss: 0.0377 | LR: 0.000098
2026-04-29 01:32:53,917 - INFO -     >>> Val Avg RMSE (Real): 80426.2087
2026-04-29 01:32:53,917 - INFO -     >>> Val MAE Details: ['76362.5000']
2026-04-29 01:32:53,917 - INFO - ⏳ No improvement. Patience: 2/50
2026-04-29 01:39:22,656 - INFO - [Epoch 18] Train Loss: 0.0383 | LR: 0.000098
2026-04-29 01:39:22,656 - INFO -     >>> Val Avg RMSE (Real): 32337.1865
2026-04-29 01:39:22,657 - INFO -     >>> Val MAE Details: ['26743.0723']
2026-04-29 01:39:23,205 - INFO - 💾 Saved Best Model to ./logs/QMugs_repr_ed_dense_PointNext_Task1_20260428_234225/best_model.pth
2026-04-29 01:45:52,004 - INFO - [Epoch 19] Train Loss: 0.0379 | LR: 0.000098
2026-04-29 01:45:52,005 - INFO -     >>> Val Avg RMSE (Real): 55526.1484
2026-04-29 01:45:52,005 - INFO -     >>> Val MAE Details: ['48659.1875']
2026-04-29 01:45:52,005 - INFO - ⏳ No improvement. Patience: 1/50
2026-04-29 01:52:20,924 - INFO - [Epoch 20] Train Loss: 0.0344 | LR: 0.000098
2026-04-29 01:52:20,924 - INFO -     >>> Val Avg RMSE (Real): 42700.4405
2026-04-29 01:52:20,925 - INFO -     >>> Val MAE Details: ['38273.4688']
2026-04-29 01:52:20,925 - INFO - ⏳ No improvement. Patience: 2/50
2026-04-29 01:58:49,676 - INFO - [Epoch 21] Train Loss: 0.0329 | LR: 0.000097
2026-04-29 01:58:49,677 - INFO -     >>> Val Avg RMSE (Real): 69121.5963
2026-04-29 01:58:49,677 - INFO -     >>> Val MAE Details: ['61910.4961']
2026-04-29 01:58:49,677 - INFO - ⏳ No improvement. Patience: 3/50
2026-04-29 02:05:18,097 - INFO - [Epoch 22] Train Loss: 0.0324 | LR: 0.000097
2026-04-29 02:05:18,098 - INFO -     >>> Val Avg RMSE (Real): 71737.7981
2026-04-29 02:05:18,098 - INFO -     >>> Val MAE Details: ['63382.7695']
2026-04-29 02:05:18,098 - INFO - ⏳ No improvement. Patience: 4/50
2026-04-29 02:11:46,586 - INFO - [Epoch 23] Train Loss: 0.0301 | LR: 0.000097
2026-04-29 02:11:46,586 - INFO -     >>> Val Avg RMSE (Real): 37045.3629
2026-04-29 02:11:46,586 - INFO -     >>> Val MAE Details: ['30121.4199']
2026-04-29 02:11:46,586 - INFO - ⏳ No improvement. Patience: 5/50
2026-04-29 02:18:15,185 - INFO - [Epoch 24] Train Loss: 0.0318 | LR: 0.000096
2026-04-29 02:18:15,185 - INFO -     >>> Val Avg RMSE (Real): 80753.2221
2026-04-29 02:18:15,185 - INFO -     >>> Val MAE Details: ['74292.0938']
2026-04-29 02:18:15,185 - INFO - ⏳ No improvement. Patience: 6/50
2026-04-29 02:24:43,573 - INFO - [Epoch 25] Train Loss: 0.0296 | LR: 0.000096
2026-04-29 02:24:43,574 - INFO -     >>> Val Avg RMSE (Real): 61176.7799
2026-04-29 02:24:43,574 - INFO -     >>> Val MAE Details: ['55511.6133']
2026-04-29 02:24:43,574 - INFO - ⏳ No improvement. Patience: 7/50
2026-04-29 02:31:12,009 - INFO - [Epoch 26] Train Loss: 0.0273 | LR: 0.000096
2026-04-29 02:31:12,009 - INFO -     >>> Val Avg RMSE (Real): 80550.0610
2026-04-29 02:31:12,010 - INFO -     >>> Val MAE Details: ['76152.0625']
2026-04-29 02:31:12,010 - INFO - ⏳ No improvement. Patience: 8/50
2026-04-29 02:37:40,456 - INFO - [Epoch 27] Train Loss: 0.0264 | LR: 0.000096
2026-04-29 02:37:40,457 - INFO -     >>> Val Avg RMSE (Real): 150521.9727
2026-04-29 02:37:40,457 - INFO -     >>> Val MAE Details: ['145241.4688']
2026-04-29 02:37:40,457 - INFO - ⏳ No improvement. Patience: 9/50
2026-04-29 02:44:08,774 - INFO - [Epoch 28] Train Loss: 0.0260 | LR: 0.000095
2026-04-29 02:44:08,775 - INFO -     >>> Val Avg RMSE (Real): 177131.7792
2026-04-29 02:44:08,775 - INFO -     >>> Val MAE Details: ['171479.3125']
2026-04-29 02:44:08,775 - INFO - ⏳ No improvement. Patience: 10/50
2026-04-29 02:50:37,020 - INFO - [Epoch 29] Train Loss: 0.0262 | LR: 0.000095
2026-04-29 02:50:37,020 - INFO -     >>> Val Avg RMSE (Real): 90209.8134
2026-04-29 02:50:37,020 - INFO -     >>> Val MAE Details: ['85490.1328']
2026-04-29 02:50:37,020 - INFO - ⏳ No improvement. Patience: 11/50
2026-04-29 02:57:05,359 - INFO - [Epoch 30] Train Loss: 0.0245 | LR: 0.000095
2026-04-29 02:57:05,360 - INFO -     >>> Val Avg RMSE (Real): 35971.7631
2026-04-29 02:57:05,360 - INFO -     >>> Val MAE Details: ['29146.7578']
2026-04-29 02:57:05,360 - INFO - ⏳ No improvement. Patience: 12/50
2026-04-29 03:03:33,717 - INFO - [Epoch 31] Train Loss: 0.0254 | LR: 0.000094
2026-04-29 03:03:33,717 - INFO -     >>> Val Avg RMSE (Real): 47757.8184
2026-04-29 03:03:33,717 - INFO -     >>> Val MAE Details: ['43632.8203']
2026-04-29 03:03:33,718 - INFO - ⏳ No improvement. Patience: 13/50
2026-04-29 03:10:01,697 - INFO - [Epoch 32] Train Loss: 0.0242 | LR: 0.000094
2026-04-29 03:10:01,698 - INFO -     >>> Val Avg RMSE (Real): 144154.8039
2026-04-29 03:10:01,698 - INFO -     >>> Val MAE Details: ['136807.5781']
2026-04-29 03:10:01,698 - INFO - ⏳ No improvement. Patience: 14/50
2026-04-29 03:16:29,682 - INFO - [Epoch 33] Train Loss: 0.0242 | LR: 0.000093
2026-04-29 03:16:29,683 - INFO -     >>> Val Avg RMSE (Real): 74110.3212
2026-04-29 03:16:29,683 - INFO -     >>> Val MAE Details: ['67907.9141']
2026-04-29 03:16:29,683 - INFO - ⏳ No improvement. Patience: 15/50
2026-04-29 03:22:57,690 - INFO - [Epoch 34] Train Loss: 0.0229 | LR: 0.000093
2026-04-29 03:22:57,691 - INFO -     >>> Val Avg RMSE (Real): 53847.7189
2026-04-29 03:22:57,691 - INFO -     >>> Val MAE Details: ['47228.6836']
2026-04-29 03:22:57,691 - INFO - ⏳ No improvement. Patience: 16/50
2026-04-29 03:29:25,139 - INFO - [Epoch 35] Train Loss: 0.0230 | LR: 0.000093
2026-04-29 03:29:25,140 - INFO -     >>> Val Avg RMSE (Real): 35567.4062
2026-04-29 03:29:25,140 - INFO -     >>> Val MAE Details: ['32077.9727']
2026-04-29 03:29:25,140 - INFO - ⏳ No improvement. Patience: 17/50
2026-04-29 03:35:53,227 - INFO - [Epoch 36] Train Loss: 0.0223 | LR: 0.000092
2026-04-29 03:35:53,228 - INFO -     >>> Val Avg RMSE (Real): 68168.4765
2026-04-29 03:35:53,228 - INFO -     >>> Val MAE Details: ['59112.4219']
2026-04-29 03:35:53,228 - INFO - ⏳ No improvement. Patience: 18/50
2026-04-29 03:42:21,137 - INFO - [Epoch 37] Train Loss: 0.0217 | LR: 0.000092
2026-04-29 03:42:21,138 - INFO -     >>> Val Avg RMSE (Real): 57587.2097
2026-04-29 03:42:21,138 - INFO -     >>> Val MAE Details: ['47826.9023']
2026-04-29 03:42:21,138 - INFO - ⏳ No improvement. Patience: 19/50
2026-04-29 03:48:48,303 - INFO - [Epoch 38] Train Loss: 0.0219 | LR: 0.000091
2026-04-29 03:48:48,303 - INFO -     >>> Val Avg RMSE (Real): 26100.6127
2026-04-29 03:48:48,303 - INFO -     >>> Val MAE Details: ['20637.9121']
2026-04-29 03:48:48,843 - INFO - 💾 Saved Best Model to ./logs/QMugs_repr_ed_dense_PointNext_Task1_20260428_234225/best_model.pth
2026-04-29 03:55:16,749 - INFO - [Epoch 39] Train Loss: 0.0218 | LR: 0.000091
2026-04-29 03:55:16,750 - INFO -     >>> Val Avg RMSE (Real): 60239.1054
2026-04-29 03:55:16,750 - INFO -     >>> Val MAE Details: ['47460.7500']
2026-04-29 03:55:16,750 - INFO - ⏳ No improvement. Patience: 1/50
2026-04-29 04:01:44,797 - INFO - [Epoch 40] Train Loss: 0.0208 | LR: 0.000090
2026-04-29 04:01:44,797 - INFO -     >>> Val Avg RMSE (Real): 46290.2951
2026-04-29 04:01:44,797 - INFO -     >>> Val MAE Details: ['35296.3047']
2026-04-29 04:01:44,797 - INFO - ⏳ No improvement. Patience: 2/50
2026-04-29 04:08:12,659 - INFO - [Epoch 41] Train Loss: 0.0211 | LR: 0.000090
2026-04-29 04:08:12,660 - INFO -     >>> Val Avg RMSE (Real): 31134.6968
2026-04-29 04:08:12,660 - INFO -     >>> Val MAE Details: ['24731.6406']
2026-04-29 04:08:12,660 - INFO - ⏳ No improvement. Patience: 3/50
2026-04-29 04:14:40,681 - INFO - [Epoch 42] Train Loss: 0.0207 | LR: 0.000090
2026-04-29 04:14:40,682 - INFO -     >>> Val Avg RMSE (Real): 30864.2934
2026-04-29 04:14:40,682 - INFO -     >>> Val MAE Details: ['24379.3809']
2026-04-29 04:14:40,682 - INFO - ⏳ No improvement. Patience: 4/50
2026-04-29 04:21:08,668 - INFO - [Epoch 43] Train Loss: 0.0201 | LR: 0.000089
2026-04-29 04:21:08,669 - INFO -     >>> Val Avg RMSE (Real): 49726.2522
2026-04-29 04:21:08,669 - INFO -     >>> Val MAE Details: ['43197.6641']
2026-04-29 04:21:08,669 - INFO - ⏳ No improvement. Patience: 5/50
2026-04-29 04:27:36,707 - INFO - [Epoch 44] Train Loss: 0.0198 | LR: 0.000089
2026-04-29 04:27:36,708 - INFO -     >>> Val Avg RMSE (Real): 40100.1610
2026-04-29 04:27:36,708 - INFO -     >>> Val MAE Details: ['36102.5156']
2026-04-29 04:27:36,708 - INFO - ⏳ No improvement. Patience: 6/50
2026-04-29 04:34:04,729 - INFO - [Epoch 45] Train Loss: 0.0201 | LR: 0.000088
2026-04-29 04:34:04,730 - INFO -     >>> Val Avg RMSE (Real): 88277.6188
2026-04-29 04:34:04,730 - INFO -     >>> Val MAE Details: ['82989.1016']
2026-04-29 04:34:04,730 - INFO - ⏳ No improvement. Patience: 7/50
2026-04-29 04:40:32,637 - INFO - [Epoch 46] Train Loss: 0.0200 | LR: 0.000088
2026-04-29 04:40:32,637 - INFO -     >>> Val Avg RMSE (Real): 53564.7574
2026-04-29 04:40:32,638 - INFO -     >>> Val MAE Details: ['44219.7734']
2026-04-29 04:40:32,638 - INFO - ⏳ No improvement. Patience: 8/50
2026-04-29 04:46:59,871 - INFO - [Epoch 47] Train Loss: 0.0201 | LR: 0.000087
2026-04-29 04:46:59,872 - INFO -     >>> Val Avg RMSE (Real): 37587.5452
2026-04-29 04:46:59,872 - INFO -     >>> Val MAE Details: ['29795.0996']
2026-04-29 04:46:59,872 - INFO - ⏳ No improvement. Patience: 9/50
2026-04-29 04:53:27,916 - INFO - [Epoch 48] Train Loss: 0.0195 | LR: 0.000086
2026-04-29 04:53:27,916 - INFO -     >>> Val Avg RMSE (Real): 41322.8274
2026-04-29 04:53:27,916 - INFO -     >>> Val MAE Details: ['31376.4668']
2026-04-29 04:53:27,916 - INFO - ⏳ No improvement. Patience: 10/50
2026-04-29 04:59:55,828 - INFO - [Epoch 49] Train Loss: 0.0189 | LR: 0.000086
2026-04-29 04:59:55,828 - INFO -     >>> Val Avg RMSE (Real): 44064.5476
2026-04-29 04:59:55,828 - INFO -     >>> Val MAE Details: ['35432.9922']
2026-04-29 04:59:55,828 - INFO - ⏳ No improvement. Patience: 11/50
2026-04-29 05:06:23,670 - INFO - [Epoch 50] Train Loss: 0.0182 | LR: 0.000085
2026-04-29 05:06:23,671 - INFO -     >>> Val Avg RMSE (Real): 210397.7198
2026-04-29 05:06:23,671 - INFO -     >>> Val MAE Details: ['204160.3750']
2026-04-29 05:06:23,671 - INFO - ⏳ No improvement. Patience: 12/50
2026-04-29 05:12:51,571 - INFO - [Epoch 51] Train Loss: 0.0188 | LR: 0.000085
2026-04-29 05:12:51,571 - INFO -     >>> Val Avg RMSE (Real): 36698.9046
2026-04-29 05:12:51,572 - INFO -     >>> Val MAE Details: ['28746.0664']
2026-04-29 05:12:51,572 - INFO - ⏳ No improvement. Patience: 13/50
2026-04-29 05:19:19,579 - INFO - [Epoch 52] Train Loss: 0.0180 | LR: 0.000084
2026-04-29 05:19:19,579 - INFO -     >>> Val Avg RMSE (Real): 43442.2556
2026-04-29 05:19:19,579 - INFO -     >>> Val MAE Details: ['33490.3086']
2026-04-29 05:19:19,579 - INFO - ⏳ No improvement. Patience: 14/50
2026-04-29 05:25:47,522 - INFO - [Epoch 53] Train Loss: 0.0180 | LR: 0.000084
2026-04-29 05:25:47,522 - INFO -     >>> Val Avg RMSE (Real): 46734.8853
2026-04-29 05:25:47,523 - INFO -     >>> Val MAE Details: ['36258.1562']
2026-04-29 05:25:47,523 - INFO - ⏳ No improvement. Patience: 15/50
2026-04-29 05:32:15,238 - INFO - [Epoch 54] Train Loss: 0.0176 | LR: 0.000083
2026-04-29 05:32:15,238 - INFO -     >>> Val Avg RMSE (Real): 58187.9746
2026-04-29 05:32:15,238 - INFO -     >>> Val MAE Details: ['51383.6133']
2026-04-29 05:32:15,238 - INFO - ⏳ No improvement. Patience: 16/50
2026-04-29 05:38:43,161 - INFO - [Epoch 55] Train Loss: 0.0179 | LR: 0.000082
2026-04-29 05:38:43,161 - INFO -     >>> Val Avg RMSE (Real): 32352.4669
2026-04-29 05:38:43,161 - INFO -     >>> Val MAE Details: ['24960.3008']
2026-04-29 05:38:43,162 - INFO - ⏳ No improvement. Patience: 17/50
2026-04-29 05:45:11,022 - INFO - [Epoch 56] Train Loss: 0.0169 | LR: 0.000082
2026-04-29 05:45:11,022 - INFO -     >>> Val Avg RMSE (Real): 20363.0858
2026-04-29 05:45:11,023 - INFO -     >>> Val MAE Details: ['17101.8047']
2026-04-29 05:45:11,565 - INFO - 💾 Saved Best Model to ./logs/QMugs_repr_ed_dense_PointNext_Task1_20260428_234225/best_model.pth
2026-04-29 05:51:39,503 - INFO - [Epoch 57] Train Loss: 0.0175 | LR: 0.000081
2026-04-29 05:51:39,504 - INFO -     >>> Val Avg RMSE (Real): 23571.9073
2026-04-29 05:51:39,504 - INFO -     >>> Val MAE Details: ['18734.2988']
2026-04-29 05:51:39,504 - INFO - ⏳ No improvement. Patience: 1/50
2026-04-29 05:58:07,444 - INFO - [Epoch 58] Train Loss: 0.0173 | LR: 0.000081
2026-04-29 05:58:07,445 - INFO -     >>> Val Avg RMSE (Real): 27730.9727
2026-04-29 05:58:07,445 - INFO -     >>> Val MAE Details: ['24197.0078']
2026-04-29 05:58:07,445 - INFO - ⏳ No improvement. Patience: 2/50
2026-04-29 06:04:35,420 - INFO - [Epoch 59] Train Loss: 0.0168 | LR: 0.000080
2026-04-29 06:04:35,420 - INFO -     >>> Val Avg RMSE (Real): 39199.0563
2026-04-29 06:04:35,420 - INFO -     >>> Val MAE Details: ['30885.9473']
2026-04-29 06:04:35,420 - INFO - ⏳ No improvement. Patience: 3/50
2026-04-29 06:11:02,499 - INFO - [Epoch 60] Train Loss: 0.0166 | LR: 0.000079
2026-04-29 06:11:02,499 - INFO -     >>> Val Avg RMSE (Real): 31702.3810
2026-04-29 06:11:02,499 - INFO -     >>> Val MAE Details: ['24857.4551']
2026-04-29 06:11:02,499 - INFO - ⏳ No improvement. Patience: 4/50
2026-04-29 06:17:30,457 - INFO - [Epoch 61] Train Loss: 0.0162 | LR: 0.000079
2026-04-29 06:17:30,457 - INFO -     >>> Val Avg RMSE (Real): 25364.9989
2026-04-29 06:17:30,457 - INFO -     >>> Val MAE Details: ['22207.2930']
2026-04-29 06:17:30,457 - INFO - ⏳ No improvement. Patience: 5/50
2026-04-29 06:23:58,458 - INFO - [Epoch 62] Train Loss: 0.0167 | LR: 0.000078
2026-04-29 06:23:58,459 - INFO -     >>> Val Avg RMSE (Real): 16253.2704
2026-04-29 06:23:58,459 - INFO -     >>> Val MAE Details: ['13240.0625']
2026-04-29 06:23:58,952 - INFO - 💾 Saved Best Model to ./logs/QMugs_repr_ed_dense_PointNext_Task1_20260428_234225/best_model.pth
2026-04-29 06:30:26,879 - INFO - [Epoch 63] Train Loss: 0.0160 | LR: 0.000077
2026-04-29 06:30:26,880 - INFO -     >>> Val Avg RMSE (Real): 20681.8962
2026-04-29 06:30:26,880 - INFO -     >>> Val MAE Details: ['17429.5234']
2026-04-29 06:30:26,880 - INFO - ⏳ No improvement. Patience: 1/50
2026-04-29 06:36:54,609 - INFO - [Epoch 64] Train Loss: 0.0160 | LR: 0.000077
2026-04-29 06:36:54,609 - INFO -     >>> Val Avg RMSE (Real): 41909.0963
2026-04-29 06:36:54,609 - INFO -     >>> Val MAE Details: ['33923.9023']
2026-04-29 06:36:54,610 - INFO - ⏳ No improvement. Patience: 2/50
2026-04-29 06:43:22,666 - INFO - [Epoch 65] Train Loss: 0.0160 | LR: 0.000076
2026-04-29 06:43:22,666 - INFO -     >>> Val Avg RMSE (Real): 26522.8077
2026-04-29 06:43:22,667 - INFO -     >>> Val MAE Details: ['21481.3652']
2026-04-29 06:43:22,667 - INFO - ⏳ No improvement. Patience: 3/50
2026-04-29 06:49:50,347 - INFO - [Epoch 66] Train Loss: 0.0159 | LR: 0.000075
2026-04-29 06:49:50,348 - INFO -     >>> Val Avg RMSE (Real): 38693.8358
2026-04-29 06:49:50,348 - INFO -     >>> Val MAE Details: ['32101.5215']
2026-04-29 06:49:50,348 - INFO - ⏳ No improvement. Patience: 4/50
2026-04-29 06:56:18,333 - INFO - [Epoch 67] Train Loss: 0.0159 | LR: 0.000075
2026-04-29 06:56:18,333 - INFO -     >>> Val Avg RMSE (Real): 30487.7282
2026-04-29 06:56:18,333 - INFO -     >>> Val MAE Details: ['23721.5488']
2026-04-29 06:56:18,333 - INFO - ⏳ No improvement. Patience: 5/50
2026-04-29 07:02:46,267 - INFO - [Epoch 68] Train Loss: 0.0151 | LR: 0.000074
2026-04-29 07:02:46,267 - INFO -     >>> Val Avg RMSE (Real): 19881.7319
2026-04-29 07:02:46,267 - INFO -     >>> Val MAE Details: ['16907.9414']
2026-04-29 07:02:46,267 - INFO - ⏳ No improvement. Patience: 6/50
2026-04-29 07:09:14,182 - INFO - [Epoch 69] Train Loss: 0.0157 | LR: 0.000073
2026-04-29 07:09:14,183 - INFO -     >>> Val Avg RMSE (Real): 36199.2230
2026-04-29 07:09:14,183 - INFO -     >>> Val MAE Details: ['30655.3906']
2026-04-29 07:09:14,183 - INFO - ⏳ No improvement. Patience: 7/50
2026-04-29 07:15:42,166 - INFO - [Epoch 70] Train Loss: 0.0152 | LR: 0.000073
2026-04-29 07:15:42,166 - INFO -     >>> Val Avg RMSE (Real): 23374.9363
2026-04-29 07:15:42,166 - INFO -     >>> Val MAE Details: ['19713.5195']
2026-04-29 07:15:42,166 - INFO - ⏳ No improvement. Patience: 8/50
2026-04-29 07:22:09,341 - INFO - [Epoch 71] Train Loss: 0.0148 | LR: 0.000072
2026-04-29 07:22:09,342 - INFO -     >>> Val Avg RMSE (Real): 19620.7645
2026-04-29 07:22:09,342 - INFO -     >>> Val MAE Details: ['15731.7852']
2026-04-29 07:22:09,342 - INFO - ⏳ No improvement. Patience: 9/50
2026-04-29 07:28:37,286 - INFO - [Epoch 72] Train Loss: 0.0142 | LR: 0.000071
2026-04-29 07:28:37,286 - INFO -     >>> Val Avg RMSE (Real): 20556.8356
2026-04-29 07:28:37,286 - INFO -     >>> Val MAE Details: ['17576.9531']
2026-04-29 07:28:37,286 - INFO - ⏳ No improvement. Patience: 10/50
2026-04-29 07:35:05,263 - INFO - [Epoch 73] Train Loss: 0.0142 | LR: 0.000071
2026-04-29 07:35:05,264 - INFO -     >>> Val Avg RMSE (Real): 60071.1727
2026-04-29 07:35:05,264 - INFO -     >>> Val MAE Details: ['53035.3281']
2026-04-29 07:35:05,264 - INFO - ⏳ No improvement. Patience: 11/50
2026-04-29 07:41:33,205 - INFO - [Epoch 74] Train Loss: 0.0144 | LR: 0.000070
2026-04-29 07:41:33,205 - INFO -     >>> Val Avg RMSE (Real): 24918.0404
2026-04-29 07:41:33,206 - INFO -     >>> Val MAE Details: ['20805.6875']
2026-04-29 07:41:33,206 - INFO - ⏳ No improvement. Patience: 12/50
2026-04-29 07:48:01,094 - INFO - [Epoch 75] Train Loss: 0.0143 | LR: 0.000069
2026-04-29 07:48:01,094 - INFO -     >>> Val Avg RMSE (Real): 15507.7385
2026-04-29 07:48:01,095 - INFO -     >>> Val MAE Details: ['12873.6143']
2026-04-29 07:48:01,633 - INFO - 💾 Saved Best Model to ./logs/QMugs_repr_ed_dense_PointNext_Task1_20260428_234225/best_model.pth
2026-04-29 07:54:29,542 - INFO - [Epoch 76] Train Loss: 0.0140 | LR: 0.000068
2026-04-29 07:54:29,543 - INFO -     >>> Val Avg RMSE (Real): 13880.1429
2026-04-29 07:54:29,543 - INFO -     >>> Val MAE Details: ['10500.5342']
2026-04-29 07:54:30,073 - INFO - 💾 Saved Best Model to ./logs/QMugs_repr_ed_dense_PointNext_Task1_20260428_234225/best_model.pth
2026-04-29 08:00:57,922 - INFO - [Epoch 77] Train Loss: 0.0149 | LR: 0.000068
2026-04-29 08:00:57,922 - INFO -     >>> Val Avg RMSE (Real): 33015.5881
2026-04-29 08:00:57,922 - INFO -     >>> Val MAE Details: ['25795.3438']
2026-04-29 08:00:57,922 - INFO - ⏳ No improvement. Patience: 1/50
2026-04-29 08:07:25,978 - INFO - [Epoch 78] Train Loss: 0.0148 | LR: 0.000067
2026-04-29 08:07:25,978 - INFO -     >>> Val Avg RMSE (Real): 21160.1641
2026-04-29 08:07:25,978 - INFO -     >>> Val MAE Details: ['18159.4277']
2026-04-29 08:07:25,978 - INFO - ⏳ No improvement. Patience: 2/50
2026-04-29 08:13:54,075 - INFO - [Epoch 79] Train Loss: 0.0144 | LR: 0.000066
2026-04-29 08:13:54,076 - INFO -     >>> Val Avg RMSE (Real): 55562.8860
2026-04-29 08:13:54,076 - INFO -     >>> Val MAE Details: ['46035.3516']
2026-04-29 08:13:54,076 - INFO - ⏳ No improvement. Patience: 3/50
2026-04-29 08:20:21,959 - INFO - [Epoch 80] Train Loss: 0.0140 | LR: 0.000065
2026-04-29 08:20:21,959 - INFO -     >>> Val Avg RMSE (Real): 15795.1567
2026-04-29 08:20:21,960 - INFO -     >>> Val MAE Details: ['12706.0576']
2026-04-29 08:20:21,960 - INFO - ⏳ No improvement. Patience: 4/50
2026-04-29 08:26:49,887 - INFO - [Epoch 81] Train Loss: 0.0140 | LR: 0.000065
2026-04-29 08:26:49,888 - INFO -     >>> Val Avg RMSE (Real): 18632.2576
2026-04-29 08:26:49,888 - INFO -     >>> Val MAE Details: ['15240.6270']
2026-04-29 08:26:49,888 - INFO - ⏳ No improvement. Patience: 5/50
2026-04-29 08:33:17,858 - INFO - [Epoch 82] Train Loss: 0.0138 | LR: 0.000064
2026-04-29 08:33:17,858 - INFO -     >>> Val Avg RMSE (Real): 24992.1434
2026-04-29 08:33:17,859 - INFO -     >>> Val MAE Details: ['21585.4941']
2026-04-29 08:33:17,859 - INFO - ⏳ No improvement. Patience: 6/50
2026-04-29 08:39:45,847 - INFO - [Epoch 83] Train Loss: 0.0140 | LR: 0.000063
2026-04-29 08:39:45,847 - INFO -     >>> Val Avg RMSE (Real): 14162.6286
2026-04-29 08:39:45,848 - INFO -     >>> Val MAE Details: ['11450.2939']
2026-04-29 08:39:45,848 - INFO - ⏳ No improvement. Patience: 7/50
2026-04-29 08:46:13,760 - INFO - [Epoch 84] Train Loss: 0.0136 | LR: 0.000062
2026-04-29 08:46:13,760 - INFO -     >>> Val Avg RMSE (Real): 20932.4491
2026-04-29 08:46:13,761 - INFO -     >>> Val MAE Details: ['17594.3984']
2026-04-29 08:46:13,761 - INFO - ⏳ No improvement. Patience: 8/50
2026-04-29 08:52:41,654 - INFO - [Epoch 85] Train Loss: 0.0136 | LR: 0.000062
2026-04-29 08:52:41,654 - INFO -     >>> Val Avg RMSE (Real): 16024.9685
2026-04-29 08:52:41,654 - INFO -     >>> Val MAE Details: ['13145.0791']
2026-04-29 08:52:41,654 - INFO - ⏳ No improvement. Patience: 9/50
2026-04-29 08:59:09,522 - INFO - [Epoch 86] Train Loss: 0.0136 | LR: 0.000061
2026-04-29 08:59:09,522 - INFO -     >>> Val Avg RMSE (Real): 12518.4855
2026-04-29 08:59:09,522 - INFO -     >>> Val MAE Details: ['9929.9111']
2026-04-29 08:59:10,126 - INFO - 💾 Saved Best Model to ./logs/QMugs_repr_ed_dense_PointNext_Task1_20260428_234225/best_model.pth
2026-04-29 09:05:37,703 - INFO - [Epoch 87] Train Loss: 0.0131 | LR: 0.000060
2026-04-29 09:05:37,703 - INFO -     >>> Val Avg RMSE (Real): 14072.1154
2026-04-29 09:05:37,704 - INFO -     >>> Val MAE Details: ['10556.6611']
2026-04-29 09:05:37,704 - INFO - ⏳ No improvement. Patience: 1/50
2026-04-29 09:12:05,716 - INFO - [Epoch 88] Train Loss: 0.0134 | LR: 0.000059
2026-04-29 09:12:05,717 - INFO -     >>> Val Avg RMSE (Real): 19976.8138
2026-04-29 09:12:05,717 - INFO -     >>> Val MAE Details: ['16182.3389']
2026-04-29 09:12:05,717 - INFO - ⏳ No improvement. Patience: 2/50
2026-04-29 09:18:33,777 - INFO - [Epoch 89] Train Loss: 0.0134 | LR: 0.000059
2026-04-29 09:18:33,778 - INFO -     >>> Val Avg RMSE (Real): 15328.1013
2026-04-29 09:18:33,778 - INFO -     >>> Val MAE Details: ['13432.5342']
2026-04-29 09:18:33,778 - INFO - ⏳ No improvement. Patience: 3/50
2026-04-29 09:25:02,223 - INFO - [Epoch 90] Train Loss: 0.0129 | LR: 0.000058
2026-04-29 09:25:02,224 - INFO -     >>> Val Avg RMSE (Real): 17777.7092
2026-04-29 09:25:02,224 - INFO -     >>> Val MAE Details: ['14418.8223']
2026-04-29 09:25:02,224 - INFO - ⏳ No improvement. Patience: 4/50
2026-04-29 09:31:30,572 - INFO - [Epoch 91] Train Loss: 0.0132 | LR: 0.000057
2026-04-29 09:31:30,572 - INFO -     >>> Val Avg RMSE (Real): 41575.6036
2026-04-29 09:31:30,572 - INFO -     >>> Val MAE Details: ['35129.0234']
2026-04-29 09:31:30,572 - INFO - ⏳ No improvement. Patience: 5/50
2026-04-29 09:37:58,991 - INFO - [Epoch 92] Train Loss: 0.0131 | LR: 0.000056
2026-04-29 09:37:58,991 - INFO -     >>> Val Avg RMSE (Real): 14140.2127
2026-04-29 09:37:58,991 - INFO -     >>> Val MAE Details: ['11429.3223']
2026-04-29 09:37:58,991 - INFO - ⏳ No improvement. Patience: 6/50
2026-04-29 09:44:26,966 - INFO - [Epoch 93] Train Loss: 0.0126 | LR: 0.000055
2026-04-29 09:44:26,967 - INFO -     >>> Val Avg RMSE (Real): 13925.0531
2026-04-29 09:44:26,967 - INFO -     >>> Val MAE Details: ['11009.5186']
2026-04-29 09:44:26,967 - INFO - ⏳ No improvement. Patience: 7/50
2026-04-29 09:50:55,483 - INFO - [Epoch 94] Train Loss: 0.0128 | LR: 0.000055
2026-04-29 09:50:55,484 - INFO -     >>> Val Avg RMSE (Real): 19001.8542
2026-04-29 09:50:55,484 - INFO -     >>> Val MAE Details: ['16038.1182']
2026-04-29 09:50:55,484 - INFO - ⏳ No improvement. Patience: 8/50
2026-04-29 09:57:23,877 - INFO - [Epoch 95] Train Loss: 0.0128 | LR: 0.000054
2026-04-29 09:57:23,877 - INFO -     >>> Val Avg RMSE (Real): 35333.4688
2026-04-29 09:57:23,878 - INFO -     >>> Val MAE Details: ['27738.9785']
2026-04-29 09:57:23,878 - INFO - ⏳ No improvement. Patience: 9/50
2026-04-29 10:03:52,382 - INFO - [Epoch 96] Train Loss: 0.0119 | LR: 0.000053
2026-04-29 10:03:52,383 - INFO -     >>> Val Avg RMSE (Real): 14650.1205
2026-04-29 10:03:52,383 - INFO -     >>> Val MAE Details: ['11369.7617']
2026-04-29 10:03:52,383 - INFO - ⏳ No improvement. Patience: 10/50
2026-04-29 10:10:20,568 - INFO - [Epoch 97] Train Loss: 0.0125 | LR: 0.000052
2026-04-29 10:10:20,569 - INFO -     >>> Val Avg RMSE (Real): 14542.9703
2026-04-29 10:10:20,569 - INFO -     >>> Val MAE Details: ['11400.3018']
2026-04-29 10:10:20,569 - INFO - ⏳ No improvement. Patience: 11/50
2026-04-29 10:16:48,903 - INFO - [Epoch 98] Train Loss: 0.0124 | LR: 0.000052
2026-04-29 10:16:48,903 - INFO -     >>> Val Avg RMSE (Real): 20934.5250
2026-04-29 10:16:48,903 - INFO -     >>> Val MAE Details: ['18294.8691']
2026-04-29 10:16:48,903 - INFO - ⏳ No improvement. Patience: 12/50
2026-04-29 10:23:17,142 - INFO - [Epoch 99] Train Loss: 0.0123 | LR: 0.000051
2026-04-29 10:23:17,142 - INFO -     >>> Val Avg RMSE (Real): 35158.9178
2026-04-29 10:23:17,143 - INFO -     >>> Val MAE Details: ['27779.2754']
2026-04-29 10:23:17,143 - INFO - ⏳ No improvement. Patience: 13/50
2026-04-29 10:29:45,301 - INFO - [Epoch 100] Train Loss: 0.0117 | LR: 0.000050
2026-04-29 10:29:45,302 - INFO -     >>> Val Avg RMSE (Real): 10057.8825
2026-04-29 10:29:45,302 - INFO -     >>> Val MAE Details: ['7781.7788']
2026-04-29 10:29:45,814 - INFO - 💾 Saved Best Model to ./logs/QMugs_repr_ed_dense_PointNext_Task1_20260428_234225/best_model.pth
2026-04-29 10:36:14,156 - INFO - [Epoch 101] Train Loss: 0.0121 | LR: 0.000049
2026-04-29 10:36:14,157 - INFO -     >>> Val Avg RMSE (Real): 20715.4064
2026-04-29 10:36:14,157 - INFO -     >>> Val MAE Details: ['18375.2734']
2026-04-29 10:36:14,157 - INFO - ⏳ No improvement. Patience: 1/50
2026-04-29 10:42:42,624 - INFO - [Epoch 102] Train Loss: 0.0119 | LR: 0.000048
2026-04-29 10:42:42,625 - INFO -     >>> Val Avg RMSE (Real): 24713.8620
2026-04-29 10:42:42,625 - INFO -     >>> Val MAE Details: ['21401.6152']
2026-04-29 10:42:42,625 - INFO - ⏳ No improvement. Patience: 2/50
2026-04-29 10:49:10,931 - INFO - [Epoch 103] Train Loss: 0.0118 | LR: 0.000048
2026-04-29 10:49:10,932 - INFO -     >>> Val Avg RMSE (Real): 12057.2202
2026-04-29 10:49:10,932 - INFO -     >>> Val MAE Details: ['9527.6709']
2026-04-29 10:49:10,932 - INFO - ⏳ No improvement. Patience: 3/50
2026-04-29 10:55:39,275 - INFO - [Epoch 104] Train Loss: 0.0120 | LR: 0.000047
2026-04-29 10:55:39,275 - INFO -     >>> Val Avg RMSE (Real): 18840.6548
2026-04-29 10:55:39,275 - INFO -     >>> Val MAE Details: ['15534.9473']
2026-04-29 10:55:39,275 - INFO - ⏳ No improvement. Patience: 4/50
2026-04-29 11:02:07,613 - INFO - [Epoch 105] Train Loss: 0.0116 | LR: 0.000046
2026-04-29 11:02:07,613 - INFO -     >>> Val Avg RMSE (Real): 8929.3718
2026-04-29 11:02:07,613 - INFO -     >>> Val MAE Details: ['6824.4160']
2026-04-29 11:02:08,154 - INFO - 💾 Saved Best Model to ./logs/QMugs_repr_ed_dense_PointNext_Task1_20260428_234225/best_model.pth
2026-04-29 11:08:36,490 - INFO - [Epoch 106] Train Loss: 0.0111 | LR: 0.000045
2026-04-29 11:08:36,491 - INFO -     >>> Val Avg RMSE (Real): 17089.2865
2026-04-29 11:08:36,491 - INFO -     >>> Val MAE Details: ['12543.9883']
2026-04-29 11:08:36,491 - INFO - ⏳ No improvement. Patience: 1/50
2026-04-29 11:15:04,695 - INFO - [Epoch 107] Train Loss: 0.0113 | LR: 0.000045
2026-04-29 11:15:04,696 - INFO -     >>> Val Avg RMSE (Real): 20756.0220
2026-04-29 11:15:04,696 - INFO -     >>> Val MAE Details: ['17296.0449']
2026-04-29 11:15:04,696 - INFO - ⏳ No improvement. Patience: 2/50
2026-04-29 11:21:32,932 - INFO - [Epoch 108] Train Loss: 0.0115 | LR: 0.000044
2026-04-29 11:21:32,932 - INFO -     >>> Val Avg RMSE (Real): 11356.6076
2026-04-29 11:21:32,932 - INFO -     >>> Val MAE Details: ['8208.9658']
2026-04-29 11:21:32,932 - INFO - ⏳ No improvement. Patience: 3/50
2026-04-29 11:28:01,195 - INFO - [Epoch 109] Train Loss: 0.0113 | LR: 0.000043
2026-04-29 11:28:01,196 - INFO -     >>> Val Avg RMSE (Real): 26009.5416
2026-04-29 11:28:01,196 - INFO -     >>> Val MAE Details: ['23011.8457']
2026-04-29 11:28:01,196 - INFO - ⏳ No improvement. Patience: 4/50
2026-04-29 11:34:29,502 - INFO - [Epoch 110] Train Loss: 0.0111 | LR: 0.000042
2026-04-29 11:34:29,502 - INFO -     >>> Val Avg RMSE (Real): 38788.9683
2026-04-29 11:34:29,502 - INFO -     >>> Val MAE Details: ['30057.8047']
2026-04-29 11:34:29,503 - INFO - ⏳ No improvement. Patience: 5/50
2026-04-29 11:40:57,779 - INFO - [Epoch 111] Train Loss: 0.0111 | LR: 0.000041
2026-04-29 11:40:57,780 - INFO -     >>> Val Avg RMSE (Real): 53570.5543
2026-04-29 11:40:57,780 - INFO -     >>> Val MAE Details: ['44356.1836']
2026-04-29 11:40:57,780 - INFO - ⏳ No improvement. Patience: 6/50
2026-04-29 11:47:25,987 - INFO - [Epoch 112] Train Loss: 0.0112 | LR: 0.000041
2026-04-29 11:47:25,987 - INFO -     >>> Val Avg RMSE (Real): 35848.2366
2026-04-29 11:47:25,987 - INFO -     >>> Val MAE Details: ['28888.2129']
2026-04-29 11:47:25,987 - INFO - ⏳ No improvement. Patience: 7/50
2026-04-29 11:53:54,207 - INFO - [Epoch 113] Train Loss: 0.0109 | LR: 0.000040
2026-04-29 11:53:54,208 - INFO -     >>> Val Avg RMSE (Real): 8913.5492
2026-04-29 11:53:54,208 - INFO -     >>> Val MAE Details: ['6776.2383']
2026-04-29 11:53:54,758 - INFO - 💾 Saved Best Model to ./logs/QMugs_repr_ed_dense_PointNext_Task1_20260428_234225/best_model.pth
2026-04-29 12:00:23,232 - INFO - [Epoch 114] Train Loss: 0.0109 | LR: 0.000039
2026-04-29 12:00:23,233 - INFO -     >>> Val Avg RMSE (Real): 15501.3605
2026-04-29 12:00:23,233 - INFO -     >>> Val MAE Details: ['11901.5537']
2026-04-29 12:00:23,233 - INFO - ⏳ No improvement. Patience: 1/50
2026-04-29 12:06:51,577 - INFO - [Epoch 115] Train Loss: 0.0107 | LR: 0.000038
2026-04-29 12:06:51,577 - INFO -     >>> Val Avg RMSE (Real): 11752.8454
2026-04-29 12:06:51,577 - INFO -     >>> Val MAE Details: ['8000.1431']
2026-04-29 12:06:51,578 - INFO - ⏳ No improvement. Patience: 2/50
2026-04-29 12:13:20,188 - INFO - [Epoch 116] Train Loss: 0.0111 | LR: 0.000038
2026-04-29 12:13:20,188 - INFO -     >>> Val Avg RMSE (Real): 16503.7654
2026-04-29 12:13:20,189 - INFO -     >>> Val MAE Details: ['14005.8457']
2026-04-29 12:13:20,189 - INFO - ⏳ No improvement. Patience: 3/50
2026-04-29 12:19:48,531 - INFO - [Epoch 117] Train Loss: 0.0109 | LR: 0.000037
2026-04-29 12:19:48,531 - INFO -     >>> Val Avg RMSE (Real): 22295.0054
2026-04-29 12:19:48,531 - INFO -     >>> Val MAE Details: ['19799.5059']
2026-04-29 12:19:48,531 - INFO - ⏳ No improvement. Patience: 4/50
2026-04-29 12:26:16,744 - INFO - [Epoch 118] Train Loss: 0.0108 | LR: 0.000036
2026-04-29 12:26:16,745 - INFO -     >>> Val Avg RMSE (Real): 31066.1519
2026-04-29 12:26:16,745 - INFO -     >>> Val MAE Details: ['25267.8750']
2026-04-29 12:26:16,745 - INFO - ⏳ No improvement. Patience: 5/50
2026-04-29 12:32:44,995 - INFO - [Epoch 119] Train Loss: 0.0107 | LR: 0.000035
2026-04-29 12:32:44,995 - INFO -     >>> Val Avg RMSE (Real): 14417.6758
2026-04-29 12:32:44,995 - INFO -     >>> Val MAE Details: ['12245.5400']
2026-04-29 12:32:44,995 - INFO - ⏳ No improvement. Patience: 6/50
2026-04-29 12:39:13,241 - INFO - [Epoch 120] Train Loss: 0.0104 | LR: 0.000035
2026-04-29 12:39:13,241 - INFO -     >>> Val Avg RMSE (Real): 10248.9406
2026-04-29 12:39:13,241 - INFO -     >>> Val MAE Details: ['7445.0000']
2026-04-29 12:39:13,241 - INFO - ⏳ No improvement. Patience: 7/50
2026-04-29 12:45:41,494 - INFO - [Epoch 121] Train Loss: 0.0106 | LR: 0.000034
2026-04-29 12:45:41,494 - INFO -     >>> Val Avg RMSE (Real): 11343.5994
2026-04-29 12:45:41,494 - INFO -     >>> Val MAE Details: ['8635.8770']
2026-04-29 12:45:41,494 - INFO - ⏳ No improvement. Patience: 8/50
2026-04-29 12:52:09,892 - INFO - [Epoch 122] Train Loss: 0.0109 | LR: 0.000033
2026-04-29 12:52:09,892 - INFO -     >>> Val Avg RMSE (Real): 17041.7689
2026-04-29 12:52:09,892 - INFO -     >>> Val MAE Details: ['12520.5342']
2026-04-29 12:52:09,892 - INFO - ⏳ No improvement. Patience: 9/50
2026-04-29 12:58:37,854 - INFO - [Epoch 123] Train Loss: 0.0102 | LR: 0.000032
2026-04-29 12:58:37,854 - INFO -     >>> Val Avg RMSE (Real): 14663.9269
2026-04-29 12:58:37,854 - INFO -     >>> Val MAE Details: ['11836.2207']
2026-04-29 12:58:37,854 - INFO - ⏳ No improvement. Patience: 10/50
2026-04-29 13:05:05,853 - INFO - [Epoch 124] Train Loss: 0.0104 | LR: 0.000032
2026-04-29 13:05:05,854 - INFO -     >>> Val Avg RMSE (Real): 10275.6041
2026-04-29 13:05:05,854 - INFO -     >>> Val MAE Details: ['7017.3584']
2026-04-29 13:05:05,854 - INFO - ⏳ No improvement. Patience: 11/50
2026-04-29 13:11:33,727 - INFO - [Epoch 125] Train Loss: 0.0103 | LR: 0.000031
2026-04-29 13:11:33,727 - INFO -     >>> Val Avg RMSE (Real): 11744.2636
2026-04-29 13:11:33,727 - INFO -     >>> Val MAE Details: ['9251.3740']
2026-04-29 13:11:33,728 - INFO - ⏳ No improvement. Patience: 12/50
2026-04-29 13:18:01,613 - INFO - [Epoch 126] Train Loss: 0.0101 | LR: 0.000030
2026-04-29 13:18:01,613 - INFO -     >>> Val Avg RMSE (Real): 18069.0887
2026-04-29 13:18:01,613 - INFO -     >>> Val MAE Details: ['15049.0488']
2026-04-29 13:18:01,614 - INFO - ⏳ No improvement. Patience: 13/50
2026-04-29 13:24:29,444 - INFO - [Epoch 127] Train Loss: 0.0098 | LR: 0.000029
2026-04-29 13:24:29,445 - INFO -     >>> Val Avg RMSE (Real): 13529.4275
2026-04-29 13:24:29,445 - INFO -     >>> Val MAE Details: ['10291.9697']
2026-04-29 13:24:29,445 - INFO - ⏳ No improvement. Patience: 14/50
2026-04-29 13:30:57,396 - INFO - [Epoch 128] Train Loss: 0.0097 | LR: 0.000029
2026-04-29 13:30:57,397 - INFO -     >>> Val Avg RMSE (Real): 12467.3121
2026-04-29 13:30:57,397 - INFO -     >>> Val MAE Details: ['9711.0098']
2026-04-29 13:30:57,397 - INFO - ⏳ No improvement. Patience: 15/50
2026-04-29 13:37:25,423 - INFO - [Epoch 129] Train Loss: 0.0103 | LR: 0.000028
2026-04-29 13:37:25,424 - INFO -     >>> Val Avg RMSE (Real): 15264.4203
2026-04-29 13:37:25,424 - INFO -     >>> Val MAE Details: ['11595.9385']
2026-04-29 13:37:25,424 - INFO - ⏳ No improvement. Patience: 16/50
2026-04-29 13:43:53,263 - INFO - [Epoch 130] Train Loss: 0.0102 | LR: 0.000027
2026-04-29 13:43:53,264 - INFO -     >>> Val Avg RMSE (Real): 15565.0013
2026-04-29 13:43:53,264 - INFO -     >>> Val MAE Details: ['11442.0273']
2026-04-29 13:43:53,264 - INFO - ⏳ No improvement. Patience: 17/50
2026-04-29 13:50:21,070 - INFO - [Epoch 131] Train Loss: 0.0100 | LR: 0.000027
2026-04-29 13:50:21,070 - INFO -     >>> Val Avg RMSE (Real): 14460.4896
2026-04-29 13:50:21,071 - INFO -     >>> Val MAE Details: ['11722.2910']
2026-04-29 13:50:21,071 - INFO - ⏳ No improvement. Patience: 18/50
2026-04-29 13:56:48,603 - INFO - [Epoch 132] Train Loss: 0.0097 | LR: 0.000026
2026-04-29 13:56:48,604 - INFO -     >>> Val Avg RMSE (Real): 14994.8898
2026-04-29 13:56:48,604 - INFO -     >>> Val MAE Details: ['11891.4082']
2026-04-29 13:56:48,604 - INFO - ⏳ No improvement. Patience: 19/50
2026-04-29 14:03:16,656 - INFO - [Epoch 133] Train Loss: 0.0098 | LR: 0.000025
2026-04-29 14:03:16,656 - INFO -     >>> Val Avg RMSE (Real): 12444.4905
2026-04-29 14:03:16,656 - INFO -     >>> Val MAE Details: ['9531.0928']
2026-04-29 14:03:16,657 - INFO - ⏳ No improvement. Patience: 20/50
2026-04-29 14:09:44,557 - INFO - [Epoch 134] Train Loss: 0.0093 | LR: 0.000025
2026-04-29 14:09:44,558 - INFO -     >>> Val Avg RMSE (Real): 10715.8272
2026-04-29 14:09:44,558 - INFO -     >>> Val MAE Details: ['7594.4224']
2026-04-29 14:09:44,558 - INFO - ⏳ No improvement. Patience: 21/50
2026-04-29 14:16:12,563 - INFO - [Epoch 135] Train Loss: 0.0094 | LR: 0.000024
2026-04-29 14:16:12,563 - INFO -     >>> Val Avg RMSE (Real): 10209.1512
2026-04-29 14:16:12,564 - INFO -     >>> Val MAE Details: ['7934.4048']
2026-04-29 14:16:12,564 - INFO - ⏳ No improvement. Patience: 22/50
2026-04-29 14:22:39,919 - INFO - [Epoch 136] Train Loss: 0.0092 | LR: 0.000023
2026-04-29 14:22:39,920 - INFO -     >>> Val Avg RMSE (Real): 9899.0472
2026-04-29 14:22:39,920 - INFO -     >>> Val MAE Details: ['7689.8320']
2026-04-29 14:22:39,920 - INFO - ⏳ No improvement. Patience: 23/50
2026-04-29 14:29:07,829 - INFO - [Epoch 137] Train Loss: 0.0094 | LR: 0.000023
2026-04-29 14:29:07,830 - INFO -     >>> Val Avg RMSE (Real): 12589.8321
2026-04-29 14:29:07,830 - INFO -     >>> Val MAE Details: ['10203.4365']
2026-04-29 14:29:07,830 - INFO - ⏳ No improvement. Patience: 24/50
2026-04-29 14:35:35,705 - INFO - [Epoch 138] Train Loss: 0.0096 | LR: 0.000022
2026-04-29 14:35:35,706 - INFO -     >>> Val Avg RMSE (Real): 10266.6072
2026-04-29 14:35:35,706 - INFO -     >>> Val MAE Details: ['7468.3999']
2026-04-29 14:35:35,706 - INFO - ⏳ No improvement. Patience: 25/50
2026-04-29 14:42:03,648 - INFO - [Epoch 139] Train Loss: 0.0091 | LR: 0.000021
2026-04-29 14:42:03,648 - INFO -     >>> Val Avg RMSE (Real): 12589.7622
2026-04-29 14:42:03,649 - INFO -     >>> Val MAE Details: ['9897.7285']
2026-04-29 14:42:03,649 - INFO - ⏳ No improvement. Patience: 26/50
2026-04-29 14:48:31,564 - INFO - [Epoch 140] Train Loss: 0.0092 | LR: 0.000021
2026-04-29 14:48:31,565 - INFO -     >>> Val Avg RMSE (Real): 12085.0863
2026-04-29 14:48:31,565 - INFO -     >>> Val MAE Details: ['9674.3066']
2026-04-29 14:48:31,565 - INFO - ⏳ No improvement. Patience: 27/50
2026-04-29 14:54:58,943 - INFO - [Epoch 141] Train Loss: 0.0090 | LR: 0.000020
2026-04-29 14:54:58,944 - INFO -     >>> Val Avg RMSE (Real): 10487.3009
2026-04-29 14:54:58,944 - INFO -     >>> Val MAE Details: ['8345.8643']
2026-04-29 14:54:58,944 - INFO - ⏳ No improvement. Patience: 28/50
2026-04-29 15:01:26,950 - INFO - [Epoch 142] Train Loss: 0.0089 | LR: 0.000019
2026-04-29 15:01:26,951 - INFO -     >>> Val Avg RMSE (Real): 17201.9469
2026-04-29 15:01:26,951 - INFO -     >>> Val MAE Details: ['14755.6152']
2026-04-29 15:01:26,951 - INFO - ⏳ No improvement. Patience: 29/50
2026-04-29 15:07:55,005 - INFO - [Epoch 143] Train Loss: 0.0089 | LR: 0.000019
2026-04-29 15:07:55,005 - INFO -     >>> Val Avg RMSE (Real): 12797.6560
2026-04-29 15:07:55,005 - INFO -     >>> Val MAE Details: ['9804.8506']
2026-04-29 15:07:55,006 - INFO - ⏳ No improvement. Patience: 30/50
2026-04-29 15:14:23,014 - INFO - [Epoch 144] Train Loss: 0.0093 | LR: 0.000018
2026-04-29 15:14:23,015 - INFO -     >>> Val Avg RMSE (Real): 15174.1654
2026-04-29 15:14:23,015 - INFO -     >>> Val MAE Details: ['12656.5898']
2026-04-29 15:14:23,015 - INFO - ⏳ No improvement. Patience: 31/50
2026-04-29 15:20:50,951 - INFO - [Epoch 145] Train Loss: 0.0089 | LR: 0.000018
2026-04-29 15:20:50,951 - INFO -     >>> Val Avg RMSE (Real): 21997.9912
2026-04-29 15:20:50,951 - INFO -     >>> Val MAE Details: ['18518.4121']
2026-04-29 15:20:50,951 - INFO - ⏳ No improvement. Patience: 32/50
2026-04-29 15:27:19,206 - INFO - [Epoch 146] Train Loss: 0.0091 | LR: 0.000017
2026-04-29 15:27:19,207 - INFO -     >>> Val Avg RMSE (Real): 15224.6537
2026-04-29 15:27:19,207 - INFO -     >>> Val MAE Details: ['11890.2412']
2026-04-29 15:27:19,207 - INFO - ⏳ No improvement. Patience: 33/50
2026-04-29 15:33:47,532 - INFO - [Epoch 147] Train Loss: 0.0086 | LR: 0.000016
2026-04-29 15:33:47,532 - INFO -     >>> Val Avg RMSE (Real): 11595.3970
2026-04-29 15:33:47,533 - INFO -     >>> Val MAE Details: ['8601.5811']
2026-04-29 15:33:47,533 - INFO - ⏳ No improvement. Patience: 34/50
2026-04-29 15:40:16,025 - INFO - [Epoch 148] Train Loss: 0.0089 | LR: 0.000016
2026-04-29 15:40:16,025 - INFO -     >>> Val Avg RMSE (Real): 33660.3857
2026-04-29 15:40:16,026 - INFO -     >>> Val MAE Details: ['26106.4727']
2026-04-29 15:40:16,026 - INFO - ⏳ No improvement. Patience: 35/50
2026-04-29 15:46:44,590 - INFO - [Epoch 149] Train Loss: 0.0090 | LR: 0.000015
2026-04-29 15:46:44,590 - INFO -     >>> Val Avg RMSE (Real): 11791.0888
2026-04-29 15:46:44,590 - INFO -     >>> Val MAE Details: ['8833.1777']
2026-04-29 15:46:44,590 - INFO - ⏳ No improvement. Patience: 36/50
2026-04-29 15:53:12,855 - INFO - [Epoch 150] Train Loss: 0.0084 | LR: 0.000015
2026-04-29 15:53:12,855 - INFO -     >>> Val Avg RMSE (Real): 11545.4420
2026-04-29 15:53:12,855 - INFO -     >>> Val MAE Details: ['8088.5957']
2026-04-29 15:53:12,856 - INFO - ⏳ No improvement. Patience: 37/50
2026-04-29 15:59:41,323 - INFO - [Epoch 151] Train Loss: 0.0086 | LR: 0.000014
2026-04-29 15:59:41,323 - INFO -     >>> Val Avg RMSE (Real): 12868.9027
2026-04-29 15:59:41,323 - INFO -     >>> Val MAE Details: ['9831.1953']
2026-04-29 15:59:41,323 - INFO - ⏳ No improvement. Patience: 38/50
2026-04-29 16:06:09,600 - INFO - [Epoch 152] Train Loss: 0.0084 | LR: 0.000014
2026-04-29 16:06:09,601 - INFO -     >>> Val Avg RMSE (Real): 15155.5344
2026-04-29 16:06:09,601 - INFO -     >>> Val MAE Details: ['11839.3564']
2026-04-29 16:06:09,601 - INFO - ⏳ No improvement. Patience: 39/50
2026-04-29 16:12:37,974 - INFO - [Epoch 153] Train Loss: 0.0083 | LR: 0.000013
2026-04-29 16:12:37,974 - INFO -     >>> Val Avg RMSE (Real): 12011.2820
2026-04-29 16:12:37,974 - INFO -     >>> Val MAE Details: ['8949.4707']
2026-04-29 16:12:37,974 - INFO - ⏳ No improvement. Patience: 40/50
2026-04-29 16:19:06,410 - INFO - [Epoch 154] Train Loss: 0.0085 | LR: 0.000012
2026-04-29 16:19:06,411 - INFO -     >>> Val Avg RMSE (Real): 12519.1987
2026-04-29 16:19:06,411 - INFO -     >>> Val MAE Details: ['9991.9561']
2026-04-29 16:19:06,411 - INFO - ⏳ No improvement. Patience: 41/50
2026-04-29 16:25:34,652 - INFO - [Epoch 155] Train Loss: 0.0086 | LR: 0.000012
2026-04-29 16:25:34,653 - INFO -     >>> Val Avg RMSE (Real): 10517.9747
2026-04-29 16:25:34,653 - INFO -     >>> Val MAE Details: ['7243.2695']
2026-04-29 16:25:34,653 - INFO - ⏳ No improvement. Patience: 42/50
2026-04-29 16:32:03,087 - INFO - [Epoch 156] Train Loss: 0.0082 | LR: 0.000011
2026-04-29 16:32:03,088 - INFO -     >>> Val Avg RMSE (Real): 9682.1208
2026-04-29 16:32:03,088 - INFO -     >>> Val MAE Details: ['7128.9004']
2026-04-29 16:32:03,088 - INFO - ⏳ No improvement. Patience: 43/50
2026-04-29 16:38:31,098 - INFO - [Epoch 157] Train Loss: 0.0086 | LR: 0.000011
2026-04-29 16:38:31,099 - INFO -     >>> Val Avg RMSE (Real): 15775.1095
2026-04-29 16:38:31,099 - INFO -     >>> Val MAE Details: ['13921.7754']
2026-04-29 16:38:31,099 - INFO - ⏳ No improvement. Patience: 44/50
2026-04-29 16:44:59,522 - INFO - [Epoch 158] Train Loss: 0.0083 | LR: 0.000010
2026-04-29 16:44:59,522 - INFO -     >>> Val Avg RMSE (Real): 11718.4374
2026-04-29 16:44:59,523 - INFO -     >>> Val MAE Details: ['9195.9961']
2026-04-29 16:44:59,523 - INFO - ⏳ No improvement. Patience: 45/50
2026-04-29 16:51:27,653 - INFO - [Epoch 159] Train Loss: 0.0082 | LR: 0.000010
2026-04-29 16:51:27,654 - INFO -     >>> Val Avg RMSE (Real): 10833.6077
2026-04-29 16:51:27,654 - INFO -     >>> Val MAE Details: ['7797.3628']
2026-04-29 16:51:27,654 - INFO - ⏳ No improvement. Patience: 46/50
2026-04-29 16:57:55,643 - INFO - [Epoch 160] Train Loss: 0.0081 | LR: 0.000010
2026-04-29 16:57:55,643 - INFO -     >>> Val Avg RMSE (Real): 15685.0813
2026-04-29 16:57:55,643 - INFO -     >>> Val MAE Details: ['12859.8906']
2026-04-29 16:57:55,643 - INFO - ⏳ No improvement. Patience: 47/50
2026-04-29 17:04:23,612 - INFO - [Epoch 161] Train Loss: 0.0082 | LR: 0.000009
2026-04-29 17:04:23,612 - INFO -     >>> Val Avg RMSE (Real): 18863.5437
2026-04-29 17:04:23,613 - INFO -     >>> Val MAE Details: ['17078.3320']
2026-04-29 17:04:23,613 - INFO - ⏳ No improvement. Patience: 48/50
2026-04-29 17:10:51,224 - INFO - [Epoch 162] Train Loss: 0.0083 | LR: 0.000009
2026-04-29 17:10:51,224 - INFO -     >>> Val Avg RMSE (Real): 14964.8158
2026-04-29 17:10:51,224 - INFO -     >>> Val MAE Details: ['12110.5117']
2026-04-29 17:10:51,225 - INFO - ⏳ No improvement. Patience: 49/50
2026-04-29 17:17:19,202 - INFO - [Epoch 163] Train Loss: 0.0085 | LR: 0.000008
2026-04-29 17:17:19,202 - INFO -     >>> Val Avg RMSE (Real): 17595.5067
2026-04-29 17:17:19,203 - INFO -     >>> Val MAE Details: ['15657.1738']
2026-04-29 17:17:19,203 - INFO - ⏳ No improvement. Patience: 50/50
2026-04-29 17:17:19,203 - INFO - 🛑 Early Stopping triggered! Best RMSE: 8913.5492
