2026-04-18 00:20:01,674 - INFO - 💾 Config files backed up to ./logs/QMugs_repr_ed_field_PointTransformerV3_Task3_20260418_002001
2026-04-18 00:20:01,674 - INFO - 🎯 Multi-Task Targets (3): ['homo_energy_meV', 'lumo_energy_meV', 'homo_lumo_gap_meV']
2026-04-18 00:20:01,674 - INFO - ========================================
2026-04-18 00:20:01,675 - INFO -         Training Configuration        
2026-04-18 00:20:01,675 - INFO - ========================================
2026-04-18 00:20:01,675 - INFO - 
{'data': {'dataset_mode': 'repr_ed_field',
          'grid_size': 0.1,
          'pkl_path': '../data/QMugs/qmugs_ed_1024_dft_meV_fps.pkl',
          'targets': ['homo_energy_meV',
                      'lumo_energy_meV',
                      'homo_lumo_gap_meV']},
 'model': {'dec_channels': [64, 64, 128, 256],
           'drop_path_rate': 0.3,
           'enc_channels': [32, 64, 128, 256, 512],
           'enc_depths': [2, 2, 2, 6, 2],
           'in_channels': 1,
           'name': 'PointTransformerV3',
           'patch_size': 256},
 'train': {'batch_size': 32,
           'epochs': 200,
           'grad_norm_clip': 1.0,
           'lr': 0.0001,
           'patience': 50,
           'seed': 2025,
           'weight_decay': 0.0001}}
2026-04-18 00:20:01,675 - INFO - ========================================

2026-04-18 00:20:01,675 - INFO - 🚀 Start Training on Device: cuda
2026-04-18 00:20:01,675 - INFO - Loading Data...
2026-04-18 00:20:01,675 - INFO - Loading Dataset Mode: repr_ed_field...
2026-04-18 00:20:04,633 - INFO - Stats - Mean: [[-7851.8887    392.37622  8244.265  ]], Std: [[502.80716 721.1641  813.3487 ]]
2026-04-18 00:20:04,633 - INFO - Building Model: PointTransformerV3...
2026-04-18 00:20:14,953 - INFO - Total Parameters: 46.1485 M

2026-04-18 00:49:29,788 - INFO - [Epoch 1] Train Loss: 0.7561 | LR: 0.000100
2026-04-18 00:49:29,789 - INFO -     >>> Val Avg RMSE (Real): 838.5642
2026-04-18 00:49:29,789 - INFO -     >>> Val MAE Details: ['382.6420', '759.6944', '835.8823']
2026-04-18 00:49:30,784 - INFO - 💾 Saved Best Model to ./logs/QMugs_repr_ed_field_PointTransformerV3_Task3_20260418_002001/best_model.pth
2026-04-18 01:20:04,736 - INFO - [Epoch 2] Train Loss: 0.6131 | LR: 0.000100
2026-04-18 01:20:04,737 - INFO -     >>> Val Avg RMSE (Real): 676.1892
2026-04-18 01:20:04,737 - INFO -     >>> Val MAE Details: ['357.9871', '670.7119', '603.6556']
2026-04-18 01:20:07,494 - INFO - 💾 Saved Best Model to ./logs/QMugs_repr_ed_field_PointTransformerV3_Task3_20260418_002001/best_model.pth
2026-04-18 01:50:20,290 - INFO - [Epoch 3] Train Loss: 0.5706 | LR: 0.000100
2026-04-18 01:50:20,290 - INFO -     >>> Val Avg RMSE (Real): 906.0003
2026-04-18 01:50:20,290 - INFO -     >>> Val MAE Details: ['665.1368', '648.3643', '834.5244']
2026-04-18 01:50:20,290 - INFO - ⏳ No improvement. Patience: 1/50
2026-04-18 02:19:38,246 - INFO - [Epoch 4] Train Loss: 0.5489 | LR: 0.000100
2026-04-18 02:19:38,247 - INFO -     >>> Val Avg RMSE (Real): 565.6166
2026-04-18 02:19:38,247 - INFO -     >>> Val MAE Details: ['366.9002', '474.1086', '504.5568']
2026-04-18 02:19:40,767 - INFO - 💾 Saved Best Model to ./logs/QMugs_repr_ed_field_PointTransformerV3_Task3_20260418_002001/best_model.pth
2026-04-18 02:49:48,829 - INFO - [Epoch 5] Train Loss: 0.5260 | LR: 0.000100
2026-04-18 02:49:48,829 - INFO -     >>> Val Avg RMSE (Real): 682.3789
2026-04-18 02:49:48,830 - INFO -     >>> Val MAE Details: ['397.9456', '540.6149', '655.5796']
2026-04-18 02:49:48,830 - INFO - ⏳ No improvement. Patience: 1/50
2026-04-18 03:19:31,847 - INFO - [Epoch 6] Train Loss: 0.5134 | LR: 0.000100
2026-04-18 03:19:31,847 - INFO -     >>> Val Avg RMSE (Real): 669.8886
2026-04-18 03:19:31,847 - INFO -     >>> Val MAE Details: ['404.0132', '516.8942', '621.1937']
2026-04-18 03:19:31,847 - INFO - ⏳ No improvement. Patience: 2/50
2026-04-18 03:49:07,412 - INFO - [Epoch 7] Train Loss: 0.4982 | LR: 0.000100
2026-04-18 03:49:07,413 - INFO -     >>> Val Avg RMSE (Real): 2205.9848
2026-04-18 03:49:07,413 - INFO -     >>> Val MAE Details: ['1095.9702', '1995.7699', '2853.8862']
2026-04-18 03:49:07,413 - INFO - ⏳ No improvement. Patience: 3/50
2026-04-18 04:19:36,814 - INFO - [Epoch 8] Train Loss: 0.4873 | LR: 0.000100
2026-04-18 04:19:36,814 - INFO -     >>> Val Avg RMSE (Real): 753.2959
2026-04-18 04:19:36,814 - INFO -     >>> Val MAE Details: ['435.4653', '553.7423', '812.8436']
2026-04-18 04:19:36,814 - INFO - ⏳ No improvement. Patience: 4/50
2026-04-18 04:49:38,259 - INFO - [Epoch 9] Train Loss: 0.4747 | LR: 0.000100
2026-04-18 04:49:38,259 - INFO -     >>> Val Avg RMSE (Real): 966.7039
2026-04-18 04:49:38,259 - INFO -     >>> Val MAE Details: ['475.4090', '785.5145', '1069.7966']
2026-04-18 04:49:38,259 - INFO - ⏳ No improvement. Patience: 5/50
2026-04-18 05:19:08,373 - INFO - [Epoch 10] Train Loss: 0.4683 | LR: 0.000099
2026-04-18 05:19:08,374 - INFO -     >>> Val Avg RMSE (Real): 1208.5261
2026-04-18 05:19:08,374 - INFO -     >>> Val MAE Details: ['1279.4956', '551.5218', '1197.2377']
2026-04-18 05:19:08,374 - INFO - ⏳ No improvement. Patience: 6/50
2026-04-18 05:48:58,810 - INFO - [Epoch 11] Train Loss: 0.4561 | LR: 0.000099
2026-04-18 05:48:58,811 - INFO -     >>> Val Avg RMSE (Real): 572.3088
2026-04-18 05:48:58,811 - INFO -     >>> Val MAE Details: ['336.6241', '539.2383', '498.1017']
2026-04-18 05:48:58,811 - INFO - ⏳ No improvement. Patience: 7/50
2026-04-18 06:18:35,725 - INFO - [Epoch 12] Train Loss: 0.4497 | LR: 0.000099
2026-04-18 06:18:35,725 - INFO -     >>> Val Avg RMSE (Real): 637.9256
2026-04-18 06:18:35,725 - INFO -     >>> Val MAE Details: ['363.2589', '610.8705', '544.3690']
2026-04-18 06:18:35,725 - INFO - ⏳ No improvement. Patience: 8/50
2026-04-18 06:48:56,696 - INFO - [Epoch 13] Train Loss: 0.4417 | LR: 0.000099
2026-04-18 06:48:56,697 - INFO -     >>> Val Avg RMSE (Real): 545.7248
2026-04-18 06:48:56,697 - INFO -     >>> Val MAE Details: ['396.7372', '446.8478', '445.3326']
2026-04-18 06:48:59,372 - INFO - 💾 Saved Best Model to ./logs/QMugs_repr_ed_field_PointTransformerV3_Task3_20260418_002001/best_model.pth
2026-04-18 07:18:52,770 - INFO - [Epoch 14] Train Loss: 0.4349 | LR: 0.000099
2026-04-18 07:18:52,771 - INFO -     >>> Val Avg RMSE (Real): 554.3123
2026-04-18 07:18:52,771 - INFO -     >>> Val MAE Details: ['344.3169', '441.6740', '520.9079']
2026-04-18 07:18:52,771 - INFO - ⏳ No improvement. Patience: 1/50
2026-04-18 07:56:50,412 - INFO - [Epoch 15] Train Loss: 0.4296 | LR: 0.000099
2026-04-18 07:56:50,412 - INFO -     >>> Val Avg RMSE (Real): 657.7935
2026-04-18 07:56:50,412 - INFO -     >>> Val MAE Details: ['417.6728', '672.1725', '522.3540']
2026-04-18 07:56:50,412 - INFO - ⏳ No improvement. Patience: 2/50
2026-04-18 08:48:00,174 - INFO - [Epoch 16] Train Loss: 0.4235 | LR: 0.000098
2026-04-18 08:48:00,175 - INFO -     >>> Val Avg RMSE (Real): 812.0384
2026-04-18 08:48:00,175 - INFO -     >>> Val MAE Details: ['491.8270', '558.1089', '864.7717']
2026-04-18 08:48:00,175 - INFO - ⏳ No improvement. Patience: 3/50
2026-04-18 09:39:31,816 - INFO - [Epoch 17] Train Loss: 0.4193 | LR: 0.000098
2026-04-18 09:39:31,816 - INFO -     >>> Val Avg RMSE (Real): 662.3751
2026-04-18 09:39:31,816 - INFO -     >>> Val MAE Details: ['329.3503', '591.6060', '688.1565']
2026-04-18 09:39:31,816 - INFO - ⏳ No improvement. Patience: 4/50
2026-04-18 10:30:49,612 - INFO - [Epoch 18] Train Loss: 0.4158 | LR: 0.000098
2026-04-18 10:30:49,613 - INFO -     >>> Val Avg RMSE (Real): 503.2324
2026-04-18 10:30:49,613 - INFO -     >>> Val MAE Details: ['319.8377', '431.2332', '433.2565']
2026-04-18 10:30:52,130 - INFO - 💾 Saved Best Model to ./logs/QMugs_repr_ed_field_PointTransformerV3_Task3_20260418_002001/best_model.pth
2026-04-18 11:22:09,250 - INFO - [Epoch 19] Train Loss: 0.4135 | LR: 0.000098
2026-04-18 11:22:09,250 - INFO -     >>> Val Avg RMSE (Real): 580.8097
2026-04-18 11:22:09,250 - INFO -     >>> Val MAE Details: ['380.0163', '431.8915', '537.2057']
2026-04-18 11:22:09,250 - INFO - ⏳ No improvement. Patience: 1/50
2026-04-18 12:13:45,391 - INFO - [Epoch 20] Train Loss: 0.4067 | LR: 0.000098
2026-04-18 12:13:45,392 - INFO -     >>> Val Avg RMSE (Real): 472.2744
2026-04-18 12:13:45,392 - INFO -     >>> Val MAE Details: ['311.3299', '364.4275', '438.1216']
2026-04-18 12:13:47,846 - INFO - 💾 Saved Best Model to ./logs/QMugs_repr_ed_field_PointTransformerV3_Task3_20260418_002001/best_model.pth
2026-04-18 13:05:59,738 - INFO - [Epoch 21] Train Loss: 0.4047 | LR: 0.000097
2026-04-18 13:05:59,739 - INFO -     >>> Val Avg RMSE (Real): 450.6460
2026-04-18 13:05:59,739 - INFO -     >>> Val MAE Details: ['293.6523', '356.2471', '395.5986']
2026-04-18 13:06:02,105 - INFO - 💾 Saved Best Model to ./logs/QMugs_repr_ed_field_PointTransformerV3_Task3_20260418_002001/best_model.pth
2026-04-18 13:57:10,830 - INFO - [Epoch 22] Train Loss: 0.3969 | LR: 0.000097
2026-04-18 13:57:10,831 - INFO -     >>> Val Avg RMSE (Real): 642.4007
2026-04-18 13:57:10,831 - INFO -     >>> Val MAE Details: ['429.5483', '646.4048', '465.4246']
2026-04-18 13:57:10,831 - INFO - ⏳ No improvement. Patience: 1/50
2026-04-18 14:48:17,848 - INFO - [Epoch 23] Train Loss: 0.3926 | LR: 0.000097
2026-04-18 14:48:17,848 - INFO -     >>> Val Avg RMSE (Real): 578.8719
2026-04-18 14:48:17,849 - INFO -     >>> Val MAE Details: ['342.5829', '452.0910', '583.5972']
2026-04-18 14:48:17,849 - INFO - ⏳ No improvement. Patience: 2/50
2026-04-18 15:42:06,624 - INFO - [Epoch 24] Train Loss: 0.3886 | LR: 0.000096
2026-04-18 15:42:06,625 - INFO -     >>> Val Avg RMSE (Real): 819.5723
2026-04-18 15:42:06,625 - INFO -     >>> Val MAE Details: ['358.5656', '743.4718', '837.3093']
2026-04-18 15:42:06,625 - INFO - ⏳ No improvement. Patience: 3/50
2026-04-18 16:38:28,976 - INFO - [Epoch 25] Train Loss: 0.3851 | LR: 0.000096
2026-04-18 16:38:28,976 - INFO -     >>> Val Avg RMSE (Real): 507.8393
2026-04-18 16:38:28,976 - INFO -     >>> Val MAE Details: ['334.9797', '415.7904', '429.7511']
2026-04-18 16:38:28,977 - INFO - ⏳ No improvement. Patience: 4/50
2026-04-18 17:33:43,277 - INFO - [Epoch 26] Train Loss: 0.3796 | LR: 0.000096
2026-04-18 17:33:43,278 - INFO -     >>> Val Avg RMSE (Real): 490.4566
2026-04-18 17:33:43,278 - INFO -     >>> Val MAE Details: ['288.7733', '414.3212', '455.2247']
2026-04-18 17:33:43,278 - INFO - ⏳ No improvement. Patience: 5/50
2026-04-18 18:30:04,714 - INFO - [Epoch 27] Train Loss: 0.3766 | LR: 0.000096
2026-04-18 18:30:04,715 - INFO -     >>> Val Avg RMSE (Real): 751.1792
2026-04-18 18:30:04,715 - INFO -     >>> Val MAE Details: ['333.0900', '655.1249', '787.6375']
2026-04-18 18:30:04,715 - INFO - ⏳ No improvement. Patience: 6/50
2026-04-18 19:26:32,633 - INFO - [Epoch 28] Train Loss: 0.3830 | LR: 0.000095
2026-04-18 19:26:32,634 - INFO -     >>> Val Avg RMSE (Real): 661.5330
2026-04-18 19:26:32,634 - INFO -     >>> Val MAE Details: ['320.7068', '573.7808', '661.2352']
2026-04-18 19:26:32,634 - INFO - ⏳ No improvement. Patience: 7/50
2026-04-18 20:22:09,011 - INFO - [Epoch 29] Train Loss: 0.3711 | LR: 0.000095
2026-04-18 20:22:09,012 - INFO -     >>> Val Avg RMSE (Real): 874.1496
2026-04-18 20:22:09,012 - INFO -     >>> Val MAE Details: ['431.8007', '695.6760', '917.3165']
2026-04-18 20:22:09,012 - INFO - ⏳ No improvement. Patience: 8/50
2026-04-18 21:18:01,359 - INFO - [Epoch 30] Train Loss: 0.3637 | LR: 0.000095
2026-04-18 21:18:01,359 - INFO -     >>> Val Avg RMSE (Real): 605.5245
2026-04-18 21:18:01,359 - INFO -     >>> Val MAE Details: ['338.4585', '511.5181', '601.9929']
2026-04-18 21:18:01,359 - INFO - ⏳ No improvement. Patience: 9/50
2026-04-18 22:10:05,595 - INFO - [Epoch 31] Train Loss: 0.3621 | LR: 0.000094
2026-04-18 22:10:05,595 - INFO -     >>> Val Avg RMSE (Real): 528.4391
2026-04-18 22:10:05,595 - INFO -     >>> Val MAE Details: ['328.1767', '384.7786', '511.1103']
2026-04-18 22:10:05,595 - INFO - ⏳ No improvement. Patience: 10/50
2026-04-18 22:57:39,456 - INFO - [Epoch 32] Train Loss: 0.3584 | LR: 0.000094
2026-04-18 22:57:39,456 - INFO -     >>> Val Avg RMSE (Real): 464.2077
2026-04-18 22:57:39,456 - INFO -     >>> Val MAE Details: ['302.2920', '374.0527', '414.5799']
2026-04-18 22:57:39,456 - INFO - ⏳ No improvement. Patience: 11/50
2026-04-18 23:44:44,326 - INFO - [Epoch 33] Train Loss: 0.3558 | LR: 0.000093
2026-04-18 23:44:44,327 - INFO -     >>> Val Avg RMSE (Real): 868.6382
2026-04-18 23:44:44,327 - INFO -     >>> Val MAE Details: ['474.9847', '995.8609', '678.2006']
2026-04-18 23:44:44,327 - INFO - ⏳ No improvement. Patience: 12/50
2026-04-19 00:30:29,247 - INFO - [Epoch 34] Train Loss: 0.3521 | LR: 0.000093
2026-04-19 00:30:29,247 - INFO -     >>> Val Avg RMSE (Real): 735.6662
2026-04-19 00:30:29,247 - INFO -     >>> Val MAE Details: ['352.3955', '591.4434', '741.3397']
2026-04-19 00:30:29,247 - INFO - ⏳ No improvement. Patience: 13/50
2026-04-19 01:16:32,660 - INFO - [Epoch 35] Train Loss: 0.3486 | LR: 0.000093
2026-04-19 01:16:32,660 - INFO -     >>> Val Avg RMSE (Real): 491.3733
2026-04-19 01:16:32,660 - INFO -     >>> Val MAE Details: ['345.2376', '372.3603', '444.8278']
2026-04-19 01:16:32,660 - INFO - ⏳ No improvement. Patience: 14/50
2026-04-19 02:01:11,674 - INFO - [Epoch 36] Train Loss: 0.3470 | LR: 0.000092
2026-04-19 02:01:11,674 - INFO -     >>> Val Avg RMSE (Real): 715.1320
2026-04-19 02:01:11,674 - INFO -     >>> Val MAE Details: ['660.4122', '463.3918', '626.5556']
2026-04-19 02:01:11,674 - INFO - ⏳ No improvement. Patience: 15/50
2026-04-19 02:45:16,009 - INFO - [Epoch 37] Train Loss: 0.3451 | LR: 0.000092
2026-04-19 02:45:16,009 - INFO -     >>> Val Avg RMSE (Real): 512.8520
2026-04-19 02:45:16,009 - INFO -     >>> Val MAE Details: ['356.4480', '421.9630', '433.5020']
2026-04-19 02:45:16,009 - INFO - ⏳ No improvement. Patience: 16/50
2026-04-19 03:30:39,710 - INFO - [Epoch 38] Train Loss: 0.3413 | LR: 0.000091
2026-04-19 03:30:39,710 - INFO -     >>> Val Avg RMSE (Real): 563.6287
2026-04-19 03:30:39,710 - INFO -     >>> Val MAE Details: ['362.4543', '389.1605', '591.6247']
2026-04-19 03:30:39,710 - INFO - ⏳ No improvement. Patience: 17/50
2026-04-19 04:16:52,692 - INFO - [Epoch 39] Train Loss: 0.3371 | LR: 0.000091
2026-04-19 04:16:52,693 - INFO -     >>> Val Avg RMSE (Real): 855.4293
2026-04-19 04:16:52,693 - INFO -     >>> Val MAE Details: ['683.2529', '514.9539', '894.6278']
2026-04-19 04:16:52,693 - INFO - ⏳ No improvement. Patience: 18/50
2026-04-19 05:03:36,596 - INFO - [Epoch 40] Train Loss: 0.3376 | LR: 0.000090
2026-04-19 05:03:36,596 - INFO -     >>> Val Avg RMSE (Real): 621.1155
2026-04-19 05:03:36,596 - INFO -     >>> Val MAE Details: ['476.0002', '601.5043', '426.7718']
2026-04-19 05:03:36,596 - INFO - ⏳ No improvement. Patience: 19/50
2026-04-19 05:52:44,206 - INFO - [Epoch 41] Train Loss: 0.3346 | LR: 0.000090
2026-04-19 05:52:44,206 - INFO -     >>> Val Avg RMSE (Real): 422.1094
2026-04-19 05:52:44,206 - INFO -     >>> Val MAE Details: ['264.3561', '327.7074', '380.3660']
2026-04-19 05:52:46,640 - INFO - 💾 Saved Best Model to ./logs/QMugs_repr_ed_field_PointTransformerV3_Task3_20260418_002001/best_model.pth
2026-04-19 06:41:19,850 - INFO - [Epoch 42] Train Loss: 0.3316 | LR: 0.000090
2026-04-19 06:41:19,851 - INFO -     >>> Val Avg RMSE (Real): 447.9679
2026-04-19 06:41:19,851 - INFO -     >>> Val MAE Details: ['262.5615', '360.9685', '400.4638']
2026-04-19 06:41:19,851 - INFO - ⏳ No improvement. Patience: 1/50
2026-04-19 07:27:55,662 - INFO - [Epoch 43] Train Loss: 0.3291 | LR: 0.000089
2026-04-19 07:27:55,662 - INFO -     >>> Val Avg RMSE (Real): 557.5708
2026-04-19 07:27:55,662 - INFO -     >>> Val MAE Details: ['428.5938', '443.6112', '454.6073']
2026-04-19 07:27:55,662 - INFO - ⏳ No improvement. Patience: 2/50
2026-04-19 08:15:12,812 - INFO - [Epoch 44] Train Loss: 0.3241 | LR: 0.000089
2026-04-19 08:15:12,813 - INFO -     >>> Val Avg RMSE (Real): 580.1256
2026-04-19 08:15:12,813 - INFO -     >>> Val MAE Details: ['294.6445', '509.1697', '540.3305']
2026-04-19 08:15:12,813 - INFO - ⏳ No improvement. Patience: 3/50
2026-04-19 08:58:52,906 - INFO - [Epoch 45] Train Loss: 0.3224 | LR: 0.000088
2026-04-19 08:58:52,907 - INFO -     >>> Val Avg RMSE (Real): 881.5401
2026-04-19 08:58:52,907 - INFO -     >>> Val MAE Details: ['347.5376', '895.2068', '871.1240']
2026-04-19 08:58:52,907 - INFO - ⏳ No improvement. Patience: 4/50
2026-04-19 09:45:15,457 - INFO - [Epoch 46] Train Loss: 0.3213 | LR: 0.000088
2026-04-19 09:45:15,458 - INFO -     >>> Val Avg RMSE (Real): 613.5809
2026-04-19 09:45:15,458 - INFO -     >>> Val MAE Details: ['461.5401', '573.1230', '440.4319']
2026-04-19 09:45:15,458 - INFO - ⏳ No improvement. Patience: 5/50
2026-04-19 10:21:22,640 - INFO - [Epoch 47] Train Loss: 0.3184 | LR: 0.000087
2026-04-19 10:21:22,641 - INFO -     >>> Val Avg RMSE (Real): 776.5576
2026-04-19 10:21:22,641 - INFO -     >>> Val MAE Details: ['590.1054', '835.6700', '494.5059']
2026-04-19 10:21:22,641 - INFO - ⏳ No improvement. Patience: 6/50
2026-04-19 10:55:18,422 - INFO - [Epoch 48] Train Loss: 0.3169 | LR: 0.000086
2026-04-19 10:55:18,422 - INFO -     >>> Val Avg RMSE (Real): 414.1124
2026-04-19 10:55:18,422 - INFO -     >>> Val MAE Details: ['250.0803', '333.0159', '391.4920']
2026-04-19 10:55:20,956 - INFO - 💾 Saved Best Model to ./logs/QMugs_repr_ed_field_PointTransformerV3_Task3_20260418_002001/best_model.pth
2026-04-19 11:29:03,749 - INFO - [Epoch 49] Train Loss: 0.3160 | LR: 0.000086
2026-04-19 11:29:03,750 - INFO -     >>> Val Avg RMSE (Real): 594.8629
2026-04-19 11:29:03,750 - INFO -     >>> Val MAE Details: ['305.7120', '561.2780', '517.3639']
2026-04-19 11:29:03,750 - INFO - ⏳ No improvement. Patience: 1/50
2026-04-19 12:01:27,126 - INFO - [Epoch 50] Train Loss: 0.3124 | LR: 0.000085
2026-04-19 12:01:27,127 - INFO -     >>> Val Avg RMSE (Real): 490.1159
2026-04-19 12:01:27,128 - INFO -     >>> Val MAE Details: ['267.9745', '396.6720', '506.7823']
2026-04-19 12:01:27,128 - INFO - ⏳ No improvement. Patience: 2/50
2026-04-19 12:36:07,772 - INFO - [Epoch 51] Train Loss: 0.3111 | LR: 0.000085
2026-04-19 12:36:07,772 - INFO -     >>> Val Avg RMSE (Real): 582.3745
2026-04-19 12:36:07,772 - INFO -     >>> Val MAE Details: ['468.4231', '383.2925', '562.4454']
2026-04-19 12:36:07,772 - INFO - ⏳ No improvement. Patience: 3/50
2026-04-19 13:09:34,121 - INFO - [Epoch 52] Train Loss: 0.3071 | LR: 0.000084
2026-04-19 13:09:34,121 - INFO -     >>> Val Avg RMSE (Real): 681.9616
2026-04-19 13:09:34,122 - INFO -     >>> Val MAE Details: ['334.9997', '600.5964', '662.6510']
2026-04-19 13:09:34,122 - INFO - ⏳ No improvement. Patience: 4/50
2026-04-19 13:41:11,131 - INFO - [Epoch 53] Train Loss: 0.3071 | LR: 0.000084
2026-04-19 13:41:11,131 - INFO -     >>> Val Avg RMSE (Real): 759.7593
2026-04-19 13:41:11,131 - INFO -     >>> Val MAE Details: ['353.6847', '654.5508', '793.7489']
2026-04-19 13:41:11,131 - INFO - ⏳ No improvement. Patience: 5/50
2026-04-19 14:09:36,517 - INFO - [Epoch 54] Train Loss: 0.3061 | LR: 0.000083
2026-04-19 14:09:36,518 - INFO -     >>> Val Avg RMSE (Real): 1084.9268
2026-04-19 14:09:36,518 - INFO -     >>> Val MAE Details: ['408.0581', '1277.0615', '1021.9384']
2026-04-19 14:09:36,518 - INFO - ⏳ No improvement. Patience: 6/50
2026-04-19 14:41:13,419 - INFO - [Epoch 55] Train Loss: 0.3041 | LR: 0.000082
2026-04-19 14:41:13,420 - INFO -     >>> Val Avg RMSE (Real): 470.5326
2026-04-19 14:41:13,420 - INFO -     >>> Val MAE Details: ['297.9607', '377.9099', '411.4529']
2026-04-19 14:41:13,420 - INFO - ⏳ No improvement. Patience: 7/50
2026-04-19 15:17:55,521 - INFO - [Epoch 56] Train Loss: 0.3011 | LR: 0.000082
2026-04-19 15:17:55,522 - INFO -     >>> Val Avg RMSE (Real): 616.8841
2026-04-19 15:17:55,522 - INFO -     >>> Val MAE Details: ['396.9731', '600.0486', '480.3387']
2026-04-19 15:17:55,522 - INFO - ⏳ No improvement. Patience: 8/50
2026-04-19 15:57:48,017 - INFO - [Epoch 57] Train Loss: 0.2994 | LR: 0.000081
2026-04-19 15:57:48,017 - INFO -     >>> Val Avg RMSE (Real): 668.4099
2026-04-19 15:57:48,017 - INFO -     >>> Val MAE Details: ['438.7728', '699.7091', '485.4182']
2026-04-19 15:57:48,018 - INFO - ⏳ No improvement. Patience: 9/50
2026-04-19 16:39:49,032 - INFO - [Epoch 58] Train Loss: 0.2962 | LR: 0.000081
2026-04-19 16:39:49,032 - INFO -     >>> Val Avg RMSE (Real): 518.1621
2026-04-19 16:39:49,032 - INFO -     >>> Val MAE Details: ['323.4937', '408.7131', '475.0984']
2026-04-19 16:39:49,032 - INFO - ⏳ No improvement. Patience: 10/50
2026-04-19 17:21:04,274 - INFO - [Epoch 59] Train Loss: 0.2957 | LR: 0.000080
2026-04-19 17:21:04,274 - INFO -     >>> Val Avg RMSE (Real): 967.7389
2026-04-19 17:21:04,274 - INFO -     >>> Val MAE Details: ['409.6029', '1064.4984', '884.8936']
2026-04-19 17:21:04,274 - INFO - ⏳ No improvement. Patience: 11/50
2026-04-19 18:01:40,991 - INFO - [Epoch 60] Train Loss: 0.2927 | LR: 0.000079
2026-04-19 18:01:40,992 - INFO -     >>> Val Avg RMSE (Real): 684.6329
2026-04-19 18:01:40,992 - INFO -     >>> Val MAE Details: ['550.1433', '669.9809', '463.7374']
2026-04-19 18:01:40,992 - INFO - ⏳ No improvement. Patience: 12/50
2026-04-19 18:42:55,391 - INFO - [Epoch 61] Train Loss: 0.2909 | LR: 0.000079
2026-04-19 18:42:55,392 - INFO -     >>> Val Avg RMSE (Real): 469.6257
2026-04-19 18:42:55,392 - INFO -     >>> Val MAE Details: ['294.1697', '364.1414', '447.3212']
2026-04-19 18:42:55,392 - INFO - ⏳ No improvement. Patience: 13/50
2026-04-19 19:23:55,032 - INFO - [Epoch 62] Train Loss: 0.2900 | LR: 0.000078
2026-04-19 19:23:55,032 - INFO -     >>> Val Avg RMSE (Real): 434.4966
2026-04-19 19:23:55,032 - INFO -     >>> Val MAE Details: ['312.4044', '334.0646', '378.4642']
2026-04-19 19:23:55,032 - INFO - ⏳ No improvement. Patience: 14/50
2026-04-19 20:05:25,634 - INFO - [Epoch 63] Train Loss: 0.2890 | LR: 0.000077
2026-04-19 20:05:25,634 - INFO -     >>> Val Avg RMSE (Real): 597.6826
2026-04-19 20:05:25,634 - INFO -     >>> Val MAE Details: ['383.3291', '615.8936', '450.9281']
2026-04-19 20:05:25,634 - INFO - ⏳ No improvement. Patience: 15/50
2026-04-19 20:46:36,768 - INFO - [Epoch 64] Train Loss: 0.2854 | LR: 0.000077
2026-04-19 20:46:36,769 - INFO -     >>> Val Avg RMSE (Real): 504.6921
2026-04-19 20:46:36,769 - INFO -     >>> Val MAE Details: ['292.6202', '401.4696', '513.0664']
2026-04-19 20:46:36,769 - INFO - ⏳ No improvement. Patience: 16/50
2026-04-19 21:28:13,587 - INFO - [Epoch 65] Train Loss: 0.2831 | LR: 0.000076
2026-04-19 21:28:13,588 - INFO -     >>> Val Avg RMSE (Real): 511.6929
2026-04-19 21:28:13,588 - INFO -     >>> Val MAE Details: ['320.1734', '414.8174', '466.9548']
2026-04-19 21:28:13,588 - INFO - ⏳ No improvement. Patience: 17/50
2026-04-19 22:09:23,980 - INFO - [Epoch 66] Train Loss: 0.2803 | LR: 0.000075
2026-04-19 22:09:23,980 - INFO -     >>> Val Avg RMSE (Real): 747.7589
2026-04-19 22:09:23,981 - INFO -     >>> Val MAE Details: ['795.5225', '643.9825', '445.0107']
2026-04-19 22:09:23,981 - INFO - ⏳ No improvement. Patience: 18/50
2026-04-19 23:00:51,402 - INFO - [Epoch 67] Train Loss: 0.2799 | LR: 0.000075
2026-04-19 23:00:51,402 - INFO -     >>> Val Avg RMSE (Real): 649.2062
2026-04-19 23:00:51,402 - INFO -     >>> Val MAE Details: ['411.5518', '682.7326', '476.2321']
2026-04-19 23:00:51,403 - INFO - ⏳ No improvement. Patience: 19/50
2026-04-19 23:59:59,103 - INFO - [Epoch 68] Train Loss: 0.2786 | LR: 0.000074
2026-04-19 23:59:59,103 - INFO -     >>> Val Avg RMSE (Real): 589.3189
2026-04-19 23:59:59,103 - INFO -     >>> Val MAE Details: ['357.6950', '556.8855', '479.8066']
2026-04-19 23:59:59,104 - INFO - ⏳ No improvement. Patience: 20/50
2026-04-20 00:59:08,935 - INFO - [Epoch 69] Train Loss: 0.2760 | LR: 0.000073
2026-04-20 00:59:08,935 - INFO -     >>> Val Avg RMSE (Real): 393.9402
2026-04-20 00:59:08,935 - INFO -     >>> Val MAE Details: ['243.0702', '324.8475', '356.4847']
2026-04-20 00:59:11,375 - INFO - 💾 Saved Best Model to ./logs/QMugs_repr_ed_field_PointTransformerV3_Task3_20260418_002001/best_model.pth
2026-04-20 01:57:54,034 - INFO - [Epoch 70] Train Loss: 0.2734 | LR: 0.000073
2026-04-20 01:57:54,034 - INFO -     >>> Val Avg RMSE (Real): 1331.2547
2026-04-20 01:57:54,034 - INFO -     >>> Val MAE Details: ['395.6416', '1535.5734', '1369.9127']
2026-04-20 01:57:54,035 - INFO - ⏳ No improvement. Patience: 1/50
2026-04-20 02:59:45,006 - INFO - [Epoch 71] Train Loss: 0.2763 | LR: 0.000072
2026-04-20 02:59:45,006 - INFO -     >>> Val Avg RMSE (Real): 865.9043
2026-04-20 02:59:45,006 - INFO -     >>> Val MAE Details: ['404.9659', '940.9816', '745.4437']
2026-04-20 02:59:45,006 - INFO - ⏳ No improvement. Patience: 2/50
2026-04-20 04:00:31,306 - INFO - [Epoch 72] Train Loss: 0.2714 | LR: 0.000071
2026-04-20 04:00:31,306 - INFO -     >>> Val Avg RMSE (Real): 1000.1238
2026-04-20 04:00:31,307 - INFO -     >>> Val MAE Details: ['396.5375', '1075.7040', '958.7898']
2026-04-20 04:00:31,307 - INFO - ⏳ No improvement. Patience: 3/50
2026-04-20 05:01:24,467 - INFO - [Epoch 73] Train Loss: 0.2703 | LR: 0.000071
2026-04-20 05:01:24,468 - INFO -     >>> Val Avg RMSE (Real): 672.3054
2026-04-20 05:01:24,468 - INFO -     >>> Val MAE Details: ['292.6626', '663.3990', '616.8388']
2026-04-20 05:01:24,468 - INFO - ⏳ No improvement. Patience: 4/50
2026-04-20 06:02:24,224 - INFO - [Epoch 74] Train Loss: 0.2717 | LR: 0.000070
2026-04-20 06:02:24,224 - INFO -     >>> Val Avg RMSE (Real): 965.3500
2026-04-20 06:02:24,224 - INFO -     >>> Val MAE Details: ['377.6570', '949.6146', '1006.4988']
2026-04-20 06:02:24,225 - INFO - ⏳ No improvement. Patience: 5/50
2026-04-20 07:03:01,666 - INFO - [Epoch 75] Train Loss: 0.2673 | LR: 0.000069
2026-04-20 07:03:01,666 - INFO -     >>> Val Avg RMSE (Real): 472.5027
2026-04-20 07:03:01,666 - INFO -     >>> Val MAE Details: ['318.4734', '363.5264', '431.1097']
2026-04-20 07:03:01,666 - INFO - ⏳ No improvement. Patience: 6/50
2026-04-20 08:04:02,095 - INFO - [Epoch 76] Train Loss: 0.2657 | LR: 0.000068
2026-04-20 08:04:02,096 - INFO -     >>> Val Avg RMSE (Real): 393.0859
2026-04-20 08:04:02,096 - INFO -     >>> Val MAE Details: ['248.7105', '301.7955', '357.7348']
2026-04-20 08:04:04,585 - INFO - 💾 Saved Best Model to ./logs/QMugs_repr_ed_field_PointTransformerV3_Task3_20260418_002001/best_model.pth
2026-04-20 09:05:23,022 - INFO - [Epoch 77] Train Loss: 0.2630 | LR: 0.000068
2026-04-20 09:05:23,023 - INFO -     >>> Val Avg RMSE (Real): 466.0407
2026-04-20 09:05:23,023 - INFO -     >>> Val MAE Details: ['282.7144', '337.3387', '461.2013']
2026-04-20 09:05:23,023 - INFO - ⏳ No improvement. Patience: 1/50
2026-04-20 09:56:56,003 - INFO - [Epoch 78] Train Loss: 0.2640 | LR: 0.000067
2026-04-20 09:56:56,003 - INFO -     >>> Val Avg RMSE (Real): 608.8369
2026-04-20 09:56:56,003 - INFO -     >>> Val MAE Details: ['386.8355', '494.5567', '546.0370']
2026-04-20 09:56:56,003 - INFO - ⏳ No improvement. Patience: 2/50
2026-04-20 10:39:07,788 - INFO - [Epoch 79] Train Loss: 0.2620 | LR: 0.000066
2026-04-20 10:39:07,788 - INFO -     >>> Val Avg RMSE (Real): 679.9153
2026-04-20 10:39:07,788 - INFO -     >>> Val MAE Details: ['532.2841', '524.3308', '535.5734']
2026-04-20 10:39:07,788 - INFO - ⏳ No improvement. Patience: 3/50
2026-04-20 11:21:12,863 - INFO - [Epoch 80] Train Loss: 0.2621 | LR: 0.000065
2026-04-20 11:21:12,863 - INFO -     >>> Val Avg RMSE (Real): 909.0712
2026-04-20 11:21:12,863 - INFO -     >>> Val MAE Details: ['688.6953', '1029.5148', '563.6746']
2026-04-20 11:21:12,863 - INFO - ⏳ No improvement. Patience: 4/50
2026-04-20 12:03:27,503 - INFO - [Epoch 81] Train Loss: 0.2583 | LR: 0.000065
2026-04-20 12:03:27,503 - INFO -     >>> Val Avg RMSE (Real): 975.8285
2026-04-20 12:03:27,503 - INFO -     >>> Val MAE Details: ['952.2337', '1024.2694', '510.8592']
2026-04-20 12:03:27,503 - INFO - ⏳ No improvement. Patience: 5/50
2026-04-20 12:45:40,972 - INFO - [Epoch 82] Train Loss: 0.2564 | LR: 0.000064
2026-04-20 12:45:40,972 - INFO -     >>> Val Avg RMSE (Real): 478.7312
2026-04-20 12:45:40,972 - INFO -     >>> Val MAE Details: ['312.6507', '403.8961', '394.3352']
2026-04-20 12:45:40,972 - INFO - ⏳ No improvement. Patience: 6/50
2026-04-20 13:27:36,500 - INFO - [Epoch 83] Train Loss: 0.2575 | LR: 0.000063
2026-04-20 13:27:36,501 - INFO -     >>> Val Avg RMSE (Real): 603.0058
2026-04-20 13:27:36,501 - INFO -     >>> Val MAE Details: ['301.1241', '581.5232', '522.1888']
2026-04-20 13:27:36,501 - INFO - ⏳ No improvement. Patience: 7/50
2026-04-20 14:09:24,422 - INFO - [Epoch 84] Train Loss: 0.2557 | LR: 0.000062
2026-04-20 14:09:24,422 - INFO -     >>> Val Avg RMSE (Real): 693.4085
2026-04-20 14:09:24,422 - INFO -     >>> Val MAE Details: ['560.9649', '650.3289', '476.8954']
2026-04-20 14:09:24,422 - INFO - ⏳ No improvement. Patience: 8/50
2026-04-20 14:50:27,614 - INFO - [Epoch 85] Train Loss: 0.2536 | LR: 0.000062
2026-04-20 14:50:27,615 - INFO -     >>> Val Avg RMSE (Real): 428.6006
2026-04-20 14:50:27,615 - INFO -     >>> Val MAE Details: ['267.5505', '340.8790', '382.7541']
2026-04-20 14:50:27,615 - INFO - ⏳ No improvement. Patience: 9/50
2026-04-20 15:32:27,436 - INFO - [Epoch 86] Train Loss: 0.2524 | LR: 0.000061
2026-04-20 15:32:27,437 - INFO -     >>> Val Avg RMSE (Real): 694.8203
2026-04-20 15:32:27,440 - INFO -     >>> Val MAE Details: ['279.7083', '654.2751', '749.3818']
2026-04-20 15:32:27,440 - INFO - ⏳ No improvement. Patience: 10/50
2026-04-20 16:17:12,641 - INFO - [Epoch 87] Train Loss: 0.2501 | LR: 0.000060
2026-04-20 16:17:12,642 - INFO -     >>> Val Avg RMSE (Real): 429.7093
2026-04-20 16:17:12,642 - INFO -     >>> Val MAE Details: ['254.7972', '344.8666', '408.9779']
2026-04-20 16:17:12,642 - INFO - ⏳ No improvement. Patience: 11/50
2026-04-20 17:03:39,818 - INFO - [Epoch 88] Train Loss: 0.2510 | LR: 0.000059
2026-04-20 17:03:39,819 - INFO -     >>> Val Avg RMSE (Real): 454.1542
2026-04-20 17:03:39,819 - INFO -     >>> Val MAE Details: ['284.6839', '372.2053', '400.0936']
2026-04-20 17:03:39,819 - INFO - ⏳ No improvement. Patience: 12/50
2026-04-20 17:45:19,978 - INFO - [Epoch 89] Train Loss: 0.2495 | LR: 0.000059
2026-04-20 17:45:19,978 - INFO -     >>> Val Avg RMSE (Real): 616.0782
2026-04-20 17:45:19,978 - INFO -     >>> Val MAE Details: ['435.6642', '611.1486', '449.9045']
2026-04-20 17:45:19,978 - INFO - ⏳ No improvement. Patience: 13/50
2026-04-20 18:27:06,422 - INFO - [Epoch 90] Train Loss: 0.2479 | LR: 0.000058
2026-04-20 18:27:06,423 - INFO -     >>> Val Avg RMSE (Real): 424.3486
2026-04-20 18:27:06,423 - INFO -     >>> Val MAE Details: ['265.1870', '340.8228', '369.0929']
2026-04-20 18:27:06,423 - INFO - ⏳ No improvement. Patience: 14/50
2026-04-20 19:08:32,893 - INFO - [Epoch 91] Train Loss: 0.2465 | LR: 0.000057
2026-04-20 19:08:32,893 - INFO -     >>> Val Avg RMSE (Real): 444.8122
2026-04-20 19:08:32,893 - INFO -     >>> Val MAE Details: ['275.8588', '338.3029', '444.1856']
2026-04-20 19:08:32,893 - INFO - ⏳ No improvement. Patience: 15/50
2026-04-20 19:51:02,348 - INFO - [Epoch 92] Train Loss: 0.2454 | LR: 0.000056
2026-04-20 19:51:02,348 - INFO -     >>> Val Avg RMSE (Real): 571.5306
2026-04-20 19:51:02,349 - INFO -     >>> Val MAE Details: ['484.1068', '368.3720', '540.2218']
2026-04-20 19:51:02,349 - INFO - ⏳ No improvement. Patience: 16/50
2026-04-20 20:33:07,693 - INFO - [Epoch 93] Train Loss: 0.2456 | LR: 0.000055
2026-04-20 20:33:07,694 - INFO -     >>> Val Avg RMSE (Real): 809.2990
2026-04-20 20:33:07,694 - INFO -     >>> Val MAE Details: ['342.9407', '817.2253', '771.8560']
2026-04-20 20:33:07,694 - INFO - ⏳ No improvement. Patience: 17/50
2026-04-20 21:14:00,331 - INFO - [Epoch 94] Train Loss: 0.2421 | LR: 0.000055
2026-04-20 21:14:00,331 - INFO -     >>> Val Avg RMSE (Real): 902.1394
2026-04-20 21:14:00,332 - INFO -     >>> Val MAE Details: ['413.4591', '1046.7202', '773.4722']
2026-04-20 21:14:00,332 - INFO - ⏳ No improvement. Patience: 18/50
2026-04-20 21:55:15,744 - INFO - [Epoch 95] Train Loss: 0.2411 | LR: 0.000054
2026-04-20 21:55:15,745 - INFO -     >>> Val Avg RMSE (Real): 966.0268
2026-04-20 21:55:15,745 - INFO -     >>> Val MAE Details: ['398.2697', '1106.4750', '867.4546']
2026-04-20 21:55:15,745 - INFO - ⏳ No improvement. Patience: 19/50
2026-04-20 22:49:13,454 - INFO - [Epoch 96] Train Loss: 0.2400 | LR: 0.000053
2026-04-20 22:49:13,454 - INFO -     >>> Val Avg RMSE (Real): 579.1197
2026-04-20 22:49:13,454 - INFO -     >>> Val MAE Details: ['363.8744', '487.8324', '501.9240']
2026-04-20 22:49:13,454 - INFO - ⏳ No improvement. Patience: 20/50
2026-04-20 23:48:35,905 - INFO - [Epoch 97] Train Loss: 0.2391 | LR: 0.000052
2026-04-20 23:48:35,905 - INFO -     >>> Val Avg RMSE (Real): 510.7524
2026-04-20 23:48:35,905 - INFO -     >>> Val MAE Details: ['368.0868', '316.8562', '558.3672']
2026-04-20 23:48:35,905 - INFO - ⏳ No improvement. Patience: 21/50
2026-04-21 00:48:51,695 - INFO - [Epoch 98] Train Loss: 0.2386 | LR: 0.000052
2026-04-21 00:48:51,696 - INFO -     >>> Val Avg RMSE (Real): 650.7465
2026-04-21 00:48:51,696 - INFO -     >>> Val MAE Details: ['429.4307', '571.2471', '531.1242']
2026-04-21 00:48:51,696 - INFO - ⏳ No improvement. Patience: 22/50
2026-04-21 01:48:26,277 - INFO - [Epoch 99] Train Loss: 0.2352 | LR: 0.000051
2026-04-21 01:48:26,277 - INFO -     >>> Val Avg RMSE (Real): 697.8635
2026-04-21 01:48:26,277 - INFO -     >>> Val MAE Details: ['408.4757', '558.5688', '668.5179']
2026-04-21 01:48:26,277 - INFO - ⏳ No improvement. Patience: 23/50
2026-04-21 02:49:10,890 - INFO - [Epoch 100] Train Loss: 0.2348 | LR: 0.000050
2026-04-21 02:49:10,891 - INFO -     >>> Val Avg RMSE (Real): 509.6287
2026-04-21 02:49:10,891 - INFO -     >>> Val MAE Details: ['425.0146', '344.2885', '453.0515']
2026-04-21 02:49:10,891 - INFO - ⏳ No improvement. Patience: 24/50
2026-04-21 03:48:37,399 - INFO - [Epoch 101] Train Loss: 0.2344 | LR: 0.000049
2026-04-21 03:48:37,400 - INFO -     >>> Val Avg RMSE (Real): 794.8200
2026-04-21 03:48:37,400 - INFO -     >>> Val MAE Details: ['281.2548', '852.3729', '770.8432']
2026-04-21 03:48:37,400 - INFO - ⏳ No improvement. Patience: 25/50
2026-04-21 04:47:04,247 - INFO - [Epoch 102] Train Loss: 0.2345 | LR: 0.000048
2026-04-21 04:47:04,247 - INFO -     >>> Val Avg RMSE (Real): 659.2083
2026-04-21 04:47:04,247 - INFO -     >>> Val MAE Details: ['415.3942', '528.1115', '597.8275']
2026-04-21 04:47:04,247 - INFO - ⏳ No improvement. Patience: 26/50
2026-04-21 05:48:04,517 - INFO - [Epoch 103] Train Loss: 0.2330 | LR: 0.000048
2026-04-21 05:48:04,517 - INFO -     >>> Val Avg RMSE (Real): 478.7726
2026-04-21 05:48:04,517 - INFO -     >>> Val MAE Details: ['302.3821', '350.4255', '477.1439']
2026-04-21 05:48:04,517 - INFO - ⏳ No improvement. Patience: 27/50
2026-04-21 06:49:07,500 - INFO - [Epoch 104] Train Loss: 0.2312 | LR: 0.000047
2026-04-21 06:49:07,500 - INFO -     >>> Val Avg RMSE (Real): 596.0701
2026-04-21 06:49:07,500 - INFO -     >>> Val MAE Details: ['349.4964', '483.7432', '532.6912']
2026-04-21 06:49:07,500 - INFO - ⏳ No improvement. Patience: 28/50
2026-04-21 07:48:59,091 - INFO - [Epoch 105] Train Loss: 0.2296 | LR: 0.000046
2026-04-21 07:48:59,091 - INFO -     >>> Val Avg RMSE (Real): 463.0210
2026-04-21 07:48:59,091 - INFO -     >>> Val MAE Details: ['308.5290', '357.1854', '428.1325']
2026-04-21 07:48:59,091 - INFO - ⏳ No improvement. Patience: 29/50
2026-04-21 08:50:43,086 - INFO - [Epoch 106] Train Loss: 0.2294 | LR: 0.000045
2026-04-21 08:50:43,086 - INFO -     >>> Val Avg RMSE (Real): 488.9250
2026-04-21 08:50:43,086 - INFO -     >>> Val MAE Details: ['312.1049', '449.3301', '399.1177']
2026-04-21 08:50:43,086 - INFO - ⏳ No improvement. Patience: 30/50
2026-04-21 09:46:48,237 - INFO - [Epoch 107] Train Loss: 0.2282 | LR: 0.000045
2026-04-21 09:46:48,237 - INFO -     >>> Val Avg RMSE (Real): 444.1708
2026-04-21 09:46:48,238 - INFO -     >>> Val MAE Details: ['286.5945', '364.4189', '385.2749']
2026-04-21 09:46:48,238 - INFO - ⏳ No improvement. Patience: 31/50
2026-04-21 10:29:44,637 - INFO - [Epoch 108] Train Loss: 0.2259 | LR: 0.000044
2026-04-21 10:29:44,638 - INFO -     >>> Val Avg RMSE (Real): 441.6677
2026-04-21 10:29:44,638 - INFO -     >>> Val MAE Details: ['250.1817', '365.5338', '386.6532']
2026-04-21 10:29:44,638 - INFO - ⏳ No improvement. Patience: 32/50
2026-04-21 11:12:16,179 - INFO - [Epoch 109] Train Loss: 0.2238 | LR: 0.000043
2026-04-21 11:12:16,179 - INFO -     >>> Val Avg RMSE (Real): 549.6927
2026-04-21 11:12:16,179 - INFO -     >>> Val MAE Details: ['290.3140', '471.3270', '501.0074']
2026-04-21 11:12:16,179 - INFO - ⏳ No improvement. Patience: 33/50
2026-04-21 11:54:35,628 - INFO - [Epoch 110] Train Loss: 0.2243 | LR: 0.000042
2026-04-21 11:54:35,628 - INFO -     >>> Val Avg RMSE (Real): 670.1511
2026-04-21 11:54:35,628 - INFO -     >>> Val MAE Details: ['552.6051', '578.5997', '476.4914']
2026-04-21 11:54:35,628 - INFO - ⏳ No improvement. Patience: 34/50
2026-04-21 12:37:50,441 - INFO - [Epoch 111] Train Loss: 0.2230 | LR: 0.000041
2026-04-21 12:37:50,442 - INFO -     >>> Val Avg RMSE (Real): 648.7730
2026-04-21 12:37:50,442 - INFO -     >>> Val MAE Details: ['558.6627', '524.3135', '489.3254']
2026-04-21 12:37:50,442 - INFO - ⏳ No improvement. Patience: 35/50
2026-04-21 13:19:57,435 - INFO - [Epoch 112] Train Loss: 0.2207 | LR: 0.000041
2026-04-21 13:19:57,435 - INFO -     >>> Val Avg RMSE (Real): 457.0516
2026-04-21 13:19:57,435 - INFO -     >>> Val MAE Details: ['265.8086', '405.0538', '398.7596']
2026-04-21 13:19:57,435 - INFO - ⏳ No improvement. Patience: 36/50
2026-04-21 14:01:21,754 - INFO - [Epoch 113] Train Loss: 0.2212 | LR: 0.000040
2026-04-21 14:01:21,754 - INFO -     >>> Val Avg RMSE (Real): 478.4349
2026-04-21 14:01:21,754 - INFO -     >>> Val MAE Details: ['329.5004', '369.6974', '424.8708']
2026-04-21 14:01:21,754 - INFO - ⏳ No improvement. Patience: 37/50
2026-04-21 14:43:17,456 - INFO - [Epoch 114] Train Loss: 0.2198 | LR: 0.000039
2026-04-21 14:43:17,457 - INFO -     >>> Val Avg RMSE (Real): 392.5730
2026-04-21 14:43:17,457 - INFO -     >>> Val MAE Details: ['249.6720', '297.6452', '361.9828']
2026-04-21 14:43:20,017 - INFO - 💾 Saved Best Model to ./logs/QMugs_repr_ed_field_PointTransformerV3_Task3_20260418_002001/best_model.pth
2026-04-21 15:24:50,874 - INFO - [Epoch 115] Train Loss: 0.2177 | LR: 0.000038
2026-04-21 15:24:50,874 - INFO -     >>> Val Avg RMSE (Real): 653.8087
2026-04-21 15:24:50,874 - INFO -     >>> Val MAE Details: ['304.0793', '589.7394', '653.9893']
2026-04-21 15:24:50,874 - INFO - ⏳ No improvement. Patience: 1/50
2026-04-21 16:06:23,154 - INFO - [Epoch 116] Train Loss: 0.2165 | LR: 0.000038
2026-04-21 16:06:23,155 - INFO -     >>> Val Avg RMSE (Real): 428.0348
2026-04-21 16:06:23,155 - INFO -     >>> Val MAE Details: ['278.0775', '322.7514', '396.7471']
2026-04-21 16:06:23,155 - INFO - ⏳ No improvement. Patience: 2/50
2026-04-21 16:47:40,963 - INFO - [Epoch 117] Train Loss: 0.2155 | LR: 0.000037
2026-04-21 16:47:40,964 - INFO -     >>> Val Avg RMSE (Real): 719.2784
2026-04-21 16:47:40,964 - INFO -     >>> Val MAE Details: ['715.2577', '621.3240', '465.0326']
2026-04-21 16:47:40,964 - INFO - ⏳ No improvement. Patience: 3/50
2026-04-21 17:27:45,497 - INFO - [Epoch 118] Train Loss: 0.2147 | LR: 0.000036
2026-04-21 17:27:45,497 - INFO -     >>> Val Avg RMSE (Real): 354.0813
2026-04-21 17:27:45,497 - INFO -     >>> Val MAE Details: ['224.5201', '272.4857', '325.7128']
2026-04-21 17:27:48,012 - INFO - 💾 Saved Best Model to ./logs/QMugs_repr_ed_field_PointTransformerV3_Task3_20260418_002001/best_model.pth
2026-04-21 18:09:03,301 - INFO - [Epoch 119] Train Loss: 0.2138 | LR: 0.000035
2026-04-21 18:09:03,301 - INFO -     >>> Val Avg RMSE (Real): 434.7543
2026-04-21 18:09:03,301 - INFO -     >>> Val MAE Details: ['328.5692', '333.2305', '362.6357']
2026-04-21 18:09:03,301 - INFO - ⏳ No improvement. Patience: 1/50
2026-04-21 18:50:12,100 - INFO - [Epoch 120] Train Loss: 0.2141 | LR: 0.000035
2026-04-21 18:50:12,101 - INFO -     >>> Val Avg RMSE (Real): 349.2432
2026-04-21 18:50:12,101 - INFO -     >>> Val MAE Details: ['245.7819', '259.0697', '308.4521']
2026-04-21 18:50:14,276 - INFO - 💾 Saved Best Model to ./logs/QMugs_repr_ed_field_PointTransformerV3_Task3_20260418_002001/best_model.pth
2026-04-21 19:30:59,912 - INFO - [Epoch 121] Train Loss: 0.2121 | LR: 0.000034
2026-04-21 19:30:59,912 - INFO -     >>> Val Avg RMSE (Real): 649.1706
2026-04-21 19:30:59,913 - INFO -     >>> Val MAE Details: ['537.3408', '580.6025', '458.5365']
2026-04-21 19:30:59,913 - INFO - ⏳ No improvement. Patience: 1/50
2026-04-21 20:12:07,661 - INFO - [Epoch 122] Train Loss: 0.2102 | LR: 0.000033
2026-04-21 20:12:07,661 - INFO -     >>> Val Avg RMSE (Real): 572.7247
2026-04-21 20:12:07,661 - INFO -     >>> Val MAE Details: ['485.0833', '455.3077', '440.0906']
2026-04-21 20:12:07,661 - INFO - ⏳ No improvement. Patience: 2/50
2026-04-21 20:53:30,588 - INFO - [Epoch 123] Train Loss: 0.2082 | LR: 0.000032
2026-04-21 20:53:30,589 - INFO -     >>> Val Avg RMSE (Real): 498.7309
2026-04-21 20:53:30,589 - INFO -     >>> Val MAE Details: ['380.1372', '414.2216', '388.0123']
2026-04-21 20:53:30,589 - INFO - ⏳ No improvement. Patience: 3/50
2026-04-21 21:34:50,631 - INFO - [Epoch 124] Train Loss: 0.2076 | LR: 0.000032
2026-04-21 21:34:50,631 - INFO -     >>> Val Avg RMSE (Real): 424.5117
2026-04-21 21:34:50,631 - INFO -     >>> Val MAE Details: ['321.7831', '310.5648', '362.7507']
2026-04-21 21:34:50,631 - INFO - ⏳ No improvement. Patience: 4/50
2026-04-21 22:17:24,911 - INFO - [Epoch 125] Train Loss: 0.2060 | LR: 0.000031
2026-04-21 22:17:24,912 - INFO -     >>> Val Avg RMSE (Real): 416.7158
2026-04-21 22:17:24,912 - INFO -     >>> Val MAE Details: ['273.7777', '316.9075', '379.3773']
2026-04-21 22:17:24,912 - INFO - ⏳ No improvement. Patience: 5/50
2026-04-21 22:58:58,024 - INFO - [Epoch 126] Train Loss: 0.2061 | LR: 0.000030
2026-04-21 22:58:58,024 - INFO -     >>> Val Avg RMSE (Real): 705.7606
2026-04-21 22:58:58,024 - INFO -     >>> Val MAE Details: ['675.0628', '449.4172', '605.6602']
2026-04-21 22:58:58,024 - INFO - ⏳ No improvement. Patience: 6/50
2026-04-21 23:40:19,498 - INFO - [Epoch 127] Train Loss: 0.2049 | LR: 0.000029
2026-04-21 23:40:19,498 - INFO -     >>> Val Avg RMSE (Real): 369.5411
2026-04-21 23:40:19,498 - INFO -     >>> Val MAE Details: ['234.3818', '275.4616', '356.9276']
2026-04-21 23:40:19,499 - INFO - ⏳ No improvement. Patience: 7/50
2026-04-22 00:21:54,197 - INFO - [Epoch 128] Train Loss: 0.2035 | LR: 0.000029
2026-04-22 00:21:54,197 - INFO -     >>> Val Avg RMSE (Real): 457.6775
2026-04-22 00:21:54,197 - INFO -     >>> Val MAE Details: ['323.5376', '338.6172', '408.1196']
2026-04-22 00:21:54,197 - INFO - ⏳ No improvement. Patience: 8/50
2026-04-22 01:03:47,637 - INFO - [Epoch 129] Train Loss: 0.2016 | LR: 0.000028
2026-04-22 01:03:47,637 - INFO -     >>> Val Avg RMSE (Real): 401.4948
2026-04-22 01:03:47,637 - INFO -     >>> Val MAE Details: ['274.5791', '294.8470', '365.6751']
2026-04-22 01:03:47,637 - INFO - ⏳ No improvement. Patience: 9/50
2026-04-22 01:45:23,243 - INFO - [Epoch 130] Train Loss: 0.2013 | LR: 0.000027
2026-04-22 01:45:23,243 - INFO -     >>> Val Avg RMSE (Real): 665.2571
2026-04-22 01:45:23,243 - INFO -     >>> Val MAE Details: ['438.0517', '634.1867', '515.5933']
2026-04-22 01:45:23,243 - INFO - ⏳ No improvement. Patience: 10/50
2026-04-22 02:26:53,068 - INFO - [Epoch 131] Train Loss: 0.2009 | LR: 0.000027
2026-04-22 02:26:53,069 - INFO -     >>> Val Avg RMSE (Real): 369.3839
2026-04-22 02:26:53,069 - INFO -     >>> Val MAE Details: ['247.4950', '266.1036', '355.1365']
2026-04-22 02:26:53,069 - INFO - ⏳ No improvement. Patience: 11/50
2026-04-22 03:08:37,947 - INFO - [Epoch 132] Train Loss: 0.2000 | LR: 0.000026
2026-04-22 03:08:37,947 - INFO -     >>> Val Avg RMSE (Real): 655.6780
2026-04-22 03:08:37,947 - INFO -     >>> Val MAE Details: ['622.7499', '502.9951', '480.1979']
2026-04-22 03:08:37,947 - INFO - ⏳ No improvement. Patience: 12/50
2026-04-22 03:50:20,224 - INFO - [Epoch 133] Train Loss: 0.1983 | LR: 0.000025
2026-04-22 03:50:20,224 - INFO -     >>> Val Avg RMSE (Real): 376.6137
2026-04-22 03:50:20,224 - INFO -     >>> Val MAE Details: ['239.0753', '290.3053', '339.5805']
2026-04-22 03:50:20,224 - INFO - ⏳ No improvement. Patience: 13/50
2026-04-22 04:31:27,158 - INFO - [Epoch 134] Train Loss: 0.1969 | LR: 0.000025
2026-04-22 04:31:27,158 - INFO -     >>> Val Avg RMSE (Real): 680.4963
2026-04-22 04:31:27,159 - INFO -     >>> Val MAE Details: ['532.9807', '659.7061', '466.7742']
2026-04-22 04:31:27,159 - INFO - ⏳ No improvement. Patience: 14/50
2026-04-22 05:12:52,410 - INFO - [Epoch 135] Train Loss: 0.1953 | LR: 0.000024
2026-04-22 05:12:52,410 - INFO -     >>> Val Avg RMSE (Real): 439.8133
2026-04-22 05:12:52,410 - INFO -     >>> Val MAE Details: ['288.4406', '335.4157', '405.6872']
2026-04-22 05:12:52,410 - INFO - ⏳ No improvement. Patience: 15/50
2026-04-22 05:53:49,469 - INFO - [Epoch 136] Train Loss: 0.1951 | LR: 0.000023
2026-04-22 05:53:49,470 - INFO -     >>> Val Avg RMSE (Real): 427.8437
2026-04-22 05:53:49,470 - INFO -     >>> Val MAE Details: ['306.9201', '308.7821', '390.4229']
2026-04-22 05:53:49,470 - INFO - ⏳ No improvement. Patience: 16/50
2026-04-22 06:35:17,205 - INFO - [Epoch 137] Train Loss: 0.1937 | LR: 0.000023
2026-04-22 06:35:17,205 - INFO -     >>> Val Avg RMSE (Real): 937.4416
2026-04-22 06:35:17,205 - INFO -     >>> Val MAE Details: ['374.7393', '965.1988', '914.8378']
2026-04-22 06:35:17,205 - INFO - ⏳ No improvement. Patience: 17/50
2026-04-22 07:17:01,952 - INFO - [Epoch 138] Train Loss: 0.1922 | LR: 0.000022
2026-04-22 07:17:01,952 - INFO -     >>> Val Avg RMSE (Real): 381.2398
2026-04-22 07:17:01,952 - INFO -     >>> Val MAE Details: ['272.8251', '265.5204', '357.4148']
2026-04-22 07:17:01,952 - INFO - ⏳ No improvement. Patience: 18/50
2026-04-22 07:58:05,261 - INFO - [Epoch 139] Train Loss: 0.1921 | LR: 0.000021
2026-04-22 07:58:05,261 - INFO -     >>> Val Avg RMSE (Real): 356.0911
2026-04-22 07:58:05,261 - INFO -     >>> Val MAE Details: ['239.3888', '254.5264', '335.5611']
2026-04-22 07:58:05,261 - INFO - ⏳ No improvement. Patience: 19/50
2026-04-22 08:40:03,708 - INFO - [Epoch 140] Train Loss: 0.1900 | LR: 0.000021
2026-04-22 08:40:03,708 - INFO -     >>> Val Avg RMSE (Real): 392.6856
2026-04-22 08:40:03,709 - INFO -     >>> Val MAE Details: ['242.6887', '299.6895', '357.5776']
2026-04-22 08:40:03,709 - INFO - ⏳ No improvement. Patience: 20/50
2026-04-22 09:20:49,333 - INFO - [Epoch 141] Train Loss: 0.1894 | LR: 0.000020
2026-04-22 09:20:49,333 - INFO -     >>> Val Avg RMSE (Real): 370.6864
2026-04-22 09:20:49,333 - INFO -     >>> Val MAE Details: ['228.2113', '284.7356', '338.8878']
2026-04-22 09:20:49,333 - INFO - ⏳ No improvement. Patience: 21/50
2026-04-22 10:02:07,070 - INFO - [Epoch 142] Train Loss: 0.1894 | LR: 0.000019
2026-04-22 10:02:07,070 - INFO -     >>> Val Avg RMSE (Real): 410.8841
2026-04-22 10:02:07,070 - INFO -     >>> Val MAE Details: ['253.3575', '330.4444', '358.2697']
2026-04-22 10:02:07,070 - INFO - ⏳ No improvement. Patience: 22/50
2026-04-22 10:42:48,599 - INFO - [Epoch 143] Train Loss: 0.1882 | LR: 0.000019
2026-04-22 10:42:48,600 - INFO -     >>> Val Avg RMSE (Real): 666.0950
2026-04-22 10:42:48,600 - INFO -     >>> Val MAE Details: ['413.3059', '635.8686', '539.2648']
2026-04-22 10:42:48,600 - INFO - ⏳ No improvement. Patience: 23/50
2026-04-22 11:23:20,648 - INFO - [Epoch 144] Train Loss: 0.1871 | LR: 0.000018
2026-04-22 11:23:20,648 - INFO -     >>> Val Avg RMSE (Real): 524.5723
2026-04-22 11:23:20,648 - INFO -     >>> Val MAE Details: ['467.1408', '404.3520', '401.3728']
2026-04-22 11:23:20,648 - INFO - ⏳ No improvement. Patience: 24/50
2026-04-22 12:04:39,180 - INFO - [Epoch 145] Train Loss: 0.1859 | LR: 0.000018
2026-04-22 12:04:39,181 - INFO -     >>> Val Avg RMSE (Real): 574.1998
2026-04-22 12:04:39,181 - INFO -     >>> Val MAE Details: ['370.9965', '439.2602', '561.5611']
2026-04-22 12:04:39,181 - INFO - ⏳ No improvement. Patience: 25/50
2026-04-22 12:45:34,470 - INFO - [Epoch 146] Train Loss: 0.1846 | LR: 0.000017
2026-04-22 12:45:34,470 - INFO -     >>> Val Avg RMSE (Real): 538.4512
2026-04-22 12:45:34,471 - INFO -     >>> Val MAE Details: ['302.2773', '496.2574', '445.6143']
2026-04-22 12:45:34,471 - INFO - ⏳ No improvement. Patience: 26/50
2026-04-22 13:26:52,663 - INFO - [Epoch 147] Train Loss: 0.1836 | LR: 0.000016
2026-04-22 13:26:52,664 - INFO -     >>> Val Avg RMSE (Real): 579.4052
2026-04-22 13:26:52,664 - INFO -     >>> Val MAE Details: ['324.3860', '538.6057', '494.1155']
2026-04-22 13:26:52,664 - INFO - ⏳ No improvement. Patience: 27/50
2026-04-22 14:08:01,364 - INFO - [Epoch 148] Train Loss: 0.1840 | LR: 0.000016
2026-04-22 14:08:01,364 - INFO -     >>> Val Avg RMSE (Real): 427.0631
2026-04-22 14:08:01,364 - INFO -     >>> Val MAE Details: ['334.6177', '306.9471', '371.2191']
2026-04-22 14:08:01,364 - INFO - ⏳ No improvement. Patience: 28/50
2026-04-22 14:48:39,618 - INFO - [Epoch 149] Train Loss: 0.1826 | LR: 0.000015
2026-04-22 14:48:39,618 - INFO -     >>> Val Avg RMSE (Real): 551.2044
2026-04-22 14:48:39,618 - INFO -     >>> Val MAE Details: ['435.9663', '455.1910', '424.4350']
2026-04-22 14:48:39,618 - INFO - ⏳ No improvement. Patience: 29/50
2026-04-22 15:30:12,874 - INFO - [Epoch 150] Train Loss: 0.1797 | LR: 0.000015
2026-04-22 15:30:12,874 - INFO -     >>> Val Avg RMSE (Real): 430.3728
2026-04-22 15:30:12,874 - INFO -     >>> Val MAE Details: ['290.1812', '311.2007', '400.4130']
2026-04-22 15:30:12,874 - INFO - ⏳ No improvement. Patience: 30/50
2026-04-22 16:11:12,796 - INFO - [Epoch 151] Train Loss: 0.1795 | LR: 0.000014
2026-04-22 16:11:12,796 - INFO -     >>> Val Avg RMSE (Real): 473.2813
2026-04-22 16:11:12,796 - INFO -     >>> Val MAE Details: ['330.0065', '387.0320', '395.5292']
2026-04-22 16:11:12,796 - INFO - ⏳ No improvement. Patience: 31/50
2026-04-22 16:50:38,348 - INFO - [Epoch 152] Train Loss: 0.1795 | LR: 0.000014
2026-04-22 16:50:38,348 - INFO -     >>> Val Avg RMSE (Real): 615.7806
2026-04-22 16:50:38,348 - INFO -     >>> Val MAE Details: ['504.7236', '497.7810', '477.3936']
2026-04-22 16:50:38,348 - INFO - ⏳ No improvement. Patience: 32/50
2026-04-22 17:31:56,974 - INFO - [Epoch 153] Train Loss: 0.1794 | LR: 0.000013
2026-04-22 17:31:56,975 - INFO -     >>> Val Avg RMSE (Real): 356.5970
2026-04-22 17:31:56,975 - INFO -     >>> Val MAE Details: ['230.2634', '265.0867', '331.9047']
2026-04-22 17:31:56,975 - INFO - ⏳ No improvement. Patience: 33/50
2026-04-22 18:23:44,071 - INFO - [Epoch 154] Train Loss: 0.1760 | LR: 0.000012
2026-04-22 18:23:44,071 - INFO -     >>> Val Avg RMSE (Real): 537.6161
2026-04-22 18:23:44,071 - INFO -     >>> Val MAE Details: ['373.1580', '479.5908', '420.4544']
2026-04-22 18:23:44,071 - INFO - ⏳ No improvement. Patience: 34/50
2026-04-22 19:02:43,678 - INFO - [Epoch 155] Train Loss: 0.1754 | LR: 0.000012
2026-04-22 19:02:43,679 - INFO -     >>> Val Avg RMSE (Real): 376.4347
2026-04-22 19:02:43,679 - INFO -     >>> Val MAE Details: ['249.4368', '274.1602', '348.2048']
2026-04-22 19:02:43,679 - INFO - ⏳ No improvement. Patience: 35/50
2026-04-22 19:43:35,096 - INFO - [Epoch 156] Train Loss: 0.1761 | LR: 0.000011
2026-04-22 19:43:35,097 - INFO -     >>> Val Avg RMSE (Real): 544.5179
2026-04-22 19:43:35,097 - INFO -     >>> Val MAE Details: ['478.7568', '367.1926', '464.6795']
2026-04-22 19:43:35,097 - INFO - ⏳ No improvement. Patience: 36/50
2026-04-22 20:23:58,379 - INFO - [Epoch 157] Train Loss: 0.1740 | LR: 0.000011
2026-04-22 20:23:58,379 - INFO -     >>> Val Avg RMSE (Real): 416.4507
2026-04-22 20:23:58,379 - INFO -     >>> Val MAE Details: ['266.1260', '326.4318', '359.4846']
2026-04-22 20:23:58,379 - INFO - ⏳ No improvement. Patience: 37/50
2026-04-22 21:03:23,530 - INFO - [Epoch 158] Train Loss: 0.1750 | LR: 0.000010
2026-04-22 21:03:23,530 - INFO -     >>> Val Avg RMSE (Real): 417.7683
2026-04-22 21:03:23,530 - INFO -     >>> Val MAE Details: ['311.0711', '308.7307', '361.5402']
2026-04-22 21:03:23,531 - INFO - ⏳ No improvement. Patience: 38/50
2026-04-22 21:43:03,557 - INFO - [Epoch 159] Train Loss: 0.1741 | LR: 0.000010
2026-04-22 21:43:03,558 - INFO -     >>> Val Avg RMSE (Real): 586.2058
2026-04-22 21:43:03,558 - INFO -     >>> Val MAE Details: ['430.0120', '524.5313', '446.6390']
2026-04-22 21:43:03,558 - INFO - ⏳ No improvement. Patience: 39/50
2026-04-22 22:22:41,861 - INFO - [Epoch 160] Train Loss: 0.1721 | LR: 0.000010
2026-04-22 22:22:41,862 - INFO -     >>> Val Avg RMSE (Real): 747.2447
2026-04-22 22:22:41,862 - INFO -     >>> Val MAE Details: ['403.2224', '789.7951', '619.9395']
2026-04-22 22:22:41,862 - INFO - ⏳ No improvement. Patience: 40/50
2026-04-22 23:03:05,652 - INFO - [Epoch 161] Train Loss: 0.1722 | LR: 0.000009
2026-04-22 23:03:05,653 - INFO -     >>> Val Avg RMSE (Real): 327.7348
2026-04-22 23:03:05,653 - INFO -     >>> Val MAE Details: ['211.3489', '247.8641', '295.3858']
2026-04-22 23:03:08,015 - INFO - 💾 Saved Best Model to ./logs/QMugs_repr_ed_field_PointTransformerV3_Task3_20260418_002001/best_model.pth
2026-04-22 23:43:15,721 - INFO - [Epoch 162] Train Loss: 0.1726 | LR: 0.000009
2026-04-22 23:43:15,722 - INFO -     >>> Val Avg RMSE (Real): 331.3936
2026-04-22 23:43:15,722 - INFO -     >>> Val MAE Details: ['215.9028', '245.3134', '303.2899']
2026-04-22 23:43:15,722 - INFO - ⏳ No improvement. Patience: 1/50
2026-04-23 00:22:36,543 - INFO - [Epoch 163] Train Loss: 0.1708 | LR: 0.000008
2026-04-23 00:22:36,544 - INFO -     >>> Val Avg RMSE (Real): 504.1530
2026-04-23 00:22:36,544 - INFO -     >>> Val MAE Details: ['358.4497', '420.2954', '411.0396']
2026-04-23 00:22:36,544 - INFO - ⏳ No improvement. Patience: 2/50
2026-04-23 01:02:14,620 - INFO - [Epoch 164] Train Loss: 0.1698 | LR: 0.000008
2026-04-23 01:02:14,621 - INFO -     >>> Val Avg RMSE (Real): 434.5882
2026-04-23 01:02:14,621 - INFO -     >>> Val MAE Details: ['336.5979', '290.4128', '397.1376']
2026-04-23 01:02:14,621 - INFO - ⏳ No improvement. Patience: 3/50
2026-04-23 01:42:24,501 - INFO - [Epoch 165] Train Loss: 0.1696 | LR: 0.000007
2026-04-23 01:42:24,501 - INFO -     >>> Val Avg RMSE (Real): 359.7709
2026-04-23 01:42:24,501 - INFO -     >>> Val MAE Details: ['251.1951', '258.3172', '326.0549']
2026-04-23 01:42:24,501 - INFO - ⏳ No improvement. Patience: 4/50
2026-04-23 02:20:58,040 - INFO - [Epoch 166] Train Loss: 0.1679 | LR: 0.000007
2026-04-23 02:20:58,040 - INFO -     >>> Val Avg RMSE (Real): 455.7997
2026-04-23 02:20:58,041 - INFO -     >>> Val MAE Details: ['337.1901', '314.6344', '416.2051']
2026-04-23 02:20:58,041 - INFO - ⏳ No improvement. Patience: 5/50
2026-04-23 03:00:11,481 - INFO - [Epoch 167] Train Loss: 0.1693 | LR: 0.000007
2026-04-23 03:00:11,481 - INFO -     >>> Val Avg RMSE (Real): 398.4709
2026-04-23 03:00:11,481 - INFO -     >>> Val MAE Details: ['253.0842', '317.1844', '343.5516']
2026-04-23 03:00:11,481 - INFO - ⏳ No improvement. Patience: 6/50
2026-04-23 03:39:56,993 - INFO - [Epoch 168] Train Loss: 0.1668 | LR: 0.000006
2026-04-23 03:39:56,993 - INFO -     >>> Val Avg RMSE (Real): 613.4131
2026-04-23 03:39:56,993 - INFO -     >>> Val MAE Details: ['489.5450', '567.3944', '437.2355']
2026-04-23 03:39:56,994 - INFO - ⏳ No improvement. Patience: 7/50
2026-04-23 04:18:33,213 - INFO - [Epoch 169] Train Loss: 0.1664 | LR: 0.000006
2026-04-23 04:18:33,213 - INFO -     >>> Val Avg RMSE (Real): 557.0374
2026-04-23 04:18:33,213 - INFO -     >>> Val MAE Details: ['442.7215', '439.4938', '446.6128']
2026-04-23 04:18:33,213 - INFO - ⏳ No improvement. Patience: 8/50
2026-04-23 04:56:56,773 - INFO - [Epoch 170] Train Loss: 0.1644 | LR: 0.000005
2026-04-23 04:56:56,774 - INFO -     >>> Val Avg RMSE (Real): 740.6279
2026-04-23 04:56:56,774 - INFO -     >>> Val MAE Details: ['480.2955', '756.7227', '556.7981']
2026-04-23 04:56:56,774 - INFO - ⏳ No improvement. Patience: 9/50
2026-04-23 05:36:42,917 - INFO - [Epoch 171] Train Loss: 0.1651 | LR: 0.000005
2026-04-23 05:36:42,918 - INFO -     >>> Val Avg RMSE (Real): 355.6231
2026-04-23 05:36:42,918 - INFO -     >>> Val MAE Details: ['230.0353', '265.2893', '320.6781']
2026-04-23 05:36:42,918 - INFO - ⏳ No improvement. Patience: 10/50
2026-04-23 06:17:14,317 - INFO - [Epoch 172] Train Loss: 0.1657 | LR: 0.000005
2026-04-23 06:17:14,317 - INFO -     >>> Val Avg RMSE (Real): 336.2426
2026-04-23 06:17:14,317 - INFO -     >>> Val MAE Details: ['217.9717', '251.0737', '308.0566']
2026-04-23 06:17:14,317 - INFO - ⏳ No improvement. Patience: 11/50
2026-04-23 06:57:30,044 - INFO - [Epoch 173] Train Loss: 0.1659 | LR: 0.000004
2026-04-23 06:57:30,044 - INFO -     >>> Val Avg RMSE (Real): 323.9121
2026-04-23 06:57:30,044 - INFO -     >>> Val MAE Details: ['212.9312', '236.0706', '294.4805']
2026-04-23 06:57:32,444 - INFO - 💾 Saved Best Model to ./logs/QMugs_repr_ed_field_PointTransformerV3_Task3_20260418_002001/best_model.pth
2026-04-23 07:37:41,483 - INFO - [Epoch 174] Train Loss: 0.1646 | LR: 0.000004
2026-04-23 07:37:41,483 - INFO -     >>> Val Avg RMSE (Real): 483.7238
2026-04-23 07:37:41,483 - INFO -     >>> Val MAE Details: ['362.9819', '384.1031', '396.3399']
2026-04-23 07:37:41,483 - INFO - ⏳ No improvement. Patience: 1/50
2026-04-23 08:18:02,467 - INFO - [Epoch 175] Train Loss: 0.1628 | LR: 0.000004
2026-04-23 08:18:02,467 - INFO -     >>> Val Avg RMSE (Real): 436.8099
2026-04-23 08:18:02,467 - INFO -     >>> Val MAE Details: ['308.6262', '325.9840', '390.7889']
2026-04-23 08:18:02,467 - INFO - ⏳ No improvement. Patience: 2/50
2026-04-23 08:57:25,078 - INFO - [Epoch 176] Train Loss: 0.1626 | LR: 0.000004
2026-04-23 08:57:25,079 - INFO -     >>> Val Avg RMSE (Real): 487.3078
2026-04-23 08:57:25,079 - INFO -     >>> Val MAE Details: ['333.1983', '405.8596', '399.5975']
2026-04-23 08:57:25,079 - INFO - ⏳ No improvement. Patience: 3/50
2026-04-23 09:36:00,808 - INFO - [Epoch 177] Train Loss: 0.1621 | LR: 0.000003
2026-04-23 09:36:00,808 - INFO -     >>> Val Avg RMSE (Real): 572.6265
2026-04-23 09:36:00,808 - INFO -     >>> Val MAE Details: ['401.1189', '530.5997', '438.3355']
2026-04-23 09:36:00,809 - INFO - ⏳ No improvement. Patience: 4/50
2026-04-23 11:23:56,379 - INFO - [Epoch 178] Train Loss: 0.1624 | LR: 0.000003
2026-04-23 11:23:56,379 - INFO -     >>> Val Avg RMSE (Real): 357.2311
2026-04-23 11:23:56,379 - INFO -     >>> Val MAE Details: ['241.5933', '257.0516', '331.0004']
2026-04-23 11:23:56,379 - INFO - ⏳ No improvement. Patience: 5/50
2026-04-23 13:15:53,594 - INFO - [Epoch 179] Train Loss: 0.1612 | LR: 0.000003
2026-04-23 13:15:53,594 - INFO -     >>> Val Avg RMSE (Real): 632.3633
2026-04-23 13:15:53,594 - INFO -     >>> Val MAE Details: ['467.5488', '555.3903', '491.9284']
2026-04-23 13:15:53,594 - INFO - ⏳ No improvement. Patience: 6/50
2026-04-23 15:08:06,936 - INFO - [Epoch 180] Train Loss: 0.1608 | LR: 0.000002
2026-04-23 15:08:06,936 - INFO -     >>> Val Avg RMSE (Real): 364.4316
2026-04-23 15:08:06,936 - INFO -     >>> Val MAE Details: ['251.2710', '262.5828', '330.0923']
2026-04-23 15:08:06,936 - INFO - ⏳ No improvement. Patience: 7/50
2026-04-23 17:00:31,850 - INFO - [Epoch 181] Train Loss: 0.1606 | LR: 0.000002
2026-04-23 17:00:31,851 - INFO -     >>> Val Avg RMSE (Real): 338.6691
2026-04-23 17:00:31,851 - INFO -     >>> Val MAE Details: ['219.0892', '249.9459', '310.2057']
2026-04-23 17:00:31,851 - INFO - ⏳ No improvement. Patience: 8/50
2026-04-23 18:04:39,081 - INFO - [Epoch 182] Train Loss: 0.1604 | LR: 0.000002
2026-04-23 18:04:39,081 - INFO -     >>> Val Avg RMSE (Real): 341.6398
2026-04-23 18:04:39,081 - INFO -     >>> Val MAE Details: ['235.8497', '246.9451', '307.0584']
2026-04-23 18:04:39,081 - INFO - ⏳ No improvement. Patience: 9/50
2026-04-23 19:00:44,680 - INFO - [Epoch 183] Train Loss: 0.1597 | LR: 0.000002
2026-04-23 19:00:44,680 - INFO -     >>> Val Avg RMSE (Real): 475.7101
2026-04-23 19:00:44,680 - INFO -     >>> Val MAE Details: ['335.9343', '379.0005', '401.0562']
2026-04-23 19:00:44,680 - INFO - ⏳ No improvement. Patience: 10/50
2026-04-23 20:04:19,010 - INFO - [Epoch 184] Train Loss: 0.1589 | LR: 0.000002
2026-04-23 20:04:19,010 - INFO -     >>> Val Avg RMSE (Real): 675.0863
2026-04-23 20:04:19,010 - INFO -     >>> Val MAE Details: ['476.0695', '644.3066', '506.7338']
2026-04-23 20:04:19,010 - INFO - ⏳ No improvement. Patience: 11/50
2026-04-23 22:20:14,619 - INFO - [Epoch 185] Train Loss: 0.1595 | LR: 0.000001
2026-04-23 22:20:14,620 - INFO -     >>> Val Avg RMSE (Real): 380.9132
2026-04-23 22:20:14,620 - INFO -     >>> Val MAE Details: ['266.7824', '282.1731', '335.4413']
2026-04-23 22:20:14,620 - INFO - ⏳ No improvement. Patience: 12/50
2026-04-24 00:24:59,037 - INFO - [Epoch 186] Train Loss: 0.1583 | LR: 0.000001
2026-04-24 00:24:59,037 - INFO -     >>> Val Avg RMSE (Real): 435.6911
2026-04-24 00:24:59,037 - INFO -     >>> Val MAE Details: ['321.4217', '328.3198', '370.4325']
2026-04-24 00:24:59,037 - INFO - ⏳ No improvement. Patience: 13/50
2026-04-24 02:29:38,272 - INFO - [Epoch 187] Train Loss: 0.1579 | LR: 0.000001
2026-04-24 02:29:38,273 - INFO -     >>> Val Avg RMSE (Real): 453.1298
2026-04-24 02:29:38,273 - INFO -     >>> Val MAE Details: ['323.8338', '353.0304', '383.9494']
2026-04-24 02:29:38,273 - INFO - ⏳ No improvement. Patience: 14/50
2026-04-24 04:34:19,463 - INFO - [Epoch 188] Train Loss: 0.1587 | LR: 0.000001
2026-04-24 04:34:19,463 - INFO -     >>> Val Avg RMSE (Real): 326.0137
2026-04-24 04:34:19,463 - INFO -     >>> Val MAE Details: ['212.7607', '239.6655', '293.7933']
2026-04-24 04:34:19,463 - INFO - ⏳ No improvement. Patience: 15/50
2026-04-24 06:39:18,843 - INFO - [Epoch 189] Train Loss: 0.1588 | LR: 0.000001
2026-04-24 06:39:18,843 - INFO -     >>> Val Avg RMSE (Real): 426.6132
2026-04-24 06:39:18,843 - INFO -     >>> Val MAE Details: ['306.6270', '318.5330', '369.9944']
2026-04-24 06:39:18,843 - INFO - ⏳ No improvement. Patience: 16/50
2026-04-24 08:44:11,363 - INFO - [Epoch 190] Train Loss: 0.1574 | LR: 0.000001
2026-04-24 08:44:11,363 - INFO -     >>> Val Avg RMSE (Real): 560.2766
2026-04-24 08:44:11,363 - INFO -     >>> Val MAE Details: ['401.0665', '497.6246', '435.2727']
2026-04-24 08:44:11,363 - INFO - ⏳ No improvement. Patience: 17/50
