2026-04-17 15:24:03,153 - INFO - 💾 Config files backed up to ./logs/QMugs_repr_atomistic_graph_orbital_SchNet_Task3_20260417_152403
2026-04-17 15:24:03,154 - INFO - 🎯 Multi-Task Targets (3): ['homo_energy_meV', 'lumo_energy_meV', 'homo_lumo_gap_meV']
2026-04-17 15:24:03,154 - INFO - ========================================
2026-04-17 15:24:03,154 - INFO -         Training Configuration        
2026-04-17 15:24:03,154 - INFO - ========================================
2026-04-17 15:24:03,154 - INFO - 
{'data': {'dataset_mode': 'repr_atomistic_graph_orbital',
          'grid_size': 0.1,
          'max_radius': 10.0,
          'pkl_path': '../data/QMugs/qmugs_ed_1024_dft_meV_fps.pkl',
          'targets': ['homo_energy_meV',
                      'lumo_energy_meV',
                      'homo_lumo_gap_meV']},
 'model': {'cutoff': 10.0,
           'hidden_channels': 128,
           'max_neighbors': 64,
           'n_interactions': 6,
           'n_rbf': 300,
           'name': 'SchNet'},
 'train': {'batch_size': 32,
           'epochs': 200,
           'grad_norm_clip': 1.0,
           'lr': 0.0001,
           'patience': 50,
           'seed': 2025,
           'weight_decay': 0.0001}}
2026-04-17 15:24:03,154 - INFO - ========================================

2026-04-17 15:24:03,154 - INFO - 🚀 Start Training on Device: cuda
2026-04-17 15:24:03,154 - INFO - Loading Data...
2026-04-17 15:24:03,154 - INFO - Loading Dataset Mode: repr_atomistic_graph_orbital...
2026-04-17 15:24:07,630 - INFO - Stats - Mean: [[-7851.8887    392.37622  8244.265  ]], Std: [[502.80716 721.1641  813.3487 ]]
2026-04-17 15:24:07,630 - INFO - Building Model: SchNet...
2026-04-17 15:24:09,158 - INFO - Total Parameters: 0.6479 M

2026-04-17 15:24:39,754 - INFO - [Epoch 1] Train Loss: 0.5076 | LR: 0.000100
2026-04-17 15:24:39,754 - INFO -     >>> Val Avg RMSE (Real): 411.2037
2026-04-17 15:24:39,754 - INFO -     >>> Val MAE Details: ['263.6801', '306.3840', '379.4549']
2026-04-17 15:24:39,787 - INFO - 💾 Saved Best Model to ./logs/QMugs_repr_atomistic_graph_orbital_SchNet_Task3_20260417_152403/best_model.pth
2026-04-17 15:25:09,521 - INFO - [Epoch 2] Train Loss: 0.3904 | LR: 0.000100
2026-04-17 15:25:09,522 - INFO -     >>> Val Avg RMSE (Real): 406.8447
2026-04-17 15:25:09,522 - INFO -     >>> Val MAE Details: ['261.9395', '300.5967', '370.8693']
2026-04-17 15:25:09,578 - INFO - 💾 Saved Best Model to ./logs/QMugs_repr_atomistic_graph_orbital_SchNet_Task3_20260417_152403/best_model.pth
2026-04-17 15:25:39,220 - INFO - [Epoch 3] Train Loss: 0.3740 | LR: 0.000100
2026-04-17 15:25:39,221 - INFO -     >>> Val Avg RMSE (Real): 413.2986
2026-04-17 15:25:39,221 - INFO -     >>> Val MAE Details: ['302.7612', '293.0139', '365.5533']
2026-04-17 15:25:39,221 - INFO - ⏳ No improvement. Patience: 1/50
2026-04-17 15:26:07,624 - INFO - [Epoch 4] Train Loss: 0.3681 | LR: 0.000100
2026-04-17 15:26:07,624 - INFO -     >>> Val Avg RMSE (Real): 394.3412
2026-04-17 15:26:07,624 - INFO -     >>> Val MAE Details: ['255.9960', '285.8118', '363.6942']
2026-04-17 15:26:07,675 - INFO - 💾 Saved Best Model to ./logs/QMugs_repr_atomistic_graph_orbital_SchNet_Task3_20260417_152403/best_model.pth
2026-04-17 15:26:36,724 - INFO - [Epoch 5] Train Loss: 0.3552 | LR: 0.000100
2026-04-17 15:26:36,724 - INFO -     >>> Val Avg RMSE (Real): 419.1425
2026-04-17 15:26:36,724 - INFO -     >>> Val MAE Details: ['262.9744', '361.7711', '362.0529']
2026-04-17 15:26:36,724 - INFO - ⏳ No improvement. Patience: 1/50
2026-04-17 15:27:05,470 - INFO - [Epoch 6] Train Loss: 0.3506 | LR: 0.000100
2026-04-17 15:27:05,470 - INFO -     >>> Val Avg RMSE (Real): 404.9892
2026-04-17 15:27:05,470 - INFO -     >>> Val MAE Details: ['266.3702', '305.5475', '359.5389']
2026-04-17 15:27:05,470 - INFO - ⏳ No improvement. Patience: 2/50
2026-04-17 15:27:34,662 - INFO - [Epoch 7] Train Loss: 0.3466 | LR: 0.000100
2026-04-17 15:27:34,662 - INFO -     >>> Val Avg RMSE (Real): 417.1312
2026-04-17 15:27:34,662 - INFO -     >>> Val MAE Details: ['272.6305', '294.5319', '404.1536']
2026-04-17 15:27:34,662 - INFO - ⏳ No improvement. Patience: 3/50
2026-04-17 15:28:03,300 - INFO - [Epoch 8] Train Loss: 0.3460 | LR: 0.000100
2026-04-17 15:28:03,300 - INFO -     >>> Val Avg RMSE (Real): 384.3062
2026-04-17 15:28:03,300 - INFO -     >>> Val MAE Details: ['247.5116', '284.9027', '353.6218']
2026-04-17 15:28:03,340 - INFO - 💾 Saved Best Model to ./logs/QMugs_repr_atomistic_graph_orbital_SchNet_Task3_20260417_152403/best_model.pth
2026-04-17 15:28:32,736 - INFO - [Epoch 9] Train Loss: 0.3378 | LR: 0.000100
2026-04-17 15:28:32,736 - INFO -     >>> Val Avg RMSE (Real): 383.6244
2026-04-17 15:28:32,736 - INFO -     >>> Val MAE Details: ['248.8691', '279.2141', '357.9380']
2026-04-17 15:28:32,776 - INFO - 💾 Saved Best Model to ./logs/QMugs_repr_atomistic_graph_orbital_SchNet_Task3_20260417_152403/best_model.pth
2026-04-17 15:29:01,938 - INFO - [Epoch 10] Train Loss: 0.3331 | LR: 0.000099
2026-04-17 15:29:01,938 - INFO -     >>> Val Avg RMSE (Real): 385.8176
2026-04-17 15:29:01,938 - INFO -     >>> Val MAE Details: ['250.2743', '295.8643', '351.1076']
2026-04-17 15:29:01,938 - INFO - ⏳ No improvement. Patience: 1/50
2026-04-17 15:29:30,725 - INFO - [Epoch 11] Train Loss: 0.3330 | LR: 0.000099
2026-04-17 15:29:30,725 - INFO -     >>> Val Avg RMSE (Real): 393.0004
2026-04-17 15:29:30,725 - INFO -     >>> Val MAE Details: ['265.4725', '278.2817', '356.5099']
2026-04-17 15:29:30,725 - INFO - ⏳ No improvement. Patience: 2/50
2026-04-17 15:30:00,038 - INFO - [Epoch 12] Train Loss: 0.3283 | LR: 0.000099
2026-04-17 15:30:00,038 - INFO -     >>> Val Avg RMSE (Real): 374.4093
2026-04-17 15:30:00,038 - INFO -     >>> Val MAE Details: ['241.0925', '275.9487', '348.5890']
2026-04-17 15:30:00,088 - INFO - 💾 Saved Best Model to ./logs/QMugs_repr_atomistic_graph_orbital_SchNet_Task3_20260417_152403/best_model.pth
2026-04-17 15:30:28,813 - INFO - [Epoch 13] Train Loss: 0.3237 | LR: 0.000099
2026-04-17 15:30:28,813 - INFO -     >>> Val Avg RMSE (Real): 391.4045
2026-04-17 15:30:28,814 - INFO -     >>> Val MAE Details: ['242.5638', '309.6666', '357.0264']
2026-04-17 15:30:28,814 - INFO - ⏳ No improvement. Patience: 1/50
2026-04-17 15:30:57,482 - INFO - [Epoch 14] Train Loss: 0.3207 | LR: 0.000099
2026-04-17 15:30:57,482 - INFO -     >>> Val Avg RMSE (Real): 392.4921
2026-04-17 15:30:57,482 - INFO -     >>> Val MAE Details: ['268.1905', '283.6958', '366.4043']
2026-04-17 15:30:57,482 - INFO - ⏳ No improvement. Patience: 2/50
2026-04-17 15:31:27,045 - INFO - [Epoch 15] Train Loss: 0.3183 | LR: 0.000099
2026-04-17 15:31:27,045 - INFO -     >>> Val Avg RMSE (Real): 374.9198
2026-04-17 15:31:27,045 - INFO -     >>> Val MAE Details: ['248.4690', '272.9024', '343.9254']
2026-04-17 15:31:27,045 - INFO - ⏳ No improvement. Patience: 3/50
2026-04-17 15:31:56,552 - INFO - [Epoch 16] Train Loss: 0.3140 | LR: 0.000098
2026-04-17 15:31:56,553 - INFO -     >>> Val Avg RMSE (Real): 381.9585
2026-04-17 15:31:56,553 - INFO -     >>> Val MAE Details: ['246.6488', '285.7315', '348.8650']
2026-04-17 15:31:56,553 - INFO - ⏳ No improvement. Patience: 4/50
2026-04-17 15:32:26,287 - INFO - [Epoch 17] Train Loss: 0.3183 | LR: 0.000098
2026-04-17 15:32:26,287 - INFO -     >>> Val Avg RMSE (Real): 389.6911
2026-04-17 15:32:26,287 - INFO -     >>> Val MAE Details: ['242.1697', '301.5008', '348.5208']
2026-04-17 15:32:26,287 - INFO - ⏳ No improvement. Patience: 5/50
2026-04-17 15:32:55,063 - INFO - [Epoch 18] Train Loss: 0.3126 | LR: 0.000098
2026-04-17 15:32:55,064 - INFO -     >>> Val Avg RMSE (Real): 413.4431
2026-04-17 15:32:55,064 - INFO -     >>> Val MAE Details: ['236.0622', '289.1849', '437.7884']
2026-04-17 15:32:55,064 - INFO - ⏳ No improvement. Patience: 6/50
2026-04-17 15:33:24,277 - INFO - [Epoch 19] Train Loss: 0.3118 | LR: 0.000098
2026-04-17 15:33:24,278 - INFO -     >>> Val Avg RMSE (Real): 364.0606
2026-04-17 15:33:24,278 - INFO -     >>> Val MAE Details: ['234.5961', '265.5639', '339.2621']
2026-04-17 15:33:24,319 - INFO - 💾 Saved Best Model to ./logs/QMugs_repr_atomistic_graph_orbital_SchNet_Task3_20260417_152403/best_model.pth
2026-04-17 15:33:53,559 - INFO - [Epoch 20] Train Loss: 0.3086 | LR: 0.000098
2026-04-17 15:33:53,559 - INFO -     >>> Val Avg RMSE (Real): 362.5893
2026-04-17 15:33:53,560 - INFO -     >>> Val MAE Details: ['234.3602', '265.8619', '337.4112']
2026-04-17 15:33:53,602 - INFO - 💾 Saved Best Model to ./logs/QMugs_repr_atomistic_graph_orbital_SchNet_Task3_20260417_152403/best_model.pth
2026-04-17 15:34:22,907 - INFO - [Epoch 21] Train Loss: 0.3059 | LR: 0.000097
2026-04-17 15:34:22,907 - INFO -     >>> Val Avg RMSE (Real): 366.4095
2026-04-17 15:34:22,907 - INFO -     >>> Val MAE Details: ['237.4607', '265.9532', '343.0892']
2026-04-17 15:34:22,907 - INFO - ⏳ No improvement. Patience: 1/50
2026-04-17 15:34:51,934 - INFO - [Epoch 22] Train Loss: 0.3053 | LR: 0.000097
2026-04-17 15:34:51,935 - INFO -     >>> Val Avg RMSE (Real): 385.9510
2026-04-17 15:34:51,935 - INFO -     >>> Val MAE Details: ['246.4064', '290.1814', '365.3688']
2026-04-17 15:34:51,935 - INFO - ⏳ No improvement. Patience: 2/50
2026-04-17 15:35:20,958 - INFO - [Epoch 23] Train Loss: 0.3036 | LR: 0.000097
2026-04-17 15:35:20,959 - INFO -     >>> Val Avg RMSE (Real): 371.1778
2026-04-17 15:35:20,959 - INFO -     >>> Val MAE Details: ['235.7625', '262.9397', '347.3232']
2026-04-17 15:35:20,959 - INFO - ⏳ No improvement. Patience: 3/50
2026-04-17 15:35:49,371 - INFO - [Epoch 24] Train Loss: 0.3057 | LR: 0.000096
2026-04-17 15:35:49,371 - INFO -     >>> Val Avg RMSE (Real): 370.2651
2026-04-17 15:35:49,372 - INFO -     >>> Val MAE Details: ['252.9187', '268.9894', '335.0217']
2026-04-17 15:35:49,372 - INFO - ⏳ No improvement. Patience: 4/50
2026-04-17 15:36:20,118 - INFO - [Epoch 25] Train Loss: 0.3015 | LR: 0.000096
2026-04-17 15:36:20,119 - INFO -     >>> Val Avg RMSE (Real): 371.9141
2026-04-17 15:36:20,119 - INFO -     >>> Val MAE Details: ['245.4412', '283.8918', '332.5897']
2026-04-17 15:36:20,119 - INFO - ⏳ No improvement. Patience: 5/50
2026-04-17 15:36:49,599 - INFO - [Epoch 26] Train Loss: 0.2987 | LR: 0.000096
2026-04-17 15:36:49,600 - INFO -     >>> Val Avg RMSE (Real): 358.4311
2026-04-17 15:36:49,600 - INFO -     >>> Val MAE Details: ['235.4191', '260.1205', '330.3737']
2026-04-17 15:36:49,654 - INFO - 💾 Saved Best Model to ./logs/QMugs_repr_atomistic_graph_orbital_SchNet_Task3_20260417_152403/best_model.pth
2026-04-17 15:37:18,595 - INFO - [Epoch 27] Train Loss: 0.2964 | LR: 0.000096
2026-04-17 15:37:18,596 - INFO -     >>> Val Avg RMSE (Real): 358.9771
2026-04-17 15:37:18,596 - INFO -     >>> Val MAE Details: ['233.0623', '260.3701', '331.4843']
2026-04-17 15:37:18,596 - INFO - ⏳ No improvement. Patience: 1/50
2026-04-17 15:37:47,211 - INFO - [Epoch 28] Train Loss: 0.2938 | LR: 0.000095
2026-04-17 15:37:47,211 - INFO -     >>> Val Avg RMSE (Real): 372.4101
2026-04-17 15:37:47,211 - INFO -     >>> Val MAE Details: ['233.0100', '288.6158', '347.4950']
2026-04-17 15:37:47,211 - INFO - ⏳ No improvement. Patience: 2/50
2026-04-17 15:38:16,407 - INFO - [Epoch 29] Train Loss: 0.2917 | LR: 0.000095
2026-04-17 15:38:16,408 - INFO -     >>> Val Avg RMSE (Real): 361.1428
2026-04-17 15:38:16,408 - INFO -     >>> Val MAE Details: ['236.4608', '260.2150', '341.0985']
2026-04-17 15:38:16,408 - INFO - ⏳ No improvement. Patience: 3/50
2026-04-17 15:38:45,961 - INFO - [Epoch 30] Train Loss: 0.2928 | LR: 0.000095
2026-04-17 15:38:45,961 - INFO -     >>> Val Avg RMSE (Real): 404.0090
2026-04-17 15:38:45,961 - INFO -     >>> Val MAE Details: ['234.6411', '283.5002', '399.5027']
2026-04-17 15:38:45,961 - INFO - ⏳ No improvement. Patience: 4/50
2026-04-17 15:39:15,096 - INFO - [Epoch 31] Train Loss: 0.2907 | LR: 0.000094
2026-04-17 15:39:15,097 - INFO -     >>> Val Avg RMSE (Real): 359.6423
2026-04-17 15:39:15,097 - INFO -     >>> Val MAE Details: ['236.1922', '267.1401', '327.5450']
2026-04-17 15:39:15,097 - INFO - ⏳ No improvement. Patience: 5/50
2026-04-17 15:39:44,337 - INFO - [Epoch 32] Train Loss: 0.2878 | LR: 0.000094
2026-04-17 15:39:44,337 - INFO -     >>> Val Avg RMSE (Real): 374.4290
2026-04-17 15:39:44,337 - INFO -     >>> Val MAE Details: ['248.5405', '263.1909', '345.9382']
2026-04-17 15:39:44,337 - INFO - ⏳ No improvement. Patience: 6/50
2026-04-17 15:40:13,828 - INFO - [Epoch 33] Train Loss: 0.2864 | LR: 0.000093
2026-04-17 15:40:13,829 - INFO -     >>> Val Avg RMSE (Real): 401.9810
2026-04-17 15:40:13,830 - INFO -     >>> Val MAE Details: ['262.0362', '272.2610', '386.6824']
2026-04-17 15:40:13,830 - INFO - ⏳ No improvement. Patience: 7/50
2026-04-17 15:40:43,151 - INFO - [Epoch 34] Train Loss: 0.2842 | LR: 0.000093
2026-04-17 15:40:43,152 - INFO -     >>> Val Avg RMSE (Real): 356.7637
2026-04-17 15:40:43,152 - INFO -     >>> Val MAE Details: ['229.2493', '260.2404', '331.7231']
2026-04-17 15:40:43,200 - INFO - 💾 Saved Best Model to ./logs/QMugs_repr_atomistic_graph_orbital_SchNet_Task3_20260417_152403/best_model.pth
2026-04-17 15:41:11,845 - INFO - [Epoch 35] Train Loss: 0.2816 | LR: 0.000093
2026-04-17 15:41:11,845 - INFO -     >>> Val Avg RMSE (Real): 355.9089
2026-04-17 15:41:11,845 - INFO -     >>> Val MAE Details: ['227.1175', '268.5077', '328.7204']
2026-04-17 15:41:11,890 - INFO - 💾 Saved Best Model to ./logs/QMugs_repr_atomistic_graph_orbital_SchNet_Task3_20260417_152403/best_model.pth
2026-04-17 15:41:41,044 - INFO - [Epoch 36] Train Loss: 0.2820 | LR: 0.000092
2026-04-17 15:41:41,044 - INFO -     >>> Val Avg RMSE (Real): 387.5990
2026-04-17 15:41:41,044 - INFO -     >>> Val MAE Details: ['270.6082', '267.1465', '379.0356']
2026-04-17 15:41:41,044 - INFO - ⏳ No improvement. Patience: 1/50
2026-04-17 15:42:09,998 - INFO - [Epoch 37] Train Loss: 0.2820 | LR: 0.000092
2026-04-17 15:42:09,999 - INFO -     >>> Val Avg RMSE (Real): 365.6066
2026-04-17 15:42:09,999 - INFO -     >>> Val MAE Details: ['230.2018', '276.3386', '340.3572']
2026-04-17 15:42:09,999 - INFO - ⏳ No improvement. Patience: 2/50
2026-04-17 15:42:38,939 - INFO - [Epoch 38] Train Loss: 0.2812 | LR: 0.000091
2026-04-17 15:42:38,939 - INFO -     >>> Val Avg RMSE (Real): 351.8524
2026-04-17 15:42:38,939 - INFO -     >>> Val MAE Details: ['228.6691', '259.1318', '327.3686']
2026-04-17 15:42:38,988 - INFO - 💾 Saved Best Model to ./logs/QMugs_repr_atomistic_graph_orbital_SchNet_Task3_20260417_152403/best_model.pth
2026-04-17 15:43:07,948 - INFO - [Epoch 39] Train Loss: 0.2787 | LR: 0.000091
2026-04-17 15:43:07,948 - INFO -     >>> Val Avg RMSE (Real): 362.8297
2026-04-17 15:43:07,949 - INFO -     >>> Val MAE Details: ['247.0938', '268.3759', '329.8640']
2026-04-17 15:43:07,949 - INFO - ⏳ No improvement. Patience: 1/50
2026-04-17 15:43:36,660 - INFO - [Epoch 40] Train Loss: 0.2807 | LR: 0.000090
2026-04-17 15:43:36,661 - INFO -     >>> Val Avg RMSE (Real): 364.3337
2026-04-17 15:43:36,661 - INFO -     >>> Val MAE Details: ['247.1950', '260.8080', '347.0966']
2026-04-17 15:43:36,661 - INFO - ⏳ No improvement. Patience: 2/50
2026-04-17 15:44:05,559 - INFO - [Epoch 41] Train Loss: 0.2760 | LR: 0.000090
2026-04-17 15:44:05,559 - INFO -     >>> Val Avg RMSE (Real): 353.5396
2026-04-17 15:44:05,559 - INFO -     >>> Val MAE Details: ['225.3442', '261.3822', '326.3036']
2026-04-17 15:44:05,559 - INFO - ⏳ No improvement. Patience: 3/50
2026-04-17 15:44:34,593 - INFO - [Epoch 42] Train Loss: 0.2763 | LR: 0.000090
2026-04-17 15:44:34,594 - INFO -     >>> Val Avg RMSE (Real): 357.2715
2026-04-17 15:44:34,594 - INFO -     >>> Val MAE Details: ['233.7618', '259.7372', '327.2827']
2026-04-17 15:44:34,594 - INFO - ⏳ No improvement. Patience: 4/50
2026-04-17 15:45:03,474 - INFO - [Epoch 43] Train Loss: 0.2782 | LR: 0.000089
2026-04-17 15:45:03,474 - INFO -     >>> Val Avg RMSE (Real): 359.7794
2026-04-17 15:45:03,474 - INFO -     >>> Val MAE Details: ['241.9146', '258.1868', '339.7966']
2026-04-17 15:45:03,475 - INFO - ⏳ No improvement. Patience: 5/50
2026-04-17 15:45:32,472 - INFO - [Epoch 44] Train Loss: 0.2745 | LR: 0.000089
2026-04-17 15:45:32,472 - INFO -     >>> Val Avg RMSE (Real): 355.8215
2026-04-17 15:45:32,472 - INFO -     >>> Val MAE Details: ['227.1444', '260.2386', '334.5436']
2026-04-17 15:45:32,472 - INFO - ⏳ No improvement. Patience: 6/50
2026-04-17 15:46:01,646 - INFO - [Epoch 45] Train Loss: 0.2750 | LR: 0.000088
2026-04-17 15:46:01,646 - INFO -     >>> Val Avg RMSE (Real): 357.8824
2026-04-17 15:46:01,647 - INFO -     >>> Val MAE Details: ['228.3557', '266.8974', '328.6427']
2026-04-17 15:46:01,647 - INFO - ⏳ No improvement. Patience: 7/50
2026-04-17 15:46:33,291 - INFO - [Epoch 46] Train Loss: 0.2723 | LR: 0.000088
2026-04-17 15:46:33,291 - INFO -     >>> Val Avg RMSE (Real): 377.7927
2026-04-17 15:46:33,292 - INFO -     >>> Val MAE Details: ['244.3354', '281.3282', '368.9006']
2026-04-17 15:46:33,292 - INFO - ⏳ No improvement. Patience: 8/50
2026-04-17 15:47:04,919 - INFO - [Epoch 47] Train Loss: 0.2738 | LR: 0.000087
2026-04-17 15:47:04,919 - INFO -     >>> Val Avg RMSE (Real): 361.5237
2026-04-17 15:47:04,926 - INFO -     >>> Val MAE Details: ['225.2936', '284.0946', '334.6950']
2026-04-17 15:47:04,927 - INFO - ⏳ No improvement. Patience: 9/50
2026-04-17 15:48:09,963 - INFO - [Epoch 48] Train Loss: 0.2717 | LR: 0.000086
2026-04-17 15:48:09,963 - INFO -     >>> Val Avg RMSE (Real): 347.4887
2026-04-17 15:48:09,963 - INFO -     >>> Val MAE Details: ['224.0024', '253.7377', '322.9502']
2026-04-17 15:48:10,004 - INFO - 💾 Saved Best Model to ./logs/QMugs_repr_atomistic_graph_orbital_SchNet_Task3_20260417_152403/best_model.pth
2026-04-17 15:49:31,885 - INFO - [Epoch 49] Train Loss: 0.2685 | LR: 0.000086
2026-04-17 15:49:31,886 - INFO -     >>> Val Avg RMSE (Real): 353.2836
2026-04-17 15:49:31,886 - INFO -     >>> Val MAE Details: ['228.0488', '254.6392', '325.2611']
2026-04-17 15:49:31,886 - INFO - ⏳ No improvement. Patience: 1/50
2026-04-17 15:50:51,660 - INFO - [Epoch 50] Train Loss: 0.2687 | LR: 0.000085
2026-04-17 15:50:51,661 - INFO -     >>> Val Avg RMSE (Real): 353.1862
2026-04-17 15:50:51,661 - INFO -     >>> Val MAE Details: ['222.8981', '263.6285', '323.5284']
2026-04-17 15:50:51,661 - INFO - ⏳ No improvement. Patience: 2/50
2026-04-17 15:52:14,893 - INFO - [Epoch 51] Train Loss: 0.2687 | LR: 0.000085
2026-04-17 15:52:14,894 - INFO -     >>> Val Avg RMSE (Real): 351.9921
2026-04-17 15:52:14,894 - INFO -     >>> Val MAE Details: ['223.8979', '271.5929', '324.8781']
2026-04-17 15:52:14,894 - INFO - ⏳ No improvement. Patience: 3/50
2026-04-17 15:53:31,229 - INFO - [Epoch 52] Train Loss: 0.2702 | LR: 0.000084
2026-04-17 15:53:31,229 - INFO -     >>> Val Avg RMSE (Real): 373.3132
2026-04-17 15:53:31,229 - INFO -     >>> Val MAE Details: ['267.3572', '259.5293', '337.6704']
2026-04-17 15:53:31,229 - INFO - ⏳ No improvement. Patience: 4/50
2026-04-17 15:54:46,532 - INFO - [Epoch 53] Train Loss: 0.2685 | LR: 0.000084
2026-04-17 15:54:46,532 - INFO -     >>> Val Avg RMSE (Real): 349.9155
2026-04-17 15:54:46,532 - INFO -     >>> Val MAE Details: ['226.1139', '259.8492', '320.7526']
2026-04-17 15:54:46,532 - INFO - ⏳ No improvement. Patience: 5/50
2026-04-17 15:56:07,515 - INFO - [Epoch 54] Train Loss: 0.2679 | LR: 0.000083
2026-04-17 15:56:07,516 - INFO -     >>> Val Avg RMSE (Real): 363.2291
2026-04-17 15:56:07,516 - INFO -     >>> Val MAE Details: ['248.7821', '263.5323', '329.2331']
2026-04-17 15:56:07,516 - INFO - ⏳ No improvement. Patience: 6/50
2026-04-17 15:57:25,906 - INFO - [Epoch 55] Train Loss: 0.2651 | LR: 0.000082
2026-04-17 15:57:25,906 - INFO -     >>> Val Avg RMSE (Real): 355.9490
2026-04-17 15:57:25,906 - INFO -     >>> Val MAE Details: ['225.7494', '271.3670', '333.3858']
2026-04-17 15:57:25,906 - INFO - ⏳ No improvement. Patience: 7/50
2026-04-17 15:58:47,581 - INFO - [Epoch 56] Train Loss: 0.2662 | LR: 0.000082
2026-04-17 15:58:47,581 - INFO -     >>> Val Avg RMSE (Real): 379.4629
2026-04-17 15:58:47,581 - INFO -     >>> Val MAE Details: ['222.2764', '317.4160', '355.5242']
2026-04-17 15:58:47,581 - INFO - ⏳ No improvement. Patience: 8/50
2026-04-17 16:00:07,148 - INFO - [Epoch 57] Train Loss: 0.2636 | LR: 0.000081
2026-04-17 16:00:07,148 - INFO -     >>> Val Avg RMSE (Real): 344.2804
2026-04-17 16:00:07,148 - INFO -     >>> Val MAE Details: ['222.8622', '256.6267', '320.1076']
2026-04-17 16:00:07,209 - INFO - 💾 Saved Best Model to ./logs/QMugs_repr_atomistic_graph_orbital_SchNet_Task3_20260417_152403/best_model.pth
2026-04-17 16:01:24,941 - INFO - [Epoch 58] Train Loss: 0.2683 | LR: 0.000081
2026-04-17 16:01:24,941 - INFO -     >>> Val Avg RMSE (Real): 354.9965
2026-04-17 16:01:24,941 - INFO -     >>> Val MAE Details: ['224.4148', '266.8967', '337.7936']
2026-04-17 16:01:24,941 - INFO - ⏳ No improvement. Patience: 1/50
2026-04-17 16:02:45,525 - INFO - [Epoch 59] Train Loss: 0.2620 | LR: 0.000080
2026-04-17 16:02:45,526 - INFO -     >>> Val Avg RMSE (Real): 350.5480
2026-04-17 16:02:45,526 - INFO -     >>> Val MAE Details: ['224.9125', '252.4897', '326.4672']
2026-04-17 16:02:45,526 - INFO - ⏳ No improvement. Patience: 2/50
2026-04-17 16:04:04,006 - INFO - [Epoch 60] Train Loss: 0.2633 | LR: 0.000079
2026-04-17 16:04:04,006 - INFO -     >>> Val Avg RMSE (Real): 348.8378
2026-04-17 16:04:04,007 - INFO -     >>> Val MAE Details: ['230.9421', '258.7758', '318.3239']
2026-04-17 16:04:04,007 - INFO - ⏳ No improvement. Patience: 3/50
2026-04-17 16:05:22,020 - INFO - [Epoch 61] Train Loss: 0.2615 | LR: 0.000079
2026-04-17 16:05:22,020 - INFO -     >>> Val Avg RMSE (Real): 360.7524
2026-04-17 16:05:22,020 - INFO -     >>> Val MAE Details: ['222.8305', '280.0428', '340.0305']
2026-04-17 16:05:22,020 - INFO - ⏳ No improvement. Patience: 4/50
2026-04-17 16:06:46,126 - INFO - [Epoch 62] Train Loss: 0.2622 | LR: 0.000078
2026-04-17 16:06:46,127 - INFO -     >>> Val Avg RMSE (Real): 352.2665
2026-04-17 16:06:46,127 - INFO -     >>> Val MAE Details: ['224.6328', '266.6348', '329.3189']
2026-04-17 16:06:46,127 - INFO - ⏳ No improvement. Patience: 5/50
2026-04-17 16:08:06,458 - INFO - [Epoch 63] Train Loss: 0.2601 | LR: 0.000077
2026-04-17 16:08:06,458 - INFO -     >>> Val Avg RMSE (Real): 345.1957
2026-04-17 16:08:06,458 - INFO -     >>> Val MAE Details: ['222.9549', '258.1125', '320.7834']
2026-04-17 16:08:06,458 - INFO - ⏳ No improvement. Patience: 6/50
2026-04-17 16:09:22,836 - INFO - [Epoch 64] Train Loss: 0.2600 | LR: 0.000077
2026-04-17 16:09:22,837 - INFO -     >>> Val Avg RMSE (Real): 355.8214
2026-04-17 16:09:22,837 - INFO -     >>> Val MAE Details: ['232.6276', '275.8546', '319.1529']
2026-04-17 16:09:22,837 - INFO - ⏳ No improvement. Patience: 7/50
2026-04-17 16:10:39,092 - INFO - [Epoch 65] Train Loss: 0.2592 | LR: 0.000076
2026-04-17 16:10:39,092 - INFO -     >>> Val Avg RMSE (Real): 346.2148
2026-04-17 16:10:39,093 - INFO -     >>> Val MAE Details: ['221.2210', '259.2229', '324.1856']
2026-04-17 16:10:39,093 - INFO - ⏳ No improvement. Patience: 8/50
2026-04-17 16:11:54,748 - INFO - [Epoch 66] Train Loss: 0.2591 | LR: 0.000075
2026-04-17 16:11:54,749 - INFO -     >>> Val Avg RMSE (Real): 346.4961
2026-04-17 16:11:54,749 - INFO -     >>> Val MAE Details: ['222.5513', '247.8946', '322.9312']
2026-04-17 16:11:54,749 - INFO - ⏳ No improvement. Patience: 9/50
2026-04-17 16:13:07,257 - INFO - [Epoch 67] Train Loss: 0.2592 | LR: 0.000075
2026-04-17 16:13:07,258 - INFO -     >>> Val Avg RMSE (Real): 346.5969
2026-04-17 16:13:07,258 - INFO -     >>> Val MAE Details: ['228.3713', '255.3342', '318.7944']
2026-04-17 16:13:07,258 - INFO - ⏳ No improvement. Patience: 10/50
2026-04-17 16:14:25,419 - INFO - [Epoch 68] Train Loss: 0.2589 | LR: 0.000074
2026-04-17 16:14:25,420 - INFO -     >>> Val Avg RMSE (Real): 375.7658
2026-04-17 16:14:25,420 - INFO -     >>> Val MAE Details: ['227.5815', '274.0403', '353.6896']
2026-04-17 16:14:25,420 - INFO - ⏳ No improvement. Patience: 11/50
2026-04-17 16:15:45,245 - INFO - [Epoch 69] Train Loss: 0.2590 | LR: 0.000073
2026-04-17 16:15:45,246 - INFO -     >>> Val Avg RMSE (Real): 347.2382
2026-04-17 16:15:45,246 - INFO -     >>> Val MAE Details: ['220.6323', '257.7734', '320.1418']
2026-04-17 16:15:45,246 - INFO - ⏳ No improvement. Patience: 12/50
2026-04-17 16:17:04,194 - INFO - [Epoch 70] Train Loss: 0.2579 | LR: 0.000073
2026-04-17 16:17:04,195 - INFO -     >>> Val Avg RMSE (Real): 345.6656
2026-04-17 16:17:04,195 - INFO -     >>> Val MAE Details: ['220.8017', '256.7630', '325.5744']
2026-04-17 16:17:04,195 - INFO - ⏳ No improvement. Patience: 13/50
2026-04-17 16:18:21,472 - INFO - [Epoch 71] Train Loss: 0.2573 | LR: 0.000072
2026-04-17 16:18:21,473 - INFO -     >>> Val Avg RMSE (Real): 339.6921
2026-04-17 16:18:21,473 - INFO -     >>> Val MAE Details: ['222.2802', '248.1879', '316.4924']
2026-04-17 16:18:21,529 - INFO - 💾 Saved Best Model to ./logs/QMugs_repr_atomistic_graph_orbital_SchNet_Task3_20260417_152403/best_model.pth
2026-04-17 16:19:37,979 - INFO - [Epoch 72] Train Loss: 0.2562 | LR: 0.000071
2026-04-17 16:19:37,980 - INFO -     >>> Val Avg RMSE (Real): 353.5288
2026-04-17 16:19:37,980 - INFO -     >>> Val MAE Details: ['235.1564', '270.2852', '316.5875']
2026-04-17 16:19:37,980 - INFO - ⏳ No improvement. Patience: 1/50
2026-04-17 16:20:51,058 - INFO - [Epoch 73] Train Loss: 0.2548 | LR: 0.000071
2026-04-17 16:20:51,058 - INFO -     >>> Val Avg RMSE (Real): 340.5390
2026-04-17 16:20:51,058 - INFO -     >>> Val MAE Details: ['220.0423', '253.8850', '316.9131']
2026-04-17 16:20:51,058 - INFO - ⏳ No improvement. Patience: 2/50
2026-04-17 16:22:06,182 - INFO - [Epoch 74] Train Loss: 0.2545 | LR: 0.000070
2026-04-17 16:22:06,183 - INFO -     >>> Val Avg RMSE (Real): 339.0380
2026-04-17 16:22:06,183 - INFO -     >>> Val MAE Details: ['221.7914', '245.1104', '314.5314']
2026-04-17 16:22:06,223 - INFO - 💾 Saved Best Model to ./logs/QMugs_repr_atomistic_graph_orbital_SchNet_Task3_20260417_152403/best_model.pth
2026-04-17 16:23:26,455 - INFO - [Epoch 75] Train Loss: 0.2522 | LR: 0.000069
2026-04-17 16:23:26,456 - INFO -     >>> Val Avg RMSE (Real): 343.3876
2026-04-17 16:23:26,456 - INFO -     >>> Val MAE Details: ['217.6936', '251.6684', '318.4781']
2026-04-17 16:23:26,456 - INFO - ⏳ No improvement. Patience: 1/50
2026-04-17 16:24:44,014 - INFO - [Epoch 76] Train Loss: 0.2531 | LR: 0.000068
2026-04-17 16:24:44,014 - INFO -     >>> Val Avg RMSE (Real): 365.8828
2026-04-17 16:24:44,014 - INFO -     >>> Val MAE Details: ['222.5359', '259.8189', '341.6859']
2026-04-17 16:24:44,014 - INFO - ⏳ No improvement. Patience: 2/50
2026-04-17 16:26:01,908 - INFO - [Epoch 77] Train Loss: 0.2525 | LR: 0.000068
2026-04-17 16:26:01,908 - INFO -     >>> Val Avg RMSE (Real): 336.9570
2026-04-17 16:26:01,908 - INFO -     >>> Val MAE Details: ['219.6699', '245.5794', '315.9753']
2026-04-17 16:26:01,943 - INFO - 💾 Saved Best Model to ./logs/QMugs_repr_atomistic_graph_orbital_SchNet_Task3_20260417_152403/best_model.pth
2026-04-17 16:27:19,648 - INFO - [Epoch 78] Train Loss: 0.2520 | LR: 0.000067
2026-04-17 16:27:19,649 - INFO -     >>> Val Avg RMSE (Real): 340.4635
2026-04-17 16:27:19,649 - INFO -     >>> Val MAE Details: ['222.9547', '248.0247', '315.2157']
2026-04-17 16:27:19,649 - INFO - ⏳ No improvement. Patience: 1/50
2026-04-17 16:28:38,457 - INFO - [Epoch 79] Train Loss: 0.2520 | LR: 0.000066
2026-04-17 16:28:38,457 - INFO -     >>> Val Avg RMSE (Real): 345.0920
2026-04-17 16:28:38,457 - INFO -     >>> Val MAE Details: ['218.0265', '253.1449', '323.1161']
2026-04-17 16:28:38,457 - INFO - ⏳ No improvement. Patience: 2/50
2026-04-17 16:29:58,149 - INFO - [Epoch 80] Train Loss: 0.2503 | LR: 0.000065
2026-04-17 16:29:58,149 - INFO -     >>> Val Avg RMSE (Real): 341.9276
2026-04-17 16:29:58,149 - INFO -     >>> Val MAE Details: ['224.4711', '250.6512', '313.7467']
2026-04-17 16:29:58,149 - INFO - ⏳ No improvement. Patience: 3/50
2026-04-17 16:31:19,642 - INFO - [Epoch 81] Train Loss: 0.2507 | LR: 0.000065
2026-04-17 16:31:19,642 - INFO -     >>> Val Avg RMSE (Real): 337.9835
2026-04-17 16:31:19,643 - INFO -     >>> Val MAE Details: ['218.6876', '243.7398', '314.2954']
2026-04-17 16:31:19,643 - INFO - ⏳ No improvement. Patience: 4/50
2026-04-17 16:32:41,110 - INFO - [Epoch 82] Train Loss: 0.2505 | LR: 0.000064
2026-04-17 16:32:41,110 - INFO -     >>> Val Avg RMSE (Real): 348.4788
2026-04-17 16:32:41,110 - INFO -     >>> Val MAE Details: ['219.3145', '260.3364', '322.3303']
2026-04-17 16:32:41,110 - INFO - ⏳ No improvement. Patience: 5/50
2026-04-17 16:34:00,432 - INFO - [Epoch 83] Train Loss: 0.2497 | LR: 0.000063
2026-04-17 16:34:00,433 - INFO -     >>> Val Avg RMSE (Real): 336.5134
2026-04-17 16:34:00,433 - INFO -     >>> Val MAE Details: ['219.2794', '243.7799', '314.4435']
2026-04-17 16:34:00,487 - INFO - 💾 Saved Best Model to ./logs/QMugs_repr_atomistic_graph_orbital_SchNet_Task3_20260417_152403/best_model.pth
2026-04-17 16:35:23,486 - INFO - [Epoch 84] Train Loss: 0.2484 | LR: 0.000062
2026-04-17 16:35:23,487 - INFO -     >>> Val Avg RMSE (Real): 339.1496
2026-04-17 16:35:23,487 - INFO -     >>> Val MAE Details: ['227.3179', '243.7920', '318.2874']
2026-04-17 16:35:23,487 - INFO - ⏳ No improvement. Patience: 1/50
2026-04-17 16:36:44,517 - INFO - [Epoch 85] Train Loss: 0.2485 | LR: 0.000062
2026-04-17 16:36:44,517 - INFO -     >>> Val Avg RMSE (Real): 339.6026
2026-04-17 16:36:44,517 - INFO -     >>> Val MAE Details: ['224.1221', '241.9883', '314.8152']
2026-04-17 16:36:44,517 - INFO - ⏳ No improvement. Patience: 2/50
2026-04-17 16:38:04,508 - INFO - [Epoch 86] Train Loss: 0.2487 | LR: 0.000061
2026-04-17 16:38:04,509 - INFO -     >>> Val Avg RMSE (Real): 346.0236
2026-04-17 16:38:04,509 - INFO -     >>> Val MAE Details: ['223.1415', '249.5476', '322.0689']
2026-04-17 16:38:04,509 - INFO - ⏳ No improvement. Patience: 3/50
2026-04-17 16:39:22,778 - INFO - [Epoch 87] Train Loss: 0.2472 | LR: 0.000060
2026-04-17 16:39:22,779 - INFO -     >>> Val Avg RMSE (Real): 334.0025
2026-04-17 16:39:22,779 - INFO -     >>> Val MAE Details: ['219.4468', '241.9553', '312.3640']
2026-04-17 16:39:22,819 - INFO - 💾 Saved Best Model to ./logs/QMugs_repr_atomistic_graph_orbital_SchNet_Task3_20260417_152403/best_model.pth
2026-04-17 16:40:44,212 - INFO - [Epoch 88] Train Loss: 0.2462 | LR: 0.000059
2026-04-17 16:40:44,212 - INFO -     >>> Val Avg RMSE (Real): 343.3523
2026-04-17 16:40:44,212 - INFO -     >>> Val MAE Details: ['219.1393', '247.5522', '319.7052']
2026-04-17 16:40:44,212 - INFO - ⏳ No improvement. Patience: 1/50
2026-04-17 16:42:04,541 - INFO - [Epoch 89] Train Loss: 0.2469 | LR: 0.000059
2026-04-17 16:42:04,541 - INFO -     >>> Val Avg RMSE (Real): 345.7705
2026-04-17 16:42:04,541 - INFO -     >>> Val MAE Details: ['226.1241', '263.7456', '312.5977']
2026-04-17 16:42:04,541 - INFO - ⏳ No improvement. Patience: 2/50
2026-04-17 16:43:22,840 - INFO - [Epoch 90] Train Loss: 0.2457 | LR: 0.000058
2026-04-17 16:43:22,840 - INFO -     >>> Val Avg RMSE (Real): 334.7216
2026-04-17 16:43:22,840 - INFO -     >>> Val MAE Details: ['220.4886', '241.7684', '311.1692']
2026-04-17 16:43:22,840 - INFO - ⏳ No improvement. Patience: 3/50
2026-04-17 16:44:43,047 - INFO - [Epoch 91] Train Loss: 0.2464 | LR: 0.000057
2026-04-17 16:44:43,047 - INFO -     >>> Val Avg RMSE (Real): 338.5065
2026-04-17 16:44:43,048 - INFO -     >>> Val MAE Details: ['219.0904', '247.9447', '319.5911']
2026-04-17 16:44:43,048 - INFO - ⏳ No improvement. Patience: 4/50
2026-04-17 16:46:04,047 - INFO - [Epoch 92] Train Loss: 0.2450 | LR: 0.000056
2026-04-17 16:46:04,048 - INFO -     >>> Val Avg RMSE (Real): 335.0359
2026-04-17 16:46:04,049 - INFO -     >>> Val MAE Details: ['217.2117', '246.8982', '312.8828']
2026-04-17 16:46:04,049 - INFO - ⏳ No improvement. Patience: 5/50
2026-04-17 16:47:24,169 - INFO - [Epoch 93] Train Loss: 0.2443 | LR: 0.000055
2026-04-17 16:47:24,170 - INFO -     >>> Val Avg RMSE (Real): 336.1969
2026-04-17 16:47:24,170 - INFO -     >>> Val MAE Details: ['216.3088', '242.2209', '313.6873']
2026-04-17 16:47:24,170 - INFO - ⏳ No improvement. Patience: 6/50
2026-04-17 16:48:46,957 - INFO - [Epoch 94] Train Loss: 0.2435 | LR: 0.000055
2026-04-17 16:48:46,958 - INFO -     >>> Val Avg RMSE (Real): 331.7180
2026-04-17 16:48:46,958 - INFO -     >>> Val MAE Details: ['216.6769', '241.2911', '308.8561']
2026-04-17 16:48:47,012 - INFO - 💾 Saved Best Model to ./logs/QMugs_repr_atomistic_graph_orbital_SchNet_Task3_20260417_152403/best_model.pth
2026-04-17 16:50:05,901 - INFO - [Epoch 95] Train Loss: 0.2432 | LR: 0.000054
2026-04-17 16:50:05,901 - INFO -     >>> Val Avg RMSE (Real): 335.0555
2026-04-17 16:50:05,902 - INFO -     >>> Val MAE Details: ['221.9636', '243.6774', '311.1108']
2026-04-17 16:50:05,902 - INFO - ⏳ No improvement. Patience: 1/50
2026-04-17 16:51:28,167 - INFO - [Epoch 96] Train Loss: 0.2421 | LR: 0.000053
2026-04-17 16:51:28,168 - INFO -     >>> Val Avg RMSE (Real): 340.8691
2026-04-17 16:51:28,168 - INFO -     >>> Val MAE Details: ['220.1115', '258.1114', '314.1235']
2026-04-17 16:51:28,169 - INFO - ⏳ No improvement. Patience: 2/50
2026-04-17 16:52:48,371 - INFO - [Epoch 97] Train Loss: 0.2424 | LR: 0.000052
2026-04-17 16:52:48,372 - INFO -     >>> Val Avg RMSE (Real): 337.2440
2026-04-17 16:52:48,372 - INFO -     >>> Val MAE Details: ['222.5398', '240.9972', '318.5034']
2026-04-17 16:52:48,372 - INFO - ⏳ No improvement. Patience: 3/50
2026-04-17 16:53:44,867 - INFO - [Epoch 98] Train Loss: 0.2422 | LR: 0.000052
2026-04-17 16:53:44,868 - INFO -     >>> Val Avg RMSE (Real): 335.7114
2026-04-17 16:53:44,868 - INFO -     >>> Val MAE Details: ['218.4673', '240.5747', '313.2109']
2026-04-17 16:53:44,868 - INFO - ⏳ No improvement. Patience: 4/50
2026-04-17 16:54:14,117 - INFO - [Epoch 99] Train Loss: 0.2414 | LR: 0.000051
2026-04-17 16:54:14,117 - INFO -     >>> Val Avg RMSE (Real): 333.1567
2026-04-17 16:54:14,117 - INFO -     >>> Val MAE Details: ['216.5833', '241.8580', '310.1917']
2026-04-17 16:54:14,118 - INFO - ⏳ No improvement. Patience: 5/50
2026-04-17 16:54:57,460 - INFO - [Epoch 100] Train Loss: 0.2392 | LR: 0.000050
2026-04-17 16:54:57,460 - INFO -     >>> Val Avg RMSE (Real): 337.3274
2026-04-17 16:54:57,460 - INFO -     >>> Val MAE Details: ['218.0128', '254.9289', '312.8582']
2026-04-17 16:54:57,460 - INFO - ⏳ No improvement. Patience: 6/50
2026-04-17 16:56:18,162 - INFO - [Epoch 101] Train Loss: 0.2405 | LR: 0.000049
2026-04-17 16:56:18,163 - INFO -     >>> Val Avg RMSE (Real): 339.1501
2026-04-17 16:56:18,163 - INFO -     >>> Val MAE Details: ['217.4109', '247.3393', '313.5219']
2026-04-17 16:56:18,163 - INFO - ⏳ No improvement. Patience: 7/50
2026-04-17 16:57:38,083 - INFO - [Epoch 102] Train Loss: 0.2406 | LR: 0.000048
2026-04-17 16:57:38,083 - INFO -     >>> Val Avg RMSE (Real): 335.7850
2026-04-17 16:57:38,083 - INFO -     >>> Val MAE Details: ['217.3003', '244.3192', '317.8142']
2026-04-17 16:57:38,083 - INFO - ⏳ No improvement. Patience: 8/50
2026-04-17 16:58:56,280 - INFO - [Epoch 103] Train Loss: 0.2392 | LR: 0.000048
2026-04-17 16:58:56,280 - INFO -     >>> Val Avg RMSE (Real): 332.0298
2026-04-17 16:58:56,280 - INFO -     >>> Val MAE Details: ['216.5782', '242.0034', '307.0493']
2026-04-17 16:58:56,281 - INFO - ⏳ No improvement. Patience: 9/50
2026-04-17 17:00:16,377 - INFO - [Epoch 104] Train Loss: 0.2376 | LR: 0.000047
2026-04-17 17:00:16,377 - INFO -     >>> Val Avg RMSE (Real): 340.4611
2026-04-17 17:00:16,377 - INFO -     >>> Val MAE Details: ['227.9316', '241.4781', '325.5164']
2026-04-17 17:00:16,377 - INFO - ⏳ No improvement. Patience: 10/50
2026-04-17 17:01:33,990 - INFO - [Epoch 105] Train Loss: 0.2375 | LR: 0.000046
2026-04-17 17:01:33,990 - INFO -     >>> Val Avg RMSE (Real): 336.5754
2026-04-17 17:01:33,990 - INFO -     >>> Val MAE Details: ['217.5602', '246.4231', '320.3638']
2026-04-17 17:01:33,990 - INFO - ⏳ No improvement. Patience: 11/50
2026-04-17 17:02:54,131 - INFO - [Epoch 106] Train Loss: 0.2379 | LR: 0.000045
2026-04-17 17:02:54,131 - INFO -     >>> Val Avg RMSE (Real): 333.2255
2026-04-17 17:02:54,131 - INFO -     >>> Val MAE Details: ['216.8555', '242.4645', '315.8410']
2026-04-17 17:02:54,131 - INFO - ⏳ No improvement. Patience: 12/50
2026-04-17 17:04:13,468 - INFO - [Epoch 107] Train Loss: 0.2381 | LR: 0.000045
2026-04-17 17:04:13,468 - INFO -     >>> Val Avg RMSE (Real): 335.7074
2026-04-17 17:04:13,468 - INFO -     >>> Val MAE Details: ['220.3546', '239.8999', '311.2751']
2026-04-17 17:04:13,468 - INFO - ⏳ No improvement. Patience: 13/50
2026-04-17 17:05:30,766 - INFO - [Epoch 108] Train Loss: 0.2371 | LR: 0.000044
2026-04-17 17:05:30,766 - INFO -     >>> Val Avg RMSE (Real): 333.7551
2026-04-17 17:05:30,766 - INFO -     >>> Val MAE Details: ['218.8653', '239.3942', '313.7676']
2026-04-17 17:05:30,766 - INFO - ⏳ No improvement. Patience: 14/50
2026-04-17 17:06:48,483 - INFO - [Epoch 109] Train Loss: 0.2361 | LR: 0.000043
2026-04-17 17:06:48,483 - INFO -     >>> Val Avg RMSE (Real): 332.9405
2026-04-17 17:06:48,483 - INFO -     >>> Val MAE Details: ['216.5865', '240.8970', '313.2717']
2026-04-17 17:06:48,483 - INFO - ⏳ No improvement. Patience: 15/50
2026-04-17 17:07:24,335 - INFO - [Epoch 110] Train Loss: 0.2361 | LR: 0.000042
2026-04-17 17:07:24,336 - INFO -     >>> Val Avg RMSE (Real): 333.2877
2026-04-17 17:07:24,336 - INFO -     >>> Val MAE Details: ['216.1407', '237.8997', '309.6607']
2026-04-17 17:07:24,336 - INFO - ⏳ No improvement. Patience: 16/50
2026-04-17 17:07:53,763 - INFO - [Epoch 111] Train Loss: 0.2356 | LR: 0.000041
2026-04-17 17:07:53,763 - INFO -     >>> Val Avg RMSE (Real): 333.1710
2026-04-17 17:07:53,763 - INFO -     >>> Val MAE Details: ['215.3098', '240.5912', '309.3265']
2026-04-17 17:07:53,763 - INFO - ⏳ No improvement. Patience: 17/50
2026-04-17 17:08:23,209 - INFO - [Epoch 112] Train Loss: 0.2352 | LR: 0.000041
2026-04-17 17:08:23,210 - INFO -     >>> Val Avg RMSE (Real): 332.4988
2026-04-17 17:08:23,210 - INFO -     >>> Val MAE Details: ['222.7090', '240.1556', '308.5929']
2026-04-17 17:08:23,210 - INFO - ⏳ No improvement. Patience: 18/50
2026-04-17 17:08:52,510 - INFO - [Epoch 113] Train Loss: 0.2350 | LR: 0.000040
2026-04-17 17:08:52,510 - INFO -     >>> Val Avg RMSE (Real): 328.9737
2026-04-17 17:08:52,510 - INFO -     >>> Val MAE Details: ['214.2003', '237.0358', '305.9657']
2026-04-17 17:08:52,560 - INFO - 💾 Saved Best Model to ./logs/QMugs_repr_atomistic_graph_orbital_SchNet_Task3_20260417_152403/best_model.pth
2026-04-17 17:09:22,090 - INFO - [Epoch 114] Train Loss: 0.2335 | LR: 0.000039
2026-04-17 17:09:22,090 - INFO -     >>> Val Avg RMSE (Real): 330.4848
2026-04-17 17:09:22,090 - INFO -     >>> Val MAE Details: ['215.5815', '239.9769', '308.1795']
2026-04-17 17:09:22,090 - INFO - ⏳ No improvement. Patience: 1/50
2026-04-17 17:09:50,853 - INFO - [Epoch 115] Train Loss: 0.2334 | LR: 0.000038
2026-04-17 17:09:50,853 - INFO -     >>> Val Avg RMSE (Real): 332.5061
2026-04-17 17:09:50,853 - INFO -     >>> Val MAE Details: ['214.9584', '245.5013', '311.9160']
2026-04-17 17:09:50,853 - INFO - ⏳ No improvement. Patience: 2/50
2026-04-17 17:10:19,945 - INFO - [Epoch 116] Train Loss: 0.2335 | LR: 0.000038
2026-04-17 17:10:19,945 - INFO -     >>> Val Avg RMSE (Real): 331.2757
2026-04-17 17:10:19,945 - INFO -     >>> Val MAE Details: ['214.3097', '243.3736', '310.4376']
2026-04-17 17:10:19,945 - INFO - ⏳ No improvement. Patience: 3/50
2026-04-17 17:10:49,056 - INFO - [Epoch 117] Train Loss: 0.2337 | LR: 0.000037
2026-04-17 17:10:49,057 - INFO -     >>> Val Avg RMSE (Real): 337.7677
2026-04-17 17:10:49,057 - INFO -     >>> Val MAE Details: ['215.5178', '259.5151', '313.0088']
2026-04-17 17:10:49,057 - INFO - ⏳ No improvement. Patience: 4/50
2026-04-17 17:11:18,921 - INFO - [Epoch 118] Train Loss: 0.2326 | LR: 0.000036
2026-04-17 17:11:18,921 - INFO -     >>> Val Avg RMSE (Real): 328.4472
2026-04-17 17:11:18,922 - INFO -     >>> Val MAE Details: ['213.3155', '236.0474', '306.8508']
2026-04-17 17:11:18,965 - INFO - 💾 Saved Best Model to ./logs/QMugs_repr_atomistic_graph_orbital_SchNet_Task3_20260417_152403/best_model.pth
2026-04-17 17:11:48,312 - INFO - [Epoch 119] Train Loss: 0.2317 | LR: 0.000035
2026-04-17 17:11:48,312 - INFO -     >>> Val Avg RMSE (Real): 328.2620
2026-04-17 17:11:48,312 - INFO -     >>> Val MAE Details: ['214.3705', '237.0073', '307.0622']
2026-04-17 17:11:48,368 - INFO - 💾 Saved Best Model to ./logs/QMugs_repr_atomistic_graph_orbital_SchNet_Task3_20260417_152403/best_model.pth
2026-04-17 17:12:17,449 - INFO - [Epoch 120] Train Loss: 0.2322 | LR: 0.000035
2026-04-17 17:12:17,449 - INFO -     >>> Val Avg RMSE (Real): 329.2036
2026-04-17 17:12:17,449 - INFO -     >>> Val MAE Details: ['216.2009', '238.0725', '306.9326']
2026-04-17 17:12:17,449 - INFO - ⏳ No improvement. Patience: 1/50
2026-04-17 17:12:46,656 - INFO - [Epoch 121] Train Loss: 0.2309 | LR: 0.000034
2026-04-17 17:12:46,656 - INFO -     >>> Val Avg RMSE (Real): 331.9997
2026-04-17 17:12:46,656 - INFO -     >>> Val MAE Details: ['214.4137', '242.8372', '305.9738']
2026-04-17 17:12:46,656 - INFO - ⏳ No improvement. Patience: 2/50
2026-04-17 17:13:15,908 - INFO - [Epoch 122] Train Loss: 0.2308 | LR: 0.000033
2026-04-17 17:13:15,908 - INFO -     >>> Val Avg RMSE (Real): 331.5521
2026-04-17 17:13:15,909 - INFO -     >>> Val MAE Details: ['214.1539', '245.8460', '309.6965']
2026-04-17 17:13:15,909 - INFO - ⏳ No improvement. Patience: 3/50
2026-04-17 17:13:45,089 - INFO - [Epoch 123] Train Loss: 0.2311 | LR: 0.000032
2026-04-17 17:13:45,090 - INFO -     >>> Val Avg RMSE (Real): 334.0865
2026-04-17 17:13:45,090 - INFO -     >>> Val MAE Details: ['219.2329', '241.5803', '312.3088']
2026-04-17 17:13:45,090 - INFO - ⏳ No improvement. Patience: 4/50
2026-04-17 17:14:14,224 - INFO - [Epoch 124] Train Loss: 0.2306 | LR: 0.000032
2026-04-17 17:14:14,225 - INFO -     >>> Val Avg RMSE (Real): 326.1462
2026-04-17 17:14:14,225 - INFO -     >>> Val MAE Details: ['213.1134', '234.8632', '303.2798']
2026-04-17 17:14:14,275 - INFO - 💾 Saved Best Model to ./logs/QMugs_repr_atomistic_graph_orbital_SchNet_Task3_20260417_152403/best_model.pth
2026-04-17 17:14:43,348 - INFO - [Epoch 125] Train Loss: 0.2292 | LR: 0.000031
2026-04-17 17:14:43,348 - INFO -     >>> Val Avg RMSE (Real): 330.7491
2026-04-17 17:14:43,348 - INFO -     >>> Val MAE Details: ['212.9720', '242.8407', '312.5653']
2026-04-17 17:14:43,348 - INFO - ⏳ No improvement. Patience: 1/50
2026-04-17 17:15:12,529 - INFO - [Epoch 126] Train Loss: 0.2291 | LR: 0.000030
2026-04-17 17:15:12,530 - INFO -     >>> Val Avg RMSE (Real): 331.4519
2026-04-17 17:15:12,530 - INFO -     >>> Val MAE Details: ['223.4491', '235.7888', '312.1074']
2026-04-17 17:15:12,530 - INFO - ⏳ No improvement. Patience: 2/50
2026-04-17 17:15:41,499 - INFO - [Epoch 127] Train Loss: 0.2293 | LR: 0.000029
2026-04-17 17:15:41,499 - INFO -     >>> Val Avg RMSE (Real): 326.5058
2026-04-17 17:15:41,499 - INFO -     >>> Val MAE Details: ['212.7567', '237.6275', '304.7367']
2026-04-17 17:15:41,500 - INFO - ⏳ No improvement. Patience: 3/50
2026-04-17 17:16:10,165 - INFO - [Epoch 128] Train Loss: 0.2290 | LR: 0.000029
2026-04-17 17:16:10,166 - INFO -     >>> Val Avg RMSE (Real): 325.8872
2026-04-17 17:16:10,166 - INFO -     >>> Val MAE Details: ['212.9192', '234.6539', '304.3035']
2026-04-17 17:16:10,211 - INFO - 💾 Saved Best Model to ./logs/QMugs_repr_atomistic_graph_orbital_SchNet_Task3_20260417_152403/best_model.pth
2026-04-17 17:16:38,716 - INFO - [Epoch 129] Train Loss: 0.2280 | LR: 0.000028
2026-04-17 17:16:38,717 - INFO -     >>> Val Avg RMSE (Real): 332.9927
2026-04-17 17:16:38,717 - INFO -     >>> Val MAE Details: ['214.6696', '238.6020', '308.9993']
2026-04-17 17:16:38,717 - INFO - ⏳ No improvement. Patience: 1/50
2026-04-17 17:17:08,253 - INFO - [Epoch 130] Train Loss: 0.2282 | LR: 0.000027
2026-04-17 17:17:08,253 - INFO -     >>> Val Avg RMSE (Real): 328.3136
2026-04-17 17:17:08,254 - INFO -     >>> Val MAE Details: ['216.5928', '236.2387', '308.1813']
2026-04-17 17:17:08,254 - INFO - ⏳ No improvement. Patience: 2/50
2026-04-17 17:17:38,139 - INFO - [Epoch 131] Train Loss: 0.2279 | LR: 0.000027
2026-04-17 17:17:38,139 - INFO -     >>> Val Avg RMSE (Real): 329.0731
2026-04-17 17:17:38,139 - INFO -     >>> Val MAE Details: ['212.3151', '235.7134', '306.3954']
2026-04-17 17:17:38,139 - INFO - ⏳ No improvement. Patience: 3/50
2026-04-17 17:18:07,047 - INFO - [Epoch 132] Train Loss: 0.2282 | LR: 0.000026
2026-04-17 17:18:07,047 - INFO -     >>> Val Avg RMSE (Real): 326.5226
2026-04-17 17:18:07,048 - INFO -     >>> Val MAE Details: ['212.8282', '238.4726', '303.9573']
2026-04-17 17:18:07,048 - INFO - ⏳ No improvement. Patience: 4/50
2026-04-17 17:18:36,349 - INFO - [Epoch 133] Train Loss: 0.2272 | LR: 0.000025
2026-04-17 17:18:36,350 - INFO -     >>> Val Avg RMSE (Real): 335.2393
2026-04-17 17:18:36,350 - INFO -     >>> Val MAE Details: ['213.8953', '250.8687', '318.4933']
2026-04-17 17:18:36,350 - INFO - ⏳ No improvement. Patience: 5/50
2026-04-17 17:19:06,099 - INFO - [Epoch 134] Train Loss: 0.2264 | LR: 0.000025
2026-04-17 17:19:06,100 - INFO -     >>> Val Avg RMSE (Real): 327.3477
2026-04-17 17:19:06,100 - INFO -     >>> Val MAE Details: ['213.9173', '234.8173', '304.3814']
2026-04-17 17:19:06,100 - INFO - ⏳ No improvement. Patience: 6/50
2026-04-17 17:19:35,958 - INFO - [Epoch 135] Train Loss: 0.2271 | LR: 0.000024
2026-04-17 17:19:35,958 - INFO -     >>> Val Avg RMSE (Real): 329.0221
2026-04-17 17:19:35,959 - INFO -     >>> Val MAE Details: ['214.5006', '237.8042', '305.4762']
2026-04-17 17:19:35,959 - INFO - ⏳ No improvement. Patience: 7/50
2026-04-17 17:20:04,779 - INFO - [Epoch 136] Train Loss: 0.2266 | LR: 0.000023
2026-04-17 17:20:04,779 - INFO -     >>> Val Avg RMSE (Real): 328.5622
2026-04-17 17:20:04,779 - INFO -     >>> Val MAE Details: ['211.8305', '242.4478', '309.2756']
2026-04-17 17:20:04,779 - INFO - ⏳ No improvement. Patience: 8/50
2026-04-17 17:20:33,804 - INFO - [Epoch 137] Train Loss: 0.2260 | LR: 0.000023
2026-04-17 17:20:33,804 - INFO -     >>> Val Avg RMSE (Real): 330.0621
2026-04-17 17:20:33,804 - INFO -     >>> Val MAE Details: ['216.2123', '236.6609', '311.1731']
2026-04-17 17:20:33,804 - INFO - ⏳ No improvement. Patience: 9/50
2026-04-17 17:21:02,812 - INFO - [Epoch 138] Train Loss: 0.2252 | LR: 0.000022
2026-04-17 17:21:02,812 - INFO -     >>> Val Avg RMSE (Real): 325.4840
2026-04-17 17:21:02,813 - INFO -     >>> Val MAE Details: ['213.3944', '234.8223', '302.7976']
2026-04-17 17:21:02,850 - INFO - 💾 Saved Best Model to ./logs/QMugs_repr_atomistic_graph_orbital_SchNet_Task3_20260417_152403/best_model.pth
2026-04-17 17:21:31,807 - INFO - [Epoch 139] Train Loss: 0.2248 | LR: 0.000021
2026-04-17 17:21:31,808 - INFO -     >>> Val Avg RMSE (Real): 326.1043
2026-04-17 17:21:31,808 - INFO -     >>> Val MAE Details: ['212.8505', '237.3876', '304.6747']
2026-04-17 17:21:31,808 - INFO - ⏳ No improvement. Patience: 1/50
2026-04-17 17:22:00,951 - INFO - [Epoch 140] Train Loss: 0.2253 | LR: 0.000021
2026-04-17 17:22:00,951 - INFO -     >>> Val Avg RMSE (Real): 330.0352
2026-04-17 17:22:00,951 - INFO -     >>> Val MAE Details: ['215.0275', '234.1583', '307.4500']
2026-04-17 17:22:00,952 - INFO - ⏳ No improvement. Patience: 2/50
2026-04-17 17:22:30,415 - INFO - [Epoch 141] Train Loss: 0.2249 | LR: 0.000020
2026-04-17 17:22:30,416 - INFO -     >>> Val Avg RMSE (Real): 327.4922
2026-04-17 17:22:30,416 - INFO -     >>> Val MAE Details: ['212.3251', '241.8441', '306.0587']
2026-04-17 17:22:30,416 - INFO - ⏳ No improvement. Patience: 3/50
2026-04-17 17:22:59,424 - INFO - [Epoch 142] Train Loss: 0.2247 | LR: 0.000019
2026-04-17 17:22:59,424 - INFO -     >>> Val Avg RMSE (Real): 324.2998
2026-04-17 17:22:59,424 - INFO -     >>> Val MAE Details: ['212.1753', '235.0121', '301.6169']
2026-04-17 17:22:59,468 - INFO - 💾 Saved Best Model to ./logs/QMugs_repr_atomistic_graph_orbital_SchNet_Task3_20260417_152403/best_model.pth
2026-04-17 17:23:28,618 - INFO - [Epoch 143] Train Loss: 0.2243 | LR: 0.000019
2026-04-17 17:23:28,618 - INFO -     >>> Val Avg RMSE (Real): 329.0557
2026-04-17 17:23:28,618 - INFO -     >>> Val MAE Details: ['214.4240', '238.1629', '303.2280']
2026-04-17 17:23:28,619 - INFO - ⏳ No improvement. Patience: 1/50
2026-04-17 17:23:57,396 - INFO - [Epoch 144] Train Loss: 0.2241 | LR: 0.000018
2026-04-17 17:23:57,396 - INFO -     >>> Val Avg RMSE (Real): 328.2442
2026-04-17 17:23:57,396 - INFO -     >>> Val MAE Details: ['215.1294', '237.7779', '311.0641']
2026-04-17 17:23:57,396 - INFO - ⏳ No improvement. Patience: 2/50
2026-04-17 17:24:26,054 - INFO - [Epoch 145] Train Loss: 0.2243 | LR: 0.000018
2026-04-17 17:24:26,054 - INFO -     >>> Val Avg RMSE (Real): 324.6726
2026-04-17 17:24:26,054 - INFO -     >>> Val MAE Details: ['213.3961', '234.2262', '301.5647']
2026-04-17 17:24:26,054 - INFO - ⏳ No improvement. Patience: 3/50
2026-04-17 17:24:55,631 - INFO - [Epoch 146] Train Loss: 0.2233 | LR: 0.000017
2026-04-17 17:24:55,632 - INFO -     >>> Val Avg RMSE (Real): 331.5978
2026-04-17 17:24:55,632 - INFO -     >>> Val MAE Details: ['214.0186', '243.3999', '314.0981']
2026-04-17 17:24:55,632 - INFO - ⏳ No improvement. Patience: 4/50
2026-04-17 17:25:24,621 - INFO - [Epoch 147] Train Loss: 0.2235 | LR: 0.000016
2026-04-17 17:25:24,622 - INFO -     >>> Val Avg RMSE (Real): 325.6802
2026-04-17 17:25:24,622 - INFO -     >>> Val MAE Details: ['211.6539', '235.3748', '302.5225']
2026-04-17 17:25:24,622 - INFO - ⏳ No improvement. Patience: 5/50
2026-04-17 17:25:54,238 - INFO - [Epoch 148] Train Loss: 0.2227 | LR: 0.000016
2026-04-17 17:25:54,238 - INFO -     >>> Val Avg RMSE (Real): 325.9503
2026-04-17 17:25:54,238 - INFO -     >>> Val MAE Details: ['214.2447', '235.6601', '302.6617']
2026-04-17 17:25:54,238 - INFO - ⏳ No improvement. Patience: 6/50
2026-04-17 17:26:23,459 - INFO - [Epoch 149] Train Loss: 0.2225 | LR: 0.000015
2026-04-17 17:26:23,459 - INFO -     >>> Val Avg RMSE (Real): 323.9342
2026-04-17 17:26:23,459 - INFO -     >>> Val MAE Details: ['211.2821', '233.4035', '302.0674']
2026-04-17 17:26:23,509 - INFO - 💾 Saved Best Model to ./logs/QMugs_repr_atomistic_graph_orbital_SchNet_Task3_20260417_152403/best_model.pth
2026-04-17 17:26:53,613 - INFO - [Epoch 150] Train Loss: 0.2230 | LR: 0.000015
2026-04-17 17:26:53,613 - INFO -     >>> Val Avg RMSE (Real): 325.2239
2026-04-17 17:26:53,613 - INFO -     >>> Val MAE Details: ['212.2508', '235.4646', '302.6596']
2026-04-17 17:26:53,613 - INFO - ⏳ No improvement. Patience: 1/50
2026-04-17 17:27:23,193 - INFO - [Epoch 151] Train Loss: 0.2224 | LR: 0.000014
2026-04-17 17:27:23,193 - INFO -     >>> Val Avg RMSE (Real): 324.6668
2026-04-17 17:27:23,194 - INFO -     >>> Val MAE Details: ['211.7775', '235.0187', '303.4136']
2026-04-17 17:27:23,194 - INFO - ⏳ No improvement. Patience: 2/50
2026-04-17 17:27:52,831 - INFO - [Epoch 152] Train Loss: 0.2220 | LR: 0.000014
2026-04-17 17:27:52,832 - INFO -     >>> Val Avg RMSE (Real): 326.4689
2026-04-17 17:27:52,832 - INFO -     >>> Val MAE Details: ['213.0392', '241.1175', '302.2534']
2026-04-17 17:27:52,832 - INFO - ⏳ No improvement. Patience: 3/50
2026-04-17 17:28:22,131 - INFO - [Epoch 153] Train Loss: 0.2217 | LR: 0.000013
2026-04-17 17:28:22,132 - INFO -     >>> Val Avg RMSE (Real): 324.5279
2026-04-17 17:28:22,132 - INFO -     >>> Val MAE Details: ['215.2726', '232.9191', '304.1850']
2026-04-17 17:28:22,132 - INFO - ⏳ No improvement. Patience: 4/50
2026-04-17 17:28:51,052 - INFO - [Epoch 154] Train Loss: 0.2218 | LR: 0.000012
2026-04-17 17:28:51,053 - INFO -     >>> Val Avg RMSE (Real): 329.7705
2026-04-17 17:28:51,053 - INFO -     >>> Val MAE Details: ['216.7457', '236.7683', '314.4475']
2026-04-17 17:28:51,053 - INFO - ⏳ No improvement. Patience: 5/50
2026-04-17 17:29:20,298 - INFO - [Epoch 155] Train Loss: 0.2213 | LR: 0.000012
2026-04-17 17:29:20,298 - INFO -     >>> Val Avg RMSE (Real): 324.3904
2026-04-17 17:29:20,299 - INFO -     >>> Val MAE Details: ['212.0147', '235.4492', '302.0419']
2026-04-17 17:29:20,299 - INFO - ⏳ No improvement. Patience: 6/50
2026-04-17 17:29:49,450 - INFO - [Epoch 156] Train Loss: 0.2214 | LR: 0.000011
2026-04-17 17:29:49,450 - INFO -     >>> Val Avg RMSE (Real): 327.5743
2026-04-17 17:29:49,450 - INFO -     >>> Val MAE Details: ['212.9197', '241.5978', '304.1019']
2026-04-17 17:29:49,450 - INFO - ⏳ No improvement. Patience: 7/50
2026-04-17 17:30:18,302 - INFO - [Epoch 157] Train Loss: 0.2206 | LR: 0.000011
2026-04-17 17:30:18,303 - INFO -     >>> Val Avg RMSE (Real): 324.6278
2026-04-17 17:30:18,303 - INFO -     >>> Val MAE Details: ['212.2907', '233.0568', '301.5495']
2026-04-17 17:30:18,303 - INFO - ⏳ No improvement. Patience: 8/50
2026-04-17 17:30:47,188 - INFO - [Epoch 158] Train Loss: 0.2209 | LR: 0.000010
2026-04-17 17:30:47,189 - INFO -     >>> Val Avg RMSE (Real): 324.2571
2026-04-17 17:30:47,189 - INFO -     >>> Val MAE Details: ['213.9956', '232.9980', '304.9301']
2026-04-17 17:30:47,189 - INFO - ⏳ No improvement. Patience: 9/50
2026-04-17 17:31:15,820 - INFO - [Epoch 159] Train Loss: 0.2204 | LR: 0.000010
2026-04-17 17:31:15,820 - INFO -     >>> Val Avg RMSE (Real): 325.7461
2026-04-17 17:31:15,820 - INFO -     >>> Val MAE Details: ['217.4848', '232.5974', '306.0002']
2026-04-17 17:31:15,820 - INFO - ⏳ No improvement. Patience: 10/50
2026-04-17 17:31:45,310 - INFO - [Epoch 160] Train Loss: 0.2203 | LR: 0.000010
2026-04-17 17:31:45,310 - INFO -     >>> Val Avg RMSE (Real): 323.7080
2026-04-17 17:31:45,310 - INFO -     >>> Val MAE Details: ['211.1488', '235.9727', '301.7574']
2026-04-17 17:31:45,346 - INFO - 💾 Saved Best Model to ./logs/QMugs_repr_atomistic_graph_orbital_SchNet_Task3_20260417_152403/best_model.pth
2026-04-17 17:32:14,049 - INFO - [Epoch 161] Train Loss: 0.2204 | LR: 0.000009
2026-04-17 17:32:14,049 - INFO -     >>> Val Avg RMSE (Real): 323.3553
2026-04-17 17:32:14,050 - INFO -     >>> Val MAE Details: ['210.7902', '233.1703', '300.9272']
2026-04-17 17:32:14,104 - INFO - 💾 Saved Best Model to ./logs/QMugs_repr_atomistic_graph_orbital_SchNet_Task3_20260417_152403/best_model.pth
2026-04-17 17:32:43,243 - INFO - [Epoch 162] Train Loss: 0.2202 | LR: 0.000009
2026-04-17 17:32:43,243 - INFO -     >>> Val Avg RMSE (Real): 322.9558
2026-04-17 17:32:43,243 - INFO -     >>> Val MAE Details: ['210.8465', '232.9987', '300.9723']
2026-04-17 17:32:43,289 - INFO - 💾 Saved Best Model to ./logs/QMugs_repr_atomistic_graph_orbital_SchNet_Task3_20260417_152403/best_model.pth
2026-04-17 17:33:12,667 - INFO - [Epoch 163] Train Loss: 0.2200 | LR: 0.000008
2026-04-17 17:33:12,668 - INFO -     >>> Val Avg RMSE (Real): 323.7474
2026-04-17 17:33:12,668 - INFO -     >>> Val MAE Details: ['214.0211', '232.6006', '303.0300']
2026-04-17 17:33:12,668 - INFO - ⏳ No improvement. Patience: 1/50
2026-04-17 17:33:42,217 - INFO - [Epoch 164] Train Loss: 0.2197 | LR: 0.000008
2026-04-17 17:33:42,217 - INFO -     >>> Val Avg RMSE (Real): 323.2298
2026-04-17 17:33:42,217 - INFO -     >>> Val MAE Details: ['210.7172', '232.8776', '300.9063']
2026-04-17 17:33:42,217 - INFO - ⏳ No improvement. Patience: 2/50
2026-04-17 17:34:12,508 - INFO - [Epoch 165] Train Loss: 0.2195 | LR: 0.000007
2026-04-17 17:34:12,508 - INFO -     >>> Val Avg RMSE (Real): 325.2438
2026-04-17 17:34:12,508 - INFO -     >>> Val MAE Details: ['210.8966', '238.1466', '305.5048']
2026-04-17 17:34:12,509 - INFO - ⏳ No improvement. Patience: 3/50
2026-04-17 17:34:42,433 - INFO - [Epoch 166] Train Loss: 0.2193 | LR: 0.000007
2026-04-17 17:34:42,434 - INFO -     >>> Val Avg RMSE (Real): 323.6436
2026-04-17 17:34:42,434 - INFO -     >>> Val MAE Details: ['211.8924', '232.9995', '300.6389']
2026-04-17 17:34:42,434 - INFO - ⏳ No improvement. Patience: 4/50
2026-04-17 17:35:11,916 - INFO - [Epoch 167] Train Loss: 0.2197 | LR: 0.000007
2026-04-17 17:35:11,917 - INFO -     >>> Val Avg RMSE (Real): 322.9279
2026-04-17 17:35:11,917 - INFO -     >>> Val MAE Details: ['211.3435', '233.5066', '302.1653']
2026-04-17 17:35:11,961 - INFO - 💾 Saved Best Model to ./logs/QMugs_repr_atomistic_graph_orbital_SchNet_Task3_20260417_152403/best_model.pth
2026-04-17 17:35:41,868 - INFO - [Epoch 168] Train Loss: 0.2191 | LR: 0.000006
2026-04-17 17:35:41,868 - INFO -     >>> Val Avg RMSE (Real): 323.0114
2026-04-17 17:35:41,869 - INFO -     >>> Val MAE Details: ['211.0647', '234.5694', '301.0924']
2026-04-17 17:35:41,869 - INFO - ⏳ No improvement. Patience: 1/50
2026-04-17 17:36:11,852 - INFO - [Epoch 169] Train Loss: 0.2188 | LR: 0.000006
2026-04-17 17:36:11,853 - INFO -     >>> Val Avg RMSE (Real): 323.2946
2026-04-17 17:36:11,853 - INFO -     >>> Val MAE Details: ['211.8216', '233.4892', '300.1895']
2026-04-17 17:36:11,853 - INFO - ⏳ No improvement. Patience: 2/50
2026-04-17 17:36:41,441 - INFO - [Epoch 170] Train Loss: 0.2189 | LR: 0.000005
2026-04-17 17:36:41,442 - INFO -     >>> Val Avg RMSE (Real): 323.2645
2026-04-17 17:36:41,442 - INFO -     >>> Val MAE Details: ['210.5243', '233.9242', '301.4369']
2026-04-17 17:36:41,442 - INFO - ⏳ No improvement. Patience: 3/50
2026-04-17 17:37:10,163 - INFO - [Epoch 171] Train Loss: 0.2187 | LR: 0.000005
2026-04-17 17:37:10,164 - INFO -     >>> Val Avg RMSE (Real): 322.4834
2026-04-17 17:37:10,164 - INFO -     >>> Val MAE Details: ['210.5508', '232.6506', '300.3084']
2026-04-17 17:37:10,206 - INFO - 💾 Saved Best Model to ./logs/QMugs_repr_atomistic_graph_orbital_SchNet_Task3_20260417_152403/best_model.pth
2026-04-17 17:37:39,151 - INFO - [Epoch 172] Train Loss: 0.2186 | LR: 0.000005
2026-04-17 17:37:39,152 - INFO -     >>> Val Avg RMSE (Real): 322.9819
2026-04-17 17:37:39,152 - INFO -     >>> Val MAE Details: ['210.7564', '233.1593', '300.3519']
2026-04-17 17:37:39,152 - INFO - ⏳ No improvement. Patience: 1/50
2026-04-17 17:38:08,084 - INFO - [Epoch 173] Train Loss: 0.2185 | LR: 0.000004
2026-04-17 17:38:08,084 - INFO -     >>> Val Avg RMSE (Real): 322.9618
2026-04-17 17:38:08,084 - INFO -     >>> Val MAE Details: ['210.8204', '234.7456', '302.2195']
2026-04-17 17:38:08,084 - INFO - ⏳ No improvement. Patience: 2/50
2026-04-17 17:38:36,825 - INFO - [Epoch 174] Train Loss: 0.2181 | LR: 0.000004
2026-04-17 17:38:36,825 - INFO -     >>> Val Avg RMSE (Real): 324.2973
2026-04-17 17:38:36,825 - INFO -     >>> Val MAE Details: ['211.1091', '234.3306', '300.5285']
2026-04-17 17:38:36,825 - INFO - ⏳ No improvement. Patience: 3/50
2026-04-17 17:39:05,854 - INFO - [Epoch 175] Train Loss: 0.2181 | LR: 0.000004
2026-04-17 17:39:05,854 - INFO -     >>> Val Avg RMSE (Real): 322.6927
2026-04-17 17:39:05,854 - INFO -     >>> Val MAE Details: ['210.7920', '234.0117', '302.0353']
2026-04-17 17:39:05,854 - INFO - ⏳ No improvement. Patience: 4/50
2026-04-17 17:39:35,009 - INFO - [Epoch 176] Train Loss: 0.2182 | LR: 0.000004
2026-04-17 17:39:35,009 - INFO -     >>> Val Avg RMSE (Real): 323.9507
2026-04-17 17:39:35,009 - INFO -     >>> Val MAE Details: ['211.9874', '234.9378', '304.7018']
2026-04-17 17:39:35,009 - INFO - ⏳ No improvement. Patience: 5/50
2026-04-17 17:40:03,912 - INFO - [Epoch 177] Train Loss: 0.2178 | LR: 0.000003
2026-04-17 17:40:03,912 - INFO -     >>> Val Avg RMSE (Real): 322.2514
2026-04-17 17:40:03,912 - INFO -     >>> Val MAE Details: ['211.6429', '232.2630', '301.1534']
2026-04-17 17:40:03,955 - INFO - 💾 Saved Best Model to ./logs/QMugs_repr_atomistic_graph_orbital_SchNet_Task3_20260417_152403/best_model.pth
2026-04-17 17:40:33,043 - INFO - [Epoch 178] Train Loss: 0.2179 | LR: 0.000003
2026-04-17 17:40:33,043 - INFO -     >>> Val Avg RMSE (Real): 322.3219
2026-04-17 17:40:33,044 - INFO -     >>> Val MAE Details: ['210.4960', '232.2878', '300.2256']
2026-04-17 17:40:33,044 - INFO - ⏳ No improvement. Patience: 1/50
2026-04-17 17:41:02,008 - INFO - [Epoch 179] Train Loss: 0.2177 | LR: 0.000003
2026-04-17 17:41:02,008 - INFO -     >>> Val Avg RMSE (Real): 322.6988
2026-04-17 17:41:02,008 - INFO -     >>> Val MAE Details: ['210.7571', '232.5288', '300.4883']
2026-04-17 17:41:02,008 - INFO - ⏳ No improvement. Patience: 2/50
2026-04-17 17:41:30,982 - INFO - [Epoch 180] Train Loss: 0.2175 | LR: 0.000002
2026-04-17 17:41:30,982 - INFO -     >>> Val Avg RMSE (Real): 322.4100
2026-04-17 17:41:30,982 - INFO -     >>> Val MAE Details: ['210.7475', '232.3936', '299.9944']
2026-04-17 17:41:30,982 - INFO - ⏳ No improvement. Patience: 3/50
2026-04-17 17:42:00,199 - INFO - [Epoch 181] Train Loss: 0.2175 | LR: 0.000002
2026-04-17 17:42:00,199 - INFO -     >>> Val Avg RMSE (Real): 322.8859
2026-04-17 17:42:00,199 - INFO -     >>> Val MAE Details: ['210.4819', '232.7032', '300.3368']
2026-04-17 17:42:00,199 - INFO - ⏳ No improvement. Patience: 4/50
2026-04-17 17:42:29,474 - INFO - [Epoch 182] Train Loss: 0.2173 | LR: 0.000002
2026-04-17 17:42:29,475 - INFO -     >>> Val Avg RMSE (Real): 322.5255
2026-04-17 17:42:29,475 - INFO -     >>> Val MAE Details: ['210.7111', '234.2331', '301.1534']
2026-04-17 17:42:29,475 - INFO - ⏳ No improvement. Patience: 5/50
2026-04-17 17:42:58,419 - INFO - [Epoch 183] Train Loss: 0.2173 | LR: 0.000002
2026-04-17 17:42:58,420 - INFO -     >>> Val Avg RMSE (Real): 321.9994
2026-04-17 17:42:58,420 - INFO -     >>> Val MAE Details: ['210.4859', '232.0960', '300.1198']
2026-04-17 17:42:58,478 - INFO - 💾 Saved Best Model to ./logs/QMugs_repr_atomistic_graph_orbital_SchNet_Task3_20260417_152403/best_model.pth
2026-04-17 17:43:27,156 - INFO - [Epoch 184] Train Loss: 0.2172 | LR: 0.000002
2026-04-17 17:43:27,156 - INFO -     >>> Val Avg RMSE (Real): 321.8666
2026-04-17 17:43:27,156 - INFO -     >>> Val MAE Details: ['210.4543', '232.3249', '300.0962']
2026-04-17 17:43:27,213 - INFO - 💾 Saved Best Model to ./logs/QMugs_repr_atomistic_graph_orbital_SchNet_Task3_20260417_152403/best_model.pth
2026-04-17 17:43:56,215 - INFO - [Epoch 185] Train Loss: 0.2172 | LR: 0.000001
2026-04-17 17:43:56,215 - INFO -     >>> Val Avg RMSE (Real): 321.9828
2026-04-17 17:43:56,215 - INFO -     >>> Val MAE Details: ['210.9139', '232.3030', '300.4610']
2026-04-17 17:43:56,215 - INFO - ⏳ No improvement. Patience: 1/50
2026-04-17 17:44:25,115 - INFO - [Epoch 186] Train Loss: 0.2171 | LR: 0.000001
2026-04-17 17:44:25,116 - INFO -     >>> Val Avg RMSE (Real): 322.6065
2026-04-17 17:44:25,116 - INFO -     >>> Val MAE Details: ['210.6196', '232.4017', '300.0175']
2026-04-17 17:44:25,116 - INFO - ⏳ No improvement. Patience: 2/50
2026-04-17 17:44:53,931 - INFO - [Epoch 187] Train Loss: 0.2170 | LR: 0.000001
2026-04-17 17:44:53,931 - INFO -     >>> Val Avg RMSE (Real): 322.1542
2026-04-17 17:44:53,931 - INFO -     >>> Val MAE Details: ['210.9611', '232.7610', '300.4824']
2026-04-17 17:44:53,931 - INFO - ⏳ No improvement. Patience: 3/50
2026-04-17 17:45:23,204 - INFO - [Epoch 188] Train Loss: 0.2169 | LR: 0.000001
2026-04-17 17:45:23,205 - INFO -     >>> Val Avg RMSE (Real): 322.5222
2026-04-17 17:45:23,205 - INFO -     >>> Val MAE Details: ['210.4925', '232.6919', '300.0930']
2026-04-17 17:45:23,205 - INFO - ⏳ No improvement. Patience: 4/50
2026-04-17 17:45:51,936 - INFO - [Epoch 189] Train Loss: 0.2169 | LR: 0.000001
2026-04-17 17:45:51,936 - INFO -     >>> Val Avg RMSE (Real): 321.8947
2026-04-17 17:45:51,937 - INFO -     >>> Val MAE Details: ['210.4344', '232.3776', '300.0540']
2026-04-17 17:45:51,937 - INFO - ⏳ No improvement. Patience: 5/50
2026-04-17 17:46:20,677 - INFO - [Epoch 190] Train Loss: 0.2168 | LR: 0.000001
2026-04-17 17:46:20,678 - INFO -     >>> Val Avg RMSE (Real): 322.4576
2026-04-17 17:46:20,678 - INFO -     >>> Val MAE Details: ['210.6453', '232.6915', '300.0197']
2026-04-17 17:46:20,678 - INFO - ⏳ No improvement. Patience: 6/50
2026-04-17 17:46:49,683 - INFO - [Epoch 191] Train Loss: 0.2168 | LR: 0.000000
2026-04-17 17:46:49,683 - INFO -     >>> Val Avg RMSE (Real): 322.0419
2026-04-17 17:46:49,683 - INFO -     >>> Val MAE Details: ['210.4072', '233.1727', '300.5378']
2026-04-17 17:46:49,683 - INFO - ⏳ No improvement. Patience: 7/50
2026-04-17 17:47:18,542 - INFO - [Epoch 192] Train Loss: 0.2167 | LR: 0.000000
2026-04-17 17:47:18,542 - INFO -     >>> Val Avg RMSE (Real): 321.8961
2026-04-17 17:47:18,542 - INFO -     >>> Val MAE Details: ['210.6259', '232.3557', '300.1792']
2026-04-17 17:47:18,542 - INFO - ⏳ No improvement. Patience: 8/50
2026-04-17 17:47:48,070 - INFO - [Epoch 193] Train Loss: 0.2167 | LR: 0.000000
2026-04-17 17:47:48,071 - INFO -     >>> Val Avg RMSE (Real): 322.0187
2026-04-17 17:47:48,071 - INFO -     >>> Val MAE Details: ['210.4067', '232.1889', '299.9434']
2026-04-17 17:47:48,071 - INFO - ⏳ No improvement. Patience: 9/50
2026-04-17 17:48:17,277 - INFO - [Epoch 194] Train Loss: 0.2167 | LR: 0.000000
2026-04-17 17:48:17,277 - INFO -     >>> Val Avg RMSE (Real): 321.9208
2026-04-17 17:48:17,277 - INFO -     >>> Val MAE Details: ['210.6377', '232.3997', '300.3186']
2026-04-17 17:48:17,277 - INFO - ⏳ No improvement. Patience: 10/50
2026-04-17 17:48:46,639 - INFO - [Epoch 195] Train Loss: 0.2166 | LR: 0.000000
2026-04-17 17:48:46,639 - INFO -     >>> Val Avg RMSE (Real): 321.9481
2026-04-17 17:48:46,639 - INFO -     >>> Val MAE Details: ['210.4614', '232.6786', '300.3085']
2026-04-17 17:48:46,639 - INFO - ⏳ No improvement. Patience: 11/50
2026-04-17 17:49:15,836 - INFO - [Epoch 196] Train Loss: 0.2166 | LR: 0.000000
2026-04-17 17:49:15,837 - INFO -     >>> Val Avg RMSE (Real): 321.9339
2026-04-17 17:49:15,837 - INFO -     >>> Val MAE Details: ['210.4950', '232.4135', '300.1435']
2026-04-17 17:49:15,837 - INFO - ⏳ No improvement. Patience: 12/50
2026-04-17 17:49:44,460 - INFO - [Epoch 197] Train Loss: 0.2166 | LR: 0.000000
2026-04-17 17:49:44,460 - INFO -     >>> Val Avg RMSE (Real): 321.9004
2026-04-17 17:49:44,460 - INFO -     >>> Val MAE Details: ['210.4799', '232.5354', '300.2667']
2026-04-17 17:49:44,461 - INFO - ⏳ No improvement. Patience: 13/50
2026-04-17 17:50:13,586 - INFO - [Epoch 198] Train Loss: 0.2165 | LR: 0.000000
2026-04-17 17:50:13,586 - INFO -     >>> Val Avg RMSE (Real): 321.8993
2026-04-17 17:50:13,586 - INFO -     >>> Val MAE Details: ['210.4805', '232.4902', '300.2346']
2026-04-17 17:50:13,586 - INFO - ⏳ No improvement. Patience: 14/50
2026-04-17 17:50:42,780 - INFO - [Epoch 199] Train Loss: 0.2165 | LR: 0.000000
2026-04-17 17:50:42,781 - INFO -     >>> Val Avg RMSE (Real): 321.9037
2026-04-17 17:50:42,781 - INFO -     >>> Val MAE Details: ['210.4621', '232.4860', '300.2018']
2026-04-17 17:50:42,781 - INFO - ⏳ No improvement. Patience: 15/50
2026-04-17 17:51:13,439 - INFO - [Epoch 200] Train Loss: 0.2165 | LR: 0.000000
2026-04-17 17:51:13,439 - INFO -     >>> Val Avg RMSE (Real): 321.8997
2026-04-17 17:51:13,439 - INFO -     >>> Val MAE Details: ['210.4712', '232.4843', '300.2149']
2026-04-17 17:51:13,439 - INFO - ⏳ No improvement. Patience: 16/50
