2026-04-24 20:31:19,924 - INFO - 💾 Config files backed up to ./logs/QMugs_repr_hybrid_fusion_UniFieldNet_Task3_20260424_203119
2026-04-24 20:31:19,924 - INFO - 🎯 Multi-Task Targets (3): ['homo_energy_meV', 'lumo_energy_meV', 'homo_lumo_gap_meV']
2026-04-24 20:31:19,924 - INFO - ========================================
2026-04-24 20:31:19,924 - INFO -         Training Configuration        
2026-04-24 20:31:19,924 - INFO - ========================================
2026-04-24 20:31:19,925 - INFO - 
{'data': {'dataset_mode': 'repr_hybrid_fusion',
          'grid_size': 0.1,
          'max_radius': 10.0,
          'pkl_path': '../data/QMugs/qmugs_ed_1024_dft_meV_fps.pkl',
          'targets': ['homo_energy_meV',
                      'lumo_energy_meV',
                      'homo_lumo_gap_meV']},
 'model': {'equiformer_args': {'basis_type': 'gaussian',
                               'fc_neurons': [128, 128],
                               'irreps_feature': '512x0e',
                               'irreps_head': '64x0e+32x1e+16x2e',
                               'irreps_in': '5x0e',
                               'irreps_node_attr': '1x0e',
                               'irreps_node_embedding': '128x0e+64x1e+32x2e',
                               'irreps_sh': '1x0e+1x1o+1x2e+1x3o',
                               'max_radius': 10.0,
                               'num_heads': 8,
                               'num_layers': 4,
                               'number_of_basis': 256,
                               'output_dim': 64},
           'head_input_dim': 64,
           'name': 'UniFieldNet',
           'ptv3_args': {'dec_channels': [64, 64, 128, 256],
                         'enc_channels': [32, 64, 128, 256, 512],
                         'enc_depths': [2, 2, 2, 6, 2],
                         'in_channels': 1,
                         'patch_size': 64}},
 'train': {'batch_size': 24,
           'epochs': 200,
           'grad_norm_clip': 1.0,
           'lr': 0.0001,
           'patience': 50,
           'seed': 2025,
           'weight_decay': 0.0001}}
2026-04-24 20:31:19,925 - INFO - ========================================

2026-04-24 20:31:19,925 - INFO - 🚀 Start Training on Device: cuda
2026-04-24 20:31:19,925 - INFO - Loading Data...
2026-04-24 20:31:19,925 - INFO - Loading Dataset Mode: repr_hybrid_fusion...
2026-04-24 20:31:22,857 - INFO - Stats - Mean: [[-7851.8887    392.37622  8244.265  ]], Std: [[502.80716 721.1641  813.3487 ]]
2026-04-24 20:31:22,857 - INFO - Building Model: UniFieldNet...
2026-04-24 20:31:33,272 - INFO - Total Parameters: 49.6800 M

2026-04-24 20:45:48,415 - INFO - [Epoch 1] Train Loss: 0.4218 | LR: 0.000100
2026-04-24 20:45:48,415 - INFO -     >>> Val Avg RMSE (Real): 330.3030
2026-04-24 20:45:48,415 - INFO -     >>> Val MAE Details: ['229.5549', '223.1043', '301.6021']
2026-04-24 20:45:49,086 - INFO - 💾 Saved Best Model to ./logs/QMugs_repr_hybrid_fusion_UniFieldNet_Task3_20260424_203119/best_model.pth
2026-04-24 20:59:55,949 - INFO - [Epoch 2] Train Loss: 0.2106 | LR: 0.000100
2026-04-24 20:59:55,950 - INFO -     >>> Val Avg RMSE (Real): 280.0665
2026-04-24 20:59:55,950 - INFO -     >>> Val MAE Details: ['187.0876', '208.7103', '248.4338']
2026-04-24 20:59:56,881 - INFO - 💾 Saved Best Model to ./logs/QMugs_repr_hybrid_fusion_UniFieldNet_Task3_20260424_203119/best_model.pth
2026-04-24 21:14:03,237 - INFO - [Epoch 3] Train Loss: 0.1662 | LR: 0.000100
2026-04-24 21:14:03,238 - INFO -     >>> Val Avg RMSE (Real): 249.7989
2026-04-24 21:14:03,238 - INFO -     >>> Val MAE Details: ['162.2915', '177.9256', '230.6146']
2026-04-24 21:14:04,219 - INFO - 💾 Saved Best Model to ./logs/QMugs_repr_hybrid_fusion_UniFieldNet_Task3_20260424_203119/best_model.pth
2026-04-24 21:28:09,987 - INFO - [Epoch 4] Train Loss: 0.1418 | LR: 0.000100
2026-04-24 21:28:09,988 - INFO -     >>> Val Avg RMSE (Real): 232.0546
2026-04-24 21:28:09,988 - INFO -     >>> Val MAE Details: ['153.9624', '162.6051', '213.1816']
2026-04-24 21:28:10,960 - INFO - 💾 Saved Best Model to ./logs/QMugs_repr_hybrid_fusion_UniFieldNet_Task3_20260424_203119/best_model.pth
2026-04-24 21:42:14,988 - INFO - [Epoch 5] Train Loss: 0.1269 | LR: 0.000100
2026-04-24 21:42:14,988 - INFO -     >>> Val Avg RMSE (Real): 255.8161
2026-04-24 21:42:14,989 - INFO -     >>> Val MAE Details: ['141.6501', '214.6707', '241.3234']
2026-04-24 21:42:14,989 - INFO - ⏳ No improvement. Patience: 1/50
2026-04-24 21:56:27,729 - INFO - [Epoch 6] Train Loss: 0.1139 | LR: 0.000100
2026-04-24 21:56:27,730 - INFO -     >>> Val Avg RMSE (Real): 198.8046
2026-04-24 21:56:27,730 - INFO -     >>> Val MAE Details: ['135.1587', '134.7090', '181.2226']
2026-04-24 21:56:28,690 - INFO - 💾 Saved Best Model to ./logs/QMugs_repr_hybrid_fusion_UniFieldNet_Task3_20260424_203119/best_model.pth
2026-04-24 22:10:45,520 - INFO - [Epoch 7] Train Loss: 0.1036 | LR: 0.000100
2026-04-24 22:10:45,521 - INFO -     >>> Val Avg RMSE (Real): 214.9127
2026-04-24 22:10:45,521 - INFO -     >>> Val MAE Details: ['154.2569', '172.5374', '175.1731']
2026-04-24 22:10:45,521 - INFO - ⏳ No improvement. Patience: 1/50
2026-04-24 22:24:56,771 - INFO - [Epoch 8] Train Loss: 0.0960 | LR: 0.000100
2026-04-24 22:24:56,772 - INFO -     >>> Val Avg RMSE (Real): 226.7280
2026-04-24 22:24:56,772 - INFO -     >>> Val MAE Details: ['154.1218', '141.3679', '228.5105']
2026-04-24 22:24:56,772 - INFO - ⏳ No improvement. Patience: 2/50
2026-04-24 22:39:10,334 - INFO - [Epoch 9] Train Loss: 0.0905 | LR: 0.000100
2026-04-24 22:39:10,335 - INFO -     >>> Val Avg RMSE (Real): 182.4140
2026-04-24 22:39:10,335 - INFO -     >>> Val MAE Details: ['119.7787', '127.5701', '162.5654']
2026-04-24 22:39:11,297 - INFO - 💾 Saved Best Model to ./logs/QMugs_repr_hybrid_fusion_UniFieldNet_Task3_20260424_203119/best_model.pth
2026-04-24 22:53:22,430 - INFO - [Epoch 10] Train Loss: 0.0853 | LR: 0.000099
2026-04-24 22:53:22,431 - INFO -     >>> Val Avg RMSE (Real): 186.4631
2026-04-24 22:53:22,431 - INFO -     >>> Val MAE Details: ['117.2370', '132.8424', '174.8378']
2026-04-24 22:53:22,431 - INFO - ⏳ No improvement. Patience: 1/50
2026-04-24 23:07:28,772 - INFO - [Epoch 11] Train Loss: 0.0804 | LR: 0.000099
2026-04-24 23:07:28,773 - INFO -     >>> Val Avg RMSE (Real): 178.7958
2026-04-24 23:07:28,773 - INFO -     >>> Val MAE Details: ['116.7652', '125.8266', '161.0172']
2026-04-24 23:07:29,767 - INFO - 💾 Saved Best Model to ./logs/QMugs_repr_hybrid_fusion_UniFieldNet_Task3_20260424_203119/best_model.pth
2026-04-24 23:21:37,098 - INFO - [Epoch 12] Train Loss: 0.0781 | LR: 0.000099
2026-04-24 23:21:37,099 - INFO -     >>> Val Avg RMSE (Real): 182.0420
2026-04-24 23:21:37,099 - INFO -     >>> Val MAE Details: ['110.7053', '127.8308', '179.8622']
2026-04-24 23:21:37,099 - INFO - ⏳ No improvement. Patience: 1/50
2026-04-24 23:35:42,953 - INFO - [Epoch 13] Train Loss: 0.0738 | LR: 0.000099
2026-04-24 23:35:42,954 - INFO -     >>> Val Avg RMSE (Real): 189.8370
2026-04-24 23:35:42,954 - INFO -     >>> Val MAE Details: ['114.9459', '146.4930', '175.5262']
2026-04-24 23:35:42,954 - INFO - ⏳ No improvement. Patience: 2/50
2026-04-24 23:49:40,534 - INFO - [Epoch 14] Train Loss: 0.0722 | LR: 0.000099
2026-04-24 23:49:40,535 - INFO -     >>> Val Avg RMSE (Real): 168.4929
2026-04-24 23:49:40,535 - INFO -     >>> Val MAE Details: ['108.8780', '121.5936', '150.0864']
2026-04-24 23:49:41,482 - INFO - 💾 Saved Best Model to ./logs/QMugs_repr_hybrid_fusion_UniFieldNet_Task3_20260424_203119/best_model.pth
2026-04-25 00:03:41,276 - INFO - [Epoch 15] Train Loss: 0.0700 | LR: 0.000099
2026-04-25 00:03:41,276 - INFO -     >>> Val Avg RMSE (Real): 170.8511
2026-04-25 00:03:41,276 - INFO -     >>> Val MAE Details: ['124.4528', '112.0050', '150.2988']
2026-04-25 00:03:41,277 - INFO - ⏳ No improvement. Patience: 1/50
2026-04-25 00:17:48,269 - INFO - [Epoch 16] Train Loss: 0.0667 | LR: 0.000098
2026-04-25 00:17:48,269 - INFO -     >>> Val Avg RMSE (Real): 169.9393
2026-04-25 00:17:48,269 - INFO -     >>> Val MAE Details: ['126.0993', '110.0099', '151.4630']
2026-04-25 00:17:48,269 - INFO - ⏳ No improvement. Patience: 2/50
2026-04-25 00:31:55,175 - INFO - [Epoch 17] Train Loss: 0.0650 | LR: 0.000098
2026-04-25 00:31:55,176 - INFO -     >>> Val Avg RMSE (Real): 150.0664
2026-04-25 00:31:55,176 - INFO -     >>> Val MAE Details: ['96.0705', '103.3387', '134.8589']
2026-04-25 00:31:56,312 - INFO - 💾 Saved Best Model to ./logs/QMugs_repr_hybrid_fusion_UniFieldNet_Task3_20260424_203119/best_model.pth
2026-04-25 00:45:59,999 - INFO - [Epoch 18] Train Loss: 0.0647 | LR: 0.000098
2026-04-25 00:46:00,000 - INFO -     >>> Val Avg RMSE (Real): 185.4016
2026-04-25 00:46:00,000 - INFO -     >>> Val MAE Details: ['107.8674', '141.0113', '187.6432']
2026-04-25 00:46:00,000 - INFO - ⏳ No improvement. Patience: 1/50
2026-04-25 01:00:04,794 - INFO - [Epoch 19] Train Loss: 0.0629 | LR: 0.000098
2026-04-25 01:00:04,794 - INFO -     >>> Val Avg RMSE (Real): 163.9360
2026-04-25 01:00:04,794 - INFO -     >>> Val MAE Details: ['105.2888', '116.8997', '145.2627']
2026-04-25 01:00:04,794 - INFO - ⏳ No improvement. Patience: 2/50
2026-04-25 01:13:56,484 - INFO - [Epoch 20] Train Loss: 0.0601 | LR: 0.000098
2026-04-25 01:13:56,484 - INFO -     >>> Val Avg RMSE (Real): 153.3523
2026-04-25 01:13:56,484 - INFO -     >>> Val MAE Details: ['98.1686', '109.0012', '139.1155']
2026-04-25 01:13:56,484 - INFO - ⏳ No improvement. Patience: 3/50
2026-04-25 01:27:47,044 - INFO - [Epoch 21] Train Loss: 0.0593 | LR: 0.000097
2026-04-25 01:27:47,044 - INFO -     >>> Val Avg RMSE (Real): 145.1634
2026-04-25 01:27:47,044 - INFO -     >>> Val MAE Details: ['94.8091', '102.3002', '128.3046']
2026-04-25 01:27:47,997 - INFO - 💾 Saved Best Model to ./logs/QMugs_repr_hybrid_fusion_UniFieldNet_Task3_20260424_203119/best_model.pth
2026-04-25 01:41:37,114 - INFO - [Epoch 22] Train Loss: 0.0588 | LR: 0.000097
2026-04-25 01:41:37,115 - INFO -     >>> Val Avg RMSE (Real): 156.3537
2026-04-25 01:41:37,115 - INFO -     >>> Val MAE Details: ['98.5517', '115.1666', '136.5075']
2026-04-25 01:41:37,115 - INFO - ⏳ No improvement. Patience: 1/50
2026-04-25 01:55:26,096 - INFO - [Epoch 23] Train Loss: 0.0576 | LR: 0.000097
2026-04-25 01:55:26,097 - INFO -     >>> Val Avg RMSE (Real): 142.6771
2026-04-25 01:55:26,097 - INFO -     >>> Val MAE Details: ['96.6444', '101.1310', '125.1600']
2026-04-25 01:55:26,903 - INFO - 💾 Saved Best Model to ./logs/QMugs_repr_hybrid_fusion_UniFieldNet_Task3_20260424_203119/best_model.pth
2026-04-25 02:09:16,983 - INFO - [Epoch 24] Train Loss: 0.0563 | LR: 0.000096
2026-04-25 02:09:16,983 - INFO -     >>> Val Avg RMSE (Real): 148.7106
2026-04-25 02:09:16,983 - INFO -     >>> Val MAE Details: ['92.6768', '104.7867', '137.3323']
2026-04-25 02:09:16,983 - INFO - ⏳ No improvement. Patience: 1/50
2026-04-25 02:23:07,375 - INFO - [Epoch 25] Train Loss: 0.0550 | LR: 0.000096
2026-04-25 02:23:07,375 - INFO -     >>> Val Avg RMSE (Real): 140.7958
2026-04-25 02:23:07,375 - INFO -     >>> Val MAE Details: ['94.3335', '100.2028', '124.6337']
2026-04-25 02:23:08,485 - INFO - 💾 Saved Best Model to ./logs/QMugs_repr_hybrid_fusion_UniFieldNet_Task3_20260424_203119/best_model.pth
2026-04-25 02:36:55,386 - INFO - [Epoch 26] Train Loss: 0.0541 | LR: 0.000096
2026-04-25 02:36:55,386 - INFO -     >>> Val Avg RMSE (Real): 151.6849
2026-04-25 02:36:55,386 - INFO -     >>> Val MAE Details: ['97.3358', '103.4901', '142.3568']
2026-04-25 02:36:55,386 - INFO - ⏳ No improvement. Patience: 1/50
2026-04-25 02:50:36,317 - INFO - [Epoch 27] Train Loss: 0.0534 | LR: 0.000096
2026-04-25 02:50:36,317 - INFO -     >>> Val Avg RMSE (Real): 141.8918
2026-04-25 02:50:36,317 - INFO -     >>> Val MAE Details: ['93.2812', '97.3584', '130.6162']
2026-04-25 02:50:36,318 - INFO - ⏳ No improvement. Patience: 2/50
2026-04-25 03:04:20,547 - INFO - [Epoch 28] Train Loss: 0.0525 | LR: 0.000095
2026-04-25 03:04:20,547 - INFO -     >>> Val Avg RMSE (Real): 147.0271
2026-04-25 03:04:20,548 - INFO -     >>> Val MAE Details: ['93.9561', '106.7450', '133.3902']
2026-04-25 03:04:20,548 - INFO - ⏳ No improvement. Patience: 3/50
2026-04-25 03:18:10,621 - INFO - [Epoch 29] Train Loss: 0.0517 | LR: 0.000095
2026-04-25 03:18:10,621 - INFO -     >>> Val Avg RMSE (Real): 138.2973
2026-04-25 03:18:10,621 - INFO -     >>> Val MAE Details: ['91.8235', '95.1839', '125.6298']
2026-04-25 03:18:11,575 - INFO - 💾 Saved Best Model to ./logs/QMugs_repr_hybrid_fusion_UniFieldNet_Task3_20260424_203119/best_model.pth
2026-04-25 03:32:02,300 - INFO - [Epoch 30] Train Loss: 0.0517 | LR: 0.000095
2026-04-25 03:32:02,301 - INFO -     >>> Val Avg RMSE (Real): 150.6373
2026-04-25 03:32:02,301 - INFO -     >>> Val MAE Details: ['108.2681', '94.3654', '136.9294']
2026-04-25 03:32:02,301 - INFO - ⏳ No improvement. Patience: 1/50
2026-04-25 03:45:50,798 - INFO - [Epoch 31] Train Loss: 0.0502 | LR: 0.000094
2026-04-25 03:45:50,799 - INFO -     >>> Val Avg RMSE (Real): 140.9248
2026-04-25 03:45:50,799 - INFO -     >>> Val MAE Details: ['95.0163', '92.1130', '130.9110']
2026-04-25 03:45:50,799 - INFO - ⏳ No improvement. Patience: 2/50
2026-04-25 03:59:40,153 - INFO - [Epoch 32] Train Loss: 0.0499 | LR: 0.000094
2026-04-25 03:59:40,154 - INFO -     >>> Val Avg RMSE (Real): 141.7234
2026-04-25 03:59:40,154 - INFO -     >>> Val MAE Details: ['94.4526', '97.0411', '129.0855']
2026-04-25 03:59:40,154 - INFO - ⏳ No improvement. Patience: 3/50
2026-04-25 04:13:30,619 - INFO - [Epoch 33] Train Loss: 0.0492 | LR: 0.000093
2026-04-25 04:13:30,620 - INFO -     >>> Val Avg RMSE (Real): 132.2963
2026-04-25 04:13:30,620 - INFO -     >>> Val MAE Details: ['89.9912', '86.4087', '121.0302']
2026-04-25 04:13:31,573 - INFO - 💾 Saved Best Model to ./logs/QMugs_repr_hybrid_fusion_UniFieldNet_Task3_20260424_203119/best_model.pth
2026-04-25 04:27:21,730 - INFO - [Epoch 34] Train Loss: 0.0482 | LR: 0.000093
2026-04-25 04:27:21,731 - INFO -     >>> Val Avg RMSE (Real): 143.6333
2026-04-25 04:27:21,731 - INFO -     >>> Val MAE Details: ['87.0839', '106.4593', '132.4746']
2026-04-25 04:27:21,731 - INFO - ⏳ No improvement. Patience: 1/50
2026-04-25 04:41:12,587 - INFO - [Epoch 35] Train Loss: 0.0479 | LR: 0.000093
2026-04-25 04:41:12,588 - INFO -     >>> Val Avg RMSE (Real): 136.8453
2026-04-25 04:41:12,588 - INFO -     >>> Val MAE Details: ['86.3288', '96.5014', '123.7890']
2026-04-25 04:41:12,588 - INFO - ⏳ No improvement. Patience: 2/50
2026-04-25 04:55:02,534 - INFO - [Epoch 36] Train Loss: 0.0476 | LR: 0.000092
2026-04-25 04:55:02,535 - INFO -     >>> Val Avg RMSE (Real): 132.7674
2026-04-25 04:55:02,535 - INFO -     >>> Val MAE Details: ['96.6691', '94.1866', '112.0861']
2026-04-25 04:55:02,535 - INFO - ⏳ No improvement. Patience: 3/50
2026-04-25 05:08:54,717 - INFO - [Epoch 37] Train Loss: 0.0471 | LR: 0.000092
2026-04-25 05:08:54,717 - INFO -     >>> Val Avg RMSE (Real): 126.4115
2026-04-25 05:08:54,718 - INFO -     >>> Val MAE Details: ['86.0697', '85.7461', '110.5482']
2026-04-25 05:08:55,652 - INFO - 💾 Saved Best Model to ./logs/QMugs_repr_hybrid_fusion_UniFieldNet_Task3_20260424_203119/best_model.pth
2026-04-25 05:22:46,584 - INFO - [Epoch 38] Train Loss: 0.0465 | LR: 0.000091
2026-04-25 05:22:46,585 - INFO -     >>> Val Avg RMSE (Real): 135.0637
2026-04-25 05:22:46,585 - INFO -     >>> Val MAE Details: ['84.6653', '103.1013', '118.8894']
2026-04-25 05:22:46,585 - INFO - ⏳ No improvement. Patience: 1/50
2026-04-25 05:36:34,653 - INFO - [Epoch 39] Train Loss: 0.0457 | LR: 0.000091
2026-04-25 05:36:34,654 - INFO -     >>> Val Avg RMSE (Real): 130.5016
2026-04-25 05:36:34,654 - INFO -     >>> Val MAE Details: ['87.9261', '90.7885', '115.1712']
2026-04-25 05:36:34,654 - INFO - ⏳ No improvement. Patience: 2/50
2026-04-25 05:50:24,489 - INFO - [Epoch 40] Train Loss: 0.0450 | LR: 0.000090
2026-04-25 05:50:24,489 - INFO -     >>> Val Avg RMSE (Real): 136.8828
2026-04-25 05:50:24,489 - INFO -     >>> Val MAE Details: ['97.7156', '98.8435', '113.2224']
2026-04-25 05:50:24,490 - INFO - ⏳ No improvement. Patience: 3/50
2026-04-25 06:04:16,361 - INFO - [Epoch 41] Train Loss: 0.0452 | LR: 0.000090
2026-04-25 06:04:16,361 - INFO -     >>> Val Avg RMSE (Real): 125.7172
2026-04-25 06:04:16,361 - INFO -     >>> Val MAE Details: ['81.8100', '85.6695', '113.2041']
2026-04-25 06:04:17,306 - INFO - 💾 Saved Best Model to ./logs/QMugs_repr_hybrid_fusion_UniFieldNet_Task3_20260424_203119/best_model.pth
2026-04-25 06:18:06,895 - INFO - [Epoch 42] Train Loss: 0.0441 | LR: 0.000090
2026-04-25 06:18:06,895 - INFO -     >>> Val Avg RMSE (Real): 130.0020
2026-04-25 06:18:06,895 - INFO -     >>> Val MAE Details: ['84.2612', '90.6744', '117.4511']
2026-04-25 06:18:06,895 - INFO - ⏳ No improvement. Patience: 1/50
2026-04-25 06:31:56,328 - INFO - [Epoch 43] Train Loss: 0.0437 | LR: 0.000089
2026-04-25 06:31:56,329 - INFO -     >>> Val Avg RMSE (Real): 134.1771
2026-04-25 06:31:56,329 - INFO -     >>> Val MAE Details: ['94.0980', '92.7464', '118.8699']
2026-04-25 06:31:56,329 - INFO - ⏳ No improvement. Patience: 2/50
2026-04-25 06:45:45,473 - INFO - [Epoch 44] Train Loss: 0.0429 | LR: 0.000089
2026-04-25 06:45:45,473 - INFO -     >>> Val Avg RMSE (Real): 142.1955
2026-04-25 06:45:45,474 - INFO -     >>> Val MAE Details: ['81.7996', '117.1054', '129.5126']
2026-04-25 06:45:45,474 - INFO - ⏳ No improvement. Patience: 3/50
2026-04-25 06:59:35,587 - INFO - [Epoch 45] Train Loss: 0.0430 | LR: 0.000088
2026-04-25 06:59:35,587 - INFO -     >>> Val Avg RMSE (Real): 134.9515
2026-04-25 06:59:35,587 - INFO -     >>> Val MAE Details: ['87.7062', '90.4494', '124.3975']
2026-04-25 06:59:35,587 - INFO - ⏳ No improvement. Patience: 4/50
2026-04-25 07:13:25,321 - INFO - [Epoch 46] Train Loss: 0.0427 | LR: 0.000088
2026-04-25 07:13:25,322 - INFO -     >>> Val Avg RMSE (Real): 146.2026
2026-04-25 07:13:25,322 - INFO -     >>> Val MAE Details: ['82.7997', '121.1645', '135.0634']
2026-04-25 07:13:25,322 - INFO - ⏳ No improvement. Patience: 5/50
2026-04-25 07:27:17,950 - INFO - [Epoch 47] Train Loss: 0.0423 | LR: 0.000087
2026-04-25 07:27:17,950 - INFO -     >>> Val Avg RMSE (Real): 124.9306
2026-04-25 07:27:17,951 - INFO -     >>> Val MAE Details: ['81.5860', '86.3010', '112.7463']
2026-04-25 07:27:18,891 - INFO - 💾 Saved Best Model to ./logs/QMugs_repr_hybrid_fusion_UniFieldNet_Task3_20260424_203119/best_model.pth
2026-04-25 07:41:08,418 - INFO - [Epoch 48] Train Loss: 0.0421 | LR: 0.000086
2026-04-25 07:41:08,419 - INFO -     >>> Val Avg RMSE (Real): 139.2859
2026-04-25 07:41:08,419 - INFO -     >>> Val MAE Details: ['96.8105', '89.4390', '133.0242']
2026-04-25 07:41:08,419 - INFO - ⏳ No improvement. Patience: 1/50
2026-04-25 07:54:59,835 - INFO - [Epoch 49] Train Loss: 0.0420 | LR: 0.000086
2026-04-25 07:54:59,836 - INFO -     >>> Val Avg RMSE (Real): 150.1773
2026-04-25 07:54:59,836 - INFO -     >>> Val MAE Details: ['82.1351', '124.6219', '140.0321']
2026-04-25 07:54:59,836 - INFO - ⏳ No improvement. Patience: 2/50
2026-04-25 08:08:51,063 - INFO - [Epoch 50] Train Loss: 0.0419 | LR: 0.000085
2026-04-25 08:08:51,063 - INFO -     >>> Val Avg RMSE (Real): 129.6810
2026-04-25 08:08:51,063 - INFO -     >>> Val MAE Details: ['81.1315', '101.2657', '115.0332']
2026-04-25 08:08:51,064 - INFO - ⏳ No improvement. Patience: 3/50
2026-04-25 08:22:39,456 - INFO - [Epoch 51] Train Loss: 0.0405 | LR: 0.000085
2026-04-25 08:22:39,457 - INFO -     >>> Val Avg RMSE (Real): 125.9781
2026-04-25 08:22:39,457 - INFO -     >>> Val MAE Details: ['89.4631', '80.8387', '115.0938']
2026-04-25 08:22:39,457 - INFO - ⏳ No improvement. Patience: 4/50
2026-04-25 08:36:32,769 - INFO - [Epoch 52] Train Loss: 0.0412 | LR: 0.000084
2026-04-25 08:36:32,769 - INFO -     >>> Val Avg RMSE (Real): 136.3705
2026-04-25 08:36:32,769 - INFO -     >>> Val MAE Details: ['109.3570', '84.6081', '121.2225']
2026-04-25 08:36:32,769 - INFO - ⏳ No improvement. Patience: 5/50
2026-04-25 08:50:25,646 - INFO - [Epoch 53] Train Loss: 0.0408 | LR: 0.000084
2026-04-25 08:50:25,646 - INFO -     >>> Val Avg RMSE (Real): 125.9682
2026-04-25 08:50:25,646 - INFO -     >>> Val MAE Details: ['82.2453', '92.0838', '110.9697']
2026-04-25 08:50:25,646 - INFO - ⏳ No improvement. Patience: 6/50
2026-04-25 09:04:17,991 - INFO - [Epoch 54] Train Loss: 0.0400 | LR: 0.000083
2026-04-25 09:04:17,992 - INFO -     >>> Val Avg RMSE (Real): 124.6480
2026-04-25 09:04:17,992 - INFO -     >>> Val MAE Details: ['79.6832', '91.8751', '109.8331']
2026-04-25 09:04:18,919 - INFO - 💾 Saved Best Model to ./logs/QMugs_repr_hybrid_fusion_UniFieldNet_Task3_20260424_203119/best_model.pth
2026-04-25 09:18:11,815 - INFO - [Epoch 55] Train Loss: 0.0397 | LR: 0.000082
2026-04-25 09:18:11,816 - INFO -     >>> Val Avg RMSE (Real): 128.9252
2026-04-25 09:18:11,816 - INFO -     >>> Val MAE Details: ['78.9004', '97.9238', '117.2772']
2026-04-25 09:18:11,816 - INFO - ⏳ No improvement. Patience: 1/50
2026-04-25 09:32:05,546 - INFO - [Epoch 56] Train Loss: 0.0397 | LR: 0.000082
2026-04-25 09:32:05,547 - INFO -     >>> Val Avg RMSE (Real): 129.6090
2026-04-25 09:32:05,547 - INFO -     >>> Val MAE Details: ['81.8882', '86.0619', '119.3480']
2026-04-25 09:32:05,547 - INFO - ⏳ No improvement. Patience: 2/50
2026-04-25 09:45:47,200 - INFO - [Epoch 57] Train Loss: 0.0398 | LR: 0.000081
2026-04-25 09:45:47,200 - INFO -     >>> Val Avg RMSE (Real): 118.7730
2026-04-25 09:45:47,200 - INFO -     >>> Val MAE Details: ['76.8144', '81.0366', '106.8732']
2026-04-25 09:45:48,285 - INFO - 💾 Saved Best Model to ./logs/QMugs_repr_hybrid_fusion_UniFieldNet_Task3_20260424_203119/best_model.pth
2026-04-25 09:59:37,884 - INFO - [Epoch 58] Train Loss: 0.0394 | LR: 0.000081
2026-04-25 09:59:37,885 - INFO -     >>> Val Avg RMSE (Real): 135.0932
2026-04-25 09:59:37,885 - INFO -     >>> Val MAE Details: ['94.9938', '87.0521', '125.6225']
2026-04-25 09:59:37,885 - INFO - ⏳ No improvement. Patience: 1/50
2026-04-25 10:13:23,163 - INFO - [Epoch 59] Train Loss: 0.0389 | LR: 0.000080
2026-04-25 10:13:23,164 - INFO -     >>> Val Avg RMSE (Real): 121.7929
2026-04-25 10:13:23,164 - INFO -     >>> Val MAE Details: ['79.7865', '86.4835', '109.3844']
2026-04-25 10:13:23,164 - INFO - ⏳ No improvement. Patience: 2/50
2026-04-25 10:27:20,171 - INFO - [Epoch 60] Train Loss: 0.0387 | LR: 0.000079
2026-04-25 10:27:20,172 - INFO -     >>> Val Avg RMSE (Real): 123.2253
2026-04-25 10:27:20,172 - INFO -     >>> Val MAE Details: ['78.4156', '83.5379', '114.5458']
2026-04-25 10:27:20,172 - INFO - ⏳ No improvement. Patience: 3/50
2026-04-25 10:41:23,019 - INFO - [Epoch 61] Train Loss: 0.0381 | LR: 0.000079
2026-04-25 10:41:23,019 - INFO -     >>> Val Avg RMSE (Real): 120.9853
2026-04-25 10:41:23,019 - INFO -     >>> Val MAE Details: ['83.9709', '81.4481', '106.1979']
2026-04-25 10:41:23,020 - INFO - ⏳ No improvement. Patience: 4/50
2026-04-25 10:55:21,924 - INFO - [Epoch 62] Train Loss: 0.0376 | LR: 0.000078
2026-04-25 10:55:21,925 - INFO -     >>> Val Avg RMSE (Real): 123.6656
2026-04-25 10:55:21,925 - INFO -     >>> Val MAE Details: ['89.5481', '80.4419', '110.3633']
2026-04-25 10:55:21,925 - INFO - ⏳ No improvement. Patience: 5/50
2026-04-25 11:09:24,048 - INFO - [Epoch 63] Train Loss: 0.0377 | LR: 0.000077
2026-04-25 11:09:24,049 - INFO -     >>> Val Avg RMSE (Real): 124.2192
2026-04-25 11:09:24,049 - INFO -     >>> Val MAE Details: ['78.2210', '89.0660', '113.0018']
2026-04-25 11:09:24,049 - INFO - ⏳ No improvement. Patience: 6/50
2026-04-25 11:23:19,855 - INFO - [Epoch 64] Train Loss: 0.0375 | LR: 0.000077
2026-04-25 11:23:19,855 - INFO -     >>> Val Avg RMSE (Real): 118.3458
2026-04-25 11:23:19,855 - INFO -     >>> Val MAE Details: ['80.9973', '77.6801', '105.7058']
2026-04-25 11:23:20,826 - INFO - 💾 Saved Best Model to ./logs/QMugs_repr_hybrid_fusion_UniFieldNet_Task3_20260424_203119/best_model.pth
2026-04-25 11:37:23,060 - INFO - [Epoch 65] Train Loss: 0.0375 | LR: 0.000076
2026-04-25 11:37:23,060 - INFO -     >>> Val Avg RMSE (Real): 120.3852
2026-04-25 11:37:23,061 - INFO -     >>> Val MAE Details: ['81.4941', '78.8115', '111.0669']
2026-04-25 11:37:23,061 - INFO - ⏳ No improvement. Patience: 1/50
2026-04-25 11:51:23,941 - INFO - [Epoch 66] Train Loss: 0.0375 | LR: 0.000075
2026-04-25 11:51:23,941 - INFO -     >>> Val Avg RMSE (Real): 117.9338
2026-04-25 11:51:23,941 - INFO -     >>> Val MAE Details: ['75.0806', '82.5021', '105.8593']
2026-04-25 11:51:25,256 - INFO - 💾 Saved Best Model to ./logs/QMugs_repr_hybrid_fusion_UniFieldNet_Task3_20260424_203119/best_model.pth
2026-04-25 12:05:28,212 - INFO - [Epoch 67] Train Loss: 0.0371 | LR: 0.000075
2026-04-25 12:05:28,212 - INFO -     >>> Val Avg RMSE (Real): 123.2626
2026-04-25 12:05:28,213 - INFO -     >>> Val MAE Details: ['88.3247', '83.1295', '108.8997']
2026-04-25 12:05:28,213 - INFO - ⏳ No improvement. Patience: 1/50
2026-04-25 12:19:30,029 - INFO - [Epoch 68] Train Loss: 0.0370 | LR: 0.000074
2026-04-25 12:19:30,030 - INFO -     >>> Val Avg RMSE (Real): 132.5342
2026-04-25 12:19:30,030 - INFO -     >>> Val MAE Details: ['85.2847', '85.3234', '127.7586']
2026-04-25 12:19:30,030 - INFO - ⏳ No improvement. Patience: 2/50
2026-04-25 12:33:24,649 - INFO - [Epoch 69] Train Loss: 0.0365 | LR: 0.000073
2026-04-25 12:33:24,650 - INFO -     >>> Val Avg RMSE (Real): 119.9744
2026-04-25 12:33:24,650 - INFO -     >>> Val MAE Details: ['79.8324', '84.2574', '106.2378']
2026-04-25 12:33:24,650 - INFO - ⏳ No improvement. Patience: 3/50
2026-04-25 12:47:25,861 - INFO - [Epoch 70] Train Loss: 0.0360 | LR: 0.000073
2026-04-25 12:47:25,862 - INFO -     >>> Val Avg RMSE (Real): 124.8350
2026-04-25 12:47:25,862 - INFO -     >>> Val MAE Details: ['91.8776', '88.0866', '106.6122']
2026-04-25 12:47:25,862 - INFO - ⏳ No improvement. Patience: 4/50
2026-04-25 13:01:28,637 - INFO - [Epoch 71] Train Loss: 0.0361 | LR: 0.000072
2026-04-25 13:01:28,638 - INFO -     >>> Val Avg RMSE (Real): 130.8455
2026-04-25 13:01:28,638 - INFO -     >>> Val MAE Details: ['98.2646', '94.8299', '109.0032']
2026-04-25 13:01:28,638 - INFO - ⏳ No improvement. Patience: 5/50
2026-04-25 13:15:30,721 - INFO - [Epoch 72] Train Loss: 0.0360 | LR: 0.000071
2026-04-25 13:15:30,722 - INFO -     >>> Val Avg RMSE (Real): 121.8852
2026-04-25 13:15:30,722 - INFO -     >>> Val MAE Details: ['77.4057', '84.7700', '111.0663']
2026-04-25 13:15:30,722 - INFO - ⏳ No improvement. Patience: 6/50
2026-04-25 13:29:32,234 - INFO - [Epoch 73] Train Loss: 0.0360 | LR: 0.000071
2026-04-25 13:29:32,235 - INFO -     >>> Val Avg RMSE (Real): 119.8501
2026-04-25 13:29:32,235 - INFO -     >>> Val MAE Details: ['76.9216', '87.3493', '107.5854']
2026-04-25 13:29:32,235 - INFO - ⏳ No improvement. Patience: 7/50
2026-04-25 13:43:33,431 - INFO - [Epoch 74] Train Loss: 0.0354 | LR: 0.000070
2026-04-25 13:43:33,431 - INFO -     >>> Val Avg RMSE (Real): 116.9682
2026-04-25 13:43:33,432 - INFO -     >>> Val MAE Details: ['82.3871', '76.3798', '103.8423']
2026-04-25 13:43:34,533 - INFO - 💾 Saved Best Model to ./logs/QMugs_repr_hybrid_fusion_UniFieldNet_Task3_20260424_203119/best_model.pth
2026-04-25 13:57:37,837 - INFO - [Epoch 75] Train Loss: 0.0352 | LR: 0.000069
2026-04-25 13:57:37,838 - INFO -     >>> Val Avg RMSE (Real): 126.9342
2026-04-25 13:57:37,838 - INFO -     >>> Val MAE Details: ['92.1188', '80.2566', '115.9982']
2026-04-25 13:57:37,838 - INFO - ⏳ No improvement. Patience: 1/50
2026-04-25 14:11:39,377 - INFO - [Epoch 76] Train Loss: 0.0354 | LR: 0.000068
2026-04-25 14:11:39,377 - INFO -     >>> Val Avg RMSE (Real): 119.0339
2026-04-25 14:11:39,378 - INFO -     >>> Val MAE Details: ['82.1447', '79.5022', '106.6234']
2026-04-25 14:11:39,378 - INFO - ⏳ No improvement. Patience: 2/50
2026-04-25 14:25:34,654 - INFO - [Epoch 77] Train Loss: 0.0352 | LR: 0.000068
2026-04-25 14:25:34,654 - INFO -     >>> Val Avg RMSE (Real): 115.5826
2026-04-25 14:25:34,654 - INFO -     >>> Val MAE Details: ['80.2871', '79.0759', '101.0942']
2026-04-25 14:25:35,577 - INFO - 💾 Saved Best Model to ./logs/QMugs_repr_hybrid_fusion_UniFieldNet_Task3_20260424_203119/best_model.pth
2026-04-25 14:39:25,136 - INFO - [Epoch 78] Train Loss: 0.0351 | LR: 0.000067
2026-04-25 14:39:25,137 - INFO -     >>> Val Avg RMSE (Real): 119.4527
2026-04-25 14:39:25,137 - INFO -     >>> Val MAE Details: ['77.9863', '82.5217', '109.4786']
2026-04-25 14:39:25,137 - INFO - ⏳ No improvement. Patience: 1/50
2026-04-25 14:53:16,563 - INFO - [Epoch 79] Train Loss: 0.0343 | LR: 0.000066
2026-04-25 14:53:16,563 - INFO -     >>> Val Avg RMSE (Real): 120.9986
2026-04-25 14:53:16,563 - INFO -     >>> Val MAE Details: ['82.4737', '82.7946', '111.1884']
2026-04-25 14:53:16,563 - INFO - ⏳ No improvement. Patience: 2/50
2026-04-25 15:07:06,932 - INFO - [Epoch 80] Train Loss: 0.0343 | LR: 0.000065
2026-04-25 15:07:06,933 - INFO -     >>> Val Avg RMSE (Real): 123.5052
2026-04-25 15:07:06,933 - INFO -     >>> Val MAE Details: ['78.6510', '82.4977', '118.4102']
2026-04-25 15:07:06,933 - INFO - ⏳ No improvement. Patience: 3/50
2026-04-25 15:20:56,890 - INFO - [Epoch 81] Train Loss: 0.0344 | LR: 0.000065
2026-04-25 15:20:56,890 - INFO -     >>> Val Avg RMSE (Real): 115.1087
2026-04-25 15:20:56,890 - INFO -     >>> Val MAE Details: ['77.4180', '77.5301', '103.9694']
2026-04-25 15:20:57,834 - INFO - 💾 Saved Best Model to ./logs/QMugs_repr_hybrid_fusion_UniFieldNet_Task3_20260424_203119/best_model.pth
2026-04-25 15:34:48,624 - INFO - [Epoch 82] Train Loss: 0.0338 | LR: 0.000064
2026-04-25 15:34:48,625 - INFO -     >>> Val Avg RMSE (Real): 119.9197
2026-04-25 15:34:48,625 - INFO -     >>> Val MAE Details: ['78.6774', '85.6999', '106.2677']
2026-04-25 15:34:48,625 - INFO - ⏳ No improvement. Patience: 1/50
2026-04-25 15:48:39,236 - INFO - [Epoch 83] Train Loss: 0.0340 | LR: 0.000063
2026-04-25 15:48:39,236 - INFO -     >>> Val Avg RMSE (Real): 118.2729
2026-04-25 15:48:39,236 - INFO -     >>> Val MAE Details: ['78.7868', '81.9146', '103.1649']
2026-04-25 15:48:39,237 - INFO - ⏳ No improvement. Patience: 2/50
2026-04-25 16:02:30,342 - INFO - [Epoch 84] Train Loss: 0.0338 | LR: 0.000062
2026-04-25 16:02:30,342 - INFO -     >>> Val Avg RMSE (Real): 111.4032
2026-04-25 16:02:30,342 - INFO -     >>> Val MAE Details: ['73.5899', '75.2898', '100.0016']
2026-04-25 16:02:31,269 - INFO - 💾 Saved Best Model to ./logs/QMugs_repr_hybrid_fusion_UniFieldNet_Task3_20260424_203119/best_model.pth
2026-04-25 16:16:20,770 - INFO - [Epoch 85] Train Loss: 0.0335 | LR: 0.000062
2026-04-25 16:16:20,771 - INFO -     >>> Val Avg RMSE (Real): 118.0151
2026-04-25 16:16:20,771 - INFO -     >>> Val MAE Details: ['75.0436', '88.3613', '103.3012']
2026-04-25 16:16:20,771 - INFO - ⏳ No improvement. Patience: 1/50
2026-04-25 16:30:21,954 - INFO - [Epoch 86] Train Loss: 0.0337 | LR: 0.000061
2026-04-25 16:30:21,955 - INFO -     >>> Val Avg RMSE (Real): 119.6956
2026-04-25 16:30:21,955 - INFO -     >>> Val MAE Details: ['76.1652', '80.5478', '110.0864']
2026-04-25 16:30:21,955 - INFO - ⏳ No improvement. Patience: 2/50
2026-04-25 16:44:26,516 - INFO - [Epoch 87] Train Loss: 0.0333 | LR: 0.000060
2026-04-25 16:44:26,516 - INFO -     >>> Val Avg RMSE (Real): 124.8499
2026-04-25 16:44:26,516 - INFO -     >>> Val MAE Details: ['76.8684', '102.4837', '106.9246']
2026-04-25 16:44:26,516 - INFO - ⏳ No improvement. Patience: 3/50
2026-04-25 16:58:29,927 - INFO - [Epoch 88] Train Loss: 0.0331 | LR: 0.000059
2026-04-25 16:58:29,928 - INFO -     >>> Val Avg RMSE (Real): 111.4097
2026-04-25 16:58:29,928 - INFO -     >>> Val MAE Details: ['74.0078', '76.2253', '99.1028']
2026-04-25 16:58:29,928 - INFO - ⏳ No improvement. Patience: 4/50
2026-04-25 17:12:32,813 - INFO - [Epoch 89] Train Loss: 0.0331 | LR: 0.000059
2026-04-25 17:12:32,814 - INFO -     >>> Val Avg RMSE (Real): 115.2410
2026-04-25 17:12:32,814 - INFO -     >>> Val MAE Details: ['76.7159', '79.5771', '104.0528']
2026-04-25 17:12:32,814 - INFO - ⏳ No improvement. Patience: 5/50
2026-04-25 17:26:36,192 - INFO - [Epoch 90] Train Loss: 0.0330 | LR: 0.000058
2026-04-25 17:26:36,192 - INFO -     >>> Val Avg RMSE (Real): 127.0462
2026-04-25 17:26:36,193 - INFO -     >>> Val MAE Details: ['91.4996', '77.3068', '124.0537']
2026-04-25 17:26:36,193 - INFO - ⏳ No improvement. Patience: 6/50
2026-04-25 17:40:41,294 - INFO - [Epoch 91] Train Loss: 0.0325 | LR: 0.000057
2026-04-25 17:40:41,295 - INFO -     >>> Val Avg RMSE (Real): 112.8584
2026-04-25 17:40:41,295 - INFO -     >>> Val MAE Details: ['75.2699', '77.6682', '99.8780']
2026-04-25 17:40:41,295 - INFO - ⏳ No improvement. Patience: 7/50
2026-04-25 17:54:49,195 - INFO - [Epoch 92] Train Loss: 0.0330 | LR: 0.000056
2026-04-25 17:54:49,196 - INFO -     >>> Val Avg RMSE (Real): 115.2926
2026-04-25 17:54:49,196 - INFO -     >>> Val MAE Details: ['76.2533', '82.6963', '101.8649']
2026-04-25 17:54:49,196 - INFO - ⏳ No improvement. Patience: 8/50
2026-04-25 18:08:52,331 - INFO - [Epoch 93] Train Loss: 0.0322 | LR: 0.000055
2026-04-25 18:08:52,331 - INFO -     >>> Val Avg RMSE (Real): 112.3656
2026-04-25 18:08:52,331 - INFO -     >>> Val MAE Details: ['75.9346', '73.5014', '102.1203']
2026-04-25 18:08:52,332 - INFO - ⏳ No improvement. Patience: 9/50
2026-04-25 18:22:49,153 - INFO - [Epoch 94] Train Loss: 0.0325 | LR: 0.000055
2026-04-25 18:22:49,154 - INFO -     >>> Val Avg RMSE (Real): 130.9296
2026-04-25 18:22:49,154 - INFO -     >>> Val MAE Details: ['73.1566', '103.2433', '122.5936']
2026-04-25 18:22:49,154 - INFO - ⏳ No improvement. Patience: 10/50
2026-04-25 18:36:46,146 - INFO - [Epoch 95] Train Loss: 0.0318 | LR: 0.000054
2026-04-25 18:36:46,146 - INFO -     >>> Val Avg RMSE (Real): 120.8087
2026-04-25 18:36:46,146 - INFO -     >>> Val MAE Details: ['86.6271', '74.3374', '111.0299']
2026-04-25 18:36:46,147 - INFO - ⏳ No improvement. Patience: 11/50
2026-04-25 18:50:50,191 - INFO - [Epoch 96] Train Loss: 0.0320 | LR: 0.000053
2026-04-25 18:50:50,192 - INFO -     >>> Val Avg RMSE (Real): 122.9005
2026-04-25 18:50:50,192 - INFO -     >>> Val MAE Details: ['83.0480', '97.7045', '100.7079']
2026-04-25 18:50:50,192 - INFO - ⏳ No improvement. Patience: 12/50
2026-04-25 19:04:52,029 - INFO - [Epoch 97] Train Loss: 0.0315 | LR: 0.000052
2026-04-25 19:04:52,030 - INFO -     >>> Val Avg RMSE (Real): 115.9188
2026-04-25 19:04:52,030 - INFO -     >>> Val MAE Details: ['80.7508', '85.6035', '96.8798']
2026-04-25 19:04:52,030 - INFO - ⏳ No improvement. Patience: 13/50
2026-04-25 19:18:50,509 - INFO - [Epoch 98] Train Loss: 0.0318 | LR: 0.000052
2026-04-25 19:18:50,509 - INFO -     >>> Val Avg RMSE (Real): 114.2750
2026-04-25 19:18:50,509 - INFO -     >>> Val MAE Details: ['74.9874', '81.9390', '99.7276']
2026-04-25 19:18:50,510 - INFO - ⏳ No improvement. Patience: 14/50
2026-04-25 19:32:42,363 - INFO - [Epoch 99] Train Loss: 0.0314 | LR: 0.000051
2026-04-25 19:32:42,364 - INFO -     >>> Val Avg RMSE (Real): 113.1085
2026-04-25 19:32:42,364 - INFO -     >>> Val MAE Details: ['81.5064', '75.8685', '97.5610']
2026-04-25 19:32:42,364 - INFO - ⏳ No improvement. Patience: 15/50
2026-04-25 19:46:33,366 - INFO - [Epoch 100] Train Loss: 0.0312 | LR: 0.000050
2026-04-25 19:46:33,367 - INFO -     >>> Val Avg RMSE (Real): 114.7489
2026-04-25 19:46:33,367 - INFO -     >>> Val MAE Details: ['77.6506', '74.5319', '106.1575']
2026-04-25 19:46:33,367 - INFO - ⏳ No improvement. Patience: 16/50
2026-04-25 20:00:27,139 - INFO - [Epoch 101] Train Loss: 0.0312 | LR: 0.000049
2026-04-25 20:00:27,140 - INFO -     >>> Val Avg RMSE (Real): 112.0049
2026-04-25 20:00:27,140 - INFO -     >>> Val MAE Details: ['77.0313', '76.8568', '98.4653']
2026-04-25 20:00:27,140 - INFO - ⏳ No improvement. Patience: 17/50
2026-04-25 20:14:31,231 - INFO - [Epoch 102] Train Loss: 0.0315 | LR: 0.000048
2026-04-25 20:14:31,232 - INFO -     >>> Val Avg RMSE (Real): 114.3997
2026-04-25 20:14:31,232 - INFO -     >>> Val MAE Details: ['75.3175', '80.8090', '101.9741']
2026-04-25 20:14:31,232 - INFO - ⏳ No improvement. Patience: 18/50
2026-04-25 20:28:33,164 - INFO - [Epoch 103] Train Loss: 0.0309 | LR: 0.000048
2026-04-25 20:28:33,165 - INFO -     >>> Val Avg RMSE (Real): 107.5794
2026-04-25 20:28:33,165 - INFO -     >>> Val MAE Details: ['72.1516', '73.2084', '95.1668']
2026-04-25 20:28:34,123 - INFO - 💾 Saved Best Model to ./logs/QMugs_repr_hybrid_fusion_UniFieldNet_Task3_20260424_203119/best_model.pth
2026-04-25 20:42:36,847 - INFO - [Epoch 104] Train Loss: 0.0307 | LR: 0.000047
2026-04-25 20:42:36,847 - INFO -     >>> Val Avg RMSE (Real): 113.3906
2026-04-25 20:42:36,848 - INFO -     >>> Val MAE Details: ['77.6833', '77.5252', '100.3957']
2026-04-25 20:42:36,848 - INFO - ⏳ No improvement. Patience: 1/50
2026-04-25 20:56:32,997 - INFO - [Epoch 105] Train Loss: 0.0305 | LR: 0.000046
2026-04-25 20:56:32,998 - INFO -     >>> Val Avg RMSE (Real): 110.6452
2026-04-25 20:56:32,998 - INFO -     >>> Val MAE Details: ['73.4511', '73.6240', '100.5239']
2026-04-25 20:56:32,998 - INFO - ⏳ No improvement. Patience: 2/50
2026-04-25 21:10:25,280 - INFO - [Epoch 106] Train Loss: 0.0304 | LR: 0.000045
2026-04-25 21:10:25,281 - INFO -     >>> Val Avg RMSE (Real): 107.0465
2026-04-25 21:10:25,281 - INFO -     >>> Val MAE Details: ['69.7955', '72.1916', '96.3838']
2026-04-25 21:10:26,252 - INFO - 💾 Saved Best Model to ./logs/QMugs_repr_hybrid_fusion_UniFieldNet_Task3_20260424_203119/best_model.pth
2026-04-25 21:24:19,437 - INFO - [Epoch 107] Train Loss: 0.0303 | LR: 0.000045
2026-04-25 21:24:19,438 - INFO -     >>> Val Avg RMSE (Real): 112.5015
2026-04-25 21:24:19,438 - INFO -     >>> Val MAE Details: ['74.7714', '78.0237', '99.0606']
2026-04-25 21:24:19,438 - INFO - ⏳ No improvement. Patience: 1/50
2026-04-25 21:38:16,533 - INFO - [Epoch 108] Train Loss: 0.0306 | LR: 0.000044
2026-04-25 21:38:16,534 - INFO -     >>> Val Avg RMSE (Real): 109.1316
2026-04-25 21:38:16,534 - INFO -     >>> Val MAE Details: ['73.8107', '74.3346', '96.0670']
2026-04-25 21:38:16,534 - INFO - ⏳ No improvement. Patience: 2/50
2026-04-25 21:52:18,149 - INFO - [Epoch 109] Train Loss: 0.0300 | LR: 0.000043
2026-04-25 21:52:18,150 - INFO -     >>> Val Avg RMSE (Real): 107.5822
2026-04-25 21:52:18,150 - INFO -     >>> Val MAE Details: ['70.1528', '71.7452', '96.9015']
2026-04-25 21:52:18,150 - INFO - ⏳ No improvement. Patience: 3/50
2026-04-25 22:06:19,694 - INFO - [Epoch 110] Train Loss: 0.0297 | LR: 0.000042
2026-04-25 22:06:19,694 - INFO -     >>> Val Avg RMSE (Real): 118.0443
2026-04-25 22:06:19,695 - INFO -     >>> Val MAE Details: ['68.0832', '91.3141', '104.3350']
2026-04-25 22:06:19,695 - INFO - ⏳ No improvement. Patience: 4/50
2026-04-25 22:20:22,533 - INFO - [Epoch 111] Train Loss: 0.0299 | LR: 0.000041
2026-04-25 22:20:22,534 - INFO -     >>> Val Avg RMSE (Real): 113.0781
2026-04-25 22:20:22,534 - INFO -     >>> Val MAE Details: ['73.9502', '74.5033', '104.0661']
2026-04-25 22:20:22,534 - INFO - ⏳ No improvement. Patience: 5/50
2026-04-25 22:34:18,979 - INFO - [Epoch 112] Train Loss: 0.0296 | LR: 0.000041
2026-04-25 22:34:18,979 - INFO -     >>> Val Avg RMSE (Real): 108.6188
2026-04-25 22:34:18,980 - INFO -     >>> Val MAE Details: ['70.7673', '71.8934', '98.3741']
2026-04-25 22:34:18,980 - INFO - ⏳ No improvement. Patience: 6/50
2026-04-25 22:48:12,246 - INFO - [Epoch 113] Train Loss: 0.0297 | LR: 0.000040
2026-04-25 22:48:12,247 - INFO -     >>> Val Avg RMSE (Real): 108.5340
2026-04-25 22:48:12,247 - INFO -     >>> Val MAE Details: ['67.5678', '76.1909', '98.0586']
2026-04-25 22:48:12,247 - INFO - ⏳ No improvement. Patience: 7/50
2026-04-25 23:02:05,823 - INFO - [Epoch 114] Train Loss: 0.0296 | LR: 0.000039
2026-04-25 23:02:05,824 - INFO -     >>> Val Avg RMSE (Real): 119.3963
2026-04-25 23:02:05,824 - INFO -     >>> Val MAE Details: ['81.5170', '73.6830', '116.2807']
2026-04-25 23:02:05,824 - INFO - ⏳ No improvement. Patience: 8/50
2026-04-25 23:15:55,370 - INFO - [Epoch 115] Train Loss: 0.0293 | LR: 0.000038
2026-04-25 23:15:55,371 - INFO -     >>> Val Avg RMSE (Real): 107.1232
2026-04-25 23:15:55,371 - INFO -     >>> Val MAE Details: ['68.8861', '73.8126', '95.0880']
2026-04-25 23:15:55,371 - INFO - ⏳ No improvement. Patience: 9/50
2026-04-25 23:29:44,320 - INFO - [Epoch 116] Train Loss: 0.0294 | LR: 0.000038
2026-04-25 23:29:44,320 - INFO -     >>> Val Avg RMSE (Real): 110.5094
2026-04-25 23:29:44,321 - INFO -     >>> Val MAE Details: ['70.8622', '74.6803', '104.6933']
2026-04-25 23:29:44,321 - INFO - ⏳ No improvement. Patience: 10/50
2026-04-25 23:43:43,403 - INFO - [Epoch 117] Train Loss: 0.0291 | LR: 0.000037
2026-04-25 23:43:43,404 - INFO -     >>> Val Avg RMSE (Real): 106.8354
2026-04-25 23:43:43,404 - INFO -     >>> Val MAE Details: ['69.6131', '71.6395', '95.9757']
2026-04-25 23:43:44,517 - INFO - 💾 Saved Best Model to ./logs/QMugs_repr_hybrid_fusion_UniFieldNet_Task3_20260424_203119/best_model.pth
2026-04-25 23:57:46,640 - INFO - [Epoch 118] Train Loss: 0.0289 | LR: 0.000036
2026-04-25 23:57:46,640 - INFO -     >>> Val Avg RMSE (Real): 111.1272
2026-04-25 23:57:46,640 - INFO -     >>> Val MAE Details: ['69.8576', '74.2998', '103.5407']
2026-04-25 23:57:46,641 - INFO - ⏳ No improvement. Patience: 1/50
2026-04-26 00:11:43,869 - INFO - [Epoch 119] Train Loss: 0.0288 | LR: 0.000035
2026-04-26 00:11:43,870 - INFO -     >>> Val Avg RMSE (Real): 113.3760
2026-04-26 00:11:43,870 - INFO -     >>> Val MAE Details: ['70.2402', '80.9962', '101.4338']
2026-04-26 00:11:43,870 - INFO - ⏳ No improvement. Patience: 2/50
2026-04-26 00:25:42,515 - INFO - [Epoch 120] Train Loss: 0.0285 | LR: 0.000035
2026-04-26 00:25:42,516 - INFO -     >>> Val Avg RMSE (Real): 107.6613
2026-04-26 00:25:42,516 - INFO -     >>> Val MAE Details: ['68.1477', '76.2107', '96.3492']
2026-04-26 00:25:42,516 - INFO - ⏳ No improvement. Patience: 3/50
2026-04-26 00:39:35,393 - INFO - [Epoch 121] Train Loss: 0.0286 | LR: 0.000034
2026-04-26 00:39:35,394 - INFO -     >>> Val Avg RMSE (Real): 109.5802
2026-04-26 00:39:35,394 - INFO -     >>> Val MAE Details: ['68.9616', '78.4249', '98.2195']
2026-04-26 00:39:35,394 - INFO - ⏳ No improvement. Patience: 4/50
2026-04-26 00:53:36,968 - INFO - [Epoch 122] Train Loss: 0.0281 | LR: 0.000033
2026-04-26 00:53:36,969 - INFO -     >>> Val Avg RMSE (Real): 107.9841
2026-04-26 00:53:36,969 - INFO -     >>> Val MAE Details: ['75.6805', '70.8525', '95.8601']
2026-04-26 00:53:36,969 - INFO - ⏳ No improvement. Patience: 5/50
2026-04-26 01:07:37,492 - INFO - [Epoch 123] Train Loss: 0.0283 | LR: 0.000032
2026-04-26 01:07:37,492 - INFO -     >>> Val Avg RMSE (Real): 103.7214
2026-04-26 01:07:37,493 - INFO -     >>> Val MAE Details: ['67.0702', '70.4359', '93.1007']
2026-04-26 01:07:38,468 - INFO - 💾 Saved Best Model to ./logs/QMugs_repr_hybrid_fusion_UniFieldNet_Task3_20260424_203119/best_model.pth
2026-04-26 01:21:38,991 - INFO - [Epoch 124] Train Loss: 0.0281 | LR: 0.000032
2026-04-26 01:21:38,992 - INFO -     >>> Val Avg RMSE (Real): 108.9478
2026-04-26 01:21:38,992 - INFO -     >>> Val MAE Details: ['70.9380', '76.8685', '96.2338']
2026-04-26 01:21:38,992 - INFO - ⏳ No improvement. Patience: 1/50
2026-04-26 01:35:41,356 - INFO - [Epoch 125] Train Loss: 0.0279 | LR: 0.000031
2026-04-26 01:35:41,356 - INFO -     >>> Val Avg RMSE (Real): 108.6565
2026-04-26 01:35:41,357 - INFO -     >>> Val MAE Details: ['72.4786', '71.0454', '98.5674']
2026-04-26 01:35:41,357 - INFO - ⏳ No improvement. Patience: 2/50
2026-04-26 01:49:42,458 - INFO - [Epoch 126] Train Loss: 0.0278 | LR: 0.000030
2026-04-26 01:49:42,459 - INFO -     >>> Val Avg RMSE (Real): 108.5094
2026-04-26 01:49:42,459 - INFO -     >>> Val MAE Details: ['67.6481', '78.1674', '95.0266']
2026-04-26 01:49:42,459 - INFO - ⏳ No improvement. Patience: 3/50
2026-04-26 02:03:42,298 - INFO - [Epoch 127] Train Loss: 0.0279 | LR: 0.000029
2026-04-26 02:03:42,299 - INFO -     >>> Val Avg RMSE (Real): 106.4458
2026-04-26 02:03:42,299 - INFO -     >>> Val MAE Details: ['71.0816', '73.4922', '94.4014']
2026-04-26 02:03:42,299 - INFO - ⏳ No improvement. Patience: 4/50
2026-04-26 02:17:44,838 - INFO - [Epoch 128] Train Loss: 0.0277 | LR: 0.000029
2026-04-26 02:17:44,838 - INFO -     >>> Val Avg RMSE (Real): 116.2038
2026-04-26 02:17:44,839 - INFO -     >>> Val MAE Details: ['71.2915', '81.0034', '112.0304']
2026-04-26 02:17:44,839 - INFO - ⏳ No improvement. Patience: 5/50
2026-04-26 02:31:42,546 - INFO - [Epoch 129] Train Loss: 0.0274 | LR: 0.000028
2026-04-26 02:31:42,546 - INFO -     >>> Val Avg RMSE (Real): 105.2155
2026-04-26 02:31:42,547 - INFO -     >>> Val MAE Details: ['67.7863', '69.9826', '96.5439']
2026-04-26 02:31:42,547 - INFO - ⏳ No improvement. Patience: 6/50
2026-04-26 02:45:46,514 - INFO - [Epoch 130] Train Loss: 0.0276 | LR: 0.000027
2026-04-26 02:45:46,515 - INFO -     >>> Val Avg RMSE (Real): 103.2727
2026-04-26 02:45:46,515 - INFO -     >>> Val MAE Details: ['68.4541', '68.6080', '92.5160']
2026-04-26 02:45:47,605 - INFO - 💾 Saved Best Model to ./logs/QMugs_repr_hybrid_fusion_UniFieldNet_Task3_20260424_203119/best_model.pth
2026-04-26 02:59:50,001 - INFO - [Epoch 131] Train Loss: 0.0270 | LR: 0.000027
2026-04-26 02:59:50,002 - INFO -     >>> Val Avg RMSE (Real): 109.9790
2026-04-26 02:59:50,002 - INFO -     >>> Val MAE Details: ['70.4736', '74.7821', '101.7953']
2026-04-26 02:59:50,002 - INFO - ⏳ No improvement. Patience: 1/50
2026-04-26 03:13:51,992 - INFO - [Epoch 132] Train Loss: 0.0273 | LR: 0.000026
2026-04-26 03:13:51,993 - INFO -     >>> Val Avg RMSE (Real): 110.6477
2026-04-26 03:13:51,993 - INFO -     >>> Val MAE Details: ['77.3936', '82.4970', '92.4284']
2026-04-26 03:13:51,993 - INFO - ⏳ No improvement. Patience: 2/50
2026-04-26 03:27:51,095 - INFO - [Epoch 133] Train Loss: 0.0269 | LR: 0.000025
2026-04-26 03:27:51,096 - INFO -     >>> Val Avg RMSE (Real): 107.2150
2026-04-26 03:27:51,096 - INFO -     >>> Val MAE Details: ['70.2724', '74.1963', '95.0845']
2026-04-26 03:27:51,096 - INFO - ⏳ No improvement. Patience: 3/50
2026-04-26 03:41:52,720 - INFO - [Epoch 134] Train Loss: 0.0270 | LR: 0.000025
2026-04-26 03:41:52,720 - INFO -     >>> Val Avg RMSE (Real): 102.8931
2026-04-26 03:41:52,720 - INFO -     >>> Val MAE Details: ['68.6100', '68.0564', '92.0091']
2026-04-26 03:41:53,713 - INFO - 💾 Saved Best Model to ./logs/QMugs_repr_hybrid_fusion_UniFieldNet_Task3_20260424_203119/best_model.pth
2026-04-26 03:55:55,167 - INFO - [Epoch 135] Train Loss: 0.0268 | LR: 0.000024
2026-04-26 03:55:55,167 - INFO -     >>> Val Avg RMSE (Real): 104.9349
2026-04-26 03:55:55,167 - INFO -     >>> Val MAE Details: ['68.5429', '70.4556', '95.0359']
2026-04-26 03:55:55,167 - INFO - ⏳ No improvement. Patience: 1/50
2026-04-26 04:09:54,936 - INFO - [Epoch 136] Train Loss: 0.0266 | LR: 0.000023
2026-04-26 04:09:54,936 - INFO -     >>> Val Avg RMSE (Real): 104.6889
2026-04-26 04:09:54,936 - INFO -     >>> Val MAE Details: ['70.4070', '73.2695', '90.8573']
2026-04-26 04:09:54,936 - INFO - ⏳ No improvement. Patience: 2/50
2026-04-26 04:23:49,534 - INFO - [Epoch 137] Train Loss: 0.0262 | LR: 0.000023
2026-04-26 04:23:49,535 - INFO -     >>> Val Avg RMSE (Real): 105.3343
2026-04-26 04:23:49,535 - INFO -     >>> Val MAE Details: ['65.5406', '72.8048', '94.8467']
2026-04-26 04:23:49,535 - INFO - ⏳ No improvement. Patience: 3/50
2026-04-26 04:37:49,764 - INFO - [Epoch 138] Train Loss: 0.0266 | LR: 0.000022
2026-04-26 04:37:49,764 - INFO -     >>> Val Avg RMSE (Real): 107.5175
2026-04-26 04:37:49,764 - INFO -     >>> Val MAE Details: ['68.1376', '75.7297', '96.0809']
2026-04-26 04:37:49,765 - INFO - ⏳ No improvement. Patience: 4/50
2026-04-26 04:51:50,536 - INFO - [Epoch 139] Train Loss: 0.0263 | LR: 0.000021
2026-04-26 04:51:50,537 - INFO -     >>> Val Avg RMSE (Real): 110.4117
2026-04-26 04:51:50,537 - INFO -     >>> Val MAE Details: ['74.0018', '70.0230', '104.7522']
2026-04-26 04:51:50,537 - INFO - ⏳ No improvement. Patience: 5/50
2026-04-26 05:05:52,504 - INFO - [Epoch 140] Train Loss: 0.0263 | LR: 0.000021
2026-04-26 05:05:52,504 - INFO -     >>> Val Avg RMSE (Real): 101.4294
2026-04-26 05:05:52,504 - INFO -     >>> Val MAE Details: ['67.1436', '67.1852', '90.1145']
2026-04-26 05:05:54,017 - INFO - 💾 Saved Best Model to ./logs/QMugs_repr_hybrid_fusion_UniFieldNet_Task3_20260424_203119/best_model.pth
2026-04-26 05:19:56,231 - INFO - [Epoch 141] Train Loss: 0.0261 | LR: 0.000020
2026-04-26 05:19:56,231 - INFO -     >>> Val Avg RMSE (Real): 103.9771
2026-04-26 05:19:56,232 - INFO -     >>> Val MAE Details: ['69.2376', '68.9803', '92.6331']
2026-04-26 05:19:56,232 - INFO - ⏳ No improvement. Patience: 1/50
2026-04-26 05:33:59,470 - INFO - [Epoch 142] Train Loss: 0.0262 | LR: 0.000019
2026-04-26 05:33:59,471 - INFO -     >>> Val Avg RMSE (Real): 104.9969
2026-04-26 05:33:59,471 - INFO -     >>> Val MAE Details: ['65.5998', '73.0365', '94.5883']
2026-04-26 05:33:59,471 - INFO - ⏳ No improvement. Patience: 2/50
2026-04-26 05:47:59,988 - INFO - [Epoch 143] Train Loss: 0.0259 | LR: 0.000019
2026-04-26 05:47:59,989 - INFO -     >>> Val Avg RMSE (Real): 102.5186
2026-04-26 05:47:59,989 - INFO -     >>> Val MAE Details: ['68.2097', '68.8909', '90.8185']
2026-04-26 05:47:59,989 - INFO - ⏳ No improvement. Patience: 3/50
2026-04-26 06:01:57,526 - INFO - [Epoch 144] Train Loss: 0.0257 | LR: 0.000018
2026-04-26 06:01:57,527 - INFO -     >>> Val Avg RMSE (Real): 103.7443
2026-04-26 06:01:57,527 - INFO -     >>> Val MAE Details: ['66.1418', '71.2375', '93.1597']
2026-04-26 06:01:57,527 - INFO - ⏳ No improvement. Patience: 4/50
2026-04-26 06:15:49,888 - INFO - [Epoch 145] Train Loss: 0.0256 | LR: 0.000018
2026-04-26 06:15:49,889 - INFO -     >>> Val Avg RMSE (Real): 102.5967
2026-04-26 06:15:49,889 - INFO -     >>> Val MAE Details: ['69.1246', '68.7838', '89.4413']
2026-04-26 06:15:49,889 - INFO - ⏳ No improvement. Patience: 5/50
2026-04-26 06:29:41,202 - INFO - [Epoch 146] Train Loss: 0.0256 | LR: 0.000017
2026-04-26 06:29:41,203 - INFO -     >>> Val Avg RMSE (Real): 100.1903
2026-04-26 06:29:41,203 - INFO -     >>> Val MAE Details: ['64.9341', '66.3639', '89.8588']
2026-04-26 06:29:42,290 - INFO - 💾 Saved Best Model to ./logs/QMugs_repr_hybrid_fusion_UniFieldNet_Task3_20260424_203119/best_model.pth
2026-04-26 06:43:33,899 - INFO - [Epoch 147] Train Loss: 0.0255 | LR: 0.000016
2026-04-26 06:43:33,899 - INFO -     >>> Val Avg RMSE (Real): 103.7398
2026-04-26 06:43:33,899 - INFO -     >>> Val MAE Details: ['65.0273', '70.9456', '93.3791']
2026-04-26 06:43:33,899 - INFO - ⏳ No improvement. Patience: 1/50
2026-04-26 06:57:25,141 - INFO - [Epoch 148] Train Loss: 0.0254 | LR: 0.000016
2026-04-26 06:57:25,142 - INFO -     >>> Val Avg RMSE (Real): 101.3818
2026-04-26 06:57:25,142 - INFO -     >>> Val MAE Details: ['64.6198', '71.1342', '89.6498']
2026-04-26 06:57:25,142 - INFO - ⏳ No improvement. Patience: 2/50
2026-04-26 07:11:17,577 - INFO - [Epoch 149] Train Loss: 0.0250 | LR: 0.000015
2026-04-26 07:11:17,578 - INFO -     >>> Val Avg RMSE (Real): 107.5173
2026-04-26 07:11:17,578 - INFO -     >>> Val MAE Details: ['66.0565', '82.8620', '94.0310']
2026-04-26 07:11:17,578 - INFO - ⏳ No improvement. Patience: 3/50
2026-04-26 07:25:08,074 - INFO - [Epoch 150] Train Loss: 0.0250 | LR: 0.000015
2026-04-26 07:25:08,075 - INFO -     >>> Val Avg RMSE (Real): 103.3738
2026-04-26 07:25:08,075 - INFO -     >>> Val MAE Details: ['65.0323', '74.9546', '91.1200']
2026-04-26 07:25:08,075 - INFO - ⏳ No improvement. Patience: 4/50
2026-04-26 07:38:59,582 - INFO - [Epoch 151] Train Loss: 0.0250 | LR: 0.000014
2026-04-26 07:38:59,583 - INFO -     >>> Val Avg RMSE (Real): 103.7746
2026-04-26 07:38:59,583 - INFO -     >>> Val MAE Details: ['67.5122', '73.6517', '90.6011']
2026-04-26 07:38:59,583 - INFO - ⏳ No improvement. Patience: 5/50
2026-04-26 07:52:52,970 - INFO - [Epoch 152] Train Loss: 0.0249 | LR: 0.000014
2026-04-26 07:52:52,970 - INFO -     >>> Val Avg RMSE (Real): 109.0459
2026-04-26 07:52:52,970 - INFO -     >>> Val MAE Details: ['65.4510', '78.5065', '101.5202']
2026-04-26 07:52:52,971 - INFO - ⏳ No improvement. Patience: 6/50
2026-04-26 08:06:45,404 - INFO - [Epoch 153] Train Loss: 0.0249 | LR: 0.000013
2026-04-26 08:06:45,404 - INFO -     >>> Val Avg RMSE (Real): 101.0967
2026-04-26 08:06:45,404 - INFO -     >>> Val MAE Details: ['64.0146', '69.1240', '90.8711']
2026-04-26 08:06:45,404 - INFO - ⏳ No improvement. Patience: 7/50
2026-04-26 08:20:38,665 - INFO - [Epoch 154] Train Loss: 0.0246 | LR: 0.000012
2026-04-26 08:20:38,666 - INFO -     >>> Val Avg RMSE (Real): 100.0404
2026-04-26 08:20:38,666 - INFO -     >>> Val MAE Details: ['64.2353', '67.5134', '88.6975']
2026-04-26 08:20:39,634 - INFO - 💾 Saved Best Model to ./logs/QMugs_repr_hybrid_fusion_UniFieldNet_Task3_20260424_203119/best_model.pth
2026-04-26 08:34:29,311 - INFO - [Epoch 155] Train Loss: 0.0246 | LR: 0.000012
2026-04-26 08:34:29,311 - INFO -     >>> Val Avg RMSE (Real): 101.1691
2026-04-26 08:34:29,311 - INFO -     >>> Val MAE Details: ['67.8339', '67.6321', '89.9897']
2026-04-26 08:34:29,311 - INFO - ⏳ No improvement. Patience: 1/50
2026-04-26 08:48:20,893 - INFO - [Epoch 156] Train Loss: 0.0244 | LR: 0.000011
2026-04-26 08:48:20,894 - INFO -     >>> Val Avg RMSE (Real): 101.1622
2026-04-26 08:48:20,894 - INFO -     >>> Val MAE Details: ['66.3703', '68.0694', '89.2713']
2026-04-26 08:48:20,894 - INFO - ⏳ No improvement. Patience: 2/50
2026-04-26 09:02:12,331 - INFO - [Epoch 157] Train Loss: 0.0242 | LR: 0.000011
2026-04-26 09:02:12,331 - INFO -     >>> Val Avg RMSE (Real): 99.4637
2026-04-26 09:02:12,332 - INFO -     >>> Val MAE Details: ['64.6151', '65.6510', '89.3450']
2026-04-26 09:02:13,487 - INFO - 💾 Saved Best Model to ./logs/QMugs_repr_hybrid_fusion_UniFieldNet_Task3_20260424_203119/best_model.pth
2026-04-26 09:16:05,442 - INFO - [Epoch 158] Train Loss: 0.0243 | LR: 0.000010
2026-04-26 09:16:05,443 - INFO -     >>> Val Avg RMSE (Real): 98.9904
2026-04-26 09:16:05,443 - INFO -     >>> Val MAE Details: ['64.8618', '65.1820', '87.5306']
2026-04-26 09:16:06,556 - INFO - 💾 Saved Best Model to ./logs/QMugs_repr_hybrid_fusion_UniFieldNet_Task3_20260424_203119/best_model.pth
2026-04-26 09:29:59,103 - INFO - [Epoch 159] Train Loss: 0.0243 | LR: 0.000010
2026-04-26 09:29:59,104 - INFO -     >>> Val Avg RMSE (Real): 99.2651
2026-04-26 09:29:59,104 - INFO -     >>> Val MAE Details: ['63.8274', '66.9207', '87.9427']
2026-04-26 09:29:59,104 - INFO - ⏳ No improvement. Patience: 1/50
2026-04-26 09:43:51,607 - INFO - [Epoch 160] Train Loss: 0.0242 | LR: 0.000010
2026-04-26 09:43:51,607 - INFO -     >>> Val Avg RMSE (Real): 100.0403
2026-04-26 09:43:51,608 - INFO -     >>> Val MAE Details: ['63.5711', '67.6985', '89.2679']
2026-04-26 09:43:51,608 - INFO - ⏳ No improvement. Patience: 2/50
2026-04-26 09:57:39,188 - INFO - [Epoch 161] Train Loss: 0.0242 | LR: 0.000009
2026-04-26 09:57:39,189 - INFO -     >>> Val Avg RMSE (Real): 102.3904
2026-04-26 09:57:39,189 - INFO -     >>> Val MAE Details: ['66.6786', '66.8758', '93.7165']
2026-04-26 09:57:39,189 - INFO - ⏳ No improvement. Patience: 3/50
2026-04-26 10:11:31,643 - INFO - [Epoch 162] Train Loss: 0.0240 | LR: 0.000009
2026-04-26 10:11:31,644 - INFO -     >>> Val Avg RMSE (Real): 98.6121
2026-04-26 10:11:31,644 - INFO -     >>> Val MAE Details: ['63.9851', '66.3455', '87.2010']
2026-04-26 10:11:32,644 - INFO - 💾 Saved Best Model to ./logs/QMugs_repr_hybrid_fusion_UniFieldNet_Task3_20260424_203119/best_model.pth
2026-04-26 10:25:24,900 - INFO - [Epoch 163] Train Loss: 0.0239 | LR: 0.000008
2026-04-26 10:25:24,901 - INFO -     >>> Val Avg RMSE (Real): 99.9042
2026-04-26 10:25:24,901 - INFO -     >>> Val MAE Details: ['63.5204', '67.1097', '89.4354']
2026-04-26 10:25:24,901 - INFO - ⏳ No improvement. Patience: 1/50
2026-04-26 10:39:16,726 - INFO - [Epoch 164] Train Loss: 0.0236 | LR: 0.000008
2026-04-26 10:39:16,726 - INFO -     >>> Val Avg RMSE (Real): 98.6998
2026-04-26 10:39:16,726 - INFO -     >>> Val MAE Details: ['64.1738', '65.1008', '87.4259']
2026-04-26 10:39:16,726 - INFO - ⏳ No improvement. Patience: 2/50
2026-04-26 10:53:07,627 - INFO - [Epoch 165] Train Loss: 0.0235 | LR: 0.000007
2026-04-26 10:53:07,628 - INFO -     >>> Val Avg RMSE (Real): 98.9776
2026-04-26 10:53:07,628 - INFO -     >>> Val MAE Details: ['64.0668', '64.5116', '87.9136']
2026-04-26 10:53:07,628 - INFO - ⏳ No improvement. Patience: 3/50
2026-04-26 11:06:47,620 - INFO - [Epoch 166] Train Loss: 0.0237 | LR: 0.000007
2026-04-26 11:06:47,621 - INFO -     >>> Val Avg RMSE (Real): 100.3839
2026-04-26 11:06:47,621 - INFO -     >>> Val MAE Details: ['63.7189', '66.4455', '90.5424']
2026-04-26 11:06:47,621 - INFO - ⏳ No improvement. Patience: 4/50
2026-04-26 11:20:40,995 - INFO - [Epoch 167] Train Loss: 0.0236 | LR: 0.000007
2026-04-26 11:20:40,996 - INFO -     >>> Val Avg RMSE (Real): 98.4575
2026-04-26 11:20:40,996 - INFO -     >>> Val MAE Details: ['62.7681', '64.9782', '87.9521']
2026-04-26 11:20:41,782 - INFO - 💾 Saved Best Model to ./logs/QMugs_repr_hybrid_fusion_UniFieldNet_Task3_20260424_203119/best_model.pth
2026-04-26 11:34:34,912 - INFO - [Epoch 168] Train Loss: 0.0232 | LR: 0.000006
2026-04-26 11:34:34,913 - INFO -     >>> Val Avg RMSE (Real): 99.2635
2026-04-26 11:34:34,913 - INFO -     >>> Val MAE Details: ['63.0200', '66.5811', '88.2817']
2026-04-26 11:34:34,913 - INFO - ⏳ No improvement. Patience: 1/50
2026-04-26 11:48:26,836 - INFO - [Epoch 169] Train Loss: 0.0235 | LR: 0.000006
2026-04-26 11:48:26,837 - INFO -     >>> Val Avg RMSE (Real): 98.4614
2026-04-26 11:48:26,837 - INFO -     >>> Val MAE Details: ['62.7318', '66.7822', '87.1440']
2026-04-26 11:48:26,837 - INFO - ⏳ No improvement. Patience: 2/50
2026-04-26 12:02:20,003 - INFO - [Epoch 170] Train Loss: 0.0234 | LR: 0.000005
2026-04-26 12:02:20,003 - INFO -     >>> Val Avg RMSE (Real): 98.3723
2026-04-26 12:02:20,003 - INFO -     >>> Val MAE Details: ['63.0815', '65.8658', '87.4173']
2026-04-26 12:02:20,900 - INFO - 💾 Saved Best Model to ./logs/QMugs_repr_hybrid_fusion_UniFieldNet_Task3_20260424_203119/best_model.pth
2026-04-26 12:16:13,522 - INFO - [Epoch 171] Train Loss: 0.0231 | LR: 0.000005
2026-04-26 12:16:13,523 - INFO -     >>> Val Avg RMSE (Real): 99.8205
2026-04-26 12:16:13,523 - INFO -     >>> Val MAE Details: ['65.4228', '65.3150', '89.3208']
2026-04-26 12:16:13,523 - INFO - ⏳ No improvement. Patience: 1/50
2026-04-26 12:30:02,495 - INFO - [Epoch 172] Train Loss: 0.0230 | LR: 0.000005
2026-04-26 12:30:02,495 - INFO -     >>> Val Avg RMSE (Real): 99.1283
2026-04-26 12:30:02,495 - INFO -     >>> Val MAE Details: ['66.3588', '65.5153', '87.0339']
2026-04-26 12:30:02,496 - INFO - ⏳ No improvement. Patience: 2/50
2026-04-26 12:43:56,187 - INFO - [Epoch 173] Train Loss: 0.0232 | LR: 0.000004
2026-04-26 12:43:56,188 - INFO -     >>> Val Avg RMSE (Real): 97.1617
2026-04-26 12:43:56,188 - INFO -     >>> Val MAE Details: ['62.9044', '64.7224', '85.8058']
2026-04-26 12:43:57,131 - INFO - 💾 Saved Best Model to ./logs/QMugs_repr_hybrid_fusion_UniFieldNet_Task3_20260424_203119/best_model.pth
2026-04-26 12:57:49,941 - INFO - [Epoch 174] Train Loss: 0.0229 | LR: 0.000004
2026-04-26 12:57:49,942 - INFO -     >>> Val Avg RMSE (Real): 98.2965
2026-04-26 12:57:49,942 - INFO -     >>> Val MAE Details: ['62.5466', '66.4522', '86.8287']
2026-04-26 12:57:49,942 - INFO - ⏳ No improvement. Patience: 1/50
2026-04-26 13:11:41,172 - INFO - [Epoch 175] Train Loss: 0.0227 | LR: 0.000004
2026-04-26 13:11:41,173 - INFO -     >>> Val Avg RMSE (Real): 98.6935
2026-04-26 13:11:41,173 - INFO -     >>> Val MAE Details: ['63.2053', '66.3849', '87.4454']
2026-04-26 13:11:41,173 - INFO - ⏳ No improvement. Patience: 2/50
2026-04-26 13:25:32,306 - INFO - [Epoch 176] Train Loss: 0.0227 | LR: 0.000004
2026-04-26 13:25:32,307 - INFO -     >>> Val Avg RMSE (Real): 97.3165
2026-04-26 13:25:32,307 - INFO -     >>> Val MAE Details: ['62.4160', '65.0723', '85.9563']
2026-04-26 13:25:32,307 - INFO - ⏳ No improvement. Patience: 3/50
2026-04-26 13:39:23,996 - INFO - [Epoch 177] Train Loss: 0.0228 | LR: 0.000003
2026-04-26 13:39:23,996 - INFO -     >>> Val Avg RMSE (Real): 97.4235
2026-04-26 13:39:23,997 - INFO -     >>> Val MAE Details: ['62.5041', '64.5580', '86.0802']
2026-04-26 13:39:23,997 - INFO - ⏳ No improvement. Patience: 4/50
2026-04-26 13:53:15,049 - INFO - [Epoch 178] Train Loss: 0.0225 | LR: 0.000003
2026-04-26 13:53:15,049 - INFO -     >>> Val Avg RMSE (Real): 97.4532
2026-04-26 13:53:15,049 - INFO -     >>> Val MAE Details: ['62.1290', '65.3399', '86.1170']
2026-04-26 13:53:15,049 - INFO - ⏳ No improvement. Patience: 5/50
2026-04-26 14:07:09,982 - INFO - [Epoch 179] Train Loss: 0.0226 | LR: 0.000003
2026-04-26 14:07:09,983 - INFO -     >>> Val Avg RMSE (Real): 97.7487
2026-04-26 14:07:09,983 - INFO -     >>> Val MAE Details: ['62.5840', '64.7972', '87.1589']
2026-04-26 14:07:09,983 - INFO - ⏳ No improvement. Patience: 6/50
2026-04-26 14:21:04,199 - INFO - [Epoch 180] Train Loss: 0.0225 | LR: 0.000002
2026-04-26 14:21:04,200 - INFO -     >>> Val Avg RMSE (Real): 96.9870
2026-04-26 14:21:04,200 - INFO -     >>> Val MAE Details: ['62.2463', '64.5165', '85.7488']
2026-04-26 14:21:05,141 - INFO - 💾 Saved Best Model to ./logs/QMugs_repr_hybrid_fusion_UniFieldNet_Task3_20260424_203119/best_model.pth
2026-04-26 14:35:00,237 - INFO - [Epoch 181] Train Loss: 0.0225 | LR: 0.000002
2026-04-26 14:35:00,237 - INFO -     >>> Val Avg RMSE (Real): 96.5537
2026-04-26 14:35:00,237 - INFO -     >>> Val MAE Details: ['61.9972', '63.7508', '85.4925']
2026-04-26 14:35:01,027 - INFO - 💾 Saved Best Model to ./logs/QMugs_repr_hybrid_fusion_UniFieldNet_Task3_20260424_203119/best_model.pth
2026-04-26 14:48:53,232 - INFO - [Epoch 182] Train Loss: 0.0225 | LR: 0.000002
2026-04-26 14:48:53,232 - INFO -     >>> Val Avg RMSE (Real): 97.0869
2026-04-26 14:48:53,232 - INFO -     >>> Val MAE Details: ['62.2939', '64.2768', '86.0270']
2026-04-26 14:48:53,232 - INFO - ⏳ No improvement. Patience: 1/50
2026-04-26 15:02:44,677 - INFO - [Epoch 183] Train Loss: 0.0224 | LR: 0.000002
2026-04-26 15:02:44,678 - INFO -     >>> Val Avg RMSE (Real): 96.6803
2026-04-26 15:02:44,678 - INFO -     >>> Val MAE Details: ['61.8146', '64.3285', '85.7586']
2026-04-26 15:02:44,678 - INFO - ⏳ No improvement. Patience: 2/50
2026-04-26 15:16:35,220 - INFO - [Epoch 184] Train Loss: 0.0224 | LR: 0.000002
2026-04-26 15:16:35,220 - INFO -     >>> Val Avg RMSE (Real): 98.0361
2026-04-26 15:16:35,220 - INFO -     >>> Val MAE Details: ['62.1731', '65.6655', '87.9499']
2026-04-26 15:16:35,221 - INFO - ⏳ No improvement. Patience: 3/50
2026-04-26 15:30:26,848 - INFO - [Epoch 185] Train Loss: 0.0224 | LR: 0.000001
2026-04-26 15:30:26,848 - INFO -     >>> Val Avg RMSE (Real): 96.4467
2026-04-26 15:30:26,848 - INFO -     >>> Val MAE Details: ['61.9796', '63.7564', '85.4398']
2026-04-26 15:30:27,802 - INFO - 💾 Saved Best Model to ./logs/QMugs_repr_hybrid_fusion_UniFieldNet_Task3_20260424_203119/best_model.pth
2026-04-26 15:44:18,997 - INFO - [Epoch 186] Train Loss: 0.0221 | LR: 0.000001
2026-04-26 15:44:18,998 - INFO -     >>> Val Avg RMSE (Real): 96.3232
2026-04-26 15:44:18,998 - INFO -     >>> Val MAE Details: ['61.9193', '64.1640', '85.2887']
2026-04-26 15:44:20,110 - INFO - 💾 Saved Best Model to ./logs/QMugs_repr_hybrid_fusion_UniFieldNet_Task3_20260424_203119/best_model.pth
2026-04-26 15:58:12,705 - INFO - [Epoch 187] Train Loss: 0.0223 | LR: 0.000001
2026-04-26 15:58:12,705 - INFO -     >>> Val Avg RMSE (Real): 96.6528
2026-04-26 15:58:12,705 - INFO -     >>> Val MAE Details: ['62.1501', '64.4171', '85.3424']
2026-04-26 15:58:12,705 - INFO - ⏳ No improvement. Patience: 1/50
2026-04-26 16:12:04,825 - INFO - [Epoch 188] Train Loss: 0.0223 | LR: 0.000001
2026-04-26 16:12:04,826 - INFO -     >>> Val Avg RMSE (Real): 96.6022
2026-04-26 16:12:04,826 - INFO -     >>> Val MAE Details: ['62.0048', '64.1498', '85.4499']
2026-04-26 16:12:04,826 - INFO - ⏳ No improvement. Patience: 2/50
2026-04-26 16:25:57,256 - INFO - [Epoch 189] Train Loss: 0.0221 | LR: 0.000001
2026-04-26 16:25:57,256 - INFO -     >>> Val Avg RMSE (Real): 96.7221
2026-04-26 16:25:57,256 - INFO -     >>> Val MAE Details: ['62.0739', '64.2344', '85.4889']
2026-04-26 16:25:57,256 - INFO - ⏳ No improvement. Patience: 3/50
2026-04-26 16:39:48,025 - INFO - [Epoch 190] Train Loss: 0.0222 | LR: 0.000001
2026-04-26 16:39:48,025 - INFO -     >>> Val Avg RMSE (Real): 96.7190
2026-04-26 16:39:48,025 - INFO -     >>> Val MAE Details: ['62.1310', '64.3250', '85.5066']
2026-04-26 16:39:48,025 - INFO - ⏳ No improvement. Patience: 4/50
2026-04-26 16:53:39,812 - INFO - [Epoch 191] Train Loss: 0.0222 | LR: 0.000000
2026-04-26 16:53:39,813 - INFO -     >>> Val Avg RMSE (Real): 96.7027
2026-04-26 16:53:39,813 - INFO -     >>> Val MAE Details: ['62.2266', '64.2812', '85.6793']
2026-04-26 16:53:39,813 - INFO - ⏳ No improvement. Patience: 5/50
2026-04-26 17:07:32,486 - INFO - [Epoch 192] Train Loss: 0.0220 | LR: 0.000000
2026-04-26 17:07:32,486 - INFO -     >>> Val Avg RMSE (Real): 96.4677
2026-04-26 17:07:32,486 - INFO -     >>> Val MAE Details: ['61.9105', '63.7831', '85.3874']
2026-04-26 17:07:32,486 - INFO - ⏳ No improvement. Patience: 6/50
2026-04-26 17:21:23,003 - INFO - [Epoch 193] Train Loss: 0.0220 | LR: 0.000000
2026-04-26 17:21:23,004 - INFO -     >>> Val Avg RMSE (Real): 96.3212
2026-04-26 17:21:23,004 - INFO -     >>> Val MAE Details: ['61.6995', '63.9208', '85.3343']
2026-04-26 17:21:23,947 - INFO - 💾 Saved Best Model to ./logs/QMugs_repr_hybrid_fusion_UniFieldNet_Task3_20260424_203119/best_model.pth
2026-04-26 17:35:15,014 - INFO - [Epoch 194] Train Loss: 0.0221 | LR: 0.000000
2026-04-26 17:35:15,015 - INFO -     >>> Val Avg RMSE (Real): 96.1832
2026-04-26 17:35:15,015 - INFO -     >>> Val MAE Details: ['61.6186', '63.7948', '85.1740']
2026-04-26 17:35:15,945 - INFO - 💾 Saved Best Model to ./logs/QMugs_repr_hybrid_fusion_UniFieldNet_Task3_20260424_203119/best_model.pth
2026-04-26 17:49:06,400 - INFO - [Epoch 195] Train Loss: 0.0222 | LR: 0.000000
2026-04-26 17:49:06,401 - INFO -     >>> Val Avg RMSE (Real): 96.3480
2026-04-26 17:49:06,401 - INFO -     >>> Val MAE Details: ['61.8456', '63.9041', '85.2735']
2026-04-26 17:49:06,401 - INFO - ⏳ No improvement. Patience: 1/50
2026-04-26 18:02:56,911 - INFO - [Epoch 196] Train Loss: 0.0221 | LR: 0.000000
2026-04-26 18:02:56,912 - INFO -     >>> Val Avg RMSE (Real): 96.3217
2026-04-26 18:02:56,912 - INFO -     >>> Val MAE Details: ['61.8661', '63.8597', '85.2589']
2026-04-26 18:02:56,912 - INFO - ⏳ No improvement. Patience: 2/50
2026-04-26 18:16:47,905 - INFO - [Epoch 197] Train Loss: 0.0218 | LR: 0.000000
2026-04-26 18:16:47,906 - INFO -     >>> Val Avg RMSE (Real): 96.3126
2026-04-26 18:16:47,906 - INFO -     >>> Val MAE Details: ['61.8452', '63.8804', '85.1749']
2026-04-26 18:16:47,906 - INFO - ⏳ No improvement. Patience: 3/50
2026-04-26 18:30:38,617 - INFO - [Epoch 198] Train Loss: 0.0220 | LR: 0.000000
2026-04-26 18:30:38,618 - INFO -     >>> Val Avg RMSE (Real): 96.2665
2026-04-26 18:30:38,618 - INFO -     >>> Val MAE Details: ['61.8096', '63.8539', '85.1463']
2026-04-26 18:30:38,618 - INFO - ⏳ No improvement. Patience: 4/50
2026-04-26 18:44:29,567 - INFO - [Epoch 199] Train Loss: 0.0220 | LR: 0.000000
2026-04-26 18:44:29,568 - INFO -     >>> Val Avg RMSE (Real): 96.2777
2026-04-26 18:44:29,568 - INFO -     >>> Val MAE Details: ['61.8260', '63.8156', '85.1886']
2026-04-26 18:44:29,568 - INFO - ⏳ No improvement. Patience: 5/50
2026-04-26 18:58:22,007 - INFO - [Epoch 200] Train Loss: 0.0218 | LR: 0.000000
2026-04-26 18:58:22,008 - INFO -     >>> Val Avg RMSE (Real): 96.2879
2026-04-26 18:58:22,008 - INFO -     >>> Val MAE Details: ['61.8366', '63.8276', '85.1925']
2026-04-26 18:58:22,008 - INFO - ⏳ No improvement. Patience: 6/50
