2026-04-07 17:51:34,002 - INFO - 💾 Config files backed up to ./logs/ED5_repr_atomistic_graph_ViSNet_MultiTask7_20260407_175134
2026-04-07 17:51:34,003 - INFO - 🎯 Multi-Task Targets (7): ['homo_2', 'homo_1', 'homo_0', 'lumo_0', 'lumo_1', 'lumo_2', 'lumo_3']
2026-04-07 17:51:34,003 - INFO - ========================================
2026-04-07 17:51:34,003 - INFO -         Training Configuration        
2026-04-07 17:51:34,003 - INFO - ========================================
2026-04-07 17:51:34,004 - INFO - 
{'data': {'dataset_mode': 'repr_atomistic_graph',
          'max_neighbors': 32,
          'max_radius': 5.0,
          'pkl_path': '/home/zw/ED_all/data/ED5_OE/ed_homo_lumo_5w_1024_fusion.pkl',
          'targets': ['homo_2',
                      'homo_1',
                      'homo_0',
                      'lumo_0',
                      'lumo_1',
                      'lumo_2',
                      'lumo_3']},
 'model': {'activation': 'silu',
           'attn_activation': 'silu',
           'cutoff': 5.0,
           'hidden_channels': 128,
           'lmax': 2,
           'max_num_neighbors': 32,
           'name': 'ViSNet',
           'num_heads': 8,
           'num_layers': 6,
           'num_rbf': 32,
           'rbf_type': 'expnorm',
           'vertex_type': 'Edge'},
 'train': {'batch_size': 32,
           'epochs': 300,
           'grad_norm_clip': 1.0,
           'lr': 0.0001,
           'patience': 50,
           'seed': 2025,
           'weight_decay': 0.0001}}
2026-04-07 17:51:34,004 - INFO - ========================================

2026-04-07 17:51:34,004 - INFO - 🚀 Start Training on Device: cuda
2026-04-07 17:51:34,004 - INFO - Loading Data...
2026-04-07 17:51:34,004 - INFO - Loading Dataset Mode: repr_atomistic_graph...
2026-04-07 17:51:37,404 - INFO - Stats - Mean: [[-7445.8413  -6840.216   -6120.3984   -467.5637    424.04166  1219.15
   1809.3903 ]], Std: [[ 740.80115  706.1094   754.61444 1186.4424  1122.4873  1107.2244
  1080.7959 ]]
2026-04-07 17:51:37,404 - INFO - Building Model: ViSNet...
2026-04-07 17:51:37,506 - INFO - Total Parameters: 1.9349 M

2026-04-07 17:53:00,997 - INFO - [Epoch 1] Train Loss: 0.5072 | LR: 0.000100
2026-04-07 17:53:00,998 - INFO -     >>> Val Avg RMSE (Real): 562.5315
2026-04-07 17:53:00,998 - INFO -     >>> Val MAE Details: ['346.5484', '314.2221', '352.8722', '549.4564', '498.2256', '465.2097', '462.4763']
2026-04-07 17:53:01,057 - INFO - 💾 Saved Best Model to ./logs/ED5_repr_atomistic_graph_ViSNet_MultiTask7_20260407_175134/best_model.pth
2026-04-07 17:54:25,891 - INFO - [Epoch 2] Train Loss: 0.3514 | LR: 0.000100
2026-04-07 17:54:25,891 - INFO -     >>> Val Avg RMSE (Real): 544.7230
2026-04-07 17:54:25,891 - INFO -     >>> Val MAE Details: ['315.4453', '290.0177', '330.9880', '590.1539', '531.9996', '417.6273', '407.1674']
2026-04-07 17:54:25,969 - INFO - 💾 Saved Best Model to ./logs/ED5_repr_atomistic_graph_ViSNet_MultiTask7_20260407_175134/best_model.pth
2026-04-07 17:55:50,958 - INFO - [Epoch 3] Train Loss: 0.3150 | LR: 0.000100
2026-04-07 17:55:50,958 - INFO -     >>> Val Avg RMSE (Real): 511.8912
2026-04-07 17:55:50,958 - INFO -     >>> Val MAE Details: ['394.7368', '282.6253', '324.4872', '468.9914', '455.7836', '414.3668', '402.8820']
2026-04-07 17:55:51,038 - INFO - 💾 Saved Best Model to ./logs/ED5_repr_atomistic_graph_ViSNet_MultiTask7_20260407_175134/best_model.pth
2026-04-07 17:57:16,191 - INFO - [Epoch 4] Train Loss: 0.2946 | LR: 0.000100
2026-04-07 17:57:16,191 - INFO -     >>> Val Avg RMSE (Real): 512.3950
2026-04-07 17:57:16,191 - INFO -     >>> Val MAE Details: ['320.8154', '322.8399', '310.0987', '463.3862', '473.6468', '408.8353', '421.5195']
2026-04-07 17:57:16,191 - INFO - ⏳ No improvement. Patience: 1/50
2026-04-07 17:58:39,993 - INFO - [Epoch 5] Train Loss: 0.2803 | LR: 0.000100
2026-04-07 17:58:39,993 - INFO -     >>> Val Avg RMSE (Real): 510.9809
2026-04-07 17:58:39,993 - INFO -     >>> Val MAE Details: ['329.0572', '290.4081', '312.6859', '496.4740', '440.0027', '412.9348', '393.1702']
2026-04-07 17:58:40,073 - INFO - 💾 Saved Best Model to ./logs/ED5_repr_atomistic_graph_ViSNet_MultiTask7_20260407_175134/best_model.pth
2026-04-07 18:00:05,040 - INFO - [Epoch 6] Train Loss: 0.2672 | LR: 0.000100
2026-04-07 18:00:05,040 - INFO -     >>> Val Avg RMSE (Real): 487.2849
2026-04-07 18:00:05,040 - INFO -     >>> Val MAE Details: ['318.3665', '280.9673', '317.9825', '427.6793', '416.2490', '414.1991', '394.8256']
2026-04-07 18:00:05,115 - INFO - 💾 Saved Best Model to ./logs/ED5_repr_atomistic_graph_ViSNet_MultiTask7_20260407_175134/best_model.pth
2026-04-07 18:01:29,924 - INFO - [Epoch 7] Train Loss: 0.2560 | LR: 0.000100
2026-04-07 18:01:29,924 - INFO -     >>> Val Avg RMSE (Real): 496.3953
2026-04-07 18:01:29,924 - INFO -     >>> Val MAE Details: ['298.5635', '268.6308', '297.7037', '463.7255', '434.7000', '455.7172', '392.8143']
2026-04-07 18:01:29,924 - INFO - ⏳ No improvement. Patience: 1/50
2026-04-07 18:02:55,194 - INFO - [Epoch 8] Train Loss: 0.2476 | LR: 0.000100
2026-04-07 18:02:55,194 - INFO -     >>> Val Avg RMSE (Real): 481.0430
2026-04-07 18:02:55,194 - INFO -     >>> Val MAE Details: ['332.9109', '296.3112', '280.0349', '437.6031', '435.6323', '382.6906', '386.6167']
2026-04-07 18:02:55,274 - INFO - 💾 Saved Best Model to ./logs/ED5_repr_atomistic_graph_ViSNet_MultiTask7_20260407_175134/best_model.pth
2026-04-07 18:04:20,962 - INFO - [Epoch 9] Train Loss: 0.2391 | LR: 0.000100
2026-04-07 18:04:20,962 - INFO -     >>> Val Avg RMSE (Real): 474.5459
2026-04-07 18:04:20,962 - INFO -     >>> Val MAE Details: ['301.4218', '284.5156', '272.2568', '439.6777', '422.8162', '388.7193', '387.4830']
2026-04-07 18:04:21,042 - INFO - 💾 Saved Best Model to ./logs/ED5_repr_atomistic_graph_ViSNet_MultiTask7_20260407_175134/best_model.pth
2026-04-07 18:05:45,923 - INFO - [Epoch 10] Train Loss: 0.2318 | LR: 0.000100
2026-04-07 18:05:45,924 - INFO -     >>> Val Avg RMSE (Real): 460.9670
2026-04-07 18:05:45,924 - INFO -     >>> Val MAE Details: ['307.3370', '268.6844', '278.9035', '418.3808', '416.2325', '377.9511', '379.1677']
2026-04-07 18:05:45,997 - INFO - 💾 Saved Best Model to ./logs/ED5_repr_atomistic_graph_ViSNet_MultiTask7_20260407_175134/best_model.pth
2026-04-07 18:07:12,493 - INFO - [Epoch 11] Train Loss: 0.2271 | LR: 0.000100
2026-04-07 18:07:12,493 - INFO -     >>> Val Avg RMSE (Real): 461.2089
2026-04-07 18:07:12,493 - INFO -     >>> Val MAE Details: ['294.3332', '262.1350', '270.9342', '416.6832', '397.8842', '384.8839', '388.5528']
2026-04-07 18:07:12,493 - INFO - ⏳ No improvement. Patience: 1/50
2026-04-07 18:08:39,325 - INFO - [Epoch 12] Train Loss: 0.2227 | LR: 0.000100
2026-04-07 18:08:39,325 - INFO -     >>> Val Avg RMSE (Real): 462.6365
2026-04-07 18:08:39,325 - INFO -     >>> Val MAE Details: ['301.4237', '264.8332', '273.5045', '429.0387', '409.9517', '378.7948', '368.9150']
2026-04-07 18:08:39,325 - INFO - ⏳ No improvement. Patience: 2/50
2026-04-07 18:10:06,360 - INFO - [Epoch 13] Train Loss: 0.2168 | LR: 0.000100
2026-04-07 18:10:06,361 - INFO -     >>> Val Avg RMSE (Real): 463.8721
2026-04-07 18:10:06,361 - INFO -     >>> Val MAE Details: ['299.8423', '258.1909', '261.2150', '393.2606', '397.6368', '440.4735', '389.5173']
2026-04-07 18:10:06,361 - INFO - ⏳ No improvement. Patience: 3/50
2026-04-07 18:11:31,938 - INFO - [Epoch 14] Train Loss: 0.2139 | LR: 0.000099
2026-04-07 18:11:31,938 - INFO -     >>> Val Avg RMSE (Real): 464.6569
2026-04-07 18:11:31,938 - INFO -     >>> Val MAE Details: ['294.6143', '286.4183', '311.4304', '398.2307', '403.2505', '376.8976', '372.9477']
2026-04-07 18:11:31,938 - INFO - ⏳ No improvement. Patience: 4/50
2026-04-07 18:12:56,711 - INFO - [Epoch 15] Train Loss: 0.2098 | LR: 0.000099
2026-04-07 18:12:56,712 - INFO -     >>> Val Avg RMSE (Real): 467.6998
2026-04-07 18:12:56,712 - INFO -     >>> Val MAE Details: ['296.0662', '253.8377', '264.1548', '422.8960', '400.5552', '385.1281', '369.0572']
2026-04-07 18:12:56,712 - INFO - ⏳ No improvement. Patience: 5/50
2026-04-07 18:14:24,904 - INFO - [Epoch 16] Train Loss: 0.2064 | LR: 0.000099
2026-04-07 18:14:24,904 - INFO -     >>> Val Avg RMSE (Real): 473.5124
2026-04-07 18:14:24,904 - INFO -     >>> Val MAE Details: ['304.7881', '263.8075', '261.9894', '407.9538', '408.1694', '413.8454', '413.6104']
2026-04-07 18:14:24,904 - INFO - ⏳ No improvement. Patience: 6/50
2026-04-07 18:15:51,994 - INFO - [Epoch 17] Train Loss: 0.2038 | LR: 0.000099
2026-04-07 18:15:51,994 - INFO -     >>> Val Avg RMSE (Real): 450.8292
2026-04-07 18:15:51,994 - INFO -     >>> Val MAE Details: ['291.0629', '262.0332', '260.7634', '390.1671', '396.2410', '387.9233', '373.4363']
2026-04-07 18:15:52,073 - INFO - 💾 Saved Best Model to ./logs/ED5_repr_atomistic_graph_ViSNet_MultiTask7_20260407_175134/best_model.pth
2026-04-07 18:17:19,159 - INFO - [Epoch 18] Train Loss: 0.2016 | LR: 0.000099
2026-04-07 18:17:19,160 - INFO -     >>> Val Avg RMSE (Real): 458.9484
2026-04-07 18:17:19,160 - INFO -     >>> Val MAE Details: ['317.6150', '253.2142', '272.1453', '397.7633', '402.0547', '395.7791', '375.7589']
2026-04-07 18:17:19,160 - INFO - ⏳ No improvement. Patience: 1/50
2026-04-07 18:18:45,833 - INFO - [Epoch 19] Train Loss: 0.1983 | LR: 0.000099
2026-04-07 18:18:45,834 - INFO -     >>> Val Avg RMSE (Real): 443.5216
2026-04-07 18:18:45,834 - INFO -     >>> Val MAE Details: ['280.1750', '270.2789', '252.8624', '375.9921', '383.3080', '385.5579', '367.4584']
2026-04-07 18:18:45,910 - INFO - 💾 Saved Best Model to ./logs/ED5_repr_atomistic_graph_ViSNet_MultiTask7_20260407_175134/best_model.pth
2026-04-07 18:20:12,802 - INFO - [Epoch 20] Train Loss: 0.1960 | LR: 0.000099
2026-04-07 18:20:12,802 - INFO -     >>> Val Avg RMSE (Real): 444.1983
2026-04-07 18:20:12,802 - INFO -     >>> Val MAE Details: ['301.2087', '258.6543', '254.3380', '387.3182', '392.2538', '371.3927', '364.8478']
2026-04-07 18:20:12,802 - INFO - ⏳ No improvement. Patience: 1/50
2026-04-07 18:21:39,464 - INFO - [Epoch 21] Train Loss: 0.1940 | LR: 0.000099
2026-04-07 18:21:39,464 - INFO -     >>> Val Avg RMSE (Real): 457.6011
2026-04-07 18:21:39,465 - INFO -     >>> Val MAE Details: ['281.5121', '261.0225', '259.3618', '408.6875', '399.3184', '377.7175', '377.7380']
2026-04-07 18:21:39,465 - INFO - ⏳ No improvement. Patience: 2/50
2026-04-07 18:23:06,569 - INFO - [Epoch 22] Train Loss: 0.1914 | LR: 0.000099
2026-04-07 18:23:06,569 - INFO -     >>> Val Avg RMSE (Real): 449.0510
2026-04-07 18:23:06,569 - INFO -     >>> Val MAE Details: ['290.8175', '258.5964', '255.6387', '378.0707', '398.1323', '375.3357', '358.6859']
2026-04-07 18:23:06,569 - INFO - ⏳ No improvement. Patience: 3/50
2026-04-07 18:24:33,969 - INFO - [Epoch 23] Train Loss: 0.1893 | LR: 0.000099
2026-04-07 18:24:33,969 - INFO -     >>> Val Avg RMSE (Real): 455.7907
2026-04-07 18:24:33,969 - INFO -     >>> Val MAE Details: ['296.6046', '250.2761', '266.9633', '370.4940', '385.3486', '402.9953', '403.0822']
2026-04-07 18:24:33,969 - INFO - ⏳ No improvement. Patience: 4/50
2026-04-07 18:26:03,964 - INFO - [Epoch 24] Train Loss: 0.1877 | LR: 0.000098
2026-04-07 18:26:03,965 - INFO -     >>> Val Avg RMSE (Real): 468.2986
2026-04-07 18:26:03,965 - INFO -     >>> Val MAE Details: ['328.5435', '269.8068', '253.4257', '379.6089', '427.0519', '381.8799', '392.5266']
2026-04-07 18:26:03,965 - INFO - ⏳ No improvement. Patience: 5/50
2026-04-07 18:27:33,926 - INFO - [Epoch 25] Train Loss: 0.1846 | LR: 0.000098
2026-04-07 18:27:33,926 - INFO -     >>> Val Avg RMSE (Real): 440.2902
2026-04-07 18:27:33,926 - INFO -     >>> Val MAE Details: ['294.1296', '266.1075', '262.3720', '362.8336', '386.7218', '366.4355', '356.3884']
2026-04-07 18:27:34,005 - INFO - 💾 Saved Best Model to ./logs/ED5_repr_atomistic_graph_ViSNet_MultiTask7_20260407_175134/best_model.pth
2026-04-07 18:29:03,807 - INFO - [Epoch 26] Train Loss: 0.1822 | LR: 0.000098
2026-04-07 18:29:03,807 - INFO -     >>> Val Avg RMSE (Real): 438.7486
2026-04-07 18:29:03,807 - INFO -     >>> Val MAE Details: ['294.3585', '250.3070', '255.2003', '362.6802', '389.1994', '369.1160', '354.2629']
2026-04-07 18:29:03,888 - INFO - 💾 Saved Best Model to ./logs/ED5_repr_atomistic_graph_ViSNet_MultiTask7_20260407_175134/best_model.pth
2026-04-07 18:30:31,588 - INFO - [Epoch 27] Train Loss: 0.1822 | LR: 0.000098
2026-04-07 18:30:31,588 - INFO -     >>> Val Avg RMSE (Real): 437.7366
2026-04-07 18:30:31,588 - INFO -     >>> Val MAE Details: ['285.8351', '256.8400', '246.5024', '393.2275', '391.5244', '370.7063', '356.9416']
2026-04-07 18:30:31,664 - INFO - 💾 Saved Best Model to ./logs/ED5_repr_atomistic_graph_ViSNet_MultiTask7_20260407_175134/best_model.pth
2026-04-07 18:31:59,013 - INFO - [Epoch 28] Train Loss: 0.1789 | LR: 0.000098
2026-04-07 18:31:59,013 - INFO -     >>> Val Avg RMSE (Real): 427.8579
2026-04-07 18:31:59,013 - INFO -     >>> Val MAE Details: ['279.1706', '247.5070', '249.3751', '361.6450', '370.7026', '367.3754', '352.7880']
2026-04-07 18:31:59,082 - INFO - 💾 Saved Best Model to ./logs/ED5_repr_atomistic_graph_ViSNet_MultiTask7_20260407_175134/best_model.pth
2026-04-07 18:33:25,873 - INFO - [Epoch 29] Train Loss: 0.1777 | LR: 0.000098
2026-04-07 18:33:25,873 - INFO -     >>> Val Avg RMSE (Real): 472.7413
2026-04-07 18:33:25,874 - INFO -     >>> Val MAE Details: ['343.4277', '277.3043', '259.3440', '387.7919', '422.1185', '397.8288', '404.8697']
2026-04-07 18:33:25,874 - INFO - ⏳ No improvement. Patience: 1/50
2026-04-07 18:34:53,413 - INFO - [Epoch 30] Train Loss: 0.1745 | LR: 0.000098
2026-04-07 18:34:53,413 - INFO -     >>> Val Avg RMSE (Real): 442.5417
2026-04-07 18:34:53,413 - INFO -     >>> Val MAE Details: ['284.9348', '254.3268', '290.2739', '363.3595', '375.1268', '371.2718', '371.4625']
2026-04-07 18:34:53,413 - INFO - ⏳ No improvement. Patience: 2/50
2026-04-07 18:36:20,756 - INFO - [Epoch 31] Train Loss: 0.1725 | LR: 0.000097
2026-04-07 18:36:20,756 - INFO -     >>> Val Avg RMSE (Real): 434.5196
2026-04-07 18:36:20,756 - INFO -     >>> Val MAE Details: ['286.9915', '252.7404', '258.4012', '353.2618', '380.3920', '370.1379', '353.7279']
2026-04-07 18:36:20,756 - INFO - ⏳ No improvement. Patience: 3/50
2026-04-07 18:37:47,741 - INFO - [Epoch 32] Train Loss: 0.1711 | LR: 0.000097
2026-04-07 18:37:47,742 - INFO -     >>> Val Avg RMSE (Real): 445.4662
2026-04-07 18:37:47,742 - INFO -     >>> Val MAE Details: ['301.5027', '262.6677', '313.0702', '358.7045', '374.3189', '379.7483', '367.5393']
2026-04-07 18:37:47,742 - INFO - ⏳ No improvement. Patience: 4/50
2026-04-07 18:39:15,967 - INFO - [Epoch 33] Train Loss: 0.1687 | LR: 0.000097
2026-04-07 18:39:15,967 - INFO -     >>> Val Avg RMSE (Real): 443.0506
2026-04-07 18:39:15,967 - INFO -     >>> Val MAE Details: ['287.1619', '274.5211', '255.2237', '359.6897', '366.5638', '368.0931', '374.2855']
2026-04-07 18:39:15,967 - INFO - ⏳ No improvement. Patience: 5/50
2026-04-07 18:40:42,552 - INFO - [Epoch 34] Train Loss: 0.1678 | LR: 0.000097
2026-04-07 18:40:42,552 - INFO -     >>> Val Avg RMSE (Real): 428.0400
2026-04-07 18:40:42,552 - INFO -     >>> Val MAE Details: ['290.3579', '260.4904', '254.0930', '352.7919', '362.7578', '363.7043', '352.1624']
2026-04-07 18:40:42,553 - INFO - ⏳ No improvement. Patience: 6/50
2026-04-07 18:42:09,188 - INFO - [Epoch 35] Train Loss: 0.1661 | LR: 0.000097
2026-04-07 18:42:09,188 - INFO -     >>> Val Avg RMSE (Real): 421.0426
2026-04-07 18:42:09,188 - INFO -     >>> Val MAE Details: ['272.5251', '245.7169', '254.9968', '344.1526', '374.1861', '360.2740', '348.9391']
2026-04-07 18:42:09,268 - INFO - 💾 Saved Best Model to ./logs/ED5_repr_atomistic_graph_ViSNet_MultiTask7_20260407_175134/best_model.pth
2026-04-07 18:43:36,071 - INFO - [Epoch 36] Train Loss: 0.1639 | LR: 0.000096
2026-04-07 18:43:36,071 - INFO -     >>> Val Avg RMSE (Real): 435.4356
2026-04-07 18:43:36,071 - INFO -     >>> Val MAE Details: ['294.2923', '253.7766', '246.1445', '354.0233', '382.9167', '366.4760', '352.6227']
2026-04-07 18:43:36,071 - INFO - ⏳ No improvement. Patience: 1/50
2026-04-07 18:45:02,817 - INFO - [Epoch 37] Train Loss: 0.1627 | LR: 0.000096
2026-04-07 18:45:02,817 - INFO -     >>> Val Avg RMSE (Real): 435.9711
2026-04-07 18:45:02,817 - INFO -     >>> Val MAE Details: ['295.7333', '247.0604', '248.8404', '348.9485', '383.5550', '371.8782', '350.2386']
2026-04-07 18:45:02,818 - INFO - ⏳ No improvement. Patience: 2/50
2026-04-07 18:46:29,808 - INFO - [Epoch 38] Train Loss: 0.1612 | LR: 0.000096
2026-04-07 18:46:29,808 - INFO -     >>> Val Avg RMSE (Real): 421.7761
2026-04-07 18:46:29,808 - INFO -     >>> Val MAE Details: ['278.0073', '241.9548', '243.6185', '342.1727', '360.1285', '360.1350', '347.5180']
2026-04-07 18:46:29,808 - INFO - ⏳ No improvement. Patience: 3/50
2026-04-07 18:47:56,512 - INFO - [Epoch 39] Train Loss: 0.1590 | LR: 0.000096
2026-04-07 18:47:56,513 - INFO -     >>> Val Avg RMSE (Real): 428.6271
2026-04-07 18:47:56,513 - INFO -     >>> Val MAE Details: ['283.6936', '241.8864', '242.8672', '344.2680', '373.1114', '368.7497', '378.4805']
2026-04-07 18:47:56,513 - INFO - ⏳ No improvement. Patience: 4/50
2026-04-07 18:49:23,548 - INFO - [Epoch 40] Train Loss: 0.1572 | LR: 0.000096
2026-04-07 18:49:23,549 - INFO -     >>> Val Avg RMSE (Real): 421.1617
2026-04-07 18:49:23,549 - INFO -     >>> Val MAE Details: ['276.6256', '238.5817', '236.6113', '350.1036', '350.8970', '365.1792', '354.0039']
2026-04-07 18:49:23,549 - INFO - ⏳ No improvement. Patience: 5/50
2026-04-07 18:50:50,937 - INFO - [Epoch 41] Train Loss: 0.1556 | LR: 0.000095
2026-04-07 18:50:50,937 - INFO -     >>> Val Avg RMSE (Real): 418.6790
2026-04-07 18:50:50,937 - INFO -     >>> Val MAE Details: ['269.7522', '241.5820', '233.4560', '350.7995', '352.7262', '355.1528', '347.5759']
2026-04-07 18:50:51,017 - INFO - 💾 Saved Best Model to ./logs/ED5_repr_atomistic_graph_ViSNet_MultiTask7_20260407_175134/best_model.pth
2026-04-07 18:52:17,634 - INFO - [Epoch 42] Train Loss: 0.1541 | LR: 0.000095
2026-04-07 18:52:17,634 - INFO -     >>> Val Avg RMSE (Real): 416.6453
2026-04-07 18:52:17,634 - INFO -     >>> Val MAE Details: ['271.0734', '243.1682', '244.7536', '338.5623', '353.4589', '355.5733', '353.7954']
2026-04-07 18:52:17,714 - INFO - 💾 Saved Best Model to ./logs/ED5_repr_atomistic_graph_ViSNet_MultiTask7_20260407_175134/best_model.pth
2026-04-07 18:53:44,358 - INFO - [Epoch 43] Train Loss: 0.1519 | LR: 0.000095
2026-04-07 18:53:44,358 - INFO -     >>> Val Avg RMSE (Real): 427.4090
2026-04-07 18:53:44,358 - INFO -     >>> Val MAE Details: ['283.0616', '247.7465', '247.5467', '331.2688', '369.0534', '361.2619', '377.3453']
2026-04-07 18:53:44,358 - INFO - ⏳ No improvement. Patience: 1/50
2026-04-07 18:55:08,288 - INFO - [Epoch 44] Train Loss: 0.1500 | LR: 0.000095
2026-04-07 18:55:08,288 - INFO -     >>> Val Avg RMSE (Real): 411.8880
2026-04-07 18:55:08,288 - INFO -     >>> Val MAE Details: ['272.0858', '242.4424', '234.2368', '321.5549', '348.1031', '350.2963', '362.4149']
2026-04-07 18:55:08,369 - INFO - 💾 Saved Best Model to ./logs/ED5_repr_atomistic_graph_ViSNet_MultiTask7_20260407_175134/best_model.pth
2026-04-07 18:56:34,772 - INFO - [Epoch 45] Train Loss: 0.1489 | LR: 0.000095
2026-04-07 18:56:34,772 - INFO -     >>> Val Avg RMSE (Real): 423.1483
2026-04-07 18:56:34,772 - INFO -     >>> Val MAE Details: ['295.3398', '243.4136', '235.6777', '327.6054', '355.0874', '371.1666', '340.7977']
2026-04-07 18:56:34,772 - INFO - ⏳ No improvement. Patience: 1/50
2026-04-07 18:58:00,681 - INFO - [Epoch 46] Train Loss: 0.1473 | LR: 0.000094
2026-04-07 18:58:00,682 - INFO -     >>> Val Avg RMSE (Real): 416.0483
2026-04-07 18:58:00,682 - INFO -     >>> Val MAE Details: ['280.4849', '236.7251', '241.6841', '319.5784', '362.2918', '384.7137', '359.1190']
2026-04-07 18:58:00,682 - INFO - ⏳ No improvement. Patience: 2/50
2026-04-07 18:59:28,297 - INFO - [Epoch 47] Train Loss: 0.1455 | LR: 0.000094
2026-04-07 18:59:28,298 - INFO -     >>> Val Avg RMSE (Real): 419.4053
2026-04-07 18:59:28,298 - INFO -     >>> Val MAE Details: ['299.3556', '264.8534', '245.6792', '322.7734', '353.1735', '353.4299', '340.7163']
2026-04-07 18:59:28,298 - INFO - ⏳ No improvement. Patience: 3/50
2026-04-07 19:00:54,972 - INFO - [Epoch 48] Train Loss: 0.1442 | LR: 0.000094
2026-04-07 19:00:54,972 - INFO -     >>> Val Avg RMSE (Real): 422.2229
2026-04-07 19:00:54,972 - INFO -     >>> Val MAE Details: ['286.0572', '244.6071', '260.0244', '326.3110', '351.0556', '353.4514', '354.7963']
2026-04-07 19:00:54,972 - INFO - ⏳ No improvement. Patience: 4/50
2026-04-07 19:02:21,156 - INFO - [Epoch 49] Train Loss: 0.1423 | LR: 0.000094
2026-04-07 19:02:21,157 - INFO -     >>> Val Avg RMSE (Real): 415.0156
2026-04-07 19:02:21,157 - INFO -     >>> Val MAE Details: ['300.9026', '262.9590', '238.0744', '327.4905', '346.0075', '340.8019', '332.0521']
2026-04-07 19:02:21,157 - INFO - ⏳ No improvement. Patience: 5/50
2026-04-07 19:03:48,150 - INFO - [Epoch 50] Train Loss: 0.1417 | LR: 0.000093
2026-04-07 19:03:48,150 - INFO -     >>> Val Avg RMSE (Real): 406.7649
2026-04-07 19:03:48,150 - INFO -     >>> Val MAE Details: ['264.0598', '237.6716', '229.0690', '345.7356', '350.8243', '350.4692', '348.9870']
2026-04-07 19:03:48,231 - INFO - 💾 Saved Best Model to ./logs/ED5_repr_atomistic_graph_ViSNet_MultiTask7_20260407_175134/best_model.pth
2026-04-07 19:05:15,280 - INFO - [Epoch 51] Train Loss: 0.1399 | LR: 0.000093
2026-04-07 19:05:15,281 - INFO -     >>> Val Avg RMSE (Real): 400.3186
2026-04-07 19:05:15,281 - INFO -     >>> Val MAE Details: ['272.8219', '240.6451', '247.3622', '314.8572', '335.8245', '336.4243', '328.2530']
2026-04-07 19:05:15,361 - INFO - 💾 Saved Best Model to ./logs/ED5_repr_atomistic_graph_ViSNet_MultiTask7_20260407_175134/best_model.pth
2026-04-07 19:06:43,839 - INFO - [Epoch 52] Train Loss: 0.1392 | LR: 0.000093
2026-04-07 19:06:43,840 - INFO -     >>> Val Avg RMSE (Real): 394.8528
2026-04-07 19:06:43,840 - INFO -     >>> Val MAE Details: ['265.2920', '237.7207', '230.8118', '307.4044', '332.0411', '334.9059', '325.5028']
2026-04-07 19:06:43,918 - INFO - 💾 Saved Best Model to ./logs/ED5_repr_atomistic_graph_ViSNet_MultiTask7_20260407_175134/best_model.pth
2026-04-07 19:08:09,971 - INFO - [Epoch 53] Train Loss: 0.1373 | LR: 0.000092
2026-04-07 19:08:09,971 - INFO -     >>> Val Avg RMSE (Real): 404.5281
2026-04-07 19:08:09,971 - INFO -     >>> Val MAE Details: ['269.0603', '243.1514', '242.7904', '311.8594', '337.8196', '346.1308', '329.2832']
2026-04-07 19:08:09,971 - INFO - ⏳ No improvement. Patience: 1/50
2026-04-07 19:09:36,463 - INFO - [Epoch 54] Train Loss: 0.1363 | LR: 0.000092
2026-04-07 19:09:36,463 - INFO -     >>> Val Avg RMSE (Real): 402.8100
2026-04-07 19:09:36,463 - INFO -     >>> Val MAE Details: ['264.2557', '243.7383', '252.5106', '329.8003', '335.2123', '334.3587', '327.9793']
2026-04-07 19:09:36,463 - INFO - ⏳ No improvement. Patience: 2/50
2026-04-07 19:11:04,765 - INFO - [Epoch 55] Train Loss: 0.1355 | LR: 0.000092
2026-04-07 19:11:04,765 - INFO -     >>> Val Avg RMSE (Real): 399.4222
2026-04-07 19:11:04,765 - INFO -     >>> Val MAE Details: ['276.7679', '237.4652', '235.3160', '311.9879', '337.2274', '345.2260', '332.9835']
2026-04-07 19:11:04,765 - INFO - ⏳ No improvement. Patience: 3/50
2026-04-07 19:12:34,805 - INFO - [Epoch 56] Train Loss: 0.1342 | LR: 0.000092
2026-04-07 19:12:34,805 - INFO -     >>> Val Avg RMSE (Real): 395.6455
2026-04-07 19:12:34,805 - INFO -     >>> Val MAE Details: ['271.9941', '247.9838', '231.6965', '303.4349', '333.6473', '335.0767', '323.2942']
2026-04-07 19:12:34,805 - INFO - ⏳ No improvement. Patience: 4/50
2026-04-07 19:14:01,773 - INFO - [Epoch 57] Train Loss: 0.1328 | LR: 0.000091
2026-04-07 19:14:01,774 - INFO -     >>> Val Avg RMSE (Real): 405.4138
2026-04-07 19:14:01,774 - INFO -     >>> Val MAE Details: ['294.8487', '244.2249', '255.7571', '306.2428', '329.4742', '333.5897', '327.5549']
2026-04-07 19:14:01,774 - INFO - ⏳ No improvement. Patience: 5/50
2026-04-07 19:15:28,058 - INFO - [Epoch 58] Train Loss: 0.1311 | LR: 0.000091
2026-04-07 19:15:28,058 - INFO -     >>> Val Avg RMSE (Real): 424.0600
2026-04-07 19:15:28,058 - INFO -     >>> Val MAE Details: ['274.3973', '253.9703', '243.8022', '323.0017', '343.8755', '385.1088', '356.4182']
2026-04-07 19:15:28,058 - INFO - ⏳ No improvement. Patience: 6/50
2026-04-07 19:16:54,567 - INFO - [Epoch 59] Train Loss: 0.1306 | LR: 0.000091
2026-04-07 19:16:54,567 - INFO -     >>> Val Avg RMSE (Real): 396.7590
2026-04-07 19:16:54,567 - INFO -     >>> Val MAE Details: ['264.7046', '248.1564', '242.1397', '300.6196', '330.7390', '331.9167', '324.2343']
2026-04-07 19:16:54,567 - INFO - ⏳ No improvement. Patience: 7/50
2026-04-07 19:18:20,822 - INFO - [Epoch 60] Train Loss: 0.1296 | LR: 0.000090
2026-04-07 19:18:20,822 - INFO -     >>> Val Avg RMSE (Real): 399.7237
2026-04-07 19:18:20,822 - INFO -     >>> Val MAE Details: ['267.3235', '238.6995', '233.5223', '309.4087', '356.0576', '334.0919', '322.3390']
2026-04-07 19:18:20,822 - INFO - ⏳ No improvement. Patience: 8/50
2026-04-07 19:19:49,607 - INFO - [Epoch 61] Train Loss: 0.1287 | LR: 0.000090
2026-04-07 19:19:49,607 - INFO -     >>> Val Avg RMSE (Real): 395.9053
2026-04-07 19:19:49,607 - INFO -     >>> Val MAE Details: ['261.5219', '236.4195', '236.4215', '298.7650', '332.1234', '329.1747', '336.8703']
2026-04-07 19:19:49,607 - INFO - ⏳ No improvement. Patience: 9/50
2026-04-07 19:21:16,505 - INFO - [Epoch 62] Train Loss: 0.1279 | LR: 0.000090
2026-04-07 19:21:16,506 - INFO -     >>> Val Avg RMSE (Real): 391.0486
2026-04-07 19:21:16,506 - INFO -     >>> Val MAE Details: ['254.7701', '241.5340', '264.5347', '292.5225', '330.9990', '319.1053', '314.8127']
2026-04-07 19:21:16,585 - INFO - 💾 Saved Best Model to ./logs/ED5_repr_atomistic_graph_ViSNet_MultiTask7_20260407_175134/best_model.pth
2026-04-07 19:22:42,688 - INFO - [Epoch 63] Train Loss: 0.1273 | LR: 0.000090
2026-04-07 19:22:42,688 - INFO -     >>> Val Avg RMSE (Real): 389.7254
2026-04-07 19:22:42,688 - INFO -     >>> Val MAE Details: ['257.6881', '250.3703', '238.3125', '298.2665', '332.7076', '323.6089', '315.9419']
2026-04-07 19:22:42,769 - INFO - 💾 Saved Best Model to ./logs/ED5_repr_atomistic_graph_ViSNet_MultiTask7_20260407_175134/best_model.pth
2026-04-07 19:24:09,830 - INFO - [Epoch 64] Train Loss: 0.1254 | LR: 0.000089
2026-04-07 19:24:09,830 - INFO -     >>> Val Avg RMSE (Real): 383.5359
2026-04-07 19:24:09,830 - INFO -     >>> Val MAE Details: ['259.7780', '235.8798', '236.6301', '288.8203', '332.4612', '321.4820', '318.5942']
2026-04-07 19:24:09,902 - INFO - 💾 Saved Best Model to ./logs/ED5_repr_atomistic_graph_ViSNet_MultiTask7_20260407_175134/best_model.pth
2026-04-07 19:25:36,721 - INFO - [Epoch 65] Train Loss: 0.1251 | LR: 0.000089
2026-04-07 19:25:36,721 - INFO -     >>> Val Avg RMSE (Real): 392.4091
2026-04-07 19:25:36,721 - INFO -     >>> Val MAE Details: ['263.9035', '234.4210', '230.4004', '307.9705', '327.5843', '325.6892', '316.3703']
2026-04-07 19:25:36,721 - INFO - ⏳ No improvement. Patience: 1/50
2026-04-07 19:27:03,498 - INFO - [Epoch 66] Train Loss: 0.1239 | LR: 0.000089
2026-04-07 19:27:03,498 - INFO -     >>> Val Avg RMSE (Real): 385.1577
2026-04-07 19:27:03,498 - INFO -     >>> Val MAE Details: ['257.7007', '234.8291', '235.6615', '291.3924', '342.1953', '318.1633', '316.0719']
2026-04-07 19:27:03,498 - INFO - ⏳ No improvement. Patience: 2/50
2026-04-07 19:28:30,189 - INFO - [Epoch 67] Train Loss: 0.1231 | LR: 0.000088
2026-04-07 19:28:30,189 - INFO -     >>> Val Avg RMSE (Real): 418.7391
2026-04-07 19:28:30,189 - INFO -     >>> Val MAE Details: ['301.2795', '236.3928', '229.1378', '302.1742', '388.4601', '347.3131', '385.4804']
2026-04-07 19:28:30,189 - INFO - ⏳ No improvement. Patience: 3/50
2026-04-07 19:29:58,466 - INFO - [Epoch 68] Train Loss: 0.1222 | LR: 0.000088
2026-04-07 19:29:58,467 - INFO -     >>> Val Avg RMSE (Real): 384.8718
2026-04-07 19:29:58,467 - INFO -     >>> Val MAE Details: ['260.4662', '234.9196', '233.4680', '288.4416', '324.1821', '320.1162', '316.5572']
2026-04-07 19:29:58,467 - INFO - ⏳ No improvement. Patience: 4/50
2026-04-07 19:31:25,601 - INFO - [Epoch 69] Train Loss: 0.1212 | LR: 0.000088
2026-04-07 19:31:25,601 - INFO -     >>> Val Avg RMSE (Real): 421.4129
2026-04-07 19:31:25,601 - INFO -     >>> Val MAE Details: ['260.6250', '265.1272', '251.4519', '297.4761', '337.4766', '393.5049', '404.4745']
2026-04-07 19:31:25,601 - INFO - ⏳ No improvement. Patience: 5/50
2026-04-07 19:32:52,206 - INFO - [Epoch 70] Train Loss: 0.1208 | LR: 0.000087
2026-04-07 19:32:52,207 - INFO -     >>> Val Avg RMSE (Real): 386.6450
2026-04-07 19:32:52,207 - INFO -     >>> Val MAE Details: ['257.4413', '239.2882', '227.6143', '291.6196', '329.9426', '325.8292', '320.4258']
2026-04-07 19:32:52,207 - INFO - ⏳ No improvement. Patience: 6/50
2026-04-07 19:34:18,570 - INFO - [Epoch 71] Train Loss: 0.1195 | LR: 0.000087
2026-04-07 19:34:18,570 - INFO -     >>> Val Avg RMSE (Real): 389.7730
2026-04-07 19:34:18,570 - INFO -     >>> Val MAE Details: ['272.6316', '241.9303', '235.1582', '290.2380', '316.6242', '331.2701', '328.2721']
2026-04-07 19:34:18,570 - INFO - ⏳ No improvement. Patience: 7/50
2026-04-07 19:35:44,980 - INFO - [Epoch 72] Train Loss: 0.1191 | LR: 0.000086
2026-04-07 19:35:44,980 - INFO -     >>> Val Avg RMSE (Real): 381.9439
2026-04-07 19:35:44,980 - INFO -     >>> Val MAE Details: ['259.3130', '237.3477', '225.5331', '290.5927', '314.6473', '313.1649', '321.1088']
2026-04-07 19:35:45,060 - INFO - 💾 Saved Best Model to ./logs/ED5_repr_atomistic_graph_ViSNet_MultiTask7_20260407_175134/best_model.pth
2026-04-07 19:37:10,674 - INFO - [Epoch 73] Train Loss: 0.1179 | LR: 0.000086
2026-04-07 19:37:10,674 - INFO -     >>> Val Avg RMSE (Real): 385.4037
2026-04-07 19:37:10,674 - INFO -     >>> Val MAE Details: ['273.0130', '244.6041', '236.9318', '282.8911', '314.6827', '327.2015', '308.1193']
2026-04-07 19:37:10,674 - INFO - ⏳ No improvement. Patience: 1/50
2026-04-07 19:38:37,230 - INFO - [Epoch 74] Train Loss: 0.1169 | LR: 0.000086
2026-04-07 19:38:37,230 - INFO -     >>> Val Avg RMSE (Real): 380.6697
2026-04-07 19:38:37,230 - INFO -     >>> Val MAE Details: ['251.8852', '232.3639', '232.4676', '284.0426', '315.0494', '315.2381', '316.3801']
2026-04-07 19:38:37,310 - INFO - 💾 Saved Best Model to ./logs/ED5_repr_atomistic_graph_ViSNet_MultiTask7_20260407_175134/best_model.pth
2026-04-07 19:40:04,006 - INFO - [Epoch 75] Train Loss: 0.1160 | LR: 0.000085
2026-04-07 19:40:04,006 - INFO -     >>> Val Avg RMSE (Real): 380.9944
2026-04-07 19:40:04,006 - INFO -     >>> Val MAE Details: ['253.1632', '235.4230', '234.4978', '286.1621', '314.1657', '313.6604', '313.3547']
2026-04-07 19:40:04,006 - INFO - ⏳ No improvement. Patience: 1/50
2026-04-07 19:41:31,290 - INFO - [Epoch 76] Train Loss: 0.1151 | LR: 0.000085
2026-04-07 19:41:31,291 - INFO -     >>> Val Avg RMSE (Real): 378.9291
2026-04-07 19:41:31,291 - INFO -     >>> Val MAE Details: ['262.3983', '229.8446', '227.1409', '289.1842', '313.6328', '311.8924', '310.8145']
2026-04-07 19:41:31,370 - INFO - 💾 Saved Best Model to ./logs/ED5_repr_atomistic_graph_ViSNet_MultiTask7_20260407_175134/best_model.pth
2026-04-07 19:42:58,239 - INFO - [Epoch 77] Train Loss: 0.1145 | LR: 0.000085
2026-04-07 19:42:58,239 - INFO -     >>> Val Avg RMSE (Real): 381.4941
2026-04-07 19:42:58,239 - INFO -     >>> Val MAE Details: ['257.1198', '234.8231', '236.2377', '286.1976', '315.2490', '316.2487', '307.4362']
2026-04-07 19:42:58,239 - INFO - ⏳ No improvement. Patience: 1/50
2026-04-07 19:44:26,425 - INFO - [Epoch 78] Train Loss: 0.1141 | LR: 0.000084
2026-04-07 19:44:26,425 - INFO -     >>> Val Avg RMSE (Real): 377.8886
2026-04-07 19:44:26,425 - INFO -     >>> Val MAE Details: ['252.4818', '229.3919', '233.0175', '279.8088', '320.4356', '312.2314', '302.6641']
2026-04-07 19:44:26,505 - INFO - 💾 Saved Best Model to ./logs/ED5_repr_atomistic_graph_ViSNet_MultiTask7_20260407_175134/best_model.pth
2026-04-07 19:45:54,173 - INFO - [Epoch 79] Train Loss: 0.1129 | LR: 0.000084
2026-04-07 19:45:54,173 - INFO -     >>> Val Avg RMSE (Real): 377.4000
2026-04-07 19:45:54,173 - INFO -     >>> Val MAE Details: ['257.8367', '234.3951', '227.1409', '280.2671', '312.0480', '313.1357', '305.6349']
2026-04-07 19:45:54,242 - INFO - 💾 Saved Best Model to ./logs/ED5_repr_atomistic_graph_ViSNet_MultiTask7_20260407_175134/best_model.pth
2026-04-07 19:47:25,075 - INFO - [Epoch 80] Train Loss: 0.1123 | LR: 0.000083
2026-04-07 19:47:25,076 - INFO -     >>> Val Avg RMSE (Real): 376.0837
2026-04-07 19:47:25,076 - INFO -     >>> Val MAE Details: ['258.0380', '240.8066', '226.7219', '284.0926', '310.9895', '313.8018', '308.6164']
2026-04-07 19:47:25,156 - INFO - 💾 Saved Best Model to ./logs/ED5_repr_atomistic_graph_ViSNet_MultiTask7_20260407_175134/best_model.pth
2026-04-07 19:48:52,685 - INFO - [Epoch 81] Train Loss: 0.1114 | LR: 0.000083
2026-04-07 19:48:52,686 - INFO -     >>> Val Avg RMSE (Real): 382.3266
2026-04-07 19:48:52,686 - INFO -     >>> Val MAE Details: ['258.5105', '239.9441', '235.7526', '275.6360', '309.6170', '317.6454', '323.9231']
2026-04-07 19:48:52,686 - INFO - ⏳ No improvement. Patience: 1/50
2026-04-07 19:50:19,735 - INFO - [Epoch 82] Train Loss: 0.1106 | LR: 0.000083
2026-04-07 19:50:19,735 - INFO -     >>> Val Avg RMSE (Real): 377.1352
2026-04-07 19:50:19,735 - INFO -     >>> Val MAE Details: ['251.8955', '237.4417', '227.6359', '280.7718', '305.8983', '312.4789', '316.8429']
2026-04-07 19:50:19,735 - INFO - ⏳ No improvement. Patience: 2/50
2026-04-07 19:51:45,909 - INFO - [Epoch 83] Train Loss: 0.1099 | LR: 0.000082
2026-04-07 19:51:45,910 - INFO -     >>> Val Avg RMSE (Real): 378.8492
2026-04-07 19:51:45,910 - INFO -     >>> Val MAE Details: ['253.9828', '237.9136', '227.7001', '287.0526', '307.7396', '314.2389', '309.5548']
2026-04-07 19:51:45,910 - INFO - ⏳ No improvement. Patience: 3/50
2026-04-07 19:53:16,408 - INFO - [Epoch 84] Train Loss: 0.1090 | LR: 0.000082
2026-04-07 19:53:16,408 - INFO -     >>> Val Avg RMSE (Real): 374.0168
2026-04-07 19:53:16,408 - INFO -     >>> Val MAE Details: ['254.7703', '229.8027', '224.4182', '283.7411', '308.2325', '313.1006', '310.6242']
2026-04-07 19:53:16,476 - INFO - 💾 Saved Best Model to ./logs/ED5_repr_atomistic_graph_ViSNet_MultiTask7_20260407_175134/best_model.pth
2026-04-07 19:54:47,722 - INFO - [Epoch 85] Train Loss: 0.1077 | LR: 0.000081
2026-04-07 19:54:47,722 - INFO -     >>> Val Avg RMSE (Real): 376.3790
2026-04-07 19:54:47,722 - INFO -     >>> Val MAE Details: ['256.1579', '234.7910', '230.1747', '279.0824', '307.3213', '311.8314', '306.1864']
2026-04-07 19:54:47,722 - INFO - ⏳ No improvement. Patience: 1/50
2026-04-07 19:56:20,815 - INFO - [Epoch 86] Train Loss: 0.1074 | LR: 0.000081
2026-04-07 19:56:20,815 - INFO -     >>> Val Avg RMSE (Real): 379.4401
2026-04-07 19:56:20,815 - INFO -     >>> Val MAE Details: ['260.4832', '229.8974', '235.7525', '281.7796', '310.4671', '312.4820', '306.5457']
2026-04-07 19:56:20,815 - INFO - ⏳ No improvement. Patience: 2/50
2026-04-07 19:57:51,599 - INFO - [Epoch 87] Train Loss: 0.1067 | LR: 0.000081
2026-04-07 19:57:51,600 - INFO -     >>> Val Avg RMSE (Real): 371.6694
2026-04-07 19:57:51,600 - INFO -     >>> Val MAE Details: ['250.5099', '230.1163', '224.2840', '272.4493', '302.4834', '310.5819', '315.0454']
2026-04-07 19:57:51,677 - INFO - 💾 Saved Best Model to ./logs/ED5_repr_atomistic_graph_ViSNet_MultiTask7_20260407_175134/best_model.pth
2026-04-07 19:59:20,565 - INFO - [Epoch 88] Train Loss: 0.1056 | LR: 0.000080
2026-04-07 19:59:20,565 - INFO -     >>> Val Avg RMSE (Real): 378.9286
2026-04-07 19:59:20,566 - INFO -     >>> Val MAE Details: ['248.8446', '232.5978', '222.3575', '277.9585', '304.9637', '332.3835', '319.7101']
2026-04-07 19:59:20,566 - INFO - ⏳ No improvement. Patience: 1/50
2026-04-07 20:00:52,823 - INFO - [Epoch 89] Train Loss: 0.1048 | LR: 0.000080
2026-04-07 20:00:52,823 - INFO -     >>> Val Avg RMSE (Real): 380.1160
2026-04-07 20:00:52,823 - INFO -     >>> Val MAE Details: ['257.9829', '233.5817', '236.4043', '288.3105', '308.9906', '318.4446', '308.3553']
2026-04-07 20:00:52,823 - INFO - ⏳ No improvement. Patience: 2/50
2026-04-07 20:02:21,150 - INFO - [Epoch 90] Train Loss: 0.1039 | LR: 0.000079
2026-04-07 20:02:21,150 - INFO -     >>> Val Avg RMSE (Real): 376.6851
2026-04-07 20:02:21,150 - INFO -     >>> Val MAE Details: ['264.2137', '240.9089', '224.7850', '273.9237', '308.4013', '318.4166', '312.7905']
2026-04-07 20:02:21,150 - INFO - ⏳ No improvement. Patience: 3/50
2026-04-07 20:03:53,669 - INFO - [Epoch 91] Train Loss: 0.1030 | LR: 0.000079
2026-04-07 20:03:53,669 - INFO -     >>> Val Avg RMSE (Real): 373.8048
2026-04-07 20:03:53,670 - INFO -     >>> Val MAE Details: ['254.5700', '232.3222', '224.1598', '278.8013', '298.3141', '309.1432', '305.1100']
2026-04-07 20:03:53,670 - INFO - ⏳ No improvement. Patience: 4/50
2026-04-07 20:05:26,243 - INFO - [Epoch 92] Train Loss: 0.1016 | LR: 0.000079
2026-04-07 20:05:26,243 - INFO -     >>> Val Avg RMSE (Real): 377.3149
2026-04-07 20:05:26,243 - INFO -     >>> Val MAE Details: ['251.4323', '230.0918', '229.7652', '294.4861', '299.1458', '317.8006', '308.8568']
2026-04-07 20:05:26,243 - INFO - ⏳ No improvement. Patience: 5/50
2026-04-07 20:06:58,981 - INFO - [Epoch 93] Train Loss: 0.1012 | LR: 0.000078
2026-04-07 20:06:58,981 - INFO -     >>> Val Avg RMSE (Real): 378.4757
2026-04-07 20:06:58,981 - INFO -     >>> Val MAE Details: ['250.0018', '229.2036', '225.4169', '277.5110', '309.4447', '327.2466', '330.6070']
2026-04-07 20:06:58,981 - INFO - ⏳ No improvement. Patience: 6/50
2026-04-07 20:08:31,895 - INFO - [Epoch 94] Train Loss: 0.1003 | LR: 0.000078
2026-04-07 20:08:31,896 - INFO -     >>> Val Avg RMSE (Real): 368.4290
2026-04-07 20:08:31,896 - INFO -     >>> Val MAE Details: ['250.5901', '231.1461', '223.1207', '269.6231', '298.3831', '313.6495', '305.8119']
2026-04-07 20:08:31,965 - INFO - 💾 Saved Best Model to ./logs/ED5_repr_atomistic_graph_ViSNet_MultiTask7_20260407_175134/best_model.pth
2026-04-07 20:10:05,261 - INFO - [Epoch 95] Train Loss: 0.0996 | LR: 0.000077
2026-04-07 20:10:05,262 - INFO -     >>> Val Avg RMSE (Real): 373.3642
2026-04-07 20:10:05,262 - INFO -     >>> Val MAE Details: ['253.2043', '228.0466', '227.6602', '276.6772', '301.7852', '312.0693', '310.1128']
2026-04-07 20:10:05,262 - INFO - ⏳ No improvement. Patience: 1/50
2026-04-07 20:11:38,385 - INFO - [Epoch 96] Train Loss: 0.0986 | LR: 0.000077
2026-04-07 20:11:38,385 - INFO -     >>> Val Avg RMSE (Real): 371.2660
2026-04-07 20:11:38,385 - INFO -     >>> Val MAE Details: ['250.2699', '229.6680', '229.5748', '281.5414', '308.9671', '305.1647', '301.2556']
2026-04-07 20:11:38,385 - INFO - ⏳ No improvement. Patience: 2/50
2026-04-07 20:13:11,027 - INFO - [Epoch 97] Train Loss: 0.0979 | LR: 0.000076
2026-04-07 20:13:11,027 - INFO -     >>> Val Avg RMSE (Real): 382.4410
2026-04-07 20:13:11,027 - INFO -     >>> Val MAE Details: ['262.4153', '238.4726', '224.7317', '277.3951', '305.2870', '338.0846', '308.3705']
2026-04-07 20:13:11,027 - INFO - ⏳ No improvement. Patience: 3/50
2026-04-07 20:14:43,792 - INFO - [Epoch 98] Train Loss: 0.0972 | LR: 0.000076
2026-04-07 20:14:43,792 - INFO -     >>> Val Avg RMSE (Real): 375.7535
2026-04-07 20:14:43,792 - INFO -     >>> Val MAE Details: ['257.9134', '231.1527', '218.8623', '281.4540', '304.2543', '310.7916', '307.5230']
2026-04-07 20:14:43,792 - INFO - ⏳ No improvement. Patience: 4/50
2026-04-07 20:16:14,580 - INFO - [Epoch 99] Train Loss: 0.0965 | LR: 0.000075
2026-04-07 20:16:14,581 - INFO -     >>> Val Avg RMSE (Real): 378.9939
2026-04-07 20:16:14,581 - INFO -     >>> Val MAE Details: ['249.6741', '233.4061', '224.4512', '279.2015', '314.9593', '316.5865', '312.8214']
2026-04-07 20:16:14,581 - INFO - ⏳ No improvement. Patience: 5/50
2026-04-07 20:17:47,257 - INFO - [Epoch 100] Train Loss: 0.0956 | LR: 0.000075
2026-04-07 20:17:47,257 - INFO -     >>> Val Avg RMSE (Real): 369.9946
2026-04-07 20:17:47,258 - INFO -     >>> Val MAE Details: ['253.3940', '228.8840', '222.3899', '271.4265', '303.0761', '307.4826', '302.7462']
2026-04-07 20:17:47,258 - INFO - ⏳ No improvement. Patience: 6/50
2026-04-07 20:19:20,184 - INFO - [Epoch 101] Train Loss: 0.0949 | LR: 0.000075
2026-04-07 20:19:20,185 - INFO -     >>> Val Avg RMSE (Real): 369.5454
2026-04-07 20:19:20,185 - INFO -     >>> Val MAE Details: ['248.1328', '226.9050', '220.0559', '270.2598', '296.6636', '310.5488', '305.2682']
2026-04-07 20:19:20,185 - INFO - ⏳ No improvement. Patience: 7/50
2026-04-07 20:20:54,804 - INFO - [Epoch 102] Train Loss: 0.0941 | LR: 0.000074
2026-04-07 20:20:54,804 - INFO -     >>> Val Avg RMSE (Real): 373.5116
2026-04-07 20:20:54,804 - INFO -     >>> Val MAE Details: ['261.5590', '227.7832', '224.1515', '288.2076', '299.7432', '304.1826', '306.4992']
2026-04-07 20:20:54,804 - INFO - ⏳ No improvement. Patience: 8/50
2026-04-07 20:22:27,569 - INFO - [Epoch 103] Train Loss: 0.0934 | LR: 0.000074
2026-04-07 20:22:27,569 - INFO -     >>> Val Avg RMSE (Real): 384.7345
2026-04-07 20:22:27,569 - INFO -     >>> Val MAE Details: ['258.4347', '238.8669', '226.4880', '273.2328', '302.3061', '329.7084', '341.1290']
2026-04-07 20:22:27,569 - INFO - ⏳ No improvement. Patience: 9/50
2026-04-07 20:24:00,028 - INFO - [Epoch 104] Train Loss: 0.0931 | LR: 0.000073
2026-04-07 20:24:00,028 - INFO -     >>> Val Avg RMSE (Real): 381.2350
2026-04-07 20:24:00,028 - INFO -     >>> Val MAE Details: ['267.4571', '233.7583', '229.4985', '274.3873', '295.3194', '324.2299', '331.6591']
2026-04-07 20:24:00,028 - INFO - ⏳ No improvement. Patience: 10/50
2026-04-07 20:25:32,828 - INFO - [Epoch 105] Train Loss: 0.0928 | LR: 0.000073
2026-04-07 20:25:32,828 - INFO -     >>> Val Avg RMSE (Real): 371.1587
2026-04-07 20:25:32,828 - INFO -     >>> Val MAE Details: ['251.8254', '235.9100', '219.6676', '286.9089', '299.2570', '306.8037', '300.7376']
2026-04-07 20:25:32,828 - INFO - ⏳ No improvement. Patience: 11/50
2026-04-07 20:27:05,669 - INFO - [Epoch 106] Train Loss: 0.0919 | LR: 0.000072
2026-04-07 20:27:05,669 - INFO -     >>> Val Avg RMSE (Real): 368.6797
2026-04-07 20:27:05,670 - INFO -     >>> Val MAE Details: ['243.1009', '228.2715', '223.4753', '273.0556', '302.8556', '308.2549', '303.7427']
2026-04-07 20:27:05,670 - INFO - ⏳ No improvement. Patience: 12/50
2026-04-07 20:28:38,832 - INFO - [Epoch 107] Train Loss: 0.0909 | LR: 0.000072
2026-04-07 20:28:38,832 - INFO -     >>> Val Avg RMSE (Real): 364.0316
2026-04-07 20:28:38,832 - INFO -     >>> Val MAE Details: ['245.8009', '227.8625', '218.2713', '273.4774', '295.7467', '302.9348', '297.4909']
2026-04-07 20:28:38,901 - INFO - 💾 Saved Best Model to ./logs/ED5_repr_atomistic_graph_ViSNet_MultiTask7_20260407_175134/best_model.pth
2026-04-07 20:30:11,980 - INFO - [Epoch 108] Train Loss: 0.0907 | LR: 0.000071
2026-04-07 20:30:11,980 - INFO -     >>> Val Avg RMSE (Real): 368.7023
2026-04-07 20:30:11,981 - INFO -     >>> Val MAE Details: ['250.2811', '227.1782', '217.8906', '272.0791', '297.3511', '308.9244', '302.5330']
2026-04-07 20:30:11,981 - INFO - ⏳ No improvement. Patience: 1/50
2026-04-07 20:31:44,656 - INFO - [Epoch 109] Train Loss: 0.0902 | LR: 0.000071
2026-04-07 20:31:44,656 - INFO -     >>> Val Avg RMSE (Real): 374.5793
2026-04-07 20:31:44,656 - INFO -     >>> Val MAE Details: ['252.1512', '230.9393', '216.9498', '282.1223', '296.5730', '317.6994', '312.7606']
2026-04-07 20:31:44,656 - INFO - ⏳ No improvement. Patience: 2/50
2026-04-07 20:33:17,492 - INFO - [Epoch 110] Train Loss: 0.0899 | LR: 0.000070
2026-04-07 20:33:17,492 - INFO -     >>> Val Avg RMSE (Real): 365.5319
2026-04-07 20:33:17,492 - INFO -     >>> Val MAE Details: ['247.8615', '223.1729', '214.0360', '272.0382', '292.1077', '306.9920', '301.5251']
2026-04-07 20:33:17,492 - INFO - ⏳ No improvement. Patience: 3/50
2026-04-07 20:34:50,576 - INFO - [Epoch 111] Train Loss: 0.0892 | LR: 0.000070
2026-04-07 20:34:50,577 - INFO -     >>> Val Avg RMSE (Real): 369.6811
2026-04-07 20:34:50,577 - INFO -     >>> Val MAE Details: ['253.3015', '232.8372', '228.8279', '270.0546', '293.8792', '309.9093', '301.3651']
2026-04-07 20:34:50,577 - INFO - ⏳ No improvement. Patience: 4/50
2026-04-07 20:36:23,669 - INFO - [Epoch 112] Train Loss: 0.0886 | LR: 0.000069
2026-04-07 20:36:23,669 - INFO -     >>> Val Avg RMSE (Real): 372.1375
2026-04-07 20:36:23,669 - INFO -     >>> Val MAE Details: ['268.1034', '227.7488', '243.1650', '268.0036', '293.5703', '304.8344', '302.5613']
2026-04-07 20:36:23,669 - INFO - ⏳ No improvement. Patience: 5/50
2026-04-07 20:37:57,098 - INFO - [Epoch 113] Train Loss: 0.0882 | LR: 0.000069
2026-04-07 20:37:57,098 - INFO -     >>> Val Avg RMSE (Real): 379.6480
2026-04-07 20:37:57,098 - INFO -     >>> Val MAE Details: ['253.8239', '228.8312', '223.2639', '282.2798', '310.3996', '324.1041', '326.7213']
2026-04-07 20:37:57,098 - INFO - ⏳ No improvement. Patience: 6/50
2026-04-07 20:39:30,147 - INFO - [Epoch 114] Train Loss: 0.0876 | LR: 0.000068
2026-04-07 20:39:30,147 - INFO -     >>> Val Avg RMSE (Real): 370.5626
2026-04-07 20:39:30,147 - INFO -     >>> Val MAE Details: ['253.4044', '229.4341', '218.0972', '268.7558', '296.0825', '310.5096', '309.9466']
2026-04-07 20:39:30,147 - INFO - ⏳ No improvement. Patience: 7/50
2026-04-07 20:41:02,089 - INFO - [Epoch 115] Train Loss: 0.0872 | LR: 0.000068
2026-04-07 20:41:02,089 - INFO -     >>> Val Avg RMSE (Real): 366.5347
2026-04-07 20:41:02,089 - INFO -     >>> Val MAE Details: ['250.4878', '228.0134', '222.3883', '272.8056', '292.5589', '310.4828', '299.1443']
2026-04-07 20:41:02,089 - INFO - ⏳ No improvement. Patience: 8/50
2026-04-07 20:42:35,330 - INFO - [Epoch 116] Train Loss: 0.0868 | LR: 0.000067
2026-04-07 20:42:35,330 - INFO -     >>> Val Avg RMSE (Real): 367.0316
2026-04-07 20:42:35,330 - INFO -     >>> Val MAE Details: ['251.9606', '227.9760', '217.7670', '280.9500', '295.9099', '313.2261', '300.9112']
2026-04-07 20:42:35,330 - INFO - ⏳ No improvement. Patience: 9/50
2026-04-07 20:44:08,587 - INFO - [Epoch 117] Train Loss: 0.0862 | LR: 0.000067
2026-04-07 20:44:08,587 - INFO -     >>> Val Avg RMSE (Real): 367.4805
2026-04-07 20:44:08,587 - INFO -     >>> Val MAE Details: ['248.4575', '231.2544', '227.6573', '266.5571', '293.0812', '308.2042', '300.5708']
2026-04-07 20:44:08,587 - INFO - ⏳ No improvement. Patience: 10/50
2026-04-07 20:45:41,418 - INFO - [Epoch 118] Train Loss: 0.0853 | LR: 0.000066
2026-04-07 20:45:41,418 - INFO -     >>> Val Avg RMSE (Real): 377.0506
2026-04-07 20:45:41,418 - INFO -     >>> Val MAE Details: ['273.9115', '235.1053', '240.2585', '266.6579', '299.1235', '320.0385', '298.0107']
2026-04-07 20:45:41,418 - INFO - ⏳ No improvement. Patience: 11/50
2026-04-07 20:47:13,722 - INFO - [Epoch 119] Train Loss: 0.0852 | LR: 0.000066
2026-04-07 20:47:13,723 - INFO -     >>> Val Avg RMSE (Real): 363.4849
2026-04-07 20:47:13,723 - INFO -     >>> Val MAE Details: ['247.7095', '227.0369', '218.6808', '264.6613', '291.4065', '306.0112', '298.4041']
2026-04-07 20:47:13,792 - INFO - 💾 Saved Best Model to ./logs/ED5_repr_atomistic_graph_ViSNet_MultiTask7_20260407_175134/best_model.pth
2026-04-07 20:48:19,212 - INFO - [Epoch 120] Train Loss: 0.0844 | LR: 0.000065
2026-04-07 20:48:19,213 - INFO -     >>> Val Avg RMSE (Real): 367.4970
2026-04-07 20:48:19,213 - INFO -     >>> Val MAE Details: ['254.6989', '230.8632', '217.3030', '265.2832', '293.2431', '316.7596', '303.5444']
2026-04-07 20:48:19,213 - INFO - ⏳ No improvement. Patience: 1/50
2026-04-07 20:49:14,355 - INFO - [Epoch 121] Train Loss: 0.0844 | LR: 0.000065
2026-04-07 20:49:14,355 - INFO -     >>> Val Avg RMSE (Real): 363.0838
2026-04-07 20:49:14,355 - INFO -     >>> Val MAE Details: ['246.3256', '226.2723', '225.2356', '267.4538', '295.0102', '305.6663', '295.6854']
2026-04-07 20:49:14,424 - INFO - 💾 Saved Best Model to ./logs/ED5_repr_atomistic_graph_ViSNet_MultiTask7_20260407_175134/best_model.pth
2026-04-07 20:50:10,723 - INFO - [Epoch 122] Train Loss: 0.0839 | LR: 0.000064
2026-04-07 20:50:10,723 - INFO -     >>> Val Avg RMSE (Real): 362.2554
2026-04-07 20:50:10,723 - INFO -     >>> Val MAE Details: ['245.5583', '224.8511', '214.7298', '265.0132', '290.6938', '308.8699', '301.6956']
2026-04-07 20:50:10,783 - INFO - 💾 Saved Best Model to ./logs/ED5_repr_atomistic_graph_ViSNet_MultiTask7_20260407_175134/best_model.pth
2026-04-07 20:51:07,093 - INFO - [Epoch 123] Train Loss: 0.0837 | LR: 0.000064
2026-04-07 20:51:07,093 - INFO -     >>> Val Avg RMSE (Real): 370.3123
2026-04-07 20:51:07,093 - INFO -     >>> Val MAE Details: ['253.8881', '226.3045', '220.9193', '264.7963', '297.6951', '311.0108', '302.2337']
2026-04-07 20:51:07,093 - INFO - ⏳ No improvement. Patience: 1/50
2026-04-07 20:52:02,087 - INFO - [Epoch 124] Train Loss: 0.0831 | LR: 0.000063
2026-04-07 20:52:02,087 - INFO -     >>> Val Avg RMSE (Real): 368.8152
2026-04-07 20:52:02,087 - INFO -     >>> Val MAE Details: ['250.9103', '221.7749', '220.0986', '266.0286', '293.3922', '322.6848', '308.1312']
2026-04-07 20:52:02,087 - INFO - ⏳ No improvement. Patience: 2/50
2026-04-07 20:52:58,240 - INFO - [Epoch 125] Train Loss: 0.0824 | LR: 0.000063
2026-04-07 20:52:58,240 - INFO -     >>> Val Avg RMSE (Real): 365.6571
2026-04-07 20:52:58,240 - INFO -     >>> Val MAE Details: ['250.5403', '226.6208', '215.5611', '264.8683', '291.1375', '307.1251', '303.8573']
2026-04-07 20:52:58,240 - INFO - ⏳ No improvement. Patience: 3/50
2026-04-07 20:54:18,137 - INFO - [Epoch 126] Train Loss: 0.0819 | LR: 0.000062
2026-04-07 20:54:18,138 - INFO -     >>> Val Avg RMSE (Real): 359.4849
2026-04-07 20:54:18,138 - INFO -     >>> Val MAE Details: ['242.5121', '226.2197', '215.1185', '264.5844', '286.3953', '306.6731', '299.0513']
2026-04-07 20:54:18,204 - INFO - 💾 Saved Best Model to ./logs/ED5_repr_atomistic_graph_ViSNet_MultiTask7_20260407_175134/best_model.pth
2026-04-07 20:55:50,970 - INFO - [Epoch 127] Train Loss: 0.0814 | LR: 0.000062
2026-04-07 20:55:50,970 - INFO -     >>> Val Avg RMSE (Real): 373.8072
2026-04-07 20:55:50,970 - INFO -     >>> Val MAE Details: ['271.7393', '234.5315', '221.3785', '270.2090', '289.6756', '317.2657', '307.3816']
2026-04-07 20:55:50,970 - INFO - ⏳ No improvement. Patience: 1/50
2026-04-07 20:57:23,087 - INFO - [Epoch 128] Train Loss: 0.0813 | LR: 0.000061
2026-04-07 20:57:23,087 - INFO -     >>> Val Avg RMSE (Real): 360.9759
2026-04-07 20:57:23,087 - INFO -     >>> Val MAE Details: ['244.5241', '224.0915', '215.2138', '265.8278', '284.6982', '303.4396', '301.5749']
2026-04-07 20:57:23,087 - INFO - ⏳ No improvement. Patience: 2/50
2026-04-07 20:58:56,657 - INFO - [Epoch 129] Train Loss: 0.0809 | LR: 0.000061
2026-04-07 20:58:56,657 - INFO -     >>> Val Avg RMSE (Real): 364.2242
2026-04-07 20:58:56,657 - INFO -     >>> Val MAE Details: ['249.1025', '225.1924', '217.0948', '264.5230', '289.7816', '314.9819', '307.7213']
2026-04-07 20:58:56,658 - INFO - ⏳ No improvement. Patience: 3/50
2026-04-07 21:00:30,345 - INFO - [Epoch 130] Train Loss: 0.0801 | LR: 0.000060
2026-04-07 21:00:30,345 - INFO -     >>> Val Avg RMSE (Real): 371.6180
2026-04-07 21:00:30,345 - INFO -     >>> Val MAE Details: ['255.0681', '236.9144', '219.6387', '266.0713', '300.9234', '316.2869', '309.8945']
2026-04-07 21:00:30,345 - INFO - ⏳ No improvement. Patience: 4/50
2026-04-07 21:02:02,943 - INFO - [Epoch 131] Train Loss: 0.0799 | LR: 0.000060
2026-04-07 21:02:02,943 - INFO -     >>> Val Avg RMSE (Real): 365.2438
2026-04-07 21:02:02,943 - INFO -     >>> Val MAE Details: ['251.2116', '230.6060', '214.8438', '269.3088', '294.4704', '308.1987', '298.9247']
2026-04-07 21:02:02,943 - INFO - ⏳ No improvement. Patience: 5/50
2026-04-07 21:03:37,281 - INFO - [Epoch 132] Train Loss: 0.0795 | LR: 0.000059
2026-04-07 21:03:37,281 - INFO -     >>> Val Avg RMSE (Real): 358.3393
2026-04-07 21:03:37,281 - INFO -     >>> Val MAE Details: ['244.9483', '223.3393', '214.3119', '270.8265', '292.8209', '301.1159', '296.6395']
2026-04-07 21:03:37,350 - INFO - 💾 Saved Best Model to ./logs/ED5_repr_atomistic_graph_ViSNet_MultiTask7_20260407_175134/best_model.pth
2026-04-07 21:05:09,877 - INFO - [Epoch 133] Train Loss: 0.0789 | LR: 0.000059
2026-04-07 21:05:09,877 - INFO -     >>> Val Avg RMSE (Real): 367.5046
2026-04-07 21:05:09,877 - INFO -     >>> Val MAE Details: ['248.1708', '227.3706', '216.0963', '286.6826', '298.0223', '310.9228', '305.4316']
2026-04-07 21:05:09,877 - INFO - ⏳ No improvement. Patience: 1/50
2026-04-07 21:06:42,374 - INFO - [Epoch 134] Train Loss: 0.0787 | LR: 0.000058
2026-04-07 21:06:42,374 - INFO -     >>> Val Avg RMSE (Real): 364.0619
2026-04-07 21:06:42,374 - INFO -     >>> Val MAE Details: ['246.8842', '224.8678', '215.8927', '263.3070', '284.4455', '310.5894', '302.9753']
2026-04-07 21:06:42,374 - INFO - ⏳ No improvement. Patience: 2/50
2026-04-07 21:08:15,291 - INFO - [Epoch 135] Train Loss: 0.0781 | LR: 0.000058
2026-04-07 21:08:15,292 - INFO -     >>> Val Avg RMSE (Real): 361.5074
2026-04-07 21:08:15,292 - INFO -     >>> Val MAE Details: ['244.5371', '225.0479', '214.7728', '262.3286', '287.9099', '309.0440', '299.5494']
2026-04-07 21:08:15,292 - INFO - ⏳ No improvement. Patience: 3/50
2026-04-07 21:09:49,041 - INFO - [Epoch 136] Train Loss: 0.0775 | LR: 0.000057
2026-04-07 21:09:49,041 - INFO -     >>> Val Avg RMSE (Real): 364.0132
2026-04-07 21:09:49,041 - INFO -     >>> Val MAE Details: ['245.6074', '225.8888', '217.3009', '262.6757', '289.0016', '308.3015', '302.0539']
2026-04-07 21:09:49,041 - INFO - ⏳ No improvement. Patience: 4/50
2026-04-07 21:11:22,012 - INFO - [Epoch 137] Train Loss: 0.0773 | LR: 0.000057
2026-04-07 21:11:22,012 - INFO -     >>> Val Avg RMSE (Real): 365.4481
2026-04-07 21:11:22,012 - INFO -     >>> Val MAE Details: ['248.7410', '224.5545', '229.7651', '261.2838', '287.7086', '306.1403', '304.3515']
2026-04-07 21:11:22,012 - INFO - ⏳ No improvement. Patience: 5/50
2026-04-07 21:12:54,322 - INFO - [Epoch 138] Train Loss: 0.0768 | LR: 0.000056
2026-04-07 21:12:54,322 - INFO -     >>> Val Avg RMSE (Real): 359.5815
2026-04-07 21:12:54,322 - INFO -     >>> Val MAE Details: ['243.8764', '224.5289', '221.3675', '262.6755', '288.2491', '302.6399', '296.5592']
2026-04-07 21:12:54,322 - INFO - ⏳ No improvement. Patience: 6/50
2026-04-07 21:14:24,993 - INFO - [Epoch 139] Train Loss: 0.0764 | LR: 0.000056
2026-04-07 21:14:24,994 - INFO -     >>> Val Avg RMSE (Real): 360.8126
2026-04-07 21:14:24,994 - INFO -     >>> Val MAE Details: ['245.9421', '223.6997', '230.2028', '260.5492', '283.1677', '304.6032', '292.7104']
2026-04-07 21:14:24,994 - INFO - ⏳ No improvement. Patience: 7/50
2026-04-07 21:15:57,520 - INFO - [Epoch 140] Train Loss: 0.0760 | LR: 0.000055
2026-04-07 21:15:57,521 - INFO -     >>> Val Avg RMSE (Real): 361.3184
2026-04-07 21:15:57,521 - INFO -     >>> Val MAE Details: ['247.6854', '222.0890', '211.8136', '262.2578', '290.2097', '309.7723', '299.5270']
2026-04-07 21:15:57,521 - INFO - ⏳ No improvement. Patience: 8/50
2026-04-07 21:17:32,266 - INFO - [Epoch 141] Train Loss: 0.0756 | LR: 0.000055
2026-04-07 21:17:32,266 - INFO -     >>> Val Avg RMSE (Real): 364.5959
2026-04-07 21:17:32,266 - INFO -     >>> Val MAE Details: ['246.4713', '224.5748', '225.2797', '263.2939', '287.4430', '310.5630', '299.9153']
2026-04-07 21:17:32,266 - INFO - ⏳ No improvement. Patience: 9/50
2026-04-07 21:19:02,198 - INFO - [Epoch 142] Train Loss: 0.0754 | LR: 0.000054
2026-04-07 21:19:02,199 - INFO -     >>> Val Avg RMSE (Real): 363.9066
2026-04-07 21:19:02,199 - INFO -     >>> Val MAE Details: ['251.0277', '232.0031', '213.0279', '265.1651', '288.2377', '309.6916', '302.5311']
2026-04-07 21:19:02,199 - INFO - ⏳ No improvement. Patience: 10/50
2026-04-07 21:20:33,559 - INFO - [Epoch 143] Train Loss: 0.0752 | LR: 0.000054
2026-04-07 21:20:33,559 - INFO -     >>> Val Avg RMSE (Real): 366.2942
2026-04-07 21:20:33,559 - INFO -     >>> Val MAE Details: ['251.8260', '231.7385', '214.4812', '263.4138', '287.6996', '313.6877', '298.1337']
2026-04-07 21:20:33,559 - INFO - ⏳ No improvement. Patience: 11/50
2026-04-07 21:22:03,348 - INFO - [Epoch 144] Train Loss: 0.0746 | LR: 0.000053
2026-04-07 21:22:03,349 - INFO -     >>> Val Avg RMSE (Real): 364.1613
2026-04-07 21:22:03,349 - INFO -     >>> Val MAE Details: ['256.9525', '229.2128', '217.7825', '264.2292', '284.6533', '309.1512', '298.4339']
2026-04-07 21:22:03,349 - INFO - ⏳ No improvement. Patience: 12/50
2026-04-07 21:23:32,356 - INFO - [Epoch 145] Train Loss: 0.0743 | LR: 0.000053
2026-04-07 21:23:32,356 - INFO -     >>> Val Avg RMSE (Real): 364.9628
2026-04-07 21:23:32,356 - INFO -     >>> Val MAE Details: ['248.3286', '226.8165', '216.5983', '267.5105', '290.5429', '313.3239', '302.3362']
2026-04-07 21:23:32,356 - INFO - ⏳ No improvement. Patience: 13/50
2026-04-07 21:25:01,686 - INFO - [Epoch 146] Train Loss: 0.0743 | LR: 0.000052
2026-04-07 21:25:01,686 - INFO -     >>> Val Avg RMSE (Real): 361.4343
2026-04-07 21:25:01,686 - INFO -     >>> Val MAE Details: ['248.7262', '223.0062', '219.8018', '261.9855', '287.1951', '308.5349', '297.7445']
2026-04-07 21:25:01,686 - INFO - ⏳ No improvement. Patience: 14/50
2026-04-07 21:26:31,210 - INFO - [Epoch 147] Train Loss: 0.0737 | LR: 0.000052
2026-04-07 21:26:31,210 - INFO -     >>> Val Avg RMSE (Real): 364.6560
2026-04-07 21:26:31,210 - INFO -     >>> Val MAE Details: ['243.6372', '225.1898', '216.9734', '260.7893', '309.1086', '303.4652', '298.4350']
2026-04-07 21:26:31,210 - INFO - ⏳ No improvement. Patience: 15/50
2026-04-07 21:28:00,662 - INFO - [Epoch 148] Train Loss: 0.0734 | LR: 0.000051
2026-04-07 21:28:00,662 - INFO -     >>> Val Avg RMSE (Real): 364.4279
2026-04-07 21:28:00,662 - INFO -     >>> Val MAE Details: ['243.4337', '220.2311', '208.7171', '280.8711', '294.0022', '310.3994', '299.8694']
2026-04-07 21:28:00,662 - INFO - ⏳ No improvement. Patience: 16/50
2026-04-07 21:29:30,039 - INFO - [Epoch 149] Train Loss: 0.0728 | LR: 0.000051
2026-04-07 21:29:30,039 - INFO -     >>> Val Avg RMSE (Real): 360.3371
2026-04-07 21:29:30,039 - INFO -     >>> Val MAE Details: ['243.4035', '221.0611', '218.6369', '265.9753', '286.5570', '306.0520', '295.1441']
2026-04-07 21:29:30,039 - INFO - ⏳ No improvement. Patience: 17/50
2026-04-07 21:31:00,496 - INFO - [Epoch 150] Train Loss: 0.0727 | LR: 0.000050
2026-04-07 21:31:00,496 - INFO -     >>> Val Avg RMSE (Real): 356.2892
2026-04-07 21:31:00,496 - INFO -     >>> Val MAE Details: ['244.5539', '223.5966', '211.7172', '261.4857', '282.8922', '302.6032', '292.4401']
2026-04-07 21:31:00,564 - INFO - 💾 Saved Best Model to ./logs/ED5_repr_atomistic_graph_ViSNet_MultiTask7_20260407_175134/best_model.pth
2026-04-07 21:32:29,903 - INFO - [Epoch 151] Train Loss: 0.0721 | LR: 0.000049
2026-04-07 21:32:29,904 - INFO -     >>> Val Avg RMSE (Real): 359.5251
2026-04-07 21:32:29,904 - INFO -     >>> Val MAE Details: ['246.2430', '225.7184', '208.4368', '259.8948', '287.7333', '303.6263', '295.5291']
2026-04-07 21:32:29,904 - INFO - ⏳ No improvement. Patience: 1/50
2026-04-07 21:33:59,366 - INFO - [Epoch 152] Train Loss: 0.0717 | LR: 0.000049
2026-04-07 21:33:59,366 - INFO -     >>> Val Avg RMSE (Real): 364.6314
2026-04-07 21:33:59,366 - INFO -     >>> Val MAE Details: ['248.1220', '224.2710', '211.9143', '274.0072', '295.9720', '307.6161', '299.4746']
2026-04-07 21:33:59,366 - INFO - ⏳ No improvement. Patience: 2/50
2026-04-07 21:35:29,989 - INFO - [Epoch 153] Train Loss: 0.0717 | LR: 0.000048
2026-04-07 21:35:29,989 - INFO -     >>> Val Avg RMSE (Real): 365.1884
2026-04-07 21:35:29,989 - INFO -     >>> Val MAE Details: ['254.8920', '222.3272', '215.0019', '261.9680', '295.3830', '310.2467', '299.4555']
2026-04-07 21:35:29,989 - INFO - ⏳ No improvement. Patience: 3/50
2026-04-07 21:36:58,714 - INFO - [Epoch 154] Train Loss: 0.0712 | LR: 0.000048
2026-04-07 21:36:58,714 - INFO -     >>> Val Avg RMSE (Real): 358.1088
2026-04-07 21:36:58,715 - INFO -     >>> Val MAE Details: ['247.1009', '223.4072', '216.5579', '259.0009', '285.7087', '303.6147', '294.3497']
2026-04-07 21:36:58,715 - INFO - ⏳ No improvement. Patience: 4/50
2026-04-07 21:38:27,794 - INFO - [Epoch 155] Train Loss: 0.0707 | LR: 0.000047
2026-04-07 21:38:27,794 - INFO -     >>> Val Avg RMSE (Real): 356.4011
2026-04-07 21:38:27,794 - INFO -     >>> Val MAE Details: ['247.7942', '220.3913', '211.9539', '259.9064', '283.1446', '307.0821', '292.0826']
2026-04-07 21:38:27,794 - INFO - ⏳ No improvement. Patience: 5/50
2026-04-07 21:39:57,283 - INFO - [Epoch 156] Train Loss: 0.0706 | LR: 0.000047
2026-04-07 21:39:57,283 - INFO -     >>> Val Avg RMSE (Real): 362.0343
2026-04-07 21:39:57,284 - INFO -     >>> Val MAE Details: ['260.0475', '223.7072', '215.6548', '261.3718', '290.1275', '308.6741', '295.3079']
2026-04-07 21:39:57,284 - INFO - ⏳ No improvement. Patience: 6/50
2026-04-07 21:41:27,563 - INFO - [Epoch 157] Train Loss: 0.0703 | LR: 0.000046
2026-04-07 21:41:27,563 - INFO -     >>> Val Avg RMSE (Real): 355.4428
2026-04-07 21:41:27,563 - INFO -     >>> Val MAE Details: ['244.3896', '219.5027', '211.5966', '259.5065', '282.1707', '307.3081', '299.7029']
2026-04-07 21:41:27,631 - INFO - 💾 Saved Best Model to ./logs/ED5_repr_atomistic_graph_ViSNet_MultiTask7_20260407_175134/best_model.pth
2026-04-07 21:42:58,349 - INFO - [Epoch 158] Train Loss: 0.0701 | LR: 0.000046
2026-04-07 21:42:58,349 - INFO -     >>> Val Avg RMSE (Real): 357.5800
2026-04-07 21:42:58,349 - INFO -     >>> Val MAE Details: ['243.3750', '221.6762', '214.1274', '264.9336', '285.3846', '302.8686', '289.3959']
2026-04-07 21:42:58,349 - INFO - ⏳ No improvement. Patience: 1/50
2026-04-07 21:44:28,032 - INFO - [Epoch 159] Train Loss: 0.0695 | LR: 0.000045
2026-04-07 21:44:28,032 - INFO -     >>> Val Avg RMSE (Real): 360.6327
2026-04-07 21:44:28,032 - INFO -     >>> Val MAE Details: ['243.4695', '222.3119', '218.5250', '261.4174', '291.1916', '305.2316', '299.7050']
2026-04-07 21:44:28,032 - INFO - ⏳ No improvement. Patience: 2/50
2026-04-07 21:45:57,669 - INFO - [Epoch 160] Train Loss: 0.0691 | LR: 0.000045
2026-04-07 21:45:57,669 - INFO -     >>> Val Avg RMSE (Real): 358.2945
2026-04-07 21:45:57,669 - INFO -     >>> Val MAE Details: ['245.0448', '223.8581', '212.0716', '264.4041', '287.6805', '305.9296', '294.4787']
2026-04-07 21:45:57,669 - INFO - ⏳ No improvement. Patience: 3/50
2026-04-07 21:47:26,854 - INFO - [Epoch 161] Train Loss: 0.0688 | LR: 0.000044
2026-04-07 21:47:26,854 - INFO -     >>> Val Avg RMSE (Real): 359.4997
2026-04-07 21:47:26,854 - INFO -     >>> Val MAE Details: ['246.4137', '224.6512', '213.8991', '266.4986', '285.2867', '306.1128', '295.1951']
2026-04-07 21:47:26,854 - INFO - ⏳ No improvement. Patience: 4/50
2026-04-07 21:48:55,806 - INFO - [Epoch 162] Train Loss: 0.0687 | LR: 0.000044
2026-04-07 21:48:55,806 - INFO -     >>> Val Avg RMSE (Real): 355.4298
2026-04-07 21:48:55,806 - INFO -     >>> Val MAE Details: ['249.4455', '219.3187', '214.9961', '257.6116', '281.5743', '300.5364', '291.1297']
2026-04-07 21:48:55,940 - INFO - 💾 Saved Best Model to ./logs/ED5_repr_atomistic_graph_ViSNet_MultiTask7_20260407_175134/best_model.pth
2026-04-07 21:50:25,368 - INFO - [Epoch 163] Train Loss: 0.0685 | LR: 0.000043
2026-04-07 21:50:25,368 - INFO -     >>> Val Avg RMSE (Real): 363.5067
2026-04-07 21:50:25,368 - INFO -     >>> Val MAE Details: ['250.0786', '223.4953', '219.1064', '265.8415', '289.1186', '306.8631', '297.7975']
2026-04-07 21:50:25,368 - INFO - ⏳ No improvement. Patience: 1/50
2026-04-07 21:52:01,715 - INFO - [Epoch 164] Train Loss: 0.0679 | LR: 0.000043
2026-04-07 21:52:01,715 - INFO -     >>> Val Avg RMSE (Real): 362.1031
2026-04-07 21:52:01,715 - INFO -     >>> Val MAE Details: ['247.7417', '221.2417', '215.0542', '266.6245', '283.9988', '305.4353', '303.0249']
2026-04-07 21:52:01,715 - INFO - ⏳ No improvement. Patience: 2/50
2026-04-07 21:53:31,661 - INFO - [Epoch 165] Train Loss: 0.0678 | LR: 0.000042
2026-04-07 21:53:31,661 - INFO -     >>> Val Avg RMSE (Real): 360.2597
2026-04-07 21:53:31,661 - INFO -     >>> Val MAE Details: ['245.5221', '219.9687', '212.8485', '261.0553', '287.1674', '305.1060', '299.1487']
2026-04-07 21:53:31,661 - INFO - ⏳ No improvement. Patience: 3/50
2026-04-07 21:55:01,164 - INFO - [Epoch 166] Train Loss: 0.0674 | LR: 0.000042
2026-04-07 21:55:01,164 - INFO -     >>> Val Avg RMSE (Real): 360.6830
2026-04-07 21:55:01,164 - INFO -     >>> Val MAE Details: ['252.7598', '221.4833', '212.7421', '267.4570', '282.0553', '306.0156', '299.5313']
2026-04-07 21:55:01,164 - INFO - ⏳ No improvement. Patience: 4/50
2026-04-07 21:56:30,348 - INFO - [Epoch 167] Train Loss: 0.0673 | LR: 0.000041
2026-04-07 21:56:30,348 - INFO -     >>> Val Avg RMSE (Real): 364.7113
2026-04-07 21:56:30,348 - INFO -     >>> Val MAE Details: ['250.3741', '231.1478', '211.4724', '283.9217', '283.3953', '306.7930', '296.8461']
2026-04-07 21:56:30,348 - INFO - ⏳ No improvement. Patience: 5/50
2026-04-07 21:57:59,251 - INFO - [Epoch 168] Train Loss: 0.0669 | LR: 0.000041
2026-04-07 21:57:59,251 - INFO -     >>> Val Avg RMSE (Real): 365.3000
2026-04-07 21:57:59,251 - INFO -     >>> Val MAE Details: ['250.1860', '225.8992', '224.7706', '268.5888', '281.8018', '304.5442', '299.2218']
2026-04-07 21:57:59,251 - INFO - ⏳ No improvement. Patience: 6/50
2026-04-07 21:59:28,462 - INFO - [Epoch 169] Train Loss: 0.0666 | LR: 0.000040
2026-04-07 21:59:28,462 - INFO -     >>> Val Avg RMSE (Real): 359.3199
2026-04-07 21:59:28,462 - INFO -     >>> Val MAE Details: ['245.5289', '224.1492', '214.4636', '267.4792', '283.2316', '300.9716', '291.4581']
2026-04-07 21:59:28,462 - INFO - ⏳ No improvement. Patience: 7/50
2026-04-07 22:00:57,879 - INFO - [Epoch 170] Train Loss: 0.0662 | LR: 0.000040
2026-04-07 22:00:57,879 - INFO -     >>> Val Avg RMSE (Real): 362.7702
2026-04-07 22:00:57,879 - INFO -     >>> Val MAE Details: ['247.4397', '226.0788', '216.0294', '260.8876', '282.6608', '312.9560', '296.8831']
2026-04-07 22:00:57,879 - INFO - ⏳ No improvement. Patience: 8/50
2026-04-07 22:02:27,022 - INFO - [Epoch 171] Train Loss: 0.0661 | LR: 0.000039
2026-04-07 22:02:27,022 - INFO -     >>> Val Avg RMSE (Real): 358.4434
2026-04-07 22:02:27,022 - INFO -     >>> Val MAE Details: ['248.5220', '223.3282', '212.8543', '262.2834', '282.0213', '300.3228', '297.1069']
2026-04-07 22:02:27,022 - INFO - ⏳ No improvement. Patience: 9/50
2026-04-07 22:03:56,258 - INFO - [Epoch 172] Train Loss: 0.0658 | LR: 0.000039
2026-04-07 22:03:56,259 - INFO -     >>> Val Avg RMSE (Real): 359.2440
2026-04-07 22:03:56,259 - INFO -     >>> Val MAE Details: ['249.6692', '223.5076', '215.7653', '266.8427', '283.7826', '304.7050', '292.5013']
2026-04-07 22:03:56,259 - INFO - ⏳ No improvement. Patience: 10/50
2026-04-07 22:05:25,118 - INFO - [Epoch 173] Train Loss: 0.0655 | LR: 0.000038
2026-04-07 22:05:25,118 - INFO -     >>> Val Avg RMSE (Real): 360.6888
2026-04-07 22:05:25,118 - INFO -     >>> Val MAE Details: ['250.3277', '223.9051', '217.8275', '259.4783', '283.8798', '308.5133', '293.6708']
2026-04-07 22:05:25,118 - INFO - ⏳ No improvement. Patience: 11/50
2026-04-07 22:06:54,525 - INFO - [Epoch 174] Train Loss: 0.0654 | LR: 0.000038
2026-04-07 22:06:54,525 - INFO -     >>> Val Avg RMSE (Real): 359.3071
2026-04-07 22:06:54,525 - INFO -     >>> Val MAE Details: ['255.3733', '220.5456', '215.1420', '257.1222', '284.2290', '305.0127', '292.6567']
2026-04-07 22:06:54,525 - INFO - ⏳ No improvement. Patience: 12/50
2026-04-07 22:08:24,268 - INFO - [Epoch 175] Train Loss: 0.0651 | LR: 0.000037
2026-04-07 22:08:24,268 - INFO -     >>> Val Avg RMSE (Real): 357.8337
2026-04-07 22:08:24,268 - INFO -     >>> Val MAE Details: ['246.9212', '223.6254', '214.2251', '261.7667', '285.6008', '301.3451', '291.3248']
2026-04-07 22:08:24,268 - INFO - ⏳ No improvement. Patience: 13/50
2026-04-07 22:09:54,373 - INFO - [Epoch 176] Train Loss: 0.0646 | LR: 0.000037
2026-04-07 22:09:54,373 - INFO -     >>> Val Avg RMSE (Real): 357.6193
2026-04-07 22:09:54,373 - INFO -     >>> Val MAE Details: ['248.3874', '220.7542', '215.0315', '256.8707', '283.2372', '302.6946', '294.4620']
2026-04-07 22:09:54,373 - INFO - ⏳ No improvement. Patience: 14/50
2026-04-07 22:11:25,398 - INFO - [Epoch 177] Train Loss: 0.0645 | LR: 0.000036
2026-04-07 22:11:25,398 - INFO -     >>> Val Avg RMSE (Real): 365.8897
2026-04-07 22:11:25,398 - INFO -     >>> Val MAE Details: ['252.9742', '225.9530', '222.5287', '259.4749', '283.8445', '311.6776', '301.1170']
2026-04-07 22:11:25,398 - INFO - ⏳ No improvement. Patience: 15/50
2026-04-07 22:12:55,005 - INFO - [Epoch 178] Train Loss: 0.0642 | LR: 0.000036
2026-04-07 22:12:55,006 - INFO -     >>> Val Avg RMSE (Real): 365.5395
2026-04-07 22:12:55,006 - INFO -     >>> Val MAE Details: ['254.1796', '226.5466', '214.6013', '257.7001', '284.0769', '312.4421', '308.1147']
2026-04-07 22:12:55,006 - INFO - ⏳ No improvement. Patience: 16/50
2026-04-07 22:14:24,742 - INFO - [Epoch 179] Train Loss: 0.0640 | LR: 0.000035
2026-04-07 22:14:24,742 - INFO -     >>> Val Avg RMSE (Real): 355.5669
2026-04-07 22:14:24,742 - INFO -     >>> Val MAE Details: ['246.4004', '221.9381', '209.7530', '259.6530', '282.8738', '302.4525', '289.9541']
2026-04-07 22:14:24,742 - INFO - ⏳ No improvement. Patience: 17/50
2026-04-07 22:15:54,666 - INFO - [Epoch 180] Train Loss: 0.0638 | LR: 0.000035
2026-04-07 22:15:54,666 - INFO -     >>> Val Avg RMSE (Real): 358.2552
2026-04-07 22:15:54,666 - INFO -     >>> Val MAE Details: ['246.7813', '221.3143', '210.2172', '258.6269', '285.5780', '304.6261', '295.5767']
2026-04-07 22:15:54,666 - INFO - ⏳ No improvement. Patience: 18/50
2026-04-07 22:17:24,875 - INFO - [Epoch 181] Train Loss: 0.0635 | LR: 0.000034
2026-04-07 22:17:24,875 - INFO -     >>> Val Avg RMSE (Real): 360.5023
2026-04-07 22:17:24,875 - INFO -     >>> Val MAE Details: ['245.8388', '224.6879', '212.9630', '263.1357', '284.0545', '303.0109', '297.3980']
2026-04-07 22:17:24,875 - INFO - ⏳ No improvement. Patience: 19/50
2026-04-07 22:18:54,081 - INFO - [Epoch 182] Train Loss: 0.0632 | LR: 0.000034
2026-04-07 22:18:54,081 - INFO -     >>> Val Avg RMSE (Real): 359.1706
2026-04-07 22:18:54,081 - INFO -     >>> Val MAE Details: ['246.3874', '222.3319', '221.5767', '257.2394', '283.4897', '302.8510', '291.7736']
2026-04-07 22:18:54,081 - INFO - ⏳ No improvement. Patience: 20/50
2026-04-07 22:20:22,395 - INFO - [Epoch 183] Train Loss: 0.0630 | LR: 0.000033
2026-04-07 22:20:22,395 - INFO -     >>> Val Avg RMSE (Real): 358.2368
2026-04-07 22:20:22,395 - INFO -     >>> Val MAE Details: ['250.4074', '222.1298', '211.2508', '261.2298', '284.7876', '305.1752', '292.3629']
2026-04-07 22:20:22,395 - INFO - ⏳ No improvement. Patience: 21/50
2026-04-07 22:21:51,126 - INFO - [Epoch 184] Train Loss: 0.0627 | LR: 0.000033
2026-04-07 22:21:51,127 - INFO -     >>> Val Avg RMSE (Real): 359.1113
2026-04-07 22:21:51,127 - INFO -     >>> Val MAE Details: ['248.6864', '222.1127', '210.4124', '257.8600', '286.4238', '305.0682', '294.3685']
2026-04-07 22:21:51,127 - INFO - ⏳ No improvement. Patience: 22/50
2026-04-07 22:23:20,864 - INFO - [Epoch 185] Train Loss: 0.0625 | LR: 0.000032
2026-04-07 22:23:20,864 - INFO -     >>> Val Avg RMSE (Real): 357.5624
2026-04-07 22:23:20,864 - INFO -     >>> Val MAE Details: ['247.0331', '221.4842', '212.9468', '259.8093', '284.1683', '303.6980', '292.1118']
2026-04-07 22:23:20,864 - INFO - ⏳ No improvement. Patience: 23/50
2026-04-07 22:24:50,591 - INFO - [Epoch 186] Train Loss: 0.0622 | LR: 0.000032
2026-04-07 22:24:50,591 - INFO -     >>> Val Avg RMSE (Real): 364.6556
2026-04-07 22:24:50,591 - INFO -     >>> Val MAE Details: ['253.4803', '225.2163', '216.6286', '270.2555', '288.2307', '306.1269', '294.7663']
2026-04-07 22:24:50,591 - INFO - ⏳ No improvement. Patience: 24/50
2026-04-07 22:26:20,918 - INFO - [Epoch 187] Train Loss: 0.0620 | LR: 0.000031
2026-04-07 22:26:20,919 - INFO -     >>> Val Avg RMSE (Real): 359.5544
2026-04-07 22:26:20,919 - INFO -     >>> Val MAE Details: ['248.4346', '222.0986', '214.2072', '257.8498', '282.4044', '304.8713', '295.6756']
2026-04-07 22:26:20,919 - INFO - ⏳ No improvement. Patience: 25/50
2026-04-07 22:27:49,967 - INFO - [Epoch 188] Train Loss: 0.0617 | LR: 0.000031
2026-04-07 22:27:49,967 - INFO -     >>> Val Avg RMSE (Real): 362.0196
2026-04-07 22:27:49,967 - INFO -     >>> Val MAE Details: ['248.0350', '221.2572', '213.0632', '257.2843', '293.0540', '303.7048', '293.6523']
2026-04-07 22:27:49,967 - INFO - ⏳ No improvement. Patience: 26/50
2026-04-07 22:29:18,613 - INFO - [Epoch 189] Train Loss: 0.0617 | LR: 0.000030
2026-04-07 22:29:18,613 - INFO -     >>> Val Avg RMSE (Real): 359.0180
2026-04-07 22:29:18,613 - INFO -     >>> Val MAE Details: ['247.4039', '223.5705', '215.9362', '261.1973', '283.5104', '301.4569', '294.0222']
2026-04-07 22:29:18,613 - INFO - ⏳ No improvement. Patience: 27/50
2026-04-07 22:30:48,594 - INFO - [Epoch 190] Train Loss: 0.0614 | LR: 0.000030
2026-04-07 22:30:48,594 - INFO -     >>> Val Avg RMSE (Real): 361.9361
2026-04-07 22:30:48,594 - INFO -     >>> Val MAE Details: ['250.2577', '222.5104', '213.9975', '261.3305', '284.2615', '308.7861', '296.3236']
2026-04-07 22:30:48,595 - INFO - ⏳ No improvement. Patience: 28/50
2026-04-07 22:32:18,335 - INFO - [Epoch 191] Train Loss: 0.0611 | LR: 0.000029
2026-04-07 22:32:18,335 - INFO -     >>> Val Avg RMSE (Real): 366.2392
2026-04-07 22:32:18,335 - INFO -     >>> Val MAE Details: ['251.7060', '224.6369', '214.7489', '261.5692', '285.9420', '318.6740', '300.3591']
2026-04-07 22:32:18,335 - INFO - ⏳ No improvement. Patience: 29/50
2026-04-07 22:33:47,738 - INFO - [Epoch 192] Train Loss: 0.0610 | LR: 0.000029
2026-04-07 22:33:47,738 - INFO -     >>> Val Avg RMSE (Real): 360.9167
2026-04-07 22:33:47,738 - INFO -     >>> Val MAE Details: ['253.6526', '224.2268', '219.9796', '259.2409', '283.5382', '302.2505', '297.1603']
2026-04-07 22:33:47,738 - INFO - ⏳ No improvement. Patience: 30/50
2026-04-07 22:35:16,991 - INFO - [Epoch 193] Train Loss: 0.0608 | LR: 0.000028
2026-04-07 22:35:16,991 - INFO -     >>> Val Avg RMSE (Real): 362.8489
2026-04-07 22:35:16,991 - INFO -     >>> Val MAE Details: ['253.3979', '224.8311', '212.1985', '258.3197', '282.2906', '316.2701', '298.5381']
2026-04-07 22:35:16,991 - INFO - ⏳ No improvement. Patience: 31/50
2026-04-07 22:36:45,792 - INFO - [Epoch 194] Train Loss: 0.0606 | LR: 0.000028
2026-04-07 22:36:45,792 - INFO -     >>> Val Avg RMSE (Real): 363.1082
2026-04-07 22:36:45,792 - INFO -     >>> Val MAE Details: ['253.4041', '225.3783', '212.4138', '261.2906', '282.9259', '308.2916', '299.5588']
2026-04-07 22:36:45,792 - INFO - ⏳ No improvement. Patience: 32/50
2026-04-07 22:38:15,464 - INFO - [Epoch 195] Train Loss: 0.0603 | LR: 0.000027
2026-04-07 22:38:15,464 - INFO -     >>> Val Avg RMSE (Real): 355.8610
2026-04-07 22:38:15,464 - INFO -     >>> Val MAE Details: ['249.3620', '222.7874', '210.8421', '254.5506', '280.2766', '301.2684', '291.0207']
2026-04-07 22:38:15,464 - INFO - ⏳ No improvement. Patience: 33/50
2026-04-07 22:39:45,100 - INFO - [Epoch 196] Train Loss: 0.0601 | LR: 0.000027
2026-04-07 22:39:45,100 - INFO -     >>> Val Avg RMSE (Real): 360.3856
2026-04-07 22:39:45,100 - INFO -     >>> Val MAE Details: ['250.4503', '221.2154', '211.6571', '256.8246', '285.5594', '303.8574', '299.4667']
2026-04-07 22:39:45,100 - INFO - ⏳ No improvement. Patience: 34/50
2026-04-07 22:41:14,544 - INFO - [Epoch 197] Train Loss: 0.0599 | LR: 0.000026
2026-04-07 22:41:14,544 - INFO -     >>> Val Avg RMSE (Real): 360.5996
2026-04-07 22:41:14,544 - INFO -     >>> Val MAE Details: ['249.6751', '223.0791', '216.0413', '256.7456', '284.1620', '303.1366', '294.7831']
2026-04-07 22:41:14,544 - INFO - ⏳ No improvement. Patience: 35/50
2026-04-07 22:42:44,550 - INFO - [Epoch 198] Train Loss: 0.0598 | LR: 0.000026
2026-04-07 22:42:44,550 - INFO -     >>> Val Avg RMSE (Real): 361.4779
2026-04-07 22:42:44,550 - INFO -     >>> Val MAE Details: ['262.8174', '223.3981', '213.7355', '257.4676', '284.9468', '303.3924', '293.8920']
2026-04-07 22:42:44,550 - INFO - ⏳ No improvement. Patience: 36/50
2026-04-07 22:44:13,963 - INFO - [Epoch 199] Train Loss: 0.0595 | LR: 0.000025
2026-04-07 22:44:13,963 - INFO -     >>> Val Avg RMSE (Real): 358.3981
2026-04-07 22:44:13,963 - INFO -     >>> Val MAE Details: ['247.4739', '224.5824', '211.8683', '258.7766', '282.6207', '305.5233', '295.0649']
2026-04-07 22:44:13,963 - INFO - ⏳ No improvement. Patience: 37/50
2026-04-07 22:45:43,241 - INFO - [Epoch 200] Train Loss: 0.0593 | LR: 0.000025
2026-04-07 22:45:43,241 - INFO -     >>> Val Avg RMSE (Real): 358.0681
2026-04-07 22:45:43,241 - INFO -     >>> Val MAE Details: ['249.1741', '221.7913', '211.7068', '254.3786', '283.3561', '301.7948', '293.2369']
2026-04-07 22:45:43,241 - INFO - ⏳ No improvement. Patience: 38/50
2026-04-07 22:47:13,196 - INFO - [Epoch 201] Train Loss: 0.0591 | LR: 0.000025
2026-04-07 22:47:13,196 - INFO -     >>> Val Avg RMSE (Real): 360.6266
2026-04-07 22:47:13,196 - INFO -     >>> Val MAE Details: ['249.4924', '224.1072', '213.0174', '255.7083', '283.4333', '305.4980', '299.8176']
2026-04-07 22:47:13,196 - INFO - ⏳ No improvement. Patience: 39/50
2026-04-07 22:48:43,493 - INFO - [Epoch 202] Train Loss: 0.0589 | LR: 0.000024
2026-04-07 22:48:43,493 - INFO -     >>> Val Avg RMSE (Real): 362.8338
2026-04-07 22:48:43,494 - INFO -     >>> Val MAE Details: ['251.6790', '231.5321', '216.2221', '257.1433', '284.9047', '305.2448', '295.1296']
2026-04-07 22:48:43,494 - INFO - ⏳ No improvement. Patience: 40/50
2026-04-07 22:50:13,833 - INFO - [Epoch 203] Train Loss: 0.0588 | LR: 0.000024
2026-04-07 22:50:13,834 - INFO -     >>> Val Avg RMSE (Real): 362.3626
2026-04-07 22:50:13,834 - INFO -     >>> Val MAE Details: ['258.2713', '223.9262', '216.0397', '256.3939', '282.4826', '306.3315', '295.4844']
2026-04-07 22:50:13,834 - INFO - ⏳ No improvement. Patience: 41/50
2026-04-07 22:51:44,067 - INFO - [Epoch 204] Train Loss: 0.0585 | LR: 0.000023
2026-04-07 22:51:44,068 - INFO -     >>> Val Avg RMSE (Real): 361.0078
2026-04-07 22:51:44,068 - INFO -     >>> Val MAE Details: ['247.9444', '223.0333', '214.0344', '257.5255', '288.5026', '308.5163', '295.8605']
2026-04-07 22:51:44,068 - INFO - ⏳ No improvement. Patience: 42/50
2026-04-07 22:53:14,092 - INFO - [Epoch 205] Train Loss: 0.0584 | LR: 0.000023
2026-04-07 22:53:14,092 - INFO -     >>> Val Avg RMSE (Real): 366.5991
2026-04-07 22:53:14,092 - INFO -     >>> Val MAE Details: ['255.4029', '224.4207', '212.2661', '265.2858', '285.0679', '311.8272', '300.9146']
2026-04-07 22:53:14,092 - INFO - ⏳ No improvement. Patience: 43/50
2026-04-07 22:54:43,839 - INFO - [Epoch 206] Train Loss: 0.0581 | LR: 0.000022
2026-04-07 22:54:43,840 - INFO -     >>> Val Avg RMSE (Real): 361.1428
2026-04-07 22:54:43,840 - INFO -     >>> Val MAE Details: ['252.6965', '223.9385', '215.1637', '258.2417', '284.2798', '304.8828', '295.4101']
2026-04-07 22:54:43,840 - INFO - ⏳ No improvement. Patience: 44/50
2026-04-07 22:56:13,088 - INFO - [Epoch 207] Train Loss: 0.0580 | LR: 0.000022
2026-04-07 22:56:13,089 - INFO -     >>> Val Avg RMSE (Real): 359.2220
2026-04-07 22:56:13,089 - INFO -     >>> Val MAE Details: ['250.8890', '224.8532', '211.1881', '258.0034', '280.9871', '302.9789', '294.0537']
2026-04-07 22:56:13,089 - INFO - ⏳ No improvement. Patience: 45/50
2026-04-07 22:57:42,757 - INFO - [Epoch 208] Train Loss: 0.0579 | LR: 0.000021
2026-04-07 22:57:42,758 - INFO -     >>> Val Avg RMSE (Real): 358.2051
2026-04-07 22:57:42,758 - INFO -     >>> Val MAE Details: ['251.8108', '225.5162', '213.2408', '254.9366', '282.1053', '302.6577', '292.4294']
2026-04-07 22:57:42,758 - INFO - ⏳ No improvement. Patience: 46/50
2026-04-07 22:59:11,197 - INFO - [Epoch 209] Train Loss: 0.0576 | LR: 0.000021
2026-04-07 22:59:11,197 - INFO -     >>> Val Avg RMSE (Real): 362.9517
2026-04-07 22:59:11,197 - INFO -     >>> Val MAE Details: ['252.7434', '223.3561', '212.7180', '258.5662', '285.0928', '310.2661', '297.4207']
2026-04-07 22:59:11,197 - INFO - ⏳ No improvement. Patience: 47/50
2026-04-07 23:00:41,513 - INFO - [Epoch 210] Train Loss: 0.0576 | LR: 0.000021
2026-04-07 23:00:41,514 - INFO -     >>> Val Avg RMSE (Real): 364.1458
2026-04-07 23:00:41,514 - INFO -     >>> Val MAE Details: ['252.3689', '228.0061', '213.8071', '257.9956', '283.1284', '307.8320', '305.5356']
2026-04-07 23:00:41,514 - INFO - ⏳ No improvement. Patience: 48/50
2026-04-07 23:02:11,089 - INFO - [Epoch 211] Train Loss: 0.0573 | LR: 0.000020
2026-04-07 23:02:11,089 - INFO -     >>> Val Avg RMSE (Real): 362.2502
2026-04-07 23:02:11,089 - INFO -     >>> Val MAE Details: ['256.8873', '224.4052', '212.4931', '257.8393', '280.9748', '306.0880', '295.7888']
2026-04-07 23:02:11,089 - INFO - ⏳ No improvement. Patience: 49/50
2026-04-07 23:03:39,845 - INFO - [Epoch 212] Train Loss: 0.0572 | LR: 0.000020
2026-04-07 23:03:39,845 - INFO -     >>> Val Avg RMSE (Real): 362.2965
2026-04-07 23:03:39,846 - INFO -     >>> Val MAE Details: ['250.4656', '224.7891', '212.9391', '256.3605', '283.7089', '307.3069', '298.0515']
2026-04-07 23:03:39,846 - INFO - ⏳ No improvement. Patience: 50/50
2026-04-07 23:03:39,846 - INFO - 🛑 Early Stopping triggered! Best RMSE: 355.4298
