2026-04-09 07:57:20,962 - INFO - 💾 Config files backed up to ./logs/ED5_repr_atomistic_graph_GotenNet_MultiTask7_20260409_075720
2026-04-09 07:57:20,962 - INFO - 🎯 Multi-Task Targets (7): ['homo_2', 'homo_1', 'homo_0', 'lumo_0', 'lumo_1', 'lumo_2', 'lumo_3']
2026-04-09 07:57:20,962 - INFO - ========================================
2026-04-09 07:57:20,962 - INFO -         Training Configuration        
2026-04-09 07:57:20,962 - INFO - ========================================
2026-04-09 07:57:20,962 - INFO - 
{'data': {'dataset_mode': 'repr_atomistic_graph',
          'max_neighbors': 32,
          'max_radius': 5.0,
          'pkl_path': '/home/zw/ED_all/data/ED5_OE/ed_homo_lumo_5w_1024_fusion.pkl',
          'targets': ['homo_2',
                      'homo_1',
                      'homo_0',
                      'lumo_0',
                      'lumo_1',
                      'lumo_2',
                      'lumo_3']},
 'model': {'cutoff': 10.0,
           'hidden_channels': 256,
           'name': 'GotenNet',
           'num_layers': 8},
 'train': {'batch_size': 64,
           'epochs': 300,
           'grad_norm_clip': 1.0,
           'lr': 0.0001,
           'patience': 50,
           'seed': 2025,
           'weight_decay': 0.0001}}
2026-04-09 07:57:20,963 - INFO - ========================================

2026-04-09 07:57:20,963 - INFO - 🚀 Start Training on Device: cuda
2026-04-09 07:57:20,963 - INFO - Loading Data...
2026-04-09 07:57:20,963 - INFO - Loading Dataset Mode: repr_atomistic_graph...
2026-04-09 07:57:24,959 - INFO - Stats - Mean: [[-7445.8413  -6840.216   -6120.3984   -467.5637    424.04166  1219.15
   1809.3903 ]], Std: [[ 740.80115  706.1094   754.61444 1186.4424  1122.4873  1107.2244
  1080.7959 ]]
2026-04-09 07:57:24,959 - INFO - Building Model: GotenNet...
2026-04-09 07:57:26,677 - INFO - Total Parameters: 11.6739 M

2026-04-09 07:58:56,365 - INFO - [Epoch 1] Train Loss: 0.5328 | LR: 0.000100
2026-04-09 07:58:56,365 - INFO -     >>> Val Avg RMSE (Real): 519.8455
2026-04-09 07:58:56,365 - INFO -     >>> Val MAE Details: ['348.5557', '309.1640', '336.8900', '515.7609', '437.9916', '399.5763', '407.5229']
2026-04-09 07:58:56,551 - INFO - 💾 Saved Best Model to ./logs/ED5_repr_atomistic_graph_GotenNet_MultiTask7_20260409_075720/best_model.pth
2026-04-09 08:00:25,292 - INFO - [Epoch 2] Train Loss: 0.2747 | LR: 0.000100
2026-04-09 08:00:25,293 - INFO -     >>> Val Avg RMSE (Real): 460.4064
2026-04-09 08:00:25,293 - INFO -     >>> Val MAE Details: ['308.6410', '279.6968', '305.0372', '443.2124', '374.0895', '391.7429', '357.1740']
2026-04-09 08:00:25,538 - INFO - 💾 Saved Best Model to ./logs/ED5_repr_atomistic_graph_GotenNet_MultiTask7_20260409_075720/best_model.pth
2026-04-09 08:01:54,478 - INFO - [Epoch 3] Train Loss: 0.2317 | LR: 0.000100
2026-04-09 08:01:54,479 - INFO -     >>> Val Avg RMSE (Real): 443.7282
2026-04-09 08:01:54,479 - INFO -     >>> Val MAE Details: ['297.6419', '258.6266', '317.0067', '447.8381', '345.7589', '332.1003', '338.6679']
2026-04-09 08:01:54,720 - INFO - 💾 Saved Best Model to ./logs/ED5_repr_atomistic_graph_GotenNet_MultiTask7_20260409_075720/best_model.pth
2026-04-09 08:03:22,927 - INFO - [Epoch 4] Train Loss: 0.2031 | LR: 0.000100
2026-04-09 08:03:22,927 - INFO -     >>> Val Avg RMSE (Real): 424.0505
2026-04-09 08:03:22,927 - INFO -     >>> Val MAE Details: ['253.8371', '239.9300', '322.8700', '386.9787', '400.5103', '333.7232', '329.7015']
2026-04-09 08:03:23,162 - INFO - 💾 Saved Best Model to ./logs/ED5_repr_atomistic_graph_GotenNet_MultiTask7_20260409_075720/best_model.pth
2026-04-09 08:04:51,320 - INFO - [Epoch 5] Train Loss: 0.1806 | LR: 0.000100
2026-04-09 08:04:51,320 - INFO -     >>> Val Avg RMSE (Real): 386.2828
2026-04-09 08:04:51,320 - INFO -     >>> Val MAE Details: ['260.8133', '232.8486', '275.0124', '381.5459', '303.6970', '309.8240', '285.8568']
2026-04-09 08:04:51,561 - INFO - 💾 Saved Best Model to ./logs/ED5_repr_atomistic_graph_GotenNet_MultiTask7_20260409_075720/best_model.pth
2026-04-09 08:06:19,813 - INFO - [Epoch 6] Train Loss: 0.1652 | LR: 0.000100
2026-04-09 08:06:19,813 - INFO -     >>> Val Avg RMSE (Real): 384.4289
2026-04-09 08:06:19,813 - INFO -     >>> Val MAE Details: ['314.6384', '229.8953', '277.3782', '301.9844', '314.3240', '341.7953', '276.0546']
2026-04-09 08:06:20,047 - INFO - 💾 Saved Best Model to ./logs/ED5_repr_atomistic_graph_GotenNet_MultiTask7_20260409_075720/best_model.pth
2026-04-09 08:07:48,298 - INFO - [Epoch 7] Train Loss: 0.1520 | LR: 0.000100
2026-04-09 08:07:48,298 - INFO -     >>> Val Avg RMSE (Real): 373.9302
2026-04-09 08:07:48,298 - INFO -     >>> Val MAE Details: ['247.6543', '232.4973', '266.0134', '307.3036', '296.2604', '341.1315', '299.9265']
2026-04-09 08:07:48,541 - INFO - 💾 Saved Best Model to ./logs/ED5_repr_atomistic_graph_GotenNet_MultiTask7_20260409_075720/best_model.pth
2026-04-09 08:09:16,543 - INFO - [Epoch 8] Train Loss: 0.1439 | LR: 0.000100
2026-04-09 08:09:16,543 - INFO -     >>> Val Avg RMSE (Real): 363.4269
2026-04-09 08:09:16,544 - INFO -     >>> Val MAE Details: ['243.1867', '238.2454', '286.0668', '284.4268', '277.3148', '294.0629', '291.1199']
2026-04-09 08:09:16,789 - INFO - 💾 Saved Best Model to ./logs/ED5_repr_atomistic_graph_GotenNet_MultiTask7_20260409_075720/best_model.pth
2026-04-09 08:10:45,162 - INFO - [Epoch 9] Train Loss: 0.1352 | LR: 0.000100
2026-04-09 08:10:45,162 - INFO -     >>> Val Avg RMSE (Real): 360.0247
2026-04-09 08:10:45,162 - INFO -     >>> Val MAE Details: ['244.8457', '236.2450', '267.1519', '301.8621', '281.9059', '294.8185', '271.0849']
2026-04-09 08:10:45,404 - INFO - 💾 Saved Best Model to ./logs/ED5_repr_atomistic_graph_GotenNet_MultiTask7_20260409_075720/best_model.pth
2026-04-09 08:12:13,336 - INFO - [Epoch 10] Train Loss: 0.1269 | LR: 0.000100
2026-04-09 08:12:13,337 - INFO -     >>> Val Avg RMSE (Real): 340.9341
2026-04-09 08:12:13,337 - INFO -     >>> Val MAE Details: ['219.6868', '218.0035', '241.5148', '269.7921', '322.4389', '268.3216', '262.8425']
2026-04-09 08:12:13,583 - INFO - 💾 Saved Best Model to ./logs/ED5_repr_atomistic_graph_GotenNet_MultiTask7_20260409_075720/best_model.pth
2026-04-09 08:13:41,529 - INFO - [Epoch 11] Train Loss: 0.1227 | LR: 0.000100
2026-04-09 08:13:41,530 - INFO -     >>> Val Avg RMSE (Real): 338.7032
2026-04-09 08:13:41,530 - INFO -     >>> Val MAE Details: ['217.4891', '214.2395', '242.1759', '279.0774', '295.2608', '276.2239', '269.0473']
2026-04-09 08:13:41,760 - INFO - 💾 Saved Best Model to ./logs/ED5_repr_atomistic_graph_GotenNet_MultiTask7_20260409_075720/best_model.pth
2026-04-09 08:15:09,829 - INFO - [Epoch 12] Train Loss: 0.1168 | LR: 0.000100
2026-04-09 08:15:09,829 - INFO -     >>> Val Avg RMSE (Real): 333.5723
2026-04-09 08:15:09,829 - INFO -     >>> Val MAE Details: ['228.8784', '209.0043', '232.7447', '259.2656', '269.2383', '285.6848', '277.4883']
2026-04-09 08:15:10,077 - INFO - 💾 Saved Best Model to ./logs/ED5_repr_atomistic_graph_GotenNet_MultiTask7_20260409_075720/best_model.pth
2026-04-09 08:16:38,009 - INFO - [Epoch 13] Train Loss: 0.1140 | LR: 0.000100
2026-04-09 08:16:38,009 - INFO -     >>> Val Avg RMSE (Real): 332.9565
2026-04-09 08:16:38,009 - INFO -     >>> Val MAE Details: ['222.6519', '212.9731', '223.9003', '264.7101', '255.7299', '298.3307', '277.8222']
2026-04-09 08:16:38,249 - INFO - 💾 Saved Best Model to ./logs/ED5_repr_atomistic_graph_GotenNet_MultiTask7_20260409_075720/best_model.pth
2026-04-09 08:18:06,440 - INFO - [Epoch 14] Train Loss: 0.1088 | LR: 0.000099
2026-04-09 08:18:06,441 - INFO -     >>> Val Avg RMSE (Real): 316.1965
2026-04-09 08:18:06,441 - INFO -     >>> Val MAE Details: ['217.1165', '209.8971', '217.1343', '248.3750', '252.6799', '265.0101', '242.3689']
2026-04-09 08:18:06,679 - INFO - 💾 Saved Best Model to ./logs/ED5_repr_atomistic_graph_GotenNet_MultiTask7_20260409_075720/best_model.pth
2026-04-09 08:19:34,456 - INFO - [Epoch 15] Train Loss: 0.1062 | LR: 0.000099
2026-04-09 08:19:34,456 - INFO -     >>> Val Avg RMSE (Real): 320.2650
2026-04-09 08:19:34,456 - INFO -     >>> Val MAE Details: ['215.3735', '211.6228', '228.3822', '251.4254', '255.5279', '255.5771', '245.1084']
2026-04-09 08:19:34,456 - INFO - ⏳ No improvement. Patience: 1/50
2026-04-09 08:21:02,043 - INFO - [Epoch 16] Train Loss: 0.1014 | LR: 0.000099
2026-04-09 08:21:02,043 - INFO -     >>> Val Avg RMSE (Real): 319.8799
2026-04-09 08:21:02,043 - INFO -     >>> Val MAE Details: ['211.5253', '212.2243', '209.8977', '243.0079', '296.2813', '258.8974', '248.2468']
2026-04-09 08:21:02,043 - INFO - ⏳ No improvement. Patience: 2/50
2026-04-09 08:22:29,912 - INFO - [Epoch 17] Train Loss: 0.0994 | LR: 0.000099
2026-04-09 08:22:29,912 - INFO -     >>> Val Avg RMSE (Real): 316.3848
2026-04-09 08:22:29,912 - INFO -     >>> Val MAE Details: ['210.6003', '206.0807', '208.3478', '259.9050', '244.0201', '263.9322', '259.9968']
2026-04-09 08:22:29,912 - INFO - ⏳ No improvement. Patience: 3/50
2026-04-09 08:23:57,839 - INFO - [Epoch 18] Train Loss: 0.0975 | LR: 0.000099
2026-04-09 08:23:57,840 - INFO -     >>> Val Avg RMSE (Real): 316.5299
2026-04-09 08:23:57,840 - INFO -     >>> Val MAE Details: ['232.2994', '201.5347', '202.6381', '268.5654', '266.3935', '253.3467', '249.2109']
2026-04-09 08:23:57,840 - INFO - ⏳ No improvement. Patience: 4/50
2026-04-09 08:25:25,742 - INFO - [Epoch 19] Train Loss: 0.0957 | LR: 0.000099
2026-04-09 08:25:25,742 - INFO -     >>> Val Avg RMSE (Real): 306.6098
2026-04-09 08:25:25,743 - INFO -     >>> Val MAE Details: ['202.1461', '201.9709', '196.7557', '230.9558', '258.4600', '269.1595', '245.5621']
2026-04-09 08:25:25,986 - INFO - 💾 Saved Best Model to ./logs/ED5_repr_atomistic_graph_GotenNet_MultiTask7_20260409_075720/best_model.pth
2026-04-09 08:26:53,958 - INFO - [Epoch 20] Train Loss: 0.0927 | LR: 0.000099
2026-04-09 08:26:53,958 - INFO -     >>> Val Avg RMSE (Real): 298.5409
2026-04-09 08:26:53,958 - INFO -     >>> Val MAE Details: ['198.9901', '206.5226', '199.6535', '221.2419', '231.0799', '246.3563', '231.9525']
2026-04-09 08:26:54,195 - INFO - 💾 Saved Best Model to ./logs/ED5_repr_atomistic_graph_GotenNet_MultiTask7_20260409_075720/best_model.pth
2026-04-09 08:28:22,151 - INFO - [Epoch 21] Train Loss: 0.0900 | LR: 0.000099
2026-04-09 08:28:22,151 - INFO -     >>> Val Avg RMSE (Real): 319.5387
2026-04-09 08:28:22,151 - INFO -     >>> Val MAE Details: ['202.1093', '216.9879', '244.2694', '241.7155', '285.6090', '256.5316', '238.3349']
2026-04-09 08:28:22,151 - INFO - ⏳ No improvement. Patience: 1/50
2026-04-09 08:29:50,062 - INFO - [Epoch 22] Train Loss: 0.0873 | LR: 0.000099
2026-04-09 08:29:50,062 - INFO -     >>> Val Avg RMSE (Real): 299.5841
2026-04-09 08:29:50,062 - INFO -     >>> Val MAE Details: ['207.1925', '194.7046', '190.9814', '218.5536', '236.9361', '242.5222', '257.9803']
2026-04-09 08:29:50,062 - INFO - ⏳ No improvement. Patience: 2/50
2026-04-09 08:31:18,049 - INFO - [Epoch 23] Train Loss: 0.0858 | LR: 0.000099
2026-04-09 08:31:18,049 - INFO -     >>> Val Avg RMSE (Real): 297.5714
2026-04-09 08:31:18,050 - INFO -     >>> Val MAE Details: ['197.3594', '199.3080', '203.6689', '227.2755', '242.4022', '241.2362', '223.0580']
2026-04-09 08:31:18,288 - INFO - 💾 Saved Best Model to ./logs/ED5_repr_atomistic_graph_GotenNet_MultiTask7_20260409_075720/best_model.pth
2026-04-09 08:32:46,211 - INFO - [Epoch 24] Train Loss: 0.0838 | LR: 0.000098
2026-04-09 08:32:46,212 - INFO -     >>> Val Avg RMSE (Real): 298.6138
2026-04-09 08:32:46,212 - INFO -     >>> Val MAE Details: ['194.0874', '188.5488', '201.3567', '246.9815', '233.1798', '240.0701', '239.8427']
2026-04-09 08:32:46,212 - INFO - ⏳ No improvement. Patience: 1/50
2026-04-09 08:34:14,301 - INFO - [Epoch 25] Train Loss: 0.0804 | LR: 0.000098
2026-04-09 08:34:14,302 - INFO -     >>> Val Avg RMSE (Real): 307.7465
2026-04-09 08:34:14,302 - INFO -     >>> Val MAE Details: ['199.1769', '195.9030', '204.5317', '253.6939', '272.9393', '250.4230', '242.9018']
2026-04-09 08:34:14,302 - INFO - ⏳ No improvement. Patience: 2/50
2026-04-09 08:35:42,267 - INFO - [Epoch 26] Train Loss: 0.0790 | LR: 0.000098
2026-04-09 08:35:42,267 - INFO -     >>> Val Avg RMSE (Real): 286.2676
2026-04-09 08:35:42,267 - INFO -     >>> Val MAE Details: ['195.1220', '198.5818', '187.3363', '209.2224', '217.2064', '230.9017', '228.2806']
2026-04-09 08:35:42,515 - INFO - 💾 Saved Best Model to ./logs/ED5_repr_atomistic_graph_GotenNet_MultiTask7_20260409_075720/best_model.pth
2026-04-09 08:37:10,247 - INFO - [Epoch 27] Train Loss: 0.0758 | LR: 0.000098
2026-04-09 08:37:10,247 - INFO -     >>> Val Avg RMSE (Real): 290.5295
2026-04-09 08:37:10,247 - INFO -     >>> Val MAE Details: ['190.0419', '196.8677', '176.8391', '212.0294', '260.9718', '245.4001', '219.2918']
2026-04-09 08:37:10,247 - INFO - ⏳ No improvement. Patience: 1/50
2026-04-09 08:38:38,123 - INFO - [Epoch 28] Train Loss: 0.0750 | LR: 0.000098
2026-04-09 08:38:38,123 - INFO -     >>> Val Avg RMSE (Real): 290.9204
2026-04-09 08:38:38,123 - INFO -     >>> Val MAE Details: ['196.6211', '185.6486', '186.3941', '227.0106', '222.0888', '231.2539', '239.5896']
2026-04-09 08:38:38,123 - INFO - ⏳ No improvement. Patience: 2/50
2026-04-09 08:40:06,024 - INFO - [Epoch 29] Train Loss: 0.0733 | LR: 0.000098
2026-04-09 08:40:06,025 - INFO -     >>> Val Avg RMSE (Real): 277.7793
2026-04-09 08:40:06,025 - INFO -     >>> Val MAE Details: ['185.9850', '183.4237', '181.6494', '204.2125', '222.7300', '228.5611', '213.7798']
2026-04-09 08:40:06,275 - INFO - 💾 Saved Best Model to ./logs/ED5_repr_atomistic_graph_GotenNet_MultiTask7_20260409_075720/best_model.pth
2026-04-09 08:41:34,400 - INFO - [Epoch 30] Train Loss: 0.0707 | LR: 0.000098
2026-04-09 08:41:34,400 - INFO -     >>> Val Avg RMSE (Real): 277.8492
2026-04-09 08:41:34,400 - INFO -     >>> Val MAE Details: ['186.7545', '178.4701', '170.7415', '216.3136', '214.9383', '229.0361', '217.8146']
2026-04-09 08:41:34,400 - INFO - ⏳ No improvement. Patience: 1/50
2026-04-09 08:43:02,297 - INFO - [Epoch 31] Train Loss: 0.0695 | LR: 0.000097
2026-04-09 08:43:02,297 - INFO -     >>> Val Avg RMSE (Real): 272.2089
2026-04-09 08:43:02,297 - INFO -     >>> Val MAE Details: ['180.0022', '176.5047', '169.5939', '200.6547', '207.8830', '224.9279', '218.1097']
2026-04-09 08:43:02,544 - INFO - 💾 Saved Best Model to ./logs/ED5_repr_atomistic_graph_GotenNet_MultiTask7_20260409_075720/best_model.pth
2026-04-09 08:44:30,467 - INFO - [Epoch 32] Train Loss: 0.0661 | LR: 0.000097
2026-04-09 08:44:30,467 - INFO -     >>> Val Avg RMSE (Real): 277.4574
2026-04-09 08:44:30,467 - INFO -     >>> Val MAE Details: ['182.3361', '180.5614', '173.8614', '196.3841', '220.5085', '223.9709', '235.0045']
2026-04-09 08:44:30,467 - INFO - ⏳ No improvement. Patience: 1/50
2026-04-09 08:45:58,548 - INFO - [Epoch 33] Train Loss: 0.0644 | LR: 0.000097
2026-04-09 08:45:58,548 - INFO -     >>> Val Avg RMSE (Real): 272.7756
2026-04-09 08:45:58,548 - INFO -     >>> Val MAE Details: ['179.0529', '175.1522', '174.1569', '197.4326', '229.6683', '216.7469', '216.9188']
2026-04-09 08:45:58,548 - INFO - ⏳ No improvement. Patience: 2/50
2026-04-09 08:47:26,459 - INFO - [Epoch 34] Train Loss: 0.0632 | LR: 0.000097
2026-04-09 08:47:26,459 - INFO -     >>> Val Avg RMSE (Real): 280.3741
2026-04-09 08:47:26,459 - INFO -     >>> Val MAE Details: ['177.5304', '170.6720', '168.3282', '189.1257', '211.4659', '283.3473', '228.3379']
2026-04-09 08:47:26,459 - INFO - ⏳ No improvement. Patience: 3/50
2026-04-09 08:48:54,367 - INFO - [Epoch 35] Train Loss: 0.0622 | LR: 0.000097
2026-04-09 08:48:54,367 - INFO -     >>> Val Avg RMSE (Real): 280.9376
2026-04-09 08:48:54,367 - INFO -     >>> Val MAE Details: ['186.1496', '175.8389', '164.8825', '252.6697', '210.1335', '225.2415', '208.4686']
2026-04-09 08:48:54,367 - INFO - ⏳ No improvement. Patience: 4/50
2026-04-09 08:50:22,274 - INFO - [Epoch 36] Train Loss: 0.0616 | LR: 0.000096
2026-04-09 08:50:22,274 - INFO -     >>> Val Avg RMSE (Real): 284.3667
2026-04-09 08:50:22,275 - INFO -     >>> Val MAE Details: ['179.8411', '175.6875', '167.9481', '197.5543', '209.6022', '249.7495', '259.5415']
2026-04-09 08:50:22,275 - INFO - ⏳ No improvement. Patience: 5/50
2026-04-09 08:51:50,082 - INFO - [Epoch 37] Train Loss: 0.0593 | LR: 0.000096
2026-04-09 08:51:50,082 - INFO -     >>> Val Avg RMSE (Real): 266.8857
2026-04-09 08:51:50,082 - INFO -     >>> Val MAE Details: ['178.0284', '171.9434', '175.2635', '194.2046', '210.4111', '213.4575', '208.2413']
2026-04-09 08:51:50,330 - INFO - 💾 Saved Best Model to ./logs/ED5_repr_atomistic_graph_GotenNet_MultiTask7_20260409_075720/best_model.pth
2026-04-09 08:53:18,312 - INFO - [Epoch 38] Train Loss: 0.0578 | LR: 0.000096
2026-04-09 08:53:18,312 - INFO -     >>> Val Avg RMSE (Real): 264.6131
2026-04-09 08:53:18,312 - INFO -     >>> Val MAE Details: ['172.4253', '180.6616', '180.2120', '192.9009', '197.0447', '216.6998', '207.5710']
2026-04-09 08:53:18,550 - INFO - 💾 Saved Best Model to ./logs/ED5_repr_atomistic_graph_GotenNet_MultiTask7_20260409_075720/best_model.pth
2026-04-09 08:54:46,432 - INFO - [Epoch 39] Train Loss: 0.0563 | LR: 0.000096
2026-04-09 08:54:46,433 - INFO -     >>> Val Avg RMSE (Real): 269.7705
2026-04-09 08:54:46,433 - INFO -     >>> Val MAE Details: ['184.1594', '176.4605', '167.7148', '196.2017', '201.2628', '227.5205', '212.6938']
2026-04-09 08:54:46,433 - INFO - ⏳ No improvement. Patience: 1/50
2026-04-09 08:56:14,251 - INFO - [Epoch 40] Train Loss: 0.0558 | LR: 0.000096
2026-04-09 08:56:14,251 - INFO -     >>> Val Avg RMSE (Real): 264.0226
2026-04-09 08:56:14,251 - INFO -     >>> Val MAE Details: ['177.5710', '161.8497', '163.2477', '184.5565', '200.2407', '219.8765', '211.9415']
2026-04-09 08:56:14,482 - INFO - 💾 Saved Best Model to ./logs/ED5_repr_atomistic_graph_GotenNet_MultiTask7_20260409_075720/best_model.pth
2026-04-09 08:57:42,487 - INFO - [Epoch 41] Train Loss: 0.0555 | LR: 0.000095
2026-04-09 08:57:42,488 - INFO -     >>> Val Avg RMSE (Real): 267.9719
2026-04-09 08:57:42,488 - INFO -     >>> Val MAE Details: ['174.5072', '165.7746', '164.2618', '192.3617', '213.8025', '220.6945', '220.8532']
2026-04-09 08:57:42,488 - INFO - ⏳ No improvement. Patience: 1/50
2026-04-09 08:59:10,407 - INFO - [Epoch 42] Train Loss: 0.0538 | LR: 0.000095
2026-04-09 08:59:10,407 - INFO -     >>> Val Avg RMSE (Real): 262.2687
2026-04-09 08:59:10,407 - INFO -     >>> Val MAE Details: ['171.0303', '165.8547', '163.3271', '180.5850', '191.9040', '239.4227', '216.2250']
2026-04-09 08:59:10,652 - INFO - 💾 Saved Best Model to ./logs/ED5_repr_atomistic_graph_GotenNet_MultiTask7_20260409_075720/best_model.pth
2026-04-09 09:00:38,742 - INFO - [Epoch 43] Train Loss: 0.0533 | LR: 0.000095
2026-04-09 09:00:38,742 - INFO -     >>> Val Avg RMSE (Real): 263.3661
2026-04-09 09:00:38,742 - INFO -     >>> Val MAE Details: ['172.2782', '169.9818', '160.0881', '186.1784', '206.6286', '225.4592', '210.7081']
2026-04-09 09:00:38,742 - INFO - ⏳ No improvement. Patience: 1/50
2026-04-09 09:02:06,879 - INFO - [Epoch 44] Train Loss: 0.0510 | LR: 0.000095
2026-04-09 09:02:06,879 - INFO -     >>> Val Avg RMSE (Real): 262.3764
2026-04-09 09:02:06,880 - INFO -     >>> Val MAE Details: ['175.0187', '164.9049', '176.4685', '190.0908', '202.4436', '217.1507', '207.1755']
2026-04-09 09:02:06,880 - INFO - ⏳ No improvement. Patience: 2/50
2026-04-09 09:03:34,827 - INFO - [Epoch 45] Train Loss: 0.0506 | LR: 0.000095
2026-04-09 09:03:34,828 - INFO -     >>> Val Avg RMSE (Real): 257.4200
2026-04-09 09:03:34,828 - INFO -     >>> Val MAE Details: ['168.6083', '158.8850', '161.1280', '182.6257', '204.6517', '210.9533', '203.4920']
2026-04-09 09:03:35,068 - INFO - 💾 Saved Best Model to ./logs/ED5_repr_atomistic_graph_GotenNet_MultiTask7_20260409_075720/best_model.pth
2026-04-09 09:05:03,028 - INFO - [Epoch 46] Train Loss: 0.0493 | LR: 0.000094
2026-04-09 09:05:03,029 - INFO -     >>> Val Avg RMSE (Real): 257.4073
2026-04-09 09:05:03,029 - INFO -     >>> Val MAE Details: ['171.6632', '162.7747', '159.7156', '211.2939', '193.6977', '202.4747', '198.9369']
2026-04-09 09:05:03,406 - INFO - 💾 Saved Best Model to ./logs/ED5_repr_atomistic_graph_GotenNet_MultiTask7_20260409_075720/best_model.pth
2026-04-09 09:06:31,315 - INFO - [Epoch 47] Train Loss: 0.0488 | LR: 0.000094
2026-04-09 09:06:31,315 - INFO -     >>> Val Avg RMSE (Real): 262.5556
2026-04-09 09:06:31,315 - INFO -     >>> Val MAE Details: ['171.6960', '166.6117', '160.0727', '196.2283', '218.6383', '206.1352', '205.6494']
2026-04-09 09:06:31,315 - INFO - ⏳ No improvement. Patience: 1/50
2026-04-09 09:07:59,622 - INFO - [Epoch 48] Train Loss: 0.0483 | LR: 0.000094
2026-04-09 09:07:59,622 - INFO -     >>> Val Avg RMSE (Real): 255.4849
2026-04-09 09:07:59,622 - INFO -     >>> Val MAE Details: ['168.1651', '161.2481', '164.8484', '187.3939', '210.2245', '201.7326', '195.8177']
2026-04-09 09:07:59,867 - INFO - 💾 Saved Best Model to ./logs/ED5_repr_atomistic_graph_GotenNet_MultiTask7_20260409_075720/best_model.pth
2026-04-09 09:09:27,730 - INFO - [Epoch 49] Train Loss: 0.0477 | LR: 0.000094
2026-04-09 09:09:27,730 - INFO -     >>> Val Avg RMSE (Real): 259.3750
2026-04-09 09:09:27,731 - INFO -     >>> Val MAE Details: ['173.9286', '158.7308', '161.5446', '183.7201', '198.7611', '202.7815', '218.5074']
2026-04-09 09:09:27,731 - INFO - ⏳ No improvement. Patience: 1/50
2026-04-09 09:10:55,356 - INFO - [Epoch 50] Train Loss: 0.0472 | LR: 0.000093
2026-04-09 09:10:55,356 - INFO -     >>> Val Avg RMSE (Real): 249.7962
2026-04-09 09:10:55,356 - INFO -     >>> Val MAE Details: ['164.9508', '155.2232', '157.2704', '170.5851', '184.0481', '215.7918', '195.2703']
2026-04-09 09:10:55,606 - INFO - 💾 Saved Best Model to ./logs/ED5_repr_atomistic_graph_GotenNet_MultiTask7_20260409_075720/best_model.pth
2026-04-09 09:12:23,665 - INFO - [Epoch 51] Train Loss: 0.0467 | LR: 0.000093
2026-04-09 09:12:23,665 - INFO -     >>> Val Avg RMSE (Real): 252.5718
2026-04-09 09:12:23,665 - INFO -     >>> Val MAE Details: ['168.4170', '162.8031', '156.8021', '179.2386', '185.1226', '201.0067', '195.4972']
2026-04-09 09:12:23,665 - INFO - ⏳ No improvement. Patience: 1/50
2026-04-09 09:13:51,749 - INFO - [Epoch 52] Train Loss: 0.0465 | LR: 0.000093
2026-04-09 09:13:51,749 - INFO -     >>> Val Avg RMSE (Real): 252.7994
2026-04-09 09:13:51,749 - INFO -     >>> Val MAE Details: ['165.0144', '158.9926', '159.6913', '172.8443', '197.0160', '204.8760', '201.3860']
2026-04-09 09:13:51,749 - INFO - ⏳ No improvement. Patience: 2/50
2026-04-09 09:15:19,317 - INFO - [Epoch 53] Train Loss: 0.0447 | LR: 0.000092
2026-04-09 09:15:19,317 - INFO -     >>> Val Avg RMSE (Real): 249.4465
2026-04-09 09:15:19,317 - INFO -     >>> Val MAE Details: ['164.0054', '159.4821', '157.5208', '172.2274', '182.2519', '202.4648', '197.7869']
2026-04-09 09:15:19,556 - INFO - 💾 Saved Best Model to ./logs/ED5_repr_atomistic_graph_GotenNet_MultiTask7_20260409_075720/best_model.pth
2026-04-09 09:16:47,676 - INFO - [Epoch 54] Train Loss: 0.0444 | LR: 0.000092
2026-04-09 09:16:47,677 - INFO -     >>> Val Avg RMSE (Real): 249.2321
2026-04-09 09:16:47,677 - INFO -     >>> Val MAE Details: ['165.1232', '157.1470', '157.1455', '170.9809', '200.6933', '197.3674', '197.8371']
2026-04-09 09:16:47,916 - INFO - 💾 Saved Best Model to ./logs/ED5_repr_atomistic_graph_GotenNet_MultiTask7_20260409_075720/best_model.pth
2026-04-09 09:18:15,863 - INFO - [Epoch 55] Train Loss: 0.0442 | LR: 0.000092
2026-04-09 09:18:15,863 - INFO -     >>> Val Avg RMSE (Real): 247.0731
2026-04-09 09:18:15,863 - INFO -     >>> Val MAE Details: ['165.7868', '159.2431', '150.7243', '169.6602', '189.7435', '194.3859', '190.4481']
2026-04-09 09:18:16,099 - INFO - 💾 Saved Best Model to ./logs/ED5_repr_atomistic_graph_GotenNet_MultiTask7_20260409_075720/best_model.pth
2026-04-09 09:19:43,922 - INFO - [Epoch 56] Train Loss: 0.0436 | LR: 0.000092
2026-04-09 09:19:43,922 - INFO -     >>> Val Avg RMSE (Real): 250.7699
2026-04-09 09:19:43,922 - INFO -     >>> Val MAE Details: ['168.9909', '158.5403', '155.0527', '179.2072', '189.7346', '198.4727', '194.4362']
2026-04-09 09:19:43,922 - INFO - ⏳ No improvement. Patience: 1/50
2026-04-09 09:21:11,768 - INFO - [Epoch 57] Train Loss: 0.0426 | LR: 0.000091
2026-04-09 09:21:11,769 - INFO -     >>> Val Avg RMSE (Real): 253.8686
2026-04-09 09:21:11,769 - INFO -     >>> Val MAE Details: ['170.6384', '157.3985', '154.3994', '178.5363', '193.1030', '201.0455', '212.2263']
2026-04-09 09:21:11,769 - INFO - ⏳ No improvement. Patience: 2/50
2026-04-09 09:22:39,726 - INFO - [Epoch 58] Train Loss: 0.0424 | LR: 0.000091
2026-04-09 09:22:39,726 - INFO -     >>> Val Avg RMSE (Real): 249.6654
2026-04-09 09:22:39,726 - INFO -     >>> Val MAE Details: ['176.6498', '156.4551', '155.7927', '172.5876', '188.2556', '197.7683', '195.4491']
2026-04-09 09:22:39,726 - INFO - ⏳ No improvement. Patience: 3/50
2026-04-09 09:24:07,582 - INFO - [Epoch 59] Train Loss: 0.0410 | LR: 0.000091
2026-04-09 09:24:07,583 - INFO -     >>> Val Avg RMSE (Real): 245.9124
2026-04-09 09:24:07,583 - INFO -     >>> Val MAE Details: ['161.9195', '157.4618', '152.5031', '171.4935', '187.8740', '198.7208', '195.0285']
2026-04-09 09:24:07,819 - INFO - 💾 Saved Best Model to ./logs/ED5_repr_atomistic_graph_GotenNet_MultiTask7_20260409_075720/best_model.pth
2026-04-09 09:25:35,699 - INFO - [Epoch 60] Train Loss: 0.0412 | LR: 0.000090
2026-04-09 09:25:35,699 - INFO -     >>> Val Avg RMSE (Real): 249.9332
2026-04-09 09:25:35,699 - INFO -     >>> Val MAE Details: ['172.7147', '156.0267', '156.1416', '170.0076', '190.3271', '196.9655', '207.6585']
2026-04-09 09:25:35,699 - INFO - ⏳ No improvement. Patience: 1/50
2026-04-09 09:27:03,805 - INFO - [Epoch 61] Train Loss: 0.0403 | LR: 0.000090
2026-04-09 09:27:03,805 - INFO -     >>> Val Avg RMSE (Real): 255.8250
2026-04-09 09:27:03,805 - INFO -     >>> Val MAE Details: ['160.9897', '161.8801', '159.0200', '171.6963', '205.7881', '212.4714', '209.3496']
2026-04-09 09:27:03,805 - INFO - ⏳ No improvement. Patience: 2/50
2026-04-09 09:28:31,861 - INFO - [Epoch 62] Train Loss: 0.0396 | LR: 0.000090
2026-04-09 09:28:31,861 - INFO -     >>> Val Avg RMSE (Real): 246.1695
2026-04-09 09:28:31,861 - INFO -     >>> Val MAE Details: ['161.4269', '157.5324', '146.5053', '167.2732', '181.8991', '201.4581', '197.7584']
2026-04-09 09:28:31,861 - INFO - ⏳ No improvement. Patience: 3/50
2026-04-09 09:29:59,711 - INFO - [Epoch 63] Train Loss: 0.0393 | LR: 0.000090
2026-04-09 09:29:59,711 - INFO -     >>> Val Avg RMSE (Real): 248.9427
2026-04-09 09:29:59,711 - INFO -     >>> Val MAE Details: ['159.6745', '154.7793', '149.6463', '182.5150', '185.6026', '206.7749', '194.5817']
2026-04-09 09:29:59,711 - INFO - ⏳ No improvement. Patience: 4/50
2026-04-09 09:31:27,527 - INFO - [Epoch 64] Train Loss: 0.0387 | LR: 0.000089
2026-04-09 09:31:27,527 - INFO -     >>> Val Avg RMSE (Real): 247.5228
2026-04-09 09:31:27,527 - INFO -     >>> Val MAE Details: ['159.8013', '152.5842', '152.0325', '168.2536', '183.0434', '205.8020', '198.5863']
2026-04-09 09:31:27,528 - INFO - ⏳ No improvement. Patience: 5/50
2026-04-09 09:32:55,205 - INFO - [Epoch 65] Train Loss: 0.0381 | LR: 0.000089
2026-04-09 09:32:55,205 - INFO -     >>> Val Avg RMSE (Real): 248.2900
2026-04-09 09:32:55,205 - INFO -     >>> Val MAE Details: ['161.6867', '152.0748', '152.1985', '169.7294', '185.0088', '214.6645', '198.1080']
2026-04-09 09:32:55,205 - INFO - ⏳ No improvement. Patience: 6/50
2026-04-09 09:34:22,696 - INFO - [Epoch 66] Train Loss: 0.0375 | LR: 0.000089
2026-04-09 09:34:22,696 - INFO -     >>> Val Avg RMSE (Real): 245.8023
2026-04-09 09:34:22,696 - INFO -     >>> Val MAE Details: ['164.3686', '154.1596', '152.3099', '168.4942', '184.9390', '198.1423', '195.0512']
2026-04-09 09:34:22,931 - INFO - 💾 Saved Best Model to ./logs/ED5_repr_atomistic_graph_GotenNet_MultiTask7_20260409_075720/best_model.pth
2026-04-09 09:35:50,614 - INFO - [Epoch 67] Train Loss: 0.0375 | LR: 0.000088
2026-04-09 09:35:50,614 - INFO -     >>> Val Avg RMSE (Real): 247.4295
2026-04-09 09:35:50,614 - INFO -     >>> Val MAE Details: ['162.9105', '151.9811', '146.1067', '207.7555', '182.2466', '189.4015', '194.1537']
2026-04-09 09:35:50,614 - INFO - ⏳ No improvement. Patience: 1/50
2026-04-09 09:37:18,292 - INFO - [Epoch 68] Train Loss: 0.0367 | LR: 0.000088
2026-04-09 09:37:18,292 - INFO -     >>> Val Avg RMSE (Real): 249.8239
2026-04-09 09:37:18,292 - INFO -     >>> Val MAE Details: ['171.3094', '157.0927', '152.4154', '194.6451', '187.3013', '191.0377', '190.4713']
2026-04-09 09:37:18,292 - INFO - ⏳ No improvement. Patience: 2/50
2026-04-09 09:38:45,856 - INFO - [Epoch 69] Train Loss: 0.0362 | LR: 0.000088
2026-04-09 09:38:45,857 - INFO -     >>> Val Avg RMSE (Real): 246.9620
2026-04-09 09:38:45,857 - INFO -     >>> Val MAE Details: ['159.8202', '152.7318', '152.3573', '167.5692', '182.9660', '200.4937', '202.8678']
2026-04-09 09:38:45,857 - INFO - ⏳ No improvement. Patience: 3/50
2026-04-09 09:40:13,518 - INFO - [Epoch 70] Train Loss: 0.0362 | LR: 0.000087
2026-04-09 09:40:13,518 - INFO -     >>> Val Avg RMSE (Real): 251.8986
2026-04-09 09:40:13,518 - INFO -     >>> Val MAE Details: ['158.3798', '156.1032', '151.8639', '184.7379', '189.2166', '200.2225', '203.6549']
2026-04-09 09:40:13,518 - INFO - ⏳ No improvement. Patience: 4/50
2026-04-09 09:41:41,516 - INFO - [Epoch 71] Train Loss: 0.0354 | LR: 0.000087
2026-04-09 09:41:41,516 - INFO -     >>> Val Avg RMSE (Real): 244.2268
2026-04-09 09:41:41,516 - INFO -     >>> Val MAE Details: ['160.6768', '153.3109', '147.0191', '176.0888', '175.7645', '196.4945', '192.3481']
2026-04-09 09:41:41,763 - INFO - 💾 Saved Best Model to ./logs/ED5_repr_atomistic_graph_GotenNet_MultiTask7_20260409_075720/best_model.pth
2026-04-09 09:43:09,639 - INFO - [Epoch 72] Train Loss: 0.0349 | LR: 0.000086
2026-04-09 09:43:09,640 - INFO -     >>> Val Avg RMSE (Real): 246.5631
2026-04-09 09:43:09,640 - INFO -     >>> Val MAE Details: ['162.0603', '161.6756', '149.7952', '177.1096', '177.3246', '193.7851', '198.1765']
2026-04-09 09:43:09,640 - INFO - ⏳ No improvement. Patience: 1/50
2026-04-09 09:44:37,601 - INFO - [Epoch 73] Train Loss: 0.0344 | LR: 0.000086
2026-04-09 09:44:37,601 - INFO -     >>> Val Avg RMSE (Real): 245.1146
2026-04-09 09:44:37,601 - INFO -     >>> Val MAE Details: ['159.3391', '156.0617', '154.0538', '176.8954', '180.9891', '193.2434', '195.1378']
2026-04-09 09:44:37,601 - INFO - ⏳ No improvement. Patience: 2/50
2026-04-09 09:46:05,514 - INFO - [Epoch 74] Train Loss: 0.0343 | LR: 0.000086
2026-04-09 09:46:05,514 - INFO -     >>> Val Avg RMSE (Real): 245.0343
2026-04-09 09:46:05,514 - INFO -     >>> Val MAE Details: ['166.6463', '158.3599', '157.8936', '169.5260', '183.6399', '187.9801', '191.1802']
2026-04-09 09:46:05,514 - INFO - ⏳ No improvement. Patience: 3/50
2026-04-09 09:47:33,433 - INFO - [Epoch 75] Train Loss: 0.0335 | LR: 0.000085
2026-04-09 09:47:33,433 - INFO -     >>> Val Avg RMSE (Real): 241.9661
2026-04-09 09:47:33,433 - INFO -     >>> Val MAE Details: ['160.9011', '152.8867', '149.8571', '174.3079', '180.6280', '192.4635', '186.7211']
2026-04-09 09:47:33,666 - INFO - 💾 Saved Best Model to ./logs/ED5_repr_atomistic_graph_GotenNet_MultiTask7_20260409_075720/best_model.pth
2026-04-09 09:49:01,689 - INFO - [Epoch 76] Train Loss: 0.0334 | LR: 0.000085
2026-04-09 09:49:01,690 - INFO -     >>> Val Avg RMSE (Real): 245.9629
2026-04-09 09:49:01,690 - INFO -     >>> Val MAE Details: ['165.1712', '153.5171', '147.4794', '166.6998', '178.7659', '196.3040', '193.6841']
2026-04-09 09:49:01,690 - INFO - ⏳ No improvement. Patience: 1/50
2026-04-09 09:50:29,839 - INFO - [Epoch 77] Train Loss: 0.0326 | LR: 0.000085
2026-04-09 09:50:29,839 - INFO -     >>> Val Avg RMSE (Real): 244.2125
2026-04-09 09:50:29,839 - INFO -     >>> Val MAE Details: ['156.7847', '152.1018', '142.5723', '169.8791', '181.0401', '211.0245', '192.0447']
2026-04-09 09:50:29,839 - INFO - ⏳ No improvement. Patience: 2/50
2026-04-09 09:51:58,009 - INFO - [Epoch 78] Train Loss: 0.0322 | LR: 0.000084
2026-04-09 09:51:58,009 - INFO -     >>> Val Avg RMSE (Real): 241.4476
2026-04-09 09:51:58,010 - INFO -     >>> Val MAE Details: ['158.5633', '151.9773', '145.7662', '162.7415', '178.9601', '197.3890', '188.4401']
2026-04-09 09:51:58,246 - INFO - 💾 Saved Best Model to ./logs/ED5_repr_atomistic_graph_GotenNet_MultiTask7_20260409_075720/best_model.pth
2026-04-09 09:53:26,832 - INFO - [Epoch 79] Train Loss: 0.0319 | LR: 0.000084
2026-04-09 09:53:26,832 - INFO -     >>> Val Avg RMSE (Real): 246.2555
2026-04-09 09:53:26,832 - INFO -     >>> Val MAE Details: ['161.2632', '153.0307', '144.4903', '181.4207', '194.8716', '197.4099', '192.6271']
2026-04-09 09:53:26,832 - INFO - ⏳ No improvement. Patience: 1/50
2026-04-09 09:54:55,100 - INFO - [Epoch 80] Train Loss: 0.0316 | LR: 0.000083
2026-04-09 09:54:55,100 - INFO -     >>> Val Avg RMSE (Real): 252.0507
2026-04-09 09:54:55,100 - INFO -     >>> Val MAE Details: ['168.0092', '153.6606', '143.7227', '182.7578', '190.8063', '202.1751', '204.4341']
2026-04-09 09:54:55,100 - INFO - ⏳ No improvement. Patience: 2/50
2026-04-09 09:56:23,458 - INFO - [Epoch 81] Train Loss: 0.0311 | LR: 0.000083
2026-04-09 09:56:23,458 - INFO -     >>> Val Avg RMSE (Real): 243.4485
2026-04-09 09:56:23,458 - INFO -     >>> Val MAE Details: ['158.9478', '151.6957', '147.7345', '169.1147', '190.2311', '190.8430', '196.7712']
2026-04-09 09:56:23,458 - INFO - ⏳ No improvement. Patience: 3/50
2026-04-09 09:57:51,533 - INFO - [Epoch 82] Train Loss: 0.0309 | LR: 0.000083
2026-04-09 09:57:51,533 - INFO -     >>> Val Avg RMSE (Real): 245.6829
2026-04-09 09:57:51,533 - INFO -     >>> Val MAE Details: ['161.7436', '153.4600', '152.5174', '170.4234', '184.5145', '200.0831', '194.3784']
2026-04-09 09:57:51,533 - INFO - ⏳ No improvement. Patience: 4/50
2026-04-09 09:59:19,562 - INFO - [Epoch 83] Train Loss: 0.0308 | LR: 0.000082
2026-04-09 09:59:19,562 - INFO -     >>> Val Avg RMSE (Real): 243.3041
2026-04-09 09:59:19,563 - INFO -     >>> Val MAE Details: ['158.2372', '151.1960', '147.5168', '169.5511', '183.5243', '194.2354', '192.0678']
2026-04-09 09:59:19,563 - INFO - ⏳ No improvement. Patience: 5/50
2026-04-09 10:00:47,581 - INFO - [Epoch 84] Train Loss: 0.0304 | LR: 0.000082
2026-04-09 10:00:47,581 - INFO -     >>> Val Avg RMSE (Real): 252.9597
2026-04-09 10:00:47,581 - INFO -     >>> Val MAE Details: ['156.9388', '152.5974', '143.9728', '166.7320', '188.0157', '187.8535', '240.6246']
2026-04-09 10:00:47,581 - INFO - ⏳ No improvement. Patience: 6/50
2026-04-09 10:02:15,438 - INFO - [Epoch 85] Train Loss: 0.0299 | LR: 0.000081
2026-04-09 10:02:15,439 - INFO -     >>> Val Avg RMSE (Real): 246.2161
2026-04-09 10:02:15,439 - INFO -     >>> Val MAE Details: ['163.4227', '168.0059', '151.4069', '176.0297', '175.5724', '190.7957', '190.2636']
2026-04-09 10:02:15,439 - INFO - ⏳ No improvement. Patience: 7/50
2026-04-09 10:03:43,362 - INFO - [Epoch 86] Train Loss: 0.0293 | LR: 0.000081
2026-04-09 10:03:43,362 - INFO -     >>> Val Avg RMSE (Real): 239.3630
2026-04-09 10:03:43,362 - INFO -     >>> Val MAE Details: ['158.6993', '150.3272', '149.3494', '170.7498', '172.0615', '185.7263', '192.3750']
2026-04-09 10:03:43,573 - INFO - 💾 Saved Best Model to ./logs/ED5_repr_atomistic_graph_GotenNet_MultiTask7_20260409_075720/best_model.pth
2026-04-09 10:05:11,819 - INFO - [Epoch 87] Train Loss: 0.0294 | LR: 0.000081
2026-04-09 10:05:11,819 - INFO -     >>> Val Avg RMSE (Real): 244.9055
2026-04-09 10:05:11,819 - INFO -     >>> Val MAE Details: ['157.4518', '153.4450', '152.0974', '167.2751', '197.7855', '187.9185', '193.8885']
2026-04-09 10:05:11,819 - INFO - ⏳ No improvement. Patience: 1/50
2026-04-09 10:06:39,525 - INFO - [Epoch 88] Train Loss: 0.0288 | LR: 0.000080
2026-04-09 10:06:39,525 - INFO -     >>> Val Avg RMSE (Real): 240.8679
2026-04-09 10:06:39,525 - INFO -     >>> Val MAE Details: ['155.6513', '149.3393', '146.1301', '167.8726', '180.0977', '186.9846', '190.5804']
2026-04-09 10:06:39,525 - INFO - ⏳ No improvement. Patience: 2/50
2026-04-09 10:08:07,375 - INFO - [Epoch 89] Train Loss: 0.0287 | LR: 0.000080
2026-04-09 10:08:07,375 - INFO -     >>> Val Avg RMSE (Real): 241.4876
2026-04-09 10:08:07,375 - INFO -     >>> Val MAE Details: ['155.8680', '148.5568', '145.2087', '166.0750', '178.7492', '189.0143', '204.1286']
2026-04-09 10:08:07,376 - INFO - ⏳ No improvement. Patience: 3/50
2026-04-09 10:09:35,563 - INFO - [Epoch 90] Train Loss: 0.0280 | LR: 0.000079
2026-04-09 10:09:35,563 - INFO -     >>> Val Avg RMSE (Real): 243.2066
2026-04-09 10:09:35,563 - INFO -     >>> Val MAE Details: ['160.0435', '149.4919', '145.3742', '164.9558', '193.2172', '190.6631', '188.5511']
2026-04-09 10:09:35,563 - INFO - ⏳ No improvement. Patience: 4/50
2026-04-09 10:11:03,573 - INFO - [Epoch 91] Train Loss: 0.0278 | LR: 0.000079
2026-04-09 10:11:03,573 - INFO -     >>> Val Avg RMSE (Real): 244.7284
2026-04-09 10:11:03,573 - INFO -     >>> Val MAE Details: ['155.8888', '151.5753', '144.8844', '172.2257', '185.9331', '194.8429', '199.2148']
2026-04-09 10:11:03,573 - INFO - ⏳ No improvement. Patience: 5/50
2026-04-09 10:12:31,669 - INFO - [Epoch 92] Train Loss: 0.0270 | LR: 0.000079
2026-04-09 10:12:31,669 - INFO -     >>> Val Avg RMSE (Real): 239.7069
2026-04-09 10:12:31,669 - INFO -     >>> Val MAE Details: ['163.4908', '152.6892', '145.4514', '161.1902', '174.4407', '187.5002', '188.8594']
2026-04-09 10:12:31,669 - INFO - ⏳ No improvement. Patience: 6/50
2026-04-09 10:13:59,617 - INFO - [Epoch 93] Train Loss: 0.0272 | LR: 0.000078
2026-04-09 10:13:59,617 - INFO -     >>> Val Avg RMSE (Real): 247.8908
2026-04-09 10:13:59,617 - INFO -     >>> Val MAE Details: ['155.8027', '151.4547', '145.7734', '170.7037', '185.5852', '208.6524', '200.8585']
2026-04-09 10:13:59,617 - INFO - ⏳ No improvement. Patience: 7/50
2026-04-09 10:15:27,518 - INFO - [Epoch 94] Train Loss: 0.0269 | LR: 0.000078
2026-04-09 10:15:27,518 - INFO -     >>> Val Avg RMSE (Real): 242.1104
2026-04-09 10:15:27,518 - INFO -     >>> Val MAE Details: ['158.6608', '150.8881', '148.7856', '164.5310', '175.5685', '184.7756', '202.4856']
2026-04-09 10:15:27,518 - INFO - ⏳ No improvement. Patience: 8/50
2026-04-09 10:16:55,453 - INFO - [Epoch 95] Train Loss: 0.0264 | LR: 0.000077
2026-04-09 10:16:55,454 - INFO -     >>> Val Avg RMSE (Real): 243.5947
2026-04-09 10:16:55,454 - INFO -     >>> Val MAE Details: ['159.5008', '151.7600', '145.8358', '167.0778', '183.9051', '187.8465', '205.4312']
2026-04-09 10:16:55,454 - INFO - ⏳ No improvement. Patience: 9/50
2026-04-09 10:18:23,206 - INFO - [Epoch 96] Train Loss: 0.0264 | LR: 0.000077
2026-04-09 10:18:23,206 - INFO -     >>> Val Avg RMSE (Real): 240.1660
2026-04-09 10:18:23,206 - INFO -     >>> Val MAE Details: ['158.8011', '148.9146', '139.5668', '183.5624', '173.4960', '191.2932', '190.0938']
2026-04-09 10:18:23,206 - INFO - ⏳ No improvement. Patience: 10/50
2026-04-09 10:19:51,045 - INFO - [Epoch 97] Train Loss: 0.0256 | LR: 0.000076
2026-04-09 10:19:51,045 - INFO -     >>> Val Avg RMSE (Real): 241.2836
2026-04-09 10:19:51,045 - INFO -     >>> Val MAE Details: ['160.7781', '148.6779', '142.4898', '176.3081', '175.5404', '187.0033', '189.1343']
2026-04-09 10:19:51,045 - INFO - ⏳ No improvement. Patience: 11/50
2026-04-09 10:21:19,613 - INFO - [Epoch 98] Train Loss: 0.0255 | LR: 0.000076
2026-04-09 10:21:19,613 - INFO -     >>> Val Avg RMSE (Real): 244.9711
2026-04-09 10:21:19,613 - INFO -     >>> Val MAE Details: ['159.4893', '154.6530', '145.1060', '182.9787', '180.4484', '187.3486', '193.4035']
2026-04-09 10:21:19,613 - INFO - ⏳ No improvement. Patience: 12/50
2026-04-09 10:22:47,491 - INFO - [Epoch 99] Train Loss: 0.0252 | LR: 0.000075
2026-04-09 10:22:47,491 - INFO -     >>> Val Avg RMSE (Real): 245.1520
2026-04-09 10:22:47,491 - INFO -     >>> Val MAE Details: ['161.8614', '150.6315', '143.6239', '164.1400', '187.4700', '194.0981', '203.9434']
2026-04-09 10:22:47,491 - INFO - ⏳ No improvement. Patience: 13/50
2026-04-09 10:24:15,731 - INFO - [Epoch 100] Train Loss: 0.0250 | LR: 0.000075
2026-04-09 10:24:15,731 - INFO -     >>> Val Avg RMSE (Real): 242.4994
2026-04-09 10:24:15,731 - INFO -     >>> Val MAE Details: ['159.6737', '148.5535', '143.0136', '183.5269', '182.3093', '187.9837', '188.8445']
2026-04-09 10:24:15,731 - INFO - ⏳ No improvement. Patience: 14/50
2026-04-09 10:25:43,817 - INFO - [Epoch 101] Train Loss: 0.0250 | LR: 0.000075
2026-04-09 10:25:43,817 - INFO -     >>> Val Avg RMSE (Real): 239.7829
2026-04-09 10:25:43,817 - INFO -     >>> Val MAE Details: ['161.4957', '149.7984', '139.8910', '166.1825', '175.9670', '190.2028', '192.9724']
2026-04-09 10:25:43,817 - INFO - ⏳ No improvement. Patience: 15/50
2026-04-09 10:27:12,189 - INFO - [Epoch 102] Train Loss: 0.0244 | LR: 0.000074
2026-04-09 10:27:12,189 - INFO -     >>> Val Avg RMSE (Real): 242.8042
2026-04-09 10:27:12,190 - INFO -     >>> Val MAE Details: ['163.5996', '152.1692', '146.0756', '176.1323', '174.2430', '191.0184', '189.4233']
2026-04-09 10:27:12,190 - INFO - ⏳ No improvement. Patience: 16/50
2026-04-09 10:28:40,258 - INFO - [Epoch 103] Train Loss: 0.0243 | LR: 0.000074
2026-04-09 10:28:40,258 - INFO -     >>> Val Avg RMSE (Real): 241.3122
2026-04-09 10:28:40,258 - INFO -     >>> Val MAE Details: ['157.0835', '149.8210', '142.0140', '171.5330', '180.0826', '185.3611', '197.2464']
2026-04-09 10:28:40,258 - INFO - ⏳ No improvement. Patience: 17/50
2026-04-09 10:30:07,857 - INFO - [Epoch 104] Train Loss: 0.0243 | LR: 0.000073
2026-04-09 10:30:07,858 - INFO -     >>> Val Avg RMSE (Real): 240.9505
2026-04-09 10:30:07,858 - INFO -     >>> Val MAE Details: ['164.4292', '152.6417', '141.0351', '163.2498', '176.9373', '187.6049', '184.5530']
2026-04-09 10:30:07,858 - INFO - ⏳ No improvement. Patience: 18/50
2026-04-09 10:31:35,562 - INFO - [Epoch 105] Train Loss: 0.0233 | LR: 0.000073
2026-04-09 10:31:35,563 - INFO -     >>> Val Avg RMSE (Real): 239.6679
2026-04-09 10:31:35,563 - INFO -     >>> Val MAE Details: ['156.4492', '151.3364', '142.1303', '162.5016', '177.3664', '190.0388', '190.7527']
2026-04-09 10:31:35,563 - INFO - ⏳ No improvement. Patience: 19/50
2026-04-09 10:33:03,446 - INFO - [Epoch 106] Train Loss: 0.0233 | LR: 0.000072
2026-04-09 10:33:03,446 - INFO -     >>> Val Avg RMSE (Real): 241.6251
2026-04-09 10:33:03,446 - INFO -     >>> Val MAE Details: ['157.7099', '150.5087', '141.1732', '168.9794', '184.5917', '188.3909', '195.1843']
2026-04-09 10:33:03,446 - INFO - ⏳ No improvement. Patience: 20/50
2026-04-09 10:34:31,362 - INFO - [Epoch 107] Train Loss: 0.0232 | LR: 0.000072
2026-04-09 10:34:31,362 - INFO -     >>> Val Avg RMSE (Real): 236.6842
2026-04-09 10:34:31,363 - INFO -     >>> Val MAE Details: ['154.3925', '149.3723', '141.4521', '163.3763', '175.9885', '183.8195', '185.1335']
2026-04-09 10:34:31,597 - INFO - 💾 Saved Best Model to ./logs/ED5_repr_atomistic_graph_GotenNet_MultiTask7_20260409_075720/best_model.pth
2026-04-09 10:35:59,516 - INFO - [Epoch 108] Train Loss: 0.0226 | LR: 0.000071
2026-04-09 10:35:59,516 - INFO -     >>> Val Avg RMSE (Real): 237.2384
2026-04-09 10:35:59,516 - INFO -     >>> Val MAE Details: ['164.6642', '147.9660', '142.4552', '161.0746', '174.6248', '186.7586', '187.5757']
2026-04-09 10:35:59,516 - INFO - ⏳ No improvement. Patience: 1/50
2026-04-09 10:37:27,500 - INFO - [Epoch 109] Train Loss: 0.0223 | LR: 0.000071
2026-04-09 10:37:27,500 - INFO -     >>> Val Avg RMSE (Real): 242.7346
2026-04-09 10:37:27,500 - INFO -     >>> Val MAE Details: ['167.5894', '151.1177', '145.4791', '167.3346', '175.9440', '194.1917', '191.6121']
2026-04-09 10:37:27,500 - INFO - ⏳ No improvement. Patience: 2/50
2026-04-09 10:38:55,231 - INFO - [Epoch 110] Train Loss: 0.0223 | LR: 0.000070
2026-04-09 10:38:55,231 - INFO -     >>> Val Avg RMSE (Real): 240.2390
2026-04-09 10:38:55,231 - INFO -     >>> Val MAE Details: ['160.5228', '148.6523', '142.4438', '169.2114', '175.1334', '186.5392', '195.2427']
2026-04-09 10:38:55,231 - INFO - ⏳ No improvement. Patience: 3/50
2026-04-09 10:40:23,028 - INFO - [Epoch 111] Train Loss: 0.0218 | LR: 0.000070
2026-04-09 10:40:23,028 - INFO -     >>> Val Avg RMSE (Real): 241.0231
2026-04-09 10:40:23,028 - INFO -     >>> Val MAE Details: ['160.8637', '153.1952', '140.9713', '166.2168', '173.8505', '190.8889', '191.0173']
2026-04-09 10:40:23,028 - INFO - ⏳ No improvement. Patience: 4/50
2026-04-09 10:41:50,657 - INFO - [Epoch 112] Train Loss: 0.0217 | LR: 0.000069
2026-04-09 10:41:50,657 - INFO -     >>> Val Avg RMSE (Real): 239.0984
2026-04-09 10:41:50,657 - INFO -     >>> Val MAE Details: ['158.4237', '144.9457', '139.0560', '168.8525', '174.5796', '188.2793', '188.4437']
2026-04-09 10:41:50,657 - INFO - ⏳ No improvement. Patience: 5/50
2026-04-09 10:43:18,276 - INFO - [Epoch 113] Train Loss: 0.0214 | LR: 0.000069
2026-04-09 10:43:18,276 - INFO -     >>> Val Avg RMSE (Real): 238.9696
2026-04-09 10:43:18,276 - INFO -     >>> Val MAE Details: ['162.7361', '146.6373', '140.7590', '163.1067', '170.2654', '195.0788', '187.6083']
2026-04-09 10:43:18,276 - INFO - ⏳ No improvement. Patience: 6/50
2026-04-09 10:44:46,102 - INFO - [Epoch 114] Train Loss: 0.0211 | LR: 0.000068
2026-04-09 10:44:46,102 - INFO -     >>> Val Avg RMSE (Real): 238.8951
2026-04-09 10:44:46,102 - INFO -     >>> Val MAE Details: ['160.1878', '147.8586', '140.6587', '161.1638', '174.6255', '188.8494', '190.9283']
2026-04-09 10:44:46,102 - INFO - ⏳ No improvement. Patience: 7/50
2026-04-09 10:46:13,928 - INFO - [Epoch 115] Train Loss: 0.0210 | LR: 0.000068
2026-04-09 10:46:13,929 - INFO -     >>> Val Avg RMSE (Real): 239.3816
2026-04-09 10:46:13,929 - INFO -     >>> Val MAE Details: ['155.5742', '148.7644', '142.1661', '161.8148', '173.6511', '197.2190', '194.0685']
2026-04-09 10:46:13,929 - INFO - ⏳ No improvement. Patience: 8/50
2026-04-09 10:47:41,615 - INFO - [Epoch 116] Train Loss: 0.0208 | LR: 0.000067
2026-04-09 10:47:41,615 - INFO -     >>> Val Avg RMSE (Real): 237.7215
2026-04-09 10:47:41,615 - INFO -     >>> Val MAE Details: ['154.7629', '150.2513', '140.0263', '165.1652', '171.3533', '185.8698', '186.8099']
2026-04-09 10:47:41,615 - INFO - ⏳ No improvement. Patience: 9/50
2026-04-09 10:49:09,480 - INFO - [Epoch 117] Train Loss: 0.0204 | LR: 0.000067
2026-04-09 10:49:09,480 - INFO -     >>> Val Avg RMSE (Real): 241.0412
2026-04-09 10:49:09,480 - INFO -     >>> Val MAE Details: ['159.6240', '154.1803', '147.3449', '166.3403', '176.2843', '191.3352', '191.2192']
2026-04-09 10:49:09,480 - INFO - ⏳ No improvement. Patience: 10/50
2026-04-09 10:50:37,045 - INFO - [Epoch 118] Train Loss: 0.0202 | LR: 0.000066
2026-04-09 10:50:37,045 - INFO -     >>> Val Avg RMSE (Real): 238.5975
2026-04-09 10:50:37,045 - INFO -     >>> Val MAE Details: ['156.9957', '148.1252', '143.3815', '168.7224', '176.0616', '186.7892', '189.2285']
2026-04-09 10:50:37,045 - INFO - ⏳ No improvement. Patience: 11/50
2026-04-09 10:52:04,830 - INFO - [Epoch 119] Train Loss: 0.0200 | LR: 0.000066
2026-04-09 10:52:04,830 - INFO -     >>> Val Avg RMSE (Real): 243.1767
2026-04-09 10:52:04,830 - INFO -     >>> Val MAE Details: ['162.2075', '157.5018', '153.1082', '167.7109', '172.3490', '196.3807', '189.6115']
2026-04-09 10:52:04,830 - INFO - ⏳ No improvement. Patience: 12/50
2026-04-09 10:53:32,416 - INFO - [Epoch 120] Train Loss: 0.0195 | LR: 0.000065
2026-04-09 10:53:32,416 - INFO -     >>> Val Avg RMSE (Real): 238.1395
2026-04-09 10:53:32,416 - INFO -     >>> Val MAE Details: ['159.5892', '147.5639', '141.7948', '165.4319', '170.9812', '187.2460', '189.9370']
2026-04-09 10:53:32,416 - INFO - ⏳ No improvement. Patience: 13/50
2026-04-09 10:55:00,010 - INFO - [Epoch 121] Train Loss: 0.0196 | LR: 0.000065
2026-04-09 10:55:00,010 - INFO -     >>> Val Avg RMSE (Real): 244.6910
2026-04-09 10:55:00,010 - INFO -     >>> Val MAE Details: ['159.5110', '150.1673', '147.6507', '166.3741', '186.7560', '199.2280', '190.8086']
2026-04-09 10:55:00,010 - INFO - ⏳ No improvement. Patience: 14/50
2026-04-09 10:56:27,821 - INFO - [Epoch 122] Train Loss: 0.0191 | LR: 0.000064
2026-04-09 10:56:27,821 - INFO -     >>> Val Avg RMSE (Real): 237.2749
2026-04-09 10:56:27,822 - INFO -     >>> Val MAE Details: ['156.6077', '146.2677', '142.7361', '162.3913', '170.3925', '187.2829', '187.3699']
2026-04-09 10:56:27,822 - INFO - ⏳ No improvement. Patience: 15/50
2026-04-09 10:57:55,512 - INFO - [Epoch 123] Train Loss: 0.0192 | LR: 0.000064
2026-04-09 10:57:55,512 - INFO -     >>> Val Avg RMSE (Real): 238.6663
2026-04-09 10:57:55,512 - INFO -     >>> Val MAE Details: ['154.7880', '149.5544', '138.7158', '169.4914', '174.2808', '188.1884', '191.1347']
2026-04-09 10:57:55,512 - INFO - ⏳ No improvement. Patience: 16/50
2026-04-09 10:59:23,325 - INFO - [Epoch 124] Train Loss: 0.0190 | LR: 0.000063
2026-04-09 10:59:23,325 - INFO -     >>> Val Avg RMSE (Real): 242.0437
2026-04-09 10:59:23,325 - INFO -     >>> Val MAE Details: ['159.9091', '148.4397', '140.2900', '166.7575', '173.7805', '192.7521', '197.2520']
2026-04-09 10:59:23,325 - INFO - ⏳ No improvement. Patience: 17/50
2026-04-09 11:00:51,215 - INFO - [Epoch 125] Train Loss: 0.0186 | LR: 0.000063
2026-04-09 11:00:51,216 - INFO -     >>> Val Avg RMSE (Real): 244.2202
2026-04-09 11:00:51,216 - INFO -     >>> Val MAE Details: ['158.8242', '154.2349', '140.9668', '173.5140', '175.0381', '190.4409', '201.7126']
2026-04-09 11:00:51,216 - INFO - ⏳ No improvement. Patience: 18/50
2026-04-09 11:02:18,897 - INFO - [Epoch 126] Train Loss: 0.0182 | LR: 0.000062
2026-04-09 11:02:18,897 - INFO -     >>> Val Avg RMSE (Real): 248.1840
2026-04-09 11:02:18,897 - INFO -     >>> Val MAE Details: ['168.1391', '151.1606', '143.5757', '172.7074', '177.3367', '200.1298', '201.1964']
2026-04-09 11:02:18,898 - INFO - ⏳ No improvement. Patience: 19/50
2026-04-09 11:03:46,608 - INFO - [Epoch 127] Train Loss: 0.0181 | LR: 0.000062
2026-04-09 11:03:46,608 - INFO -     >>> Val Avg RMSE (Real): 241.9605
2026-04-09 11:03:46,608 - INFO -     >>> Val MAE Details: ['165.1309', '149.4529', '141.2967', '164.7391', '174.5283', '200.3926', '195.8100']
2026-04-09 11:03:46,608 - INFO - ⏳ No improvement. Patience: 20/50
2026-04-09 11:05:14,539 - INFO - [Epoch 128] Train Loss: 0.0181 | LR: 0.000061
2026-04-09 11:05:14,539 - INFO -     >>> Val Avg RMSE (Real): 241.6335
2026-04-09 11:05:14,539 - INFO -     >>> Val MAE Details: ['162.6873', '149.1896', '143.9909', '167.6887', '172.8288', '188.0467', '196.3862']
2026-04-09 11:05:14,539 - INFO - ⏳ No improvement. Patience: 21/50
2026-04-09 11:06:42,590 - INFO - [Epoch 129] Train Loss: 0.0180 | LR: 0.000061
2026-04-09 11:06:42,590 - INFO -     >>> Val Avg RMSE (Real): 242.6280
2026-04-09 11:06:42,590 - INFO -     >>> Val MAE Details: ['156.3929', '149.0420', '145.2192', '160.0278', '184.3240', '192.9409', '195.2792']
2026-04-09 11:06:42,590 - INFO - ⏳ No improvement. Patience: 22/50
2026-04-09 11:08:10,805 - INFO - [Epoch 130] Train Loss: 0.0177 | LR: 0.000060
2026-04-09 11:08:10,805 - INFO -     >>> Val Avg RMSE (Real): 241.9875
2026-04-09 11:08:10,805 - INFO -     >>> Val MAE Details: ['159.1792', '153.8829', '146.1604', '163.1809', '173.6197', '190.2143', '193.7753']
2026-04-09 11:08:10,805 - INFO - ⏳ No improvement. Patience: 23/50
2026-04-09 11:09:38,294 - INFO - [Epoch 131] Train Loss: 0.0173 | LR: 0.000060
2026-04-09 11:09:38,294 - INFO -     >>> Val Avg RMSE (Real): 241.8647
2026-04-09 11:09:38,294 - INFO -     >>> Val MAE Details: ['156.5511', '148.3949', '139.4754', '170.8275', '173.7807', '193.7718', '192.7573']
2026-04-09 11:09:38,294 - INFO - ⏳ No improvement. Patience: 24/50
2026-04-09 11:11:05,829 - INFO - [Epoch 132] Train Loss: 0.0172 | LR: 0.000059
2026-04-09 11:11:05,829 - INFO -     >>> Val Avg RMSE (Real): 239.2740
2026-04-09 11:11:05,829 - INFO -     >>> Val MAE Details: ['160.4561', '149.4793', '142.4644', '166.3384', '174.3578', '187.0253', '191.1520']
2026-04-09 11:11:05,829 - INFO - ⏳ No improvement. Patience: 25/50
2026-04-09 11:12:33,682 - INFO - [Epoch 133] Train Loss: 0.0171 | LR: 0.000059
2026-04-09 11:12:33,682 - INFO -     >>> Val Avg RMSE (Real): 239.1570
2026-04-09 11:12:33,682 - INFO -     >>> Val MAE Details: ['159.6862', '145.6178', '138.6383', '163.1700', '173.2204', '188.0516', '190.7852']
2026-04-09 11:12:33,682 - INFO - ⏳ No improvement. Patience: 26/50
2026-04-09 11:14:01,328 - INFO - [Epoch 134] Train Loss: 0.0164 | LR: 0.000058
2026-04-09 11:14:01,329 - INFO -     >>> Val Avg RMSE (Real): 240.6847
2026-04-09 11:14:01,329 - INFO -     >>> Val MAE Details: ['159.9913', '149.1422', '142.6556', '162.8048', '175.3479', '187.4294', '198.2284']
2026-04-09 11:14:01,329 - INFO - ⏳ No improvement. Patience: 27/50
2026-04-09 11:15:29,032 - INFO - [Epoch 135] Train Loss: 0.0164 | LR: 0.000058
2026-04-09 11:15:29,032 - INFO -     >>> Val Avg RMSE (Real): 240.3329
2026-04-09 11:15:29,032 - INFO -     >>> Val MAE Details: ['159.3291', '149.9294', '138.9373', '165.5078', '171.7678', '186.2835', '192.1235']
2026-04-09 11:15:29,032 - INFO - ⏳ No improvement. Patience: 28/50
2026-04-09 11:16:57,108 - INFO - [Epoch 136] Train Loss: 0.0166 | LR: 0.000057
2026-04-09 11:16:57,108 - INFO -     >>> Val Avg RMSE (Real): 237.9953
2026-04-09 11:16:57,108 - INFO -     >>> Val MAE Details: ['156.5032', '148.1648', '141.0671', '167.3874', '170.5194', '192.8204', '190.2907']
2026-04-09 11:16:57,108 - INFO - ⏳ No improvement. Patience: 29/50
2026-04-09 11:18:25,174 - INFO - [Epoch 137] Train Loss: 0.0160 | LR: 0.000057
2026-04-09 11:18:25,175 - INFO -     >>> Val Avg RMSE (Real): 242.3422
2026-04-09 11:18:25,175 - INFO -     >>> Val MAE Details: ['156.9783', '149.1444', '141.6355', '162.4722', '182.3061', '193.3091', '195.6212']
2026-04-09 11:18:25,175 - INFO - ⏳ No improvement. Patience: 30/50
2026-04-09 11:19:53,450 - INFO - [Epoch 138] Train Loss: 0.0157 | LR: 0.000056
2026-04-09 11:19:53,450 - INFO -     >>> Val Avg RMSE (Real): 240.7314
2026-04-09 11:19:53,450 - INFO -     >>> Val MAE Details: ['160.3003', '150.0026', '143.3678', '166.8235', '173.6877', '188.4724', '193.5531']
2026-04-09 11:19:53,450 - INFO - ⏳ No improvement. Patience: 31/50
2026-04-09 11:21:21,425 - INFO - [Epoch 139] Train Loss: 0.0156 | LR: 0.000056
2026-04-09 11:21:21,425 - INFO -     >>> Val Avg RMSE (Real): 240.6897
2026-04-09 11:21:21,425 - INFO -     >>> Val MAE Details: ['158.7191', '147.2432', '140.3048', '162.1983', '172.3956', '186.9568', '197.3621']
2026-04-09 11:21:21,425 - INFO - ⏳ No improvement. Patience: 32/50
2026-04-09 11:22:49,169 - INFO - [Epoch 140] Train Loss: 0.0155 | LR: 0.000055
2026-04-09 11:22:49,169 - INFO -     >>> Val Avg RMSE (Real): 241.7113
2026-04-09 11:22:49,169 - INFO -     >>> Val MAE Details: ['158.2630', '152.1518', '141.6627', '167.5746', '173.2486', '187.7297', '195.4640']
2026-04-09 11:22:49,169 - INFO - ⏳ No improvement. Patience: 33/50
2026-04-09 11:24:16,917 - INFO - [Epoch 141] Train Loss: 0.0152 | LR: 0.000055
2026-04-09 11:24:16,917 - INFO -     >>> Val Avg RMSE (Real): 240.4943
2026-04-09 11:24:16,917 - INFO -     >>> Val MAE Details: ['157.9966', '149.3813', '140.0758', '162.2570', '174.8911', '187.7305', '195.8268']
2026-04-09 11:24:16,917 - INFO - ⏳ No improvement. Patience: 34/50
2026-04-09 11:25:44,645 - INFO - [Epoch 142] Train Loss: 0.0151 | LR: 0.000054
2026-04-09 11:25:44,646 - INFO -     >>> Val Avg RMSE (Real): 245.9218
2026-04-09 11:25:44,646 - INFO -     >>> Val MAE Details: ['165.0082', '153.4319', '139.2016', '162.3453', '177.9244', '191.4695', '206.6989']
2026-04-09 11:25:44,646 - INFO - ⏳ No improvement. Patience: 35/50
2026-04-09 11:27:12,333 - INFO - [Epoch 143] Train Loss: 0.0149 | LR: 0.000054
2026-04-09 11:27:12,333 - INFO -     >>> Val Avg RMSE (Real): 240.4055
2026-04-09 11:27:12,333 - INFO -     >>> Val MAE Details: ['158.2039', '148.2634', '144.3810', '166.2210', '176.5408', '185.8840', '191.8228']
2026-04-09 11:27:12,333 - INFO - ⏳ No improvement. Patience: 36/50
2026-04-09 11:28:40,356 - INFO - [Epoch 144] Train Loss: 0.0147 | LR: 0.000053
2026-04-09 11:28:40,356 - INFO -     >>> Val Avg RMSE (Real): 240.9201
2026-04-09 11:28:40,356 - INFO -     >>> Val MAE Details: ['157.6838', '147.4562', '140.7801', '169.5637', '175.4267', '186.4873', '192.2559']
2026-04-09 11:28:40,356 - INFO - ⏳ No improvement. Patience: 37/50
2026-04-09 11:30:08,419 - INFO - [Epoch 145] Train Loss: 0.0146 | LR: 0.000053
2026-04-09 11:30:08,419 - INFO -     >>> Val Avg RMSE (Real): 238.9501
2026-04-09 11:30:08,419 - INFO -     >>> Val MAE Details: ['159.1617', '147.7460', '140.0175', '164.2378', '173.5323', '190.6421', '193.0404']
2026-04-09 11:30:08,419 - INFO - ⏳ No improvement. Patience: 38/50
2026-04-09 11:31:36,293 - INFO - [Epoch 146] Train Loss: 0.0142 | LR: 0.000052
2026-04-09 11:31:36,294 - INFO -     >>> Val Avg RMSE (Real): 242.0203
2026-04-09 11:31:36,294 - INFO -     >>> Val MAE Details: ['157.7638', '148.1544', '139.1187', '165.8715', '183.5072', '193.8835', '191.8422']
2026-04-09 11:31:36,294 - INFO - ⏳ No improvement. Patience: 39/50
2026-04-09 11:33:04,100 - INFO - [Epoch 147] Train Loss: 0.0141 | LR: 0.000052
2026-04-09 11:33:04,101 - INFO -     >>> Val Avg RMSE (Real): 243.5950
2026-04-09 11:33:04,101 - INFO -     >>> Val MAE Details: ['159.5230', '147.9485', '139.7984', '162.7250', '168.7474', '189.3957', '207.6640']
2026-04-09 11:33:04,101 - INFO - ⏳ No improvement. Patience: 40/50
2026-04-09 11:34:31,747 - INFO - [Epoch 148] Train Loss: 0.0140 | LR: 0.000051
2026-04-09 11:34:31,748 - INFO -     >>> Val Avg RMSE (Real): 241.8121
2026-04-09 11:34:31,748 - INFO -     >>> Val MAE Details: ['164.3355', '148.3206', '139.8419', '163.9934', '173.2914', '190.2854', '195.6429']
2026-04-09 11:34:31,748 - INFO - ⏳ No improvement. Patience: 41/50
2026-04-09 11:35:59,538 - INFO - [Epoch 149] Train Loss: 0.0138 | LR: 0.000051
2026-04-09 11:35:59,538 - INFO -     >>> Val Avg RMSE (Real): 241.5934
2026-04-09 11:35:59,538 - INFO -     >>> Val MAE Details: ['162.1364', '148.6777', '140.9997', '174.8998', '170.9910', '190.7343', '189.9945']
2026-04-09 11:35:59,538 - INFO - ⏳ No improvement. Patience: 42/50
2026-04-09 11:37:27,617 - INFO - [Epoch 150] Train Loss: 0.0136 | LR: 0.000050
2026-04-09 11:37:27,618 - INFO -     >>> Val Avg RMSE (Real): 238.6662
2026-04-09 11:37:27,618 - INFO -     >>> Val MAE Details: ['162.5563', '147.4319', '138.6509', '164.8168', '167.6816', '186.5557', '191.3173']
2026-04-09 11:37:27,618 - INFO - ⏳ No improvement. Patience: 43/50
2026-04-09 11:38:55,419 - INFO - [Epoch 151] Train Loss: 0.0134 | LR: 0.000049
2026-04-09 11:38:55,419 - INFO -     >>> Val Avg RMSE (Real): 242.2945
2026-04-09 11:38:55,419 - INFO -     >>> Val MAE Details: ['160.4521', '148.5870', '141.1149', '166.4265', '175.2232', '189.1415', '198.4467']
2026-04-09 11:38:55,419 - INFO - ⏳ No improvement. Patience: 44/50
2026-04-09 11:40:23,564 - INFO - [Epoch 152] Train Loss: 0.0133 | LR: 0.000049
2026-04-09 11:40:23,564 - INFO -     >>> Val Avg RMSE (Real): 240.5286
2026-04-09 11:40:23,564 - INFO -     >>> Val MAE Details: ['157.7478', '149.0865', '138.1786', '162.9611', '171.1680', '189.0294', '194.6921']
2026-04-09 11:40:23,564 - INFO - ⏳ No improvement. Patience: 45/50
2026-04-09 11:41:51,469 - INFO - [Epoch 153] Train Loss: 0.0130 | LR: 0.000048
2026-04-09 11:41:51,470 - INFO -     >>> Val Avg RMSE (Real): 241.0806
2026-04-09 11:41:51,470 - INFO -     >>> Val MAE Details: ['158.0890', '148.1433', '139.9038', '162.8432', '171.0194', '191.4810', '194.8183']
2026-04-09 11:41:51,470 - INFO - ⏳ No improvement. Patience: 46/50
2026-04-09 11:43:19,445 - INFO - [Epoch 154] Train Loss: 0.0127 | LR: 0.000048
2026-04-09 11:43:19,445 - INFO -     >>> Val Avg RMSE (Real): 241.5829
2026-04-09 11:43:19,445 - INFO -     >>> Val MAE Details: ['159.1060', '149.9328', '139.5468', '163.1006', '175.1917', '193.5457', '195.8568']
2026-04-09 11:43:19,446 - INFO - ⏳ No improvement. Patience: 47/50
2026-04-09 11:44:47,619 - INFO - [Epoch 155] Train Loss: 0.0127 | LR: 0.000047
2026-04-09 11:44:47,619 - INFO -     >>> Val Avg RMSE (Real): 244.1980
2026-04-09 11:44:47,619 - INFO -     >>> Val MAE Details: ['158.0133', '147.3419', '138.9601', '163.6082', '171.6311', '205.1159', '201.3616']
2026-04-09 11:44:47,619 - INFO - ⏳ No improvement. Patience: 48/50
2026-04-09 11:46:15,596 - INFO - [Epoch 156] Train Loss: 0.0124 | LR: 0.000047
2026-04-09 11:46:15,597 - INFO -     >>> Val Avg RMSE (Real): 240.7317
2026-04-09 11:46:15,597 - INFO -     >>> Val MAE Details: ['159.1812', '149.0837', '138.9704', '163.9940', '173.0125', '188.3060', '195.7453']
2026-04-09 11:46:15,597 - INFO - ⏳ No improvement. Patience: 49/50
2026-04-09 11:47:43,553 - INFO - [Epoch 157] Train Loss: 0.0123 | LR: 0.000046
2026-04-09 11:47:43,553 - INFO -     >>> Val Avg RMSE (Real): 242.1343
2026-04-09 11:47:43,553 - INFO -     >>> Val MAE Details: ['157.0560', '147.4336', '138.0321', '162.8937', '180.4507', '188.0852', '196.2704']
2026-04-09 11:47:43,553 - INFO - ⏳ No improvement. Patience: 50/50
2026-04-09 11:47:43,553 - INFO - 🛑 Early Stopping triggered! Best RMSE: 236.6842
