2026-04-21 20:10:27,866 - INFO - 💾 Config files backed up to ./logs/QM9_repr_ed_dense_PointNext_Task4_20260421_201027
2026-04-21 20:10:27,866 - INFO - 🎯 Multi-Task Targets (4): ['alpha_mBohr3', 'r2_mBohr2', 'zpve_meV', 'Cv_mcal']
2026-04-21 20:10:27,866 - INFO - ========================================
2026-04-21 20:10:27,866 - INFO -         Training Configuration        
2026-04-21 20:10:27,866 - INFO - ========================================
2026-04-21 20:10:27,867 - INFO - 
{'data': {'dataset_mode': 'repr_ed_dense',
          'grid_size': 0.1,
          'pkl_path': '../data/qm9/qm9_ed_1024_multi_prop_Bohr.pkl',
          'targets': ['alpha_mBohr3', 'r2_mBohr2', 'zpve_meV', 'Cv_mcal']},
 'model': {'blocks': [1, 2, 4, 2, 1],
           'drop_path_rate': 0.1,
           'dropout': 0.5,
           'expansion': 4,
           'in_channels': 1,
           'name': 'PointNext',
           'nsample': 32,
           'radius': 0.1,
           'sa_layers': 2,
           'sa_use_res': True,
           'strides': [1, 2, 2, 2, 2],
           'width': 64},
 'train': {'batch_size': 32,
           'epochs': 200,
           'grad_norm_clip': 1.0,
           'lr': 0.0001,
           'patience': 50,
           'seed': 2025,
           'weight_decay': 0.0001}}
2026-04-21 20:10:27,867 - INFO - ========================================

2026-04-21 20:10:27,867 - INFO - 🚀 Start Training on Device: cuda
2026-04-21 20:10:27,867 - INFO - Loading Data...
2026-04-21 20:10:27,867 - INFO - Loading Dataset Mode: repr_ed_dense...
2026-04-21 20:10:35,124 - INFO - Stats - Mean: [[  75193.05   1189355.4       4040.7507   31595.    ]], Std: [[  8191.0356 279721.25      905.7655   4061.693 ]]
2026-04-21 20:10:35,124 - INFO - Building Model: PointNext...
2026-04-21 20:10:35,755 - INFO - Total Parameters: 6.7075 M

2026-04-21 20:20:03,171 - INFO - [Epoch 1] Train Loss: 1.0066 | LR: 0.000100
2026-04-21 20:20:03,171 - INFO -     >>> Val Avg RMSE (Real): 140881.8017
2026-04-21 20:20:03,171 - INFO -     >>> Val MAE Details: ['6324.6309', '205146.2188', '727.5008', '3241.6321']
2026-04-21 20:20:03,310 - INFO - 💾 Saved Best Model to ./logs/QM9_repr_ed_dense_PointNext_Task4_20260421_201027/best_model.pth
2026-04-21 20:29:29,869 - INFO - [Epoch 2] Train Loss: 0.9633 | LR: 0.000100
2026-04-21 20:29:29,869 - INFO -     >>> Val Avg RMSE (Real): 140660.8986
2026-04-21 20:29:29,869 - INFO -     >>> Val MAE Details: ['6167.5547', '202869.2500', '705.2115', '3221.6782']
2026-04-21 20:29:30,051 - INFO - 💾 Saved Best Model to ./logs/QM9_repr_ed_dense_PointNext_Task4_20260421_201027/best_model.pth
2026-04-21 20:38:56,119 - INFO - [Epoch 3] Train Loss: 0.9573 | LR: 0.000100
2026-04-21 20:38:56,120 - INFO -     >>> Val Avg RMSE (Real): 140584.1254
2026-04-21 20:38:56,120 - INFO -     >>> Val MAE Details: ['6198.2314', '204005.1250', '719.1442', '3252.8489']
2026-04-21 20:38:56,303 - INFO - 💾 Saved Best Model to ./logs/QM9_repr_ed_dense_PointNext_Task4_20260421_201027/best_model.pth
2026-04-21 20:48:22,886 - INFO - [Epoch 4] Train Loss: 0.9545 | LR: 0.000100
2026-04-21 20:48:22,887 - INFO -     >>> Val Avg RMSE (Real): 147726.3147
2026-04-21 20:48:22,887 - INFO -     >>> Val MAE Details: ['8139.1704', '229390.4844', '1031.6921', '3755.0732']
2026-04-21 20:48:22,887 - INFO - ⏳ No improvement. Patience: 1/50
2026-04-21 20:57:49,494 - INFO - [Epoch 5] Train Loss: 0.9503 | LR: 0.000100
2026-04-21 20:57:49,494 - INFO -     >>> Val Avg RMSE (Real): 141445.8569
2026-04-21 20:57:49,494 - INFO -     >>> Val MAE Details: ['6489.3291', '209796.2031', '766.7556', '3310.6003']
2026-04-21 20:57:49,495 - INFO - ⏳ No improvement. Patience: 2/50
2026-04-21 21:07:14,724 - INFO - [Epoch 6] Train Loss: 0.9453 | LR: 0.000100
2026-04-21 21:07:14,724 - INFO -     >>> Val Avg RMSE (Real): 139995.0518
2026-04-21 21:07:14,725 - INFO -     >>> Val MAE Details: ['6149.7725', '202903.4688', '715.5793', '3221.8540']
2026-04-21 21:07:14,904 - INFO - 💾 Saved Best Model to ./logs/QM9_repr_ed_dense_PointNext_Task4_20260421_201027/best_model.pth
2026-04-21 21:16:41,033 - INFO - [Epoch 7] Train Loss: 0.9411 | LR: 0.000100
2026-04-21 21:16:41,034 - INFO -     >>> Val Avg RMSE (Real): 142938.5806
2026-04-21 21:16:41,034 - INFO -     >>> Val MAE Details: ['6284.4556', '216510.3125', '730.4899', '3345.0286']
2026-04-21 21:16:41,034 - INFO - ⏳ No improvement. Patience: 1/50
2026-04-21 21:26:07,659 - INFO - [Epoch 8] Train Loss: 0.9370 | LR: 0.000100
2026-04-21 21:26:07,660 - INFO -     >>> Val Avg RMSE (Real): 143446.0599
2026-04-21 21:26:07,660 - INFO -     >>> Val MAE Details: ['6332.9731', '217291.6719', '732.6915', '3394.9451']
2026-04-21 21:26:07,660 - INFO - ⏳ No improvement. Patience: 2/50
2026-04-21 21:35:34,568 - INFO - [Epoch 9] Train Loss: 0.9348 | LR: 0.000100
2026-04-21 21:35:34,569 - INFO -     >>> Val Avg RMSE (Real): 140033.1115
2026-04-21 21:35:34,569 - INFO -     >>> Val MAE Details: ['6176.1343', '204876.4219', '715.1309', '3254.2080']
2026-04-21 21:35:34,569 - INFO - ⏳ No improvement. Patience: 3/50
2026-04-21 21:45:00,607 - INFO - [Epoch 10] Train Loss: 0.9331 | LR: 0.000099
2026-04-21 21:45:00,607 - INFO -     >>> Val Avg RMSE (Real): 142603.5184
2026-04-21 21:45:00,607 - INFO -     >>> Val MAE Details: ['6040.9473', '215362.2812', '681.1924', '3285.1926']
2026-04-21 21:45:00,607 - INFO - ⏳ No improvement. Patience: 4/50
2026-04-21 21:54:26,581 - INFO - [Epoch 11] Train Loss: 0.9329 | LR: 0.000099
2026-04-21 21:54:26,582 - INFO -     >>> Val Avg RMSE (Real): 150920.0541
2026-04-21 21:54:26,582 - INFO -     >>> Val MAE Details: ['6165.5820', '239383.8594', '695.5846', '3510.4990']
2026-04-21 21:54:26,582 - INFO - ⏳ No improvement. Patience: 5/50
2026-04-21 22:03:53,115 - INFO - [Epoch 12] Train Loss: 0.9302 | LR: 0.000099
2026-04-21 22:03:53,116 - INFO -     >>> Val Avg RMSE (Real): 140840.5323
2026-04-21 22:03:53,116 - INFO -     >>> Val MAE Details: ['6064.2856', '209135.1406', '680.2383', '3235.8259']
2026-04-21 22:03:53,116 - INFO - ⏳ No improvement. Patience: 6/50
2026-04-21 22:13:19,693 - INFO - [Epoch 13] Train Loss: 0.9313 | LR: 0.000099
2026-04-21 22:13:19,694 - INFO -     >>> Val Avg RMSE (Real): 142149.9792
2026-04-21 22:13:19,694 - INFO -     >>> Val MAE Details: ['6028.1948', '214277.8281', '669.6628', '3229.2642']
2026-04-21 22:13:19,694 - INFO - ⏳ No improvement. Patience: 7/50
2026-04-21 22:22:46,489 - INFO - [Epoch 14] Train Loss: 0.9283 | LR: 0.000099
2026-04-21 22:22:46,490 - INFO -     >>> Val Avg RMSE (Real): 139475.7361
2026-04-21 22:22:46,490 - INFO -     >>> Val MAE Details: ['6030.3198', '204499.5938', '670.5519', '3182.7930']
2026-04-21 22:22:46,671 - INFO - 💾 Saved Best Model to ./logs/QM9_repr_ed_dense_PointNext_Task4_20260421_201027/best_model.pth
2026-04-21 22:32:11,658 - INFO - [Epoch 15] Train Loss: 0.9264 | LR: 0.000099
2026-04-21 22:32:11,658 - INFO -     >>> Val Avg RMSE (Real): 145611.1187
2026-04-21 22:32:11,658 - INFO -     >>> Val MAE Details: ['6153.7134', '225120.4375', '717.9028', '3459.7522']
2026-04-21 22:32:11,658 - INFO - ⏳ No improvement. Patience: 1/50
2026-04-21 22:41:36,138 - INFO - [Epoch 16] Train Loss: 0.9254 | LR: 0.000098
2026-04-21 22:41:36,139 - INFO -     >>> Val Avg RMSE (Real): 142737.9791
2026-04-21 22:41:36,139 - INFO -     >>> Val MAE Details: ['6051.1982', '216115.0781', '687.7791', '3329.5220']
2026-04-21 22:41:36,139 - INFO - ⏳ No improvement. Patience: 2/50
2026-04-21 22:51:02,120 - INFO - [Epoch 17] Train Loss: 0.9255 | LR: 0.000098
2026-04-21 22:51:02,121 - INFO -     >>> Val Avg RMSE (Real): 145802.9776
2026-04-21 22:51:02,121 - INFO -     >>> Val MAE Details: ['6337.3232', '224589.8750', '789.4808', '3547.1274']
2026-04-21 22:51:02,121 - INFO - ⏳ No improvement. Patience: 3/50
2026-04-21 23:00:28,424 - INFO - [Epoch 18] Train Loss: 0.9231 | LR: 0.000098
2026-04-21 23:00:28,425 - INFO -     >>> Val Avg RMSE (Real): 141325.6877
2026-04-21 23:00:28,425 - INFO -     >>> Val MAE Details: ['6078.5791', '212042.7812', '674.1179', '3206.5063']
2026-04-21 23:00:28,425 - INFO - ⏳ No improvement. Patience: 4/50
2026-04-21 23:09:54,646 - INFO - [Epoch 19] Train Loss: 0.9229 | LR: 0.000098
2026-04-21 23:09:54,646 - INFO -     >>> Val Avg RMSE (Real): 145037.4151
2026-04-21 23:09:54,646 - INFO -     >>> Val MAE Details: ['6040.0693', '224377.4688', '682.2870', '3335.7727']
2026-04-21 23:09:54,646 - INFO - ⏳ No improvement. Patience: 5/50
2026-04-21 23:19:21,764 - INFO - [Epoch 20] Train Loss: 0.9225 | LR: 0.000098
2026-04-21 23:19:21,765 - INFO -     >>> Val Avg RMSE (Real): 138934.8389
2026-04-21 23:19:21,765 - INFO -     >>> Val MAE Details: ['6022.5674', '202787.2344', '680.2515', '3199.6560']
2026-04-21 23:19:21,963 - INFO - 💾 Saved Best Model to ./logs/QM9_repr_ed_dense_PointNext_Task4_20260421_201027/best_model.pth
2026-04-21 23:28:48,016 - INFO - [Epoch 21] Train Loss: 0.9224 | LR: 0.000097
2026-04-21 23:28:48,017 - INFO -     >>> Val Avg RMSE (Real): 142920.8488
2026-04-21 23:28:48,017 - INFO -     >>> Val MAE Details: ['6048.0659', '218431.5000', '680.9081', '3299.3711']
2026-04-21 23:28:48,017 - INFO - ⏳ No improvement. Patience: 1/50
2026-04-21 23:38:14,292 - INFO - [Epoch 22] Train Loss: 0.9197 | LR: 0.000097
2026-04-21 23:38:14,292 - INFO -     >>> Val Avg RMSE (Real): 141616.8668
2026-04-21 23:38:14,292 - INFO -     >>> Val MAE Details: ['6072.9229', '214306.8906', '681.8232', '3268.8120']
2026-04-21 23:38:14,292 - INFO - ⏳ No improvement. Patience: 2/50
2026-04-21 23:47:40,672 - INFO - [Epoch 23] Train Loss: 0.9193 | LR: 0.000097
2026-04-21 23:47:40,672 - INFO -     >>> Val Avg RMSE (Real): 139821.6263
2026-04-21 23:47:40,672 - INFO -     >>> Val MAE Details: ['6036.6382', '207018.0938', '668.4907', '3197.4802']
2026-04-21 23:47:40,673 - INFO - ⏳ No improvement. Patience: 3/50
2026-04-21 23:57:07,067 - INFO - [Epoch 24] Train Loss: 0.9174 | LR: 0.000096
2026-04-21 23:57:07,067 - INFO -     >>> Val Avg RMSE (Real): 148400.5650
2026-04-21 23:57:07,067 - INFO -     >>> Val MAE Details: ['5993.4751', '233009.9375', '691.6003', '3204.0039']
2026-04-21 23:57:07,068 - INFO - ⏳ No improvement. Patience: 4/50
2026-04-22 00:06:33,719 - INFO - [Epoch 25] Train Loss: 0.9153 | LR: 0.000096
2026-04-22 00:06:33,719 - INFO -     >>> Val Avg RMSE (Real): 139938.6819
2026-04-22 00:06:33,719 - INFO -     >>> Val MAE Details: ['6036.8105', '207773.2812', '684.4268', '3172.2847']
2026-04-22 00:06:33,720 - INFO - ⏳ No improvement. Patience: 5/50
2026-04-22 00:16:00,111 - INFO - [Epoch 26] Train Loss: 0.9177 | LR: 0.000096
2026-04-22 00:16:00,112 - INFO -     >>> Val Avg RMSE (Real): 146426.0279
2026-04-22 00:16:00,112 - INFO -     >>> Val MAE Details: ['6047.3369', '228195.9375', '694.3475', '3199.0569']
2026-04-22 00:16:00,112 - INFO - ⏳ No improvement. Patience: 6/50
2026-04-22 00:25:25,889 - INFO - [Epoch 27] Train Loss: 0.9145 | LR: 0.000096
2026-04-22 00:25:25,890 - INFO -     >>> Val Avg RMSE (Real): 145168.0767
2026-04-22 00:25:25,890 - INFO -     >>> Val MAE Details: ['6019.4766', '225108.6719', '674.2335', '3266.3821']
2026-04-22 00:25:25,890 - INFO - ⏳ No improvement. Patience: 7/50
2026-04-22 00:34:52,639 - INFO - [Epoch 28] Train Loss: 0.9133 | LR: 0.000095
2026-04-22 00:34:52,639 - INFO -     >>> Val Avg RMSE (Real): 141232.1659
2026-04-22 00:34:52,639 - INFO -     >>> Val MAE Details: ['6007.5581', '213187.7344', '675.0096', '3191.8311']
2026-04-22 00:34:52,640 - INFO - ⏳ No improvement. Patience: 8/50
2026-04-22 00:44:17,732 - INFO - [Epoch 29] Train Loss: 0.9138 | LR: 0.000095
2026-04-22 00:44:17,733 - INFO -     >>> Val Avg RMSE (Real): 145184.6947
2026-04-22 00:44:17,733 - INFO -     >>> Val MAE Details: ['6021.0996', '224854.5781', '674.3239', '3213.8477']
2026-04-22 00:44:17,733 - INFO - ⏳ No improvement. Patience: 9/50
2026-04-22 00:53:43,995 - INFO - [Epoch 30] Train Loss: 0.9129 | LR: 0.000095
2026-04-22 00:53:43,996 - INFO -     >>> Val Avg RMSE (Real): 163348.7886
2026-04-22 00:53:43,996 - INFO -     >>> Val MAE Details: ['6076.6753', '268711.0625', '711.6821', '3265.6616']
2026-04-22 00:53:43,996 - INFO - ⏳ No improvement. Patience: 10/50
2026-04-22 01:03:10,037 - INFO - [Epoch 31] Train Loss: 0.9135 | LR: 0.000094
2026-04-22 01:03:10,038 - INFO -     >>> Val Avg RMSE (Real): 176904.3182
2026-04-22 01:03:10,038 - INFO -     >>> Val MAE Details: ['6426.5874', '299943.0312', '697.3643', '3266.9993']
2026-04-22 01:03:10,038 - INFO - ⏳ No improvement. Patience: 11/50
2026-04-22 01:12:36,823 - INFO - [Epoch 32] Train Loss: 0.9181 | LR: 0.000094
2026-04-22 01:12:36,824 - INFO -     >>> Val Avg RMSE (Real): 151777.6698
2026-04-22 01:12:36,824 - INFO -     >>> Val MAE Details: ['6016.6562', '241473.3438', '714.0229', '3204.4602']
2026-04-22 01:12:36,824 - INFO - ⏳ No improvement. Patience: 12/50
2026-04-22 01:22:03,579 - INFO - [Epoch 33] Train Loss: 0.9138 | LR: 0.000093
2026-04-22 01:22:03,579 - INFO -     >>> Val Avg RMSE (Real): 138498.0480
2026-04-22 01:22:03,579 - INFO -     >>> Val MAE Details: ['6056.2153', '199917.6875', '673.9448', '3159.7742']
2026-04-22 01:22:03,764 - INFO - 💾 Saved Best Model to ./logs/QM9_repr_ed_dense_PointNext_Task4_20260421_201027/best_model.pth
2026-04-22 01:31:28,936 - INFO - [Epoch 34] Train Loss: 0.9117 | LR: 0.000093
2026-04-22 01:31:28,937 - INFO -     >>> Val Avg RMSE (Real): 145957.5671
2026-04-22 01:31:28,937 - INFO -     >>> Val MAE Details: ['6048.8687', '227041.0312', '732.5746', '3171.7766']
2026-04-22 01:31:28,937 - INFO - ⏳ No improvement. Patience: 1/50
2026-04-22 01:40:55,389 - INFO - [Epoch 35] Train Loss: 0.9121 | LR: 0.000093
2026-04-22 01:40:55,390 - INFO -     >>> Val Avg RMSE (Real): 146035.8137
2026-04-22 01:40:55,390 - INFO -     >>> Val MAE Details: ['6170.7168', '227330.4531', '694.8129', '3437.7234']
2026-04-22 01:40:55,390 - INFO - ⏳ No improvement. Patience: 2/50
2026-04-22 01:50:22,342 - INFO - [Epoch 36] Train Loss: 0.9133 | LR: 0.000092
2026-04-22 01:50:22,342 - INFO -     >>> Val Avg RMSE (Real): 137817.0567
2026-04-22 01:50:22,342 - INFO -     >>> Val MAE Details: ['5988.0576', '196815.1719', '661.7759', '3146.8474']
2026-04-22 01:50:22,496 - INFO - 💾 Saved Best Model to ./logs/QM9_repr_ed_dense_PointNext_Task4_20260421_201027/best_model.pth
2026-04-22 01:59:47,455 - INFO - [Epoch 37] Train Loss: 0.9111 | LR: 0.000092
2026-04-22 01:59:47,456 - INFO -     >>> Val Avg RMSE (Real): 139052.5527
2026-04-22 01:59:47,456 - INFO -     >>> Val MAE Details: ['5987.5962', '204955.8125', '669.8058', '3199.2866']
2026-04-22 01:59:47,456 - INFO - ⏳ No improvement. Patience: 1/50
2026-04-22 02:09:14,189 - INFO - [Epoch 38] Train Loss: 0.9105 | LR: 0.000091
2026-04-22 02:09:14,189 - INFO -     >>> Val Avg RMSE (Real): 143265.2758
2026-04-22 02:09:14,189 - INFO -     >>> Val MAE Details: ['5964.2900', '220422.2812', '706.2659', '3151.0552']
2026-04-22 02:09:14,189 - INFO - ⏳ No improvement. Patience: 2/50
2026-04-22 02:18:40,597 - INFO - [Epoch 39] Train Loss: 0.9092 | LR: 0.000091
2026-04-22 02:18:40,597 - INFO -     >>> Val Avg RMSE (Real): 139606.8574
2026-04-22 02:18:40,606 - INFO -     >>> Val MAE Details: ['6048.0220', '208928.5312', '679.5903', '3247.1772']
2026-04-22 02:18:40,606 - INFO - ⏳ No improvement. Patience: 3/50
2026-04-22 02:28:07,349 - INFO - [Epoch 40] Train Loss: 0.9088 | LR: 0.000090
2026-04-22 02:28:07,350 - INFO -     >>> Val Avg RMSE (Real): 137802.3814
2026-04-22 02:28:07,350 - INFO -     >>> Val MAE Details: ['5979.8687', '195419.4531', '663.9772', '3128.5457']
2026-04-22 02:28:07,537 - INFO - 💾 Saved Best Model to ./logs/QM9_repr_ed_dense_PointNext_Task4_20260421_201027/best_model.pth
2026-04-22 02:37:33,865 - INFO - [Epoch 41] Train Loss: 0.9110 | LR: 0.000090
2026-04-22 02:37:33,865 - INFO -     >>> Val Avg RMSE (Real): 139527.7869
2026-04-22 02:37:33,865 - INFO -     >>> Val MAE Details: ['6157.8501', '198698.5312', '704.4676', '3291.8535']
2026-04-22 02:37:33,865 - INFO - ⏳ No improvement. Patience: 1/50
2026-04-22 02:47:00,431 - INFO - [Epoch 42] Train Loss: 0.9117 | LR: 0.000090
2026-04-22 02:47:00,431 - INFO -     >>> Val Avg RMSE (Real): 140503.3967
2026-04-22 02:47:00,432 - INFO -     >>> Val MAE Details: ['6076.5205', '211590.0469', '681.8322', '3256.2732']
2026-04-22 02:47:00,432 - INFO - ⏳ No improvement. Patience: 2/50
2026-04-22 02:56:26,431 - INFO - [Epoch 43] Train Loss: 0.9088 | LR: 0.000089
2026-04-22 02:56:26,432 - INFO -     >>> Val Avg RMSE (Real): 142693.7231
2026-04-22 02:56:26,432 - INFO -     >>> Val MAE Details: ['6154.7549', '218756.2656', '692.1265', '3343.6528']
2026-04-22 02:56:26,432 - INFO - ⏳ No improvement. Patience: 3/50
2026-04-22 03:05:53,225 - INFO - [Epoch 44] Train Loss: 0.9068 | LR: 0.000089
2026-04-22 03:05:53,225 - INFO -     >>> Val Avg RMSE (Real): 138107.4624
2026-04-22 03:05:53,226 - INFO -     >>> Val MAE Details: ['6059.8804', '200454.9375', '706.8965', '3236.1436']
2026-04-22 03:05:53,226 - INFO - ⏳ No improvement. Patience: 4/50
2026-04-22 03:15:20,071 - INFO - [Epoch 45] Train Loss: 0.9086 | LR: 0.000088
2026-04-22 03:15:20,071 - INFO -     >>> Val Avg RMSE (Real): 138023.7716
2026-04-22 03:15:20,071 - INFO -     >>> Val MAE Details: ['6017.6040', '201615.0781', '674.6790', '3185.7910']
2026-04-22 03:15:20,072 - INFO - ⏳ No improvement. Patience: 5/50
2026-04-22 03:24:46,943 - INFO - [Epoch 46] Train Loss: 0.9070 | LR: 0.000088
2026-04-22 03:24:46,944 - INFO -     >>> Val Avg RMSE (Real): 150995.7088
2026-04-22 03:24:46,944 - INFO -     >>> Val MAE Details: ['6049.0483', '238958.0000', '738.2795', '3189.1091']
2026-04-22 03:24:46,944 - INFO - ⏳ No improvement. Patience: 6/50
2026-04-22 03:34:12,153 - INFO - [Epoch 47] Train Loss: 0.9077 | LR: 0.000087
2026-04-22 03:34:12,153 - INFO -     >>> Val Avg RMSE (Real): 175618.1516
2026-04-22 03:34:12,153 - INFO -     >>> Val MAE Details: ['6385.5288', '296751.6562', '685.4788', '3291.8411']
2026-04-22 03:34:12,153 - INFO - ⏳ No improvement. Patience: 7/50
2026-04-22 03:43:39,326 - INFO - [Epoch 48] Train Loss: 0.9049 | LR: 0.000086
2026-04-22 03:43:39,327 - INFO -     >>> Val Avg RMSE (Real): 144307.0433
2026-04-22 03:43:39,327 - INFO -     >>> Val MAE Details: ['6159.4375', '221100.7344', '691.2288', '3376.4985']
2026-04-22 03:43:39,327 - INFO - ⏳ No improvement. Patience: 8/50
2026-04-22 03:53:04,726 - INFO - [Epoch 49] Train Loss: 0.9038 | LR: 0.000086
2026-04-22 03:53:04,727 - INFO -     >>> Val Avg RMSE (Real): 137852.1745
2026-04-22 03:53:04,727 - INFO -     >>> Val MAE Details: ['6113.5371', '195167.7656', '677.8224', '3181.2788']
2026-04-22 03:53:04,727 - INFO - ⏳ No improvement. Patience: 9/50
2026-04-22 04:02:30,586 - INFO - [Epoch 50] Train Loss: 0.9070 | LR: 0.000085
2026-04-22 04:02:30,587 - INFO -     >>> Val Avg RMSE (Real): 143406.8066
2026-04-22 04:02:30,587 - INFO -     >>> Val MAE Details: ['6073.2842', '218915.8750', '663.6531', '3187.5674']
2026-04-22 04:02:30,587 - INFO - ⏳ No improvement. Patience: 10/50
2026-04-22 04:11:56,896 - INFO - [Epoch 51] Train Loss: 0.9086 | LR: 0.000085
2026-04-22 04:11:56,897 - INFO -     >>> Val Avg RMSE (Real): 138430.5723
2026-04-22 04:11:56,897 - INFO -     >>> Val MAE Details: ['5994.9390', '201966.3438', '673.6330', '3186.8420']
2026-04-22 04:11:56,897 - INFO - ⏳ No improvement. Patience: 11/50
2026-04-22 04:21:22,957 - INFO - [Epoch 52] Train Loss: 0.9138 | LR: 0.000084
2026-04-22 04:21:22,957 - INFO -     >>> Val Avg RMSE (Real): 138342.5842
2026-04-22 04:21:22,957 - INFO -     >>> Val MAE Details: ['6008.9438', '201652.1719', '693.0557', '3193.3738']
2026-04-22 04:21:22,958 - INFO - ⏳ No improvement. Patience: 12/50
2026-04-22 04:30:49,129 - INFO - [Epoch 53] Train Loss: 0.9102 | LR: 0.000084
2026-04-22 04:30:49,129 - INFO -     >>> Val Avg RMSE (Real): 140251.5792
2026-04-22 04:30:49,129 - INFO -     >>> Val MAE Details: ['6119.6270', '196064.0000', '682.6758', '3279.3760']
2026-04-22 04:30:49,129 - INFO - ⏳ No improvement. Patience: 13/50
2026-04-22 04:40:16,023 - INFO - [Epoch 54] Train Loss: 0.9091 | LR: 0.000083
2026-04-22 04:40:16,023 - INFO -     >>> Val Avg RMSE (Real): 138864.3162
2026-04-22 04:40:16,023 - INFO -     >>> Val MAE Details: ['5998.3652', '205238.8125', '667.9910', '3159.6030']
2026-04-22 04:40:16,023 - INFO - ⏳ No improvement. Patience: 14/50
2026-04-22 04:49:42,655 - INFO - [Epoch 55] Train Loss: 0.9104 | LR: 0.000082
2026-04-22 04:49:42,656 - INFO -     >>> Val Avg RMSE (Real): 137849.7677
2026-04-22 04:49:42,656 - INFO -     >>> Val MAE Details: ['5967.6011', '199715.5938', '666.2524', '3145.1958']
2026-04-22 04:49:42,656 - INFO - ⏳ No improvement. Patience: 15/50
2026-04-22 04:59:08,722 - INFO - [Epoch 56] Train Loss: 0.9096 | LR: 0.000082
2026-04-22 04:59:08,722 - INFO -     >>> Val Avg RMSE (Real): 138117.7163
2026-04-22 04:59:08,722 - INFO -     >>> Val MAE Details: ['5971.7397', '201610.8750', '660.4507', '3145.8191']
2026-04-22 04:59:08,723 - INFO - ⏳ No improvement. Patience: 16/50
2026-04-22 05:08:33,725 - INFO - [Epoch 57] Train Loss: 0.9128 | LR: 0.000081
2026-04-22 05:08:33,726 - INFO -     >>> Val Avg RMSE (Real): 137939.3471
2026-04-22 05:08:33,726 - INFO -     >>> Val MAE Details: ['5995.5728', '198633.2344', '673.9857', '3164.0002']
2026-04-22 05:08:33,726 - INFO - ⏳ No improvement. Patience: 17/50
2026-04-22 05:17:59,982 - INFO - [Epoch 58] Train Loss: 0.9141 | LR: 0.000081
2026-04-22 05:17:59,983 - INFO -     >>> Val Avg RMSE (Real): 138978.0299
2026-04-22 05:17:59,983 - INFO -     >>> Val MAE Details: ['6013.7891', '199138.6719', '677.6899', '3219.2930']
2026-04-22 05:17:59,983 - INFO - ⏳ No improvement. Patience: 18/50
2026-04-22 05:27:25,463 - INFO - [Epoch 59] Train Loss: 0.9092 | LR: 0.000080
2026-04-22 05:27:25,464 - INFO -     >>> Val Avg RMSE (Real): 137894.4199
2026-04-22 05:27:25,464 - INFO -     >>> Val MAE Details: ['6022.2109', '196300.8750', '675.5620', '3193.3350']
2026-04-22 05:27:25,464 - INFO - ⏳ No improvement. Patience: 19/50
2026-04-22 05:36:52,564 - INFO - [Epoch 60] Train Loss: 0.9032 | LR: 0.000079
2026-04-22 05:36:52,565 - INFO -     >>> Val Avg RMSE (Real): 137300.4964
2026-04-22 05:36:52,565 - INFO -     >>> Val MAE Details: ['5980.8872', '199474.6875', '664.9652', '3132.5522']
2026-04-22 05:36:52,774 - INFO - 💾 Saved Best Model to ./logs/QM9_repr_ed_dense_PointNext_Task4_20260421_201027/best_model.pth
2026-04-22 05:46:18,165 - INFO - [Epoch 61] Train Loss: 0.9021 | LR: 0.000079
2026-04-22 05:46:18,166 - INFO -     >>> Val Avg RMSE (Real): 140395.0832
2026-04-22 05:46:18,166 - INFO -     >>> Val MAE Details: ['5997.4302', '211219.5938', '676.8940', '3150.0066']
2026-04-22 05:46:18,166 - INFO - ⏳ No improvement. Patience: 1/50
2026-04-22 05:55:44,764 - INFO - [Epoch 62] Train Loss: 0.9018 | LR: 0.000078
2026-04-22 05:55:44,765 - INFO -     >>> Val Avg RMSE (Real): 137885.7238
2026-04-22 05:55:44,765 - INFO -     >>> Val MAE Details: ['5985.0635', '197491.9688', '663.2739', '3139.9780']
2026-04-22 05:55:44,765 - INFO - ⏳ No improvement. Patience: 2/50
2026-04-22 06:05:10,895 - INFO - [Epoch 63] Train Loss: 0.9026 | LR: 0.000077
2026-04-22 06:05:10,895 - INFO -     >>> Val Avg RMSE (Real): 139217.1686
2026-04-22 06:05:10,895 - INFO -     >>> Val MAE Details: ['6123.2173', '195199.8594', '697.7258', '3322.1521']
2026-04-22 06:05:10,896 - INFO - ⏳ No improvement. Patience: 3/50
2026-04-22 06:14:37,452 - INFO - [Epoch 64] Train Loss: 0.9030 | LR: 0.000077
2026-04-22 06:14:37,452 - INFO -     >>> Val Avg RMSE (Real): 139526.5613
2026-04-22 06:14:37,452 - INFO -     >>> Val MAE Details: ['6082.4165', '194342.0938', '668.2008', '3199.5305']
2026-04-22 06:14:37,452 - INFO - ⏳ No improvement. Patience: 4/50
2026-04-22 06:24:03,670 - INFO - [Epoch 65] Train Loss: 0.9033 | LR: 0.000076
2026-04-22 06:24:03,671 - INFO -     >>> Val Avg RMSE (Real): 137068.3683
2026-04-22 06:24:03,671 - INFO -     >>> Val MAE Details: ['5968.2427', '198101.0781', '662.7480', '3123.3960']
2026-04-22 06:24:03,858 - INFO - 💾 Saved Best Model to ./logs/QM9_repr_ed_dense_PointNext_Task4_20260421_201027/best_model.pth
2026-04-22 06:33:30,219 - INFO - [Epoch 66] Train Loss: 0.9039 | LR: 0.000075
2026-04-22 06:33:30,219 - INFO -     >>> Val Avg RMSE (Real): 138020.0992
2026-04-22 06:33:30,220 - INFO -     >>> Val MAE Details: ['5963.6416', '206066.2344', '663.0947', '3150.4377']
2026-04-22 06:33:30,220 - INFO - ⏳ No improvement. Patience: 1/50
2026-04-22 06:42:56,798 - INFO - [Epoch 67] Train Loss: 0.9044 | LR: 0.000075
2026-04-22 06:42:56,798 - INFO -     >>> Val Avg RMSE (Real): 140570.7370
2026-04-22 06:42:56,798 - INFO -     >>> Val MAE Details: ['5987.8657', '211102.6250', '663.4182', '3196.3760']
2026-04-22 06:42:56,798 - INFO - ⏳ No improvement. Patience: 2/50
2026-04-22 06:52:22,889 - INFO - [Epoch 68] Train Loss: 0.9048 | LR: 0.000074
2026-04-22 06:52:22,889 - INFO -     >>> Val Avg RMSE (Real): 137572.5294
2026-04-22 06:52:22,890 - INFO -     >>> Val MAE Details: ['5977.7329', '200567.4219', '663.6558', '3148.6514']
2026-04-22 06:52:22,890 - INFO - ⏳ No improvement. Patience: 3/50
2026-04-22 07:01:47,731 - INFO - [Epoch 69] Train Loss: 0.9001 | LR: 0.000073
2026-04-22 07:01:47,731 - INFO -     >>> Val Avg RMSE (Real): 147130.1608
2026-04-22 07:01:47,731 - INFO -     >>> Val MAE Details: ['6393.8237', '229191.4844', '716.3696', '3449.4092']
2026-04-22 07:01:47,731 - INFO - ⏳ No improvement. Patience: 4/50
2026-04-22 07:11:14,069 - INFO - [Epoch 70] Train Loss: 0.8996 | LR: 0.000073
2026-04-22 07:11:14,070 - INFO -     >>> Val Avg RMSE (Real): 139717.7608
2026-04-22 07:11:14,070 - INFO -     >>> Val MAE Details: ['6081.8682', '209409.5625', '668.4703', '3171.4771']
2026-04-22 07:11:14,070 - INFO - ⏳ No improvement. Patience: 5/50
2026-04-22 07:20:40,329 - INFO - [Epoch 71] Train Loss: 0.9021 | LR: 0.000072
2026-04-22 07:20:40,330 - INFO -     >>> Val Avg RMSE (Real): 139292.3059
2026-04-22 07:20:40,330 - INFO -     >>> Val MAE Details: ['6371.2944', '207137.3750', '750.9670', '3313.2710']
2026-04-22 07:20:40,330 - INFO - ⏳ No improvement. Patience: 6/50
2026-04-22 07:30:06,684 - INFO - [Epoch 72] Train Loss: 0.9016 | LR: 0.000071
2026-04-22 07:30:06,685 - INFO -     >>> Val Avg RMSE (Real): 155236.0733
2026-04-22 07:30:06,685 - INFO -     >>> Val MAE Details: ['6475.1797', '249368.7656', '665.2476', '3239.1558']
2026-04-22 07:30:06,685 - INFO - ⏳ No improvement. Patience: 7/50
2026-04-22 07:39:33,008 - INFO - [Epoch 73] Train Loss: 0.8996 | LR: 0.000071
2026-04-22 07:39:33,009 - INFO -     >>> Val Avg RMSE (Real): 138096.8889
2026-04-22 07:39:33,009 - INFO -     >>> Val MAE Details: ['6233.6592', '203394.5000', '704.3345', '3188.5237']
2026-04-22 07:39:33,009 - INFO - ⏳ No improvement. Patience: 8/50
2026-04-22 07:48:58,827 - INFO - [Epoch 74] Train Loss: 0.8966 | LR: 0.000070
2026-04-22 07:48:58,827 - INFO -     >>> Val Avg RMSE (Real): 144441.8891
2026-04-22 07:48:58,827 - INFO -     >>> Val MAE Details: ['6884.8354', '223809.0625', '744.3370', '3301.9795']
2026-04-22 07:48:58,828 - INFO - ⏳ No improvement. Patience: 9/50
2026-04-22 07:58:24,698 - INFO - [Epoch 75] Train Loss: 0.8992 | LR: 0.000069
2026-04-22 07:58:24,698 - INFO -     >>> Val Avg RMSE (Real): 139691.2050
2026-04-22 07:58:24,698 - INFO -     >>> Val MAE Details: ['6386.3247', '208579.8906', '693.2345', '3158.8535']
2026-04-22 07:58:24,698 - INFO - ⏳ No improvement. Patience: 10/50
2026-04-22 08:07:50,647 - INFO - [Epoch 76] Train Loss: 0.9021 | LR: 0.000068
2026-04-22 08:07:50,648 - INFO -     >>> Val Avg RMSE (Real): 137561.0959
2026-04-22 08:07:50,648 - INFO -     >>> Val MAE Details: ['6182.7842', '196602.4219', '689.8198', '3127.2449']
2026-04-22 08:07:50,648 - INFO - ⏳ No improvement. Patience: 11/50
2026-04-22 08:17:16,446 - INFO - [Epoch 77] Train Loss: 0.9008 | LR: 0.000068
2026-04-22 08:17:16,447 - INFO -     >>> Val Avg RMSE (Real): 168275.8512
2026-04-22 08:17:16,447 - INFO -     >>> Val MAE Details: ['6903.0874', '279920.8438', '675.7462', '3416.0725']
2026-04-22 08:17:16,447 - INFO - ⏳ No improvement. Patience: 12/50
2026-04-22 08:26:42,401 - INFO - [Epoch 78] Train Loss: 0.9000 | LR: 0.000067
2026-04-22 08:26:42,402 - INFO -     >>> Val Avg RMSE (Real): 146262.6713
2026-04-22 08:26:42,402 - INFO -     >>> Val MAE Details: ['6278.4429', '227137.0000', '664.6959', '3182.2917']
2026-04-22 08:26:42,402 - INFO - ⏳ No improvement. Patience: 13/50
2026-04-22 08:36:07,847 - INFO - [Epoch 79] Train Loss: 0.8946 | LR: 0.000066
2026-04-22 08:36:07,848 - INFO -     >>> Val Avg RMSE (Real): 144758.9599
2026-04-22 08:36:07,848 - INFO -     >>> Val MAE Details: ['7092.8047', '223824.5469', '777.0826', '3324.2759']
2026-04-22 08:36:07,848 - INFO - ⏳ No improvement. Patience: 14/50
2026-04-22 08:45:33,283 - INFO - [Epoch 80] Train Loss: 0.8933 | LR: 0.000065
2026-04-22 08:45:33,283 - INFO -     >>> Val Avg RMSE (Real): 143523.7921
2026-04-22 08:45:33,283 - INFO -     >>> Val MAE Details: ['7255.0820', '221572.2969', '838.8423', '3475.9873']
2026-04-22 08:45:33,284 - INFO - ⏳ No improvement. Patience: 15/50
2026-04-22 08:54:58,959 - INFO - [Epoch 81] Train Loss: 0.8928 | LR: 0.000065
2026-04-22 08:54:58,959 - INFO -     >>> Val Avg RMSE (Real): 142031.4728
2026-04-22 08:54:58,959 - INFO -     >>> Val MAE Details: ['6544.9619', '217601.6562', '731.8808', '3315.9839']
2026-04-22 08:54:58,959 - INFO - ⏳ No improvement. Patience: 16/50
2026-04-22 09:04:23,834 - INFO - [Epoch 82] Train Loss: 0.8922 | LR: 0.000064
2026-04-22 09:04:23,835 - INFO -     >>> Val Avg RMSE (Real): 141795.7806
2026-04-22 09:04:23,835 - INFO -     >>> Val MAE Details: ['6737.6455', '216508.7344', '727.5529', '3224.7363']
2026-04-22 09:04:23,835 - INFO - ⏳ No improvement. Patience: 17/50
2026-04-22 09:13:49,444 - INFO - [Epoch 83] Train Loss: 0.8924 | LR: 0.000063
2026-04-22 09:13:49,445 - INFO -     >>> Val Avg RMSE (Real): 150819.0520
2026-04-22 09:13:49,445 - INFO -     >>> Val MAE Details: ['7492.6348', '239835.5312', '818.1815', '3489.9722']
2026-04-22 09:13:49,445 - INFO - ⏳ No improvement. Patience: 18/50
2026-04-22 09:23:15,236 - INFO - [Epoch 84] Train Loss: 0.8920 | LR: 0.000062
2026-04-22 09:23:15,237 - INFO -     >>> Val Avg RMSE (Real): 142200.9071
2026-04-22 09:23:15,237 - INFO -     >>> Val MAE Details: ['6684.7363', '217370.9688', '765.3765', '3377.1677']
2026-04-22 09:23:15,237 - INFO - ⏳ No improvement. Patience: 19/50
2026-04-22 09:32:41,045 - INFO - [Epoch 85] Train Loss: 0.8982 | LR: 0.000062
2026-04-22 09:32:41,046 - INFO -     >>> Val Avg RMSE (Real): 138121.7420
2026-04-22 09:32:41,046 - INFO -     >>> Val MAE Details: ['6260.9487', '204494.1406', '716.9056', '3213.4241']
2026-04-22 09:32:41,046 - INFO - ⏳ No improvement. Patience: 20/50
2026-04-22 09:42:06,610 - INFO - [Epoch 86] Train Loss: 0.9042 | LR: 0.000061
2026-04-22 09:42:06,611 - INFO -     >>> Val Avg RMSE (Real): 147979.4113
2026-04-22 09:42:06,611 - INFO -     >>> Val MAE Details: ['6649.1504', '232754.8281', '742.2169', '3485.2114']
2026-04-22 09:42:06,611 - INFO - ⏳ No improvement. Patience: 21/50
2026-04-22 09:51:31,958 - INFO - [Epoch 87] Train Loss: 0.9075 | LR: 0.000060
2026-04-22 09:51:31,959 - INFO -     >>> Val Avg RMSE (Real): 139029.0003
2026-04-22 09:51:31,959 - INFO -     >>> Val MAE Details: ['6241.2734', '207504.4844', '695.3197', '3189.4685']
2026-04-22 09:51:31,959 - INFO - ⏳ No improvement. Patience: 22/50
2026-04-22 10:00:58,545 - INFO - [Epoch 88] Train Loss: 0.9007 | LR: 0.000059
2026-04-22 10:00:58,546 - INFO -     >>> Val Avg RMSE (Real): 138238.8593
2026-04-22 10:00:58,546 - INFO -     >>> Val MAE Details: ['6290.3594', '198296.1719', '716.2435', '3147.3750']
2026-04-22 10:00:58,546 - INFO - ⏳ No improvement. Patience: 23/50
2026-04-22 10:10:23,975 - INFO - [Epoch 89] Train Loss: 0.8953 | LR: 0.000059
2026-04-22 10:10:23,975 - INFO -     >>> Val Avg RMSE (Real): 137518.6662
2026-04-22 10:10:23,976 - INFO -     >>> Val MAE Details: ['6521.8394', '202373.9219', '754.3663', '3204.3987']
2026-04-22 10:10:23,976 - INFO - ⏳ No improvement. Patience: 24/50
2026-04-22 10:19:49,498 - INFO - [Epoch 90] Train Loss: 0.8966 | LR: 0.000058
2026-04-22 10:19:49,499 - INFO -     >>> Val Avg RMSE (Real): 138467.9454
2026-04-22 10:19:49,499 - INFO -     >>> Val MAE Details: ['6422.8960', '203857.4844', '688.4063', '3145.4810']
2026-04-22 10:19:49,499 - INFO - ⏳ No improvement. Patience: 25/50
2026-04-22 10:29:15,013 - INFO - [Epoch 91] Train Loss: 0.8964 | LR: 0.000057
2026-04-22 10:29:15,013 - INFO -     >>> Val Avg RMSE (Real): 141115.3124
2026-04-22 10:29:15,014 - INFO -     >>> Val MAE Details: ['6651.4253', '212933.3125', '744.6381', '3265.0125']
2026-04-22 10:29:15,014 - INFO - ⏳ No improvement. Patience: 26/50
2026-04-22 10:38:40,593 - INFO - [Epoch 92] Train Loss: 0.8923 | LR: 0.000056
2026-04-22 10:38:40,594 - INFO -     >>> Val Avg RMSE (Real): 138048.1484
2026-04-22 10:38:40,594 - INFO -     >>> Val MAE Details: ['6350.2510', '204584.6094', '703.1018', '3157.8142']
2026-04-22 10:38:40,594 - INFO - ⏳ No improvement. Patience: 27/50
2026-04-22 10:48:06,427 - INFO - [Epoch 93] Train Loss: 0.8916 | LR: 0.000055
2026-04-22 10:48:06,428 - INFO -     >>> Val Avg RMSE (Real): 148420.0362
2026-04-22 10:48:06,428 - INFO -     >>> Val MAE Details: ['8010.2529', '234296.4375', '1000.3265', '3895.2859']
2026-04-22 10:48:06,428 - INFO - ⏳ No improvement. Patience: 28/50
2026-04-22 10:57:32,050 - INFO - [Epoch 94] Train Loss: 0.8914 | LR: 0.000055
2026-04-22 10:57:32,051 - INFO -     >>> Val Avg RMSE (Real): 145792.7937
2026-04-22 10:57:32,051 - INFO -     >>> Val MAE Details: ['7112.6875', '226727.0156', '780.4064', '3422.4331']
2026-04-22 10:57:32,051 - INFO - ⏳ No improvement. Patience: 29/50
2026-04-22 11:06:57,943 - INFO - [Epoch 95] Train Loss: 0.8915 | LR: 0.000054
2026-04-22 11:06:57,943 - INFO -     >>> Val Avg RMSE (Real): 138784.6161
2026-04-22 11:06:57,943 - INFO -     >>> Val MAE Details: ['6571.0332', '206782.8438', '734.2211', '3201.3879']
2026-04-22 11:06:57,943 - INFO - ⏳ No improvement. Patience: 30/50
2026-04-22 11:16:23,461 - INFO - [Epoch 96] Train Loss: 0.8923 | LR: 0.000053
2026-04-22 11:16:23,461 - INFO -     >>> Val Avg RMSE (Real): 138683.8504
2026-04-22 11:16:23,462 - INFO -     >>> Val MAE Details: ['6645.2549', '206110.8750', '738.3671', '3187.1074']
2026-04-22 11:16:23,462 - INFO - ⏳ No improvement. Patience: 31/50
2026-04-22 11:25:49,052 - INFO - [Epoch 97] Train Loss: 0.8929 | LR: 0.000052
2026-04-22 11:25:49,053 - INFO -     >>> Val Avg RMSE (Real): 147381.0296
2026-04-22 11:25:49,053 - INFO -     >>> Val MAE Details: ['7241.8418', '230250.0312', '816.4636', '3517.0273']
2026-04-22 11:25:49,053 - INFO - ⏳ No improvement. Patience: 32/50
2026-04-22 11:35:14,542 - INFO - [Epoch 98] Train Loss: 0.8922 | LR: 0.000052
2026-04-22 11:35:14,543 - INFO -     >>> Val Avg RMSE (Real): 151920.3294
2026-04-22 11:35:14,543 - INFO -     >>> Val MAE Details: ['6797.8931', '241516.7188', '694.6661', '3278.3921']
2026-04-22 11:35:14,543 - INFO - ⏳ No improvement. Patience: 33/50
2026-04-22 11:44:40,267 - INFO - [Epoch 99] Train Loss: 0.8938 | LR: 0.000051
2026-04-22 11:44:40,267 - INFO -     >>> Val Avg RMSE (Real): 146756.5425
2026-04-22 11:44:40,267 - INFO -     >>> Val MAE Details: ['7024.4775', '230016.9219', '851.0619', '3700.9592']
2026-04-22 11:44:40,268 - INFO - ⏳ No improvement. Patience: 34/50
2026-04-22 11:54:05,507 - INFO - [Epoch 100] Train Loss: 0.8922 | LR: 0.000050
2026-04-22 11:54:05,508 - INFO -     >>> Val Avg RMSE (Real): 138242.4815
2026-04-22 11:54:05,508 - INFO -     >>> Val MAE Details: ['6157.4683', '198267.0156', '691.5543', '3148.9617']
2026-04-22 11:54:05,508 - INFO - ⏳ No improvement. Patience: 35/50
2026-04-22 12:03:31,896 - INFO - [Epoch 101] Train Loss: 0.8971 | LR: 0.000049
2026-04-22 12:03:31,896 - INFO -     >>> Val Avg RMSE (Real): 139137.2364
2026-04-22 12:03:31,896 - INFO -     >>> Val MAE Details: ['6500.6895', '207012.7188', '711.8725', '3188.7781']
2026-04-22 12:03:31,896 - INFO - ⏳ No improvement. Patience: 36/50
2026-04-22 12:12:57,757 - INFO - [Epoch 102] Train Loss: 0.8889 | LR: 0.000048
2026-04-22 12:12:57,758 - INFO -     >>> Val Avg RMSE (Real): 137720.5128
2026-04-22 12:12:57,758 - INFO -     >>> Val MAE Details: ['6286.6206', '199734.9375', '702.1016', '3136.3950']
2026-04-22 12:12:57,758 - INFO - ⏳ No improvement. Patience: 37/50
2026-04-22 12:22:23,434 - INFO - [Epoch 103] Train Loss: 0.8893 | LR: 0.000048
2026-04-22 12:22:23,435 - INFO -     >>> Val Avg RMSE (Real): 138229.4440
2026-04-22 12:22:23,435 - INFO -     >>> Val MAE Details: ['6355.5903', '201987.1875', '685.0868', '3158.4907']
2026-04-22 12:22:23,435 - INFO - ⏳ No improvement. Patience: 38/50
2026-04-22 12:31:49,269 - INFO - [Epoch 104] Train Loss: 0.8898 | LR: 0.000047
2026-04-22 12:31:49,270 - INFO -     >>> Val Avg RMSE (Real): 143356.7357
2026-04-22 12:31:49,270 - INFO -     >>> Val MAE Details: ['6239.1309', '219297.8125', '676.4316', '3150.9448']
2026-04-22 12:31:49,270 - INFO - ⏳ No improvement. Patience: 39/50
2026-04-22 12:41:14,870 - INFO - [Epoch 105] Train Loss: 0.8882 | LR: 0.000046
2026-04-22 12:41:14,870 - INFO -     >>> Val Avg RMSE (Real): 138135.3011
2026-04-22 12:41:14,871 - INFO -     >>> Val MAE Details: ['6377.4800', '204296.0781', '708.6055', '3146.4531']
2026-04-22 12:41:14,871 - INFO - ⏳ No improvement. Patience: 40/50
2026-04-22 12:50:40,542 - INFO - [Epoch 106] Train Loss: 0.8882 | LR: 0.000045
2026-04-22 12:50:40,543 - INFO -     >>> Val Avg RMSE (Real): 141729.3403
2026-04-22 12:50:40,543 - INFO -     >>> Val MAE Details: ['6869.2944', '215677.9375', '768.0355', '3299.3069']
2026-04-22 12:50:40,543 - INFO - ⏳ No improvement. Patience: 41/50
2026-04-22 13:00:05,883 - INFO - [Epoch 107] Train Loss: 0.8898 | LR: 0.000045
2026-04-22 13:00:05,884 - INFO -     >>> Val Avg RMSE (Real): 138143.6479
2026-04-22 13:00:05,884 - INFO -     >>> Val MAE Details: ['6188.1187', '202674.1406', '679.1371', '3140.3516']
2026-04-22 13:00:05,884 - INFO - ⏳ No improvement. Patience: 42/50
2026-04-22 13:09:31,136 - INFO - [Epoch 108] Train Loss: 0.8878 | LR: 0.000044
2026-04-22 13:09:31,137 - INFO -     >>> Val Avg RMSE (Real): 147526.3513
2026-04-22 13:09:31,137 - INFO -     >>> Val MAE Details: ['6976.4653', '230421.2031', '799.7075', '3592.8457']
2026-04-22 13:09:31,137 - INFO - ⏳ No improvement. Patience: 43/50
2026-04-22 13:18:56,204 - INFO - [Epoch 109] Train Loss: 0.8914 | LR: 0.000043
2026-04-22 13:18:56,204 - INFO -     >>> Val Avg RMSE (Real): 137676.0794
2026-04-22 13:18:56,204 - INFO -     >>> Val MAE Details: ['6184.3638', '196427.7031', '708.6808', '3131.5251']
2026-04-22 13:18:56,205 - INFO - ⏳ No improvement. Patience: 44/50
2026-04-22 13:28:21,496 - INFO - [Epoch 110] Train Loss: 0.8886 | LR: 0.000042
2026-04-22 13:28:21,497 - INFO -     >>> Val Avg RMSE (Real): 142038.4444
2026-04-22 13:28:21,497 - INFO -     >>> Val MAE Details: ['7672.5596', '217474.7969', '959.6658', '3671.4983']
2026-04-22 13:28:21,497 - INFO - ⏳ No improvement. Patience: 45/50
2026-04-22 13:37:46,735 - INFO - [Epoch 111] Train Loss: 0.8869 | LR: 0.000041
2026-04-22 13:37:46,736 - INFO -     >>> Val Avg RMSE (Real): 143935.7866
2026-04-22 13:37:46,736 - INFO -     >>> Val MAE Details: ['6068.1602', '201077.5156', '678.3908', '3296.8438']
2026-04-22 13:37:46,736 - INFO - ⏳ No improvement. Patience: 46/50
2026-04-22 13:47:11,313 - INFO - [Epoch 112] Train Loss: 0.8869 | LR: 0.000041
2026-04-22 13:47:11,314 - INFO -     >>> Val Avg RMSE (Real): 137036.9578
2026-04-22 13:47:11,314 - INFO -     >>> Val MAE Details: ['6231.2534', '200989.5156', '722.0330', '3208.4963']
2026-04-22 13:47:11,495 - INFO - 💾 Saved Best Model to ./logs/QM9_repr_ed_dense_PointNext_Task4_20260421_201027/best_model.pth
2026-04-22 13:56:36,570 - INFO - [Epoch 113] Train Loss: 0.8886 | LR: 0.000040
2026-04-22 13:56:36,571 - INFO -     >>> Val Avg RMSE (Real): 138786.8222
2026-04-22 13:56:36,571 - INFO -     >>> Val MAE Details: ['6599.5332', '208321.2500', '773.7759', '3308.2849']
2026-04-22 13:56:36,571 - INFO - ⏳ No improvement. Patience: 1/50
2026-04-22 14:06:01,855 - INFO - [Epoch 114] Train Loss: 0.8858 | LR: 0.000039
2026-04-22 14:06:01,856 - INFO -     >>> Val Avg RMSE (Real): 136713.3180
2026-04-22 14:06:01,856 - INFO -     >>> Val MAE Details: ['6202.6553', '194503.2500', '718.0202', '3113.9102']
2026-04-22 14:06:02,023 - INFO - 💾 Saved Best Model to ./logs/QM9_repr_ed_dense_PointNext_Task4_20260421_201027/best_model.pth
2026-04-22 14:15:26,985 - INFO - [Epoch 115] Train Loss: 0.8869 | LR: 0.000038
2026-04-22 14:15:26,985 - INFO -     >>> Val Avg RMSE (Real): 143020.4622
2026-04-22 14:15:26,985 - INFO -     >>> Val MAE Details: ['6807.2627', '218772.8906', '759.0035', '3312.5667']
2026-04-22 14:15:26,986 - INFO - ⏳ No improvement. Patience: 1/50
2026-04-22 14:24:52,348 - INFO - [Epoch 116] Train Loss: 0.8854 | LR: 0.000038
2026-04-22 14:24:52,348 - INFO -     >>> Val Avg RMSE (Real): 140864.1817
2026-04-22 14:24:52,348 - INFO -     >>> Val MAE Details: ['6922.6270', '214608.3125', '791.0258', '3337.9775']
2026-04-22 14:24:52,349 - INFO - ⏳ No improvement. Patience: 2/50
2026-04-22 14:34:17,405 - INFO - [Epoch 117] Train Loss: 0.8878 | LR: 0.000037
2026-04-22 14:34:17,406 - INFO -     >>> Val Avg RMSE (Real): 137110.9747
2026-04-22 14:34:17,406 - INFO -     >>> Val MAE Details: ['6131.2158', '195718.2031', '689.5385', '3113.4258']
2026-04-22 14:34:17,406 - INFO - ⏳ No improvement. Patience: 3/50
2026-04-22 14:43:42,896 - INFO - [Epoch 118] Train Loss: 0.8868 | LR: 0.000036
2026-04-22 14:43:42,897 - INFO -     >>> Val Avg RMSE (Real): 140989.6250
2026-04-22 14:43:42,897 - INFO -     >>> Val MAE Details: ['6707.9624', '214458.4062', '809.2960', '3484.8401']
2026-04-22 14:43:42,897 - INFO - ⏳ No improvement. Patience: 4/50
2026-04-22 14:53:07,887 - INFO - [Epoch 119] Train Loss: 0.8877 | LR: 0.000035
2026-04-22 14:53:07,888 - INFO -     >>> Val Avg RMSE (Real): 146495.2311
2026-04-22 14:53:07,888 - INFO -     >>> Val MAE Details: ['6647.9722', '229103.6094', '694.1134', '3234.1206']
2026-04-22 14:53:07,888 - INFO - ⏳ No improvement. Patience: 5/50
2026-04-22 15:02:32,848 - INFO - [Epoch 120] Train Loss: 0.8840 | LR: 0.000035
2026-04-22 15:02:32,849 - INFO -     >>> Val Avg RMSE (Real): 137554.9843
2026-04-22 15:02:32,849 - INFO -     >>> Val MAE Details: ['6187.1587', '197155.0312', '694.8411', '3126.4573']
2026-04-22 15:02:32,849 - INFO - ⏳ No improvement. Patience: 6/50
2026-04-22 15:11:58,022 - INFO - [Epoch 121] Train Loss: 0.8841 | LR: 0.000034
2026-04-22 15:11:58,023 - INFO -     >>> Val Avg RMSE (Real): 142205.2709
2026-04-22 15:11:58,023 - INFO -     >>> Val MAE Details: ['6579.0728', '215740.5781', '718.2057', '3228.8574']
2026-04-22 15:11:58,023 - INFO - ⏳ No improvement. Patience: 7/50
2026-04-22 15:21:23,339 - INFO - [Epoch 122] Train Loss: 0.8838 | LR: 0.000033
2026-04-22 15:21:23,339 - INFO -     >>> Val Avg RMSE (Real): 140127.0902
2026-04-22 15:21:23,339 - INFO -     >>> Val MAE Details: ['6833.2368', '210601.2188', '766.8016', '3246.0754']
2026-04-22 15:21:23,340 - INFO - ⏳ No improvement. Patience: 8/50
2026-04-22 15:30:49,029 - INFO - [Epoch 123] Train Loss: 0.8857 | LR: 0.000032
2026-04-22 15:30:49,029 - INFO -     >>> Val Avg RMSE (Real): 149272.2450
2026-04-22 15:30:49,030 - INFO -     >>> Val MAE Details: ['7597.6836', '235226.1875', '797.5029', '3393.4470']
2026-04-22 15:30:49,030 - INFO - ⏳ No improvement. Patience: 9/50
2026-04-22 15:40:14,816 - INFO - [Epoch 124] Train Loss: 0.8822 | LR: 0.000032
2026-04-22 15:40:14,817 - INFO -     >>> Val Avg RMSE (Real): 146696.0486
2026-04-22 15:40:14,817 - INFO -     >>> Val MAE Details: ['7385.0913', '229704.4062', '817.1503', '3452.3008']
2026-04-22 15:40:14,817 - INFO - ⏳ No improvement. Patience: 10/50
2026-04-22 15:49:40,992 - INFO - [Epoch 125] Train Loss: 0.8811 | LR: 0.000031
2026-04-22 15:49:40,993 - INFO -     >>> Val Avg RMSE (Real): 138766.0214
2026-04-22 15:49:40,993 - INFO -     >>> Val MAE Details: ['6747.9204', '207300.6562', '754.3486', '3216.6919']
2026-04-22 15:49:40,993 - INFO - ⏳ No improvement. Patience: 11/50
2026-04-22 15:59:07,426 - INFO - [Epoch 126] Train Loss: 0.8794 | LR: 0.000030
2026-04-22 15:59:07,427 - INFO -     >>> Val Avg RMSE (Real): 142434.5702
2026-04-22 15:59:07,427 - INFO -     >>> Val MAE Details: ['7840.6606', '218326.5938', '1011.1791', '3708.4568']
2026-04-22 15:59:07,427 - INFO - ⏳ No improvement. Patience: 12/50
2026-04-22 16:08:33,408 - INFO - [Epoch 127] Train Loss: 0.8812 | LR: 0.000029
2026-04-22 16:08:33,408 - INFO -     >>> Val Avg RMSE (Real): 146358.4710
2026-04-22 16:08:33,408 - INFO -     >>> Val MAE Details: ['7265.9160', '228266.6562', '786.9762', '3353.5283']
2026-04-22 16:08:33,408 - INFO - ⏳ No improvement. Patience: 13/50
2026-04-22 16:17:59,479 - INFO - [Epoch 128] Train Loss: 0.8814 | LR: 0.000029
2026-04-22 16:17:59,480 - INFO -     >>> Val Avg RMSE (Real): 191635.6436
2026-04-22 16:17:59,480 - INFO -     >>> Val MAE Details: ['9914.7852', '327487.1875', '1118.0343', '4947.3398']
2026-04-22 16:17:59,480 - INFO - ⏳ No improvement. Patience: 14/50
2026-04-22 16:27:24,642 - INFO - [Epoch 129] Train Loss: 0.8795 | LR: 0.000028
2026-04-22 16:27:24,643 - INFO -     >>> Val Avg RMSE (Real): 146287.8311
2026-04-22 16:27:24,643 - INFO -     >>> Val MAE Details: ['7241.1187', '227680.2656', '803.4903', '3398.7148']
2026-04-22 16:27:24,643 - INFO - ⏳ No improvement. Patience: 15/50
2026-04-22 16:36:50,186 - INFO - [Epoch 130] Train Loss: 0.8805 | LR: 0.000027
2026-04-22 16:36:50,187 - INFO -     >>> Val Avg RMSE (Real): 148402.9386
2026-04-22 16:36:50,187 - INFO -     >>> Val MAE Details: ['7388.9790', '233184.0312', '818.9312', '3464.1587']
2026-04-22 16:36:50,187 - INFO - ⏳ No improvement. Patience: 16/50
2026-04-22 16:46:14,808 - INFO - [Epoch 131] Train Loss: 0.8792 | LR: 0.000027
2026-04-22 16:46:14,808 - INFO -     >>> Val Avg RMSE (Real): 140209.2772
2026-04-22 16:46:14,808 - INFO -     >>> Val MAE Details: ['7047.1958', '212318.8281', '808.4439', '3308.7659']
2026-04-22 16:46:14,809 - INFO - ⏳ No improvement. Patience: 17/50
2026-04-22 16:55:40,183 - INFO - [Epoch 132] Train Loss: 0.8810 | LR: 0.000026
2026-04-22 16:55:40,184 - INFO -     >>> Val Avg RMSE (Real): 139211.4975
2026-04-22 16:55:40,184 - INFO -     >>> Val MAE Details: ['6509.4438', '207669.0781', '728.9070', '3186.0630']
2026-04-22 16:55:40,184 - INFO - ⏳ No improvement. Patience: 18/50
2026-04-22 17:05:05,033 - INFO - [Epoch 133] Train Loss: 0.8803 | LR: 0.000025
2026-04-22 17:05:05,034 - INFO -     >>> Val Avg RMSE (Real): 137783.6096
2026-04-22 17:05:05,034 - INFO -     >>> Val MAE Details: ['6135.2676', '199803.5312', '681.0084', '3123.7366']
2026-04-22 17:05:05,034 - INFO - ⏳ No improvement. Patience: 19/50
2026-04-22 17:14:29,928 - INFO - [Epoch 134] Train Loss: 0.8781 | LR: 0.000025
2026-04-22 17:14:29,929 - INFO -     >>> Val Avg RMSE (Real): 145185.0968
2026-04-22 17:14:29,929 - INFO -     >>> Val MAE Details: ['6569.7476', '223219.2188', '684.8227', '3172.0115']
2026-04-22 17:14:29,929 - INFO - ⏳ No improvement. Patience: 20/50
2026-04-22 17:23:54,594 - INFO - [Epoch 135] Train Loss: 0.8770 | LR: 0.000024
2026-04-22 17:23:54,594 - INFO -     >>> Val Avg RMSE (Real): 200590.0187
2026-04-22 17:23:54,594 - INFO -     >>> Val MAE Details: ['8473.3359', '344391.3125', '800.9468', '4185.5415']
2026-04-22 17:23:54,595 - INFO - ⏳ No improvement. Patience: 21/50
2026-04-22 17:33:18,967 - INFO - [Epoch 136] Train Loss: 0.8798 | LR: 0.000023
2026-04-22 17:33:18,967 - INFO -     >>> Val Avg RMSE (Real): 140789.5851
2026-04-22 17:33:18,967 - INFO -     >>> Val MAE Details: ['7340.8726', '212608.3594', '861.7883', '3385.5706']
2026-04-22 17:33:18,968 - INFO - ⏳ No improvement. Patience: 22/50
2026-04-22 17:42:43,310 - INFO - [Epoch 137] Train Loss: 0.8780 | LR: 0.000023
2026-04-22 17:42:43,310 - INFO -     >>> Val Avg RMSE (Real): 139566.6491
2026-04-22 17:42:43,311 - INFO -     >>> Val MAE Details: ['6501.3242', '202113.7500', '736.9670', '3132.7742']
2026-04-22 17:42:43,311 - INFO - ⏳ No improvement. Patience: 23/50
2026-04-22 17:52:07,795 - INFO - [Epoch 138] Train Loss: 0.8779 | LR: 0.000022
2026-04-22 17:52:07,795 - INFO -     >>> Val Avg RMSE (Real): 146375.7514
2026-04-22 17:52:07,795 - INFO -     >>> Val MAE Details: ['7858.6133', '229193.2188', '974.9912', '3823.7485']
2026-04-22 17:52:07,795 - INFO - ⏳ No improvement. Patience: 24/50
2026-04-22 18:01:31,797 - INFO - [Epoch 139] Train Loss: 0.8793 | LR: 0.000021
2026-04-22 18:01:31,797 - INFO -     >>> Val Avg RMSE (Real): 138750.7897
2026-04-22 18:01:31,798 - INFO -     >>> Val MAE Details: ['6942.3379', '207902.4062', '826.1246', '3342.2202']
2026-04-22 18:01:31,798 - INFO - ⏳ No improvement. Patience: 25/50
2026-04-22 18:10:56,495 - INFO - [Epoch 140] Train Loss: 0.8777 | LR: 0.000021
2026-04-22 18:10:56,495 - INFO -     >>> Val Avg RMSE (Real): 139007.5654
2026-04-22 18:10:56,495 - INFO -     >>> Val MAE Details: ['6855.0620', '208301.0156', '786.2468', '3258.2278']
2026-04-22 18:10:56,496 - INFO - ⏳ No improvement. Patience: 26/50
2026-04-22 18:20:21,097 - INFO - [Epoch 141] Train Loss: 0.8764 | LR: 0.000020
2026-04-22 18:20:21,098 - INFO -     >>> Val Avg RMSE (Real): 155912.0064
2026-04-22 18:20:21,098 - INFO -     >>> Val MAE Details: ['7972.7305', '248656.1250', '817.9746', '3475.9290']
2026-04-22 18:20:21,098 - INFO - ⏳ No improvement. Patience: 27/50
2026-04-22 18:29:45,055 - INFO - [Epoch 142] Train Loss: 0.8770 | LR: 0.000019
2026-04-22 18:29:45,056 - INFO -     >>> Val Avg RMSE (Real): 140949.4770
2026-04-22 18:29:45,056 - INFO -     >>> Val MAE Details: ['7263.7988', '212985.6562', '827.7074', '3312.6221']
2026-04-22 18:29:45,056 - INFO - ⏳ No improvement. Patience: 28/50
2026-04-22 18:39:09,260 - INFO - [Epoch 143] Train Loss: 0.8758 | LR: 0.000019
2026-04-22 18:39:09,260 - INFO -     >>> Val Avg RMSE (Real): 170448.5399
2026-04-22 18:39:09,260 - INFO -     >>> Val MAE Details: ['8005.5898', '281684.7188', '766.8410', '3543.7222']
2026-04-22 18:39:09,261 - INFO - ⏳ No improvement. Patience: 29/50
2026-04-22 18:48:33,530 - INFO - [Epoch 144] Train Loss: 0.8749 | LR: 0.000018
2026-04-22 18:48:33,531 - INFO -     >>> Val Avg RMSE (Real): 139934.5621
2026-04-22 18:48:33,531 - INFO -     >>> Val MAE Details: ['7271.3369', '212052.7812', '874.4371', '3435.7419']
2026-04-22 18:48:33,531 - INFO - ⏳ No improvement. Patience: 30/50
2026-04-22 18:57:57,761 - INFO - [Epoch 145] Train Loss: 0.8759 | LR: 0.000018
2026-04-22 18:57:57,761 - INFO -     >>> Val Avg RMSE (Real): 139516.0880
2026-04-22 18:57:57,761 - INFO -     >>> Val MAE Details: ['6787.2251', '206746.9688', '758.9739', '3183.2849']
2026-04-22 18:57:57,761 - INFO - ⏳ No improvement. Patience: 31/50
2026-04-22 19:07:21,870 - INFO - [Epoch 146] Train Loss: 0.8776 | LR: 0.000017
2026-04-22 19:07:21,871 - INFO -     >>> Val Avg RMSE (Real): 144891.6395
2026-04-22 19:07:21,871 - INFO -     >>> Val MAE Details: ['7431.4053', '222476.5312', '806.7970', '3296.9775']
2026-04-22 19:07:21,871 - INFO - ⏳ No improvement. Patience: 32/50
2026-04-22 19:16:45,907 - INFO - [Epoch 147] Train Loss: 0.8786 | LR: 0.000016
2026-04-22 19:16:45,908 - INFO -     >>> Val Avg RMSE (Real): 146949.9511
2026-04-22 19:16:45,908 - INFO -     >>> Val MAE Details: ['7062.9370', '227153.3125', '739.3586', '3247.7283']
2026-04-22 19:16:45,908 - INFO - ⏳ No improvement. Patience: 33/50
2026-04-22 19:26:09,781 - INFO - [Epoch 148] Train Loss: 0.8791 | LR: 0.000016
2026-04-22 19:26:09,782 - INFO -     >>> Val Avg RMSE (Real): 172509.9907
2026-04-22 19:26:09,782 - INFO -     >>> Val MAE Details: ['7905.6274', '285926.2500', '748.2986', '3549.3782']
2026-04-22 19:26:09,782 - INFO - ⏳ No improvement. Patience: 34/50
2026-04-22 19:35:34,389 - INFO - [Epoch 149] Train Loss: 0.8807 | LR: 0.000015
2026-04-22 19:35:34,390 - INFO -     >>> Val Avg RMSE (Real): 235242.7499
2026-04-22 19:35:34,390 - INFO -     >>> Val MAE Details: ['9705.1484', '415646.6562', '749.7943', '4184.9839']
2026-04-22 19:35:34,390 - INFO - ⏳ No improvement. Patience: 35/50
2026-04-22 19:44:59,403 - INFO - [Epoch 150] Train Loss: 0.8762 | LR: 0.000015
2026-04-22 19:44:59,404 - INFO -     >>> Val Avg RMSE (Real): 142951.6040
2026-04-22 19:44:59,404 - INFO -     >>> Val MAE Details: ['6799.1074', '216239.9531', '724.0145', '3187.2974']
2026-04-22 19:44:59,404 - INFO - ⏳ No improvement. Patience: 36/50
2026-04-22 19:54:24,607 - INFO - [Epoch 151] Train Loss: 0.8757 | LR: 0.000014
2026-04-22 19:54:24,607 - INFO -     >>> Val Avg RMSE (Real): 145753.8212
2026-04-22 19:54:24,607 - INFO -     >>> Val MAE Details: ['7245.1704', '224386.7969', '797.3798', '3352.1665']
2026-04-22 19:54:24,607 - INFO - ⏳ No improvement. Patience: 37/50
2026-04-22 20:03:50,120 - INFO - [Epoch 152] Train Loss: 0.8740 | LR: 0.000014
2026-04-22 20:03:50,121 - INFO -     >>> Val Avg RMSE (Real): 142190.0331
2026-04-22 20:03:50,121 - INFO -     >>> Val MAE Details: ['6962.7705', '215407.3750', '766.4194', '3231.2598']
2026-04-22 20:03:50,121 - INFO - ⏳ No improvement. Patience: 38/50
2026-04-22 20:13:15,926 - INFO - [Epoch 153] Train Loss: 0.8738 | LR: 0.000013
2026-04-22 20:13:15,927 - INFO -     >>> Val Avg RMSE (Real): 140880.9222
2026-04-22 20:13:15,927 - INFO -     >>> Val MAE Details: ['7266.3931', '214122.7500', '911.1588', '3576.2061']
2026-04-22 20:13:15,927 - INFO - ⏳ No improvement. Patience: 39/50
2026-04-22 20:22:41,909 - INFO - [Epoch 154] Train Loss: 0.8741 | LR: 0.000012
2026-04-22 20:22:41,910 - INFO -     >>> Val Avg RMSE (Real): 169524.1068
2026-04-22 20:22:41,910 - INFO -     >>> Val MAE Details: ['8653.7168', '280318.7812', '946.0966', '4099.5791']
2026-04-22 20:22:41,910 - INFO - ⏳ No improvement. Patience: 40/50
2026-04-22 20:32:07,545 - INFO - [Epoch 155] Train Loss: 0.8724 | LR: 0.000012
2026-04-22 20:32:07,546 - INFO -     >>> Val Avg RMSE (Real): 149254.2915
2026-04-22 20:32:07,546 - INFO -     >>> Val MAE Details: ['7115.8359', '232987.6250', '741.1921', '3291.2688']
2026-04-22 20:32:07,546 - INFO - ⏳ No improvement. Patience: 41/50
2026-04-22 20:41:33,395 - INFO - [Epoch 156] Train Loss: 0.8719 | LR: 0.000011
2026-04-22 20:41:33,396 - INFO -     >>> Val Avg RMSE (Real): 187819.9485
2026-04-22 20:41:33,396 - INFO -     >>> Val MAE Details: ['9194.2539', '318309.4688', '946.2771', '4390.5308']
2026-04-22 20:41:33,396 - INFO - ⏳ No improvement. Patience: 42/50
2026-04-22 20:50:59,359 - INFO - [Epoch 157] Train Loss: 0.8715 | LR: 0.000011
2026-04-22 20:50:59,359 - INFO -     >>> Val Avg RMSE (Real): 139787.3549
2026-04-22 20:50:59,359 - INFO -     >>> Val MAE Details: ['6872.9873', '209757.9375', '792.0513', '3270.5059']
2026-04-22 20:50:59,359 - INFO - ⏳ No improvement. Patience: 43/50
2026-04-22 21:00:25,236 - INFO - [Epoch 158] Train Loss: 0.8724 | LR: 0.000010
2026-04-22 21:00:25,237 - INFO -     >>> Val Avg RMSE (Real): 156927.7716
2026-04-22 21:00:25,237 - INFO -     >>> Val MAE Details: ['8213.3721', '251520.0938', '936.0203', '3815.8201']
2026-04-22 21:00:25,237 - INFO - ⏳ No improvement. Patience: 44/50
2026-04-22 21:09:51,510 - INFO - [Epoch 159] Train Loss: 0.8728 | LR: 0.000010
2026-04-22 21:09:51,511 - INFO -     >>> Val Avg RMSE (Real): 142416.4449
2026-04-22 21:09:51,511 - INFO -     >>> Val MAE Details: ['7019.8413', '216743.7812', '784.1012', '3286.1021']
2026-04-22 21:09:51,511 - INFO - ⏳ No improvement. Patience: 45/50
2026-04-22 21:19:16,096 - INFO - [Epoch 160] Train Loss: 0.8719 | LR: 0.000010
2026-04-22 21:19:16,096 - INFO -     >>> Val Avg RMSE (Real): 196698.6145
2026-04-22 21:19:16,096 - INFO -     >>> Val MAE Details: ['9425.8965', '335133.8438', '879.3398', '4180.9131']
2026-04-22 21:19:16,096 - INFO - ⏳ No improvement. Patience: 46/50
2026-04-22 21:28:42,109 - INFO - [Epoch 161] Train Loss: 0.8713 | LR: 0.000009
2026-04-22 21:28:42,110 - INFO -     >>> Val Avg RMSE (Real): 205322.6232
2026-04-22 21:28:42,110 - INFO -     >>> Val MAE Details: ['9599.2305', '353287.2812', '868.8704', '4257.4531']
2026-04-22 21:28:42,110 - INFO - ⏳ No improvement. Patience: 47/50
2026-04-22 21:38:07,388 - INFO - [Epoch 162] Train Loss: 0.8703 | LR: 0.000009
2026-04-22 21:38:07,389 - INFO -     >>> Val Avg RMSE (Real): 170779.6379
2026-04-22 21:38:07,389 - INFO -     >>> Val MAE Details: ['8820.1338', '282267.6250', '940.8927', '4052.8674']
2026-04-22 21:38:07,389 - INFO - ⏳ No improvement. Patience: 48/50
2026-04-22 21:47:32,942 - INFO - [Epoch 163] Train Loss: 0.8701 | LR: 0.000008
2026-04-22 21:47:32,942 - INFO -     >>> Val Avg RMSE (Real): 187807.4520
2026-04-22 21:47:32,943 - INFO -     >>> Val MAE Details: ['9988.9639', '318024.7500', '1060.9652', '4563.5659']
2026-04-22 21:47:32,943 - INFO - ⏳ No improvement. Patience: 49/50
2026-04-22 21:56:58,617 - INFO - [Epoch 164] Train Loss: 0.8691 | LR: 0.000008
2026-04-22 21:56:58,617 - INFO -     >>> Val Avg RMSE (Real): 194828.6146
2026-04-22 21:56:58,618 - INFO -     >>> Val MAE Details: ['9077.3662', '331967.6250', '826.2571', '3973.5298']
2026-04-22 21:56:58,618 - INFO - ⏳ No improvement. Patience: 50/50
2026-04-22 21:56:58,618 - INFO - 🛑 Early Stopping triggered! Best RMSE: 136713.3180
