2026-04-08 09:37:01,286 - INFO - 💾 Config files backed up to ./logs/ED5_repr_atomistic_graph_ViSNet_MultiTask7_20260408_093701
2026-04-08 09:37:01,286 - INFO - 🎯 Multi-Task Targets (7): ['homo_2', 'homo_1', 'homo_0', 'lumo_0', 'lumo_1', 'lumo_2', 'lumo_3']
2026-04-08 09:37:01,286 - INFO - ========================================
2026-04-08 09:37:01,286 - INFO -         Training Configuration        
2026-04-08 09:37:01,286 - INFO - ========================================
2026-04-08 09:37:01,287 - INFO - 
{'data': {'dataset_mode': 'repr_atomistic_graph',
          'max_neighbors': 32,
          'max_radius': 5.0,
          'pkl_path': '/home/zw/ED_all/data/ED5_OE/ed_homo_lumo_5w_1024_fusion.pkl',
          'targets': ['homo_2',
                      'homo_1',
                      'homo_0',
                      'lumo_0',
                      'lumo_1',
                      'lumo_2',
                      'lumo_3']},
 'model': {'activation': 'silu',
           'attn_activation': 'silu',
           'cutoff': 10.0,
           'hidden_channels': 512,
           'lmax': 2,
           'max_num_neighbors': 64,
           'name': 'ViSNet',
           'num_heads': 8,
           'num_layers': 6,
           'num_rbf': 64,
           'rbf_type': 'expnorm',
           'vertex_type': 'Edge'},
 'train': {'batch_size': 24,
           'epochs': 300,
           'grad_norm_clip': 1.0,
           'lr': 0.0001,
           'patience': 50,
           'seed': 2025,
           'weight_decay': 0.0001}}
2026-04-08 09:37:01,287 - INFO - ========================================

2026-04-08 09:37:01,287 - INFO - 🚀 Start Training on Device: cuda
2026-04-08 09:37:01,287 - INFO - Loading Data...
2026-04-08 09:37:01,287 - INFO - Loading Dataset Mode: repr_atomistic_graph...
2026-04-08 09:37:04,610 - INFO - Stats - Mean: [[-7445.8413  -6840.216   -6120.3984   -467.5637    424.04166  1219.15
   1809.3903 ]], Std: [[ 740.80115  706.1094   754.61444 1186.4424  1122.4873  1107.2244
  1080.7959 ]]
2026-04-08 09:37:04,610 - INFO - Building Model: ViSNet...
2026-04-08 09:37:05,083 - INFO - Total Parameters: 30.4312 M

2026-04-08 09:44:06,881 - INFO - [Epoch 1] Train Loss: 0.3695 | LR: 0.000100
2026-04-08 09:44:06,881 - INFO -     >>> Val Avg RMSE (Real): 532.0466
2026-04-08 09:44:06,881 - INFO -     >>> Val MAE Details: ['436.2101', '294.6383', '427.1445', '453.4239', '447.4736', '393.1537', '381.8372']
2026-04-08 09:44:07,224 - INFO - 💾 Saved Best Model to ./logs/ED5_repr_atomistic_graph_ViSNet_MultiTask7_20260408_093701/best_model.pth
2026-04-08 09:51:07,372 - INFO - [Epoch 2] Train Loss: 0.2439 | LR: 0.000100
2026-04-08 09:51:07,372 - INFO -     >>> Val Avg RMSE (Real): 430.8062
2026-04-08 09:51:07,372 - INFO -     >>> Val MAE Details: ['296.7153', '264.5258', '281.1061', '378.4416', '367.8199', '357.5191', '347.9315']
2026-04-08 09:51:07,899 - INFO - 💾 Saved Best Model to ./logs/ED5_repr_atomistic_graph_ViSNet_MultiTask7_20260408_093701/best_model.pth
2026-04-08 09:58:07,706 - INFO - [Epoch 3] Train Loss: 0.1958 | LR: 0.000100
2026-04-08 09:58:07,706 - INFO -     >>> Val Avg RMSE (Real): 399.0906
2026-04-08 09:58:07,706 - INFO -     >>> Val MAE Details: ['256.6960', '235.2188', '248.1177', '315.6146', '323.8515', '371.0477', '316.5172']
2026-04-08 09:58:08,231 - INFO - 💾 Saved Best Model to ./logs/ED5_repr_atomistic_graph_ViSNet_MultiTask7_20260408_093701/best_model.pth
2026-04-08 10:05:02,713 - INFO - [Epoch 4] Train Loss: 0.1624 | LR: 0.000100
2026-04-08 10:05:02,713 - INFO -     >>> Val Avg RMSE (Real): 359.1120
2026-04-08 10:05:02,713 - INFO -     >>> Val MAE Details: ['232.6004', '226.4520', '246.3160', '283.7613', '283.5820', '314.8801', '293.8325']
2026-04-08 10:05:03,200 - INFO - 💾 Saved Best Model to ./logs/ED5_repr_atomistic_graph_ViSNet_MultiTask7_20260408_093701/best_model.pth
2026-04-08 10:11:57,332 - INFO - [Epoch 5] Train Loss: 0.1389 | LR: 0.000100
2026-04-08 10:11:57,332 - INFO -     >>> Val Avg RMSE (Real): 356.3768
2026-04-08 10:11:57,332 - INFO -     >>> Val MAE Details: ['243.3768', '226.5535', '263.2635', '292.3893', '305.9097', '279.7472', '280.5595']
2026-04-08 10:11:57,845 - INFO - 💾 Saved Best Model to ./logs/ED5_repr_atomistic_graph_ViSNet_MultiTask7_20260408_093701/best_model.pth
2026-04-08 10:18:50,626 - INFO - [Epoch 6] Train Loss: 0.1220 | LR: 0.000100
2026-04-08 10:18:50,626 - INFO -     >>> Val Avg RMSE (Real): 332.7101
2026-04-08 10:18:50,626 - INFO -     >>> Val MAE Details: ['209.3936', '202.3298', '253.9292', '275.6493', '260.7860', '273.3884', '283.4018']
2026-04-08 10:18:51,139 - INFO - 💾 Saved Best Model to ./logs/ED5_repr_atomistic_graph_ViSNet_MultiTask7_20260408_093701/best_model.pth
2026-04-08 10:25:44,656 - INFO - [Epoch 7] Train Loss: 0.1106 | LR: 0.000100
2026-04-08 10:25:44,656 - INFO -     >>> Val Avg RMSE (Real): 321.2855
2026-04-08 10:25:44,656 - INFO -     >>> Val MAE Details: ['217.5079', '197.3304', '210.5061', '236.1763', '235.4831', '255.0112', '289.4592']
2026-04-08 10:25:45,175 - INFO - 💾 Saved Best Model to ./logs/ED5_repr_atomistic_graph_ViSNet_MultiTask7_20260408_093701/best_model.pth
2026-04-08 10:32:38,874 - INFO - [Epoch 8] Train Loss: 0.1013 | LR: 0.000100
2026-04-08 10:32:38,875 - INFO -     >>> Val Avg RMSE (Real): 311.2317
2026-04-08 10:32:38,875 - INFO -     >>> Val MAE Details: ['209.5388', '197.3534', '189.5886', '235.5177', '255.6389', '246.0138', '278.1354']
2026-04-08 10:32:39,395 - INFO - 💾 Saved Best Model to ./logs/ED5_repr_atomistic_graph_ViSNet_MultiTask7_20260408_093701/best_model.pth
2026-04-08 10:39:34,676 - INFO - [Epoch 9] Train Loss: 0.0942 | LR: 0.000100
2026-04-08 10:39:34,676 - INFO -     >>> Val Avg RMSE (Real): 290.0655
2026-04-08 10:39:34,676 - INFO -     >>> Val MAE Details: ['204.1371', '191.1653', '181.2507', '207.5081', '227.2508', '233.1435', '228.9623']
2026-04-08 10:39:35,205 - INFO - 💾 Saved Best Model to ./logs/ED5_repr_atomistic_graph_ViSNet_MultiTask7_20260408_093701/best_model.pth
2026-04-08 10:46:28,317 - INFO - [Epoch 10] Train Loss: 0.0868 | LR: 0.000100
2026-04-08 10:46:28,318 - INFO -     >>> Val Avg RMSE (Real): 287.0197
2026-04-08 10:46:28,318 - INFO -     >>> Val MAE Details: ['197.5745', '191.5656', '178.6333', '211.3860', '221.1696', '234.3594', '235.2555']
2026-04-08 10:46:28,834 - INFO - 💾 Saved Best Model to ./logs/ED5_repr_atomistic_graph_ViSNet_MultiTask7_20260408_093701/best_model.pth
2026-04-08 10:53:22,961 - INFO - [Epoch 11] Train Loss: 0.0819 | LR: 0.000100
2026-04-08 10:53:22,961 - INFO -     >>> Val Avg RMSE (Real): 293.7237
2026-04-08 10:53:22,961 - INFO -     >>> Val MAE Details: ['186.5523', '188.9790', '201.2646', '237.8915', '225.2168', '223.2592', '249.8497']
2026-04-08 10:53:22,961 - INFO - ⏳ No improvement. Patience: 1/50
2026-04-08 11:00:16,926 - INFO - [Epoch 12] Train Loss: 0.0767 | LR: 0.000100
2026-04-08 11:00:16,927 - INFO -     >>> Val Avg RMSE (Real): 284.7769
2026-04-08 11:00:16,927 - INFO -     >>> Val MAE Details: ['194.4659', '186.3897', '185.1793', '224.2112', '217.6304', '225.5158', '226.8616']
2026-04-08 11:00:17,447 - INFO - 💾 Saved Best Model to ./logs/ED5_repr_atomistic_graph_ViSNet_MultiTask7_20260408_093701/best_model.pth
2026-04-08 11:07:10,289 - INFO - [Epoch 13] Train Loss: 0.0718 | LR: 0.000100
2026-04-08 11:07:10,289 - INFO -     >>> Val Avg RMSE (Real): 276.5670
2026-04-08 11:07:10,289 - INFO -     >>> Val MAE Details: ['182.8647', '176.7510', '164.3733', '197.4597', '244.6699', '225.7863', '221.4458']
2026-04-08 11:07:10,751 - INFO - 💾 Saved Best Model to ./logs/ED5_repr_atomistic_graph_ViSNet_MultiTask7_20260408_093701/best_model.pth
2026-04-08 11:14:03,634 - INFO - [Epoch 14] Train Loss: 0.0672 | LR: 0.000099
2026-04-08 11:14:03,635 - INFO -     >>> Val Avg RMSE (Real): 273.8837
2026-04-08 11:14:03,635 - INFO -     >>> Val MAE Details: ['184.8606', '177.7112', '170.6125', '192.5828', '206.8983', '240.6192', '226.5734']
2026-04-08 11:14:04,154 - INFO - 💾 Saved Best Model to ./logs/ED5_repr_atomistic_graph_ViSNet_MultiTask7_20260408_093701/best_model.pth
2026-04-08 11:20:56,874 - INFO - [Epoch 15] Train Loss: 0.0641 | LR: 0.000099
2026-04-08 11:20:56,874 - INFO -     >>> Val Avg RMSE (Real): 276.2026
2026-04-08 11:20:56,874 - INFO -     >>> Val MAE Details: ['210.7462', '180.7538', '164.3094', '200.1995', '223.9828', '215.1674', '219.3025']
2026-04-08 11:20:56,875 - INFO - ⏳ No improvement. Patience: 1/50
2026-04-08 11:27:49,877 - INFO - [Epoch 16] Train Loss: 0.0607 | LR: 0.000099
2026-04-08 11:27:49,878 - INFO -     >>> Val Avg RMSE (Real): 267.3916
2026-04-08 11:27:49,878 - INFO -     >>> Val MAE Details: ['179.1568', '179.7191', '160.9944', '180.5787', '214.0929', '214.3313', '234.5993']
2026-04-08 11:27:50,410 - INFO - 💾 Saved Best Model to ./logs/ED5_repr_atomistic_graph_ViSNet_MultiTask7_20260408_093701/best_model.pth
2026-04-08 11:34:44,579 - INFO - [Epoch 17] Train Loss: 0.0572 | LR: 0.000099
2026-04-08 11:34:44,579 - INFO -     >>> Val Avg RMSE (Real): 258.8946
2026-04-08 11:34:44,579 - INFO -     >>> Val MAE Details: ['176.4061', '167.6683', '158.6599', '179.8812', '200.1504', '206.8153', '212.6780']
2026-04-08 11:34:45,112 - INFO - 💾 Saved Best Model to ./logs/ED5_repr_atomistic_graph_ViSNet_MultiTask7_20260408_093701/best_model.pth
2026-04-08 11:41:39,348 - INFO - [Epoch 18] Train Loss: 0.0540 | LR: 0.000099
2026-04-08 11:41:39,348 - INFO -     >>> Val Avg RMSE (Real): 264.9335
2026-04-08 11:41:39,348 - INFO -     >>> Val MAE Details: ['187.6876', '177.1175', '163.9888', '172.0612', '186.7271', '207.8661', '238.4118']
2026-04-08 11:41:39,348 - INFO - ⏳ No improvement. Patience: 1/50
2026-04-08 11:48:33,246 - INFO - [Epoch 19] Train Loss: 0.0515 | LR: 0.000099
2026-04-08 11:48:33,247 - INFO -     >>> Val Avg RMSE (Real): 259.5557
2026-04-08 11:48:33,247 - INFO -     >>> Val MAE Details: ['174.3945', '172.8921', '170.5501', '173.9721', '192.7587', '219.6604', '202.6003']
2026-04-08 11:48:33,247 - INFO - ⏳ No improvement. Patience: 2/50
2026-04-08 11:55:27,443 - INFO - [Epoch 20] Train Loss: 0.0491 | LR: 0.000099
2026-04-08 11:55:27,443 - INFO -     >>> Val Avg RMSE (Real): 253.9676
2026-04-08 11:55:27,443 - INFO -     >>> Val MAE Details: ['173.2661', '164.2406', '161.8527', '168.0697', '190.8979', '208.9000', '204.9297']
2026-04-08 11:55:27,973 - INFO - 💾 Saved Best Model to ./logs/ED5_repr_atomistic_graph_ViSNet_MultiTask7_20260408_093701/best_model.pth
2026-04-08 12:02:19,736 - INFO - [Epoch 21] Train Loss: 0.0479 | LR: 0.000099
2026-04-08 12:02:19,736 - INFO -     >>> Val Avg RMSE (Real): 262.6859
2026-04-08 12:02:19,736 - INFO -     >>> Val MAE Details: ['177.2079', '180.0119', '157.0081', '175.5710', '201.7018', '206.2846', '227.1524']
2026-04-08 12:02:19,736 - INFO - ⏳ No improvement. Patience: 1/50
2026-04-08 12:09:09,888 - INFO - [Epoch 22] Train Loss: 0.0458 | LR: 0.000099
2026-04-08 12:09:09,888 - INFO -     >>> Val Avg RMSE (Real): 255.8712
2026-04-08 12:09:09,888 - INFO -     >>> Val MAE Details: ['172.6794', '162.6808', '154.7229', '173.2754', '204.3298', '216.5195', '206.6611']
2026-04-08 12:09:09,889 - INFO - ⏳ No improvement. Patience: 2/50
2026-04-08 12:15:59,702 - INFO - [Epoch 23] Train Loss: 0.0434 | LR: 0.000099
2026-04-08 12:15:59,702 - INFO -     >>> Val Avg RMSE (Real): 251.5060
2026-04-08 12:15:59,703 - INFO -     >>> Val MAE Details: ['167.2884', '162.0483', '158.9141', '179.4130', '183.4945', '200.7513', '209.2132']
2026-04-08 12:16:00,218 - INFO - 💾 Saved Best Model to ./logs/ED5_repr_atomistic_graph_ViSNet_MultiTask7_20260408_093701/best_model.pth
2026-04-08 12:22:52,694 - INFO - [Epoch 24] Train Loss: 0.0424 | LR: 0.000098
2026-04-08 12:22:52,694 - INFO -     >>> Val Avg RMSE (Real): 259.6216
2026-04-08 12:22:52,694 - INFO -     >>> Val MAE Details: ['175.9245', '165.0037', '158.4313', '178.5902', '196.1819', '216.0257', '212.1322']
2026-04-08 12:22:52,694 - INFO - ⏳ No improvement. Patience: 1/50
2026-04-08 12:29:46,721 - INFO - [Epoch 25] Train Loss: 0.0404 | LR: 0.000098
2026-04-08 12:29:46,721 - INFO -     >>> Val Avg RMSE (Real): 249.5341
2026-04-08 12:29:46,721 - INFO -     >>> Val MAE Details: ['166.6298', '164.8285', '151.9715', '174.4616', '182.5743', '198.2966', '201.4016']
2026-04-08 12:29:47,234 - INFO - 💾 Saved Best Model to ./logs/ED5_repr_atomistic_graph_ViSNet_MultiTask7_20260408_093701/best_model.pth
2026-04-08 12:36:40,970 - INFO - [Epoch 26] Train Loss: 0.0401 | LR: 0.000098
2026-04-08 12:36:40,970 - INFO -     >>> Val Avg RMSE (Real): 255.3434
2026-04-08 12:36:40,970 - INFO -     >>> Val MAE Details: ['168.4537', '163.5003', '155.7560', '180.7158', '188.3686', '198.9726', '222.9829']
2026-04-08 12:36:40,970 - INFO - ⏳ No improvement. Patience: 1/50
2026-04-08 12:43:33,522 - INFO - [Epoch 27] Train Loss: 0.0377 | LR: 0.000098
2026-04-08 12:43:33,523 - INFO -     >>> Val Avg RMSE (Real): 249.0905
2026-04-08 12:43:33,523 - INFO -     >>> Val MAE Details: ['180.1010', '156.8040', '151.6457', '164.3028', '197.1631', '198.8790', '197.5624']
2026-04-08 12:43:34,005 - INFO - 💾 Saved Best Model to ./logs/ED5_repr_atomistic_graph_ViSNet_MultiTask7_20260408_093701/best_model.pth
2026-04-08 12:50:26,562 - INFO - [Epoch 28] Train Loss: 0.0365 | LR: 0.000098
2026-04-08 12:50:26,563 - INFO -     >>> Val Avg RMSE (Real): 252.9067
2026-04-08 12:50:26,563 - INFO -     >>> Val MAE Details: ['173.5776', '162.0694', '149.2555', '183.3226', '183.9843', '195.3564', '217.6766']
2026-04-08 12:50:26,563 - INFO - ⏳ No improvement. Patience: 1/50
2026-04-08 12:57:20,682 - INFO - [Epoch 29] Train Loss: 0.0350 | LR: 0.000098
2026-04-08 12:57:20,682 - INFO -     >>> Val Avg RMSE (Real): 243.0748
2026-04-08 12:57:20,682 - INFO -     >>> Val MAE Details: ['167.3222', '158.3452', '151.9786', '158.8910', '186.0104', '194.1314', '192.3184']
2026-04-08 12:57:21,214 - INFO - 💾 Saved Best Model to ./logs/ED5_repr_atomistic_graph_ViSNet_MultiTask7_20260408_093701/best_model.pth
2026-04-08 13:04:11,613 - INFO - [Epoch 30] Train Loss: 0.0343 | LR: 0.000098
2026-04-08 13:04:11,613 - INFO -     >>> Val Avg RMSE (Real): 250.1615
2026-04-08 13:04:11,613 - INFO -     >>> Val MAE Details: ['169.1075', '157.1329', '146.3042', '163.5173', '182.7433', '205.4844', '215.2910']
2026-04-08 13:04:11,613 - INFO - ⏳ No improvement. Patience: 1/50
2026-04-08 13:11:04,078 - INFO - [Epoch 31] Train Loss: 0.0330 | LR: 0.000097
2026-04-08 13:11:04,079 - INFO -     >>> Val Avg RMSE (Real): 245.9074
2026-04-08 13:11:04,079 - INFO -     >>> Val MAE Details: ['165.3093', '156.7242', '150.7834', '181.1981', '179.0681', '187.4685', '190.7805']
2026-04-08 13:11:04,079 - INFO - ⏳ No improvement. Patience: 2/50
2026-04-08 13:17:56,093 - INFO - [Epoch 32] Train Loss: 0.0316 | LR: 0.000097
2026-04-08 13:17:56,093 - INFO -     >>> Val Avg RMSE (Real): 241.4466
2026-04-08 13:17:56,093 - INFO -     >>> Val MAE Details: ['163.7839', '161.8560', '144.8089', '162.8356', '181.6765', '184.7793', '188.0879']
2026-04-08 13:17:56,617 - INFO - 💾 Saved Best Model to ./logs/ED5_repr_atomistic_graph_ViSNet_MultiTask7_20260408_093701/best_model.pth
2026-04-08 13:24:48,557 - INFO - [Epoch 33] Train Loss: 0.0311 | LR: 0.000097
2026-04-08 13:24:48,558 - INFO -     >>> Val Avg RMSE (Real): 244.1628
2026-04-08 13:24:48,558 - INFO -     >>> Val MAE Details: ['167.5218', '153.8232', '145.4490', '163.9390', '183.0619', '199.0349', '189.6554']
2026-04-08 13:24:48,558 - INFO - ⏳ No improvement. Patience: 1/50
2026-04-08 13:31:40,903 - INFO - [Epoch 34] Train Loss: 0.0303 | LR: 0.000097
2026-04-08 13:31:40,903 - INFO -     >>> Val Avg RMSE (Real): 241.4019
2026-04-08 13:31:40,903 - INFO -     >>> Val MAE Details: ['171.1875', '155.6741', '143.4187', '155.6633', '177.9469', '189.4451', '188.4483']
2026-04-08 13:31:41,432 - INFO - 💾 Saved Best Model to ./logs/ED5_repr_atomistic_graph_ViSNet_MultiTask7_20260408_093701/best_model.pth
2026-04-08 13:38:33,503 - INFO - [Epoch 35] Train Loss: 0.0299 | LR: 0.000097
2026-04-08 13:38:33,503 - INFO -     >>> Val Avg RMSE (Real): 247.5681
2026-04-08 13:38:33,503 - INFO -     >>> Val MAE Details: ['167.1065', '164.0982', '157.1298', '177.7673', '179.6187', '184.7809', '190.1452']
2026-04-08 13:38:33,503 - INFO - ⏳ No improvement. Patience: 1/50
2026-04-08 13:45:25,690 - INFO - [Epoch 36] Train Loss: 0.0294 | LR: 0.000096
2026-04-08 13:45:25,690 - INFO -     >>> Val Avg RMSE (Real): 249.8313
2026-04-08 13:45:25,691 - INFO -     >>> Val MAE Details: ['173.2237', '154.6765', '181.1744', '175.3198', '181.0826', '190.5016', '195.6571']
2026-04-08 13:45:25,691 - INFO - ⏳ No improvement. Patience: 2/50
2026-04-08 13:52:15,966 - INFO - [Epoch 37] Train Loss: 0.0283 | LR: 0.000096
2026-04-08 13:52:15,967 - INFO -     >>> Val Avg RMSE (Real): 247.4117
2026-04-08 13:52:15,967 - INFO -     >>> Val MAE Details: ['169.7448', '153.6526', '146.3339', '164.1792', '190.2685', '200.6815', '189.9555']
2026-04-08 13:52:15,967 - INFO - ⏳ No improvement. Patience: 3/50
2026-04-08 13:59:07,160 - INFO - [Epoch 38] Train Loss: 0.0272 | LR: 0.000096
2026-04-08 13:59:07,161 - INFO -     >>> Val Avg RMSE (Real): 241.9553
2026-04-08 13:59:07,161 - INFO -     >>> Val MAE Details: ['164.5124', '153.6729', '154.5525', '154.4126', '173.2748', '194.4249', '194.9151']
2026-04-08 13:59:07,161 - INFO - ⏳ No improvement. Patience: 4/50
2026-04-08 14:05:57,424 - INFO - [Epoch 39] Train Loss: 0.0276 | LR: 0.000096
2026-04-08 14:05:57,424 - INFO -     >>> Val Avg RMSE (Real): 242.6971
2026-04-08 14:05:57,424 - INFO -     >>> Val MAE Details: ['164.9654', '156.3973', '154.3936', '157.7418', '198.4142', '184.7545', '186.2931']
2026-04-08 14:05:57,424 - INFO - ⏳ No improvement. Patience: 5/50
2026-04-08 14:12:49,380 - INFO - [Epoch 40] Train Loss: 0.0259 | LR: 0.000096
2026-04-08 14:12:49,380 - INFO -     >>> Val Avg RMSE (Real): 251.3680
2026-04-08 14:12:49,380 - INFO -     >>> Val MAE Details: ['162.8526', '169.1864', '143.7113', '212.8153', '174.4290', '194.9949', '191.0992']
2026-04-08 14:12:49,380 - INFO - ⏳ No improvement. Patience: 6/50
2026-04-08 14:19:41,622 - INFO - [Epoch 41] Train Loss: 0.0254 | LR: 0.000095
2026-04-08 14:19:41,623 - INFO -     >>> Val Avg RMSE (Real): 242.3048
2026-04-08 14:19:41,623 - INFO -     >>> Val MAE Details: ['162.5812', '153.7644', '154.2093', '156.8900', '180.8092', '186.2044', '191.7866']
2026-04-08 14:19:41,623 - INFO - ⏳ No improvement. Patience: 7/50
2026-04-08 14:26:33,634 - INFO - [Epoch 42] Train Loss: 0.0248 | LR: 0.000095
2026-04-08 14:26:33,634 - INFO -     >>> Val Avg RMSE (Real): 245.2076
2026-04-08 14:26:33,634 - INFO -     >>> Val MAE Details: ['169.4083', '158.9670', '144.7597', '163.8811', '180.5623', '187.2949', '203.3413']
2026-04-08 14:26:33,634 - INFO - ⏳ No improvement. Patience: 8/50
2026-04-08 14:33:23,823 - INFO - [Epoch 43] Train Loss: 0.0248 | LR: 0.000095
2026-04-08 14:33:23,824 - INFO -     >>> Val Avg RMSE (Real): 244.0669
2026-04-08 14:33:23,824 - INFO -     >>> Val MAE Details: ['167.3141', '157.5943', '144.0336', '158.1316', '175.6907', '199.1516', '192.6642']
2026-04-08 14:33:23,824 - INFO - ⏳ No improvement. Patience: 9/50
2026-04-08 14:40:15,422 - INFO - [Epoch 44] Train Loss: 0.0242 | LR: 0.000095
2026-04-08 14:40:15,423 - INFO -     >>> Val Avg RMSE (Real): 243.3437
2026-04-08 14:40:15,423 - INFO -     >>> Val MAE Details: ['172.2782', '153.6678', '144.6682', '152.9134', '179.0364', '198.7966', '189.8004']
2026-04-08 14:40:15,423 - INFO - ⏳ No improvement. Patience: 10/50
2026-04-08 14:47:07,203 - INFO - [Epoch 45] Train Loss: 0.0233 | LR: 0.000095
2026-04-08 14:47:07,204 - INFO -     >>> Val Avg RMSE (Real): 245.4457
2026-04-08 14:47:07,204 - INFO -     >>> Val MAE Details: ['171.8117', '155.9540', '146.8539', '157.1615', '181.5384', '191.3628', '201.3991']
2026-04-08 14:47:07,204 - INFO - ⏳ No improvement. Patience: 11/50
2026-04-08 14:53:59,129 - INFO - [Epoch 46] Train Loss: 0.0228 | LR: 0.000094
2026-04-08 14:53:59,129 - INFO -     >>> Val Avg RMSE (Real): 248.7906
2026-04-08 14:53:59,129 - INFO -     >>> Val MAE Details: ['171.6925', '155.9397', '148.7883', '175.1926', '178.5368', '197.0607', '200.1429']
2026-04-08 14:53:59,129 - INFO - ⏳ No improvement. Patience: 12/50
2026-04-08 15:00:49,923 - INFO - [Epoch 47] Train Loss: 0.0224 | LR: 0.000094
2026-04-08 15:00:49,924 - INFO -     >>> Val Avg RMSE (Real): 240.7987
2026-04-08 15:00:49,924 - INFO -     >>> Val MAE Details: ['160.6218', '156.9579', '147.1438', '161.3825', '176.3864', '188.6550', '192.9703']
2026-04-08 15:00:50,446 - INFO - 💾 Saved Best Model to ./logs/ED5_repr_atomistic_graph_ViSNet_MultiTask7_20260408_093701/best_model.pth
2026-04-08 15:07:43,257 - INFO - [Epoch 48] Train Loss: 0.0219 | LR: 0.000094
2026-04-08 15:07:43,257 - INFO -     >>> Val Avg RMSE (Real): 240.2059
2026-04-08 15:07:43,257 - INFO -     >>> Val MAE Details: ['163.9083', '154.2104', '144.7146', '154.7925', '177.1366', '184.9133', '191.1340']
2026-04-08 15:07:43,771 - INFO - 💾 Saved Best Model to ./logs/ED5_repr_atomistic_graph_ViSNet_MultiTask7_20260408_093701/best_model.pth
2026-04-08 15:14:36,565 - INFO - [Epoch 49] Train Loss: 0.0215 | LR: 0.000094
2026-04-08 15:14:36,565 - INFO -     >>> Val Avg RMSE (Real): 238.6195
2026-04-08 15:14:36,565 - INFO -     >>> Val MAE Details: ['163.4481', '156.2830', '142.5131', '155.5578', '172.8108', '191.3942', '187.5305']
2026-04-08 15:14:37,093 - INFO - 💾 Saved Best Model to ./logs/ED5_repr_atomistic_graph_ViSNet_MultiTask7_20260408_093701/best_model.pth
2026-04-08 15:21:27,047 - INFO - [Epoch 50] Train Loss: 0.0213 | LR: 0.000093
2026-04-08 15:21:27,047 - INFO -     >>> Val Avg RMSE (Real): 243.1882
2026-04-08 15:21:27,047 - INFO -     >>> Val MAE Details: ['170.5032', '168.3161', '149.2301', '149.8716', '169.9615', '195.8307', '186.7654']
2026-04-08 15:21:27,047 - INFO - ⏳ No improvement. Patience: 1/50
2026-04-08 15:28:17,073 - INFO - [Epoch 51] Train Loss: 0.0204 | LR: 0.000093
2026-04-08 15:28:17,073 - INFO -     >>> Val Avg RMSE (Real): 238.7613
2026-04-08 15:28:17,073 - INFO -     >>> Val MAE Details: ['162.3576', '153.4180', '142.2260', '157.4061', '172.7105', '183.2739', '190.8022']
2026-04-08 15:28:17,074 - INFO - ⏳ No improvement. Patience: 2/50
2026-04-08 15:35:07,108 - INFO - [Epoch 52] Train Loss: 0.0201 | LR: 0.000093
2026-04-08 15:35:07,108 - INFO -     >>> Val Avg RMSE (Real): 240.1520
2026-04-08 15:35:07,108 - INFO -     >>> Val MAE Details: ['162.5113', '152.6501', '146.5711', '159.6815', '171.3004', '182.0527', '194.9558']
2026-04-08 15:35:07,108 - INFO - ⏳ No improvement. Patience: 3/50
2026-04-08 15:41:57,031 - INFO - [Epoch 53] Train Loss: 0.0203 | LR: 0.000092
2026-04-08 15:41:57,032 - INFO -     >>> Val Avg RMSE (Real): 240.1427
2026-04-08 15:41:57,032 - INFO -     >>> Val MAE Details: ['161.3929', '159.2880', '140.5089', '163.6133', '171.7182', '195.1644', '190.2843']
2026-04-08 15:41:57,032 - INFO - ⏳ No improvement. Patience: 4/50
2026-04-08 15:48:47,430 - INFO - [Epoch 54] Train Loss: 0.0194 | LR: 0.000092
2026-04-08 15:48:47,431 - INFO -     >>> Val Avg RMSE (Real): 240.9284
2026-04-08 15:48:47,431 - INFO -     >>> Val MAE Details: ['164.5599', '154.0807', '143.5790', '155.2020', '172.3854', '187.4980', '189.7614']
2026-04-08 15:48:47,431 - INFO - ⏳ No improvement. Patience: 5/50
2026-04-08 15:55:37,355 - INFO - [Epoch 55] Train Loss: 0.0195 | LR: 0.000092
2026-04-08 15:55:37,355 - INFO -     >>> Val Avg RMSE (Real): 241.9686
2026-04-08 15:55:37,355 - INFO -     >>> Val MAE Details: ['163.5845', '159.2929', '139.9025', '165.4449', '178.2609', '183.2985', '189.3127']
2026-04-08 15:55:37,355 - INFO - ⏳ No improvement. Patience: 6/50
2026-04-08 16:02:28,745 - INFO - [Epoch 56] Train Loss: 0.0187 | LR: 0.000092
2026-04-08 16:02:28,745 - INFO -     >>> Val Avg RMSE (Real): 245.0340
2026-04-08 16:02:28,745 - INFO -     >>> Val MAE Details: ['165.5596', '160.5298', '141.7998', '152.8872', '171.4457', '190.2518', '203.8743']
2026-04-08 16:02:28,745 - INFO - ⏳ No improvement. Patience: 7/50
2026-04-08 16:09:20,356 - INFO - [Epoch 57] Train Loss: 0.0187 | LR: 0.000091
2026-04-08 16:09:20,356 - INFO -     >>> Val Avg RMSE (Real): 240.8079
2026-04-08 16:09:20,356 - INFO -     >>> Val MAE Details: ['161.4734', '152.0345', '143.3051', '153.1669', '171.3152', '198.2170', '196.6980']
2026-04-08 16:09:20,356 - INFO - ⏳ No improvement. Patience: 8/50
2026-04-08 16:16:11,072 - INFO - [Epoch 58] Train Loss: 0.0181 | LR: 0.000091
2026-04-08 16:16:11,072 - INFO -     >>> Val Avg RMSE (Real): 242.4586
2026-04-08 16:16:11,072 - INFO -     >>> Val MAE Details: ['161.9041', '154.6088', '141.4984', '168.5027', '175.6173', '186.2281', '189.3291']
2026-04-08 16:16:11,072 - INFO - ⏳ No improvement. Patience: 9/50
2026-04-08 16:23:02,551 - INFO - [Epoch 59] Train Loss: 0.0178 | LR: 0.000091
2026-04-08 16:23:02,551 - INFO -     >>> Val Avg RMSE (Real): 245.2842
2026-04-08 16:23:02,551 - INFO -     >>> Val MAE Details: ['170.0653', '160.5428', '140.7825', '159.7602', '179.5087', '193.7587', '200.6773']
2026-04-08 16:23:02,551 - INFO - ⏳ No improvement. Patience: 10/50
2026-04-08 16:29:52,844 - INFO - [Epoch 60] Train Loss: 0.0177 | LR: 0.000090
2026-04-08 16:29:52,844 - INFO -     >>> Val Avg RMSE (Real): 241.3649
2026-04-08 16:29:52,844 - INFO -     >>> Val MAE Details: ['164.6116', '150.5894', '142.8587', '158.2562', '174.0152', '186.2366', '193.0000']
2026-04-08 16:29:52,844 - INFO - ⏳ No improvement. Patience: 11/50
2026-04-08 16:36:44,645 - INFO - [Epoch 61] Train Loss: 0.0176 | LR: 0.000090
2026-04-08 16:36:44,645 - INFO -     >>> Val Avg RMSE (Real): 242.4279
2026-04-08 16:36:44,645 - INFO -     >>> Val MAE Details: ['164.5576', '155.5940', '162.1384', '154.4925', '175.1804', '187.1999', '191.1668']
2026-04-08 16:36:44,645 - INFO - ⏳ No improvement. Patience: 12/50
2026-04-08 16:43:36,029 - INFO - [Epoch 62] Train Loss: 0.0172 | LR: 0.000090
2026-04-08 16:43:36,029 - INFO -     >>> Val Avg RMSE (Real): 239.3259
2026-04-08 16:43:36,029 - INFO -     >>> Val MAE Details: ['166.2306', '150.9604', '144.7976', '153.1604', '173.6045', '181.5722', '193.5213']
2026-04-08 16:43:36,029 - INFO - ⏳ No improvement. Patience: 13/50
2026-04-08 16:50:26,298 - INFO - [Epoch 63] Train Loss: 0.0168 | LR: 0.000090
2026-04-08 16:50:26,299 - INFO -     >>> Val Avg RMSE (Real): 238.8017
2026-04-08 16:50:26,299 - INFO -     >>> Val MAE Details: ['165.5257', '151.5921', '142.3489', '155.6329', '170.1876', '182.4523', '191.3130']
2026-04-08 16:50:26,299 - INFO - ⏳ No improvement. Patience: 14/50
2026-04-08 16:57:16,988 - INFO - [Epoch 64] Train Loss: 0.0170 | LR: 0.000089
2026-04-08 16:57:16,989 - INFO -     >>> Val Avg RMSE (Real): 243.7802
2026-04-08 16:57:16,989 - INFO -     >>> Val MAE Details: ['179.1290', '162.2865', '148.5134', '154.3325', '169.7302', '188.2354', '190.7370']
2026-04-08 16:57:16,989 - INFO - ⏳ No improvement. Patience: 15/50
2026-04-08 17:04:07,616 - INFO - [Epoch 65] Train Loss: 0.0166 | LR: 0.000089
2026-04-08 17:04:07,616 - INFO -     >>> Val Avg RMSE (Real): 239.2851
2026-04-08 17:04:07,616 - INFO -     >>> Val MAE Details: ['162.6645', '150.5157', '140.7441', '154.3861', '174.6207', '185.2126', '197.1594']
2026-04-08 17:04:07,616 - INFO - ⏳ No improvement. Patience: 16/50
2026-04-08 17:10:59,171 - INFO - [Epoch 66] Train Loss: 0.0162 | LR: 0.000089
2026-04-08 17:10:59,171 - INFO -     >>> Val Avg RMSE (Real): 237.4613
2026-04-08 17:10:59,171 - INFO -     >>> Val MAE Details: ['160.0448', '151.8107', '140.7010', '155.2140', '173.8526', '187.3797', '190.5897']
2026-04-08 17:10:59,718 - INFO - 💾 Saved Best Model to ./logs/ED5_repr_atomistic_graph_ViSNet_MultiTask7_20260408_093701/best_model.pth
2026-04-08 17:17:52,439 - INFO - [Epoch 67] Train Loss: 0.0159 | LR: 0.000088
2026-04-08 17:17:52,439 - INFO -     >>> Val Avg RMSE (Real): 238.2765
2026-04-08 17:17:52,439 - INFO -     >>> Val MAE Details: ['164.0486', '152.8651', '141.9658', '153.7372', '168.5502', '185.0563', '194.4008']
2026-04-08 17:17:52,439 - INFO - ⏳ No improvement. Patience: 1/50
2026-04-08 17:24:45,447 - INFO - [Epoch 68] Train Loss: 0.0160 | LR: 0.000088
2026-04-08 17:24:45,448 - INFO -     >>> Val Avg RMSE (Real): 238.1612
2026-04-08 17:24:45,448 - INFO -     >>> Val MAE Details: ['170.7749', '154.0470', '142.1482', '155.0750', '167.3620', '185.9785', '190.9835']
2026-04-08 17:24:45,448 - INFO - ⏳ No improvement. Patience: 2/50
2026-04-08 17:31:37,856 - INFO - [Epoch 69] Train Loss: 0.0152 | LR: 0.000088
2026-04-08 17:31:37,857 - INFO -     >>> Val Avg RMSE (Real): 242.9841
2026-04-08 17:31:37,857 - INFO -     >>> Val MAE Details: ['162.0725', '159.4435', '140.4802', '153.9656', '170.5962', '191.5014', '200.2838']
2026-04-08 17:31:37,857 - INFO - ⏳ No improvement. Patience: 3/50
2026-04-08 17:38:30,927 - INFO - [Epoch 70] Train Loss: 0.0151 | LR: 0.000087
2026-04-08 17:38:30,928 - INFO -     >>> Val Avg RMSE (Real): 240.4359
2026-04-08 17:38:30,928 - INFO -     >>> Val MAE Details: ['168.7527', '150.7480', '140.3082', '158.6430', '171.9820', '190.7721', '194.9965']
2026-04-08 17:38:30,928 - INFO - ⏳ No improvement. Patience: 4/50
2026-04-08 17:45:24,688 - INFO - [Epoch 71] Train Loss: 0.0153 | LR: 0.000087
2026-04-08 17:45:24,688 - INFO -     >>> Val Avg RMSE (Real): 240.5698
2026-04-08 17:45:24,688 - INFO -     >>> Val MAE Details: ['161.8130', '150.0032', '141.6771', '155.4701', '176.7942', '182.4186', '205.8794']
2026-04-08 17:45:24,688 - INFO - ⏳ No improvement. Patience: 5/50
2026-04-08 17:52:18,540 - INFO - [Epoch 72] Train Loss: 0.0149 | LR: 0.000086
2026-04-08 17:52:18,540 - INFO -     >>> Val Avg RMSE (Real): 239.1711
2026-04-08 17:52:18,540 - INFO -     >>> Val MAE Details: ['160.0826', '158.3283', '145.1996', '153.7565', '168.9035', '185.0412', '194.2490']
2026-04-08 17:52:18,540 - INFO - ⏳ No improvement. Patience: 6/50
2026-04-08 17:59:12,602 - INFO - [Epoch 73] Train Loss: 0.0145 | LR: 0.000086
2026-04-08 17:59:12,603 - INFO -     >>> Val Avg RMSE (Real): 238.1643
2026-04-08 17:59:12,603 - INFO -     >>> Val MAE Details: ['160.7310', '152.4693', '144.8687', '152.4296', '168.0454', '180.8920', '198.2189']
2026-04-08 17:59:12,603 - INFO - ⏳ No improvement. Patience: 7/50
2026-04-08 18:06:08,595 - INFO - [Epoch 74] Train Loss: 0.0149 | LR: 0.000086
2026-04-08 18:06:08,596 - INFO -     >>> Val Avg RMSE (Real): 242.7399
2026-04-08 18:06:08,596 - INFO -     >>> Val MAE Details: ['173.1297', '151.2416', '141.0739', '152.5521', '177.7071', '190.0965', '198.5113']
2026-04-08 18:06:08,596 - INFO - ⏳ No improvement. Patience: 8/50
2026-04-08 18:13:03,197 - INFO - [Epoch 75] Train Loss: 0.0141 | LR: 0.000085
2026-04-08 18:13:03,197 - INFO -     >>> Val Avg RMSE (Real): 239.6154
2026-04-08 18:13:03,197 - INFO -     >>> Val MAE Details: ['175.1367', '152.2754', '140.5999', '154.2493', '169.3694', '189.4963', '189.6224']
2026-04-08 18:13:03,197 - INFO - ⏳ No improvement. Patience: 9/50
2026-04-08 18:19:57,566 - INFO - [Epoch 76] Train Loss: 0.0138 | LR: 0.000085
2026-04-08 18:19:57,566 - INFO -     >>> Val Avg RMSE (Real): 242.4211
2026-04-08 18:19:57,566 - INFO -     >>> Val MAE Details: ['167.5783', '152.5693', '148.7969', '156.0073', '181.5253', '183.7558', '193.2340']
2026-04-08 18:19:57,566 - INFO - ⏳ No improvement. Patience: 10/50
2026-04-08 18:26:50,925 - INFO - [Epoch 77] Train Loss: 0.0140 | LR: 0.000085
2026-04-08 18:26:50,925 - INFO -     >>> Val Avg RMSE (Real): 239.7497
2026-04-08 18:26:50,925 - INFO -     >>> Val MAE Details: ['166.3950', '155.5126', '144.1026', '152.5081', '170.0120', '184.5381', '192.7136']
2026-04-08 18:26:50,925 - INFO - ⏳ No improvement. Patience: 11/50
2026-04-08 18:33:44,398 - INFO - [Epoch 78] Train Loss: 0.0139 | LR: 0.000084
2026-04-08 18:33:44,398 - INFO -     >>> Val Avg RMSE (Real): 239.7484
2026-04-08 18:33:44,398 - INFO -     >>> Val MAE Details: ['163.1858', '151.6389', '139.2806', '154.5634', '170.5793', '187.6884', '193.8891']
2026-04-08 18:33:44,398 - INFO - ⏳ No improvement. Patience: 12/50
2026-04-08 18:40:37,484 - INFO - [Epoch 79] Train Loss: 0.0136 | LR: 0.000084
2026-04-08 18:40:37,484 - INFO -     >>> Val Avg RMSE (Real): 238.6623
2026-04-08 18:40:37,484 - INFO -     >>> Val MAE Details: ['163.5069', '151.9085', '143.4400', '157.3270', '171.7556', '186.7696', '193.3000']
2026-04-08 18:40:37,484 - INFO - ⏳ No improvement. Patience: 13/50
2026-04-08 18:47:30,233 - INFO - [Epoch 80] Train Loss: 0.0131 | LR: 0.000083
2026-04-08 18:47:30,234 - INFO -     >>> Val Avg RMSE (Real): 238.0760
2026-04-08 18:47:30,234 - INFO -     >>> Val MAE Details: ['168.0844', '151.8381', '142.6195', '158.6732', '170.5976', '181.8480', '190.8170']
2026-04-08 18:47:30,234 - INFO - ⏳ No improvement. Patience: 14/50
2026-04-08 18:54:24,294 - INFO - [Epoch 81] Train Loss: 0.0129 | LR: 0.000083
2026-04-08 18:54:24,294 - INFO -     >>> Val Avg RMSE (Real): 238.9747
2026-04-08 18:54:24,294 - INFO -     >>> Val MAE Details: ['161.5482', '152.5081', '139.8760', '160.4337', '169.5288', '186.4719', '196.3280']
2026-04-08 18:54:24,294 - INFO - ⏳ No improvement. Patience: 15/50
2026-04-08 19:01:16,852 - INFO - [Epoch 82] Train Loss: 0.0132 | LR: 0.000083
2026-04-08 19:01:16,853 - INFO -     >>> Val Avg RMSE (Real): 239.8251
2026-04-08 19:01:16,853 - INFO -     >>> Val MAE Details: ['161.7830', '154.9637', '141.3876', '154.9281', '175.9609', '184.5598', '198.8096']
2026-04-08 19:01:16,853 - INFO - ⏳ No improvement. Patience: 16/50
2026-04-08 19:08:10,368 - INFO - [Epoch 83] Train Loss: 0.0129 | LR: 0.000082
2026-04-08 19:08:10,369 - INFO -     >>> Val Avg RMSE (Real): 240.1321
2026-04-08 19:08:10,369 - INFO -     >>> Val MAE Details: ['160.8739', '156.4357', '138.7740', '155.7104', '171.8992', '193.9451', '193.1182']
2026-04-08 19:08:10,369 - INFO - ⏳ No improvement. Patience: 17/50
2026-04-08 19:15:03,408 - INFO - [Epoch 84] Train Loss: 0.0130 | LR: 0.000082
2026-04-08 19:15:03,408 - INFO -     >>> Val Avg RMSE (Real): 237.5668
2026-04-08 19:15:03,408 - INFO -     >>> Val MAE Details: ['163.7312', '152.4887', '140.5213', '156.2277', '168.3877', '183.4687', '192.6928']
2026-04-08 19:15:03,408 - INFO - ⏳ No improvement. Patience: 18/50
2026-04-08 19:21:58,008 - INFO - [Epoch 85] Train Loss: 0.0122 | LR: 0.000081
2026-04-08 19:21:58,008 - INFO -     >>> Val Avg RMSE (Real): 243.6145
2026-04-08 19:21:58,008 - INFO -     >>> Val MAE Details: ['162.8340', '156.1016', '140.0522', '163.3214', '176.4040', '189.2986', '214.1711']
2026-04-08 19:21:58,008 - INFO - ⏳ No improvement. Patience: 19/50
2026-04-08 19:28:50,924 - INFO - [Epoch 86] Train Loss: 0.0126 | LR: 0.000081
2026-04-08 19:28:50,924 - INFO -     >>> Val Avg RMSE (Real): 242.2368
2026-04-08 19:28:50,924 - INFO -     >>> Val MAE Details: ['170.5294', '155.1541', '143.7219', '157.1231', '172.0182', '184.5484', '193.3712']
2026-04-08 19:28:50,924 - INFO - ⏳ No improvement. Patience: 20/50
2026-04-08 19:35:45,183 - INFO - [Epoch 87] Train Loss: 0.0122 | LR: 0.000081
2026-04-08 19:35:45,183 - INFO -     >>> Val Avg RMSE (Real): 238.1787
2026-04-08 19:35:45,183 - INFO -     >>> Val MAE Details: ['161.5080', '150.8489', '140.6140', '164.0620', '168.0897', '183.1249', '193.9852']
2026-04-08 19:35:45,183 - INFO - ⏳ No improvement. Patience: 21/50
2026-04-08 19:42:39,811 - INFO - [Epoch 88] Train Loss: 0.0119 | LR: 0.000080
2026-04-08 19:42:39,812 - INFO -     >>> Val Avg RMSE (Real): 238.8114
2026-04-08 19:42:39,812 - INFO -     >>> Val MAE Details: ['161.5553', '151.3733', '142.3348', '154.8754', '174.5428', '184.0924', '195.6727']
2026-04-08 19:42:39,812 - INFO - ⏳ No improvement. Patience: 22/50
2026-04-08 19:49:33,677 - INFO - [Epoch 89] Train Loss: 0.0120 | LR: 0.000080
2026-04-08 19:49:33,678 - INFO -     >>> Val Avg RMSE (Real): 239.9919
2026-04-08 19:49:33,678 - INFO -     >>> Val MAE Details: ['161.6066', '153.8174', '143.1693', '158.4254', '172.0426', '188.4842', '194.8948']
2026-04-08 19:49:33,678 - INFO - ⏳ No improvement. Patience: 23/50
2026-04-08 19:56:28,160 - INFO - [Epoch 90] Train Loss: 0.0117 | LR: 0.000079
2026-04-08 19:56:28,161 - INFO -     >>> Val Avg RMSE (Real): 242.4911
2026-04-08 19:56:28,161 - INFO -     >>> Val MAE Details: ['165.4290', '157.1667', '142.2608', '155.8534', '175.6062', '183.6933', '200.8921']
2026-04-08 19:56:28,161 - INFO - ⏳ No improvement. Patience: 24/50
2026-04-08 20:03:21,327 - INFO - [Epoch 91] Train Loss: 0.0115 | LR: 0.000079
2026-04-08 20:03:21,328 - INFO -     >>> Val Avg RMSE (Real): 236.8442
2026-04-08 20:03:21,328 - INFO -     >>> Val MAE Details: ['160.5434', '151.6466', '141.6539', '154.3383', '168.4044', '186.7356', '191.5032']
2026-04-08 20:03:21,860 - INFO - 💾 Saved Best Model to ./logs/ED5_repr_atomistic_graph_ViSNet_MultiTask7_20260408_093701/best_model.pth
2026-04-08 20:10:14,234 - INFO - [Epoch 92] Train Loss: 0.0116 | LR: 0.000079
2026-04-08 20:10:14,234 - INFO -     >>> Val Avg RMSE (Real): 243.3169
2026-04-08 20:10:14,234 - INFO -     >>> Val MAE Details: ['162.6872', '150.8609', '141.2872', '155.8148', '187.4151', '185.3447', '200.7609']
2026-04-08 20:10:14,234 - INFO - ⏳ No improvement. Patience: 1/50
2026-04-08 20:17:07,705 - INFO - [Epoch 93] Train Loss: 0.0112 | LR: 0.000078
2026-04-08 20:17:07,705 - INFO -     >>> Val Avg RMSE (Real): 239.5526
2026-04-08 20:17:07,705 - INFO -     >>> Val MAE Details: ['164.2498', '151.8461', '139.0901', '156.1019', '168.2222', '183.7939', '196.8681']
2026-04-08 20:17:07,705 - INFO - ⏳ No improvement. Patience: 2/50
2026-04-08 20:24:00,844 - INFO - [Epoch 94] Train Loss: 0.0113 | LR: 0.000078
2026-04-08 20:24:00,844 - INFO -     >>> Val Avg RMSE (Real): 240.2177
2026-04-08 20:24:00,844 - INFO -     >>> Val MAE Details: ['171.1066', '150.1758', '140.5337', '157.3212', '171.7395', '185.9738', '200.4546']
2026-04-08 20:24:00,844 - INFO - ⏳ No improvement. Patience: 3/50
2026-04-08 20:30:53,956 - INFO - [Epoch 95] Train Loss: 0.0110 | LR: 0.000077
2026-04-08 20:30:53,957 - INFO -     >>> Val Avg RMSE (Real): 239.2272
2026-04-08 20:30:53,957 - INFO -     >>> Val MAE Details: ['166.8952', '157.0991', '137.9506', '156.8790', '174.7305', '182.2961', '190.7030']
2026-04-08 20:30:53,957 - INFO - ⏳ No improvement. Patience: 4/50
2026-04-08 20:37:48,603 - INFO - [Epoch 96] Train Loss: 0.0110 | LR: 0.000077
2026-04-08 20:37:48,603 - INFO -     >>> Val Avg RMSE (Real): 240.7769
2026-04-08 20:37:48,603 - INFO -     >>> Val MAE Details: ['163.2329', '153.5311', '142.0608', '174.7746', '170.9469', '183.9798', '194.2010']
2026-04-08 20:37:48,603 - INFO - ⏳ No improvement. Patience: 5/50
2026-04-08 20:44:40,998 - INFO - [Epoch 97] Train Loss: 0.0109 | LR: 0.000076
2026-04-08 20:44:40,998 - INFO -     >>> Val Avg RMSE (Real): 238.5057
2026-04-08 20:44:40,998 - INFO -     >>> Val MAE Details: ['161.0610', '151.7853', '140.4214', '154.9978', '170.7714', '183.2035', '198.4893']
2026-04-08 20:44:40,998 - INFO - ⏳ No improvement. Patience: 6/50
2026-04-08 20:51:35,300 - INFO - [Epoch 98] Train Loss: 0.0111 | LR: 0.000076
2026-04-08 20:51:35,301 - INFO -     >>> Val Avg RMSE (Real): 241.7098
2026-04-08 20:51:35,301 - INFO -     >>> Val MAE Details: ['162.5272', '151.6561', '138.3912', '174.5343', '173.1010', '185.7540', '192.2907']
2026-04-08 20:51:35,301 - INFO - ⏳ No improvement. Patience: 7/50
2026-04-08 20:58:27,976 - INFO - [Epoch 99] Train Loss: 0.0106 | LR: 0.000075
2026-04-08 20:58:27,976 - INFO -     >>> Val Avg RMSE (Real): 239.0490
2026-04-08 20:58:27,977 - INFO -     >>> Val MAE Details: ['167.8784', '152.7054', '141.5374', '156.1534', '172.4527', '183.1670', '194.0241']
2026-04-08 20:58:27,977 - INFO - ⏳ No improvement. Patience: 8/50
2026-04-08 21:05:20,342 - INFO - [Epoch 100] Train Loss: 0.0104 | LR: 0.000075
2026-04-08 21:05:20,342 - INFO -     >>> Val Avg RMSE (Real): 242.1300
2026-04-08 21:05:20,343 - INFO -     >>> Val MAE Details: ['161.6399', '153.0494', '148.5129', '159.8958', '167.7462', '190.5172', '203.7966']
2026-04-08 21:05:20,343 - INFO - ⏳ No improvement. Patience: 9/50
2026-04-08 21:12:13,845 - INFO - [Epoch 101] Train Loss: 0.0104 | LR: 0.000075
2026-04-08 21:12:13,845 - INFO -     >>> Val Avg RMSE (Real): 242.9177
2026-04-08 21:12:13,845 - INFO -     >>> Val MAE Details: ['163.3696', '152.2933', '143.4987', '155.8557', '174.7761', '192.8849', '200.9505']
2026-04-08 21:12:13,845 - INFO - ⏳ No improvement. Patience: 10/50
2026-04-08 21:19:08,281 - INFO - [Epoch 102] Train Loss: 0.0100 | LR: 0.000074
2026-04-08 21:19:08,282 - INFO -     >>> Val Avg RMSE (Real): 237.8557
2026-04-08 21:19:08,282 - INFO -     >>> Val MAE Details: ['163.6223', '150.5037', '141.0960', '159.3474', '169.5758', '182.9476', '192.6214']
2026-04-08 21:19:08,282 - INFO - ⏳ No improvement. Patience: 11/50
2026-04-08 21:26:00,819 - INFO - [Epoch 103] Train Loss: 0.0104 | LR: 0.000074
2026-04-08 21:26:00,819 - INFO -     >>> Val Avg RMSE (Real): 242.3568
2026-04-08 21:26:00,819 - INFO -     >>> Val MAE Details: ['160.8580', '154.1267', '146.4552', '167.4483', '172.2657', '192.8700', '196.5780']
2026-04-08 21:26:00,819 - INFO - ⏳ No improvement. Patience: 12/50
2026-04-08 21:32:53,673 - INFO - [Epoch 104] Train Loss: 0.0100 | LR: 0.000073
2026-04-08 21:32:53,674 - INFO -     >>> Val Avg RMSE (Real): 241.1567
2026-04-08 21:32:53,674 - INFO -     >>> Val MAE Details: ['160.6514', '152.1613', '141.9823', '160.6893', '179.9990', '185.8657', '194.8996']
2026-04-08 21:32:53,674 - INFO - ⏳ No improvement. Patience: 13/50
2026-04-08 21:39:49,019 - INFO - [Epoch 105] Train Loss: 0.0098 | LR: 0.000073
2026-04-08 21:39:49,019 - INFO -     >>> Val Avg RMSE (Real): 241.1967
2026-04-08 21:39:49,020 - INFO -     >>> Val MAE Details: ['162.3998', '158.1847', '140.1083', '174.6435', '174.1490', '185.6599', '192.7789']
2026-04-08 21:39:49,020 - INFO - ⏳ No improvement. Patience: 14/50
2026-04-08 21:46:42,390 - INFO - [Epoch 106] Train Loss: 0.0098 | LR: 0.000072
2026-04-08 21:46:42,391 - INFO -     >>> Val Avg RMSE (Real): 240.9776
2026-04-08 21:46:42,391 - INFO -     >>> Val MAE Details: ['163.7973', '154.3107', '140.3881', '160.4226', '168.6323', '187.9497', '198.6266']
2026-04-08 21:46:42,391 - INFO - ⏳ No improvement. Patience: 15/50
2026-04-08 21:53:36,901 - INFO - [Epoch 107] Train Loss: 0.0095 | LR: 0.000072
2026-04-08 21:53:36,902 - INFO -     >>> Val Avg RMSE (Real): 237.9724
2026-04-08 21:53:36,902 - INFO -     >>> Val MAE Details: ['162.4621', '153.6303', '142.0747', '155.3230', '172.0795', '182.5199', '191.2514']
2026-04-08 21:53:36,902 - INFO - ⏳ No improvement. Patience: 16/50
2026-04-08 22:00:31,329 - INFO - [Epoch 108] Train Loss: 0.0096 | LR: 0.000071
2026-04-08 22:00:31,330 - INFO -     >>> Val Avg RMSE (Real): 238.4588
2026-04-08 22:00:31,330 - INFO -     >>> Val MAE Details: ['159.9489', '155.0309', '141.3921', '154.7207', '170.5645', '183.9393', '193.1505']
2026-04-08 22:00:31,330 - INFO - ⏳ No improvement. Patience: 17/50
2026-04-08 22:07:24,903 - INFO - [Epoch 109] Train Loss: 0.0095 | LR: 0.000071
2026-04-08 22:07:24,903 - INFO -     >>> Val Avg RMSE (Real): 239.6872
2026-04-08 22:07:24,903 - INFO -     >>> Val MAE Details: ['163.5572', '154.3392', '141.2612', '158.4808', '170.1825', '184.3383', '195.9584']
2026-04-08 22:07:24,903 - INFO - ⏳ No improvement. Patience: 18/50
2026-04-08 22:14:18,571 - INFO - [Epoch 110] Train Loss: 0.0093 | LR: 0.000070
2026-04-08 22:14:18,572 - INFO -     >>> Val Avg RMSE (Real): 239.6103
2026-04-08 22:14:18,572 - INFO -     >>> Val MAE Details: ['162.3444', '152.3024', '138.9627', '157.4754', '173.9026', '184.5159', '195.4109']
2026-04-08 22:14:18,572 - INFO - ⏳ No improvement. Patience: 19/50
2026-04-08 22:21:13,369 - INFO - [Epoch 111] Train Loss: 0.0093 | LR: 0.000070
2026-04-08 22:21:13,369 - INFO -     >>> Val Avg RMSE (Real): 238.9331
2026-04-08 22:21:13,369 - INFO -     >>> Val MAE Details: ['163.0668', '152.8700', '141.4425', '159.7450', '169.4224', '181.7141', '194.1994']
2026-04-08 22:21:13,369 - INFO - ⏳ No improvement. Patience: 20/50
2026-04-08 22:28:06,449 - INFO - [Epoch 112] Train Loss: 0.0091 | LR: 0.000069
2026-04-08 22:28:06,449 - INFO -     >>> Val Avg RMSE (Real): 239.6271
2026-04-08 22:28:06,449 - INFO -     >>> Val MAE Details: ['161.6163', '154.0265', '144.8201', '156.3156', '173.9753', '184.2062', '191.9959']
2026-04-08 22:28:06,449 - INFO - ⏳ No improvement. Patience: 21/50
2026-04-08 22:34:59,555 - INFO - [Epoch 113] Train Loss: 0.0092 | LR: 0.000069
2026-04-08 22:34:59,555 - INFO -     >>> Val Avg RMSE (Real): 238.2721
2026-04-08 22:34:59,555 - INFO -     >>> Val MAE Details: ['162.0447', '159.5773', '141.2236', '155.2343', '167.5853', '181.6910', '192.8844']
2026-04-08 22:34:59,555 - INFO - ⏳ No improvement. Patience: 22/50
2026-04-08 22:41:54,517 - INFO - [Epoch 114] Train Loss: 0.0090 | LR: 0.000068
2026-04-08 22:41:54,518 - INFO -     >>> Val Avg RMSE (Real): 238.5468
2026-04-08 22:41:54,518 - INFO -     >>> Val MAE Details: ['161.8021', '152.8974', '140.4374', '156.1131', '167.1169', '182.4888', '195.3383']
2026-04-08 22:41:54,518 - INFO - ⏳ No improvement. Patience: 23/50
2026-04-08 22:48:49,425 - INFO - [Epoch 115] Train Loss: 0.0088 | LR: 0.000068
2026-04-08 22:48:49,426 - INFO -     >>> Val Avg RMSE (Real): 237.4765
2026-04-08 22:48:49,426 - INFO -     >>> Val MAE Details: ['162.5112', '154.0052', '143.6276', '154.2249', '167.2818', '181.0168', '193.2302']
2026-04-08 22:48:49,426 - INFO - ⏳ No improvement. Patience: 24/50
2026-04-08 22:55:42,467 - INFO - [Epoch 116] Train Loss: 0.0087 | LR: 0.000067
2026-04-08 22:55:42,468 - INFO -     >>> Val Avg RMSE (Real): 238.9194
2026-04-08 22:55:42,468 - INFO -     >>> Val MAE Details: ['165.2460', '155.6112', '139.9019', '156.8558', '170.7639', '186.7948', '193.9187']
2026-04-08 22:55:42,468 - INFO - ⏳ No improvement. Patience: 25/50
2026-04-08 23:02:36,984 - INFO - [Epoch 117] Train Loss: 0.0085 | LR: 0.000067
2026-04-08 23:02:36,984 - INFO -     >>> Val Avg RMSE (Real): 240.7128
2026-04-08 23:02:36,984 - INFO -     >>> Val MAE Details: ['163.6985', '153.7834', '142.4320', '155.3597', '169.7804', '187.9548', '199.2199']
2026-04-08 23:02:36,985 - INFO - ⏳ No improvement. Patience: 26/50
2026-04-08 23:09:31,846 - INFO - [Epoch 118] Train Loss: 0.0086 | LR: 0.000066
2026-04-08 23:09:31,846 - INFO -     >>> Val Avg RMSE (Real): 241.4356
2026-04-08 23:09:31,846 - INFO -     >>> Val MAE Details: ['171.2240', '153.6040', '142.7869', '158.6440', '170.6902', '184.4319', '198.3763']
2026-04-08 23:09:31,846 - INFO - ⏳ No improvement. Patience: 27/50
2026-04-08 23:16:25,715 - INFO - [Epoch 119] Train Loss: 0.0084 | LR: 0.000066
2026-04-08 23:16:25,715 - INFO -     >>> Val Avg RMSE (Real): 240.3690
2026-04-08 23:16:25,715 - INFO -     >>> Val MAE Details: ['160.8889', '153.9938', '139.8216', '156.8874', '174.8347', '185.6714', '201.4335']
2026-04-08 23:16:25,715 - INFO - ⏳ No improvement. Patience: 28/50
2026-04-08 23:23:20,191 - INFO - [Epoch 120] Train Loss: 0.0082 | LR: 0.000065
2026-04-08 23:23:20,191 - INFO -     >>> Val Avg RMSE (Real): 238.4879
2026-04-08 23:23:20,191 - INFO -     >>> Val MAE Details: ['162.0770', '153.9974', '141.0890', '162.3938', '169.4105', '183.0856', '193.5666']
2026-04-08 23:23:20,191 - INFO - ⏳ No improvement. Patience: 29/50
2026-04-08 23:30:14,706 - INFO - [Epoch 121] Train Loss: 0.0082 | LR: 0.000065
2026-04-08 23:30:14,706 - INFO -     >>> Val Avg RMSE (Real): 239.8056
2026-04-08 23:30:14,706 - INFO -     >>> Val MAE Details: ['165.8389', '155.2028', '140.7921', '157.9033', '169.4832', '185.8014', '197.4894']
2026-04-08 23:30:14,706 - INFO - ⏳ No improvement. Patience: 30/50
2026-04-08 23:37:09,159 - INFO - [Epoch 122] Train Loss: 0.0079 | LR: 0.000064
2026-04-08 23:37:09,159 - INFO -     >>> Val Avg RMSE (Real): 237.6014
2026-04-08 23:37:09,159 - INFO -     >>> Val MAE Details: ['163.2507', '154.7958', '139.4685', '154.9839', '167.8056', '183.4578', '193.3337']
2026-04-08 23:37:09,159 - INFO - ⏳ No improvement. Patience: 31/50
2026-04-08 23:44:04,091 - INFO - [Epoch 123] Train Loss: 0.0079 | LR: 0.000064
2026-04-08 23:44:04,092 - INFO -     >>> Val Avg RMSE (Real): 240.3710
2026-04-08 23:44:04,092 - INFO -     >>> Val MAE Details: ['164.5970', '154.1413', '141.8764', '161.1893', '172.0274', '183.5618', '193.3363']
2026-04-08 23:44:04,092 - INFO - ⏳ No improvement. Patience: 32/50
2026-04-08 23:50:58,156 - INFO - [Epoch 124] Train Loss: 0.0082 | LR: 0.000063
2026-04-08 23:50:58,156 - INFO -     >>> Val Avg RMSE (Real): 240.7229
2026-04-08 23:50:58,156 - INFO -     >>> Val MAE Details: ['163.5438', '154.6299', '143.9056', '161.3931', '170.0160', '185.9266', '193.9655']
2026-04-08 23:50:58,156 - INFO - ⏳ No improvement. Patience: 33/50
2026-04-08 23:57:52,019 - INFO - [Epoch 125] Train Loss: 0.0078 | LR: 0.000063
2026-04-08 23:57:52,019 - INFO -     >>> Val Avg RMSE (Real): 238.4133
2026-04-08 23:57:52,019 - INFO -     >>> Val MAE Details: ['166.3354', '152.6014', '139.4356', '153.7719', '170.0326', '184.3190', '195.8203']
2026-04-08 23:57:52,019 - INFO - ⏳ No improvement. Patience: 34/50
2026-04-09 00:04:47,015 - INFO - [Epoch 126] Train Loss: 0.0076 | LR: 0.000062
2026-04-09 00:04:47,016 - INFO -     >>> Val Avg RMSE (Real): 241.4684
2026-04-09 00:04:47,016 - INFO -     >>> Val MAE Details: ['162.2632', '156.3311', '140.8296', '162.6568', '172.9697', '198.5862', '194.7828']
2026-04-09 00:04:47,016 - INFO - ⏳ No improvement. Patience: 35/50
2026-04-09 00:11:40,654 - INFO - [Epoch 127] Train Loss: 0.0079 | LR: 0.000062
2026-04-09 00:11:40,654 - INFO -     >>> Val Avg RMSE (Real): 238.3210
2026-04-09 00:11:40,654 - INFO -     >>> Val MAE Details: ['161.5468', '152.8918', '142.5339', '155.1665', '169.3206', '184.7788', '193.9497']
2026-04-09 00:11:40,654 - INFO - ⏳ No improvement. Patience: 36/50
2026-04-09 00:18:33,660 - INFO - [Epoch 128] Train Loss: 0.0075 | LR: 0.000061
2026-04-09 00:18:33,660 - INFO -     >>> Val Avg RMSE (Real): 238.3906
2026-04-09 00:18:33,660 - INFO -     >>> Val MAE Details: ['162.4590', '155.4048', '140.7114', '156.6765', '168.0111', '190.4174', '193.8749']
2026-04-09 00:18:33,660 - INFO - ⏳ No improvement. Patience: 37/50
2026-04-09 00:25:26,717 - INFO - [Epoch 129] Train Loss: 0.0075 | LR: 0.000061
2026-04-09 00:25:26,717 - INFO -     >>> Val Avg RMSE (Real): 239.0795
2026-04-09 00:25:26,717 - INFO -     >>> Val MAE Details: ['164.2272', '156.2721', '140.5890', '154.9530', '170.3587', '184.5824', '193.1879']
2026-04-09 00:25:26,717 - INFO - ⏳ No improvement. Patience: 38/50
2026-04-09 00:32:19,982 - INFO - [Epoch 130] Train Loss: 0.0074 | LR: 0.000060
2026-04-09 00:32:19,982 - INFO -     >>> Val Avg RMSE (Real): 239.3910
2026-04-09 00:32:19,983 - INFO -     >>> Val MAE Details: ['162.7180', '155.3007', '141.5851', '155.7901', '168.3168', '184.7494', '198.7413']
2026-04-09 00:32:19,983 - INFO - ⏳ No improvement. Patience: 39/50
2026-04-09 00:39:15,145 - INFO - [Epoch 131] Train Loss: 0.0071 | LR: 0.000060
2026-04-09 00:39:15,146 - INFO -     >>> Val Avg RMSE (Real): 238.1695
2026-04-09 00:39:15,146 - INFO -     >>> Val MAE Details: ['163.3291', '153.9687', '140.1898', '155.3042', '168.5789', '184.7673', '193.3079']
2026-04-09 00:39:15,146 - INFO - ⏳ No improvement. Patience: 40/50
2026-04-09 00:46:09,993 - INFO - [Epoch 132] Train Loss: 0.0072 | LR: 0.000059
2026-04-09 00:46:09,993 - INFO -     >>> Val Avg RMSE (Real): 240.9166
2026-04-09 00:46:09,993 - INFO -     >>> Val MAE Details: ['162.9343', '158.1992', '143.6373', '160.3449', '170.0624', '186.0239', '197.9449']
2026-04-09 00:46:09,993 - INFO - ⏳ No improvement. Patience: 41/50
2026-04-09 00:53:03,654 - INFO - [Epoch 133] Train Loss: 0.0071 | LR: 0.000059
2026-04-09 00:53:03,654 - INFO -     >>> Val Avg RMSE (Real): 241.9229
2026-04-09 00:53:03,654 - INFO -     >>> Val MAE Details: ['162.8725', '154.7262', '142.7038', '170.6642', '171.1485', '186.7040', '195.2628']
2026-04-09 00:53:03,654 - INFO - ⏳ No improvement. Patience: 42/50
2026-04-09 00:59:57,183 - INFO - [Epoch 134] Train Loss: 0.0070 | LR: 0.000058
2026-04-09 00:59:57,184 - INFO -     >>> Val Avg RMSE (Real): 239.9481
2026-04-09 00:59:57,184 - INFO -     >>> Val MAE Details: ['163.6286', '154.3180', '142.1509', '161.9205', '171.9739', '183.2803', '195.5532']
2026-04-09 00:59:57,184 - INFO - ⏳ No improvement. Patience: 43/50
2026-04-09 01:06:50,615 - INFO - [Epoch 135] Train Loss: 0.0070 | LR: 0.000058
2026-04-09 01:06:50,616 - INFO -     >>> Val Avg RMSE (Real): 241.2042
2026-04-09 01:06:50,616 - INFO -     >>> Val MAE Details: ['163.9422', '154.9856', '146.3660', '163.1675', '170.9641', '184.0541', '196.0881']
2026-04-09 01:06:50,616 - INFO - ⏳ No improvement. Patience: 44/50
2026-04-09 01:13:44,262 - INFO - [Epoch 136] Train Loss: 0.0067 | LR: 0.000057
2026-04-09 01:13:44,262 - INFO -     >>> Val Avg RMSE (Real): 237.3460
2026-04-09 01:13:44,262 - INFO -     >>> Val MAE Details: ['162.4812', '153.3511', '141.3379', '156.1710', '169.3000', '182.8960', '193.5481']
2026-04-09 01:13:44,262 - INFO - ⏳ No improvement. Patience: 45/50
2026-04-09 01:20:39,711 - INFO - [Epoch 137] Train Loss: 0.0068 | LR: 0.000057
2026-04-09 01:20:39,711 - INFO -     >>> Val Avg RMSE (Real): 240.0034
2026-04-09 01:20:39,711 - INFO -     >>> Val MAE Details: ['163.8416', '156.9656', '141.5398', '159.4400', '170.2985', '183.4015', '194.8193']
2026-04-09 01:20:39,711 - INFO - ⏳ No improvement. Patience: 46/50
2026-04-09 01:27:35,391 - INFO - [Epoch 138] Train Loss: 0.0065 | LR: 0.000056
2026-04-09 01:27:35,391 - INFO -     >>> Val Avg RMSE (Real): 239.5096
2026-04-09 01:27:35,391 - INFO -     >>> Val MAE Details: ['161.9670', '154.2521', '141.3210', '158.1122', '172.1537', '186.3562', '193.5674']
2026-04-09 01:27:35,391 - INFO - ⏳ No improvement. Patience: 47/50
2026-04-09 01:34:30,825 - INFO - [Epoch 139] Train Loss: 0.0067 | LR: 0.000056
2026-04-09 01:34:30,825 - INFO -     >>> Val Avg RMSE (Real): 242.7056
2026-04-09 01:34:30,825 - INFO -     >>> Val MAE Details: ['163.5424', '156.0919', '143.2621', '168.2013', '170.4377', '185.7506', '199.7493']
2026-04-09 01:34:30,825 - INFO - ⏳ No improvement. Patience: 48/50
2026-04-09 01:41:24,357 - INFO - [Epoch 140] Train Loss: 0.0064 | LR: 0.000055
2026-04-09 01:41:24,357 - INFO -     >>> Val Avg RMSE (Real): 242.7519
2026-04-09 01:41:24,357 - INFO -     >>> Val MAE Details: ['164.1086', '158.3287', '143.9665', '169.2068', '172.5332', '188.4152', '198.1321']
2026-04-09 01:41:24,357 - INFO - ⏳ No improvement. Patience: 49/50
2026-04-09 01:48:17,245 - INFO - [Epoch 141] Train Loss: 0.0063 | LR: 0.000055
2026-04-09 01:48:17,245 - INFO -     >>> Val Avg RMSE (Real): 240.7977
2026-04-09 01:48:17,245 - INFO -     >>> Val MAE Details: ['162.4159', '153.6305', '141.3982', '157.1550', '176.2327', '185.7488', '196.6895']
2026-04-09 01:48:17,245 - INFO - ⏳ No improvement. Patience: 50/50
2026-04-09 01:48:17,245 - INFO - 🛑 Early Stopping triggered! Best RMSE: 236.8442
