2026-04-25 18:49:25,847 - INFO - 💾 Config files backed up to ./logs/ED5OE_repr_hybrid_fusion_UniFieldNet_MultiTask7_init_from_ckpt_20260425_184925
2026-04-25 18:49:25,847 - INFO - 🎯 Multi-Task Targets (7): ['homo_2', 'homo_1', 'homo_0', 'lumo_0', 'lumo_1', 'lumo_2', 'lumo_3']
2026-04-25 18:49:25,847 - INFO - ========================================
2026-04-25 18:49:25,848 - INFO -         Training Configuration        
2026-04-25 18:49:25,848 - INFO - ========================================
2026-04-25 18:49:25,849 - INFO - 
{'data': {'dataset_mode': 'repr_hybrid_fusion',
          'grid_size': 0.1,
          'max_radius': 5.0,
          'pkl_path': '/home/zw/ED_all/data/ED5_OE/ed_homo_lumo_5w_1024_fusion.pkl',
          'targets': ['homo_2',
                      'homo_1',
                      'homo_0',
                      'lumo_0',
                      'lumo_1',
                      'lumo_2',
                      'lumo_3']},
 'model': {'equiformer_args': {'basis_type': 'gaussian',
                               'fc_neurons': [128, 128],
                               'irreps_feature': '1024x0e',
                               'irreps_head': '64x0e+32x1e+16x2e',
                               'irreps_in': '5x0e',
                               'irreps_node_attr': '1x0e',
                               'irreps_node_embedding': '256x0e+128x1e+64x2e',
                               'irreps_sh': '1x0e+1x1o+1x2e+1x3o',
                               'max_radius': 10.0,
                               'num_heads': 8,
                               'num_layers': 6,
                               'number_of_basis': 256,
                               'output_dim': 64},
           'head_input_dim': 64,
           'name': 'UniFieldNet',
           'ptv3_args': {'dec_channels': [64, 64, 128, 256],
                         'enc_channels': [32, 64, 128, 256, 512],
                         'enc_depths': [2, 2, 2, 6, 2],
                         'in_channels': 1,
                         'patch_size': 64}},
 'train': {'batch_size': 16,
           'epochs': 300,
           'grad_norm_clip': 1.0,
           'lr': 0.0001,
           'patience': 50,
           'seed': 2025,
           'weight_decay': 0.0001}}
2026-04-25 18:49:25,849 - INFO - ========================================

2026-04-25 18:49:25,849 - INFO - 🚀 Start Training on Device: cuda
2026-04-25 18:49:25,849 - INFO - Loading Data...
2026-04-25 18:49:25,849 - INFO - Loading Dataset Mode: repr_hybrid_fusion...
2026-04-25 18:49:29,553 - INFO - Stats - Mean: [[-7445.8413  -6840.216   -6120.3984   -467.5637    424.04166  1219.15
   1809.3903 ]], Std: [[ 740.80115  706.1094   754.61444 1186.4424  1122.4873  1107.2244
  1080.7959 ]]
2026-04-25 18:49:29,553 - INFO - Building Model: UniFieldNet...
2026-04-25 18:49:42,878 - INFO - Total Parameters: 57.6212 M

2026-04-25 18:49:42,878 - INFO - 🧩 Loading initialization checkpoint...
2026-04-25 18:49:44,404 - INFO - ✅ Loaded weights from: /home/zw/ED_all/task_ED5_OE/logs/ED5_repr_hybrid_fusion_UniFieldNet_MultiTask7_20260418_114545/best_model.pth
2026-04-25 18:49:44,405 - INFO - ⚠️ 仅加载模型参数，optimizer / scheduler / epoch 不恢复，训练将从 epoch 0 重新开始。
2026-04-25 19:14:11,200 - INFO - [Epoch 0] Train Loss: 0.0327 | LR: 0.000100
2026-04-25 19:14:11,200 - INFO -     >>> Val Avg RMSE (Real): 193.7063
2026-04-25 19:14:11,200 - INFO -     >>> Val MAE Details: ['143.9413', '130.6461', '118.9730', '140.6955', '145.2566', '143.6950', '145.7992']
2026-04-25 19:14:11,939 - INFO - 💾 Saved Best Model to ./logs/ED5OE_repr_hybrid_fusion_UniFieldNet_MultiTask7_init_from_ckpt_20260425_184925/best_model.pth
2026-04-25 19:29:09,722 - INFO - [Epoch 1] Train Loss: 0.0310 | LR: 0.000100
2026-04-25 19:29:09,722 - INFO -     >>> Val Avg RMSE (Real): 194.0105
2026-04-25 19:29:09,722 - INFO -     >>> Val MAE Details: ['136.1353', '127.4272', '118.1046', '138.2294', '143.4225', '143.9287', '150.4277']
2026-04-25 19:29:09,723 - INFO - ⏳ No improvement. Patience: 1/50
2026-04-25 19:43:58,073 - INFO - [Epoch 2] Train Loss: 0.0299 | LR: 0.000100
2026-04-25 19:43:58,074 - INFO -     >>> Val Avg RMSE (Real): 189.7543
2026-04-25 19:43:58,074 - INFO -     >>> Val MAE Details: ['126.4034', '124.1219', '119.3840', '128.3570', '144.4028', '142.7586', '149.3375']
2026-04-25 19:43:59,189 - INFO - 💾 Saved Best Model to ./logs/ED5OE_repr_hybrid_fusion_UniFieldNet_MultiTask7_init_from_ckpt_20260425_184925/best_model.pth
2026-04-25 20:01:10,834 - INFO - [Epoch 3] Train Loss: 0.0288 | LR: 0.000100
2026-04-25 20:01:10,834 - INFO -     >>> Val Avg RMSE (Real): 190.7635
2026-04-25 20:01:10,835 - INFO -     >>> Val MAE Details: ['125.6407', '117.8767', '116.8024', '151.4253', '149.0018', '147.2019', '143.6336']
2026-04-25 20:01:10,835 - INFO - ⏳ No improvement. Patience: 1/50
2026-04-25 20:29:42,066 - INFO - [Epoch 4] Train Loss: 0.0280 | LR: 0.000100
2026-04-25 20:29:42,067 - INFO -     >>> Val Avg RMSE (Real): 198.5606
2026-04-25 20:29:42,067 - INFO -     >>> Val MAE Details: ['127.6895', '127.0552', '117.7277', '135.6458', '158.0256', '155.6236', '159.1245']
2026-04-25 20:29:42,067 - INFO - ⏳ No improvement. Patience: 2/50
2026-04-25 20:52:57,398 - INFO - [Epoch 5] Train Loss: 0.0275 | LR: 0.000100
2026-04-25 20:52:57,398 - INFO -     >>> Val Avg RMSE (Real): 202.3345
2026-04-25 20:52:57,399 - INFO -     >>> Val MAE Details: ['130.1287', '121.0674', '122.4785', '134.4467', '159.7680', '158.0176', '167.2478']
2026-04-25 20:52:57,399 - INFO - ⏳ No improvement. Patience: 3/50
2026-04-25 21:07:51,447 - INFO - [Epoch 6] Train Loss: 0.0271 | LR: 0.000100
2026-04-25 21:07:51,447 - INFO -     >>> Val Avg RMSE (Real): 185.2673
2026-04-25 21:07:51,447 - INFO -     >>> Val MAE Details: ['125.7306', '119.4235', '110.5922', '127.3501', '140.3417', '139.8117', '144.6340']
2026-04-25 21:07:52,845 - INFO - 💾 Saved Best Model to ./logs/ED5OE_repr_hybrid_fusion_UniFieldNet_MultiTask7_init_from_ckpt_20260425_184925/best_model.pth
2026-04-25 21:22:47,528 - INFO - [Epoch 7] Train Loss: 0.0271 | LR: 0.000100
2026-04-25 21:22:47,529 - INFO -     >>> Val Avg RMSE (Real): 192.0447
2026-04-25 21:22:47,529 - INFO -     >>> Val MAE Details: ['124.4446', '115.8972', '115.7725', '125.2065', '147.1402', '153.8560', '157.4900']
2026-04-25 21:22:47,529 - INFO - ⏳ No improvement. Patience: 1/50
2026-04-25 21:39:42,851 - INFO - [Epoch 8] Train Loss: 0.0263 | LR: 0.000100
2026-04-25 21:39:42,852 - INFO -     >>> Val Avg RMSE (Real): 184.5417
2026-04-25 21:39:42,852 - INFO -     >>> Val MAE Details: ['126.6348', '120.1817', '113.2287', '122.5982', '134.5607', '138.9645', '148.3602']
2026-04-25 21:39:44,021 - INFO - 💾 Saved Best Model to ./logs/ED5OE_repr_hybrid_fusion_UniFieldNet_MultiTask7_init_from_ckpt_20260425_184925/best_model.pth
2026-04-25 22:04:29,389 - INFO - [Epoch 9] Train Loss: 0.0261 | LR: 0.000100
2026-04-25 22:04:29,389 - INFO -     >>> Val Avg RMSE (Real): 186.2232
2026-04-25 22:04:29,389 - INFO -     >>> Val MAE Details: ['126.4570', '118.1219', '116.4099', '136.9558', '133.4181', '139.1127', '146.2625']
2026-04-25 22:04:29,389 - INFO - ⏳ No improvement. Patience: 1/50
2026-04-25 22:27:49,909 - INFO - [Epoch 10] Train Loss: 0.0257 | LR: 0.000100
2026-04-25 22:27:49,910 - INFO -     >>> Val Avg RMSE (Real): 193.2235
2026-04-25 22:27:49,910 - INFO -     >>> Val MAE Details: ['120.5608', '113.8462', '117.4998', '149.0738', '148.3264', '153.0447', '157.6063']
2026-04-25 22:27:49,910 - INFO - ⏳ No improvement. Patience: 2/50
2026-04-25 22:42:49,366 - INFO - [Epoch 11] Train Loss: 0.0251 | LR: 0.000100
2026-04-25 22:42:49,366 - INFO -     >>> Val Avg RMSE (Real): 183.5328
2026-04-25 22:42:49,366 - INFO -     >>> Val MAE Details: ['124.9837', '114.1038', '107.1994', '135.7382', '133.6784', '140.6923', '141.6569']
2026-04-25 22:42:50,731 - INFO - 💾 Saved Best Model to ./logs/ED5OE_repr_hybrid_fusion_UniFieldNet_MultiTask7_init_from_ckpt_20260425_184925/best_model.pth
2026-04-25 22:57:46,032 - INFO - [Epoch 12] Train Loss: 0.0252 | LR: 0.000100
2026-04-25 22:57:46,033 - INFO -     >>> Val Avg RMSE (Real): 183.5558
2026-04-25 22:57:46,033 - INFO -     >>> Val MAE Details: ['123.0258', '116.7000', '109.5134', '125.1584', '139.5481', '139.7240', '139.0910']
2026-04-25 22:57:46,033 - INFO - ⏳ No improvement. Patience: 1/50
2026-04-25 23:12:34,437 - INFO - [Epoch 13] Train Loss: 0.0253 | LR: 0.000099
2026-04-25 23:12:34,437 - INFO -     >>> Val Avg RMSE (Real): 186.4683
2026-04-25 23:12:34,438 - INFO -     >>> Val MAE Details: ['124.1135', '116.1885', '108.3901', '128.8932', '133.1672', '137.9027', '152.6818']
2026-04-25 23:12:34,438 - INFO - ⏳ No improvement. Patience: 2/50
2026-04-25 23:27:29,964 - INFO - [Epoch 14] Train Loss: 0.0248 | LR: 0.000099
2026-04-25 23:27:29,964 - INFO -     >>> Val Avg RMSE (Real): 181.5770
2026-04-25 23:27:29,964 - INFO -     >>> Val MAE Details: ['121.8958', '124.6273', '111.0525', '121.9235', '130.5985', '134.9937', '136.8352']
2026-04-25 23:27:30,960 - INFO - 💾 Saved Best Model to ./logs/ED5OE_repr_hybrid_fusion_UniFieldNet_MultiTask7_init_from_ckpt_20260425_184925/best_model.pth
2026-04-25 23:50:17,206 - INFO - [Epoch 15] Train Loss: 0.0249 | LR: 0.000099
2026-04-25 23:50:17,206 - INFO -     >>> Val Avg RMSE (Real): 179.7545
2026-04-25 23:50:17,207 - INFO -     >>> Val MAE Details: ['118.1215', '113.8892', '107.6918', '126.4703', '132.4440', '132.6390', '138.9468']
2026-04-25 23:50:18,384 - INFO - 💾 Saved Best Model to ./logs/ED5OE_repr_hybrid_fusion_UniFieldNet_MultiTask7_init_from_ckpt_20260425_184925/best_model.pth
2026-04-26 00:15:01,561 - INFO - [Epoch 16] Train Loss: 0.0246 | LR: 0.000099
2026-04-26 00:15:01,562 - INFO -     >>> Val Avg RMSE (Real): 181.5155
2026-04-26 00:15:01,562 - INFO -     >>> Val MAE Details: ['119.9111', '114.4420', '118.0922', '135.8238', '133.0011', '131.5060', '136.8557']
2026-04-26 00:15:01,562 - INFO - ⏳ No improvement. Patience: 1/50
2026-04-26 00:32:02,229 - INFO - [Epoch 17] Train Loss: 0.0244 | LR: 0.000099
2026-04-26 00:32:02,230 - INFO -     >>> Val Avg RMSE (Real): 184.2843
2026-04-26 00:32:02,230 - INFO -     >>> Val MAE Details: ['124.5496', '116.9110', '108.5286', '139.9853', '135.2668', '133.9778', '137.8867']
2026-04-26 00:32:02,230 - INFO - ⏳ No improvement. Patience: 2/50
2026-04-26 00:54:21,167 - INFO - [Epoch 18] Train Loss: 0.0240 | LR: 0.000099
2026-04-26 00:54:21,168 - INFO -     >>> Val Avg RMSE (Real): 179.8125
2026-04-26 00:54:21,168 - INFO -     >>> Val MAE Details: ['120.9359', '116.8964', '103.8866', '123.2325', '130.8749', '132.3143', '145.1734']
2026-04-26 00:54:21,168 - INFO - ⏳ No improvement. Patience: 3/50
2026-04-26 01:22:43,818 - INFO - [Epoch 19] Train Loss: 0.0246 | LR: 0.000099
2026-04-26 01:22:43,818 - INFO -     >>> Val Avg RMSE (Real): 179.2943
2026-04-26 01:22:43,818 - INFO -     >>> Val MAE Details: ['114.6244', '110.0287', '104.3024', '134.6207', '132.9527', '132.0798', '140.0879']
2026-04-26 01:22:44,958 - INFO - 💾 Saved Best Model to ./logs/ED5OE_repr_hybrid_fusion_UniFieldNet_MultiTask7_init_from_ckpt_20260425_184925/best_model.pth
2026-04-26 01:50:59,215 - INFO - [Epoch 20] Train Loss: 0.0240 | LR: 0.000099
2026-04-26 01:50:59,216 - INFO -     >>> Val Avg RMSE (Real): 183.7235
2026-04-26 01:50:59,216 - INFO -     >>> Val MAE Details: ['116.5646', '115.9213', '108.2846', '120.2801', '157.8350', '135.5217', '140.7856']
2026-04-26 01:50:59,216 - INFO - ⏳ No improvement. Patience: 1/50
2026-04-26 02:19:29,468 - INFO - [Epoch 21] Train Loss: 0.0239 | LR: 0.000099
2026-04-26 02:19:29,469 - INFO -     >>> Val Avg RMSE (Real): 181.5932
2026-04-26 02:19:29,469 - INFO -     >>> Val MAE Details: ['119.6603', '115.3700', '106.1907', '139.6420', '134.9551', '135.8005', '138.8614']
2026-04-26 02:19:29,469 - INFO - ⏳ No improvement. Patience: 2/50
2026-04-26 02:47:36,568 - INFO - [Epoch 22] Train Loss: 0.0238 | LR: 0.000099
2026-04-26 02:47:36,568 - INFO -     >>> Val Avg RMSE (Real): 181.4795
2026-04-26 02:47:36,568 - INFO -     >>> Val MAE Details: ['119.8123', '113.5113', '108.9731', '119.1292', '146.3229', '135.0117', '138.8874']
2026-04-26 02:47:36,569 - INFO - ⏳ No improvement. Patience: 3/50
2026-04-26 03:15:57,774 - INFO - [Epoch 23] Train Loss: 0.0237 | LR: 0.000098
2026-04-26 03:15:57,775 - INFO -     >>> Val Avg RMSE (Real): 186.8727
2026-04-26 03:15:57,775 - INFO -     >>> Val MAE Details: ['122.6861', '113.4248', '118.3321', '122.3463', '146.6752', '140.4153', '148.1822']
2026-04-26 03:15:57,775 - INFO - ⏳ No improvement. Patience: 4/50
2026-04-26 03:44:07,199 - INFO - [Epoch 24] Train Loss: 0.0235 | LR: 0.000098
2026-04-26 03:44:07,200 - INFO -     >>> Val Avg RMSE (Real): 179.7906
2026-04-26 03:44:07,200 - INFO -     >>> Val MAE Details: ['118.8425', '116.3044', '111.3483', '117.4144', '129.3613', '132.9449', '135.1219']
2026-04-26 03:44:07,200 - INFO - ⏳ No improvement. Patience: 5/50
2026-04-26 04:12:23,111 - INFO - [Epoch 25] Train Loss: 0.0234 | LR: 0.000098
2026-04-26 04:12:23,111 - INFO -     >>> Val Avg RMSE (Real): 175.9236
2026-04-26 04:12:23,112 - INFO -     >>> Val MAE Details: ['118.0981', '111.0802', '104.9665', '116.5498', '130.1061', '134.8109', '133.9180']
2026-04-26 04:12:24,280 - INFO - 💾 Saved Best Model to ./logs/ED5OE_repr_hybrid_fusion_UniFieldNet_MultiTask7_init_from_ckpt_20260425_184925/best_model.pth
2026-04-26 04:40:43,712 - INFO - [Epoch 26] Train Loss: 0.0230 | LR: 0.000098
2026-04-26 04:40:43,712 - INFO -     >>> Val Avg RMSE (Real): 180.5491
2026-04-26 04:40:43,713 - INFO -     >>> Val MAE Details: ['117.2263', '109.9226', '119.5243', '115.7019', '132.5996', '144.7863', '141.3857']
2026-04-26 04:40:43,713 - INFO - ⏳ No improvement. Patience: 1/50
2026-04-26 05:08:57,038 - INFO - [Epoch 27] Train Loss: 0.0231 | LR: 0.000098
2026-04-26 05:08:57,039 - INFO -     >>> Val Avg RMSE (Real): 178.5638
2026-04-26 05:08:57,039 - INFO -     >>> Val MAE Details: ['117.7624', '115.7657', '106.2744', '118.7231', '133.3257', '132.8454', '136.0437']
2026-04-26 05:08:57,039 - INFO - ⏳ No improvement. Patience: 2/50
2026-04-26 05:37:22,995 - INFO - [Epoch 28] Train Loss: 0.0227 | LR: 0.000098
2026-04-26 05:37:22,996 - INFO -     >>> Val Avg RMSE (Real): 184.9854
2026-04-26 05:37:22,996 - INFO -     >>> Val MAE Details: ['128.4814', '116.2817', '110.3623', '117.5510', '132.7390', '137.8776', '147.2722']
2026-04-26 05:37:22,996 - INFO - ⏳ No improvement. Patience: 3/50
2026-04-26 06:00:48,046 - INFO - [Epoch 29] Train Loss: 0.0228 | LR: 0.000098
2026-04-26 06:00:48,046 - INFO -     >>> Val Avg RMSE (Real): 187.3529
2026-04-26 06:00:48,046 - INFO -     >>> Val MAE Details: ['117.6670', '110.9402', '119.2544', '133.0717', '152.1423', '136.1939', '143.1273']
2026-04-26 06:00:48,046 - INFO - ⏳ No improvement. Patience: 4/50
2026-04-26 06:15:45,320 - INFO - [Epoch 30] Train Loss: 0.0228 | LR: 0.000097
2026-04-26 06:15:45,321 - INFO -     >>> Val Avg RMSE (Real): 180.3822
2026-04-26 06:15:45,321 - INFO -     >>> Val MAE Details: ['118.8230', '108.1496', '117.4493', '122.1659', '139.1167', '132.7732', '134.7458']
2026-04-26 06:15:45,321 - INFO - ⏳ No improvement. Patience: 5/50
2026-04-26 06:30:45,770 - INFO - [Epoch 31] Train Loss: 0.0227 | LR: 0.000097
2026-04-26 06:30:45,771 - INFO -     >>> Val Avg RMSE (Real): 177.4311
2026-04-26 06:30:45,771 - INFO -     >>> Val MAE Details: ['120.1401', '116.8574', '104.8808', '122.4265', '128.2556', '131.3438', '139.2336']
2026-04-26 06:30:45,771 - INFO - ⏳ No improvement. Patience: 6/50
2026-04-26 06:45:47,272 - INFO - [Epoch 32] Train Loss: 0.0224 | LR: 0.000097
2026-04-26 06:45:47,273 - INFO -     >>> Val Avg RMSE (Real): 176.8264
2026-04-26 06:45:47,273 - INFO -     >>> Val MAE Details: ['121.8477', '108.8888', '105.1964', '125.5592', '128.2650', '130.4772', '137.4969']
2026-04-26 06:45:47,273 - INFO - ⏳ No improvement. Patience: 7/50
2026-04-26 07:00:44,301 - INFO - [Epoch 33] Train Loss: 0.0225 | LR: 0.000097
2026-04-26 07:00:44,302 - INFO -     >>> Val Avg RMSE (Real): 180.0910
2026-04-26 07:00:44,302 - INFO -     >>> Val MAE Details: ['123.4505', '111.3788', '104.8582', '119.0895', '130.1239', '136.8891', '144.5001']
2026-04-26 07:00:44,302 - INFO - ⏳ No improvement. Patience: 8/50
2026-04-26 07:15:39,154 - INFO - [Epoch 34] Train Loss: 0.0225 | LR: 0.000097
2026-04-26 07:15:39,155 - INFO -     >>> Val Avg RMSE (Real): 173.3047
2026-04-26 07:15:39,155 - INFO -     >>> Val MAE Details: ['118.7244', '113.2425', '104.7787', '115.3058', '126.1537', '129.8122', '133.8673']
2026-04-26 07:15:40,277 - INFO - 💾 Saved Best Model to ./logs/ED5OE_repr_hybrid_fusion_UniFieldNet_MultiTask7_init_from_ckpt_20260425_184925/best_model.pth
2026-04-26 07:30:19,363 - INFO - [Epoch 35] Train Loss: 0.0222 | LR: 0.000096
2026-04-26 07:30:19,364 - INFO -     >>> Val Avg RMSE (Real): 180.7981
2026-04-26 07:30:19,364 - INFO -     >>> Val MAE Details: ['115.2630', '111.4673', '105.9988', '126.1102', '136.8237', '141.9192', '135.8616']
2026-04-26 07:30:19,364 - INFO - ⏳ No improvement. Patience: 1/50
2026-04-26 07:45:12,834 - INFO - [Epoch 36] Train Loss: 0.0221 | LR: 0.000096
2026-04-26 07:45:12,835 - INFO -     >>> Val Avg RMSE (Real): 179.3308
2026-04-26 07:45:12,835 - INFO -     >>> Val MAE Details: ['123.2191', '110.3698', '114.5106', '118.6212', '130.7289', '128.7774', '136.4653']
2026-04-26 07:45:12,835 - INFO - ⏳ No improvement. Patience: 2/50
2026-04-26 07:59:59,056 - INFO - [Epoch 37] Train Loss: 0.0220 | LR: 0.000096
2026-04-26 07:59:59,057 - INFO -     >>> Val Avg RMSE (Real): 176.0438
2026-04-26 07:59:59,057 - INFO -     >>> Val MAE Details: ['117.0948', '113.1898', '104.1339', '120.3106', '130.0066', '130.7355', '136.6930']
2026-04-26 07:59:59,057 - INFO - ⏳ No improvement. Patience: 3/50
2026-04-26 08:14:59,060 - INFO - [Epoch 38] Train Loss: 0.0223 | LR: 0.000096
2026-04-26 08:14:59,060 - INFO -     >>> Val Avg RMSE (Real): 183.9474
2026-04-26 08:14:59,060 - INFO -     >>> Val MAE Details: ['120.0790', '113.9526', '106.3638', '131.7089', '133.2256', '144.3050', '144.3404']
2026-04-26 08:14:59,060 - INFO - ⏳ No improvement. Patience: 4/50
2026-04-26 08:29:57,914 - INFO - [Epoch 39] Train Loss: 0.0219 | LR: 0.000096
2026-04-26 08:29:57,914 - INFO -     >>> Val Avg RMSE (Real): 179.1934
2026-04-26 08:29:57,914 - INFO -     >>> Val MAE Details: ['125.9293', '109.4753', '102.8911', '131.2549', '135.1103', '133.8043', '135.3886']
2026-04-26 08:29:57,915 - INFO - ⏳ No improvement. Patience: 5/50
2026-04-26 08:44:58,651 - INFO - [Epoch 40] Train Loss: 0.0223 | LR: 0.000095
2026-04-26 08:44:58,652 - INFO -     >>> Val Avg RMSE (Real): 180.2253
2026-04-26 08:44:58,652 - INFO -     >>> Val MAE Details: ['117.4958', '115.5785', '110.5810', '127.0672', '128.8532', '134.0143', '137.1399']
2026-04-26 08:44:58,652 - INFO - ⏳ No improvement. Patience: 6/50
2026-04-26 08:59:52,829 - INFO - [Epoch 41] Train Loss: 0.0217 | LR: 0.000095
2026-04-26 08:59:52,830 - INFO -     >>> Val Avg RMSE (Real): 173.6603
2026-04-26 08:59:52,830 - INFO -     >>> Val MAE Details: ['115.1848', '110.6844', '104.0406', '115.1015', '131.9038', '129.0898', '131.9536']
2026-04-26 08:59:52,830 - INFO - ⏳ No improvement. Patience: 7/50
2026-04-26 09:14:51,275 - INFO - [Epoch 42] Train Loss: 0.0220 | LR: 0.000095
2026-04-26 09:14:51,275 - INFO -     >>> Val Avg RMSE (Real): 173.9733
2026-04-26 09:14:51,276 - INFO -     >>> Val MAE Details: ['115.4175', '109.4235', '106.4289', '113.7936', '126.9617', '129.7158', '133.8630']
2026-04-26 09:14:51,276 - INFO - ⏳ No improvement. Patience: 8/50
2026-04-26 09:29:46,913 - INFO - [Epoch 43] Train Loss: 0.0217 | LR: 0.000095
2026-04-26 09:29:46,913 - INFO -     >>> Val Avg RMSE (Real): 186.1030
2026-04-26 09:29:46,913 - INFO -     >>> Val MAE Details: ['120.0844', '112.3790', '106.2112', '168.5853', '131.3214', '135.1490', '135.0884']
2026-04-26 09:29:46,913 - INFO - ⏳ No improvement. Patience: 9/50
2026-04-26 09:44:41,080 - INFO - [Epoch 44] Train Loss: 0.0220 | LR: 0.000095
2026-04-26 09:44:41,081 - INFO -     >>> Val Avg RMSE (Real): 177.5301
2026-04-26 09:44:41,081 - INFO -     >>> Val MAE Details: ['125.4472', '106.8879', '102.8066', '119.3036', '133.5972', '132.9263', '135.9215']
2026-04-26 09:44:41,081 - INFO - ⏳ No improvement. Patience: 10/50
2026-04-26 09:58:24,909 - INFO - [Epoch 45] Train Loss: 0.0215 | LR: 0.000094
2026-04-26 09:58:24,909 - INFO -     >>> Val Avg RMSE (Real): 178.4135
2026-04-26 09:58:24,909 - INFO -     >>> Val MAE Details: ['120.7742', '111.4689', '124.8235', '121.1412', '125.0841', '129.5373', '136.0239']
2026-04-26 09:58:24,910 - INFO - ⏳ No improvement. Patience: 11/50
2026-04-26 10:13:22,723 - INFO - [Epoch 46] Train Loss: 0.0218 | LR: 0.000094
2026-04-26 10:13:22,724 - INFO -     >>> Val Avg RMSE (Real): 173.8984
2026-04-26 10:13:22,724 - INFO -     >>> Val MAE Details: ['115.9575', '107.1226', '101.2851', '122.7820', '126.5330', '128.0461', '132.2763']
2026-04-26 10:13:22,724 - INFO - ⏳ No improvement. Patience: 12/50
2026-04-26 10:28:17,856 - INFO - [Epoch 47] Train Loss: 0.0214 | LR: 0.000094
2026-04-26 10:28:17,856 - INFO -     >>> Val Avg RMSE (Real): 179.1153
2026-04-26 10:28:17,857 - INFO -     >>> Val MAE Details: ['118.9092', '110.3766', '123.7062', '121.1782', '129.5828', '128.7290', '132.9495']
2026-04-26 10:28:17,857 - INFO - ⏳ No improvement. Patience: 13/50
2026-04-26 10:43:19,212 - INFO - [Epoch 48] Train Loss: 0.0212 | LR: 0.000094
2026-04-26 10:43:19,213 - INFO -     >>> Val Avg RMSE (Real): 174.7722
2026-04-26 10:43:19,213 - INFO -     >>> Val MAE Details: ['112.2131', '107.4400', '102.5109', '111.6407', '141.1721', '133.4940', '134.5584']
2026-04-26 10:43:19,213 - INFO - ⏳ No improvement. Patience: 14/50
2026-04-26 10:58:16,903 - INFO - [Epoch 49] Train Loss: 0.0213 | LR: 0.000093
2026-04-26 10:58:16,904 - INFO -     >>> Val Avg RMSE (Real): 173.2665
2026-04-26 10:58:16,904 - INFO -     >>> Val MAE Details: ['114.9052', '112.7349', '109.6494', '113.7166', '127.0863', '127.9787', '131.6499']
2026-04-26 10:58:18,080 - INFO - 💾 Saved Best Model to ./logs/ED5OE_repr_hybrid_fusion_UniFieldNet_MultiTask7_init_from_ckpt_20260425_184925/best_model.pth
2026-04-26 11:13:13,758 - INFO - [Epoch 50] Train Loss: 0.0214 | LR: 0.000093
2026-04-26 11:13:13,759 - INFO -     >>> Val Avg RMSE (Real): 175.0110
2026-04-26 11:13:13,759 - INFO -     >>> Val MAE Details: ['113.1947', '109.1529', '107.8277', '116.8128', '128.4921', '132.8230', '134.5151']
2026-04-26 11:13:13,759 - INFO - ⏳ No improvement. Patience: 1/50
2026-04-26 11:28:11,952 - INFO - [Epoch 51] Train Loss: 0.0213 | LR: 0.000093
2026-04-26 11:28:11,953 - INFO -     >>> Val Avg RMSE (Real): 174.8830
2026-04-26 11:28:11,953 - INFO -     >>> Val MAE Details: ['120.5211', '106.8584', '108.0813', '115.7145', '129.9570', '131.7076', '129.3905']
2026-04-26 11:28:11,953 - INFO - ⏳ No improvement. Patience: 2/50
2026-04-26 11:43:07,054 - INFO - [Epoch 52] Train Loss: 0.0213 | LR: 0.000092
2026-04-26 11:43:07,055 - INFO -     >>> Val Avg RMSE (Real): 173.5156
2026-04-26 11:43:07,055 - INFO -     >>> Val MAE Details: ['113.0746', '105.7215', '102.6170', '115.9234', '129.7288', '132.5858', '137.7167']
2026-04-26 11:43:07,055 - INFO - ⏳ No improvement. Patience: 3/50
2026-04-26 11:58:00,573 - INFO - [Epoch 53] Train Loss: 0.0213 | LR: 0.000092
2026-04-26 11:58:00,574 - INFO -     >>> Val Avg RMSE (Real): 179.9866
2026-04-26 11:58:00,574 - INFO -     >>> Val MAE Details: ['120.2654', '110.2569', '102.5668', '125.3788', '127.2483', '141.1037', '146.0373']
2026-04-26 11:58:00,574 - INFO - ⏳ No improvement. Patience: 4/50
2026-04-26 12:12:57,490 - INFO - [Epoch 54] Train Loss: 0.0211 | LR: 0.000092
2026-04-26 12:12:57,490 - INFO -     >>> Val Avg RMSE (Real): 171.3123
2026-04-26 12:12:57,490 - INFO -     >>> Val MAE Details: ['113.4163', '106.6575', '101.4270', '111.7808', '126.4150', '128.6275', '133.5143']
2026-04-26 12:12:58,556 - INFO - 💾 Saved Best Model to ./logs/ED5OE_repr_hybrid_fusion_UniFieldNet_MultiTask7_init_from_ckpt_20260425_184925/best_model.pth
2026-04-26 12:27:51,968 - INFO - [Epoch 55] Train Loss: 0.0212 | LR: 0.000092
2026-04-26 12:27:51,968 - INFO -     >>> Val Avg RMSE (Real): 173.9049
2026-04-26 12:27:51,968 - INFO -     >>> Val MAE Details: ['119.9195', '111.6147', '108.2183', '112.3983', '128.8341', '126.9514', '132.7675']
2026-04-26 12:27:51,969 - INFO - ⏳ No improvement. Patience: 1/50
2026-04-26 12:42:51,450 - INFO - [Epoch 56] Train Loss: 0.0211 | LR: 0.000091
2026-04-26 12:42:51,450 - INFO -     >>> Val Avg RMSE (Real): 172.6185
2026-04-26 12:42:51,450 - INFO -     >>> Val MAE Details: ['114.0997', '107.7438', '101.4296', '113.5122', '130.6062', '130.3293', '132.1396']
2026-04-26 12:42:51,450 - INFO - ⏳ No improvement. Patience: 2/50
2026-04-26 12:57:46,349 - INFO - [Epoch 57] Train Loss: 0.0211 | LR: 0.000091
2026-04-26 12:57:46,349 - INFO -     >>> Val Avg RMSE (Real): 178.1311
2026-04-26 12:57:46,350 - INFO -     >>> Val MAE Details: ['113.1541', '109.1486', '116.5690', '132.0580', '140.5387', '128.9989', '134.0785']
2026-04-26 12:57:46,350 - INFO - ⏳ No improvement. Patience: 3/50
2026-04-26 13:12:38,946 - INFO - [Epoch 58] Train Loss: 0.0210 | LR: 0.000091
2026-04-26 13:12:38,946 - INFO -     >>> Val Avg RMSE (Real): 176.6051
2026-04-26 13:12:38,947 - INFO -     >>> Val MAE Details: ['123.2329', '108.4044', '102.8630', '132.1539', '126.6158', '127.1810', '133.2946']
2026-04-26 13:12:38,947 - INFO - ⏳ No improvement. Patience: 4/50
2026-04-26 13:27:17,080 - INFO - [Epoch 59] Train Loss: 0.0210 | LR: 0.000090
2026-04-26 13:27:17,081 - INFO -     >>> Val Avg RMSE (Real): 177.5962
2026-04-26 13:27:17,081 - INFO -     >>> Val MAE Details: ['114.8294', '107.7779', '103.0030', '116.7586', '141.7371', '130.0960', '134.6454']
2026-04-26 13:27:17,081 - INFO - ⏳ No improvement. Patience: 5/50
2026-04-26 13:42:13,323 - INFO - [Epoch 60] Train Loss: 0.0207 | LR: 0.000090
2026-04-26 13:42:13,324 - INFO -     >>> Val Avg RMSE (Real): 174.7599
2026-04-26 13:42:13,324 - INFO -     >>> Val MAE Details: ['111.6766', '111.0696', '104.7268', '122.0197', '128.5678', '128.8334', '133.5307']
2026-04-26 13:42:13,324 - INFO - ⏳ No improvement. Patience: 6/50
2026-04-26 13:57:07,431 - INFO - [Epoch 61] Train Loss: 0.0211 | LR: 0.000090
2026-04-26 13:57:07,432 - INFO -     >>> Val Avg RMSE (Real): 171.8859
2026-04-26 13:57:07,432 - INFO -     >>> Val MAE Details: ['114.7346', '109.2520', '103.4329', '112.4295', '126.2469', '129.2623', '132.4797']
2026-04-26 13:57:07,432 - INFO - ⏳ No improvement. Patience: 7/50
2026-04-26 14:12:01,005 - INFO - [Epoch 62] Train Loss: 0.0208 | LR: 0.000090
2026-04-26 14:12:01,006 - INFO -     >>> Val Avg RMSE (Real): 179.4833
2026-04-26 14:12:01,006 - INFO -     >>> Val MAE Details: ['115.1568', '113.7970', '104.8138', '132.2095', '129.1569', '135.9990', '139.9872']
2026-04-26 14:12:01,006 - INFO - ⏳ No improvement. Patience: 8/50
2026-04-26 14:26:55,836 - INFO - [Epoch 63] Train Loss: 0.0209 | LR: 0.000089
2026-04-26 14:26:55,837 - INFO -     >>> Val Avg RMSE (Real): 175.8078
2026-04-26 14:26:55,837 - INFO -     >>> Val MAE Details: ['113.4461', '111.2884', '101.4335', '120.7098', '138.0864', '130.2753', '132.8425']
2026-04-26 14:26:55,837 - INFO - ⏳ No improvement. Patience: 9/50
2026-04-26 14:41:52,985 - INFO - [Epoch 64] Train Loss: 0.0205 | LR: 0.000089
2026-04-26 14:41:52,986 - INFO -     >>> Val Avg RMSE (Real): 176.8890
2026-04-26 14:41:52,986 - INFO -     >>> Val MAE Details: ['118.1844', '108.4372', '119.5715', '116.9083', '125.6606', '127.5242', '134.1874']
2026-04-26 14:41:52,986 - INFO - ⏳ No improvement. Patience: 10/50
2026-04-26 14:56:46,189 - INFO - [Epoch 65] Train Loss: 0.0206 | LR: 0.000089
2026-04-26 14:56:46,189 - INFO -     >>> Val Avg RMSE (Real): 175.2161
2026-04-26 14:56:46,189 - INFO -     >>> Val MAE Details: ['116.6916', '108.3177', '103.9179', '119.0433', '129.9925', '132.3326', '133.4989']
2026-04-26 14:56:46,190 - INFO - ⏳ No improvement. Patience: 11/50
2026-04-26 15:11:44,772 - INFO - [Epoch 66] Train Loss: 0.0205 | LR: 0.000088
2026-04-26 15:11:44,772 - INFO -     >>> Val Avg RMSE (Real): 174.5000
2026-04-26 15:11:44,772 - INFO -     >>> Val MAE Details: ['119.6270', '109.4686', '107.6868', '116.2436', '131.9479', '128.2249', '130.5795']
2026-04-26 15:11:44,772 - INFO - ⏳ No improvement. Patience: 12/50
2026-04-26 15:26:41,734 - INFO - [Epoch 67] Train Loss: 0.0206 | LR: 0.000088
2026-04-26 15:26:41,734 - INFO -     >>> Val Avg RMSE (Real): 174.5820
2026-04-26 15:26:41,735 - INFO -     >>> Val MAE Details: ['115.1431', '115.7126', '101.5846', '116.2546', '127.7719', '127.9262', '132.3375']
2026-04-26 15:26:41,735 - INFO - ⏳ No improvement. Patience: 13/50
2026-04-26 15:41:38,095 - INFO - [Epoch 68] Train Loss: 0.0207 | LR: 0.000088
2026-04-26 15:41:38,096 - INFO -     >>> Val Avg RMSE (Real): 177.9519
2026-04-26 15:41:38,096 - INFO -     >>> Val MAE Details: ['112.9475', '109.1532', '121.9905', '119.7400', '136.6124', '130.6959', '135.3438']
2026-04-26 15:41:38,096 - INFO - ⏳ No improvement. Patience: 14/50
2026-04-26 15:56:37,450 - INFO - [Epoch 69] Train Loss: 0.0202 | LR: 0.000087
2026-04-26 15:56:37,451 - INFO -     >>> Val Avg RMSE (Real): 173.2337
2026-04-26 15:56:37,451 - INFO -     >>> Val MAE Details: ['114.9471', '108.8961', '110.2116', '124.5771', '124.9252', '127.3684', '133.2730']
2026-04-26 15:56:37,451 - INFO - ⏳ No improvement. Patience: 15/50
2026-04-26 16:11:31,185 - INFO - [Epoch 70] Train Loss: 0.0202 | LR: 0.000087
2026-04-26 16:11:31,186 - INFO -     >>> Val Avg RMSE (Real): 173.6685
2026-04-26 16:11:31,186 - INFO -     >>> Val MAE Details: ['123.7423', '103.8185', '108.7044', '110.9076', '127.6681', '126.8377', '132.5008']
2026-04-26 16:11:31,186 - INFO - ⏳ No improvement. Patience: 16/50
2026-04-26 16:26:29,691 - INFO - [Epoch 71] Train Loss: 0.0203 | LR: 0.000086
2026-04-26 16:26:29,692 - INFO -     >>> Val Avg RMSE (Real): 173.7793
2026-04-26 16:26:29,692 - INFO -     >>> Val MAE Details: ['117.1916', '109.1326', '100.9771', '115.0570', '130.9662', '128.8247', '135.1088']
2026-04-26 16:26:29,692 - INFO - ⏳ No improvement. Patience: 17/50
2026-04-26 16:41:30,972 - INFO - [Epoch 72] Train Loss: 0.0202 | LR: 0.000086
2026-04-26 16:41:30,973 - INFO -     >>> Val Avg RMSE (Real): 171.8123
2026-04-26 16:41:30,973 - INFO -     >>> Val MAE Details: ['113.9383', '106.2758', '99.8454', '127.5726', '129.1316', '126.0858', '130.0786']
2026-04-26 16:41:30,973 - INFO - ⏳ No improvement. Patience: 18/50
2026-04-26 16:56:26,945 - INFO - [Epoch 73] Train Loss: 0.0202 | LR: 0.000086
2026-04-26 16:56:26,946 - INFO -     >>> Val Avg RMSE (Real): 177.3194
2026-04-26 16:56:26,946 - INFO -     >>> Val MAE Details: ['116.5679', '105.5683', '103.4368', '113.5070', '135.3171', '138.4695', '141.1339']
2026-04-26 16:56:26,946 - INFO - ⏳ No improvement. Patience: 19/50
2026-04-26 17:11:25,084 - INFO - [Epoch 74] Train Loss: 0.0207 | LR: 0.000085
2026-04-26 17:11:25,085 - INFO -     >>> Val Avg RMSE (Real): 170.7784
2026-04-26 17:11:25,085 - INFO -     >>> Val MAE Details: ['112.8210', '103.7563', '99.9963', '113.7192', '122.1809', '128.5906', '130.0940']
2026-04-26 17:11:26,018 - INFO - 💾 Saved Best Model to ./logs/ED5OE_repr_hybrid_fusion_UniFieldNet_MultiTask7_init_from_ckpt_20260425_184925/best_model.pth
2026-04-26 17:26:09,192 - INFO - [Epoch 75] Train Loss: 0.0201 | LR: 0.000085
2026-04-26 17:26:09,192 - INFO -     >>> Val Avg RMSE (Real): 174.9543
2026-04-26 17:26:09,193 - INFO -     >>> Val MAE Details: ['130.2026', '111.1708', '103.3632', '112.6101', '124.9547', '125.6463', '130.0561']
2026-04-26 17:26:09,193 - INFO - ⏳ No improvement. Patience: 1/50
2026-04-26 17:41:15,602 - INFO - [Epoch 76] Train Loss: 0.0202 | LR: 0.000085
2026-04-26 17:41:15,603 - INFO -     >>> Val Avg RMSE (Real): 173.5935
2026-04-26 17:41:15,603 - INFO -     >>> Val MAE Details: ['116.8213', '111.8514', '100.5244', '120.9790', '122.9652', '127.2844', '133.6451']
2026-04-26 17:41:15,603 - INFO - ⏳ No improvement. Patience: 2/50
2026-04-26 17:56:14,238 - INFO - [Epoch 77] Train Loss: 0.0201 | LR: 0.000084
2026-04-26 17:56:14,239 - INFO -     >>> Val Avg RMSE (Real): 173.9512
2026-04-26 17:56:14,239 - INFO -     >>> Val MAE Details: ['115.6229', '109.0063', '106.1750', '116.2758', '133.4891', '132.1514', '132.3103']
2026-04-26 17:56:14,239 - INFO - ⏳ No improvement. Patience: 3/50
2026-04-26 18:11:08,458 - INFO - [Epoch 78] Train Loss: 0.0202 | LR: 0.000084
2026-04-26 18:11:08,459 - INFO -     >>> Val Avg RMSE (Real): 176.0557
2026-04-26 18:11:08,459 - INFO -     >>> Val MAE Details: ['115.6181', '106.1946', '103.0363', '114.2309', '130.4134', '130.4207', '140.3618']
2026-04-26 18:11:08,459 - INFO - ⏳ No improvement. Patience: 4/50
2026-04-26 18:26:07,069 - INFO - [Epoch 79] Train Loss: 0.0203 | LR: 0.000083
2026-04-26 18:26:07,070 - INFO -     >>> Val Avg RMSE (Real): 171.4880
2026-04-26 18:26:07,070 - INFO -     >>> Val MAE Details: ['114.2803', '106.6387', '101.4044', '111.0292', '124.1307', '128.5146', '132.8646']
2026-04-26 18:26:07,070 - INFO - ⏳ No improvement. Patience: 5/50
2026-04-26 18:41:03,659 - INFO - [Epoch 80] Train Loss: 0.0200 | LR: 0.000083
2026-04-26 18:41:03,660 - INFO -     >>> Val Avg RMSE (Real): 174.8396
2026-04-26 18:41:03,660 - INFO -     >>> Val MAE Details: ['110.8714', '107.4260', '102.7455', '111.5006', '140.2403', '137.0694', '129.8353']
2026-04-26 18:41:03,660 - INFO - ⏳ No improvement. Patience: 6/50
2026-04-26 18:55:54,009 - INFO - [Epoch 81] Train Loss: 0.0199 | LR: 0.000083
2026-04-26 18:55:54,010 - INFO -     >>> Val Avg RMSE (Real): 170.8543
2026-04-26 18:55:54,010 - INFO -     >>> Val MAE Details: ['112.9315', '105.6799', '100.1830', '112.2095', '123.2715', '126.1800', '133.8745']
2026-04-26 18:55:54,010 - INFO - ⏳ No improvement. Patience: 7/50
2026-04-26 19:10:50,369 - INFO - [Epoch 82] Train Loss: 0.0200 | LR: 0.000082
2026-04-26 19:10:50,370 - INFO -     >>> Val Avg RMSE (Real): 175.5671
2026-04-26 19:10:50,370 - INFO -     >>> Val MAE Details: ['119.1869', '109.4972', '99.9496', '125.5286', '133.8218', '127.9160', '133.0895']
2026-04-26 19:10:50,370 - INFO - ⏳ No improvement. Patience: 8/50
2026-04-26 19:25:47,961 - INFO - [Epoch 83] Train Loss: 0.0199 | LR: 0.000082
2026-04-26 19:25:47,961 - INFO -     >>> Val Avg RMSE (Real): 173.4890
2026-04-26 19:25:47,961 - INFO -     >>> Val MAE Details: ['113.8193', '117.7656', '99.2128', '114.9319', '124.2081', '125.8961', '130.1248']
2026-04-26 19:25:47,962 - INFO - ⏳ No improvement. Patience: 9/50
2026-04-26 19:40:40,603 - INFO - [Epoch 84] Train Loss: 0.0198 | LR: 0.000081
2026-04-26 19:40:40,603 - INFO -     >>> Val Avg RMSE (Real): 171.7157
2026-04-26 19:40:40,603 - INFO -     >>> Val MAE Details: ['111.1510', '104.2481', '101.7971', '114.8267', '129.5456', '128.5601', '134.9699']
2026-04-26 19:40:40,603 - INFO - ⏳ No improvement. Patience: 10/50
2026-04-26 19:55:37,163 - INFO - [Epoch 85] Train Loss: 0.0199 | LR: 0.000081
2026-04-26 19:55:37,163 - INFO -     >>> Val Avg RMSE (Real): 171.3640
2026-04-26 19:55:37,163 - INFO -     >>> Val MAE Details: ['112.9388', '105.7430', '101.9643', '117.3825', '123.1736', '124.8395', '132.9886']
2026-04-26 19:55:37,163 - INFO - ⏳ No improvement. Patience: 11/50
2026-04-26 20:10:31,630 - INFO - [Epoch 86] Train Loss: 0.0197 | LR: 0.000081
2026-04-26 20:10:31,631 - INFO -     >>> Val Avg RMSE (Real): 171.8293
2026-04-26 20:10:31,631 - INFO -     >>> Val MAE Details: ['115.5496', '106.5827', '99.4826', '110.7765', '126.1211', '130.3647', '138.4152']
2026-04-26 20:10:31,631 - INFO - ⏳ No improvement. Patience: 12/50
2026-04-26 20:25:32,693 - INFO - [Epoch 87] Train Loss: 0.0196 | LR: 0.000080
2026-04-26 20:25:32,693 - INFO -     >>> Val Avg RMSE (Real): 173.7565
2026-04-26 20:25:32,693 - INFO -     >>> Val MAE Details: ['118.0061', '107.3343', '109.8373', '112.7486', '126.6110', '133.2449', '131.9395']
2026-04-26 20:25:32,694 - INFO - ⏳ No improvement. Patience: 13/50
2026-04-26 20:40:30,799 - INFO - [Epoch 88] Train Loss: 0.0199 | LR: 0.000080
2026-04-26 20:40:30,800 - INFO -     >>> Val Avg RMSE (Real): 175.6326
2026-04-26 20:40:30,800 - INFO -     >>> Val MAE Details: ['114.8881', '110.3892', '106.7079', '117.1102', '129.7880', '132.9247', '140.0084']
2026-04-26 20:40:30,800 - INFO - ⏳ No improvement. Patience: 14/50
2026-04-26 20:55:28,214 - INFO - [Epoch 89] Train Loss: 0.0197 | LR: 0.000079
2026-04-26 20:55:28,214 - INFO -     >>> Val Avg RMSE (Real): 172.1465
2026-04-26 20:55:28,214 - INFO -     >>> Val MAE Details: ['116.4417', '107.9383', '101.1235', '112.6339', '125.2285', '126.2568', '130.8403']
2026-04-26 20:55:28,214 - INFO - ⏳ No improvement. Patience: 15/50
2026-04-26 21:10:24,672 - INFO - [Epoch 90] Train Loss: 0.0196 | LR: 0.000079
2026-04-26 21:10:24,672 - INFO -     >>> Val Avg RMSE (Real): 170.1016
2026-04-26 21:10:24,673 - INFO -     >>> Val MAE Details: ['112.8624', '108.4839', '102.7139', '113.8948', '126.1515', '123.5172', '129.3387']
2026-04-26 21:10:25,718 - INFO - 💾 Saved Best Model to ./logs/ED5OE_repr_hybrid_fusion_UniFieldNet_MultiTask7_init_from_ckpt_20260425_184925/best_model.pth
2026-04-26 21:25:27,313 - INFO - [Epoch 91] Train Loss: 0.0196 | LR: 0.000079
2026-04-26 21:25:27,313 - INFO -     >>> Val Avg RMSE (Real): 170.9804
2026-04-26 21:25:27,314 - INFO -     >>> Val MAE Details: ['111.1132', '104.8715', '99.7718', '111.5317', '126.7461', '131.2146', '132.2100']
2026-04-26 21:25:27,314 - INFO - ⏳ No improvement. Patience: 1/50
2026-04-26 21:40:26,503 - INFO - [Epoch 92] Train Loss: 0.0195 | LR: 0.000078
2026-04-26 21:40:26,503 - INFO -     >>> Val Avg RMSE (Real): 174.5867
2026-04-26 21:40:26,503 - INFO -     >>> Val MAE Details: ['112.1600', '110.7629', '98.0367', '133.7063', '128.6254', '124.5945', '134.0092']
2026-04-26 21:40:26,504 - INFO - ⏳ No improvement. Patience: 2/50
2026-04-26 21:55:21,214 - INFO - [Epoch 93] Train Loss: 0.0194 | LR: 0.000078
2026-04-26 21:55:21,214 - INFO -     >>> Val Avg RMSE (Real): 171.4563
2026-04-26 21:55:21,214 - INFO -     >>> Val MAE Details: ['112.1092', '104.7960', '108.4471', '111.3097', '125.2379', '126.8250', '129.7947']
2026-04-26 21:55:21,215 - INFO - ⏳ No improvement. Patience: 3/50
2026-04-26 22:10:20,175 - INFO - [Epoch 94] Train Loss: 0.0194 | LR: 0.000077
2026-04-26 22:10:20,175 - INFO -     >>> Val Avg RMSE (Real): 177.3944
2026-04-26 22:10:20,176 - INFO -     >>> Val MAE Details: ['114.6730', '112.1644', '121.0789', '115.5912', '126.4798', '129.2461', '142.9063']
2026-04-26 22:10:20,176 - INFO - ⏳ No improvement. Patience: 4/50
2026-04-26 22:25:15,303 - INFO - [Epoch 95] Train Loss: 0.0195 | LR: 0.000077
2026-04-26 22:25:15,304 - INFO -     >>> Val Avg RMSE (Real): 172.4009
2026-04-26 22:25:15,304 - INFO -     >>> Val MAE Details: ['109.1661', '104.0600', '99.7386', '110.5598', '127.1020', '132.3426', '135.6917']
2026-04-26 22:25:15,304 - INFO - ⏳ No improvement. Patience: 5/50
2026-04-26 22:40:08,259 - INFO - [Epoch 96] Train Loss: 0.0194 | LR: 0.000076
2026-04-26 22:40:08,260 - INFO -     >>> Val Avg RMSE (Real): 172.5023
2026-04-26 22:40:08,260 - INFO -     >>> Val MAE Details: ['111.8256', '106.1068', '98.7439', '120.2437', '134.8184', '126.4666', '130.5234']
2026-04-26 22:40:08,260 - INFO - ⏳ No improvement. Patience: 6/50
2026-04-26 22:55:05,262 - INFO - [Epoch 97] Train Loss: 0.0192 | LR: 0.000076
2026-04-26 22:55:05,262 - INFO -     >>> Val Avg RMSE (Real): 173.8180
2026-04-26 22:55:05,263 - INFO -     >>> Val MAE Details: ['112.1524', '109.1967', '101.3520', '116.4222', '135.6749', '128.8042', '131.6383']
2026-04-26 22:55:05,263 - INFO - ⏳ No improvement. Patience: 7/50
2026-04-26 23:09:58,543 - INFO - [Epoch 98] Train Loss: 0.0194 | LR: 0.000075
2026-04-26 23:09:58,544 - INFO -     >>> Val Avg RMSE (Real): 173.3234
2026-04-26 23:09:58,544 - INFO -     >>> Val MAE Details: ['110.9037', '106.3509', '102.4225', '112.5726', '124.6744', '129.7994', '135.3865']
2026-04-26 23:09:58,544 - INFO - ⏳ No improvement. Patience: 8/50
2026-04-26 23:24:56,390 - INFO - [Epoch 99] Train Loss: 0.0192 | LR: 0.000075
2026-04-26 23:24:56,391 - INFO -     >>> Val Avg RMSE (Real): 181.4008
2026-04-26 23:24:56,391 - INFO -     >>> Val MAE Details: ['118.5889', '112.9242', '118.5177', '132.1997', '138.5923', '132.4268', '136.2328']
2026-04-26 23:24:56,391 - INFO - ⏳ No improvement. Patience: 9/50
2026-04-26 23:39:56,817 - INFO - [Epoch 100] Train Loss: 0.0192 | LR: 0.000075
2026-04-26 23:39:56,818 - INFO -     >>> Val Avg RMSE (Real): 170.3432
2026-04-26 23:39:56,818 - INFO -     >>> Val MAE Details: ['113.0919', '103.0343', '102.4939', '111.1065', '125.0967', '126.2180', '131.3039']
2026-04-26 23:39:56,818 - INFO - ⏳ No improvement. Patience: 10/50
2026-04-26 23:55:00,949 - INFO - [Epoch 101] Train Loss: 0.0192 | LR: 0.000074
2026-04-26 23:55:00,950 - INFO -     >>> Val Avg RMSE (Real): 169.1136
2026-04-26 23:55:00,950 - INFO -     >>> Val MAE Details: ['110.5834', '103.6834', '99.5090', '108.6545', '123.2350', '127.4361', '129.7857']
2026-04-26 23:55:02,206 - INFO - 💾 Saved Best Model to ./logs/ED5OE_repr_hybrid_fusion_UniFieldNet_MultiTask7_init_from_ckpt_20260425_184925/best_model.pth
2026-04-27 00:09:52,126 - INFO - [Epoch 102] Train Loss: 0.0192 | LR: 0.000074
2026-04-27 00:09:52,126 - INFO -     >>> Val Avg RMSE (Real): 174.7203
2026-04-27 00:09:52,126 - INFO -     >>> Val MAE Details: ['111.0109', '106.5339', '99.1627', '140.2552', '125.1549', '127.5458', '136.2182']
2026-04-27 00:09:52,126 - INFO - ⏳ No improvement. Patience: 1/50
2026-04-27 00:24:47,211 - INFO - [Epoch 103] Train Loss: 0.0192 | LR: 0.000073
2026-04-27 00:24:47,211 - INFO -     >>> Val Avg RMSE (Real): 172.9290
2026-04-27 00:24:47,211 - INFO -     >>> Val MAE Details: ['116.3591', '109.8958', '104.9617', '110.6295', '129.0107', '129.1962', '130.9840']
2026-04-27 00:24:47,212 - INFO - ⏳ No improvement. Patience: 2/50
2026-04-27 00:39:48,110 - INFO - [Epoch 104] Train Loss: 0.0191 | LR: 0.000073
2026-04-27 00:39:48,111 - INFO -     >>> Val Avg RMSE (Real): 170.2262
2026-04-27 00:39:48,111 - INFO -     >>> Val MAE Details: ['111.8725', '104.1990', '100.3272', '111.6283', '122.2023', '123.3673', '137.5745']
2026-04-27 00:39:48,111 - INFO - ⏳ No improvement. Patience: 3/50
2026-04-27 00:54:15,371 - INFO - [Epoch 105] Train Loss: 0.0191 | LR: 0.000072
2026-04-27 00:54:15,372 - INFO -     >>> Val Avg RMSE (Real): 173.6507
2026-04-27 00:54:15,372 - INFO -     >>> Val MAE Details: ['115.7570', '104.0420', '100.7358', '110.6986', '122.8380', '126.0755', '142.8022']
2026-04-27 00:54:15,372 - INFO - ⏳ No improvement. Patience: 4/50
2026-04-27 01:09:09,788 - INFO - [Epoch 106] Train Loss: 0.0189 | LR: 0.000072
2026-04-27 01:09:09,789 - INFO -     >>> Val Avg RMSE (Real): 176.4163
2026-04-27 01:09:09,789 - INFO -     >>> Val MAE Details: ['115.9689', '109.4436', '105.2614', '118.1869', '124.1130', '132.7115', '136.8946']
2026-04-27 01:09:09,789 - INFO - ⏳ No improvement. Patience: 5/50
2026-04-27 01:24:04,156 - INFO - [Epoch 107] Train Loss: 0.0192 | LR: 0.000071
2026-04-27 01:24:04,157 - INFO -     >>> Val Avg RMSE (Real): 174.3288
2026-04-27 01:24:04,157 - INFO -     >>> Val MAE Details: ['124.7126', '109.2478', '103.1693', '110.3973', '124.9675', '126.5125', '133.6678']
2026-04-27 01:24:04,157 - INFO - ⏳ No improvement. Patience: 6/50
2026-04-27 01:39:02,488 - INFO - [Epoch 108] Train Loss: 0.0190 | LR: 0.000071
2026-04-27 01:39:02,489 - INFO -     >>> Val Avg RMSE (Real): 177.6966
2026-04-27 01:39:02,489 - INFO -     >>> Val MAE Details: ['115.7862', '105.8583', '99.2320', '117.1161', '127.6653', '136.5076', '148.2621']
2026-04-27 01:39:02,489 - INFO - ⏳ No improvement. Patience: 7/50
2026-04-27 01:53:57,864 - INFO - [Epoch 109] Train Loss: 0.0192 | LR: 0.000070
2026-04-27 01:53:57,865 - INFO -     >>> Val Avg RMSE (Real): 170.9387
2026-04-27 01:53:57,865 - INFO -     >>> Val MAE Details: ['113.3504', '106.0204', '101.0977', '118.3868', '126.7193', '123.2460', '130.6402']
2026-04-27 01:53:57,865 - INFO - ⏳ No improvement. Patience: 8/50
2026-04-27 02:08:51,392 - INFO - [Epoch 110] Train Loss: 0.0190 | LR: 0.000070
2026-04-27 02:08:51,393 - INFO -     >>> Val Avg RMSE (Real): 170.0400
2026-04-27 02:08:51,393 - INFO -     >>> Val MAE Details: ['107.8094', '104.1112', '110.6730', '114.0138', '128.0023', '125.5680', '131.1382']
2026-04-27 02:08:51,393 - INFO - ⏳ No improvement. Patience: 9/50
2026-04-27 02:23:49,550 - INFO - [Epoch 111] Train Loss: 0.0189 | LR: 0.000069
2026-04-27 02:23:49,550 - INFO -     >>> Val Avg RMSE (Real): 168.7888
2026-04-27 02:23:49,550 - INFO -     >>> Val MAE Details: ['110.9564', '103.7169', '98.5063', '113.4648', '122.0673', '122.2007', '128.6974']
2026-04-27 02:23:50,569 - INFO - 💾 Saved Best Model to ./logs/ED5OE_repr_hybrid_fusion_UniFieldNet_MultiTask7_init_from_ckpt_20260425_184925/best_model.pth
2026-04-27 02:38:42,030 - INFO - [Epoch 112] Train Loss: 0.0189 | LR: 0.000069
2026-04-27 02:38:42,031 - INFO -     >>> Val Avg RMSE (Real): 168.0708
2026-04-27 02:38:42,031 - INFO -     >>> Val MAE Details: ['109.5024', '102.3209', '99.3170', '108.8899', '126.1295', '124.6004', '131.7050']
2026-04-27 02:38:43,093 - INFO - 💾 Saved Best Model to ./logs/ED5OE_repr_hybrid_fusion_UniFieldNet_MultiTask7_init_from_ckpt_20260425_184925/best_model.pth
2026-04-27 02:53:44,844 - INFO - [Epoch 113] Train Loss: 0.0189 | LR: 0.000068
2026-04-27 02:53:44,844 - INFO -     >>> Val Avg RMSE (Real): 171.6244
2026-04-27 02:53:44,844 - INFO -     >>> Val MAE Details: ['111.1256', '104.6120', '103.7967', '115.8426', '127.0934', '125.2939', '127.5687']
2026-04-27 02:53:44,845 - INFO - ⏳ No improvement. Patience: 1/50
2026-04-27 03:08:44,661 - INFO - [Epoch 114] Train Loss: 0.0186 | LR: 0.000068
2026-04-27 03:08:44,662 - INFO -     >>> Val Avg RMSE (Real): 168.8886
2026-04-27 03:08:44,662 - INFO -     >>> Val MAE Details: ['111.0612', '103.9658', '99.1350', '113.2293', '126.0885', '124.7521', '129.6896']
2026-04-27 03:08:44,662 - INFO - ⏳ No improvement. Patience: 2/50
2026-04-27 03:23:42,142 - INFO - [Epoch 115] Train Loss: 0.0188 | LR: 0.000067
2026-04-27 03:23:42,142 - INFO -     >>> Val Avg RMSE (Real): 171.1504
2026-04-27 03:23:42,142 - INFO -     >>> Val MAE Details: ['110.4920', '102.1886', '99.5779', '116.2182', '124.6065', '122.3530', '146.4516']
2026-04-27 03:23:42,143 - INFO - ⏳ No improvement. Patience: 3/50
2026-04-27 03:38:36,803 - INFO - [Epoch 116] Train Loss: 0.0187 | LR: 0.000067
2026-04-27 03:38:36,804 - INFO -     >>> Val Avg RMSE (Real): 169.0832
2026-04-27 03:38:36,804 - INFO -     >>> Val MAE Details: ['109.4908', '104.5402', '103.2209', '116.0835', '125.1692', '125.1205', '126.3020']
2026-04-27 03:38:36,804 - INFO - ⏳ No improvement. Patience: 4/50
2026-04-27 03:53:30,056 - INFO - [Epoch 117] Train Loss: 0.0187 | LR: 0.000066
2026-04-27 03:53:30,057 - INFO -     >>> Val Avg RMSE (Real): 172.9624
2026-04-27 03:53:30,057 - INFO -     >>> Val MAE Details: ['110.6320', '105.8766', '100.9645', '111.9160', '126.3960', '128.5131', '137.6298']
2026-04-27 03:53:30,057 - INFO - ⏳ No improvement. Patience: 5/50
2026-04-27 04:08:24,695 - INFO - [Epoch 118] Train Loss: 0.0186 | LR: 0.000066
2026-04-27 04:08:24,696 - INFO -     >>> Val Avg RMSE (Real): 168.9578
2026-04-27 04:08:24,696 - INFO -     >>> Val MAE Details: ['113.8767', '103.9253', '100.1970', '115.5770', '122.9007', '122.4503', '129.1609']
2026-04-27 04:08:24,696 - INFO - ⏳ No improvement. Patience: 6/50
2026-04-27 04:23:17,830 - INFO - [Epoch 119] Train Loss: 0.0185 | LR: 0.000065
2026-04-27 04:23:17,831 - INFO -     >>> Val Avg RMSE (Real): 169.7851
2026-04-27 04:23:17,831 - INFO -     >>> Val MAE Details: ['111.0908', '102.9015', '103.1313', '110.6475', '127.2173', '126.2611', '130.5434']
2026-04-27 04:23:17,831 - INFO - ⏳ No improvement. Patience: 7/50
2026-04-27 04:38:12,895 - INFO - [Epoch 120] Train Loss: 0.0187 | LR: 0.000065
2026-04-27 04:38:12,895 - INFO -     >>> Val Avg RMSE (Real): 169.3329
2026-04-27 04:38:12,896 - INFO -     >>> Val MAE Details: ['110.3041', '102.5230', '99.9122', '107.4923', '131.5303', '125.7974', '135.4345']
2026-04-27 04:38:12,896 - INFO - ⏳ No improvement. Patience: 8/50
2026-04-27 04:53:07,470 - INFO - [Epoch 121] Train Loss: 0.0185 | LR: 0.000064
2026-04-27 04:53:07,471 - INFO -     >>> Val Avg RMSE (Real): 169.0846
2026-04-27 04:53:07,471 - INFO -     >>> Val MAE Details: ['108.1654', '102.3651', '101.4140', '108.5581', '122.7138', '125.0236', '134.6610']
2026-04-27 04:53:07,471 - INFO - ⏳ No improvement. Patience: 9/50
2026-04-27 05:08:05,448 - INFO - [Epoch 122] Train Loss: 0.0187 | LR: 0.000064
2026-04-27 05:08:05,449 - INFO -     >>> Val Avg RMSE (Real): 168.2432
2026-04-27 05:08:05,449 - INFO -     >>> Val MAE Details: ['110.7677', '104.5145', '96.4339', '116.0599', '121.7323', '121.7410', '129.3414']
2026-04-27 05:08:05,449 - INFO - ⏳ No improvement. Patience: 10/50
2026-04-27 05:22:58,641 - INFO - [Epoch 123] Train Loss: 0.0186 | LR: 0.000063
2026-04-27 05:22:58,641 - INFO -     >>> Val Avg RMSE (Real): 169.6852
2026-04-27 05:22:58,641 - INFO -     >>> Val MAE Details: ['115.9438', '104.9400', '100.7398', '109.7140', '120.9704', '124.4095', '127.4112']
2026-04-27 05:22:58,641 - INFO - ⏳ No improvement. Patience: 11/50
2026-04-27 05:37:55,399 - INFO - [Epoch 124] Train Loss: 0.0186 | LR: 0.000063
2026-04-27 05:37:55,399 - INFO -     >>> Val Avg RMSE (Real): 168.7574
2026-04-27 05:37:55,399 - INFO -     >>> Val MAE Details: ['108.5326', '103.3088', '98.8174', '111.2429', '125.8578', '126.5854', '128.1490']
2026-04-27 05:37:55,399 - INFO - ⏳ No improvement. Patience: 12/50
2026-04-27 05:52:51,187 - INFO - [Epoch 125] Train Loss: 0.0184 | LR: 0.000062
2026-04-27 05:52:51,188 - INFO -     >>> Val Avg RMSE (Real): 168.1173
2026-04-27 05:52:51,188 - INFO -     >>> Val MAE Details: ['109.1788', '103.3483', '98.4002', '110.1541', '121.8129', '123.5313', '134.4516']
2026-04-27 05:52:51,188 - INFO - ⏳ No improvement. Patience: 13/50
2026-04-27 06:07:49,201 - INFO - [Epoch 126] Train Loss: 0.0184 | LR: 0.000062
2026-04-27 06:07:49,202 - INFO -     >>> Val Avg RMSE (Real): 171.1502
2026-04-27 06:07:49,202 - INFO -     >>> Val MAE Details: ['115.8975', '104.8971', '99.0346', '120.0998', '126.6915', '126.2404', '129.8703']
2026-04-27 06:07:49,202 - INFO - ⏳ No improvement. Patience: 14/50
2026-04-27 06:22:45,122 - INFO - [Epoch 127] Train Loss: 0.0184 | LR: 0.000061
2026-04-27 06:22:45,123 - INFO -     >>> Val Avg RMSE (Real): 168.5350
2026-04-27 06:22:45,123 - INFO -     >>> Val MAE Details: ['109.6420', '104.4883', '106.3058', '108.3306', '125.3114', '129.6629', '128.1485']
2026-04-27 06:22:45,123 - INFO - ⏳ No improvement. Patience: 15/50
2026-04-27 06:37:40,766 - INFO - [Epoch 128] Train Loss: 0.0185 | LR: 0.000061
2026-04-27 06:37:40,766 - INFO -     >>> Val Avg RMSE (Real): 169.2131
2026-04-27 06:37:40,766 - INFO -     >>> Val MAE Details: ['107.9654', '103.3713', '100.1222', '118.7169', '124.4768', '124.4498', '128.4961']
2026-04-27 06:37:40,767 - INFO - ⏳ No improvement. Patience: 16/50
2026-04-27 06:52:34,154 - INFO - [Epoch 129] Train Loss: 0.0184 | LR: 0.000060
2026-04-27 06:52:34,154 - INFO -     >>> Val Avg RMSE (Real): 168.2309
2026-04-27 06:52:34,154 - INFO -     >>> Val MAE Details: ['108.8067', '103.8700', '97.5877', '108.0097', '121.7845', '125.2322', '135.1941']
2026-04-27 06:52:34,154 - INFO - ⏳ No improvement. Patience: 17/50
2026-04-27 07:07:26,809 - INFO - [Epoch 130] Train Loss: 0.0182 | LR: 0.000060
2026-04-27 07:07:26,809 - INFO -     >>> Val Avg RMSE (Real): 168.3031
2026-04-27 07:07:26,810 - INFO -     >>> Val MAE Details: ['111.3922', '101.6004', '99.5705', '110.3950', '121.8122', '124.5339', '126.2978']
2026-04-27 07:07:26,810 - INFO - ⏳ No improvement. Patience: 18/50
2026-04-27 07:22:22,182 - INFO - [Epoch 131] Train Loss: 0.0185 | LR: 0.000059
2026-04-27 07:22:22,183 - INFO -     >>> Val Avg RMSE (Real): 171.4743
2026-04-27 07:22:22,183 - INFO -     >>> Val MAE Details: ['110.1746', '103.5846', '98.4461', '112.1896', '123.3951', '132.9518', '133.9417']
2026-04-27 07:22:22,183 - INFO - ⏳ No improvement. Patience: 19/50
2026-04-27 07:37:19,984 - INFO - [Epoch 132] Train Loss: 0.0182 | LR: 0.000059
2026-04-27 07:37:19,985 - INFO -     >>> Val Avg RMSE (Real): 171.7902
2026-04-27 07:37:19,985 - INFO -     >>> Val MAE Details: ['111.2068', '101.9019', '96.4002', '112.0380', '132.2870', '127.6202', '129.4345']
2026-04-27 07:37:19,985 - INFO - ⏳ No improvement. Patience: 20/50
2026-04-27 07:52:17,076 - INFO - [Epoch 133] Train Loss: 0.0181 | LR: 0.000058
2026-04-27 07:52:17,077 - INFO -     >>> Val Avg RMSE (Real): 172.0465
2026-04-27 07:52:17,077 - INFO -     >>> Val MAE Details: ['113.2428', '108.1527', '100.8925', '110.8974', '122.5925', '124.5453', '136.9787']
2026-04-27 07:52:17,077 - INFO - ⏳ No improvement. Patience: 21/50
2026-04-27 08:07:15,264 - INFO - [Epoch 134] Train Loss: 0.0185 | LR: 0.000058
2026-04-27 08:07:15,265 - INFO -     >>> Val Avg RMSE (Real): 167.2650
2026-04-27 08:07:15,265 - INFO -     >>> Val MAE Details: ['110.0410', '101.4383', '99.9307', '106.3455', '122.3436', '121.3559', '132.4539']
2026-04-27 08:07:16,362 - INFO - 💾 Saved Best Model to ./logs/ED5OE_repr_hybrid_fusion_UniFieldNet_MultiTask7_init_from_ckpt_20260425_184925/best_model.pth
2026-04-27 08:22:01,768 - INFO - [Epoch 135] Train Loss: 0.0181 | LR: 0.000057
2026-04-27 08:22:01,769 - INFO -     >>> Val Avg RMSE (Real): 166.4400
2026-04-27 08:22:01,769 - INFO -     >>> Val MAE Details: ['109.7303', '101.4099', '99.7096', '105.9065', '121.2546', '123.5765', '130.6365']
2026-04-27 08:22:03,222 - INFO - 💾 Saved Best Model to ./logs/ED5OE_repr_hybrid_fusion_UniFieldNet_MultiTask7_init_from_ckpt_20260425_184925/best_model.pth
2026-04-27 08:36:57,267 - INFO - [Epoch 136] Train Loss: 0.0181 | LR: 0.000057
2026-04-27 08:36:57,267 - INFO -     >>> Val Avg RMSE (Real): 167.4051
2026-04-27 08:36:57,268 - INFO -     >>> Val MAE Details: ['110.7417', '101.4720', '99.5428', '106.5037', '123.9010', '124.8065', '129.1127']
2026-04-27 08:36:57,268 - INFO - ⏳ No improvement. Patience: 1/50
2026-04-27 08:51:57,851 - INFO - [Epoch 137] Train Loss: 0.0182 | LR: 0.000056
2026-04-27 08:51:57,852 - INFO -     >>> Val Avg RMSE (Real): 170.5542
2026-04-27 08:51:57,852 - INFO -     >>> Val MAE Details: ['110.6420', '102.4534', '103.5359', '116.6848', '122.6932', '130.4422', '130.0273']
2026-04-27 08:51:57,852 - INFO - ⏳ No improvement. Patience: 2/50
2026-04-27 09:06:55,369 - INFO - [Epoch 138] Train Loss: 0.0182 | LR: 0.000056
2026-04-27 09:06:55,369 - INFO -     >>> Val Avg RMSE (Real): 166.0332
2026-04-27 09:06:55,369 - INFO -     >>> Val MAE Details: ['108.2428', '101.9040', '99.1441', '107.7514', '120.4855', '121.5878', '128.5954']
2026-04-27 09:06:56,599 - INFO - 💾 Saved Best Model to ./logs/ED5OE_repr_hybrid_fusion_UniFieldNet_MultiTask7_init_from_ckpt_20260425_184925/best_model.pth
2026-04-27 09:21:41,914 - INFO - [Epoch 139] Train Loss: 0.0180 | LR: 0.000055
2026-04-27 09:21:41,915 - INFO -     >>> Val Avg RMSE (Real): 166.9792
2026-04-27 09:21:41,915 - INFO -     >>> Val MAE Details: ['110.5448', '104.3592', '98.3542', '108.9517', '122.3819', '122.4498', '127.4019']
2026-04-27 09:21:41,915 - INFO - ⏳ No improvement. Patience: 1/50
2026-04-27 09:36:40,813 - INFO - [Epoch 140] Train Loss: 0.0181 | LR: 0.000055
2026-04-27 09:36:40,814 - INFO -     >>> Val Avg RMSE (Real): 168.5053
2026-04-27 09:36:40,814 - INFO -     >>> Val MAE Details: ['111.7029', '101.2086', '96.2736', '117.1241', '125.3699', '121.0544', '127.6451']
2026-04-27 09:36:40,814 - INFO - ⏳ No improvement. Patience: 2/50
2026-04-27 09:51:38,783 - INFO - [Epoch 141] Train Loss: 0.0180 | LR: 0.000054
2026-04-27 09:51:38,783 - INFO -     >>> Val Avg RMSE (Real): 170.2465
2026-04-27 09:51:38,783 - INFO -     >>> Val MAE Details: ['115.3314', '103.3415', '96.9346', '114.9453', '125.8371', '124.3557', '127.7928']
2026-04-27 09:51:38,783 - INFO - ⏳ No improvement. Patience: 3/50
2026-04-27 10:06:38,186 - INFO - [Epoch 142] Train Loss: 0.0181 | LR: 0.000054
2026-04-27 10:06:38,187 - INFO -     >>> Val Avg RMSE (Real): 166.9191
2026-04-27 10:06:38,187 - INFO -     >>> Val MAE Details: ['109.7668', '100.3391', '97.4447', '109.2030', '122.1561', '124.3858', '128.2083']
2026-04-27 10:06:38,187 - INFO - ⏳ No improvement. Patience: 4/50
2026-04-27 10:21:33,797 - INFO - [Epoch 143] Train Loss: 0.0179 | LR: 0.000053
2026-04-27 10:21:33,797 - INFO -     >>> Val Avg RMSE (Real): 168.9566
2026-04-27 10:21:33,797 - INFO -     >>> Val MAE Details: ['113.5635', '103.5762', '98.8907', '110.9677', '120.9855', '121.4864', '128.5586']
2026-04-27 10:21:33,798 - INFO - ⏳ No improvement. Patience: 5/50
2026-04-27 10:36:30,254 - INFO - [Epoch 144] Train Loss: 0.0180 | LR: 0.000053
2026-04-27 10:36:30,255 - INFO -     >>> Val Avg RMSE (Real): 173.5130
2026-04-27 10:36:30,255 - INFO -     >>> Val MAE Details: ['115.0478', '107.8706', '98.9256', '110.9150', '125.9588', '130.8383', '141.1117']
2026-04-27 10:36:30,255 - INFO - ⏳ No improvement. Patience: 6/50
2026-04-27 10:51:47,091 - INFO - [Epoch 145] Train Loss: 0.0179 | LR: 0.000052
2026-04-27 10:51:47,091 - INFO -     >>> Val Avg RMSE (Real): 169.8493
2026-04-27 10:51:47,091 - INFO -     >>> Val MAE Details: ['112.9396', '106.7358', '104.0892', '110.1967', '122.2779', '125.5000', '127.5233']
2026-04-27 10:51:47,091 - INFO - ⏳ No improvement. Patience: 7/50
2026-04-27 11:06:51,666 - INFO - [Epoch 146] Train Loss: 0.0178 | LR: 0.000052
2026-04-27 11:06:51,666 - INFO -     >>> Val Avg RMSE (Real): 166.4806
2026-04-27 11:06:51,666 - INFO -     >>> Val MAE Details: ['110.3785', '102.7641', '98.8510', '105.6794', '128.6259', '122.7075', '130.2235']
2026-04-27 11:06:51,667 - INFO - ⏳ No improvement. Patience: 8/50
2026-04-27 11:21:50,263 - INFO - [Epoch 147] Train Loss: 0.0178 | LR: 0.000051
2026-04-27 11:21:50,264 - INFO -     >>> Val Avg RMSE (Real): 170.9281
2026-04-27 11:21:50,264 - INFO -     >>> Val MAE Details: ['111.8283', '104.8824', '96.9496', '113.6640', '127.4433', '124.3029', '129.2895']
2026-04-27 11:21:50,264 - INFO - ⏳ No improvement. Patience: 9/50
2026-04-27 11:36:53,615 - INFO - [Epoch 148] Train Loss: 0.0180 | LR: 0.000051
2026-04-27 11:36:53,615 - INFO -     >>> Val Avg RMSE (Real): 166.0322
2026-04-27 11:36:53,615 - INFO -     >>> Val MAE Details: ['108.3957', '102.6478', '97.8333', '108.9207', '121.0387', '121.6577', '127.7935']
2026-04-27 11:36:54,717 - INFO - 💾 Saved Best Model to ./logs/ED5OE_repr_hybrid_fusion_UniFieldNet_MultiTask7_init_from_ckpt_20260425_184925/best_model.pth
2026-04-27 11:52:50,804 - INFO - [Epoch 149] Train Loss: 0.0177 | LR: 0.000050
2026-04-27 11:52:50,805 - INFO -     >>> Val Avg RMSE (Real): 166.8058
2026-04-27 11:52:50,805 - INFO -     >>> Val MAE Details: ['109.8138', '102.1252', '97.7716', '113.1671', '120.8192', '124.1476', '126.8476']
2026-04-27 11:52:50,805 - INFO - ⏳ No improvement. Patience: 1/50
2026-04-27 12:07:59,968 - INFO - [Epoch 150] Train Loss: 0.0177 | LR: 0.000049
2026-04-27 12:07:59,969 - INFO -     >>> Val Avg RMSE (Real): 169.1676
2026-04-27 12:07:59,969 - INFO -     >>> Val MAE Details: ['112.2505', '111.6287', '98.9006', '107.3700', '124.0646', '124.4699', '130.9102']
2026-04-27 12:07:59,969 - INFO - ⏳ No improvement. Patience: 2/50
2026-04-27 12:27:12,180 - INFO - [Epoch 151] Train Loss: 0.0176 | LR: 0.000049
2026-04-27 12:27:12,181 - INFO -     >>> Val Avg RMSE (Real): 169.9121
2026-04-27 12:27:12,181 - INFO -     >>> Val MAE Details: ['109.5957', '107.7296', '97.6617', '105.5795', '123.6844', '125.2887', '136.4385']
2026-04-27 12:27:12,181 - INFO - ⏳ No improvement. Patience: 3/50
2026-04-27 12:53:31,186 - INFO - [Epoch 152] Train Loss: 0.0176 | LR: 0.000048
2026-04-27 12:53:31,186 - INFO -     >>> Val Avg RMSE (Real): 169.6399
2026-04-27 12:53:31,186 - INFO -     >>> Val MAE Details: ['115.9577', '104.4524', '97.4652', '108.8623', '123.2978', '123.7843', '131.6379']
2026-04-27 12:53:31,187 - INFO - ⏳ No improvement. Patience: 4/50
2026-04-27 13:14:20,925 - INFO - [Epoch 153] Train Loss: 0.0177 | LR: 0.000048
2026-04-27 13:14:20,925 - INFO -     >>> Val Avg RMSE (Real): 168.5646
2026-04-27 13:14:20,925 - INFO -     >>> Val MAE Details: ['112.0696', '99.6344', '95.9183', '109.4160', '124.9152', '124.9387', '132.4833']
2026-04-27 13:14:20,925 - INFO - ⏳ No improvement. Patience: 5/50
2026-04-27 13:41:04,513 - INFO - [Epoch 154] Train Loss: 0.0176 | LR: 0.000047
2026-04-27 13:41:04,513 - INFO -     >>> Val Avg RMSE (Real): 169.0085
2026-04-27 13:41:04,514 - INFO -     >>> Val MAE Details: ['108.4926', '102.1847', '98.8142', '113.0213', '122.2468', '122.8439', '131.4494']
2026-04-27 13:41:04,514 - INFO - ⏳ No improvement. Patience: 6/50
2026-04-27 14:00:03,126 - INFO - [Epoch 155] Train Loss: 0.0176 | LR: 0.000047
2026-04-27 14:00:03,127 - INFO -     >>> Val Avg RMSE (Real): 168.0819
2026-04-27 14:00:03,127 - INFO -     >>> Val MAE Details: ['108.8990', '102.1874', '97.5550', '111.3976', '128.9555', '126.0357', '127.6430']
2026-04-27 14:00:03,127 - INFO - ⏳ No improvement. Patience: 7/50
2026-04-27 14:15:11,870 - INFO - [Epoch 156] Train Loss: 0.0176 | LR: 0.000046
2026-04-27 14:15:11,871 - INFO -     >>> Val Avg RMSE (Real): 167.9053
2026-04-27 14:15:11,871 - INFO -     >>> Val MAE Details: ['113.1735', '103.9891', '95.5680', '115.2679', '118.3632', '120.4381', '131.6284']
2026-04-27 14:15:11,871 - INFO - ⏳ No improvement. Patience: 8/50
2026-04-27 14:30:19,390 - INFO - [Epoch 157] Train Loss: 0.0176 | LR: 0.000046
2026-04-27 14:30:19,391 - INFO -     >>> Val Avg RMSE (Real): 174.7746
2026-04-27 14:30:19,391 - INFO -     >>> Val MAE Details: ['110.6795', '101.8598', '98.8837', '112.8686', '127.3160', '137.5509', '142.1864']
2026-04-27 14:30:19,391 - INFO - ⏳ No improvement. Patience: 9/50
2026-04-27 14:45:25,278 - INFO - [Epoch 158] Train Loss: 0.0175 | LR: 0.000045
2026-04-27 14:45:25,278 - INFO -     >>> Val Avg RMSE (Real): 169.4946
2026-04-27 14:45:25,279 - INFO -     >>> Val MAE Details: ['112.5961', '102.6761', '101.0841', '113.1729', '122.3204', '122.0543', '129.2690']
2026-04-27 14:45:25,279 - INFO - ⏳ No improvement. Patience: 10/50
2026-04-27 15:00:30,099 - INFO - [Epoch 159] Train Loss: 0.0175 | LR: 0.000045
2026-04-27 15:00:30,100 - INFO -     >>> Val Avg RMSE (Real): 168.3890
2026-04-27 15:00:30,100 - INFO -     >>> Val MAE Details: ['109.9791', '101.7861', '98.7637', '108.9590', '121.5756', '126.2266', '130.9043']
2026-04-27 15:00:30,100 - INFO - ⏳ No improvement. Patience: 11/50
2026-04-27 15:15:35,607 - INFO - [Epoch 160] Train Loss: 0.0174 | LR: 0.000044
2026-04-27 15:15:35,607 - INFO -     >>> Val Avg RMSE (Real): 172.8555
2026-04-27 15:15:35,608 - INFO -     >>> Val MAE Details: ['110.2795', '101.5376', '95.8694', '110.7619', '129.9178', '130.8356', '140.9544']
2026-04-27 15:15:35,608 - INFO - ⏳ No improvement. Patience: 12/50
2026-04-27 15:35:57,250 - INFO - [Epoch 161] Train Loss: 0.0174 | LR: 0.000044
2026-04-27 15:35:57,250 - INFO -     >>> Val Avg RMSE (Real): 167.2735
2026-04-27 15:35:57,250 - INFO -     >>> Val MAE Details: ['109.7839', '100.3608', '97.4066', '110.3804', '120.3173', '122.8073', '127.3318']
2026-04-27 15:35:57,250 - INFO - ⏳ No improvement. Patience: 13/50
2026-04-27 16:00:50,468 - INFO - [Epoch 162] Train Loss: 0.0174 | LR: 0.000043
2026-04-27 16:00:50,468 - INFO -     >>> Val Avg RMSE (Real): 168.1548
2026-04-27 16:00:50,469 - INFO -     >>> Val MAE Details: ['112.2944', '106.7276', '96.4088', '114.8895', '120.7602', '122.1584', '127.0947']
2026-04-27 16:00:50,469 - INFO - ⏳ No improvement. Patience: 14/50
2026-04-27 16:17:59,210 - INFO - [Epoch 163] Train Loss: 0.0174 | LR: 0.000043
2026-04-27 16:17:59,210 - INFO -     >>> Val Avg RMSE (Real): 170.9495
2026-04-27 16:17:59,211 - INFO -     >>> Val MAE Details: ['109.5418', '103.3107', '96.5509', '108.2600', '131.6410', '136.0665', '132.7940']
2026-04-27 16:17:59,211 - INFO - ⏳ No improvement. Patience: 15/50
2026-04-27 16:40:06,217 - INFO - [Epoch 164] Train Loss: 0.0175 | LR: 0.000042
2026-04-27 16:40:06,217 - INFO -     >>> Val Avg RMSE (Real): 171.3880
2026-04-27 16:40:06,217 - INFO -     >>> Val MAE Details: ['110.6002', '103.1303', '97.3805', '120.2085', '125.4560', '126.8931', '130.7048']
2026-04-27 16:40:06,218 - INFO - ⏳ No improvement. Patience: 16/50
2026-04-27 17:06:37,270 - INFO - [Epoch 165] Train Loss: 0.0173 | LR: 0.000042
2026-04-27 17:06:37,271 - INFO -     >>> Val Avg RMSE (Real): 165.1333
2026-04-27 17:06:37,271 - INFO -     >>> Val MAE Details: ['109.4090', '99.7346', '95.3885', '108.4830', '124.5405', '122.4382', '126.4345']
2026-04-27 17:06:38,546 - INFO - 💾 Saved Best Model to ./logs/ED5OE_repr_hybrid_fusion_UniFieldNet_MultiTask7_init_from_ckpt_20260425_184925/best_model.pth
2026-04-27 17:24:43,255 - INFO - [Epoch 166] Train Loss: 0.0173 | LR: 0.000041
2026-04-27 17:24:43,256 - INFO -     >>> Val Avg RMSE (Real): 168.1703
2026-04-27 17:24:43,256 - INFO -     >>> Val MAE Details: ['111.4393', '103.8844', '101.3299', '112.0836', '124.3752', '122.2366', '126.8247']
2026-04-27 17:24:43,256 - INFO - ⏳ No improvement. Patience: 1/50
2026-04-27 17:51:24,232 - INFO - [Epoch 167] Train Loss: 0.0173 | LR: 0.000041
2026-04-27 17:51:24,232 - INFO -     >>> Val Avg RMSE (Real): 166.7852
2026-04-27 17:51:24,232 - INFO -     >>> Val MAE Details: ['111.8987', '100.5474', '97.6672', '108.5183', '121.3861', '122.6339', '126.5000']
2026-04-27 17:51:24,233 - INFO - ⏳ No improvement. Patience: 2/50
2026-04-27 18:15:12,966 - INFO - [Epoch 168] Train Loss: 0.0174 | LR: 0.000040
2026-04-27 18:15:12,967 - INFO -     >>> Val Avg RMSE (Real): 167.1549
2026-04-27 18:15:12,967 - INFO -     >>> Val MAE Details: ['111.7051', '100.4986', '93.7128', '104.4492', '121.7227', '121.7362', '132.5480']
2026-04-27 18:15:12,967 - INFO - ⏳ No improvement. Patience: 3/50
2026-04-27 18:32:35,242 - INFO - [Epoch 169] Train Loss: 0.0173 | LR: 0.000040
2026-04-27 18:32:35,243 - INFO -     >>> Val Avg RMSE (Real): 164.0299
2026-04-27 18:32:35,243 - INFO -     >>> Val MAE Details: ['108.3897', '99.9749', '94.9688', '105.0815', '120.6901', '120.6569', '126.7441']
2026-04-27 18:32:36,360 - INFO - 💾 Saved Best Model to ./logs/ED5OE_repr_hybrid_fusion_UniFieldNet_MultiTask7_init_from_ckpt_20260425_184925/best_model.pth
2026-04-27 18:49:13,617 - INFO - [Epoch 170] Train Loss: 0.0173 | LR: 0.000039
2026-04-27 18:49:13,618 - INFO -     >>> Val Avg RMSE (Real): 165.6830
2026-04-27 18:49:13,618 - INFO -     >>> Val MAE Details: ['109.7796', '103.0645', '95.7500', '105.1007', '123.0396', '120.6547', '126.0263']
2026-04-27 18:49:13,618 - INFO - ⏳ No improvement. Patience: 1/50
2026-04-27 19:14:21,752 - INFO - [Epoch 171] Train Loss: 0.0173 | LR: 0.000039
2026-04-27 19:14:21,752 - INFO -     >>> Val Avg RMSE (Real): 167.0385
2026-04-27 19:14:21,752 - INFO -     >>> Val MAE Details: ['108.7475', '100.4404', '96.2609', '110.1080', '124.3790', '126.9597', '126.5553']
2026-04-27 19:14:21,753 - INFO - ⏳ No improvement. Patience: 2/50
2026-04-27 19:34:41,552 - INFO - [Epoch 172] Train Loss: 0.0173 | LR: 0.000038
2026-04-27 19:34:41,552 - INFO -     >>> Val Avg RMSE (Real): 168.7842
2026-04-27 19:34:41,552 - INFO -     >>> Val MAE Details: ['111.2857', '103.5602', '96.5262', '106.8782', '121.6308', '125.0082', '130.2868']
2026-04-27 19:34:41,552 - INFO - ⏳ No improvement. Patience: 3/50
2026-04-27 19:57:07,379 - INFO - [Epoch 173] Train Loss: 0.0173 | LR: 0.000038
2026-04-27 19:57:07,380 - INFO -     >>> Val Avg RMSE (Real): 171.0520
2026-04-27 19:57:07,380 - INFO -     >>> Val MAE Details: ['111.3098', '104.2349', '98.5246', '111.3417', '124.4449', '125.2981', '130.8415']
2026-04-27 19:57:07,380 - INFO - ⏳ No improvement. Patience: 4/50
2026-04-27 20:23:44,617 - INFO - [Epoch 174] Train Loss: 0.0173 | LR: 0.000037
2026-04-27 20:23:44,617 - INFO -     >>> Val Avg RMSE (Real): 170.4858
2026-04-27 20:23:44,617 - INFO -     >>> Val MAE Details: ['112.6835', '99.9630', '95.8503', '116.5238', '122.6627', '125.1719', '135.5476']
2026-04-27 20:23:44,617 - INFO - ⏳ No improvement. Patience: 5/50
2026-04-27 20:40:11,554 - INFO - [Epoch 175] Train Loss: 0.0171 | LR: 0.000037
2026-04-27 20:40:11,555 - INFO -     >>> Val Avg RMSE (Real): 166.4760
2026-04-27 20:40:11,555 - INFO -     >>> Val MAE Details: ['107.2619', '101.7496', '95.6020', '107.9568', '119.4681', '123.2897', '128.9321']
2026-04-27 20:40:11,555 - INFO - ⏳ No improvement. Patience: 6/50
2026-04-27 20:58:59,178 - INFO - [Epoch 176] Train Loss: 0.0173 | LR: 0.000036
2026-04-27 20:58:59,179 - INFO -     >>> Val Avg RMSE (Real): 169.1675
2026-04-27 20:58:59,179 - INFO -     >>> Val MAE Details: ['113.0189', '101.4739', '100.2951', '106.3242', '122.2651', '123.9298', '130.5348']
2026-04-27 20:58:59,179 - INFO - ⏳ No improvement. Patience: 7/50
2026-04-27 21:26:25,356 - INFO - [Epoch 177] Train Loss: 0.0172 | LR: 0.000036
2026-04-27 21:26:25,357 - INFO -     >>> Val Avg RMSE (Real): 168.4051
2026-04-27 21:26:25,357 - INFO -     >>> Val MAE Details: ['110.4922', '102.2895', '96.6708', '116.2096', '120.5533', '124.8347', '127.3146']
2026-04-27 21:26:25,357 - INFO - ⏳ No improvement. Patience: 8/50
2026-04-27 21:49:25,935 - INFO - [Epoch 178] Train Loss: 0.0172 | LR: 0.000035
2026-04-27 21:49:25,935 - INFO -     >>> Val Avg RMSE (Real): 170.4369
2026-04-27 21:49:25,936 - INFO -     >>> Val MAE Details: ['108.6771', '104.0406', '102.2271', '110.3908', '122.5881', '127.2175', '130.0538']
2026-04-27 21:49:25,936 - INFO - ⏳ No improvement. Patience: 9/50
2026-04-27 22:04:09,064 - INFO - [Epoch 179] Train Loss: 0.0171 | LR: 0.000035
2026-04-27 22:04:09,064 - INFO -     >>> Val Avg RMSE (Real): 169.5555
2026-04-27 22:04:09,065 - INFO -     >>> Val MAE Details: ['110.5616', '104.2300', '98.1934', '110.6524', '124.1362', '123.9188', '129.7830']
2026-04-27 22:04:09,065 - INFO - ⏳ No improvement. Patience: 10/50
2026-04-27 22:18:49,896 - INFO - [Epoch 180] Train Loss: 0.0172 | LR: 0.000034
2026-04-27 22:18:49,897 - INFO -     >>> Val Avg RMSE (Real): 172.8838
2026-04-27 22:18:49,897 - INFO -     >>> Val MAE Details: ['109.7059', '102.2339', '97.5494', '107.7192', '125.1162', '134.1434', '143.2109']
2026-04-27 22:18:49,897 - INFO - ⏳ No improvement. Patience: 11/50
2026-04-27 22:43:35,416 - INFO - [Epoch 181] Train Loss: 0.0171 | LR: 0.000034
2026-04-27 22:43:35,416 - INFO -     >>> Val Avg RMSE (Real): 167.3318
2026-04-27 22:43:35,416 - INFO -     >>> Val MAE Details: ['109.2337', '101.3187', '99.3108', '106.1194', '122.3748', '122.4183', '126.1171']
2026-04-27 22:43:35,416 - INFO - ⏳ No improvement. Patience: 12/50
2026-04-27 23:02:44,890 - INFO - [Epoch 182] Train Loss: 0.0171 | LR: 0.000033
2026-04-27 23:02:44,891 - INFO -     >>> Val Avg RMSE (Real): 169.1369
2026-04-27 23:02:44,891 - INFO -     >>> Val MAE Details: ['108.8470', '103.2917', '101.5647', '107.3349', '125.9976', '125.2054', '129.7421']
2026-04-27 23:02:44,891 - INFO - ⏳ No improvement. Patience: 13/50
2026-04-27 23:30:10,827 - INFO - [Epoch 183] Train Loss: 0.0170 | LR: 0.000033
2026-04-27 23:30:10,827 - INFO -     >>> Val Avg RMSE (Real): 168.0927
2026-04-27 23:30:10,827 - INFO -     >>> Val MAE Details: ['109.3195', '104.7834', '103.3850', '105.2733', '124.3940', '124.4995', '128.7660']
2026-04-27 23:30:10,827 - INFO - ⏳ No improvement. Patience: 14/50
2026-04-27 23:51:20,223 - INFO - [Epoch 184] Train Loss: 0.0172 | LR: 0.000032
2026-04-27 23:51:20,224 - INFO -     >>> Val Avg RMSE (Real): 164.5917
2026-04-27 23:51:20,224 - INFO -     >>> Val MAE Details: ['107.2927', '101.2725', '94.7562', '105.0319', '120.2816', '120.2191', '126.9955']
2026-04-27 23:51:20,224 - INFO - ⏳ No improvement. Patience: 15/50
2026-04-28 00:08:58,901 - INFO - [Epoch 185] Train Loss: 0.0170 | LR: 0.000032
2026-04-28 00:08:58,901 - INFO -     >>> Val Avg RMSE (Real): 166.2686
2026-04-28 00:08:58,901 - INFO -     >>> Val MAE Details: ['108.5359', '99.9049', '98.6362', '105.1146', '121.5878', '121.6184', '129.8341']
2026-04-28 00:08:58,902 - INFO - ⏳ No improvement. Patience: 16/50
2026-04-28 00:34:15,814 - INFO - [Epoch 186] Train Loss: 0.0169 | LR: 0.000031
2026-04-28 00:34:15,824 - INFO -     >>> Val Avg RMSE (Real): 165.7618
2026-04-28 00:34:15,824 - INFO -     >>> Val MAE Details: ['109.3917', '103.6672', '101.2824', '107.1833', '120.4024', '125.3913', '126.2152']
2026-04-28 00:34:15,824 - INFO - ⏳ No improvement. Patience: 17/50
2026-04-28 00:57:30,146 - INFO - [Epoch 187] Train Loss: 0.0170 | LR: 0.000031
2026-04-28 00:57:30,147 - INFO -     >>> Val Avg RMSE (Real): 168.2949
2026-04-28 00:57:30,147 - INFO -     >>> Val MAE Details: ['107.0659', '102.5810', '96.8609', '109.2660', '129.9710', '122.6717', '128.3221']
2026-04-28 00:57:30,147 - INFO - ⏳ No improvement. Patience: 18/50
2026-04-28 01:22:48,597 - INFO - [Epoch 188] Train Loss: 0.0169 | LR: 0.000030
2026-04-28 01:22:48,597 - INFO -     >>> Val Avg RMSE (Real): 165.3268
2026-04-28 01:22:48,598 - INFO -     >>> Val MAE Details: ['106.8533', '101.5001', '101.1566', '104.8336', '119.5970', '122.6525', '127.4093']
2026-04-28 01:22:48,598 - INFO - ⏳ No improvement. Patience: 19/50
2026-04-28 01:49:25,015 - INFO - [Epoch 189] Train Loss: 0.0169 | LR: 0.000030
2026-04-28 01:49:25,015 - INFO -     >>> Val Avg RMSE (Real): 167.5371
2026-04-28 01:49:25,016 - INFO -     >>> Val MAE Details: ['109.1389', '99.9483', '94.2169', '107.8414', '120.3475', '124.0852', '131.2934']
2026-04-28 01:49:25,016 - INFO - ⏳ No improvement. Patience: 20/50
2026-04-28 02:15:56,634 - INFO - [Epoch 190] Train Loss: 0.0169 | LR: 0.000029
2026-04-28 02:15:56,635 - INFO -     >>> Val Avg RMSE (Real): 171.3321
2026-04-28 02:15:56,635 - INFO -     >>> Val MAE Details: ['112.4077', '104.8407', '96.3942', '108.5162', '124.2660', '128.9913', '136.4208']
2026-04-28 02:15:56,635 - INFO - ⏳ No improvement. Patience: 21/50
2026-04-28 02:42:23,257 - INFO - [Epoch 191] Train Loss: 0.0169 | LR: 0.000029
2026-04-28 02:42:23,257 - INFO -     >>> Val Avg RMSE (Real): 168.6493
2026-04-28 02:42:23,258 - INFO -     >>> Val MAE Details: ['109.6250', '105.5290', '99.6200', '113.7005', '123.4878', '124.7317', '127.6152']
2026-04-28 02:42:23,258 - INFO - ⏳ No improvement. Patience: 22/50
2026-04-28 03:08:57,368 - INFO - [Epoch 192] Train Loss: 0.0169 | LR: 0.000028
2026-04-28 03:08:57,368 - INFO -     >>> Val Avg RMSE (Real): 170.0270
2026-04-28 03:08:57,368 - INFO -     >>> Val MAE Details: ['109.5742', '103.2810', '96.1762', '116.9594', '128.3325', '127.4395', '131.0693']
2026-04-28 03:08:57,369 - INFO - ⏳ No improvement. Patience: 23/50
2026-04-28 03:32:56,763 - INFO - [Epoch 193] Train Loss: 0.0169 | LR: 0.000028
2026-04-28 03:32:56,764 - INFO -     >>> Val Avg RMSE (Real): 165.0369
2026-04-28 03:32:56,764 - INFO -     >>> Val MAE Details: ['109.2902', '101.5691', '93.6625', '111.6038', '118.4889', '122.5952', '127.2044']
2026-04-28 03:32:56,764 - INFO - ⏳ No improvement. Patience: 24/50
2026-04-28 03:58:52,405 - INFO - [Epoch 194] Train Loss: 0.0168 | LR: 0.000027
2026-04-28 03:58:52,405 - INFO -     >>> Val Avg RMSE (Real): 170.1813
2026-04-28 03:58:52,406 - INFO -     >>> Val MAE Details: ['111.2330', '99.0505', '97.3655', '114.3458', '121.0569', '133.8030', '133.5932']
2026-04-28 03:58:52,406 - INFO - ⏳ No improvement. Patience: 25/50
2026-04-28 04:25:11,928 - INFO - [Epoch 195] Train Loss: 0.0169 | LR: 0.000027
2026-04-28 04:25:11,928 - INFO -     >>> Val Avg RMSE (Real): 166.5743
2026-04-28 04:25:11,928 - INFO -     >>> Val MAE Details: ['109.5478', '100.2091', '94.8782', '105.5301', '121.6605', '122.6478', '128.9792']
2026-04-28 04:25:11,928 - INFO - ⏳ No improvement. Patience: 26/50
2026-04-28 04:51:42,790 - INFO - [Epoch 196] Train Loss: 0.0168 | LR: 0.000026
2026-04-28 04:51:42,791 - INFO -     >>> Val Avg RMSE (Real): 166.9351
2026-04-28 04:51:42,791 - INFO -     >>> Val MAE Details: ['111.5397', '101.2312', '96.8025', '105.4399', '122.5424', '122.6888', '127.2223']
2026-04-28 04:51:42,791 - INFO - ⏳ No improvement. Patience: 27/50
2026-04-28 05:17:53,562 - INFO - [Epoch 197] Train Loss: 0.0168 | LR: 0.000026
2026-04-28 05:17:53,563 - INFO -     >>> Val Avg RMSE (Real): 166.4824
2026-04-28 05:17:53,563 - INFO -     >>> Val MAE Details: ['111.6880', '99.4118', '94.0711', '106.0630', '123.0955', '123.7277', '127.8844']
2026-04-28 05:17:53,563 - INFO - ⏳ No improvement. Patience: 28/50
2026-04-28 05:44:13,055 - INFO - [Epoch 198] Train Loss: 0.0169 | LR: 0.000025
2026-04-28 05:44:13,056 - INFO -     >>> Val Avg RMSE (Real): 166.3983
2026-04-28 05:44:13,056 - INFO -     >>> Val MAE Details: ['111.5177', '101.9413', '94.8305', '108.0026', '120.4573', '122.1995', '126.9541']
2026-04-28 05:44:13,056 - INFO - ⏳ No improvement. Patience: 29/50
2026-04-28 06:10:37,037 - INFO - [Epoch 199] Train Loss: 0.0169 | LR: 0.000025
2026-04-28 06:10:37,038 - INFO -     >>> Val Avg RMSE (Real): 170.0287
2026-04-28 06:10:37,038 - INFO -     >>> Val MAE Details: ['111.2561', '102.5030', '102.2983', '109.0382', '119.9727', '126.6818', '130.8639']
2026-04-28 06:10:37,038 - INFO - ⏳ No improvement. Patience: 30/50
2026-04-28 06:33:17,366 - INFO - [Epoch 200] Train Loss: 0.0168 | LR: 0.000025
2026-04-28 06:33:17,367 - INFO -     >>> Val Avg RMSE (Real): 168.4293
2026-04-28 06:33:17,367 - INFO -     >>> Val MAE Details: ['110.4881', '104.8691', '95.9235', '106.3367', '121.7516', '125.6913', '131.0329']
2026-04-28 06:33:17,367 - INFO - ⏳ No improvement. Patience: 31/50
2026-04-28 06:48:11,318 - INFO - [Epoch 201] Train Loss: 0.0168 | LR: 0.000024
2026-04-28 06:48:11,319 - INFO -     >>> Val Avg RMSE (Real): 167.6985
2026-04-28 06:48:11,319 - INFO -     >>> Val MAE Details: ['107.9590', '104.6463', '95.0686', '107.4622', '122.8595', '126.1064', '127.0181']
2026-04-28 06:48:11,319 - INFO - ⏳ No improvement. Patience: 32/50
2026-04-28 07:03:03,452 - INFO - [Epoch 202] Train Loss: 0.0168 | LR: 0.000024
2026-04-28 07:03:03,452 - INFO -     >>> Val Avg RMSE (Real): 165.7608
2026-04-28 07:03:03,453 - INFO -     >>> Val MAE Details: ['110.6141', '99.6978', '95.0480', '105.0671', '120.7241', '123.9579', '126.3233']
2026-04-28 07:03:03,453 - INFO - ⏳ No improvement. Patience: 33/50
2026-04-28 07:17:56,092 - INFO - [Epoch 203] Train Loss: 0.0168 | LR: 0.000023
2026-04-28 07:17:56,093 - INFO -     >>> Val Avg RMSE (Real): 165.0026
2026-04-28 07:17:56,093 - INFO -     >>> Val MAE Details: ['108.3163', '101.1265', '93.5321', '103.8252', '117.6318', '123.0392', '129.4452']
2026-04-28 07:17:56,093 - INFO - ⏳ No improvement. Patience: 34/50
2026-04-28 07:32:51,551 - INFO - [Epoch 204] Train Loss: 0.0167 | LR: 0.000023
2026-04-28 07:32:51,551 - INFO -     >>> Val Avg RMSE (Real): 168.3756
2026-04-28 07:32:51,552 - INFO -     >>> Val MAE Details: ['108.3431', '102.2211', '97.2427', '106.0860', '121.1476', '126.0333', '134.5750']
2026-04-28 07:32:51,552 - INFO - ⏳ No improvement. Patience: 35/50
2026-04-28 07:47:45,905 - INFO - [Epoch 205] Train Loss: 0.0168 | LR: 0.000022
2026-04-28 07:47:45,905 - INFO -     >>> Val Avg RMSE (Real): 166.6508
2026-04-28 07:47:45,906 - INFO -     >>> Val MAE Details: ['109.6017', '100.9367', '95.9143', '104.7659', '121.2414', '123.9626', '130.9343']
2026-04-28 07:47:45,906 - INFO - ⏳ No improvement. Patience: 36/50
2026-04-28 08:02:39,374 - INFO - [Epoch 206] Train Loss: 0.0169 | LR: 0.000022
2026-04-28 08:02:39,375 - INFO -     >>> Val Avg RMSE (Real): 170.7165
2026-04-28 08:02:39,375 - INFO -     >>> Val MAE Details: ['107.1091', '99.5854', '94.2189', '108.1161', '124.2133', '134.1714', '135.7068']
2026-04-28 08:02:39,375 - INFO - ⏳ No improvement. Patience: 37/50
2026-04-28 08:17:34,918 - INFO - [Epoch 207] Train Loss: 0.0167 | LR: 0.000021
2026-04-28 08:17:34,919 - INFO -     >>> Val Avg RMSE (Real): 165.6542
2026-04-28 08:17:34,919 - INFO -     >>> Val MAE Details: ['108.7253', '101.6081', '95.9485', '105.8076', '125.3591', '122.8896', '126.8695']
2026-04-28 08:17:34,919 - INFO - ⏳ No improvement. Patience: 38/50
2026-04-28 08:32:30,514 - INFO - [Epoch 208] Train Loss: 0.0168 | LR: 0.000021
2026-04-28 08:32:30,514 - INFO -     >>> Val Avg RMSE (Real): 166.4849
2026-04-28 08:32:30,515 - INFO -     >>> Val MAE Details: ['109.6853', '101.9178', '99.1835', '103.7302', '119.9920', '120.5424', '127.2216']
2026-04-28 08:32:30,515 - INFO - ⏳ No improvement. Patience: 39/50
2026-04-28 08:47:27,397 - INFO - [Epoch 209] Train Loss: 0.0167 | LR: 0.000021
2026-04-28 08:47:27,397 - INFO -     >>> Val Avg RMSE (Real): 169.0110
2026-04-28 08:47:27,397 - INFO -     >>> Val MAE Details: ['108.5785', '100.7908', '94.6431', '107.0935', '123.6505', '132.7994', '128.0317']
2026-04-28 08:47:27,398 - INFO - ⏳ No improvement. Patience: 40/50
2026-04-28 09:02:28,752 - INFO - [Epoch 210] Train Loss: 0.0167 | LR: 0.000020
2026-04-28 09:02:28,753 - INFO -     >>> Val Avg RMSE (Real): 167.7946
2026-04-28 09:02:28,753 - INFO -     >>> Val MAE Details: ['109.3841', '100.2948', '94.5247', '107.9949', '121.4657', '126.8957', '129.1506']
2026-04-28 09:02:28,753 - INFO - ⏳ No improvement. Patience: 41/50
2026-04-28 09:17:33,440 - INFO - [Epoch 211] Train Loss: 0.0167 | LR: 0.000020
2026-04-28 09:17:33,441 - INFO -     >>> Val Avg RMSE (Real): 167.8483
2026-04-28 09:17:33,441 - INFO -     >>> Val MAE Details: ['110.4015', '101.3001', '95.9235', '109.4745', '121.1109', '122.3067', '130.5360']
2026-04-28 09:17:33,441 - INFO - ⏳ No improvement. Patience: 42/50
2026-04-28 09:32:37,082 - INFO - [Epoch 212] Train Loss: 0.0167 | LR: 0.000019
2026-04-28 09:32:37,083 - INFO -     >>> Val Avg RMSE (Real): 167.8394
2026-04-28 09:32:37,083 - INFO -     >>> Val MAE Details: ['109.2865', '102.1480', '97.7345', '105.8259', '120.0159', '125.2097', '132.1207']
2026-04-28 09:32:37,083 - INFO - ⏳ No improvement. Patience: 43/50
2026-04-28 09:47:41,370 - INFO - [Epoch 213] Train Loss: 0.0166 | LR: 0.000019
2026-04-28 09:47:41,371 - INFO -     >>> Val Avg RMSE (Real): 167.3614
2026-04-28 09:47:41,371 - INFO -     >>> Val MAE Details: ['109.2218', '99.7406', '93.5965', '105.3406', '128.0772', '124.6169', '129.2211']
2026-04-28 09:47:41,371 - INFO - ⏳ No improvement. Patience: 44/50
2026-04-28 10:02:49,791 - INFO - [Epoch 214] Train Loss: 0.0167 | LR: 0.000019
2026-04-28 10:02:49,792 - INFO -     >>> Val Avg RMSE (Real): 164.6366
2026-04-28 10:02:49,792 - INFO -     >>> Val MAE Details: ['107.5289', '101.1684', '94.5433', '104.9436', '119.2882', '121.4847', '126.6643']
2026-04-28 10:02:49,792 - INFO - ⏳ No improvement. Patience: 45/50
2026-04-28 10:17:53,256 - INFO - [Epoch 215] Train Loss: 0.0167 | LR: 0.000018
2026-04-28 10:17:53,257 - INFO -     >>> Val Avg RMSE (Real): 167.9868
2026-04-28 10:17:53,257 - INFO -     >>> Val MAE Details: ['107.5482', '101.8247', '95.6110', '105.6928', '120.0383', '126.0672', '133.5906']
2026-04-28 10:17:53,257 - INFO - ⏳ No improvement. Patience: 46/50
2026-04-28 10:32:54,513 - INFO - [Epoch 216] Train Loss: 0.0166 | LR: 0.000018
2026-04-28 10:32:54,514 - INFO -     >>> Val Avg RMSE (Real): 164.9014
2026-04-28 10:32:54,514 - INFO -     >>> Val MAE Details: ['108.2350', '99.5483', '95.9712', '104.6743', '118.8803', '123.2971', '125.2322']
2026-04-28 10:32:54,514 - INFO - ⏳ No improvement. Patience: 47/50
2026-04-28 10:47:57,198 - INFO - [Epoch 217] Train Loss: 0.0166 | LR: 0.000017
2026-04-28 10:47:57,199 - INFO -     >>> Val Avg RMSE (Real): 166.0096
2026-04-28 10:47:57,199 - INFO -     >>> Val MAE Details: ['107.9633', '100.1296', '95.9990', '105.9174', '121.2543', '122.1833', '130.9700']
2026-04-28 10:47:57,199 - INFO - ⏳ No improvement. Patience: 48/50
2026-04-28 11:03:01,409 - INFO - [Epoch 218] Train Loss: 0.0165 | LR: 0.000017
2026-04-28 11:03:01,410 - INFO -     >>> Val Avg RMSE (Real): 167.4604
2026-04-28 11:03:01,410 - INFO -     >>> Val MAE Details: ['109.9909', '102.8334', '100.0797', '106.2340', '120.4632', '126.0994', '130.6990']
2026-04-28 11:03:01,410 - INFO - ⏳ No improvement. Patience: 49/50
2026-04-28 11:18:08,302 - INFO - [Epoch 219] Train Loss: 0.0167 | LR: 0.000017
2026-04-28 11:18:08,302 - INFO -     >>> Val Avg RMSE (Real): 168.2376
2026-04-28 11:18:08,303 - INFO -     >>> Val MAE Details: ['108.7580', '107.4771', '98.5502', '105.0856', '121.6175', '126.6062', '130.6727']
2026-04-28 11:18:08,303 - INFO - ⏳ No improvement. Patience: 50/50
2026-04-28 11:18:08,303 - INFO - 🛑 Early Stopping triggered! Best RMSE: 164.0299
