2026-04-06 09:50:51,690 - INFO - 💾 Config files backed up to ./logs/ED5_repr_ed_dense_PointNext_MultiTask7_20260406_095051
2026-04-06 09:50:51,691 - INFO - 🎯 Multi-Task Targets (7): ['homo_2', 'homo_1', 'homo_0', 'lumo_0', 'lumo_1', 'lumo_2', 'lumo_3']
2026-04-06 09:50:51,691 - INFO - ========================================
2026-04-06 09:50:51,691 - INFO -         Training Configuration        
2026-04-06 09:50:51,691 - INFO - ========================================
2026-04-06 09:50:51,692 - INFO - 
{'data': {'dataset_mode': 'repr_ed_dense',
          'grid_size': 0.1,
          'pkl_path': '/home/zw/ED_all/data/ED5_OE/ed_homo_lumo_5w_1024.pkl',
          'targets': ['homo_2',
                      'homo_1',
                      'homo_0',
                      'lumo_0',
                      'lumo_1',
                      'lumo_2',
                      'lumo_3']},
 'model': {'blocks': [1, 2, 4, 2, 1],
           'drop_path_rate': 0.1,
           'dropout': 0.5,
           'expansion': 4,
           'in_channels': 1,
           'name': 'PointNext',
           'nsample': 32,
           'radius': 0.1,
           'sa_layers': 2,
           'sa_use_res': True,
           'strides': [1, 2, 2, 2, 2],
           'width': 64},
 'train': {'batch_size': 32,
           'epochs': 300,
           'grad_norm_clip': 1.0,
           'lr': 0.0001,
           'patience': 50,
           'seed': 2025,
           'weight_decay': 0.0001}}
2026-04-06 09:50:51,692 - INFO - ========================================

2026-04-06 09:50:51,692 - INFO - 🚀 Start Training on Device: cuda
2026-04-06 09:50:51,692 - INFO - Loading Data...
2026-04-06 09:50:51,692 - INFO - Loading Dataset Mode: repr_ed_dense...
2026-04-06 09:50:58,834 - INFO - Stats - Mean: [[-7445.8413  -6840.216   -6120.3984   -467.56372   424.0417   1219.15
   1809.3901 ]], Std: [[ 740.80115  706.1094   754.61444 1186.4423  1122.4873  1107.2244
  1080.796  ]]
2026-04-06 09:50:58,834 - INFO - Building Model: PointNext...
2026-04-06 09:50:59,451 - INFO - Total Parameters: 6.7083 M

2026-04-06 09:54:28,735 - INFO - [Epoch 1] Train Loss: 1.0580 | LR: 0.000100
2026-04-06 09:54:28,735 - INFO -     >>> Val Avg RMSE (Real): 986.9963
2026-04-06 09:54:28,736 - INFO -     >>> Val MAE Details: ['521.6396', '497.2360', '555.7117', '973.1449', '938.1069', '1008.4836', '955.6649']
2026-04-06 09:54:28,879 - INFO - 💾 Saved Best Model to ./logs/ED5_repr_ed_dense_PointNext_MultiTask7_20260406_095051/best_model.pth
2026-04-06 09:57:56,789 - INFO - [Epoch 2] Train Loss: 0.9904 | LR: 0.000100
2026-04-06 09:57:56,789 - INFO -     >>> Val Avg RMSE (Real): 982.5163
2026-04-06 09:57:56,789 - INFO -     >>> Val MAE Details: ['501.7858', '482.5993', '555.2368', '982.5516', '943.6464', '1000.7674', '951.2380']
2026-04-06 09:57:56,962 - INFO - 💾 Saved Best Model to ./logs/ED5_repr_ed_dense_PointNext_MultiTask7_20260406_095051/best_model.pth
2026-04-06 10:01:25,076 - INFO - [Epoch 3] Train Loss: 0.9780 | LR: 0.000100
2026-04-06 10:01:25,077 - INFO -     >>> Val Avg RMSE (Real): 974.7507
2026-04-06 10:01:25,077 - INFO -     >>> Val MAE Details: ['507.0064', '487.4868', '553.1295', '970.7024', '926.6046', '991.9050', '952.3994']
2026-04-06 10:01:25,263 - INFO - 💾 Saved Best Model to ./logs/ED5_repr_ed_dense_PointNext_MultiTask7_20260406_095051/best_model.pth
2026-04-06 10:04:53,449 - INFO - [Epoch 4] Train Loss: 0.9714 | LR: 0.000100
2026-04-06 10:04:53,449 - INFO -     >>> Val Avg RMSE (Real): 975.4640
2026-04-06 10:04:53,449 - INFO -     >>> Val MAE Details: ['502.6643', '481.5914', '553.1301', '975.9530', '927.7020', '994.5320', '954.6233']
2026-04-06 10:04:53,450 - INFO - ⏳ No improvement. Patience: 1/50
2026-04-06 10:08:15,354 - INFO - [Epoch 5] Train Loss: 0.9661 | LR: 0.000100
2026-04-06 10:08:15,355 - INFO -     >>> Val Avg RMSE (Real): 974.9531
2026-04-06 10:08:15,355 - INFO -     >>> Val MAE Details: ['506.3770', '484.0636', '552.6671', '973.6447', '928.0153', '994.9263', '952.6427']
2026-04-06 10:08:15,355 - INFO - ⏳ No improvement. Patience: 2/50
2026-04-06 10:11:36,787 - INFO - [Epoch 6] Train Loss: 0.9646 | LR: 0.000100
2026-04-06 10:11:36,788 - INFO -     >>> Val Avg RMSE (Real): 971.5682
2026-04-06 10:11:36,788 - INFO -     >>> Val MAE Details: ['507.5845', '483.5306', '553.4062', '967.9064', '921.7825', '987.4174', '949.0421']
2026-04-06 10:11:36,970 - INFO - 💾 Saved Best Model to ./logs/ED5_repr_ed_dense_PointNext_MultiTask7_20260406_095051/best_model.pth
2026-04-06 10:15:05,071 - INFO - [Epoch 7] Train Loss: 0.9605 | LR: 0.000100
2026-04-06 10:15:05,072 - INFO -     >>> Val Avg RMSE (Real): 970.2542
2026-04-06 10:15:05,072 - INFO -     >>> Val MAE Details: ['509.1962', '489.3477', '556.4738', '963.1887', '913.3969', '983.4604', '951.4560']
2026-04-06 10:15:05,280 - INFO - 💾 Saved Best Model to ./logs/ED5_repr_ed_dense_PointNext_MultiTask7_20260406_095051/best_model.pth
2026-04-06 10:18:33,074 - INFO - [Epoch 8] Train Loss: 0.9603 | LR: 0.000100
2026-04-06 10:18:33,074 - INFO -     >>> Val Avg RMSE (Real): 966.2186
2026-04-06 10:18:33,074 - INFO -     >>> Val MAE Details: ['498.0502', '478.8513', '553.8392', '958.5914', '905.5987', '984.2774', '955.6461']
2026-04-06 10:18:33,259 - INFO - 💾 Saved Best Model to ./logs/ED5_repr_ed_dense_PointNext_MultiTask7_20260406_095051/best_model.pth
2026-04-06 10:22:01,228 - INFO - [Epoch 9] Train Loss: 0.9597 | LR: 0.000100
2026-04-06 10:22:01,229 - INFO -     >>> Val Avg RMSE (Real): 966.2647
2026-04-06 10:22:01,229 - INFO -     >>> Val MAE Details: ['498.8000', '478.4632', '552.8926', '961.0015', '912.4338', '983.7642', '955.5358']
2026-04-06 10:22:01,229 - INFO - ⏳ No improvement. Patience: 1/50
2026-04-06 10:25:30,266 - INFO - [Epoch 10] Train Loss: 0.9580 | LR: 0.000100
2026-04-06 10:25:30,266 - INFO -     >>> Val Avg RMSE (Real): 968.9383
2026-04-06 10:25:30,266 - INFO -     >>> Val MAE Details: ['506.6092', '486.4500', '557.6835', '960.4410', '912.0747', '985.4847', '953.3289']
2026-04-06 10:25:30,266 - INFO - ⏳ No improvement. Patience: 2/50
2026-04-06 10:28:58,674 - INFO - [Epoch 11] Train Loss: 0.9597 | LR: 0.000100
2026-04-06 10:28:58,675 - INFO -     >>> Val Avg RMSE (Real): 975.8754
2026-04-06 10:28:58,675 - INFO -     >>> Val MAE Details: ['511.3643', '483.8636', '554.5614', '973.7322', '929.2327', '993.1407', '948.4263']
2026-04-06 10:28:58,675 - INFO - ⏳ No improvement. Patience: 3/50
2026-04-06 10:32:27,068 - INFO - [Epoch 12] Train Loss: 0.9571 | LR: 0.000100
2026-04-06 10:32:27,068 - INFO -     >>> Val Avg RMSE (Real): 977.1850
2026-04-06 10:32:27,068 - INFO -     >>> Val MAE Details: ['515.2726', '491.0366', '558.6449', '967.3638', '923.2814', '992.1870', '948.3374']
2026-04-06 10:32:27,068 - INFO - ⏳ No improvement. Patience: 4/50
2026-04-06 10:35:48,000 - INFO - [Epoch 13] Train Loss: 0.9566 | LR: 0.000100
2026-04-06 10:35:48,001 - INFO -     >>> Val Avg RMSE (Real): 977.1309
2026-04-06 10:35:48,001 - INFO -     >>> Val MAE Details: ['518.1572', '488.1495', '557.4210', '968.5966', '929.3625', '991.0763', '944.1832']
2026-04-06 10:35:48,001 - INFO - ⏳ No improvement. Patience: 5/50
2026-04-06 10:39:11,238 - INFO - [Epoch 14] Train Loss: 0.9554 | LR: 0.000099
2026-04-06 10:39:11,238 - INFO -     >>> Val Avg RMSE (Real): 976.8662
2026-04-06 10:39:11,238 - INFO -     >>> Val MAE Details: ['510.1969', '485.6813', '556.5957', '970.9747', '930.9563', '992.9214', '944.8428']
2026-04-06 10:39:11,238 - INFO - ⏳ No improvement. Patience: 6/50
2026-04-06 10:42:39,232 - INFO - [Epoch 15] Train Loss: 0.9544 | LR: 0.000099
2026-04-06 10:42:39,233 - INFO -     >>> Val Avg RMSE (Real): 970.2382
2026-04-06 10:42:39,233 - INFO -     >>> Val MAE Details: ['501.0314', '482.5674', '556.5231', '964.4946', '921.5493', '984.1343', '945.3481']
2026-04-06 10:42:39,233 - INFO - ⏳ No improvement. Patience: 7/50
2026-04-06 10:46:07,307 - INFO - [Epoch 16] Train Loss: 0.9531 | LR: 0.000099
2026-04-06 10:46:07,308 - INFO -     >>> Val Avg RMSE (Real): 962.8176
2026-04-06 10:46:07,308 - INFO -     >>> Val MAE Details: ['491.9206', '475.5210', '553.2416', '958.9148', '904.8965', '978.1865', '952.9908']
2026-04-06 10:46:07,489 - INFO - 💾 Saved Best Model to ./logs/ED5_repr_ed_dense_PointNext_MultiTask7_20260406_095051/best_model.pth
2026-04-06 10:49:35,257 - INFO - [Epoch 17] Train Loss: 0.9538 | LR: 0.000099
2026-04-06 10:49:35,257 - INFO -     >>> Val Avg RMSE (Real): 968.4229
2026-04-06 10:49:35,257 - INFO -     >>> Val MAE Details: ['501.0244', '479.6795', '554.9601', '964.5121', '915.6246', '984.5828', '951.3433']
2026-04-06 10:49:35,258 - INFO - ⏳ No improvement. Patience: 1/50
2026-04-06 10:53:03,394 - INFO - [Epoch 18] Train Loss: 0.9524 | LR: 0.000099
2026-04-06 10:53:03,395 - INFO -     >>> Val Avg RMSE (Real): 968.8944
2026-04-06 10:53:03,395 - INFO -     >>> Val MAE Details: ['495.4114', '479.6686', '552.4860', '963.9321', '916.8328', '987.4604', '948.7354']
2026-04-06 10:53:03,395 - INFO - ⏳ No improvement. Patience: 2/50
2026-04-06 10:56:32,286 - INFO - [Epoch 19] Train Loss: 0.9512 | LR: 0.000099
2026-04-06 10:56:32,286 - INFO -     >>> Val Avg RMSE (Real): 972.3590
2026-04-06 10:56:32,286 - INFO -     >>> Val MAE Details: ['502.4474', '480.2478', '551.9844', '969.8398', '930.5495', '989.1595', '946.2787']
2026-04-06 10:56:32,287 - INFO - ⏳ No improvement. Patience: 3/50
2026-04-06 11:00:00,252 - INFO - [Epoch 20] Train Loss: 0.9512 | LR: 0.000099
2026-04-06 11:00:00,253 - INFO -     >>> Val Avg RMSE (Real): 977.4128
2026-04-06 11:00:00,253 - INFO -     >>> Val MAE Details: ['509.5151', '485.2141', '557.0219', '972.1276', '932.4741', '989.2925', '942.6530']
2026-04-06 11:00:00,253 - INFO - ⏳ No improvement. Patience: 4/50
2026-04-06 11:03:19,631 - INFO - [Epoch 21] Train Loss: 0.9516 | LR: 0.000099
2026-04-06 11:03:19,632 - INFO -     >>> Val Avg RMSE (Real): 969.1712
2026-04-06 11:03:19,632 - INFO -     >>> Val MAE Details: ['498.5695', '477.6699', '551.7697', '963.7398', '918.4252', '986.2299', '950.2007']
2026-04-06 11:03:19,632 - INFO - ⏳ No improvement. Patience: 5/50
2026-04-06 11:06:43,806 - INFO - [Epoch 22] Train Loss: 0.9502 | LR: 0.000099
2026-04-06 11:06:43,806 - INFO -     >>> Val Avg RMSE (Real): 962.5081
2026-04-06 11:06:43,806 - INFO -     >>> Val MAE Details: ['493.9712', '479.1820', '554.4438', '952.2120', '903.1746', '978.3180', '951.1047']
2026-04-06 11:06:43,992 - INFO - 💾 Saved Best Model to ./logs/ED5_repr_ed_dense_PointNext_MultiTask7_20260406_095051/best_model.pth
2026-04-06 11:10:11,764 - INFO - [Epoch 23] Train Loss: 0.9505 | LR: 0.000099
2026-04-06 11:10:11,765 - INFO -     >>> Val Avg RMSE (Real): 975.6107
2026-04-06 11:10:11,765 - INFO -     >>> Val MAE Details: ['506.0104', '487.3274', '557.4691', '967.1669', '929.4172', '987.0071', '943.8150']
2026-04-06 11:10:11,765 - INFO - ⏳ No improvement. Patience: 1/50
2026-04-06 11:13:40,035 - INFO - [Epoch 24] Train Loss: 0.9495 | LR: 0.000098
2026-04-06 11:13:40,035 - INFO -     >>> Val Avg RMSE (Real): 965.7071
2026-04-06 11:13:40,035 - INFO -     >>> Val MAE Details: ['492.7619', '476.3440', '551.6276', '960.8955', '916.4218', '981.0229', '945.3608']
2026-04-06 11:13:40,035 - INFO - ⏳ No improvement. Patience: 2/50
2026-04-06 11:17:07,866 - INFO - [Epoch 25] Train Loss: 0.9494 | LR: 0.000098
2026-04-06 11:17:07,866 - INFO -     >>> Val Avg RMSE (Real): 962.5443
2026-04-06 11:17:07,866 - INFO -     >>> Val MAE Details: ['492.5502', '478.6064', '554.7280', '953.2277', '904.6268', '978.2050', '946.2758']
2026-04-06 11:17:07,867 - INFO - ⏳ No improvement. Patience: 3/50
2026-04-06 11:20:35,916 - INFO - [Epoch 26] Train Loss: 0.9481 | LR: 0.000098
2026-04-06 11:20:35,916 - INFO -     >>> Val Avg RMSE (Real): 966.8819
2026-04-06 11:20:35,916 - INFO -     >>> Val MAE Details: ['500.0667', '482.0724', '555.6548', '959.0315', '914.8701', '983.3257', '948.1612']
2026-04-06 11:20:35,917 - INFO - ⏳ No improvement. Patience: 4/50
2026-04-06 11:24:04,137 - INFO - [Epoch 27] Train Loss: 0.9480 | LR: 0.000098
2026-04-06 11:24:04,137 - INFO -     >>> Val Avg RMSE (Real): 967.3918
2026-04-06 11:24:04,137 - INFO -     >>> Val MAE Details: ['500.6712', '481.7050', '553.8839', '961.9811', '915.8063', '980.8524', '947.1588']
2026-04-06 11:24:04,137 - INFO - ⏳ No improvement. Patience: 5/50
2026-04-06 11:27:32,047 - INFO - [Epoch 28] Train Loss: 0.9492 | LR: 0.000098
2026-04-06 11:27:32,048 - INFO -     >>> Val Avg RMSE (Real): 960.5796
2026-04-06 11:27:32,048 - INFO -     >>> Val MAE Details: ['492.2950', '476.0745', '551.7981', '953.8737', '895.4496', '976.8218', '959.2904']
2026-04-06 11:27:32,234 - INFO - 💾 Saved Best Model to ./logs/ED5_repr_ed_dense_PointNext_MultiTask7_20260406_095051/best_model.pth
2026-04-06 11:30:51,022 - INFO - [Epoch 29] Train Loss: 0.9482 | LR: 0.000098
2026-04-06 11:30:51,022 - INFO -     >>> Val Avg RMSE (Real): 970.9439
2026-04-06 11:30:51,022 - INFO -     >>> Val MAE Details: ['499.4609', '481.8387', '553.2233', '967.2615', '924.4863', '985.6555', '942.2211']
2026-04-06 11:30:51,022 - INFO - ⏳ No improvement. Patience: 1/50
2026-04-06 11:34:15,800 - INFO - [Epoch 30] Train Loss: 0.9471 | LR: 0.000098
2026-04-06 11:34:15,800 - INFO -     >>> Val Avg RMSE (Real): 973.8450
2026-04-06 11:34:15,800 - INFO -     >>> Val MAE Details: ['503.4958', '481.5594', '554.4780', '969.4197', '928.7795', '988.8403', '941.7969']
2026-04-06 11:34:15,800 - INFO - ⏳ No improvement. Patience: 2/50
2026-04-06 11:37:43,935 - INFO - [Epoch 31] Train Loss: 0.9471 | LR: 0.000097
2026-04-06 11:37:43,935 - INFO -     >>> Val Avg RMSE (Real): 962.5570
2026-04-06 11:37:43,935 - INFO -     >>> Val MAE Details: ['492.3132', '476.6168', '553.0463', '956.5591', '907.3456', '977.2993', '951.2446']
2026-04-06 11:37:43,935 - INFO - ⏳ No improvement. Patience: 3/50
2026-04-06 11:41:11,897 - INFO - [Epoch 32] Train Loss: 0.9466 | LR: 0.000097
2026-04-06 11:41:11,898 - INFO -     >>> Val Avg RMSE (Real): 964.1632
2026-04-06 11:41:11,898 - INFO -     >>> Val MAE Details: ['492.3012', '478.6479', '554.2867', '959.7967', '906.6292', '977.9944', '948.1485']
2026-04-06 11:41:11,898 - INFO - ⏳ No improvement. Patience: 4/50
2026-04-06 11:44:40,120 - INFO - [Epoch 33] Train Loss: 0.9461 | LR: 0.000097
2026-04-06 11:44:40,120 - INFO -     >>> Val Avg RMSE (Real): 975.3857
2026-04-06 11:44:40,121 - INFO -     >>> Val MAE Details: ['512.6413', '487.8511', '557.2285', '966.5693', '928.2659', '985.1505', '942.5233']
2026-04-06 11:44:40,121 - INFO - ⏳ No improvement. Patience: 5/50
2026-04-06 11:48:07,959 - INFO - [Epoch 34] Train Loss: 0.9476 | LR: 0.000097
2026-04-06 11:48:07,960 - INFO -     >>> Val Avg RMSE (Real): 978.3772
2026-04-06 11:48:07,960 - INFO -     >>> Val MAE Details: ['518.5032', '490.9890', '557.1719', '968.5184', '935.5129', '987.7278', '939.5566']
2026-04-06 11:48:07,960 - INFO - ⏳ No improvement. Patience: 6/50
2026-04-06 11:51:35,749 - INFO - [Epoch 35] Train Loss: 0.9465 | LR: 0.000097
2026-04-06 11:51:35,749 - INFO -     >>> Val Avg RMSE (Real): 971.1062
2026-04-06 11:51:35,749 - INFO -     >>> Val MAE Details: ['501.9795', '481.8465', '554.7818', '966.1057', '924.0235', '984.4063', '943.7204']
2026-04-06 11:51:35,749 - INFO - ⏳ No improvement. Patience: 7/50
2026-04-06 11:55:02,941 - INFO - [Epoch 36] Train Loss: 0.9456 | LR: 0.000096
2026-04-06 11:55:02,941 - INFO -     >>> Val Avg RMSE (Real): 970.9177
2026-04-06 11:55:02,942 - INFO -     >>> Val MAE Details: ['504.9667', '483.9832', '554.9779', '964.0672', '921.2352', '985.7587', '944.7962']
2026-04-06 11:55:02,942 - INFO - ⏳ No improvement. Patience: 8/50
2026-04-06 11:58:21,786 - INFO - [Epoch 37] Train Loss: 0.9457 | LR: 0.000096
2026-04-06 11:58:21,786 - INFO -     >>> Val Avg RMSE (Real): 968.2429
2026-04-06 11:58:21,786 - INFO -     >>> Val MAE Details: ['498.7795', '481.8448', '554.9677', '960.6833', '917.8227', '981.8102', '945.2698']
2026-04-06 11:58:21,786 - INFO - ⏳ No improvement. Patience: 9/50
2026-04-06 12:01:46,490 - INFO - [Epoch 38] Train Loss: 0.9454 | LR: 0.000096
2026-04-06 12:01:46,490 - INFO -     >>> Val Avg RMSE (Real): 967.7477
2026-04-06 12:01:46,490 - INFO -     >>> Val MAE Details: ['495.7163', '478.9799', '554.0054', '963.9818', '918.8904', '984.4646', '947.9686']
2026-04-06 12:01:46,490 - INFO - ⏳ No improvement. Patience: 10/50
2026-04-06 12:05:14,395 - INFO - [Epoch 39] Train Loss: 0.9455 | LR: 0.000096
2026-04-06 12:05:14,395 - INFO -     >>> Val Avg RMSE (Real): 975.0435
2026-04-06 12:05:14,395 - INFO -     >>> Val MAE Details: ['512.7523', '485.8349', '555.3491', '968.8416', '931.3247', '989.0515', '942.2289']
2026-04-06 12:05:14,395 - INFO - ⏳ No improvement. Patience: 11/50
2026-04-06 12:08:42,003 - INFO - [Epoch 40] Train Loss: 0.9451 | LR: 0.000096
2026-04-06 12:08:42,004 - INFO -     >>> Val Avg RMSE (Real): 974.4745
2026-04-06 12:08:42,004 - INFO -     >>> Val MAE Details: ['506.3838', '484.4961', '555.0842', '972.7258', '928.7646', '988.6355', '942.9556']
2026-04-06 12:08:42,004 - INFO - ⏳ No improvement. Patience: 12/50
2026-04-06 12:12:10,116 - INFO - [Epoch 41] Train Loss: 0.9444 | LR: 0.000095
2026-04-06 12:12:10,117 - INFO -     >>> Val Avg RMSE (Real): 967.8692
2026-04-06 12:12:10,117 - INFO -     >>> Val MAE Details: ['502.1396', '484.7278', '557.6713', '960.1884', '915.8425', '980.5040', '943.8018']
2026-04-06 12:12:10,117 - INFO - ⏳ No improvement. Patience: 13/50
2026-04-06 12:15:38,054 - INFO - [Epoch 42] Train Loss: 0.9444 | LR: 0.000095
2026-04-06 12:15:38,054 - INFO -     >>> Val Avg RMSE (Real): 968.9934
2026-04-06 12:15:38,054 - INFO -     >>> Val MAE Details: ['502.3804', '484.8596', '555.6196', '962.4353', '918.5186', '981.2411', '943.3319']
2026-04-06 12:15:38,054 - INFO - ⏳ No improvement. Patience: 14/50
2026-04-06 12:19:05,695 - INFO - [Epoch 43] Train Loss: 0.9442 | LR: 0.000095
2026-04-06 12:19:05,695 - INFO -     >>> Val Avg RMSE (Real): 974.7007
2026-04-06 12:19:05,695 - INFO -     >>> Val MAE Details: ['509.7104', '488.4763', '555.5971', '965.5999', '929.4189', '985.9500', '940.6141']
2026-04-06 12:19:05,695 - INFO - ⏳ No improvement. Patience: 15/50
2026-04-06 12:22:33,498 - INFO - [Epoch 44] Train Loss: 0.9436 | LR: 0.000095
2026-04-06 12:22:33,498 - INFO -     >>> Val Avg RMSE (Real): 968.4304
2026-04-06 12:22:33,498 - INFO -     >>> Val MAE Details: ['502.2214', '483.0966', '554.2745', '961.0958', '918.9958', '980.1498', '940.3943']
2026-04-06 12:22:33,498 - INFO - ⏳ No improvement. Patience: 16/50
2026-04-06 12:25:52,069 - INFO - [Epoch 45] Train Loss: 0.9437 | LR: 0.000095
2026-04-06 12:25:52,069 - INFO -     >>> Val Avg RMSE (Real): 967.1397
2026-04-06 12:25:52,070 - INFO -     >>> Val MAE Details: ['499.7755', '484.4377', '557.3130', '958.5906', '915.1633', '981.9995', '946.5220']
2026-04-06 12:25:52,070 - INFO - ⏳ No improvement. Patience: 17/50
2026-04-06 12:29:16,468 - INFO - [Epoch 46] Train Loss: 0.9435 | LR: 0.000094
2026-04-06 12:29:16,469 - INFO -     >>> Val Avg RMSE (Real): 964.2630
2026-04-06 12:29:16,469 - INFO -     >>> Val MAE Details: ['496.5010', '482.9936', '555.9949', '954.8204', '906.9986', '978.7380', '950.2087']
2026-04-06 12:29:16,469 - INFO - ⏳ No improvement. Patience: 18/50
2026-04-06 12:32:44,602 - INFO - [Epoch 47] Train Loss: 0.9427 | LR: 0.000094
2026-04-06 12:32:44,602 - INFO -     >>> Val Avg RMSE (Real): 973.7216
2026-04-06 12:32:44,602 - INFO -     >>> Val MAE Details: ['510.6029', '485.6577', '556.2790', '966.1355', '926.7242', '987.1420', '942.8350']
2026-04-06 12:32:44,602 - INFO - ⏳ No improvement. Patience: 19/50
2026-04-06 12:36:12,401 - INFO - [Epoch 48] Train Loss: 0.9430 | LR: 0.000094
2026-04-06 12:36:12,401 - INFO -     >>> Val Avg RMSE (Real): 972.2897
2026-04-06 12:36:12,401 - INFO -     >>> Val MAE Details: ['505.8218', '483.5296', '554.9053', '967.0271', '925.8406', '986.1738', '942.7187']
2026-04-06 12:36:12,401 - INFO - ⏳ No improvement. Patience: 20/50
2026-04-06 12:39:40,271 - INFO - [Epoch 49] Train Loss: 0.9425 | LR: 0.000094
2026-04-06 12:39:40,272 - INFO -     >>> Val Avg RMSE (Real): 974.3021
2026-04-06 12:39:40,272 - INFO -     >>> Val MAE Details: ['510.1189', '487.3194', '556.5004', '964.0285', '928.4797', '986.4573', '939.5497']
2026-04-06 12:39:40,272 - INFO - ⏳ No improvement. Patience: 21/50
2026-04-06 12:43:08,133 - INFO - [Epoch 50] Train Loss: 0.9432 | LR: 0.000093
2026-04-06 12:43:08,133 - INFO -     >>> Val Avg RMSE (Real): 974.4264
2026-04-06 12:43:08,133 - INFO -     >>> Val MAE Details: ['507.1532', '487.2857', '557.2276', '965.6166', '927.7627', '985.5281', '941.3113']
2026-04-06 12:43:08,133 - INFO - ⏳ No improvement. Patience: 22/50
2026-04-06 12:46:36,072 - INFO - [Epoch 51] Train Loss: 0.9424 | LR: 0.000093
2026-04-06 12:46:36,072 - INFO -     >>> Val Avg RMSE (Real): 976.1734
2026-04-06 12:46:36,073 - INFO -     >>> Val MAE Details: ['506.4250', '484.2115', '554.6456', '971.2381', '935.1891', '989.1864', '940.4979']
2026-04-06 12:46:36,073 - INFO - ⏳ No improvement. Patience: 23/50
2026-04-06 12:50:03,960 - INFO - [Epoch 52] Train Loss: 0.9431 | LR: 0.000093
2026-04-06 12:50:03,961 - INFO -     >>> Val Avg RMSE (Real): 971.9759
2026-04-06 12:50:03,961 - INFO -     >>> Val MAE Details: ['508.8314', '487.5788', '557.0719', '963.0161', '924.7343', '985.0388', '940.2518']
2026-04-06 12:50:03,961 - INFO - ⏳ No improvement. Patience: 24/50
2026-04-06 12:53:22,554 - INFO - [Epoch 53] Train Loss: 0.9424 | LR: 0.000092
2026-04-06 12:53:22,555 - INFO -     >>> Val Avg RMSE (Real): 981.9232
2026-04-06 12:53:22,555 - INFO -     >>> Val MAE Details: ['518.1017', '492.8808', '559.4587', '972.9028', '939.2658', '992.0090', '938.8705']
2026-04-06 12:53:22,555 - INFO - ⏳ No improvement. Patience: 25/50
2026-04-06 12:56:47,163 - INFO - [Epoch 54] Train Loss: 0.9413 | LR: 0.000092
2026-04-06 12:56:47,163 - INFO -     >>> Val Avg RMSE (Real): 972.5000
2026-04-06 12:56:47,163 - INFO -     >>> Val MAE Details: ['505.1186', '484.8254', '555.1656', '966.0081', '927.6224', '985.0375', '941.2128']
2026-04-06 12:56:47,164 - INFO - ⏳ No improvement. Patience: 26/50
2026-04-06 13:00:15,360 - INFO - [Epoch 55] Train Loss: 0.9414 | LR: 0.000092
2026-04-06 13:00:15,360 - INFO -     >>> Val Avg RMSE (Real): 966.2118
2026-04-06 13:00:15,360 - INFO -     >>> Val MAE Details: ['493.8932', '479.0059', '553.0805', '963.3597', '915.5674', '980.9067', '946.2631']
2026-04-06 13:00:15,360 - INFO - ⏳ No improvement. Patience: 27/50
2026-04-06 13:03:43,137 - INFO - [Epoch 56] Train Loss: 0.9414 | LR: 0.000092
2026-04-06 13:03:43,138 - INFO -     >>> Val Avg RMSE (Real): 978.0002
2026-04-06 13:03:43,138 - INFO -     >>> Val MAE Details: ['513.8380', '490.3598', '555.9158', '969.0568', '934.2087', '988.8533', '939.1228']
2026-04-06 13:03:43,138 - INFO - ⏳ No improvement. Patience: 28/50
2026-04-06 13:07:11,037 - INFO - [Epoch 57] Train Loss: 0.9406 | LR: 0.000091
2026-04-06 13:07:11,038 - INFO -     >>> Val Avg RMSE (Real): 974.9028
2026-04-06 13:07:11,038 - INFO -     >>> Val MAE Details: ['509.5342', '487.1618', '557.0223', '968.6364', '927.9437', '984.7971', '941.1282']
2026-04-06 13:07:11,038 - INFO - ⏳ No improvement. Patience: 29/50
2026-04-06 13:10:39,029 - INFO - [Epoch 58] Train Loss: 0.9413 | LR: 0.000091
2026-04-06 13:10:39,029 - INFO -     >>> Val Avg RMSE (Real): 960.3674
2026-04-06 13:10:39,029 - INFO -     >>> Val MAE Details: ['492.7234', '478.1517', '554.3174', '951.6873', '895.8045', '975.5320', '958.5490']
2026-04-06 13:10:39,176 - INFO - 💾 Saved Best Model to ./logs/ED5_repr_ed_dense_PointNext_MultiTask7_20260406_095051/best_model.pth
2026-04-06 13:14:07,002 - INFO - [Epoch 59] Train Loss: 0.9406 | LR: 0.000091
2026-04-06 13:14:07,003 - INFO -     >>> Val Avg RMSE (Real): 986.3191
2026-04-06 13:14:07,003 - INFO -     >>> Val MAE Details: ['523.4149', '493.3519', '557.0566', '976.4341', '946.1636', '997.3489', '942.0958']
2026-04-06 13:14:07,003 - INFO - ⏳ No improvement. Patience: 1/50
2026-04-06 13:17:35,099 - INFO - [Epoch 60] Train Loss: 0.9406 | LR: 0.000090
2026-04-06 13:17:35,099 - INFO -     >>> Val Avg RMSE (Real): 978.2942
2026-04-06 13:17:35,099 - INFO -     >>> Val MAE Details: ['513.7686', '488.4250', '558.1200', '968.6218', '933.6896', '989.6476', '940.9181']
2026-04-06 13:17:35,099 - INFO - ⏳ No improvement. Patience: 2/50
2026-04-06 13:20:53,186 - INFO - [Epoch 61] Train Loss: 0.9409 | LR: 0.000090
2026-04-06 13:20:53,186 - INFO -     >>> Val Avg RMSE (Real): 969.1337
2026-04-06 13:20:53,186 - INFO -     >>> Val MAE Details: ['502.2256', '485.1104', '557.0765', '962.5363', '919.2849', '981.8961', '944.5364']
2026-04-06 13:20:53,186 - INFO - ⏳ No improvement. Patience: 3/50
2026-04-06 13:24:18,216 - INFO - [Epoch 62] Train Loss: 0.9407 | LR: 0.000090
2026-04-06 13:24:18,217 - INFO -     >>> Val Avg RMSE (Real): 967.4015
2026-04-06 13:24:18,217 - INFO -     >>> Val MAE Details: ['500.5915', '482.4669', '555.5728', '962.4578', '916.3683', '981.6527', '945.7020']
2026-04-06 13:24:18,217 - INFO - ⏳ No improvement. Patience: 4/50
2026-04-06 13:27:46,100 - INFO - [Epoch 63] Train Loss: 0.9398 | LR: 0.000090
2026-04-06 13:27:46,100 - INFO -     >>> Val Avg RMSE (Real): 974.1223
2026-04-06 13:27:46,100 - INFO -     >>> Val MAE Details: ['505.4766', '484.0695', '554.9187', '968.7338', '931.4177', '988.1211', '939.7926']
2026-04-06 13:27:46,101 - INFO - ⏳ No improvement. Patience: 5/50
2026-04-06 13:31:14,210 - INFO - [Epoch 64] Train Loss: 0.9391 | LR: 0.000089
2026-04-06 13:31:14,211 - INFO -     >>> Val Avg RMSE (Real): 971.1628
2026-04-06 13:31:14,211 - INFO -     >>> Val MAE Details: ['504.6938', '482.6238', '555.2019', '966.1445', '925.6348', '984.5950', '942.3605']
2026-04-06 13:31:14,211 - INFO - ⏳ No improvement. Patience: 6/50
2026-04-06 13:34:42,101 - INFO - [Epoch 65] Train Loss: 0.9395 | LR: 0.000089
2026-04-06 13:34:42,102 - INFO -     >>> Val Avg RMSE (Real): 967.0463
2026-04-06 13:34:42,102 - INFO -     >>> Val MAE Details: ['500.6249', '483.0306', '555.5893', '957.7108', '914.8702', '979.1917', '943.4995']
2026-04-06 13:34:42,102 - INFO - ⏳ No improvement. Patience: 7/50
2026-04-06 13:38:10,279 - INFO - [Epoch 66] Train Loss: 0.9397 | LR: 0.000089
2026-04-06 13:38:10,279 - INFO -     >>> Val Avg RMSE (Real): 975.6671
2026-04-06 13:38:10,280 - INFO -     >>> Val MAE Details: ['507.0908', '485.9717', '556.6589', '968.4039', '930.6626', '986.6009', '939.4122']
2026-04-06 13:38:10,280 - INFO - ⏳ No improvement. Patience: 8/50
2026-04-06 13:41:38,221 - INFO - [Epoch 67] Train Loss: 0.9409 | LR: 0.000088
2026-04-06 13:41:38,222 - INFO -     >>> Val Avg RMSE (Real): 968.4455
2026-04-06 13:41:38,222 - INFO -     >>> Val MAE Details: ['501.9073', '485.7401', '556.7114', '960.6464', '917.5344', '980.6609', '944.1537']
2026-04-06 13:41:38,222 - INFO - ⏳ No improvement. Patience: 9/50
2026-04-06 13:45:06,029 - INFO - [Epoch 68] Train Loss: 0.9397 | LR: 0.000088
2026-04-06 13:45:06,030 - INFO -     >>> Val Avg RMSE (Real): 965.1860
2026-04-06 13:45:06,030 - INFO -     >>> Val MAE Details: ['495.8661', '480.8118', '554.5354', '959.8888', '913.7488', '980.7422', '945.4980']
2026-04-06 13:45:06,030 - INFO - ⏳ No improvement. Patience: 10/50
2026-04-06 13:48:24,191 - INFO - [Epoch 69] Train Loss: 0.9397 | LR: 0.000088
2026-04-06 13:48:24,192 - INFO -     >>> Val Avg RMSE (Real): 965.9995
2026-04-06 13:48:24,192 - INFO -     >>> Val MAE Details: ['492.7756', '478.1328', '553.0986', '962.6535', '917.2843', '980.5889', '946.2786']
2026-04-06 13:48:24,192 - INFO - ⏳ No improvement. Patience: 11/50
2026-04-06 13:51:49,439 - INFO - [Epoch 70] Train Loss: 0.9389 | LR: 0.000087
2026-04-06 13:51:49,439 - INFO -     >>> Val Avg RMSE (Real): 973.0784
2026-04-06 13:51:49,439 - INFO -     >>> Val MAE Details: ['501.3748', '481.4541', '554.1720', '968.9093', '928.1835', '987.3573', '942.5273']
2026-04-06 13:51:49,439 - INFO - ⏳ No improvement. Patience: 12/50
2026-04-06 13:55:17,312 - INFO - [Epoch 71] Train Loss: 0.9384 | LR: 0.000087
2026-04-06 13:55:17,312 - INFO -     >>> Val Avg RMSE (Real): 970.2106
2026-04-06 13:55:17,312 - INFO -     >>> Val MAE Details: ['504.2793', '485.7411', '556.0293', '963.5120', '922.1396', '981.5780', '940.4805']
2026-04-06 13:55:17,313 - INFO - ⏳ No improvement. Patience: 13/50
2026-04-06 13:58:45,245 - INFO - [Epoch 72] Train Loss: 0.9390 | LR: 0.000086
2026-04-06 13:58:45,246 - INFO -     >>> Val Avg RMSE (Real): 974.6083
2026-04-06 13:58:45,246 - INFO -     >>> Val MAE Details: ['509.4798', '487.4151', '557.3144', '966.6555', '927.2593', '985.4985', '939.7015']
2026-04-06 13:58:45,246 - INFO - ⏳ No improvement. Patience: 14/50
2026-04-06 14:02:13,069 - INFO - [Epoch 73] Train Loss: 0.9381 | LR: 0.000086
2026-04-06 14:02:13,070 - INFO -     >>> Val Avg RMSE (Real): 973.2074
2026-04-06 14:02:13,070 - INFO -     >>> Val MAE Details: ['508.0056', '488.4629', '559.0156', '963.2334', '924.1465', '982.3525', '939.9745']
2026-04-06 14:02:13,070 - INFO - ⏳ No improvement. Patience: 15/50
2026-04-06 14:05:39,963 - INFO - [Epoch 74] Train Loss: 0.9373 | LR: 0.000086
2026-04-06 14:05:39,963 - INFO -     >>> Val Avg RMSE (Real): 970.4895
2026-04-06 14:05:39,963 - INFO -     >>> Val MAE Details: ['502.6542', '481.8238', '554.4980', '966.1035', '923.8029', '984.4093', '941.9821']
2026-04-06 14:05:39,963 - INFO - ⏳ No improvement. Patience: 16/50
2026-04-06 14:09:07,159 - INFO - [Epoch 75] Train Loss: 0.9375 | LR: 0.000085
2026-04-06 14:09:07,159 - INFO -     >>> Val Avg RMSE (Real): 966.0925
2026-04-06 14:09:07,159 - INFO -     >>> Val MAE Details: ['497.0499', '483.0392', '556.2070', '959.5170', '911.6049', '978.3785', '942.8762']
2026-04-06 14:09:07,160 - INFO - ⏳ No improvement. Patience: 17/50
2026-04-06 14:12:35,398 - INFO - [Epoch 76] Train Loss: 0.9373 | LR: 0.000085
2026-04-06 14:12:35,398 - INFO -     >>> Val Avg RMSE (Real): 972.0828
2026-04-06 14:12:35,398 - INFO -     >>> Val MAE Details: ['503.7612', '484.6860', '554.7336', '966.5832', '927.1949', '984.6341', '940.1289']
2026-04-06 14:12:35,398 - INFO - ⏳ No improvement. Patience: 18/50
2026-04-06 14:15:53,993 - INFO - [Epoch 77] Train Loss: 0.9379 | LR: 0.000085
2026-04-06 14:15:53,993 - INFO -     >>> Val Avg RMSE (Real): 980.5451
2026-04-06 14:15:53,993 - INFO -     >>> Val MAE Details: ['518.1136', '494.1858', '559.4922', '969.0008', '935.7438', '988.8157', '939.7358']
2026-04-06 14:15:53,993 - INFO - ⏳ No improvement. Patience: 19/50
2026-04-06 14:19:18,905 - INFO - [Epoch 78] Train Loss: 0.9380 | LR: 0.000084
2026-04-06 14:19:18,906 - INFO -     >>> Val Avg RMSE (Real): 975.0543
2026-04-06 14:19:18,906 - INFO -     >>> Val MAE Details: ['511.0941', '488.5051', '556.9544', '965.2904', '929.5583', '986.6125', '939.7675']
2026-04-06 14:19:18,906 - INFO - ⏳ No improvement. Patience: 20/50
2026-04-06 14:22:46,633 - INFO - [Epoch 79] Train Loss: 0.9364 | LR: 0.000084
2026-04-06 14:22:46,633 - INFO -     >>> Val Avg RMSE (Real): 979.3153
2026-04-06 14:22:46,633 - INFO -     >>> Val MAE Details: ['514.4139', '491.7622', '558.2733', '969.2412', '934.3043', '988.6398', '940.0069']
2026-04-06 14:22:46,633 - INFO - ⏳ No improvement. Patience: 21/50
2026-04-06 14:26:14,831 - INFO - [Epoch 80] Train Loss: 0.9367 | LR: 0.000083
2026-04-06 14:26:14,832 - INFO -     >>> Val Avg RMSE (Real): 958.1297
2026-04-06 14:26:14,832 - INFO -     >>> Val MAE Details: ['486.5496', '473.6723', '549.4790', '947.6237', '891.9147', '975.0807', '961.0834']
2026-04-06 14:26:15,017 - INFO - 💾 Saved Best Model to ./logs/ED5_repr_ed_dense_PointNext_MultiTask7_20260406_095051/best_model.pth
2026-04-06 14:29:42,973 - INFO - [Epoch 81] Train Loss: 0.9371 | LR: 0.000083
2026-04-06 14:29:42,974 - INFO -     >>> Val Avg RMSE (Real): 972.9706
2026-04-06 14:29:42,974 - INFO -     >>> Val MAE Details: ['504.5991', '483.6965', '554.8381', '968.2643', '930.2014', '985.8431', '940.3377']
2026-04-06 14:29:42,974 - INFO - ⏳ No improvement. Patience: 1/50
2026-04-06 14:33:10,809 - INFO - [Epoch 82] Train Loss: 0.9356 | LR: 0.000083
2026-04-06 14:33:10,810 - INFO -     >>> Val Avg RMSE (Real): 971.7805
2026-04-06 14:33:10,810 - INFO -     >>> Val MAE Details: ['503.4050', '485.3383', '556.4011', '963.2868', '926.2203', '983.0621', '941.8547']
2026-04-06 14:33:10,810 - INFO - ⏳ No improvement. Patience: 2/50
2026-04-06 14:36:38,929 - INFO - [Epoch 83] Train Loss: 0.9361 | LR: 0.000082
2026-04-06 14:36:38,930 - INFO -     >>> Val Avg RMSE (Real): 972.0416
2026-04-06 14:36:38,930 - INFO -     >>> Val MAE Details: ['504.9140', '485.5214', '556.2416', '965.4668', '925.8525', '984.6245', '941.2490']
2026-04-06 14:36:38,930 - INFO - ⏳ No improvement. Patience: 3/50
2026-04-06 14:40:07,495 - INFO - [Epoch 84] Train Loss: 0.9369 | LR: 0.000082
2026-04-06 14:40:07,495 - INFO -     >>> Val Avg RMSE (Real): 964.0600
2026-04-06 14:40:07,495 - INFO -     >>> Val MAE Details: ['496.2521', '480.3255', '554.7925', '958.9763', '912.6348', '977.2356', '943.1424']
2026-04-06 14:40:07,495 - INFO - ⏳ No improvement. Patience: 4/50
2026-04-06 14:43:24,919 - INFO - [Epoch 85] Train Loss: 0.9364 | LR: 0.000081
2026-04-06 14:43:24,919 - INFO -     >>> Val Avg RMSE (Real): 958.7776
2026-04-06 14:43:24,919 - INFO -     >>> Val MAE Details: ['488.5145', '478.2674', '554.3645', '947.3106', '894.6129', '974.8732', '956.9264']
2026-04-06 14:43:24,919 - INFO - ⏳ No improvement. Patience: 5/50
2026-04-06 14:46:50,349 - INFO - [Epoch 86] Train Loss: 0.9356 | LR: 0.000081
2026-04-06 14:46:50,349 - INFO -     >>> Val Avg RMSE (Real): 974.9500
2026-04-06 14:46:50,350 - INFO -     >>> Val MAE Details: ['507.6888', '487.5593', '558.5334', '966.0133', '927.0446', '984.3329', '939.9851']
2026-04-06 14:46:50,350 - INFO - ⏳ No improvement. Patience: 6/50
2026-04-06 14:50:18,356 - INFO - [Epoch 87] Train Loss: 0.9358 | LR: 0.000081
2026-04-06 14:50:18,357 - INFO -     >>> Val Avg RMSE (Real): 967.6755
2026-04-06 14:50:18,357 - INFO -     >>> Val MAE Details: ['499.1986', '481.1720', '554.7182', '962.1899', '919.8085', '980.6056', '941.8557']
2026-04-06 14:50:18,357 - INFO - ⏳ No improvement. Patience: 7/50
2026-04-06 14:53:45,969 - INFO - [Epoch 88] Train Loss: 0.9353 | LR: 0.000080
2026-04-06 14:53:45,969 - INFO -     >>> Val Avg RMSE (Real): 958.3159
2026-04-06 14:53:45,969 - INFO -     >>> Val MAE Details: ['488.6551', '477.8210', '554.2442', '949.2786', '897.4803', '971.6980', '948.7980']
2026-04-06 14:53:45,969 - INFO - ⏳ No improvement. Patience: 8/50
2026-04-06 14:57:13,940 - INFO - [Epoch 89] Train Loss: 0.9353 | LR: 0.000080
2026-04-06 14:57:13,940 - INFO -     >>> Val Avg RMSE (Real): 971.7306
2026-04-06 14:57:13,941 - INFO -     >>> Val MAE Details: ['505.0183', '486.1212', '555.3853', '962.5379', '920.6458', '982.7925', '939.9038']
2026-04-06 14:57:13,941 - INFO - ⏳ No improvement. Patience: 9/50
2026-04-06 15:00:41,763 - INFO - [Epoch 90] Train Loss: 0.9360 | LR: 0.000079
2026-04-06 15:00:41,763 - INFO -     >>> Val Avg RMSE (Real): 961.3428
2026-04-06 15:00:41,763 - INFO -     >>> Val MAE Details: ['492.5051', '478.9283', '553.2103', '953.3600', '908.8746', '975.8109', '946.4818']
2026-04-06 15:00:41,764 - INFO - ⏳ No improvement. Patience: 10/50
2026-04-06 15:04:09,870 - INFO - [Epoch 91] Train Loss: 0.9347 | LR: 0.000079
2026-04-06 15:04:09,871 - INFO -     >>> Val Avg RMSE (Real): 970.0970
2026-04-06 15:04:09,871 - INFO -     >>> Val MAE Details: ['500.8108', '483.2324', '554.6882', '962.4464', '920.9512', '982.0361', '941.4835']
2026-04-06 15:04:09,871 - INFO - ⏳ No improvement. Patience: 11/50
2026-04-06 15:07:37,766 - INFO - [Epoch 92] Train Loss: 0.9359 | LR: 0.000079
2026-04-06 15:07:37,766 - INFO -     >>> Val Avg RMSE (Real): 974.9306
2026-04-06 15:07:37,767 - INFO -     >>> Val MAE Details: ['509.9587', '487.6495', '555.9004', '967.4593', '930.1036', '985.7019', '940.2294']
2026-04-06 15:07:37,767 - INFO - ⏳ No improvement. Patience: 12/50
2026-04-06 15:10:54,772 - INFO - [Epoch 93] Train Loss: 0.9339 | LR: 0.000078
2026-04-06 15:10:54,773 - INFO -     >>> Val Avg RMSE (Real): 973.3643
2026-04-06 15:10:54,773 - INFO -     >>> Val MAE Details: ['505.6267', '484.9753', '554.6556', '967.3401', '930.5278', '986.2217', '939.8997']
2026-04-06 15:10:54,773 - INFO - ⏳ No improvement. Patience: 13/50
2026-04-06 15:14:20,490 - INFO - [Epoch 94] Train Loss: 0.9336 | LR: 0.000078
2026-04-06 15:14:20,490 - INFO -     >>> Val Avg RMSE (Real): 975.0463
2026-04-06 15:14:20,490 - INFO -     >>> Val MAE Details: ['508.4392', '486.6854', '556.3260', '966.9677', '927.9772', '984.1466', '939.7866']
2026-04-06 15:14:20,490 - INFO - ⏳ No improvement. Patience: 14/50
2026-04-06 15:17:48,676 - INFO - [Epoch 95] Train Loss: 0.9343 | LR: 0.000077
2026-04-06 15:17:48,676 - INFO -     >>> Val Avg RMSE (Real): 976.6219
2026-04-06 15:17:48,676 - INFO -     >>> Val MAE Details: ['512.2266', '490.0323', '557.2150', '965.7784', '926.9549', '984.7433', '940.9556']
2026-04-06 15:17:48,676 - INFO - ⏳ No improvement. Patience: 15/50
2026-04-06 15:21:16,093 - INFO - [Epoch 96] Train Loss: 0.9340 | LR: 0.000077
2026-04-06 15:21:16,093 - INFO -     >>> Val Avg RMSE (Real): 982.6267
2026-04-06 15:21:16,094 - INFO -     >>> Val MAE Details: ['514.7929', '491.5500', '557.7142', '971.6088', '937.6178', '991.2654', '940.2537']
2026-04-06 15:21:16,094 - INFO - ⏳ No improvement. Patience: 16/50
2026-04-06 15:24:44,144 - INFO - [Epoch 97] Train Loss: 0.9333 | LR: 0.000076
2026-04-06 15:24:44,145 - INFO -     >>> Val Avg RMSE (Real): 974.0847
2026-04-06 15:24:44,145 - INFO -     >>> Val MAE Details: ['505.3385', '483.1805', '553.4440', '967.8716', '930.1577', '986.0767', '938.1021']
2026-04-06 15:24:44,145 - INFO - ⏳ No improvement. Patience: 17/50
2026-04-06 15:28:11,457 - INFO - [Epoch 98] Train Loss: 0.9338 | LR: 0.000076
2026-04-06 15:28:11,457 - INFO -     >>> Val Avg RMSE (Real): 971.6168
2026-04-06 15:28:11,457 - INFO -     >>> Val MAE Details: ['507.2806', '487.0769', '555.8069', '963.0677', '924.2674', '982.4878', '938.4668']
2026-04-06 15:28:11,457 - INFO - ⏳ No improvement. Patience: 18/50
2026-04-06 15:31:39,586 - INFO - [Epoch 99] Train Loss: 0.9326 | LR: 0.000075
2026-04-06 15:31:39,586 - INFO -     >>> Val Avg RMSE (Real): 957.9667
2026-04-06 15:31:39,587 - INFO -     >>> Val MAE Details: ['489.2553', '478.1963', '554.4520', '948.5565', '895.9255', '969.8567', '949.7244']
2026-04-06 15:31:39,769 - INFO - 💾 Saved Best Model to ./logs/ED5_repr_ed_dense_PointNext_MultiTask7_20260406_095051/best_model.pth
2026-04-06 15:35:07,431 - INFO - [Epoch 100] Train Loss: 0.9331 | LR: 0.000075
2026-04-06 15:35:07,432 - INFO -     >>> Val Avg RMSE (Real): 979.9208
2026-04-06 15:35:07,432 - INFO -     >>> Val MAE Details: ['517.3859', '491.1655', '556.4103', '968.2780', '933.9249', '987.8249', '940.0533']
2026-04-06 15:35:07,432 - INFO - ⏳ No improvement. Patience: 1/50
2026-04-06 15:38:24,677 - INFO - [Epoch 101] Train Loss: 0.9328 | LR: 0.000075
2026-04-06 15:38:24,677 - INFO -     >>> Val Avg RMSE (Real): 975.0543
2026-04-06 15:38:24,677 - INFO -     >>> Val MAE Details: ['506.8290', '487.8070', '556.0455', '965.3569', '927.3291', '984.2834', '939.2945']
2026-04-06 15:38:24,677 - INFO - ⏳ No improvement. Patience: 2/50
2026-04-06 15:41:48,221 - INFO - [Epoch 102] Train Loss: 0.9319 | LR: 0.000074
2026-04-06 15:41:48,222 - INFO -     >>> Val Avg RMSE (Real): 973.8220
2026-04-06 15:41:48,222 - INFO -     >>> Val MAE Details: ['506.5268', '487.0255', '556.4101', '966.8793', '928.7750', '985.0556', '939.4318']
2026-04-06 15:41:48,222 - INFO - ⏳ No improvement. Patience: 3/50
2026-04-06 15:45:15,988 - INFO - [Epoch 103] Train Loss: 0.9319 | LR: 0.000074
2026-04-06 15:45:15,989 - INFO -     >>> Val Avg RMSE (Real): 957.3857
2026-04-06 15:45:15,989 - INFO -     >>> Val MAE Details: ['487.0780', '477.3052', '553.3529', '946.8828', '892.5835', '970.8237', '954.8578']
2026-04-06 15:45:16,169 - INFO - 💾 Saved Best Model to ./logs/ED5_repr_ed_dense_PointNext_MultiTask7_20260406_095051/best_model.pth
2026-04-06 15:48:43,845 - INFO - [Epoch 104] Train Loss: 0.9334 | LR: 0.000073
2026-04-06 15:48:43,845 - INFO -     >>> Val Avg RMSE (Real): 979.3358
2026-04-06 15:48:43,845 - INFO -     >>> Val MAE Details: ['511.4326', '488.5098', '555.6604', '970.2211', '938.1768', '989.1271', '937.7205']
2026-04-06 15:48:43,846 - INFO - ⏳ No improvement. Patience: 1/50
2026-04-06 15:52:11,668 - INFO - [Epoch 105] Train Loss: 0.9329 | LR: 0.000073
2026-04-06 15:52:11,669 - INFO -     >>> Val Avg RMSE (Real): 976.0956
2026-04-06 15:52:11,669 - INFO -     >>> Val MAE Details: ['506.8364', '488.0772', '556.5539', '966.1443', '926.9818', '984.1848', '940.8866']
2026-04-06 15:52:11,669 - INFO - ⏳ No improvement. Patience: 2/50
2026-04-06 15:55:39,677 - INFO - [Epoch 106] Train Loss: 0.9324 | LR: 0.000072
2026-04-06 15:55:39,678 - INFO -     >>> Val Avg RMSE (Real): 968.2841
2026-04-06 15:55:39,678 - INFO -     >>> Val MAE Details: ['502.3702', '483.4604', '555.6796', '960.6592', '920.9278', '980.7197', '940.6023']
2026-04-06 15:55:39,678 - INFO - ⏳ No improvement. Patience: 3/50
2026-04-06 15:59:07,787 - INFO - [Epoch 107] Train Loss: 0.9321 | LR: 0.000072
2026-04-06 15:59:07,788 - INFO -     >>> Val Avg RMSE (Real): 976.9185
2026-04-06 15:59:07,788 - INFO -     >>> Val MAE Details: ['509.8471', '486.4296', '555.6199', '970.5074', '932.5803', '986.3701', '939.4659']
2026-04-06 15:59:07,788 - INFO - ⏳ No improvement. Patience: 4/50
2026-04-06 16:02:35,566 - INFO - [Epoch 108] Train Loss: 0.9302 | LR: 0.000071
2026-04-06 16:02:35,567 - INFO -     >>> Val Avg RMSE (Real): 956.6283
2026-04-06 16:02:35,567 - INFO -     >>> Val MAE Details: ['482.2151', '473.1842', '552.6383', '945.0927', '888.4840', '972.4227', '961.7349']
2026-04-06 16:02:35,749 - INFO - 💾 Saved Best Model to ./logs/ED5_repr_ed_dense_PointNext_MultiTask7_20260406_095051/best_model.pth
2026-04-06 16:05:53,371 - INFO - [Epoch 109] Train Loss: 0.9317 | LR: 0.000071
2026-04-06 16:05:53,372 - INFO -     >>> Val Avg RMSE (Real): 982.5464
2026-04-06 16:05:53,372 - INFO -     >>> Val MAE Details: ['514.7500', '490.0310', '555.6028', '973.9586', '941.2108', '992.3480', '941.0607']
2026-04-06 16:05:53,372 - INFO - ⏳ No improvement. Patience: 1/50
2026-04-06 16:09:18,400 - INFO - [Epoch 110] Train Loss: 0.9309 | LR: 0.000070
2026-04-06 16:09:18,401 - INFO -     >>> Val Avg RMSE (Real): 957.7564
2026-04-06 16:09:18,401 - INFO -     >>> Val MAE Details: ['490.5936', '478.1539', '554.5768', '943.3811', '889.1896', '973.8768', '964.0591']
2026-04-06 16:09:18,401 - INFO - ⏳ No improvement. Patience: 2/50
2026-04-06 16:12:46,313 - INFO - [Epoch 111] Train Loss: 0.9325 | LR: 0.000070
2026-04-06 16:12:46,313 - INFO -     >>> Val Avg RMSE (Real): 971.5163
2026-04-06 16:12:46,313 - INFO -     >>> Val MAE Details: ['501.7262', '483.3926', '554.7816', '968.1812', '926.3736', '983.2981', '939.5197']
2026-04-06 16:12:46,314 - INFO - ⏳ No improvement. Patience: 3/50
2026-04-06 16:16:14,167 - INFO - [Epoch 112] Train Loss: 0.9313 | LR: 0.000069
2026-04-06 16:16:14,167 - INFO -     >>> Val Avg RMSE (Real): 970.3898
2026-04-06 16:16:14,167 - INFO -     >>> Val MAE Details: ['498.8379', '483.6828', '555.3392', '964.8093', '923.4612', '981.5608', '940.9313']
2026-04-06 16:16:14,167 - INFO - ⏳ No improvement. Patience: 4/50
2026-04-06 16:19:42,097 - INFO - [Epoch 113] Train Loss: 0.9315 | LR: 0.000069
2026-04-06 16:19:42,098 - INFO -     >>> Val Avg RMSE (Real): 959.0919
2026-04-06 16:19:42,098 - INFO -     >>> Val MAE Details: ['488.5807', '476.2251', '552.1494', '954.1187', '901.9762', '972.8748', '947.7950']
2026-04-06 16:19:42,098 - INFO - ⏳ No improvement. Patience: 5/50
2026-04-06 16:23:10,023 - INFO - [Epoch 114] Train Loss: 0.9304 | LR: 0.000068
2026-04-06 16:23:10,023 - INFO -     >>> Val Avg RMSE (Real): 963.6143
2026-04-06 16:23:10,023 - INFO -     >>> Val MAE Details: ['497.5896', '482.3933', '555.5367', '957.8788', '909.9678', '975.6033', '942.3808']
2026-04-06 16:23:10,023 - INFO - ⏳ No improvement. Patience: 6/50
2026-04-06 16:26:37,565 - INFO - [Epoch 115] Train Loss: 0.9306 | LR: 0.000068
2026-04-06 16:26:37,566 - INFO -     >>> Val Avg RMSE (Real): 976.9413
2026-04-06 16:26:37,566 - INFO -     >>> Val MAE Details: ['507.6503', '485.7961', '554.8052', '969.6649', '933.0784', '986.6058', '939.5349']
2026-04-06 16:26:37,566 - INFO - ⏳ No improvement. Patience: 7/50
2026-04-06 16:30:04,652 - INFO - [Epoch 116] Train Loss: 0.9307 | LR: 0.000067
2026-04-06 16:30:04,652 - INFO -     >>> Val Avg RMSE (Real): 973.2906
2026-04-06 16:30:04,652 - INFO -     >>> Val MAE Details: ['505.0269', '485.1372', '555.8699', '964.9518', '926.1008', '985.3563', '940.8541']
2026-04-06 16:30:04,652 - INFO - ⏳ No improvement. Patience: 8/50
2026-04-06 16:33:22,867 - INFO - [Epoch 117] Train Loss: 0.9299 | LR: 0.000067
2026-04-06 16:33:22,867 - INFO -     >>> Val Avg RMSE (Real): 973.3212
2026-04-06 16:33:22,867 - INFO -     >>> Val MAE Details: ['505.5637', '485.3695', '556.1909', '967.0386', '928.9288', '984.1693', '939.0500']
2026-04-06 16:33:22,868 - INFO - ⏳ No improvement. Patience: 9/50
2026-04-06 16:36:47,503 - INFO - [Epoch 118] Train Loss: 0.9312 | LR: 0.000066
2026-04-06 16:36:47,503 - INFO -     >>> Val Avg RMSE (Real): 975.7969
2026-04-06 16:36:47,503 - INFO -     >>> Val MAE Details: ['507.0327', '486.7695', '555.2535', '968.9285', '931.2729', '986.8674', '939.7193']
2026-04-06 16:36:47,503 - INFO - ⏳ No improvement. Patience: 10/50
2026-04-06 16:40:15,288 - INFO - [Epoch 119] Train Loss: 0.9308 | LR: 0.000066
2026-04-06 16:40:15,288 - INFO -     >>> Val Avg RMSE (Real): 978.8781
2026-04-06 16:40:15,288 - INFO -     >>> Val MAE Details: ['507.7379', '487.1671', '556.3821', '971.4909', '934.7286', '988.4663', '939.2098']
2026-04-06 16:40:15,288 - INFO - ⏳ No improvement. Patience: 11/50
2026-04-06 16:43:42,774 - INFO - [Epoch 120] Train Loss: 0.9298 | LR: 0.000065
2026-04-06 16:43:42,775 - INFO -     >>> Val Avg RMSE (Real): 976.6430
2026-04-06 16:43:42,775 - INFO -     >>> Val MAE Details: ['511.6788', '490.3043', '557.1553', '967.6557', '931.2028', '985.9516', '938.9039']
2026-04-06 16:43:42,775 - INFO - ⏳ No improvement. Patience: 12/50
2026-04-06 16:47:10,631 - INFO - [Epoch 121] Train Loss: 0.9293 | LR: 0.000065
2026-04-06 16:47:10,631 - INFO -     >>> Val Avg RMSE (Real): 975.6651
2026-04-06 16:47:10,631 - INFO -     >>> Val MAE Details: ['508.4176', '489.3503', '557.5341', '967.4515', '927.1320', '982.4833', '938.4220']
2026-04-06 16:47:10,631 - INFO - ⏳ No improvement. Patience: 13/50
2026-04-06 16:50:38,568 - INFO - [Epoch 122] Train Loss: 0.9291 | LR: 0.000064
2026-04-06 16:50:38,568 - INFO -     >>> Val Avg RMSE (Real): 972.2988
2026-04-06 16:50:38,568 - INFO -     >>> Val MAE Details: ['502.7297', '483.3642', '554.5587', '966.0021', '924.1960', '982.8387', '940.4309']
2026-04-06 16:50:38,568 - INFO - ⏳ No improvement. Patience: 14/50
2026-04-06 16:54:06,535 - INFO - [Epoch 123] Train Loss: 0.9292 | LR: 0.000064
2026-04-06 16:54:06,535 - INFO -     >>> Val Avg RMSE (Real): 971.0611
2026-04-06 16:54:06,535 - INFO -     >>> Val MAE Details: ['506.9803', '487.1107', '555.7171', '962.6879', '922.1180', '980.8685', '939.3558']
2026-04-06 16:54:06,536 - INFO - ⏳ No improvement. Patience: 15/50
2026-04-06 16:57:34,603 - INFO - [Epoch 124] Train Loss: 0.9279 | LR: 0.000063
2026-04-06 16:57:34,603 - INFO -     >>> Val Avg RMSE (Real): 965.6999
2026-04-06 16:57:34,604 - INFO -     >>> Val MAE Details: ['499.8353', '482.9752', '555.2504', '960.8112', '915.6138', '977.3566', '941.7159']
2026-04-06 16:57:34,604 - INFO - ⏳ No improvement. Patience: 16/50
2026-04-06 17:00:53,312 - INFO - [Epoch 125] Train Loss: 0.9297 | LR: 0.000063
2026-04-06 17:00:53,312 - INFO -     >>> Val Avg RMSE (Real): 973.2220
2026-04-06 17:00:53,312 - INFO -     >>> Val MAE Details: ['507.3700', '485.9658', '555.1036', '966.5648', '927.8410', '985.8989', '939.5383']
2026-04-06 17:00:53,313 - INFO - ⏳ No improvement. Patience: 17/50
2026-04-06 17:04:18,320 - INFO - [Epoch 126] Train Loss: 0.9290 | LR: 0.000062
2026-04-06 17:04:18,320 - INFO -     >>> Val Avg RMSE (Real): 980.0112
2026-04-06 17:04:18,321 - INFO -     >>> Val MAE Details: ['512.6449', '489.3234', '555.3429', '971.8865', '936.0425', '989.8947', '938.8660']
2026-04-06 17:04:18,321 - INFO - ⏳ No improvement. Patience: 18/50
2026-04-06 17:07:47,722 - INFO - [Epoch 127] Train Loss: 0.9300 | LR: 0.000062
2026-04-06 17:07:47,723 - INFO -     >>> Val Avg RMSE (Real): 965.3927
2026-04-06 17:07:47,723 - INFO -     >>> Val MAE Details: ['493.7548', '479.2225', '553.1381', '962.3481', '916.5592', '977.9345', '942.3382']
2026-04-06 17:07:47,723 - INFO - ⏳ No improvement. Patience: 19/50
2026-04-06 17:11:17,779 - INFO - [Epoch 128] Train Loss: 0.9281 | LR: 0.000061
2026-04-06 17:11:17,780 - INFO -     >>> Val Avg RMSE (Real): 969.0636
2026-04-06 17:11:17,780 - INFO -     >>> Val MAE Details: ['503.8174', '485.6201', '556.9064', '961.7990', '917.9521', '978.6846', '941.0696']
2026-04-06 17:11:17,780 - INFO - ⏳ No improvement. Patience: 20/50
2026-04-06 17:14:48,479 - INFO - [Epoch 129] Train Loss: 0.9281 | LR: 0.000061
2026-04-06 17:14:48,479 - INFO -     >>> Val Avg RMSE (Real): 958.3494
2026-04-06 17:14:48,479 - INFO -     >>> Val MAE Details: ['487.9669', '476.1778', '552.8585', '948.9515', '897.4646', '974.1216', '955.4116']
2026-04-06 17:14:48,479 - INFO - ⏳ No improvement. Patience: 21/50
2026-04-06 17:18:17,509 - INFO - [Epoch 130] Train Loss: 0.9263 | LR: 0.000060
2026-04-06 17:18:17,509 - INFO -     >>> Val Avg RMSE (Real): 979.0635
2026-04-06 17:18:17,510 - INFO -     >>> Val MAE Details: ['506.7885', '486.4142', '555.3757', '972.4147', '937.3204', '989.7493', '939.3032']
2026-04-06 17:18:17,510 - INFO - ⏳ No improvement. Patience: 22/50
2026-04-06 17:21:45,525 - INFO - [Epoch 131] Train Loss: 0.9265 | LR: 0.000060
2026-04-06 17:21:45,525 - INFO -     >>> Val Avg RMSE (Real): 978.4480
2026-04-06 17:21:45,526 - INFO -     >>> Val MAE Details: ['506.8797', '486.5762', '554.7419', '973.4886', '934.8574', '987.9850', '938.7383']
2026-04-06 17:21:45,526 - INFO - ⏳ No improvement. Patience: 23/50
2026-04-06 17:25:13,755 - INFO - [Epoch 132] Train Loss: 0.9279 | LR: 0.000059
2026-04-06 17:25:13,755 - INFO -     >>> Val Avg RMSE (Real): 980.3786
2026-04-06 17:25:13,756 - INFO -     >>> Val MAE Details: ['511.1057', '488.6737', '555.9608', '973.8137', '935.6221', '987.7587', '939.1586']
2026-04-06 17:25:13,756 - INFO - ⏳ No improvement. Patience: 24/50
2026-04-06 17:28:28,633 - INFO - [Epoch 133] Train Loss: 0.9279 | LR: 0.000059
2026-04-06 17:28:28,633 - INFO -     >>> Val Avg RMSE (Real): 974.7651
2026-04-06 17:28:28,633 - INFO -     >>> Val MAE Details: ['502.5966', '485.1135', '555.3106', '968.3859', '928.1406', '983.7895', '940.4575']
2026-04-06 17:28:28,633 - INFO - ⏳ No improvement. Patience: 25/50
2026-04-06 17:31:56,570 - INFO - [Epoch 134] Train Loss: 0.9262 | LR: 0.000058
2026-04-06 17:31:56,571 - INFO -     >>> Val Avg RMSE (Real): 979.2833
2026-04-06 17:31:56,571 - INFO -     >>> Val MAE Details: ['511.6138', '489.3335', '556.7663', '970.9435', '933.5712', '987.7697', '939.8129']
2026-04-06 17:31:56,571 - INFO - ⏳ No improvement. Patience: 26/50
2026-04-06 17:35:24,858 - INFO - [Epoch 135] Train Loss: 0.9273 | LR: 0.000058
2026-04-06 17:35:24,859 - INFO -     >>> Val Avg RMSE (Real): 976.0196
2026-04-06 17:35:24,859 - INFO -     >>> Val MAE Details: ['505.6263', '485.1655', '554.7605', '969.9210', '930.5373', '987.2377', '939.6254']
2026-04-06 17:35:24,859 - INFO - ⏳ No improvement. Patience: 27/50
2026-04-06 17:38:55,810 - INFO - [Epoch 136] Train Loss: 0.9270 | LR: 0.000057
2026-04-06 17:38:55,810 - INFO -     >>> Val Avg RMSE (Real): 973.3527
2026-04-06 17:38:55,810 - INFO -     >>> Val MAE Details: ['509.2248', '487.8541', '557.4844', '964.9552', '925.4073', '982.0052', '939.7493']
2026-04-06 17:38:55,810 - INFO - ⏳ No improvement. Patience: 28/50
2026-04-06 17:42:24,888 - INFO - [Epoch 137] Train Loss: 0.9265 | LR: 0.000057
2026-04-06 17:42:24,888 - INFO -     >>> Val Avg RMSE (Real): 977.4651
2026-04-06 17:42:24,889 - INFO -     >>> Val MAE Details: ['507.9234', '488.3273', '556.5410', '970.7895', '930.7844', '983.6500', '938.7701']
2026-04-06 17:42:24,889 - INFO - ⏳ No improvement. Patience: 29/50
2026-04-06 17:45:52,446 - INFO - [Epoch 138] Train Loss: 0.9268 | LR: 0.000056
2026-04-06 17:45:52,447 - INFO -     >>> Val Avg RMSE (Real): 976.9764
2026-04-06 17:45:52,447 - INFO -     >>> Val MAE Details: ['511.9632', '490.3768', '557.5950', '967.5394', '928.6964', '983.7560', '939.1899']
2026-04-06 17:45:52,447 - INFO - ⏳ No improvement. Patience: 30/50
2026-04-06 17:49:20,267 - INFO - [Epoch 139] Train Loss: 0.9252 | LR: 0.000056
2026-04-06 17:49:20,268 - INFO -     >>> Val Avg RMSE (Real): 972.3830
2026-04-06 17:49:20,268 - INFO -     >>> Val MAE Details: ['507.3915', '487.8823', '557.6925', '965.2438', '923.2300', '980.4886', '938.9998']
2026-04-06 17:49:20,268 - INFO - ⏳ No improvement. Patience: 31/50
2026-04-06 17:52:47,733 - INFO - [Epoch 140] Train Loss: 0.9253 | LR: 0.000055
2026-04-06 17:52:47,733 - INFO -     >>> Val Avg RMSE (Real): 980.1531
2026-04-06 17:52:47,734 - INFO -     >>> Val MAE Details: ['509.1884', '486.8573', '555.6661', '973.4823', '935.9383', '988.5914', '939.1019']
2026-04-06 17:52:47,734 - INFO - ⏳ No improvement. Patience: 32/50
2026-04-06 17:56:00,883 - INFO - [Epoch 141] Train Loss: 0.9236 | LR: 0.000055
2026-04-06 17:56:00,883 - INFO -     >>> Val Avg RMSE (Real): 975.2149
2026-04-06 17:56:00,883 - INFO -     >>> Val MAE Details: ['509.8883', '487.9660', '556.8805', '967.1971', '928.1892', '984.3946', '939.6512']
2026-04-06 17:56:00,884 - INFO - ⏳ No improvement. Patience: 33/50
2026-04-06 17:59:28,090 - INFO - [Epoch 142] Train Loss: 0.9265 | LR: 0.000054
2026-04-06 17:59:28,090 - INFO -     >>> Val Avg RMSE (Real): 970.9948
2026-04-06 17:59:28,090 - INFO -     >>> Val MAE Details: ['504.0880', '485.5174', '555.0450', '964.4341', '924.4414', '980.4576', '939.5849']
2026-04-06 17:59:28,091 - INFO - ⏳ No improvement. Patience: 34/50
2026-04-06 18:02:55,784 - INFO - [Epoch 143] Train Loss: 0.9258 | LR: 0.000054
2026-04-06 18:02:55,784 - INFO -     >>> Val Avg RMSE (Real): 956.3576
2026-04-06 18:02:55,785 - INFO -     >>> Val MAE Details: ['487.2878', '477.6252', '555.0627', '943.2728', '888.6299', '968.0494', '956.8720']
2026-04-06 18:02:55,969 - INFO - 💾 Saved Best Model to ./logs/ED5_repr_ed_dense_PointNext_MultiTask7_20260406_095051/best_model.pth
2026-04-06 18:06:23,625 - INFO - [Epoch 144] Train Loss: 0.9245 | LR: 0.000053
2026-04-06 18:06:23,626 - INFO -     >>> Val Avg RMSE (Real): 969.7788
2026-04-06 18:06:23,626 - INFO -     >>> Val MAE Details: ['500.9333', '484.0453', '555.3619', '962.5695', '920.3830', '980.0517', '940.9746']
2026-04-06 18:06:23,626 - INFO - ⏳ No improvement. Patience: 1/50
2026-04-06 18:09:51,289 - INFO - [Epoch 145] Train Loss: 0.9257 | LR: 0.000053
2026-04-06 18:09:51,290 - INFO -     >>> Val Avg RMSE (Real): 971.1294
2026-04-06 18:09:51,290 - INFO -     >>> Val MAE Details: ['504.7812', '486.4818', '556.2080', '964.0197', '922.3809', '979.7927', '939.2916']
2026-04-06 18:09:51,290 - INFO - ⏳ No improvement. Patience: 2/50
2026-04-06 18:13:19,038 - INFO - [Epoch 146] Train Loss: 0.9237 | LR: 0.000052
2026-04-06 18:13:19,038 - INFO -     >>> Val Avg RMSE (Real): 975.5979
2026-04-06 18:13:19,038 - INFO -     >>> Val MAE Details: ['505.7583', '486.6350', '555.7395', '969.6957', '928.3745', '984.9430', '939.9164']
2026-04-06 18:13:19,038 - INFO - ⏳ No improvement. Patience: 3/50
2026-04-06 18:16:46,224 - INFO - [Epoch 147] Train Loss: 0.9248 | LR: 0.000052
2026-04-06 18:16:46,225 - INFO -     >>> Val Avg RMSE (Real): 980.6613
2026-04-06 18:16:46,225 - INFO -     >>> Val MAE Details: ['506.8273', '485.3880', '554.8495', '975.7364', '937.7332', '989.9442', '940.0388']
2026-04-06 18:16:46,225 - INFO - ⏳ No improvement. Patience: 4/50
2026-04-06 18:20:14,067 - INFO - [Epoch 148] Train Loss: 0.9250 | LR: 0.000051
2026-04-06 18:20:14,067 - INFO -     >>> Val Avg RMSE (Real): 974.5011
2026-04-06 18:20:14,067 - INFO -     >>> Val MAE Details: ['507.2983', '487.4032', '556.2114', '966.4398', '927.8467', '983.8472', '938.9181']
2026-04-06 18:20:14,067 - INFO - ⏳ No improvement. Patience: 5/50
2026-04-06 18:23:29,345 - INFO - [Epoch 149] Train Loss: 0.9233 | LR: 0.000051
2026-04-06 18:23:29,345 - INFO -     >>> Val Avg RMSE (Real): 967.0211
2026-04-06 18:23:29,345 - INFO -     >>> Val MAE Details: ['497.8976', '482.1005', '555.3307', '960.8122', '915.0767', '975.5840', '940.7693']
2026-04-06 18:23:29,345 - INFO - ⏳ No improvement. Patience: 6/50
2026-04-06 18:26:56,481 - INFO - [Epoch 150] Train Loss: 0.9219 | LR: 0.000050
2026-04-06 18:26:56,481 - INFO -     >>> Val Avg RMSE (Real): 969.9946
2026-04-06 18:26:56,481 - INFO -     >>> Val MAE Details: ['501.8314', '483.0484', '554.5916', '964.3395', '919.5883', '977.1936', '941.0655']
2026-04-06 18:26:56,481 - INFO - ⏳ No improvement. Patience: 7/50
2026-04-06 18:30:23,671 - INFO - [Epoch 151] Train Loss: 0.9229 | LR: 0.000049
2026-04-06 18:30:23,671 - INFO -     >>> Val Avg RMSE (Real): 977.9466
2026-04-06 18:30:23,672 - INFO -     >>> Val MAE Details: ['505.6756', '485.5415', '554.8541', '972.5511', '932.3111', '987.7947', '939.5094']
2026-04-06 18:30:23,672 - INFO - ⏳ No improvement. Patience: 8/50
2026-04-06 18:33:51,335 - INFO - [Epoch 152] Train Loss: 0.9229 | LR: 0.000049
2026-04-06 18:33:51,336 - INFO -     >>> Val Avg RMSE (Real): 974.5266
2026-04-06 18:33:51,336 - INFO -     >>> Val MAE Details: ['503.5952', '484.1066', '554.2514', '968.3867', '927.7655', '983.8274', '939.8102']
2026-04-06 18:33:51,336 - INFO - ⏳ No improvement. Patience: 9/50
2026-04-06 18:37:18,967 - INFO - [Epoch 153] Train Loss: 0.9227 | LR: 0.000048
2026-04-06 18:37:18,967 - INFO -     >>> Val Avg RMSE (Real): 968.4722
2026-04-06 18:37:18,967 - INFO -     >>> Val MAE Details: ['500.4232', '482.9395', '555.2786', '961.9686', '918.0328', '977.6484', '940.5376']
2026-04-06 18:37:18,968 - INFO - ⏳ No improvement. Patience: 10/50
2026-04-06 18:40:46,567 - INFO - [Epoch 154] Train Loss: 0.9216 | LR: 0.000048
2026-04-06 18:40:46,567 - INFO -     >>> Val Avg RMSE (Real): 960.5333
2026-04-06 18:40:46,567 - INFO -     >>> Val MAE Details: ['493.4145', '479.5488', '555.2212', '949.7711', '899.4816', '974.6683', '953.7174']
2026-04-06 18:40:46,567 - INFO - ⏳ No improvement. Patience: 11/50
2026-04-06 18:44:14,163 - INFO - [Epoch 155] Train Loss: 0.9218 | LR: 0.000047
2026-04-06 18:44:14,164 - INFO -     >>> Val Avg RMSE (Real): 980.3705
2026-04-06 18:44:14,164 - INFO -     >>> Val MAE Details: ['508.1063', '486.2867', '554.1864', '975.4979', '936.1551', '990.8306', '940.0862']
2026-04-06 18:44:14,164 - INFO - ⏳ No improvement. Patience: 12/50
2026-04-06 18:47:42,314 - INFO - [Epoch 156] Train Loss: 0.9220 | LR: 0.000047
2026-04-06 18:47:42,314 - INFO -     >>> Val Avg RMSE (Real): 978.4804
2026-04-06 18:47:42,315 - INFO -     >>> Val MAE Details: ['509.4021', '487.9251', '556.8146', '972.5953', '933.1482', '986.6801', '940.2010']
2026-04-06 18:47:42,315 - INFO - ⏳ No improvement. Patience: 13/50
2026-04-06 18:50:58,995 - INFO - [Epoch 157] Train Loss: 0.9211 | LR: 0.000046
2026-04-06 18:50:58,996 - INFO -     >>> Val Avg RMSE (Real): 975.1605
2026-04-06 18:50:58,996 - INFO -     >>> Val MAE Details: ['502.3607', '485.6916', '555.9977', '968.4746', '926.8224', '982.9259', '941.1517']
2026-04-06 18:50:58,996 - INFO - ⏳ No improvement. Patience: 14/50
2026-04-06 18:54:25,494 - INFO - [Epoch 158] Train Loss: 0.9225 | LR: 0.000046
2026-04-06 18:54:25,494 - INFO -     >>> Val Avg RMSE (Real): 973.9791
2026-04-06 18:54:25,495 - INFO -     >>> Val MAE Details: ['505.0157', '485.5507', '555.4738', '968.7015', '927.7826', '983.0201', '940.1583']
2026-04-06 18:54:25,495 - INFO - ⏳ No improvement. Patience: 15/50
2026-04-06 18:57:53,255 - INFO - [Epoch 159] Train Loss: 0.9222 | LR: 0.000045
2026-04-06 18:57:53,256 - INFO -     >>> Val Avg RMSE (Real): 974.7231
2026-04-06 18:57:53,256 - INFO -     >>> Val MAE Details: ['502.0391', '483.4029', '554.5377', '969.5759', '930.0798', '983.4758', '941.6134']
2026-04-06 18:57:53,256 - INFO - ⏳ No improvement. Patience: 16/50
2026-04-06 19:01:20,944 - INFO - [Epoch 160] Train Loss: 0.9200 | LR: 0.000045
2026-04-06 19:01:20,945 - INFO -     >>> Val Avg RMSE (Real): 977.7371
2026-04-06 19:01:20,945 - INFO -     >>> Val MAE Details: ['509.5769', '488.8372', '558.0107', '970.1833', '931.3894', '985.5302', '940.2553']
2026-04-06 19:01:20,945 - INFO - ⏳ No improvement. Patience: 17/50
2026-04-06 19:04:46,742 - INFO - [Epoch 161] Train Loss: 0.9195 | LR: 0.000044
2026-04-06 19:04:46,743 - INFO -     >>> Val Avg RMSE (Real): 977.1061
2026-04-06 19:04:46,743 - INFO -     >>> Val MAE Details: ['508.6697', '488.2023', '556.5685', '969.8361', '930.3541', '985.6614', '939.6351']
2026-04-06 19:04:46,743 - INFO - ⏳ No improvement. Patience: 18/50
2026-04-06 19:08:14,309 - INFO - [Epoch 162] Train Loss: 0.9199 | LR: 0.000044
2026-04-06 19:08:14,310 - INFO -     >>> Val Avg RMSE (Real): 961.7187
2026-04-06 19:08:14,310 - INFO -     >>> Val MAE Details: ['491.9169', '478.5353', '553.9458', '955.4540', '905.6105', '973.1951', '945.4335']
2026-04-06 19:08:14,310 - INFO - ⏳ No improvement. Patience: 19/50
2026-04-06 19:11:40,814 - INFO - [Epoch 163] Train Loss: 0.9195 | LR: 0.000043
2026-04-06 19:11:40,814 - INFO -     >>> Val Avg RMSE (Real): 979.4847
2026-04-06 19:11:40,814 - INFO -     >>> Val MAE Details: ['512.9872', '489.9137', '557.4516', '970.3887', '931.4112', '986.7757', '940.1689']
2026-04-06 19:11:40,815 - INFO - ⏳ No improvement. Patience: 20/50
2026-04-06 19:15:08,930 - INFO - [Epoch 164] Train Loss: 0.9191 | LR: 0.000043
2026-04-06 19:15:08,931 - INFO -     >>> Val Avg RMSE (Real): 977.7811
2026-04-06 19:15:08,931 - INFO -     >>> Val MAE Details: ['507.0498', '485.1060', '554.7982', '971.6994', '933.5101', '987.7939', '940.8364']
2026-04-06 19:15:08,931 - INFO - ⏳ No improvement. Patience: 21/50
2026-04-06 19:18:26,895 - INFO - [Epoch 165] Train Loss: 0.9206 | LR: 0.000042
2026-04-06 19:18:26,895 - INFO -     >>> Val Avg RMSE (Real): 973.6220
2026-04-06 19:18:26,895 - INFO -     >>> Val MAE Details: ['506.0090', '486.2146', '556.2238', '964.9409', '925.6151', '983.2502', '941.5402']
2026-04-06 19:18:26,896 - INFO - ⏳ No improvement. Patience: 22/50
2026-04-06 19:21:51,060 - INFO - [Epoch 166] Train Loss: 0.9192 | LR: 0.000042
2026-04-06 19:21:51,060 - INFO -     >>> Val Avg RMSE (Real): 974.0038
2026-04-06 19:21:51,060 - INFO -     >>> Val MAE Details: ['500.2678', '483.1114', '554.8182', '969.4567', '927.0339', '982.7878', '939.8328']
2026-04-06 19:21:51,060 - INFO - ⏳ No improvement. Patience: 23/50
2026-04-06 19:25:18,618 - INFO - [Epoch 167] Train Loss: 0.9185 | LR: 0.000041
2026-04-06 19:25:18,618 - INFO -     >>> Val Avg RMSE (Real): 980.1618
2026-04-06 19:25:18,618 - INFO -     >>> Val MAE Details: ['511.0085', '489.1701', '557.3461', '971.5293', '933.5612', '988.3184', '941.0458']
2026-04-06 19:25:18,618 - INFO - ⏳ No improvement. Patience: 24/50
2026-04-06 19:28:46,139 - INFO - [Epoch 168] Train Loss: 0.9179 | LR: 0.000041
2026-04-06 19:28:46,139 - INFO -     >>> Val Avg RMSE (Real): 984.5621
2026-04-06 19:28:46,139 - INFO -     >>> Val MAE Details: ['515.0947', '492.1889', '558.3380', '974.5800', '938.4678', '990.5114', '940.6898']
2026-04-06 19:28:46,140 - INFO - ⏳ No improvement. Patience: 25/50
2026-04-06 19:32:13,975 - INFO - [Epoch 169] Train Loss: 0.9193 | LR: 0.000040
2026-04-06 19:32:13,976 - INFO -     >>> Val Avg RMSE (Real): 956.8578
2026-04-06 19:32:13,976 - INFO -     >>> Val MAE Details: ['489.4070', '478.8336', '555.9704', '942.1643', '887.1264', '968.3430', '958.5842']
2026-04-06 19:32:13,976 - INFO - ⏳ No improvement. Patience: 26/50
2026-04-06 19:35:41,154 - INFO - [Epoch 170] Train Loss: 0.9189 | LR: 0.000040
2026-04-06 19:35:41,155 - INFO -     >>> Val Avg RMSE (Real): 977.4643
2026-04-06 19:35:41,155 - INFO -     >>> Val MAE Details: ['504.6099', '484.8893', '555.4901', '971.7692', '931.2011', '985.7126', '940.4132']
2026-04-06 19:35:41,155 - INFO - ⏳ No improvement. Patience: 27/50
2026-04-06 19:39:08,434 - INFO - [Epoch 171] Train Loss: 0.9178 | LR: 0.000039
2026-04-06 19:39:08,435 - INFO -     >>> Val Avg RMSE (Real): 975.7010
2026-04-06 19:39:08,435 - INFO -     >>> Val MAE Details: ['504.9268', '484.7393', '555.2554', '969.5703', '929.4380', '986.0228', '940.6743']
2026-04-06 19:39:08,435 - INFO - ⏳ No improvement. Patience: 28/50
2026-04-06 19:42:36,044 - INFO - [Epoch 172] Train Loss: 0.9169 | LR: 0.000039
2026-04-06 19:42:36,044 - INFO -     >>> Val Avg RMSE (Real): 983.1183
2026-04-06 19:42:36,044 - INFO -     >>> Val MAE Details: ['512.7303', '489.6835', '556.9351', '975.9697', '938.3578', '991.2441', '940.6664']
2026-04-06 19:42:36,044 - INFO - ⏳ No improvement. Patience: 29/50
2026-04-06 19:45:55,240 - INFO - [Epoch 173] Train Loss: 0.9164 | LR: 0.000038
2026-04-06 19:45:55,240 - INFO -     >>> Val Avg RMSE (Real): 979.8168
2026-04-06 19:45:55,241 - INFO -     >>> Val MAE Details: ['507.8286', '487.3292', '555.6147', '972.9960', '933.1049', '987.6436', '941.0835']
2026-04-06 19:45:55,241 - INFO - ⏳ No improvement. Patience: 30/50
2026-04-06 19:49:18,471 - INFO - [Epoch 174] Train Loss: 0.9189 | LR: 0.000038
2026-04-06 19:49:18,472 - INFO -     >>> Val Avg RMSE (Real): 962.7748
2026-04-06 19:49:18,472 - INFO -     >>> Val MAE Details: ['492.6312', '478.8704', '554.8635', '956.9227', '908.4409', '974.9423', '943.7223']
2026-04-06 19:49:18,472 - INFO - ⏳ No improvement. Patience: 31/50
2026-04-06 19:52:46,418 - INFO - [Epoch 175] Train Loss: 0.9167 | LR: 0.000037
2026-04-06 19:52:46,419 - INFO -     >>> Val Avg RMSE (Real): 975.9890
2026-04-06 19:52:46,419 - INFO -     >>> Val MAE Details: ['503.7348', '484.6117', '555.2732', '971.0885', '930.8801', '984.4477', '939.7979']
2026-04-06 19:52:46,419 - INFO - ⏳ No improvement. Patience: 32/50
2026-04-06 19:56:14,290 - INFO - [Epoch 176] Train Loss: 0.9145 | LR: 0.000037
2026-04-06 19:56:14,291 - INFO -     >>> Val Avg RMSE (Real): 979.2606
2026-04-06 19:56:14,291 - INFO -     >>> Val MAE Details: ['507.4062', '485.6426', '554.6099', '973.3687', '935.1286', '988.6061', '940.5440']
2026-04-06 19:56:14,291 - INFO - ⏳ No improvement. Patience: 33/50
2026-04-06 19:59:41,813 - INFO - [Epoch 177] Train Loss: 0.9163 | LR: 0.000036
2026-04-06 19:59:41,813 - INFO -     >>> Val Avg RMSE (Real): 982.8009
2026-04-06 19:59:41,813 - INFO -     >>> Val MAE Details: ['510.2678', '488.1129', '556.2521', '975.4121', '938.9695', '990.9878', '940.9105']
2026-04-06 19:59:41,813 - INFO - ⏳ No improvement. Patience: 34/50
2026-04-06 20:03:09,550 - INFO - [Epoch 178] Train Loss: 0.9157 | LR: 0.000036
2026-04-06 20:03:09,550 - INFO -     >>> Val Avg RMSE (Real): 978.8093
2026-04-06 20:03:09,550 - INFO -     >>> Val MAE Details: ['510.3668', '489.0357', '557.3671', '970.0455', '931.6017', '986.5551', '939.0454']
2026-04-06 20:03:09,550 - INFO - ⏳ No improvement. Patience: 35/50
2026-04-06 20:06:37,586 - INFO - [Epoch 179] Train Loss: 0.9139 | LR: 0.000035
2026-04-06 20:06:37,586 - INFO -     >>> Val Avg RMSE (Real): 981.5561
2026-04-06 20:06:37,587 - INFO -     >>> Val MAE Details: ['508.7516', '487.3718', '556.4294', '974.8491', '935.4772', '987.8494', '941.3446']
2026-04-06 20:06:37,587 - INFO - ⏳ No improvement. Patience: 36/50
2026-04-06 20:10:03,850 - INFO - [Epoch 180] Train Loss: 0.9140 | LR: 0.000035
2026-04-06 20:10:03,850 - INFO -     >>> Val Avg RMSE (Real): 980.2499
2026-04-06 20:10:03,850 - INFO -     >>> Val MAE Details: ['509.5657', '488.3676', '557.0999', '973.1540', '934.7909', '987.7394', '940.5793']
2026-04-06 20:10:03,851 - INFO - ⏳ No improvement. Patience: 37/50
2026-04-06 20:13:23,610 - INFO - [Epoch 181] Train Loss: 0.9151 | LR: 0.000034
2026-04-06 20:13:23,610 - INFO -     >>> Val Avg RMSE (Real): 985.1822
2026-04-06 20:13:23,610 - INFO -     >>> Val MAE Details: ['512.8235', '488.9091', '555.9695', '977.7205', '941.4932', '992.8322', '941.4318']
2026-04-06 20:13:23,610 - INFO - ⏳ No improvement. Patience: 38/50
2026-04-06 20:16:47,074 - INFO - [Epoch 182] Train Loss: 0.9141 | LR: 0.000034
2026-04-06 20:16:47,074 - INFO -     >>> Val Avg RMSE (Real): 973.6442
2026-04-06 20:16:47,074 - INFO -     >>> Val MAE Details: ['501.8405', '484.0830', '555.5802', '968.3737', '927.9890', '982.9424', '940.3879']
2026-04-06 20:16:47,074 - INFO - ⏳ No improvement. Patience: 39/50
2026-04-06 20:20:14,661 - INFO - [Epoch 183] Train Loss: 0.9139 | LR: 0.000033
2026-04-06 20:20:14,661 - INFO -     >>> Val Avg RMSE (Real): 979.4180
2026-04-06 20:20:14,661 - INFO -     >>> Val MAE Details: ['509.0492', '487.9778', '556.5381', '973.1589', '933.8693', '986.7740', '940.1354']
2026-04-06 20:20:14,661 - INFO - ⏳ No improvement. Patience: 40/50
2026-04-06 20:23:41,883 - INFO - [Epoch 184] Train Loss: 0.9144 | LR: 0.000033
2026-04-06 20:23:41,883 - INFO -     >>> Val Avg RMSE (Real): 981.3293
2026-04-06 20:23:41,883 - INFO -     >>> Val MAE Details: ['510.5940', '489.3772', '557.1810', '972.5239', '933.0318', '988.1122', '941.8713']
2026-04-06 20:23:41,883 - INFO - ⏳ No improvement. Patience: 41/50
2026-04-06 20:27:09,660 - INFO - [Epoch 185] Train Loss: 0.9131 | LR: 0.000032
2026-04-06 20:27:09,661 - INFO -     >>> Val Avg RMSE (Real): 974.8623
2026-04-06 20:27:09,661 - INFO -     >>> Val MAE Details: ['504.0394', '485.5306', '555.6766', '967.4426', '927.4647', '983.7184', '941.9406']
2026-04-06 20:27:09,661 - INFO - ⏳ No improvement. Patience: 42/50
2026-04-06 20:30:37,527 - INFO - [Epoch 186] Train Loss: 0.9127 | LR: 0.000032
2026-04-06 20:30:37,527 - INFO -     >>> Val Avg RMSE (Real): 966.6516
2026-04-06 20:30:37,527 - INFO -     >>> Val MAE Details: ['494.4740', '480.9783', '554.7785', '962.5863', '915.2465', '976.8041', '942.2956']
2026-04-06 20:30:37,527 - INFO - ⏳ No improvement. Patience: 43/50
2026-04-06 20:34:04,697 - INFO - [Epoch 187] Train Loss: 0.9143 | LR: 0.000031
2026-04-06 20:34:04,698 - INFO -     >>> Val Avg RMSE (Real): 976.2366
2026-04-06 20:34:04,698 - INFO -     >>> Val MAE Details: ['504.3325', '485.0484', '555.7130', '970.4962', '929.9567', '984.8312', '942.6527']
2026-04-06 20:34:04,698 - INFO - ⏳ No improvement. Patience: 44/50
2026-04-06 20:37:32,432 - INFO - [Epoch 188] Train Loss: 0.9133 | LR: 0.000031
2026-04-06 20:37:32,432 - INFO -     >>> Val Avg RMSE (Real): 978.9423
2026-04-06 20:37:32,432 - INFO -     >>> Val MAE Details: ['505.2736', '485.4193', '556.0832', '972.7809', '933.1693', '987.2002', '941.8520']
2026-04-06 20:37:32,432 - INFO - ⏳ No improvement. Patience: 45/50
2026-04-06 20:40:52,963 - INFO - [Epoch 189] Train Loss: 0.9120 | LR: 0.000030
2026-04-06 20:40:52,963 - INFO -     >>> Val Avg RMSE (Real): 981.2205
2026-04-06 20:40:52,964 - INFO -     >>> Val MAE Details: ['504.9316', '483.6636', '553.9570', '976.7670', '937.7578', '990.0579', '941.9122']
2026-04-06 20:40:52,964 - INFO - ⏳ No improvement. Patience: 46/50
2026-04-06 20:44:14,472 - INFO - [Epoch 190] Train Loss: 0.9116 | LR: 0.000030
2026-04-06 20:44:14,473 - INFO -     >>> Val Avg RMSE (Real): 975.1400
2026-04-06 20:44:14,473 - INFO -     >>> Val MAE Details: ['504.6281', '486.0720', '556.7934', '969.1891', '926.8235', '982.8127', '941.1929']
2026-04-06 20:44:14,473 - INFO - ⏳ No improvement. Patience: 47/50
2026-04-06 20:47:42,457 - INFO - [Epoch 191] Train Loss: 0.9121 | LR: 0.000029
2026-04-06 20:47:42,458 - INFO -     >>> Val Avg RMSE (Real): 974.4991
2026-04-06 20:47:42,458 - INFO -     >>> Val MAE Details: ['502.4487', '484.6714', '555.4689', '968.9373', '927.5746', '983.1829', '942.3119']
2026-04-06 20:47:42,458 - INFO - ⏳ No improvement. Patience: 48/50
2026-04-06 20:51:10,170 - INFO - [Epoch 192] Train Loss: 0.9120 | LR: 0.000029
2026-04-06 20:51:10,171 - INFO -     >>> Val Avg RMSE (Real): 977.2236
2026-04-06 20:51:10,171 - INFO -     >>> Val MAE Details: ['507.3474', '486.8235', '556.4205', '970.6574', '931.6433', '986.8981', '942.1324']
2026-04-06 20:51:10,171 - INFO - ⏳ No improvement. Patience: 49/50
2026-04-06 20:54:37,868 - INFO - [Epoch 193] Train Loss: 0.9116 | LR: 0.000028
2026-04-06 20:54:37,869 - INFO -     >>> Val Avg RMSE (Real): 980.8692
2026-04-06 20:54:37,869 - INFO -     >>> Val MAE Details: ['507.1631', '485.9365', '556.0853', '976.0034', '936.5352', '989.6229', '941.9996']
2026-04-06 20:54:37,869 - INFO - ⏳ No improvement. Patience: 50/50
2026-04-06 20:54:37,869 - INFO - 🛑 Early Stopping triggered! Best RMSE: 956.3576
