2026-04-08 17:45:16,986 - INFO - 💾 Config files backed up to ./logs/ED5_repr_atomistic_graph_EquiformerV2_MultiTask7_20260408_174516
2026-04-08 17:45:16,986 - INFO - 🎯 Multi-Task Targets (7): ['homo_2', 'homo_1', 'homo_0', 'lumo_0', 'lumo_1', 'lumo_2', 'lumo_3']
2026-04-08 17:45:16,986 - INFO - ========================================
2026-04-08 17:45:16,986 - INFO -         Training Configuration        
2026-04-08 17:45:16,987 - INFO - ========================================
2026-04-08 17:45:16,987 - INFO - 
{'data': {'dataset_mode': 'repr_atomistic_graph',
          'max_neighbors': 32,
          'max_radius': 5.0,
          'pkl_path': '/home/zw/ED_all/data/ED5_OE/ed_homo_lumo_5w_1024_fusion.pkl',
          'targets': ['homo_2',
                      'homo_1',
                      'homo_0',
                      'lumo_0',
                      'lumo_1',
                      'lumo_2',
                      'lumo_3']},
 'model': {'alpha_drop': 0.1,
           'attn_activation': 'silu',
           'attn_alpha_channels': 64,
           'attn_hidden_channels': 64,
           'attn_value_channels': 16,
           'distance_function': 'gaussian',
           'drop_path_rate': 0.05,
           'edge_channels': 128,
           'ffn_activation': 'silu',
           'ffn_hidden_channels': 128,
           'grid_resolution': 18,
           'lmax_list': [4],
           'max_neighbors': 20,
           'max_radius': 12.0,
           'mmax_list': [2],
           'name': 'EquiformerV2',
           'norm_type': 'layer_norm_sh',
           'num_distance_basis': 512,
           'num_heads': 8,
           'num_layers': 4,
           'num_sphere_samples': 128,
           'share_atom_edge_embedding': False,
           'sphere_channels': 64,
           'use_atom_edge_embedding': True,
           'use_attn_renorm': True,
           'use_grid_mlp': True,
           'use_sep_s2_act': True},
 'train': {'batch_size': 16,
           'epochs': 300,
           'grad_norm_clip': 1.0,
           'lr': 0.0001,
           'patience': 50,
           'seed': 2025,
           'weight_decay': 0.0001}}
2026-04-08 17:45:16,987 - INFO - ========================================

2026-04-08 17:45:16,987 - INFO - 🚀 Start Training on Device: cuda
2026-04-08 17:45:16,987 - INFO - Loading Data...
2026-04-08 17:45:16,987 - INFO - Loading Dataset Mode: repr_atomistic_graph...
2026-04-08 17:45:23,761 - INFO - Stats - Mean: [[-7445.8413  -6840.216   -6120.3984   -467.5637    424.04166  1219.15
   1809.3903 ]], Std: [[ 740.80115  706.1094   754.61444 1186.4424  1122.4873  1107.2244
  1080.7959 ]]
2026-04-08 17:45:23,762 - INFO - Building Model: EquiformerV2...
2026-04-08 17:45:25,334 - INFO - Total Parameters: 8.8181 M

