2026-04-08 09:46:33,479 - INFO - 💾 Config files backed up to ./logs/ED5_repr_hybrid_fusion_DualCrossattention_visnet_MultiTask7_20260408_094633
2026-04-08 09:46:33,479 - INFO - 🎯 Multi-Task Targets (7): ['homo_2', 'homo_1', 'homo_0', 'lumo_0', 'lumo_1', 'lumo_2', 'lumo_3']
2026-04-08 09:46:33,479 - INFO - ========================================
2026-04-08 09:46:33,479 - INFO -         Training Configuration        
2026-04-08 09:46:33,479 - INFO - ========================================
2026-04-08 09:46:33,480 - INFO - 
{'data': {'dataset_mode': 'repr_hybrid_fusion',
          'grid_size': 0.1,
          'max_radius': 5.0,
          'pkl_path': '/home/zw/ED_all/data/ED5_OE/ed_homo_lumo_5w_1024_fusion.pkl',
          'targets': ['homo_2',
                      'homo_1',
                      'homo_0',
                      'lumo_0',
                      'lumo_1',
                      'lumo_2',
                      'lumo_3']},
 'model': {'interaction_radius': 2.0,
           'name': 'DualCrossattention_visnet',
           'ptv3': {'dec_channels': [64, 64, 128, 256],
                    'dec_num_head': [4, 8, 16, 32],
                    'drop_path_rate': 0.3,
                    'enc_channels': [32, 64, 128, 256, 512],
                    'enc_depths': [2, 2, 2, 6, 2],
                    'enc_num_head': [2, 4, 8, 16, 32],
                    'in_channels': 1,
                    'patch_size': 256},
           'visnet': {'activation': 'silu',
                      'attn_activation': 'silu',
                      'cutoff': 5.0,
                      'hidden_channels': 256,
                      'lmax': 2,
                      'max_num_neighbors': 32,
                      'max_z': 100,
                      'num_heads': 8,
                      'num_layers': 6,
                      'num_rbf': 64,
                      'rbf_type': 'expnorm',
                      'trainable_rbf': False,
                      'trainable_vecnorm': False,
                      'vecnorm_type': 'none',
                      'vertex_type': 'Edge'}},
 'train': {'batch_size': 24,
           'epochs': 300,
           'grad_norm_clip': 1.0,
           'lr': 0.0001,
           'patience': 50,
           'seed': 2025,
           'weight_decay': 0.0001}}
2026-04-08 09:46:33,481 - INFO - ========================================

2026-04-08 09:46:33,481 - INFO - 🚀 Start Training on Device: cuda
2026-04-08 09:46:33,481 - INFO - Loading Data...
2026-04-08 09:46:33,481 - INFO - Loading Dataset Mode: repr_hybrid_fusion...
2026-04-08 09:46:36,751 - INFO - Stats - Mean: [[-7445.8413  -6840.216   -6120.3984   -467.5637    424.04166  1219.15
   1809.3903 ]], Std: [[ 740.80115  706.1094   754.61444 1186.4424  1122.4873  1107.2244
  1080.7959 ]]
2026-04-08 09:46:36,751 - INFO - Building Model: DualCrossattention_visnet...
2026-04-08 09:46:42,808 - INFO - Total Parameters: 53.9743 M

2026-04-08 09:54:42,524 - INFO - [Epoch 1] Train Loss: 0.3710 | LR: 0.000100
2026-04-08 09:54:42,524 - INFO -     >>> Val Avg RMSE (Real): 512.8490
2026-04-08 09:54:42,524 - INFO -     >>> Val MAE Details: ['300.0150', '287.1638', '340.6636', '499.6606', '470.8222', '410.2731', '363.0130']
2026-04-08 09:54:43,525 - INFO - 💾 Saved Best Model to ./logs/ED5_repr_hybrid_fusion_DualCrossattention_visnet_MultiTask7_20260408_094633/best_model.pth
2026-04-08 10:02:41,161 - INFO - [Epoch 2] Train Loss: 0.2420 | LR: 0.000100
2026-04-08 10:02:41,162 - INFO -     >>> Val Avg RMSE (Real): 495.1526
2026-04-08 10:02:41,162 - INFO -     >>> Val MAE Details: ['341.9126', '259.7128', '305.1862', '525.9582', '424.6454', '368.6894', '376.7178']
2026-04-08 10:02:42,280 - INFO - 💾 Saved Best Model to ./logs/ED5_repr_hybrid_fusion_DualCrossattention_visnet_MultiTask7_20260408_094633/best_model.pth
2026-04-08 10:09:48,243 - INFO - [Epoch 3] Train Loss: 0.2130 | LR: 0.000100
2026-04-08 10:09:48,244 - INFO -     >>> Val Avg RMSE (Real): 498.8990
2026-04-08 10:09:48,244 - INFO -     >>> Val MAE Details: ['281.6289', '261.3125', '293.1169', '413.8407', '393.7611', '407.2429', '557.7532']
2026-04-08 10:09:48,244 - INFO - ⏳ No improvement. Patience: 1/50
2026-04-08 10:17:41,495 - INFO - [Epoch 4] Train Loss: 0.1986 | LR: 0.000100
2026-04-08 10:17:41,496 - INFO -     >>> Val Avg RMSE (Real): 464.4704
2026-04-08 10:17:41,496 - INFO -     >>> Val MAE Details: ['326.4565', '313.9828', '325.8541', '404.1668', '392.0607', '357.9184', '351.7773']
2026-04-08 10:17:42,494 - INFO - 💾 Saved Best Model to ./logs/ED5_repr_hybrid_fusion_DualCrossattention_visnet_MultiTask7_20260408_094633/best_model.pth
2026-04-08 10:25:31,379 - INFO - [Epoch 5] Train Loss: 0.1890 | LR: 0.000100
2026-04-08 10:25:31,380 - INFO -     >>> Val Avg RMSE (Real): 451.9483
2026-04-08 10:25:31,380 - INFO -     >>> Val MAE Details: ['291.5455', '259.6213', '267.3870', '424.8814', '414.8172', '351.0064', '364.4490']
2026-04-08 10:25:32,293 - INFO - 💾 Saved Best Model to ./logs/ED5_repr_hybrid_fusion_DualCrossattention_visnet_MultiTask7_20260408_094633/best_model.pth
2026-04-08 10:33:22,060 - INFO - [Epoch 6] Train Loss: 0.1800 | LR: 0.000100
2026-04-08 10:33:22,061 - INFO -     >>> Val Avg RMSE (Real): 588.6176
2026-04-08 10:33:22,061 - INFO -     >>> Val MAE Details: ['375.2879', '334.8719', '311.3442', '463.5618', '616.5081', '481.5354', '578.5452']
2026-04-08 10:33:22,061 - INFO - ⏳ No improvement. Patience: 1/50
2026-04-08 10:41:20,088 - INFO - [Epoch 7] Train Loss: 0.1728 | LR: 0.000100
2026-04-08 10:41:20,089 - INFO -     >>> Val Avg RMSE (Real): 428.3297
2026-04-08 10:41:20,089 - INFO -     >>> Val MAE Details: ['264.7466', '254.3393', '252.2466', '376.3435', '361.1698', '350.1979', '332.5900']
2026-04-08 10:41:21,126 - INFO - 💾 Saved Best Model to ./logs/ED5_repr_hybrid_fusion_DualCrossattention_visnet_MultiTask7_20260408_094633/best_model.pth
2026-04-08 10:49:08,679 - INFO - [Epoch 8] Train Loss: 0.1665 | LR: 0.000100
2026-04-08 10:49:08,679 - INFO -     >>> Val Avg RMSE (Real): 421.4726
2026-04-08 10:49:08,679 - INFO -     >>> Val MAE Details: ['258.7115', '243.4934', '244.5974', '369.7879', '358.4296', '343.5891', '339.8277']
2026-04-08 10:49:09,685 - INFO - 💾 Saved Best Model to ./logs/ED5_repr_hybrid_fusion_DualCrossattention_visnet_MultiTask7_20260408_094633/best_model.pth
2026-04-08 10:57:05,235 - INFO - [Epoch 9] Train Loss: 0.1601 | LR: 0.000100
2026-04-08 10:57:05,235 - INFO -     >>> Val Avg RMSE (Real): 417.1319
2026-04-08 10:57:05,236 - INFO -     >>> Val MAE Details: ['257.2698', '237.3700', '247.3661', '364.1802', '352.9922', '340.1869', '334.1190']
2026-04-08 10:57:06,226 - INFO - 💾 Saved Best Model to ./logs/ED5_repr_hybrid_fusion_DualCrossattention_visnet_MultiTask7_20260408_094633/best_model.pth
2026-04-08 11:05:00,766 - INFO - [Epoch 10] Train Loss: 0.1554 | LR: 0.000100
2026-04-08 11:05:00,767 - INFO -     >>> Val Avg RMSE (Real): 417.3991
2026-04-08 11:05:00,767 - INFO -     >>> Val MAE Details: ['263.4330', '239.3307', '270.6266', '356.9992', '367.3383', '330.6233', '321.1830']
2026-04-08 11:05:00,767 - INFO - ⏳ No improvement. Patience: 1/50
2026-04-08 11:12:53,232 - INFO - [Epoch 11] Train Loss: 0.1504 | LR: 0.000100
2026-04-08 11:12:53,233 - INFO -     >>> Val Avg RMSE (Real): 404.2918
2026-04-08 11:12:53,233 - INFO -     >>> Val MAE Details: ['242.6707', '224.9272', '238.1929', '343.0599', '348.5749', '343.9324', '330.3589']
2026-04-08 11:12:54,235 - INFO - 💾 Saved Best Model to ./logs/ED5_repr_hybrid_fusion_DualCrossattention_visnet_MultiTask7_20260408_094633/best_model.pth
2026-04-08 11:20:47,707 - INFO - [Epoch 12] Train Loss: 0.1462 | LR: 0.000100
2026-04-08 11:20:47,708 - INFO -     >>> Val Avg RMSE (Real): 386.5248
2026-04-08 11:20:47,708 - INFO -     >>> Val MAE Details: ['232.5701', '226.7548', '227.6355', '325.5509', '335.4933', '320.9865', '319.1201']
2026-04-08 11:20:48,736 - INFO - 💾 Saved Best Model to ./logs/ED5_repr_hybrid_fusion_DualCrossattention_visnet_MultiTask7_20260408_094633/best_model.pth
2026-04-08 11:28:37,530 - INFO - [Epoch 13] Train Loss: 0.1429 | LR: 0.000100
2026-04-08 11:28:37,530 - INFO -     >>> Val Avg RMSE (Real): 390.5954
2026-04-08 11:28:37,530 - INFO -     >>> Val MAE Details: ['248.6378', '219.6665', '230.4972', '322.4641', '339.3828', '331.6675', '324.1423']
2026-04-08 11:28:37,530 - INFO - ⏳ No improvement. Patience: 1/50
2026-04-08 11:36:32,956 - INFO - [Epoch 14] Train Loss: 0.1395 | LR: 0.000099
2026-04-08 11:36:32,957 - INFO -     >>> Val Avg RMSE (Real): 387.4343
2026-04-08 11:36:32,957 - INFO -     >>> Val MAE Details: ['231.7089', '220.5172', '227.6400', '316.6847', '338.5688', '329.4719', '321.4334']
2026-04-08 11:36:32,957 - INFO - ⏳ No improvement. Patience: 2/50
2026-04-08 11:44:31,448 - INFO - [Epoch 15] Train Loss: 0.1363 | LR: 0.000099
2026-04-08 11:44:31,448 - INFO -     >>> Val Avg RMSE (Real): 461.5963
2026-04-08 11:44:31,448 - INFO -     >>> Val MAE Details: ['331.1823', '283.8645', '264.5378', '437.8387', '382.9721', '335.5209', '350.4386']
2026-04-08 11:44:31,448 - INFO - ⏳ No improvement. Patience: 3/50
2026-04-08 11:52:32,220 - INFO - [Epoch 16] Train Loss: 0.1329 | LR: 0.000099
2026-04-08 11:52:32,221 - INFO -     >>> Val Avg RMSE (Real): 588.8676
2026-04-08 11:52:32,221 - INFO -     >>> Val MAE Details: ['495.3970', '317.8672', '273.0272', '541.8248', '604.8934', '408.6088', '468.7735']
2026-04-08 11:52:32,221 - INFO - ⏳ No improvement. Patience: 4/50
2026-04-08 12:00:31,092 - INFO - [Epoch 17] Train Loss: 0.1302 | LR: 0.000099
2026-04-08 12:00:31,092 - INFO -     >>> Val Avg RMSE (Real): 438.1524
2026-04-08 12:00:31,092 - INFO -     >>> Val MAE Details: ['270.7834', '243.6882', '243.4859', '387.6458', '387.0404', '348.3633', '346.9786']
2026-04-08 12:00:31,093 - INFO - ⏳ No improvement. Patience: 5/50
2026-04-08 12:08:22,119 - INFO - [Epoch 18] Train Loss: 0.1272 | LR: 0.000099
2026-04-08 12:08:22,120 - INFO -     >>> Val Avg RMSE (Real): 373.5198
2026-04-08 12:08:22,120 - INFO -     >>> Val MAE Details: ['230.3963', '209.4921', '215.1919', '298.8892', '323.3631', '316.6848', '311.2643']
2026-04-08 12:08:23,143 - INFO - 💾 Saved Best Model to ./logs/ED5_repr_hybrid_fusion_DualCrossattention_visnet_MultiTask7_20260408_094633/best_model.pth
2026-04-08 12:16:05,529 - INFO - [Epoch 19] Train Loss: 0.1244 | LR: 0.000099
2026-04-08 12:16:05,529 - INFO -     >>> Val Avg RMSE (Real): 435.4393
2026-04-08 12:16:05,529 - INFO -     >>> Val MAE Details: ['284.1303', '259.9266', '250.2044', '388.0924', '363.1684', '342.5223', '318.5435']
2026-04-08 12:16:05,529 - INFO - ⏳ No improvement. Patience: 1/50
2026-04-08 12:23:59,353 - INFO - [Epoch 20] Train Loss: 0.1229 | LR: 0.000099
2026-04-08 12:23:59,354 - INFO -     >>> Val Avg RMSE (Real): 383.4131
2026-04-08 12:23:59,354 - INFO -     >>> Val MAE Details: ['236.8940', '227.1488', '216.8750', '305.7688', '339.9908', '326.7554', '310.1792']
2026-04-08 12:23:59,354 - INFO - ⏳ No improvement. Patience: 2/50
2026-04-08 12:31:58,186 - INFO - [Epoch 21] Train Loss: 0.1204 | LR: 0.000099
2026-04-08 12:31:58,187 - INFO -     >>> Val Avg RMSE (Real): 371.3773
2026-04-08 12:31:58,187 - INFO -     >>> Val MAE Details: ['221.0130', '232.9307', '210.9156', '291.1665', '318.7689', '322.9274', '321.7967']
2026-04-08 12:31:59,202 - INFO - 💾 Saved Best Model to ./logs/ED5_repr_hybrid_fusion_DualCrossattention_visnet_MultiTask7_20260408_094633/best_model.pth
2026-04-08 12:39:55,310 - INFO - [Epoch 22] Train Loss: 0.1177 | LR: 0.000099
2026-04-08 12:39:55,310 - INFO -     >>> Val Avg RMSE (Real): 388.5517
2026-04-08 12:39:55,311 - INFO -     >>> Val MAE Details: ['247.2785', '215.3342', '214.5738', '304.4935', '355.1267', '325.5901', '308.9956']
2026-04-08 12:39:55,311 - INFO - ⏳ No improvement. Patience: 1/50
2026-04-08 12:47:45,908 - INFO - [Epoch 23] Train Loss: 0.1157 | LR: 0.000099
2026-04-08 12:47:45,908 - INFO -     >>> Val Avg RMSE (Real): 368.6697
2026-04-08 12:47:45,908 - INFO -     >>> Val MAE Details: ['223.7327', '210.4556', '207.0839', '284.6300', '318.0836', '309.9083', '303.2495']
2026-04-08 12:47:46,904 - INFO - 💾 Saved Best Model to ./logs/ED5_repr_hybrid_fusion_DualCrossattention_visnet_MultiTask7_20260408_094633/best_model.pth
2026-04-08 12:55:47,098 - INFO - [Epoch 24] Train Loss: 0.1133 | LR: 0.000098
2026-04-08 12:55:47,098 - INFO -     >>> Val Avg RMSE (Real): 374.4906
2026-04-08 12:55:47,099 - INFO -     >>> Val MAE Details: ['234.6302', '218.0553', '224.3896', '294.3212', '315.1671', '309.8030', '303.8791']
2026-04-08 12:55:47,099 - INFO - ⏳ No improvement. Patience: 1/50
2026-04-08 13:03:40,283 - INFO - [Epoch 25] Train Loss: 0.1112 | LR: 0.000098
2026-04-08 13:03:40,283 - INFO -     >>> Val Avg RMSE (Real): 384.3075
2026-04-08 13:03:40,283 - INFO -     >>> Val MAE Details: ['251.1116', '226.0040', '213.8963', '308.5213', '318.5926', '308.4812', '300.7310']
2026-04-08 13:03:40,284 - INFO - ⏳ No improvement. Patience: 2/50
2026-04-08 13:11:39,901 - INFO - [Epoch 26] Train Loss: 0.1097 | LR: 0.000098
2026-04-08 13:11:39,902 - INFO -     >>> Val Avg RMSE (Real): 431.0834
2026-04-08 13:11:39,902 - INFO -     >>> Val MAE Details: ['281.7749', '262.7932', '235.6217', '360.9884', '362.5398', '353.1975', '340.8939']
2026-04-08 13:11:39,902 - INFO - ⏳ No improvement. Patience: 3/50
2026-04-08 13:19:39,498 - INFO - [Epoch 27] Train Loss: 0.1085 | LR: 0.000098
2026-04-08 13:19:39,498 - INFO -     >>> Val Avg RMSE (Real): 360.3848
2026-04-08 13:19:39,498 - INFO -     >>> Val MAE Details: ['221.9740', '205.0794', '201.3272', '290.8709', '317.0764', '304.9061', '294.8030']
2026-04-08 13:19:40,620 - INFO - 💾 Saved Best Model to ./logs/ED5_repr_hybrid_fusion_DualCrossattention_visnet_MultiTask7_20260408_094633/best_model.pth
2026-04-08 13:27:39,985 - INFO - [Epoch 28] Train Loss: 0.1060 | LR: 0.000098
2026-04-08 13:27:39,985 - INFO -     >>> Val Avg RMSE (Real): 362.0853
2026-04-08 13:27:39,985 - INFO -     >>> Val MAE Details: ['222.2544', '211.9685', '214.0992', '293.8161', '304.9132', '301.6556', '298.3055']
2026-04-08 13:27:39,985 - INFO - ⏳ No improvement. Patience: 1/50
2026-04-08 13:35:41,460 - INFO - [Epoch 29] Train Loss: 0.1045 | LR: 0.000098
2026-04-08 13:35:41,460 - INFO -     >>> Val Avg RMSE (Real): 390.8973
2026-04-08 13:35:41,461 - INFO -     >>> Val MAE Details: ['259.4086', '231.6035', '224.0311', '301.0420', '347.4788', '331.5334', '296.4052']
2026-04-08 13:35:41,461 - INFO - ⏳ No improvement. Patience: 2/50
2026-04-08 13:43:42,767 - INFO - [Epoch 30] Train Loss: 0.1029 | LR: 0.000098
2026-04-08 13:43:42,767 - INFO -     >>> Val Avg RMSE (Real): 412.9386
2026-04-08 13:43:42,767 - INFO -     >>> Val MAE Details: ['285.9645', '241.5018', '225.1223', '360.3051', '353.2212', '322.5691', '305.4734']
2026-04-08 13:43:42,767 - INFO - ⏳ No improvement. Patience: 3/50
2026-04-08 13:51:34,636 - INFO - [Epoch 31] Train Loss: 0.1015 | LR: 0.000097
2026-04-08 13:51:34,636 - INFO -     >>> Val Avg RMSE (Real): 352.8006
2026-04-08 13:51:34,636 - INFO -     >>> Val MAE Details: ['220.2392', '208.4721', '207.8314', '270.9985', '318.0048', '295.0977', '293.6581']
2026-04-08 13:51:35,700 - INFO - 💾 Saved Best Model to ./logs/ED5_repr_hybrid_fusion_DualCrossattention_visnet_MultiTask7_20260408_094633/best_model.pth
2026-04-08 13:59:05,873 - INFO - [Epoch 32] Train Loss: 0.1005 | LR: 0.000097
2026-04-08 13:59:05,873 - INFO -     >>> Val Avg RMSE (Real): 354.9899
2026-04-08 13:59:05,873 - INFO -     >>> Val MAE Details: ['223.4025', '217.4204', '199.9977', '275.2204', '304.0545', '296.8032', '292.2257']
2026-04-08 13:59:05,874 - INFO - ⏳ No improvement. Patience: 1/50
2026-04-08 14:06:57,670 - INFO - [Epoch 33] Train Loss: 0.0981 | LR: 0.000097
2026-04-08 14:06:57,671 - INFO -     >>> Val Avg RMSE (Real): 351.1009
2026-04-08 14:06:57,671 - INFO -     >>> Val MAE Details: ['218.8879', '206.4756', '205.0660', '270.4624', '295.6672', '299.4359', '290.4556']
2026-04-08 14:06:58,699 - INFO - 💾 Saved Best Model to ./logs/ED5_repr_hybrid_fusion_DualCrossattention_visnet_MultiTask7_20260408_094633/best_model.pth
2026-04-08 14:15:00,429 - INFO - [Epoch 34] Train Loss: 0.0969 | LR: 0.000097
2026-04-08 14:15:00,429 - INFO -     >>> Val Avg RMSE (Real): 352.6664
2026-04-08 14:15:00,429 - INFO -     >>> Val MAE Details: ['216.3769', '205.2742', '207.9502', '267.7594', '289.3706', '296.8503', '289.3330']
2026-04-08 14:15:00,429 - INFO - ⏳ No improvement. Patience: 1/50
2026-04-08 14:23:02,048 - INFO - [Epoch 35] Train Loss: 0.0952 | LR: 0.000097
2026-04-08 14:23:02,049 - INFO -     >>> Val Avg RMSE (Real): 403.9645
2026-04-08 14:23:02,049 - INFO -     >>> Val MAE Details: ['257.9606', '230.2987', '221.6607', '358.0835', '343.9003', '314.9082', '307.3536']
2026-04-08 14:23:02,049 - INFO - ⏳ No improvement. Patience: 2/50
2026-04-08 14:30:56,243 - INFO - [Epoch 36] Train Loss: 0.0938 | LR: 0.000096
2026-04-08 14:30:56,244 - INFO -     >>> Val Avg RMSE (Real): 352.6029
2026-04-08 14:30:56,244 - INFO -     >>> Val MAE Details: ['243.4526', '209.6574', '199.0949', '275.6130', '300.1483', '301.8281', '300.2746']
2026-04-08 14:30:56,244 - INFO - ⏳ No improvement. Patience: 3/50
2026-04-08 14:38:52,393 - INFO - [Epoch 37] Train Loss: 0.0929 | LR: 0.000096
2026-04-08 14:38:52,394 - INFO -     >>> Val Avg RMSE (Real): 398.4416
2026-04-08 14:38:52,394 - INFO -     >>> Val MAE Details: ['242.2848', '221.8198', '204.9322', '332.2869', '327.0682', '354.6904', '337.9952']
2026-04-08 14:38:52,394 - INFO - ⏳ No improvement. Patience: 4/50
2026-04-08 14:46:55,006 - INFO - [Epoch 38] Train Loss: 0.0914 | LR: 0.000096
2026-04-08 14:46:55,007 - INFO -     >>> Val Avg RMSE (Real): 349.1966
2026-04-08 14:46:55,007 - INFO -     >>> Val MAE Details: ['226.8784', '201.3428', '201.5127', '289.0303', '283.4649', '287.9300', '294.6908']
2026-04-08 14:46:56,133 - INFO - 💾 Saved Best Model to ./logs/ED5_repr_hybrid_fusion_DualCrossattention_visnet_MultiTask7_20260408_094633/best_model.pth
2026-04-08 14:54:58,625 - INFO - [Epoch 39] Train Loss: 0.0904 | LR: 0.000096
2026-04-08 14:54:58,625 - INFO -     >>> Val Avg RMSE (Real): 354.4755
2026-04-08 14:54:58,625 - INFO -     >>> Val MAE Details: ['215.1898', '204.9589', '200.5921', '271.1919', '333.8509', '295.0214', '301.6336']
2026-04-08 14:54:58,626 - INFO - ⏳ No improvement. Patience: 1/50
2026-04-08 15:02:56,393 - INFO - [Epoch 40] Train Loss: 0.0891 | LR: 0.000096
2026-04-08 15:02:56,394 - INFO -     >>> Val Avg RMSE (Real): 684.9843
2026-04-08 15:02:56,394 - INFO -     >>> Val MAE Details: ['483.1735', '332.5068', '257.7884', '556.0949', '755.2357', '643.8809', '644.7484']
2026-04-08 15:02:56,394 - INFO - ⏳ No improvement. Patience: 2/50
2026-04-08 15:10:50,734 - INFO - [Epoch 41] Train Loss: 0.0871 | LR: 0.000095
2026-04-08 15:10:50,735 - INFO -     >>> Val Avg RMSE (Real): 349.7251
2026-04-08 15:10:50,735 - INFO -     >>> Val MAE Details: ['215.3134', '207.6709', '201.4416', '278.2120', '308.0052', '294.9536', '293.9931']
2026-04-08 15:10:50,735 - INFO - ⏳ No improvement. Patience: 3/50
2026-04-08 15:18:44,395 - INFO - [Epoch 42] Train Loss: 0.0862 | LR: 0.000095
2026-04-08 15:18:44,395 - INFO -     >>> Val Avg RMSE (Real): 409.2287
2026-04-08 15:18:44,395 - INFO -     >>> Val MAE Details: ['282.4515', '231.8232', '217.7829', '374.4094', '341.0942', '319.0255', '306.1780']
2026-04-08 15:18:44,395 - INFO - ⏳ No improvement. Patience: 4/50
2026-04-08 15:26:36,574 - INFO - [Epoch 43] Train Loss: 0.0857 | LR: 0.000095
2026-04-08 15:26:36,574 - INFO -     >>> Val Avg RMSE (Real): 341.2544
2026-04-08 15:26:36,575 - INFO -     >>> Val MAE Details: ['213.1602', '203.8786', '195.4866', '272.6835', '289.0505', '284.9743', '282.6403']
2026-04-08 15:26:37,615 - INFO - 💾 Saved Best Model to ./logs/ED5_repr_hybrid_fusion_DualCrossattention_visnet_MultiTask7_20260408_094633/best_model.pth
2026-04-08 15:34:28,676 - INFO - [Epoch 44] Train Loss: 0.0846 | LR: 0.000095
2026-04-08 15:34:28,676 - INFO -     >>> Val Avg RMSE (Real): 353.4022
2026-04-08 15:34:28,676 - INFO -     >>> Val MAE Details: ['223.2191', '220.6578', '203.1813', '270.3968', '299.8570', '296.2522', '278.3804']
2026-04-08 15:34:28,677 - INFO - ⏳ No improvement. Patience: 1/50
2026-04-08 15:42:20,035 - INFO - [Epoch 45] Train Loss: 0.0836 | LR: 0.000095
2026-04-08 15:42:20,035 - INFO -     >>> Val Avg RMSE (Real): 393.3517
2026-04-08 15:42:20,035 - INFO -     >>> Val MAE Details: ['250.3998', '231.5935', '213.5311', '350.3393', '330.6379', '319.8139', '299.5171']
2026-04-08 15:42:20,035 - INFO - ⏳ No improvement. Patience: 2/50
2026-04-08 15:50:13,412 - INFO - [Epoch 46] Train Loss: 0.0824 | LR: 0.000094
2026-04-08 15:50:13,412 - INFO -     >>> Val Avg RMSE (Real): 373.6657
2026-04-08 15:50:13,412 - INFO -     >>> Val MAE Details: ['228.7287', '214.1507', '201.7471', '323.7809', '307.9685', '340.2246', '284.4431']
2026-04-08 15:50:13,412 - INFO - ⏳ No improvement. Patience: 3/50
2026-04-08 15:58:04,825 - INFO - [Epoch 47] Train Loss: 0.0811 | LR: 0.000094
2026-04-08 15:58:04,826 - INFO -     >>> Val Avg RMSE (Real): 422.3310
2026-04-08 15:58:04,826 - INFO -     >>> Val MAE Details: ['292.0025', '239.6804', '209.9983', '390.9164', '359.9059', '339.2424', '315.2991']
2026-04-08 15:58:04,826 - INFO - ⏳ No improvement. Patience: 4/50
2026-04-08 16:06:04,597 - INFO - [Epoch 48] Train Loss: 0.0803 | LR: 0.000094
2026-04-08 16:06:04,598 - INFO -     >>> Val Avg RMSE (Real): 400.0567
2026-04-08 16:06:04,598 - INFO -     >>> Val MAE Details: ['250.2625', '242.2889', '211.3712', '354.2596', '348.0794', '332.1655', '313.7428']
2026-04-08 16:06:04,598 - INFO - ⏳ No improvement. Patience: 5/50
2026-04-08 16:14:02,887 - INFO - [Epoch 49] Train Loss: 0.0785 | LR: 0.000094
2026-04-08 16:14:02,887 - INFO -     >>> Val Avg RMSE (Real): 379.0602
2026-04-08 16:14:02,887 - INFO -     >>> Val MAE Details: ['244.7862', '225.9700', '199.8892', '316.2052', '313.5928', '306.1877', '304.4391']
2026-04-08 16:14:02,887 - INFO - ⏳ No improvement. Patience: 6/50
2026-04-08 16:22:03,612 - INFO - [Epoch 50] Train Loss: 0.0780 | LR: 0.000093
2026-04-08 16:22:03,613 - INFO -     >>> Val Avg RMSE (Real): 341.6355
2026-04-08 16:22:03,613 - INFO -     >>> Val MAE Details: ['214.7196', '202.0323', '195.6302', '259.2911', '290.8503', '283.6204', '278.6193']
2026-04-08 16:22:03,613 - INFO - ⏳ No improvement. Patience: 7/50
2026-04-08 16:29:57,802 - INFO - [Epoch 51] Train Loss: 0.0766 | LR: 0.000093
2026-04-08 16:29:57,802 - INFO -     >>> Val Avg RMSE (Real): 466.4905
2026-04-08 16:29:57,802 - INFO -     >>> Val MAE Details: ['280.2794', '255.0735', '225.4803', '464.9743', '442.0228', '357.5422', '359.9291']
2026-04-08 16:29:57,802 - INFO - ⏳ No improvement. Patience: 8/50
2026-04-08 16:37:57,580 - INFO - [Epoch 52] Train Loss: 0.0754 | LR: 0.000093
2026-04-08 16:37:57,581 - INFO -     >>> Val Avg RMSE (Real): 355.3031
2026-04-08 16:37:57,581 - INFO -     >>> Val MAE Details: ['232.0326', '210.7752', '197.3374', '292.0268', '308.2494', '285.7050', '281.7541']
2026-04-08 16:37:57,581 - INFO - ⏳ No improvement. Patience: 9/50
2026-04-08 16:45:51,872 - INFO - [Epoch 53] Train Loss: 0.0743 | LR: 0.000092
2026-04-08 16:45:51,873 - INFO -     >>> Val Avg RMSE (Real): 336.9183
2026-04-08 16:45:51,873 - INFO -     >>> Val MAE Details: ['217.2445', '202.4435', '189.9353', '262.3117', '283.0648', '276.4688', '275.6511']
2026-04-08 16:45:52,834 - INFO - 💾 Saved Best Model to ./logs/ED5_repr_hybrid_fusion_DualCrossattention_visnet_MultiTask7_20260408_094633/best_model.pth
2026-04-08 16:53:46,890 - INFO - [Epoch 54] Train Loss: 0.0739 | LR: 0.000092
2026-04-08 16:53:46,890 - INFO -     >>> Val Avg RMSE (Real): 332.1596
2026-04-08 16:53:46,891 - INFO -     >>> Val MAE Details: ['214.1225', '199.4911', '189.5499', '255.2930', '278.0596', '281.2264', '278.0146']
2026-04-08 16:53:48,040 - INFO - 💾 Saved Best Model to ./logs/ED5_repr_hybrid_fusion_DualCrossattention_visnet_MultiTask7_20260408_094633/best_model.pth
2026-04-08 17:01:49,892 - INFO - [Epoch 55] Train Loss: 0.0726 | LR: 0.000092
2026-04-08 17:01:49,892 - INFO -     >>> Val Avg RMSE (Real): 352.0129
2026-04-08 17:01:49,892 - INFO -     >>> Val MAE Details: ['228.6256', '204.6636', '190.9081', '262.7566', '293.0595', '299.3184', '316.0614']
2026-04-08 17:01:49,892 - INFO - ⏳ No improvement. Patience: 1/50
2026-04-08 17:09:54,596 - INFO - [Epoch 56] Train Loss: 0.0721 | LR: 0.000092
2026-04-08 17:09:54,597 - INFO -     >>> Val Avg RMSE (Real): 448.5492
2026-04-08 17:09:54,597 - INFO -     >>> Val MAE Details: ['260.2050', '228.0312', '199.0497', '361.7787', '367.9742', '424.9117', '485.7826']
2026-04-08 17:09:54,597 - INFO - ⏳ No improvement. Patience: 2/50
2026-04-08 17:17:48,596 - INFO - [Epoch 57] Train Loss: 0.0716 | LR: 0.000091
2026-04-08 17:17:48,596 - INFO -     >>> Val Avg RMSE (Real): 341.8805
2026-04-08 17:17:48,596 - INFO -     >>> Val MAE Details: ['230.3365', '211.1262', '187.1983', '271.8100', '281.6906', '281.5182', '283.0173']
2026-04-08 17:17:48,597 - INFO - ⏳ No improvement. Patience: 3/50
2026-04-08 17:25:36,792 - INFO - [Epoch 58] Train Loss: 0.0704 | LR: 0.000091
2026-04-08 17:25:36,792 - INFO -     >>> Val Avg RMSE (Real): 340.6483
2026-04-08 17:25:36,792 - INFO -     >>> Val MAE Details: ['211.4400', '201.0591', '190.3446', '249.7953', '271.4762', '312.6999', '292.2984']
2026-04-08 17:25:36,792 - INFO - ⏳ No improvement. Patience: 4/50
2026-04-08 17:33:27,921 - INFO - [Epoch 59] Train Loss: 0.0700 | LR: 0.000091
2026-04-08 17:33:27,921 - INFO -     >>> Val Avg RMSE (Real): 387.0408
2026-04-08 17:33:27,921 - INFO -     >>> Val MAE Details: ['242.9197', '221.1531', '198.0398', '329.1556', '323.8549', '329.0988', '338.0701']
2026-04-08 17:33:27,921 - INFO - ⏳ No improvement. Patience: 5/50
2026-04-08 17:41:26,654 - INFO - [Epoch 60] Train Loss: 0.0692 | LR: 0.000090
2026-04-08 17:41:26,654 - INFO -     >>> Val Avg RMSE (Real): 381.1853
2026-04-08 17:41:26,654 - INFO -     >>> Val MAE Details: ['250.3238', '224.7556', '202.5187', '337.6103', '324.1453', '300.6209', '289.9491']
2026-04-08 17:41:26,654 - INFO - ⏳ No improvement. Patience: 6/50
2026-04-08 17:49:29,197 - INFO - [Epoch 61] Train Loss: 0.0693 | LR: 0.000090
2026-04-08 17:49:29,198 - INFO -     >>> Val Avg RMSE (Real): 389.5331
2026-04-08 17:49:29,198 - INFO -     >>> Val MAE Details: ['247.9984', '221.2191', '194.2950', '358.4873', '312.2206', '312.9359', '302.1301']
2026-04-08 17:49:29,198 - INFO - ⏳ No improvement. Patience: 7/50
2026-04-08 17:59:52,291 - INFO - [Epoch 62] Train Loss: 0.0682 | LR: 0.000090
2026-04-08 17:59:52,292 - INFO -     >>> Val Avg RMSE (Real): 336.7640
2026-04-08 17:59:52,292 - INFO -     >>> Val MAE Details: ['215.5228', '204.1695', '202.2049', '253.3827', '269.8409', '277.2199', '276.3247']
2026-04-08 17:59:52,292 - INFO - ⏳ No improvement. Patience: 8/50
2026-04-08 18:07:57,900 - INFO - [Epoch 63] Train Loss: 0.0667 | LR: 0.000090
2026-04-08 18:07:57,900 - INFO -     >>> Val Avg RMSE (Real): 340.7276
2026-04-08 18:07:57,900 - INFO -     >>> Val MAE Details: ['221.6215', '208.5104', '186.8555', '253.7954', '276.5851', '281.8195', '281.5038']
2026-04-08 18:07:57,901 - INFO - ⏳ No improvement. Patience: 9/50
2026-04-08 18:16:03,873 - INFO - [Epoch 64] Train Loss: 0.0668 | LR: 0.000089
2026-04-08 18:16:03,873 - INFO -     >>> Val Avg RMSE (Real): 334.4899
2026-04-08 18:16:03,873 - INFO -     >>> Val MAE Details: ['214.2102', '203.3417', '194.0295', '261.1744', '272.1395', '276.0206', '283.3355']
2026-04-08 18:16:03,874 - INFO - ⏳ No improvement. Patience: 10/50
2026-04-08 18:24:04,773 - INFO - [Epoch 65] Train Loss: 0.0651 | LR: 0.000089
2026-04-08 18:24:04,773 - INFO -     >>> Val Avg RMSE (Real): 408.5492
2026-04-08 18:24:04,774 - INFO -     >>> Val MAE Details: ['262.1336', '235.9298', '218.1892', '375.2761', '337.5524', '329.1101', '322.4926']
2026-04-08 18:24:04,774 - INFO - ⏳ No improvement. Patience: 11/50
2026-04-08 18:32:02,048 - INFO - [Epoch 66] Train Loss: 0.0648 | LR: 0.000089
2026-04-08 18:32:02,048 - INFO -     >>> Val Avg RMSE (Real): 338.0376
2026-04-08 18:32:02,049 - INFO -     >>> Val MAE Details: ['220.3115', '211.8317', '205.1534', '249.9307', '275.2742', '274.1309', '279.7341']
2026-04-08 18:32:02,049 - INFO - ⏳ No improvement. Patience: 12/50
2026-04-08 18:39:56,267 - INFO - [Epoch 67] Train Loss: 0.0643 | LR: 0.000088
2026-04-08 18:39:56,267 - INFO -     >>> Val Avg RMSE (Real): 334.7473
2026-04-08 18:39:56,267 - INFO -     >>> Val MAE Details: ['221.4576', '198.9597', '190.3864', '251.0652', '282.3642', '277.4453', '272.3051']
2026-04-08 18:39:56,268 - INFO - ⏳ No improvement. Patience: 13/50
2026-04-08 18:47:51,018 - INFO - [Epoch 68] Train Loss: 0.0632 | LR: 0.000088
2026-04-08 18:47:51,019 - INFO -     >>> Val Avg RMSE (Real): 329.5540
2026-04-08 18:47:51,019 - INFO -     >>> Val MAE Details: ['210.4871', '199.6702', '186.5096', '247.3622', '268.9781', '275.5141', '273.5571']
2026-04-08 18:47:52,155 - INFO - 💾 Saved Best Model to ./logs/ED5_repr_hybrid_fusion_DualCrossattention_visnet_MultiTask7_20260408_094633/best_model.pth
2026-04-08 18:55:57,597 - INFO - [Epoch 69] Train Loss: 0.0624 | LR: 0.000088
2026-04-08 18:55:57,598 - INFO -     >>> Val Avg RMSE (Real): 338.4804
2026-04-08 18:55:57,598 - INFO -     >>> Val MAE Details: ['223.5917', '199.5551', '190.2335', '252.4788', '281.3580', '278.9278', '278.6834']
2026-04-08 18:55:57,598 - INFO - ⏳ No improvement. Patience: 1/50
2026-04-08 19:03:51,321 - INFO - [Epoch 70] Train Loss: 0.0619 | LR: 0.000087
2026-04-08 19:03:51,322 - INFO -     >>> Val Avg RMSE (Real): 376.0829
2026-04-08 19:03:51,322 - INFO -     >>> Val MAE Details: ['247.4982', '226.4415', '194.6267', '320.0119', '301.8958', '309.0816', '295.1167']
2026-04-08 19:03:51,322 - INFO - ⏳ No improvement. Patience: 2/50
2026-04-08 19:11:47,695 - INFO - [Epoch 71] Train Loss: 0.0608 | LR: 0.000087
2026-04-08 19:11:47,696 - INFO -     >>> Val Avg RMSE (Real): 330.3415
2026-04-08 19:11:47,696 - INFO -     >>> Val MAE Details: ['212.1744', '198.6600', '189.4124', '245.3602', '270.8946', '279.5023', '274.4272']
2026-04-08 19:11:47,696 - INFO - ⏳ No improvement. Patience: 3/50
2026-04-08 19:19:45,550 - INFO - [Epoch 72] Train Loss: 0.0609 | LR: 0.000086
2026-04-08 19:19:45,550 - INFO -     >>> Val Avg RMSE (Real): 336.5634
2026-04-08 19:19:45,550 - INFO -     >>> Val MAE Details: ['224.3165', '202.0697', '192.6949', '245.6214', '274.2516', '281.0996', '276.9000']
2026-04-08 19:19:45,551 - INFO - ⏳ No improvement. Patience: 4/50
2026-04-08 19:27:41,246 - INFO - [Epoch 73] Train Loss: 0.0599 | LR: 0.000086
2026-04-08 19:27:41,247 - INFO -     >>> Val Avg RMSE (Real): 388.5963
2026-04-08 19:27:41,247 - INFO -     >>> Val MAE Details: ['249.0566', '228.3535', '200.3264', '334.3040', '321.0110', '323.4949', '308.3893']
2026-04-08 19:27:41,247 - INFO - ⏳ No improvement. Patience: 5/50
2026-04-08 19:35:42,561 - INFO - [Epoch 74] Train Loss: 0.0597 | LR: 0.000086
2026-04-08 19:35:42,562 - INFO -     >>> Val Avg RMSE (Real): 369.6175
2026-04-08 19:35:42,562 - INFO -     >>> Val MAE Details: ['244.7587', '213.2164', '223.6010', '270.7272', '312.6710', '328.9357', '314.3976']
2026-04-08 19:35:42,562 - INFO - ⏳ No improvement. Patience: 6/50
2026-04-08 19:43:44,525 - INFO - [Epoch 75] Train Loss: 0.0587 | LR: 0.000085
2026-04-08 19:43:44,526 - INFO -     >>> Val Avg RMSE (Real): 334.8291
2026-04-08 19:43:44,526 - INFO -     >>> Val MAE Details: ['220.4786', '203.2349', '188.1741', '251.2459', '279.6948', '277.2030', '275.7452']
2026-04-08 19:43:44,526 - INFO - ⏳ No improvement. Patience: 7/50
2026-04-08 19:51:33,059 - INFO - [Epoch 76] Train Loss: 0.0592 | LR: 0.000085
2026-04-08 19:51:33,059 - INFO -     >>> Val Avg RMSE (Real): 342.6410
2026-04-08 19:51:33,060 - INFO -     >>> Val MAE Details: ['222.1662', '201.8959', '188.6985', '254.5455', '290.7210', '284.9744', '285.1942']
2026-04-08 19:51:33,060 - INFO - ⏳ No improvement. Patience: 8/50
2026-04-08 19:59:32,477 - INFO - [Epoch 77] Train Loss: 0.0580 | LR: 0.000085
2026-04-08 19:59:32,477 - INFO -     >>> Val Avg RMSE (Real): 373.4979
2026-04-08 19:59:32,477 - INFO -     >>> Val MAE Details: ['264.2257', '222.1317', '201.9590', '306.0756', '294.8519', '303.8851', '290.1469']
2026-04-08 19:59:32,477 - INFO - ⏳ No improvement. Patience: 9/50
2026-04-08 20:07:28,773 - INFO - [Epoch 78] Train Loss: 0.0575 | LR: 0.000084
2026-04-08 20:07:28,774 - INFO -     >>> Val Avg RMSE (Real): 340.1334
2026-04-08 20:07:28,774 - INFO -     >>> Val MAE Details: ['218.7919', '209.4778', '198.5677', '254.3726', '269.3762', '279.4035', '276.5193']
2026-04-08 20:07:28,774 - INFO - ⏳ No improvement. Patience: 10/50
2026-04-08 20:15:23,379 - INFO - [Epoch 79] Train Loss: 0.0577 | LR: 0.000084
2026-04-08 20:15:23,380 - INFO -     >>> Val Avg RMSE (Real): 371.3521
2026-04-08 20:15:23,380 - INFO -     >>> Val MAE Details: ['250.0064', '213.5451', '202.7472', '312.0475', '298.0073', '293.0841', '313.5192']
2026-04-08 20:15:23,380 - INFO - ⏳ No improvement. Patience: 11/50
2026-04-08 20:23:19,326 - INFO - [Epoch 80] Train Loss: 0.0560 | LR: 0.000083
2026-04-08 20:23:19,326 - INFO -     >>> Val Avg RMSE (Real): 386.3194
2026-04-08 20:23:19,326 - INFO -     >>> Val MAE Details: ['247.7043', '220.6383', '216.6905', '337.6551', '304.6770', '309.7834', '312.8177']
2026-04-08 20:23:19,326 - INFO - ⏳ No improvement. Patience: 12/50
2026-04-08 20:31:13,692 - INFO - [Epoch 81] Train Loss: 0.0569 | LR: 0.000083
2026-04-08 20:31:13,692 - INFO -     >>> Val Avg RMSE (Real): 335.1350
2026-04-08 20:31:13,692 - INFO -     >>> Val MAE Details: ['218.7158', '200.6220', '185.4294', '247.4089', '269.4220', '274.4755', '286.0161']
2026-04-08 20:31:13,693 - INFO - ⏳ No improvement. Patience: 13/50
2026-04-08 20:39:16,558 - INFO - [Epoch 82] Train Loss: 0.0554 | LR: 0.000083
2026-04-08 20:39:16,559 - INFO -     >>> Val Avg RMSE (Real): 336.8596
2026-04-08 20:39:16,559 - INFO -     >>> Val MAE Details: ['217.3275', '205.4959', '189.3023', '247.6957', '268.5889', '278.8970', '282.1301']
2026-04-08 20:39:16,559 - INFO - ⏳ No improvement. Patience: 14/50
2026-04-08 20:47:15,402 - INFO - [Epoch 83] Train Loss: 0.0551 | LR: 0.000082
2026-04-08 20:47:15,403 - INFO -     >>> Val Avg RMSE (Real): 339.8560
2026-04-08 20:47:15,403 - INFO -     >>> Val MAE Details: ['223.0522', '204.9192', '186.9383', '248.2592', '269.4092', '315.4792', '278.0983']
2026-04-08 20:47:15,403 - INFO - ⏳ No improvement. Patience: 15/50
2026-04-08 20:55:15,929 - INFO - [Epoch 84] Train Loss: 0.0550 | LR: 0.000082
2026-04-08 20:55:15,929 - INFO -     >>> Val Avg RMSE (Real): 335.3977
2026-04-08 20:55:15,929 - INFO -     >>> Val MAE Details: ['217.7054', '207.7089', '185.8733', '248.9206', '277.3239', '286.2610', '283.1252']
2026-04-08 20:55:15,929 - INFO - ⏳ No improvement. Patience: 16/50
2026-04-08 21:03:11,762 - INFO - [Epoch 85] Train Loss: 0.0537 | LR: 0.000081
2026-04-08 21:03:11,762 - INFO -     >>> Val Avg RMSE (Real): 334.8710
2026-04-08 21:03:11,762 - INFO -     >>> Val MAE Details: ['219.3993', '200.5089', '207.6376', '249.3231', '273.1779', '279.4438', '283.7807']
2026-04-08 21:03:11,763 - INFO - ⏳ No improvement. Patience: 17/50
2026-04-08 21:11:13,862 - INFO - [Epoch 86] Train Loss: 0.0539 | LR: 0.000081
2026-04-08 21:11:13,862 - INFO -     >>> Val Avg RMSE (Real): 336.3854
2026-04-08 21:11:13,862 - INFO -     >>> Val MAE Details: ['218.2293', '205.9435', '191.3905', '252.7409', '266.8579', '279.4001', '281.4772']
2026-04-08 21:11:13,862 - INFO - ⏳ No improvement. Patience: 18/50
2026-04-08 21:19:15,344 - INFO - [Epoch 87] Train Loss: 0.0528 | LR: 0.000081
2026-04-08 21:19:15,345 - INFO -     >>> Val Avg RMSE (Real): 337.4391
2026-04-08 21:19:15,345 - INFO -     >>> Val MAE Details: ['217.2665', '204.0838', '188.6056', '256.7793', '288.7829', '277.6778', '278.5084']
2026-04-08 21:19:15,345 - INFO - ⏳ No improvement. Patience: 19/50
2026-04-08 21:27:09,091 - INFO - [Epoch 88] Train Loss: 0.0533 | LR: 0.000080
2026-04-08 21:27:09,091 - INFO -     >>> Val Avg RMSE (Real): 373.9429
2026-04-08 21:27:09,091 - INFO -     >>> Val MAE Details: ['254.8839', '223.8738', '196.2261', '308.3577', '302.2483', '298.6359', '301.8885']
2026-04-08 21:27:09,092 - INFO - ⏳ No improvement. Patience: 20/50
2026-04-08 21:36:31,342 - INFO - [Epoch 89] Train Loss: 0.0528 | LR: 0.000080
2026-04-08 21:36:31,343 - INFO -     >>> Val Avg RMSE (Real): 337.1331
2026-04-08 21:36:31,343 - INFO -     >>> Val MAE Details: ['233.6342', '209.3021', '192.6512', '249.1611', '269.6760', '282.5659', '278.2607']
2026-04-08 21:36:31,343 - INFO - ⏳ No improvement. Patience: 21/50
2026-04-08 21:46:41,506 - INFO - [Epoch 90] Train Loss: 0.0518 | LR: 0.000079
2026-04-08 21:46:41,506 - INFO -     >>> Val Avg RMSE (Real): 343.4294
2026-04-08 21:46:41,506 - INFO -     >>> Val MAE Details: ['231.1155', '207.3714', '192.6854', '261.4536', '281.1880', '278.3235', '279.1226']
2026-04-08 21:46:41,506 - INFO - ⏳ No improvement. Patience: 22/50
2026-04-08 21:56:53,791 - INFO - [Epoch 91] Train Loss: 0.0515 | LR: 0.000079
2026-04-08 21:56:53,791 - INFO -     >>> Val Avg RMSE (Real): 349.3988
2026-04-08 21:56:53,792 - INFO -     >>> Val MAE Details: ['221.7245', '237.8966', '194.5378', '252.6494', '275.1478', '290.0723', '292.5941']
2026-04-08 21:56:53,792 - INFO - ⏳ No improvement. Patience: 23/50
2026-04-08 22:07:05,251 - INFO - [Epoch 92] Train Loss: 0.0511 | LR: 0.000079
2026-04-08 22:07:05,251 - INFO -     >>> Val Avg RMSE (Real): 339.3271
2026-04-08 22:07:05,251 - INFO -     >>> Val MAE Details: ['219.8010', '205.9334', '196.7045', '243.5961', '268.9311', '303.7103', '282.0014']
2026-04-08 22:07:05,251 - INFO - ⏳ No improvement. Patience: 24/50
2026-04-08 22:17:11,274 - INFO - [Epoch 93] Train Loss: 0.0508 | LR: 0.000078
2026-04-08 22:17:11,274 - INFO -     >>> Val Avg RMSE (Real): 333.4408
2026-04-08 22:17:11,274 - INFO -     >>> Val MAE Details: ['221.4703', '202.0582', '189.0597', '247.9297', '271.8466', '274.8799', '278.0920']
2026-04-08 22:17:11,274 - INFO - ⏳ No improvement. Patience: 25/50
2026-04-08 22:27:22,495 - INFO - [Epoch 94] Train Loss: 0.0504 | LR: 0.000078
2026-04-08 22:27:22,496 - INFO -     >>> Val Avg RMSE (Real): 343.6843
2026-04-08 22:27:22,496 - INFO -     >>> Val MAE Details: ['223.5043', '210.4700', '205.3951', '246.3202', '270.6977', '284.1259', '299.8566']
2026-04-08 22:27:22,496 - INFO - ⏳ No improvement. Patience: 26/50
2026-04-08 22:37:32,239 - INFO - [Epoch 95] Train Loss: 0.0501 | LR: 0.000077
2026-04-08 22:37:32,239 - INFO -     >>> Val Avg RMSE (Real): 340.8411
2026-04-08 22:37:32,239 - INFO -     >>> Val MAE Details: ['226.9356', '208.4821', '190.9638', '250.2255', '269.6703', '282.5653', '287.4878']
2026-04-08 22:37:32,240 - INFO - ⏳ No improvement. Patience: 27/50
2026-04-08 22:47:47,129 - INFO - [Epoch 96] Train Loss: 0.0498 | LR: 0.000077
2026-04-08 22:47:47,129 - INFO -     >>> Val Avg RMSE (Real): 347.5866
2026-04-08 22:47:47,129 - INFO -     >>> Val MAE Details: ['239.5941', '213.3976', '193.7444', '254.5834', '275.0422', '292.0518', '289.8476']
2026-04-08 22:47:47,129 - INFO - ⏳ No improvement. Patience: 28/50
2026-04-08 22:57:54,133 - INFO - [Epoch 97] Train Loss: 0.0504 | LR: 0.000076
2026-04-08 22:57:54,134 - INFO -     >>> Val Avg RMSE (Real): 370.8759
2026-04-08 22:57:54,134 - INFO -     >>> Val MAE Details: ['250.5625', '223.2297', '195.3307', '291.6519', '314.7506', '301.5489', '292.8121']
2026-04-08 22:57:54,134 - INFO - ⏳ No improvement. Patience: 29/50
2026-04-08 23:08:06,852 - INFO - [Epoch 98] Train Loss: 0.0490 | LR: 0.000076
2026-04-08 23:08:06,852 - INFO -     >>> Val Avg RMSE (Real): 343.5489
2026-04-08 23:08:06,853 - INFO -     >>> Val MAE Details: ['224.6603', '211.2130', '198.6272', '249.0914', '279.8059', '288.6564', '288.5072']
2026-04-08 23:08:06,853 - INFO - ⏳ No improvement. Patience: 30/50
2026-04-08 23:18:16,813 - INFO - [Epoch 99] Train Loss: 0.0481 | LR: 0.000075
2026-04-08 23:18:16,813 - INFO -     >>> Val Avg RMSE (Real): 351.0400
2026-04-08 23:18:16,813 - INFO -     >>> Val MAE Details: ['224.8781', '213.1987', '198.4460', '258.8242', '288.0977', '311.7961', '279.4536']
2026-04-08 23:18:16,813 - INFO - ⏳ No improvement. Patience: 31/50
2026-04-08 23:28:29,888 - INFO - [Epoch 100] Train Loss: 0.0480 | LR: 0.000075
2026-04-08 23:28:29,889 - INFO -     >>> Val Avg RMSE (Real): 355.8826
2026-04-08 23:28:29,889 - INFO -     >>> Val MAE Details: ['237.5996', '213.2854', '193.5131', '260.9949', '279.7751', '310.1871', '302.5013']
2026-04-08 23:28:29,889 - INFO - ⏳ No improvement. Patience: 32/50
2026-04-08 23:38:40,336 - INFO - [Epoch 101] Train Loss: 0.0480 | LR: 0.000075
2026-04-08 23:38:40,337 - INFO -     >>> Val Avg RMSE (Real): 339.3116
2026-04-08 23:38:40,337 - INFO -     >>> Val MAE Details: ['220.9686', '218.6845', '199.6717', '250.0800', '272.1682', '279.3318', '282.8785']
2026-04-08 23:38:40,337 - INFO - ⏳ No improvement. Patience: 33/50
2026-04-08 23:48:52,226 - INFO - [Epoch 102] Train Loss: 0.0470 | LR: 0.000074
2026-04-08 23:48:52,226 - INFO -     >>> Val Avg RMSE (Real): 336.2441
2026-04-08 23:48:52,227 - INFO -     >>> Val MAE Details: ['228.7668', '206.2493', '193.8968', '243.9548', '269.3495', '280.0600', '282.6642']
2026-04-08 23:48:52,227 - INFO - ⏳ No improvement. Patience: 34/50
2026-04-08 23:59:00,704 - INFO - [Epoch 103] Train Loss: 0.0465 | LR: 0.000074
2026-04-08 23:59:00,704 - INFO -     >>> Val Avg RMSE (Real): 340.4735
2026-04-08 23:59:00,704 - INFO -     >>> Val MAE Details: ['224.8762', '210.1024', '201.5127', '252.0033', '270.0715', '281.8439', '279.8002']
2026-04-08 23:59:00,705 - INFO - ⏳ No improvement. Patience: 35/50
2026-04-09 00:09:13,805 - INFO - [Epoch 104] Train Loss: 0.0459 | LR: 0.000073
2026-04-09 00:09:13,806 - INFO -     >>> Val Avg RMSE (Real): 354.5240
2026-04-09 00:09:13,806 - INFO -     >>> Val MAE Details: ['223.9593', '212.7364', '192.8583', '248.3795', '287.7694', '333.6718', '303.6431']
2026-04-09 00:09:13,806 - INFO - ⏳ No improvement. Patience: 36/50
2026-04-09 00:19:21,306 - INFO - [Epoch 105] Train Loss: 0.0456 | LR: 0.000073
2026-04-09 00:19:21,306 - INFO -     >>> Val Avg RMSE (Real): 369.7170
2026-04-09 00:19:21,306 - INFO -     >>> Val MAE Details: ['244.9562', '225.1772', '199.5925', '289.8701', '294.7513', '299.6335', '296.2873']
2026-04-09 00:19:21,307 - INFO - ⏳ No improvement. Patience: 37/50
2026-04-09 00:29:29,050 - INFO - [Epoch 106] Train Loss: 0.0455 | LR: 0.000072
2026-04-09 00:29:29,050 - INFO -     >>> Val Avg RMSE (Real): 355.0312
2026-04-09 00:29:29,050 - INFO -     >>> Val MAE Details: ['235.9491', '219.1021', '196.1350', '267.8315', '278.0311', '296.9745', '292.7467']
2026-04-09 00:29:29,050 - INFO - ⏳ No improvement. Patience: 38/50
2026-04-09 00:39:40,521 - INFO - [Epoch 107] Train Loss: 0.0452 | LR: 0.000072
2026-04-09 00:39:40,522 - INFO -     >>> Val Avg RMSE (Real): 340.3962
2026-04-09 00:39:40,522 - INFO -     >>> Val MAE Details: ['236.6277', '209.4123', '193.3490', '248.5305', '271.1996', '278.6710', '280.3184']
2026-04-09 00:39:40,522 - INFO - ⏳ No improvement. Patience: 39/50
2026-04-09 00:49:52,504 - INFO - [Epoch 108] Train Loss: 0.0449 | LR: 0.000071
2026-04-09 00:49:52,505 - INFO -     >>> Val Avg RMSE (Real): 363.6506
2026-04-09 00:49:52,505 - INFO -     >>> Val MAE Details: ['247.2798', '220.0663', '201.9421', '272.4188', '292.1238', '295.2611', '295.0790']
2026-04-09 00:49:52,505 - INFO - ⏳ No improvement. Patience: 40/50
2026-04-09 01:00:00,171 - INFO - [Epoch 109] Train Loss: 0.0448 | LR: 0.000071
2026-04-09 01:00:00,171 - INFO -     >>> Val Avg RMSE (Real): 342.3802
2026-04-09 01:00:00,172 - INFO -     >>> Val MAE Details: ['227.9965', '207.0153', '190.6372', '251.4598', '276.5637', '283.8623', '292.5409']
2026-04-09 01:00:00,172 - INFO - ⏳ No improvement. Patience: 41/50
2026-04-09 01:10:05,252 - INFO - [Epoch 110] Train Loss: 0.0440 | LR: 0.000070
2026-04-09 01:10:05,252 - INFO -     >>> Val Avg RMSE (Real): 351.5453
2026-04-09 01:10:05,252 - INFO -     >>> Val MAE Details: ['240.4466', '218.6476', '192.6913', '260.4181', '281.0133', '293.3233', '292.4163']
2026-04-09 01:10:05,253 - INFO - ⏳ No improvement. Patience: 42/50
2026-04-09 01:20:19,811 - INFO - [Epoch 111] Train Loss: 0.0445 | LR: 0.000070
2026-04-09 01:20:19,811 - INFO -     >>> Val Avg RMSE (Real): 364.1973
2026-04-09 01:20:19,812 - INFO -     >>> Val MAE Details: ['236.2556', '220.8492', '210.7906', '261.0209', '285.1115', '326.6967', '301.7856']
2026-04-09 01:20:19,812 - INFO - ⏳ No improvement. Patience: 43/50
2026-04-09 01:30:36,530 - INFO - [Epoch 112] Train Loss: 0.0437 | LR: 0.000069
2026-04-09 01:30:36,531 - INFO -     >>> Val Avg RMSE (Real): 353.6584
2026-04-09 01:30:36,531 - INFO -     >>> Val MAE Details: ['229.2698', '219.9594', '198.6877', '253.7256', '281.1124', '291.5411', '291.3423']
2026-04-09 01:30:36,531 - INFO - ⏳ No improvement. Patience: 44/50
2026-04-09 01:40:30,677 - INFO - [Epoch 113] Train Loss: 0.0435 | LR: 0.000069
2026-04-09 01:40:30,677 - INFO -     >>> Val Avg RMSE (Real): 346.9091
2026-04-09 01:40:30,677 - INFO -     >>> Val MAE Details: ['227.9981', '209.1968', '195.9074', '259.2906', '281.2643', '301.4786', '286.9356']
2026-04-09 01:40:30,677 - INFO - ⏳ No improvement. Patience: 45/50
2026-04-09 01:48:26,723 - INFO - [Epoch 114] Train Loss: 0.0436 | LR: 0.000068
2026-04-09 01:48:26,723 - INFO -     >>> Val Avg RMSE (Real): 344.8792
2026-04-09 01:48:26,724 - INFO -     >>> Val MAE Details: ['223.4398', '213.2927', '190.8207', '259.0443', '285.8935', '279.1169', '291.2667']
2026-04-09 01:48:26,724 - INFO - ⏳ No improvement. Patience: 46/50
2026-04-09 01:56:31,744 - INFO - [Epoch 115] Train Loss: 0.0423 | LR: 0.000068
2026-04-09 01:56:31,745 - INFO -     >>> Val Avg RMSE (Real): 354.4388
2026-04-09 01:56:31,745 - INFO -     >>> Val MAE Details: ['236.4195', '215.0293', '193.6229', '254.6656', '272.4746', '311.5059', '298.2745']
2026-04-09 01:56:31,745 - INFO - ⏳ No improvement. Patience: 47/50
2026-04-09 02:04:34,482 - INFO - [Epoch 116] Train Loss: 0.0424 | LR: 0.000067
2026-04-09 02:04:34,482 - INFO -     >>> Val Avg RMSE (Real): 394.2871
2026-04-09 02:04:34,483 - INFO -     >>> Val MAE Details: ['283.2770', '245.4165', '210.2204', '284.6191', '299.1123', '352.2770', '347.6522']
2026-04-09 02:04:34,483 - INFO - ⏳ No improvement. Patience: 48/50
2026-04-09 02:12:19,475 - INFO - [Epoch 117] Train Loss: 0.0418 | LR: 0.000067
2026-04-09 02:12:19,475 - INFO -     >>> Val Avg RMSE (Real): 389.4515
2026-04-09 02:12:19,475 - INFO -     >>> Val MAE Details: ['257.6080', '239.2702', '200.9583', '271.0390', '298.5051', '349.5023', '370.7410']
2026-04-09 02:12:19,476 - INFO - ⏳ No improvement. Patience: 49/50
2026-04-09 02:20:22,861 - INFO - [Epoch 118] Train Loss: 0.0419 | LR: 0.000066
2026-04-09 02:20:22,861 - INFO -     >>> Val Avg RMSE (Real): 349.8287
2026-04-09 02:20:22,862 - INFO -     >>> Val MAE Details: ['229.7224', '222.1389', '194.8275', '254.2497', '285.3665', '302.5035', '289.6415']
2026-04-09 02:20:22,862 - INFO - ⏳ No improvement. Patience: 50/50
2026-04-09 02:20:22,862 - INFO - 🛑 Early Stopping triggered! Best RMSE: 329.5540
