2026-04-25 18:36:54,162 - INFO - 💾 Config files backed up to ./logs/ED5OE_repr_ed_field_PointTransformerV3_MultiTask7_init_from_ckpt_20260425_183654
2026-04-25 18:36:54,162 - INFO - 🎯 Multi-Task Targets (7): ['homo_2', 'homo_1', 'homo_0', 'lumo_0', 'lumo_1', 'lumo_2', 'lumo_3']
2026-04-25 18:36:54,162 - INFO - ========================================
2026-04-25 18:36:54,162 - INFO -         Training Configuration        
2026-04-25 18:36:54,162 - INFO - ========================================
2026-04-25 18:36:54,163 - INFO - 
{'data': {'dataset_mode': 'repr_ed_field',
          'grid_size': 0.1,
          'pkl_path': '/home/zw/ED_all/data/ED5_OE/ed_homo_lumo_5w_1024.pkl',
          'targets': ['homo_2',
                      'homo_1',
                      'homo_0',
                      'lumo_0',
                      'lumo_1',
                      'lumo_2',
                      'lumo_3']},
 'model': {'dec_channels': [64, 64, 128, 256],
           'drop_path_rate': 0.3,
           'enc_channels': [32, 64, 128, 256, 512],
           'enc_depths': [2, 2, 2, 6, 2],
           'in_channels': 1,
           'name': 'PointTransformerV3',
           'patch_size': 1024},
 'train': {'batch_size': 16,
           'epochs': 300,
           'grad_norm_clip': 1.0,
           'lr': 0.0001,
           'patience': 50,
           'seed': 2025,
           'weight_decay': 0.0001}}
2026-04-25 18:36:54,163 - INFO - ========================================

2026-04-25 18:36:54,163 - INFO - 🚀 Start Training on Device: cuda
2026-04-25 18:36:54,163 - INFO - Loading Data...
2026-04-25 18:36:54,163 - INFO - Loading Dataset Mode: repr_ed_field...
2026-04-25 18:36:55,925 - INFO - Stats - Mean: [[-7445.8413  -6840.216   -6120.3984   -467.56372   424.0417   1219.15
   1809.3901 ]], Std: [[ 740.80115  706.1094   754.61444 1186.4423  1122.4873  1107.2244
  1080.796  ]]
2026-04-25 18:36:55,925 - INFO - Building Model: PointTransformerV3...
2026-04-25 18:37:03,242 - INFO - Total Parameters: 46.1486 M

2026-04-25 18:37:03,242 - INFO - 🧩 Loading initialization checkpoint...
