2026-04-16 18:01:42,550 - INFO - 💾 Config files backed up to ./logs/QMugs_repr_atomistic_graph_SphereNet_Task3_20260416_180142
2026-04-16 18:01:42,550 - INFO - 🎯 Multi-Task Targets (3): ['homo_energy_meV', 'lumo_energy_meV', 'homo_lumo_gap_meV']
2026-04-16 18:01:42,550 - INFO - ========================================
2026-04-16 18:01:42,550 - INFO -         Training Configuration        
2026-04-16 18:01:42,550 - INFO - ========================================
2026-04-16 18:01:42,550 - INFO - 
{'data': {'dataset_mode': 'repr_atomistic_graph',
          'grid_size': 0.1,
          'max_radius': 10.0,
          'pkl_path': '../data/QMugs/qmugs_ed_1024_dft_meV_fps.pkl',
          'targets': ['homo_energy_meV',
                      'lumo_energy_meV',
                      'homo_lumo_gap_meV']},
 'model': {'cutoff': 10.0,
           'hidden_channels': 128,
           'max_num_neighbors': 64,
           'name': 'SphereNet',
           'num_layers': 5,
           'num_radial': 6,
           'num_spherical': 7},
 'train': {'batch_size': 32,
           'epochs': 200,
           'grad_norm_clip': 1.0,
           'lr': 0.0001,
           'patience': 50,
           'seed': 2025,
           'weight_decay': 0.0001}}
2026-04-16 18:01:42,551 - INFO - ========================================

2026-04-16 18:01:42,551 - INFO - 🚀 Start Training on Device: cuda
2026-04-16 18:01:42,551 - INFO - Loading Data...
2026-04-16 18:01:42,551 - INFO - Loading Dataset Mode: repr_atomistic_graph...
2026-04-16 18:01:46,885 - INFO - Stats - Mean: [[-7851.8887    392.37622  8244.265  ]], Std: [[502.80716 721.1641  813.3487 ]]
2026-04-16 18:01:46,886 - INFO - Building Model: SphereNet...
2026-04-16 18:02:30,502 - INFO - Total Parameters: 2.3028 M

2026-04-16 18:07:57,655 - INFO - [Epoch 1] Train Loss: 4.1126 | LR: 0.000100
2026-04-16 18:07:57,656 - INFO -     >>> Val Avg RMSE (Real): 662.6184
2026-04-16 18:07:57,656 - INFO -     >>> Val MAE Details: ['336.7439', '447.3477', '760.7956']
2026-04-16 18:07:57,756 - INFO - 💾 Saved Best Model to ./logs/QMugs_repr_atomistic_graph_SphereNet_Task3_20260416_180142/best_model.pth
2026-04-16 18:13:23,480 - INFO - [Epoch 2] Train Loss: 0.6481 | LR: 0.000100
2026-04-16 18:13:23,480 - INFO -     >>> Val Avg RMSE (Real): 488.6268
2026-04-16 18:13:23,480 - INFO -     >>> Val MAE Details: ['294.9563', '359.2297', '465.1405']
2026-04-16 18:13:23,641 - INFO - 💾 Saved Best Model to ./logs/QMugs_repr_atomistic_graph_SphereNet_Task3_20260416_180142/best_model.pth
2026-04-16 18:18:49,764 - INFO - [Epoch 3] Train Loss: 0.5825 | LR: 0.000100
2026-04-16 18:18:49,764 - INFO -     >>> Val Avg RMSE (Real): 510.2776
2026-04-16 18:18:49,764 - INFO -     >>> Val MAE Details: ['303.8290', '375.4583', '471.1643']
2026-04-16 18:18:49,764 - INFO - ⏳ No improvement. Patience: 1/50
2026-04-16 18:24:16,456 - INFO - [Epoch 4] Train Loss: 0.5451 | LR: 0.000100
2026-04-16 18:24:16,456 - INFO -     >>> Val Avg RMSE (Real): 546.8967
2026-04-16 18:24:16,457 - INFO -     >>> Val MAE Details: ['397.0960', '361.8058', '513.9957']
2026-04-16 18:24:16,457 - INFO - ⏳ No improvement. Patience: 2/50
2026-04-16 18:29:42,442 - INFO - [Epoch 5] Train Loss: 0.5295 | LR: 0.000100
2026-04-16 18:29:42,442 - INFO -     >>> Val Avg RMSE (Real): 487.2379
2026-04-16 18:29:42,442 - INFO -     >>> Val MAE Details: ['314.4519', '383.2677', '427.0672']
2026-04-16 18:29:42,595 - INFO - 💾 Saved Best Model to ./logs/QMugs_repr_atomistic_graph_SphereNet_Task3_20260416_180142/best_model.pth
2026-04-16 18:35:08,112 - INFO - [Epoch 6] Train Loss: 0.4998 | LR: 0.000100
2026-04-16 18:35:08,112 - INFO -     >>> Val Avg RMSE (Real): 487.7026
2026-04-16 18:35:08,112 - INFO -     >>> Val MAE Details: ['276.9245', '367.2087', '454.4977']
2026-04-16 18:35:08,112 - INFO - ⏳ No improvement. Patience: 1/50
2026-04-16 18:40:34,502 - INFO - [Epoch 7] Train Loss: 0.4879 | LR: 0.000100
2026-04-16 18:40:34,502 - INFO -     >>> Val Avg RMSE (Real): 459.9796
2026-04-16 18:40:34,502 - INFO -     >>> Val MAE Details: ['280.9641', '326.5157', '433.8684']
2026-04-16 18:40:34,649 - INFO - 💾 Saved Best Model to ./logs/QMugs_repr_atomistic_graph_SphereNet_Task3_20260416_180142/best_model.pth
2026-04-16 18:46:00,423 - INFO - [Epoch 8] Train Loss: 0.4635 | LR: 0.000100
2026-04-16 18:46:00,423 - INFO -     >>> Val Avg RMSE (Real): 462.5186
2026-04-16 18:46:00,424 - INFO -     >>> Val MAE Details: ['272.7823', '341.3463', '430.0052']
2026-04-16 18:46:00,424 - INFO - ⏳ No improvement. Patience: 1/50
2026-04-16 18:51:26,456 - INFO - [Epoch 9] Train Loss: 0.4558 | LR: 0.000100
2026-04-16 18:51:26,457 - INFO -     >>> Val Avg RMSE (Real): 455.0547
2026-04-16 18:51:26,457 - INFO -     >>> Val MAE Details: ['272.2930', '337.5112', '438.0209']
2026-04-16 18:51:26,609 - INFO - 💾 Saved Best Model to ./logs/QMugs_repr_atomistic_graph_SphereNet_Task3_20260416_180142/best_model.pth
2026-04-16 18:56:52,150 - INFO - [Epoch 10] Train Loss: 0.4380 | LR: 0.000099
2026-04-16 18:56:52,151 - INFO -     >>> Val Avg RMSE (Real): 501.8118
2026-04-16 18:56:52,151 - INFO -     >>> Val MAE Details: ['290.6154', '366.2018', '507.1282']
2026-04-16 18:56:52,151 - INFO - ⏳ No improvement. Patience: 1/50
2026-04-16 19:02:17,349 - INFO - [Epoch 11] Train Loss: 0.4291 | LR: 0.000099
2026-04-16 19:02:17,349 - INFO -     >>> Val Avg RMSE (Real): 433.5250
2026-04-16 19:02:17,349 - INFO -     >>> Val MAE Details: ['260.0714', '315.0801', '410.5727']
2026-04-16 19:02:17,532 - INFO - 💾 Saved Best Model to ./logs/QMugs_repr_atomistic_graph_SphereNet_Task3_20260416_180142/best_model.pth
2026-04-16 19:07:43,146 - INFO - [Epoch 12] Train Loss: 0.4162 | LR: 0.000099
2026-04-16 19:07:43,147 - INFO -     >>> Val Avg RMSE (Real): 420.9446
2026-04-16 19:07:43,147 - INFO -     >>> Val MAE Details: ['258.0190', '309.4767', '393.5383']
2026-04-16 19:07:43,328 - INFO - 💾 Saved Best Model to ./logs/QMugs_repr_atomistic_graph_SphereNet_Task3_20260416_180142/best_model.pth
2026-04-16 19:13:10,105 - INFO - [Epoch 13] Train Loss: 0.4040 | LR: 0.000099
2026-04-16 19:13:10,106 - INFO -     >>> Val Avg RMSE (Real): 433.8027
2026-04-16 19:13:10,106 - INFO -     >>> Val MAE Details: ['266.3918', '314.4505', '405.7113']
2026-04-16 19:13:10,106 - INFO - ⏳ No improvement. Patience: 1/50
2026-04-16 19:18:35,909 - INFO - [Epoch 14] Train Loss: 0.4000 | LR: 0.000099
2026-04-16 19:18:35,909 - INFO -     >>> Val Avg RMSE (Real): 423.5446
2026-04-16 19:18:35,909 - INFO -     >>> Val MAE Details: ['262.5523', '314.9260', '389.9547']
2026-04-16 19:18:35,909 - INFO - ⏳ No improvement. Patience: 2/50
2026-04-16 19:24:01,771 - INFO - [Epoch 15] Train Loss: 0.3903 | LR: 0.000099
2026-04-16 19:24:01,771 - INFO -     >>> Val Avg RMSE (Real): 426.3701
2026-04-16 19:24:01,771 - INFO -     >>> Val MAE Details: ['264.4898', '319.7521', '386.3461']
2026-04-16 19:24:01,772 - INFO - ⏳ No improvement. Patience: 3/50
2026-04-16 19:29:28,078 - INFO - [Epoch 16] Train Loss: 0.3867 | LR: 0.000098
2026-04-16 19:29:28,079 - INFO -     >>> Val Avg RMSE (Real): 424.6859
2026-04-16 19:29:28,079 - INFO -     >>> Val MAE Details: ['261.6773', '309.7901', '404.3938']
2026-04-16 19:29:28,079 - INFO - ⏳ No improvement. Patience: 4/50
2026-04-16 19:34:54,657 - INFO - [Epoch 17] Train Loss: 0.3804 | LR: 0.000098
2026-04-16 19:34:54,657 - INFO -     >>> Val Avg RMSE (Real): 446.0360
2026-04-16 19:34:54,657 - INFO -     >>> Val MAE Details: ['261.3950', '332.4068', '434.9875']
2026-04-16 19:34:54,657 - INFO - ⏳ No improvement. Patience: 5/50
2026-04-16 19:40:24,847 - INFO - [Epoch 18] Train Loss: 0.3759 | LR: 0.000098
2026-04-16 19:40:24,847 - INFO -     >>> Val Avg RMSE (Real): 419.7994
2026-04-16 19:40:24,847 - INFO -     >>> Val MAE Details: ['254.0738', '300.4924', '391.8474']
2026-04-16 19:40:25,079 - INFO - 💾 Saved Best Model to ./logs/QMugs_repr_atomistic_graph_SphereNet_Task3_20260416_180142/best_model.pth
2026-04-16 19:46:07,381 - INFO - [Epoch 19] Train Loss: 0.3697 | LR: 0.000098
2026-04-16 19:46:07,381 - INFO -     >>> Val Avg RMSE (Real): 405.9980
2026-04-16 19:46:07,381 - INFO -     >>> Val MAE Details: ['245.5564', '297.8236', '380.8886']
2026-04-16 19:46:07,553 - INFO - 💾 Saved Best Model to ./logs/QMugs_repr_atomistic_graph_SphereNet_Task3_20260416_180142/best_model.pth
2026-04-16 19:51:48,823 - INFO - [Epoch 20] Train Loss: 0.3688 | LR: 0.000098
2026-04-16 19:51:48,823 - INFO -     >>> Val Avg RMSE (Real): 402.4940
2026-04-16 19:51:48,823 - INFO -     >>> Val MAE Details: ['246.3171', '294.2092', '374.2075']
2026-04-16 19:51:49,020 - INFO - 💾 Saved Best Model to ./logs/QMugs_repr_atomistic_graph_SphereNet_Task3_20260416_180142/best_model.pth
2026-04-16 19:57:31,460 - INFO - [Epoch 21] Train Loss: 0.3622 | LR: 0.000097
2026-04-16 19:57:31,460 - INFO -     >>> Val Avg RMSE (Real): 412.8277
2026-04-16 19:57:31,460 - INFO -     >>> Val MAE Details: ['256.2768', '290.8505', '387.4990']
2026-04-16 19:57:31,460 - INFO - ⏳ No improvement. Patience: 1/50
2026-04-16 20:03:12,178 - INFO - [Epoch 22] Train Loss: 0.3593 | LR: 0.000097
2026-04-16 20:03:12,179 - INFO -     >>> Val Avg RMSE (Real): 421.8429
2026-04-16 20:03:12,179 - INFO -     >>> Val MAE Details: ['243.8610', '308.5661', '395.1087']
2026-04-16 20:03:12,179 - INFO - ⏳ No improvement. Patience: 2/50
2026-04-16 20:08:53,738 - INFO - [Epoch 23] Train Loss: 0.3620 | LR: 0.000097
2026-04-16 20:08:53,738 - INFO -     >>> Val Avg RMSE (Real): 412.6327
2026-04-16 20:08:53,738 - INFO -     >>> Val MAE Details: ['245.2867', '296.9236', '389.0583']
2026-04-16 20:08:53,738 - INFO - ⏳ No improvement. Patience: 3/50
2026-04-16 20:14:35,283 - INFO - [Epoch 24] Train Loss: 0.3547 | LR: 0.000096
2026-04-16 20:14:35,284 - INFO -     >>> Val Avg RMSE (Real): 420.0630
2026-04-16 20:14:35,284 - INFO -     >>> Val MAE Details: ['256.0608', '301.2090', '391.0182']
2026-04-16 20:14:35,284 - INFO - ⏳ No improvement. Patience: 4/50
2026-04-16 20:20:16,985 - INFO - [Epoch 25] Train Loss: 0.3519 | LR: 0.000096
2026-04-16 20:20:16,985 - INFO -     >>> Val Avg RMSE (Real): 403.6943
2026-04-16 20:20:16,985 - INFO -     >>> Val MAE Details: ['240.8888', '293.6717', '375.8258']
2026-04-16 20:20:16,985 - INFO - ⏳ No improvement. Patience: 5/50
2026-04-16 20:25:56,801 - INFO - [Epoch 26] Train Loss: 0.3498 | LR: 0.000096
2026-04-16 20:25:56,801 - INFO -     >>> Val Avg RMSE (Real): 414.1072
2026-04-16 20:25:56,801 - INFO -     >>> Val MAE Details: ['249.3477', '300.8956', '387.7183']
2026-04-16 20:25:56,801 - INFO - ⏳ No improvement. Patience: 6/50
2026-04-16 20:31:37,962 - INFO - [Epoch 27] Train Loss: 0.3464 | LR: 0.000096
2026-04-16 20:31:37,962 - INFO -     >>> Val Avg RMSE (Real): 407.7907
2026-04-16 20:31:37,962 - INFO -     >>> Val MAE Details: ['249.1648', '290.2189', '382.4366']
2026-04-16 20:31:37,962 - INFO - ⏳ No improvement. Patience: 7/50
2026-04-16 20:37:19,271 - INFO - [Epoch 28] Train Loss: 0.3437 | LR: 0.000095
2026-04-16 20:37:19,271 - INFO -     >>> Val Avg RMSE (Real): 399.2962
2026-04-16 20:37:19,271 - INFO -     >>> Val MAE Details: ['239.1562', '293.1790', '372.9389']
2026-04-16 20:37:19,439 - INFO - 💾 Saved Best Model to ./logs/QMugs_repr_atomistic_graph_SphereNet_Task3_20260416_180142/best_model.pth
2026-04-16 20:43:00,938 - INFO - [Epoch 29] Train Loss: 0.3416 | LR: 0.000095
2026-04-16 20:43:00,939 - INFO -     >>> Val Avg RMSE (Real): 397.2649
2026-04-16 20:43:00,939 - INFO -     >>> Val MAE Details: ['239.9575', '288.7539', '369.5244']
2026-04-16 20:43:01,128 - INFO - 💾 Saved Best Model to ./logs/QMugs_repr_atomistic_graph_SphereNet_Task3_20260416_180142/best_model.pth
2026-04-16 20:48:43,959 - INFO - [Epoch 30] Train Loss: 0.3394 | LR: 0.000095
2026-04-16 20:48:43,960 - INFO -     >>> Val Avg RMSE (Real): 423.7108
2026-04-16 20:48:43,960 - INFO -     >>> Val MAE Details: ['239.3613', '310.8871', '402.1669']
2026-04-16 20:48:43,960 - INFO - ⏳ No improvement. Patience: 1/50
2026-04-16 20:54:25,924 - INFO - [Epoch 31] Train Loss: 0.3365 | LR: 0.000094
2026-04-16 20:54:25,925 - INFO -     >>> Val Avg RMSE (Real): 395.6157
2026-04-16 20:54:25,925 - INFO -     >>> Val MAE Details: ['237.9505', '290.5278', '375.3169']
2026-04-16 20:54:26,098 - INFO - 💾 Saved Best Model to ./logs/QMugs_repr_atomistic_graph_SphereNet_Task3_20260416_180142/best_model.pth
2026-04-16 21:00:07,095 - INFO - [Epoch 32] Train Loss: 0.3347 | LR: 0.000094
2026-04-16 21:00:07,095 - INFO -     >>> Val Avg RMSE (Real): 396.8570
2026-04-16 21:00:07,095 - INFO -     >>> Val MAE Details: ['238.7284', '290.0579', '375.3259']
2026-04-16 21:00:07,095 - INFO - ⏳ No improvement. Patience: 1/50
2026-04-16 21:05:46,358 - INFO - [Epoch 33] Train Loss: 0.3359 | LR: 0.000093
2026-04-16 21:05:46,359 - INFO -     >>> Val Avg RMSE (Real): 394.7182
2026-04-16 21:05:46,359 - INFO -     >>> Val MAE Details: ['240.3311', '288.0122', '366.0925']
2026-04-16 21:05:46,571 - INFO - 💾 Saved Best Model to ./logs/QMugs_repr_atomistic_graph_SphereNet_Task3_20260416_180142/best_model.pth
2026-04-16 21:11:26,899 - INFO - [Epoch 34] Train Loss: 0.3332 | LR: 0.000093
2026-04-16 21:11:26,900 - INFO -     >>> Val Avg RMSE (Real): 397.0114
2026-04-16 21:11:26,900 - INFO -     >>> Val MAE Details: ['236.6840', '289.3461', '371.9706']
2026-04-16 21:11:26,900 - INFO - ⏳ No improvement. Patience: 1/50
2026-04-16 21:17:06,798 - INFO - [Epoch 35] Train Loss: 0.3306 | LR: 0.000093
2026-04-16 21:17:06,799 - INFO -     >>> Val Avg RMSE (Real): 390.0280
2026-04-16 21:17:06,799 - INFO -     >>> Val MAE Details: ['236.5967', '283.7322', '366.0428']
2026-04-16 21:17:06,983 - INFO - 💾 Saved Best Model to ./logs/QMugs_repr_atomistic_graph_SphereNet_Task3_20260416_180142/best_model.pth
2026-04-16 21:22:45,892 - INFO - [Epoch 36] Train Loss: 0.3332 | LR: 0.000092
2026-04-16 21:22:45,893 - INFO -     >>> Val Avg RMSE (Real): 408.8975
2026-04-16 21:22:45,893 - INFO -     >>> Val MAE Details: ['243.6913', '293.4138', '393.3512']
2026-04-16 21:22:45,893 - INFO - ⏳ No improvement. Patience: 1/50
2026-04-16 21:28:27,536 - INFO - [Epoch 37] Train Loss: 0.3289 | LR: 0.000092
2026-04-16 21:28:27,537 - INFO -     >>> Val Avg RMSE (Real): 393.3860
2026-04-16 21:28:27,537 - INFO -     >>> Val MAE Details: ['238.4542', '283.3698', '365.9599']
2026-04-16 21:28:27,537 - INFO - ⏳ No improvement. Patience: 2/50
2026-04-16 21:34:09,500 - INFO - [Epoch 38] Train Loss: 0.3281 | LR: 0.000091
2026-04-16 21:34:09,500 - INFO -     >>> Val Avg RMSE (Real): 392.9138
2026-04-16 21:34:09,500 - INFO -     >>> Val MAE Details: ['234.0700', '284.9634', '367.7216']
2026-04-16 21:34:09,500 - INFO - ⏳ No improvement. Patience: 3/50
2026-04-16 21:39:50,612 - INFO - [Epoch 39] Train Loss: 0.3262 | LR: 0.000091
2026-04-16 21:39:50,613 - INFO -     >>> Val Avg RMSE (Real): 389.3347
2026-04-16 21:39:50,613 - INFO -     >>> Val MAE Details: ['233.1478', '285.6886', '362.5698']
2026-04-16 21:39:50,813 - INFO - 💾 Saved Best Model to ./logs/QMugs_repr_atomistic_graph_SphereNet_Task3_20260416_180142/best_model.pth
2026-04-16 21:45:31,879 - INFO - [Epoch 40] Train Loss: 0.3254 | LR: 0.000090
2026-04-16 21:45:31,879 - INFO -     >>> Val Avg RMSE (Real): 390.8154
2026-04-16 21:45:31,879 - INFO -     >>> Val MAE Details: ['234.2961', '281.9153', '363.3200']
2026-04-16 21:45:31,879 - INFO - ⏳ No improvement. Patience: 1/50
2026-04-16 21:51:14,270 - INFO - [Epoch 41] Train Loss: 0.3234 | LR: 0.000090
2026-04-16 21:51:14,271 - INFO -     >>> Val Avg RMSE (Real): 387.4385
2026-04-16 21:51:14,271 - INFO -     >>> Val MAE Details: ['235.9059', '279.9038', '359.5711']
2026-04-16 21:51:14,434 - INFO - 💾 Saved Best Model to ./logs/QMugs_repr_atomistic_graph_SphereNet_Task3_20260416_180142/best_model.pth
2026-04-16 21:56:56,130 - INFO - [Epoch 42] Train Loss: 0.3236 | LR: 0.000090
2026-04-16 21:56:56,130 - INFO -     >>> Val Avg RMSE (Real): 386.6947
2026-04-16 21:56:56,130 - INFO -     >>> Val MAE Details: ['232.0701', '283.2983', '360.3799']
2026-04-16 21:56:56,293 - INFO - 💾 Saved Best Model to ./logs/QMugs_repr_atomistic_graph_SphereNet_Task3_20260416_180142/best_model.pth
2026-04-16 22:02:38,514 - INFO - [Epoch 43] Train Loss: 0.3207 | LR: 0.000089
2026-04-16 22:02:38,515 - INFO -     >>> Val Avg RMSE (Real): 396.2834
2026-04-16 22:02:38,515 - INFO -     >>> Val MAE Details: ['243.8447', '280.3626', '370.4827']
2026-04-16 22:02:38,515 - INFO - ⏳ No improvement. Patience: 1/50
2026-04-16 22:08:19,007 - INFO - [Epoch 44] Train Loss: 0.3217 | LR: 0.000089
2026-04-16 22:08:19,007 - INFO -     >>> Val Avg RMSE (Real): 388.8665
2026-04-16 22:08:19,008 - INFO -     >>> Val MAE Details: ['233.2560', '282.8946', '361.2020']
2026-04-16 22:08:19,008 - INFO - ⏳ No improvement. Patience: 2/50
2026-04-16 22:13:59,741 - INFO - [Epoch 45] Train Loss: 0.3206 | LR: 0.000088
2026-04-16 22:13:59,741 - INFO -     >>> Val Avg RMSE (Real): 384.7798
2026-04-16 22:13:59,741 - INFO -     >>> Val MAE Details: ['230.6682', '280.3098', '358.5816']
2026-04-16 22:13:59,927 - INFO - 💾 Saved Best Model to ./logs/QMugs_repr_atomistic_graph_SphereNet_Task3_20260416_180142/best_model.pth
2026-04-16 22:19:41,514 - INFO - [Epoch 46] Train Loss: 0.3202 | LR: 0.000088
2026-04-16 22:19:41,515 - INFO -     >>> Val Avg RMSE (Real): 401.9338
2026-04-16 22:19:41,515 - INFO -     >>> Val MAE Details: ['246.0022', '283.8419', '386.1720']
2026-04-16 22:19:41,515 - INFO - ⏳ No improvement. Patience: 1/50
2026-04-16 22:25:22,486 - INFO - [Epoch 47] Train Loss: 0.3187 | LR: 0.000087
2026-04-16 22:25:22,487 - INFO -     >>> Val Avg RMSE (Real): 392.6815
2026-04-16 22:25:22,487 - INFO -     >>> Val MAE Details: ['237.3554', '287.6587', '362.6261']
2026-04-16 22:25:22,487 - INFO - ⏳ No improvement. Patience: 2/50
2026-04-16 22:31:04,292 - INFO - [Epoch 48] Train Loss: 0.3169 | LR: 0.000086
2026-04-16 22:31:04,293 - INFO -     >>> Val Avg RMSE (Real): 387.8665
2026-04-16 22:31:04,293 - INFO -     >>> Val MAE Details: ['234.9894', '283.1168', '365.1503']
2026-04-16 22:31:04,293 - INFO - ⏳ No improvement. Patience: 3/50
2026-04-16 22:36:45,476 - INFO - [Epoch 49] Train Loss: 0.3164 | LR: 0.000086
2026-04-16 22:36:45,476 - INFO -     >>> Val Avg RMSE (Real): 413.6248
2026-04-16 22:36:45,476 - INFO -     >>> Val MAE Details: ['236.2816', '307.7831', '402.3069']
2026-04-16 22:36:45,476 - INFO - ⏳ No improvement. Patience: 4/50
2026-04-16 22:42:27,974 - INFO - [Epoch 50] Train Loss: 0.3162 | LR: 0.000085
2026-04-16 22:42:27,974 - INFO -     >>> Val Avg RMSE (Real): 393.1363
2026-04-16 22:42:27,974 - INFO -     >>> Val MAE Details: ['230.2452', '289.7049', '369.9650']
2026-04-16 22:42:27,974 - INFO - ⏳ No improvement. Patience: 5/50
2026-04-16 22:48:08,614 - INFO - [Epoch 51] Train Loss: 0.3146 | LR: 0.000085
2026-04-16 22:48:08,614 - INFO -     >>> Val Avg RMSE (Real): 394.1458
2026-04-16 22:48:08,614 - INFO -     >>> Val MAE Details: ['247.0766', '292.0025', '355.9679']
2026-04-16 22:48:08,614 - INFO - ⏳ No improvement. Patience: 6/50
2026-04-16 22:53:50,417 - INFO - [Epoch 52] Train Loss: 0.3161 | LR: 0.000084
2026-04-16 22:53:50,417 - INFO -     >>> Val Avg RMSE (Real): 410.3767
2026-04-16 22:53:50,417 - INFO -     >>> Val MAE Details: ['229.7993', '310.7434', '389.8846']
2026-04-16 22:53:50,417 - INFO - ⏳ No improvement. Patience: 7/50
2026-04-16 22:59:32,309 - INFO - [Epoch 53] Train Loss: 0.3129 | LR: 0.000084
2026-04-16 22:59:32,309 - INFO -     >>> Val Avg RMSE (Real): 380.3727
2026-04-16 22:59:32,309 - INFO -     >>> Val MAE Details: ['230.5484', '275.7874', '354.5073']
2026-04-16 22:59:32,468 - INFO - 💾 Saved Best Model to ./logs/QMugs_repr_atomistic_graph_SphereNet_Task3_20260416_180142/best_model.pth
2026-04-16 23:05:12,950 - INFO - [Epoch 54] Train Loss: 0.3119 | LR: 0.000083
2026-04-16 23:05:12,950 - INFO -     >>> Val Avg RMSE (Real): 414.7665
2026-04-16 23:05:12,951 - INFO -     >>> Val MAE Details: ['245.1248', '295.1797', '402.1440']
2026-04-16 23:05:12,951 - INFO - ⏳ No improvement. Patience: 1/50
2026-04-16 23:10:51,730 - INFO - [Epoch 55] Train Loss: 0.3138 | LR: 0.000082
2026-04-16 23:10:51,730 - INFO -     >>> Val Avg RMSE (Real): 383.8995
2026-04-16 23:10:51,730 - INFO -     >>> Val MAE Details: ['232.4272', '279.1584', '362.8920']
2026-04-16 23:10:51,730 - INFO - ⏳ No improvement. Patience: 2/50
2026-04-16 23:16:25,451 - INFO - [Epoch 56] Train Loss: 0.3102 | LR: 0.000082
2026-04-16 23:16:25,451 - INFO -     >>> Val Avg RMSE (Real): 381.9767
2026-04-16 23:16:25,451 - INFO -     >>> Val MAE Details: ['227.2595', '280.6336', '357.7990']
2026-04-16 23:16:25,451 - INFO - ⏳ No improvement. Patience: 3/50
2026-04-16 23:21:59,639 - INFO - [Epoch 57] Train Loss: 0.3094 | LR: 0.000081
2026-04-16 23:21:59,639 - INFO -     >>> Val Avg RMSE (Real): 386.3445
2026-04-16 23:21:59,639 - INFO -     >>> Val MAE Details: ['239.9511', '279.1840', '357.5758']
2026-04-16 23:21:59,639 - INFO - ⏳ No improvement. Patience: 4/50
2026-04-16 23:27:33,241 - INFO - [Epoch 58] Train Loss: 0.3095 | LR: 0.000081
2026-04-16 23:27:33,241 - INFO -     >>> Val Avg RMSE (Real): 388.5636
2026-04-16 23:27:33,242 - INFO -     >>> Val MAE Details: ['230.7990', '286.1231', '368.4561']
2026-04-16 23:27:33,242 - INFO - ⏳ No improvement. Patience: 5/50
2026-04-16 23:33:08,370 - INFO - [Epoch 59] Train Loss: 0.3097 | LR: 0.000080
2026-04-16 23:33:08,371 - INFO -     >>> Val Avg RMSE (Real): 383.3793
2026-04-16 23:33:08,371 - INFO -     >>> Val MAE Details: ['227.8960', '281.0873', '361.1870']
2026-04-16 23:33:08,372 - INFO - ⏳ No improvement. Patience: 6/50
2026-04-16 23:38:41,674 - INFO - [Epoch 60] Train Loss: 0.3069 | LR: 0.000079
2026-04-16 23:38:41,675 - INFO -     >>> Val Avg RMSE (Real): 381.7873
2026-04-16 23:38:41,675 - INFO -     >>> Val MAE Details: ['227.3407', '278.2326', '356.9171']
2026-04-16 23:38:41,675 - INFO - ⏳ No improvement. Patience: 7/50
2026-04-16 23:44:15,131 - INFO - [Epoch 61] Train Loss: 0.3072 | LR: 0.000079
2026-04-16 23:44:15,131 - INFO -     >>> Val Avg RMSE (Real): 381.6683
2026-04-16 23:44:15,131 - INFO -     >>> Val MAE Details: ['230.5397', '277.5309', '357.5699']
2026-04-16 23:44:15,131 - INFO - ⏳ No improvement. Patience: 8/50
2026-04-16 23:49:49,217 - INFO - [Epoch 62] Train Loss: 0.3055 | LR: 0.000078
2026-04-16 23:49:49,217 - INFO -     >>> Val Avg RMSE (Real): 386.1510
2026-04-16 23:49:49,218 - INFO -     >>> Val MAE Details: ['229.6749', '276.7265', '360.8027']
2026-04-16 23:49:49,218 - INFO - ⏳ No improvement. Patience: 9/50
2026-04-16 23:55:23,941 - INFO - [Epoch 63] Train Loss: 0.3056 | LR: 0.000077
2026-04-16 23:55:23,941 - INFO -     >>> Val Avg RMSE (Real): 391.0828
2026-04-16 23:55:23,941 - INFO -     >>> Val MAE Details: ['235.3633', '296.2242', '353.9081']
2026-04-16 23:55:23,941 - INFO - ⏳ No improvement. Patience: 10/50
2026-04-17 00:01:03,863 - INFO - [Epoch 64] Train Loss: 0.3070 | LR: 0.000077
2026-04-17 00:01:03,863 - INFO -     >>> Val Avg RMSE (Real): 379.3069
2026-04-17 00:01:03,863 - INFO -     >>> Val MAE Details: ['228.0470', '273.5588', '354.4424']
2026-04-17 00:01:04,019 - INFO - 💾 Saved Best Model to ./logs/QMugs_repr_atomistic_graph_SphereNet_Task3_20260416_180142/best_model.pth
2026-04-17 00:06:43,907 - INFO - [Epoch 65] Train Loss: 0.3048 | LR: 0.000076
2026-04-17 00:06:43,908 - INFO -     >>> Val Avg RMSE (Real): 383.8653
2026-04-17 00:06:43,908 - INFO -     >>> Val MAE Details: ['229.5621', '276.9659', '359.0762']
2026-04-17 00:06:43,908 - INFO - ⏳ No improvement. Patience: 1/50
2026-04-17 00:12:27,092 - INFO - [Epoch 66] Train Loss: 0.3045 | LR: 0.000075
2026-04-17 00:12:27,092 - INFO -     >>> Val Avg RMSE (Real): 389.1242
2026-04-17 00:12:27,092 - INFO -     >>> Val MAE Details: ['226.1036', '287.3276', '362.2727']
2026-04-17 00:12:27,093 - INFO - ⏳ No improvement. Patience: 2/50
2026-04-17 00:18:09,354 - INFO - [Epoch 67] Train Loss: 0.3047 | LR: 0.000075
2026-04-17 00:18:09,354 - INFO -     >>> Val Avg RMSE (Real): 382.7802
2026-04-17 00:18:09,354 - INFO -     >>> Val MAE Details: ['232.2433', '276.0882', '356.2671']
2026-04-17 00:18:09,354 - INFO - ⏳ No improvement. Patience: 3/50
2026-04-17 00:23:51,945 - INFO - [Epoch 68] Train Loss: 0.3037 | LR: 0.000074
2026-04-17 00:23:51,945 - INFO -     >>> Val Avg RMSE (Real): 380.1191
2026-04-17 00:23:51,945 - INFO -     >>> Val MAE Details: ['227.1528', '276.2062', '357.2047']
2026-04-17 00:23:51,945 - INFO - ⏳ No improvement. Patience: 4/50
2026-04-17 00:29:31,585 - INFO - [Epoch 69] Train Loss: 0.3030 | LR: 0.000073
2026-04-17 00:29:31,586 - INFO -     >>> Val Avg RMSE (Real): 377.6156
2026-04-17 00:29:31,586 - INFO -     >>> Val MAE Details: ['225.4223', '274.8755', '352.2436']
2026-04-17 00:29:31,758 - INFO - 💾 Saved Best Model to ./logs/QMugs_repr_atomistic_graph_SphereNet_Task3_20260416_180142/best_model.pth
2026-04-17 00:35:12,734 - INFO - [Epoch 70] Train Loss: 0.3030 | LR: 0.000073
2026-04-17 00:35:12,735 - INFO -     >>> Val Avg RMSE (Real): 392.5735
2026-04-17 00:35:12,735 - INFO -     >>> Val MAE Details: ['227.5087', '286.4859', '369.2748']
2026-04-17 00:35:12,735 - INFO - ⏳ No improvement. Patience: 1/50
2026-04-17 00:40:54,599 - INFO - [Epoch 71] Train Loss: 0.3033 | LR: 0.000072
2026-04-17 00:40:54,605 - INFO -     >>> Val Avg RMSE (Real): 378.1538
2026-04-17 00:40:54,605 - INFO -     >>> Val MAE Details: ['226.7014', '274.3719', '353.6274']
2026-04-17 00:40:54,605 - INFO - ⏳ No improvement. Patience: 2/50
2026-04-17 00:46:35,205 - INFO - [Epoch 72] Train Loss: 0.3004 | LR: 0.000071
2026-04-17 00:46:35,205 - INFO -     >>> Val Avg RMSE (Real): 380.1377
2026-04-17 00:46:35,205 - INFO -     >>> Val MAE Details: ['227.2298', '273.5341', '354.6021']
2026-04-17 00:46:35,205 - INFO - ⏳ No improvement. Patience: 3/50
2026-04-17 00:52:14,480 - INFO - [Epoch 73] Train Loss: 0.3015 | LR: 0.000071
2026-04-17 00:52:14,480 - INFO -     >>> Val Avg RMSE (Real): 377.0814
2026-04-17 00:52:14,480 - INFO -     >>> Val MAE Details: ['227.0763', '273.8020', '349.4161']
2026-04-17 00:52:14,677 - INFO - 💾 Saved Best Model to ./logs/QMugs_repr_atomistic_graph_SphereNet_Task3_20260416_180142/best_model.pth
2026-04-17 00:57:54,558 - INFO - [Epoch 74] Train Loss: 0.2991 | LR: 0.000070
2026-04-17 00:57:54,558 - INFO -     >>> Val Avg RMSE (Real): 377.3592
2026-04-17 00:57:54,558 - INFO -     >>> Val MAE Details: ['223.3996', '276.2918', '351.7935']
2026-04-17 00:57:54,558 - INFO - ⏳ No improvement. Patience: 1/50
2026-04-17 01:03:36,056 - INFO - [Epoch 75] Train Loss: 0.2993 | LR: 0.000069
2026-04-17 01:03:36,057 - INFO -     >>> Val Avg RMSE (Real): 380.2257
2026-04-17 01:03:36,057 - INFO -     >>> Val MAE Details: ['232.0936', '274.8031', '360.8755']
2026-04-17 01:03:36,057 - INFO - ⏳ No improvement. Patience: 2/50
2026-04-17 01:09:15,888 - INFO - [Epoch 76] Train Loss: 0.2990 | LR: 0.000068
2026-04-17 01:09:15,888 - INFO -     >>> Val Avg RMSE (Real): 380.2082
2026-04-17 01:09:15,888 - INFO -     >>> Val MAE Details: ['224.6512', '280.3123', '358.3298']
2026-04-17 01:09:15,888 - INFO - ⏳ No improvement. Patience: 3/50
2026-04-17 01:14:56,787 - INFO - [Epoch 77] Train Loss: 0.2981 | LR: 0.000068
2026-04-17 01:14:56,788 - INFO -     >>> Val Avg RMSE (Real): 382.9113
2026-04-17 01:14:56,788 - INFO -     >>> Val MAE Details: ['227.5943', '274.3729', '357.9754']
2026-04-17 01:14:56,788 - INFO - ⏳ No improvement. Patience: 4/50
2026-04-17 01:20:38,735 - INFO - [Epoch 78] Train Loss: 0.2984 | LR: 0.000067
2026-04-17 01:20:38,736 - INFO -     >>> Val Avg RMSE (Real): 383.3822
2026-04-17 01:20:38,736 - INFO -     >>> Val MAE Details: ['226.8302', '286.0934', '359.4781']
2026-04-17 01:20:38,736 - INFO - ⏳ No improvement. Patience: 5/50
2026-04-17 01:26:21,049 - INFO - [Epoch 79] Train Loss: 0.2986 | LR: 0.000066
2026-04-17 01:26:21,050 - INFO -     >>> Val Avg RMSE (Real): 378.2327
2026-04-17 01:26:21,050 - INFO -     >>> Val MAE Details: ['224.3220', '275.2660', '354.2939']
2026-04-17 01:26:21,050 - INFO - ⏳ No improvement. Patience: 6/50
2026-04-17 01:32:00,199 - INFO - [Epoch 80] Train Loss: 0.2971 | LR: 0.000065
2026-04-17 01:32:00,200 - INFO -     >>> Val Avg RMSE (Real): 378.1199
2026-04-17 01:32:00,200 - INFO -     >>> Val MAE Details: ['225.3080', '277.7976', '349.7484']
2026-04-17 01:32:00,200 - INFO - ⏳ No improvement. Patience: 7/50
2026-04-17 01:37:35,082 - INFO - [Epoch 81] Train Loss: 0.2957 | LR: 0.000065
2026-04-17 01:37:35,083 - INFO -     >>> Val Avg RMSE (Real): 374.4274
2026-04-17 01:37:35,083 - INFO -     >>> Val MAE Details: ['222.5387', '273.4482', '349.3316']
2026-04-17 01:37:35,251 - INFO - 💾 Saved Best Model to ./logs/QMugs_repr_atomistic_graph_SphereNet_Task3_20260416_180142/best_model.pth
2026-04-17 01:43:09,955 - INFO - [Epoch 82] Train Loss: 0.2956 | LR: 0.000064
2026-04-17 01:43:09,955 - INFO -     >>> Val Avg RMSE (Real): 372.5280
2026-04-17 01:43:09,955 - INFO -     >>> Val MAE Details: ['223.7255', '270.9426', '345.8381']
2026-04-17 01:43:10,116 - INFO - 💾 Saved Best Model to ./logs/QMugs_repr_atomistic_graph_SphereNet_Task3_20260416_180142/best_model.pth
2026-04-17 01:48:43,941 - INFO - [Epoch 83] Train Loss: 0.2961 | LR: 0.000063
2026-04-17 01:48:43,941 - INFO -     >>> Val Avg RMSE (Real): 375.2378
2026-04-17 01:48:43,941 - INFO -     >>> Val MAE Details: ['225.5210', '273.1133', '352.4476']
2026-04-17 01:48:43,941 - INFO - ⏳ No improvement. Patience: 1/50
2026-04-17 01:54:18,142 - INFO - [Epoch 84] Train Loss: 0.2942 | LR: 0.000062
2026-04-17 01:54:18,142 - INFO -     >>> Val Avg RMSE (Real): 381.2102
2026-04-17 01:54:18,142 - INFO -     >>> Val MAE Details: ['223.4630', '278.0347', '357.1738']
2026-04-17 01:54:18,142 - INFO - ⏳ No improvement. Patience: 2/50
2026-04-17 01:59:51,652 - INFO - [Epoch 85] Train Loss: 0.2937 | LR: 0.000062
2026-04-17 01:59:51,652 - INFO -     >>> Val Avg RMSE (Real): 373.6532
2026-04-17 01:59:51,652 - INFO -     >>> Val MAE Details: ['222.8230', '272.3428', '346.8986']
2026-04-17 01:59:51,653 - INFO - ⏳ No improvement. Patience: 3/50
2026-04-17 02:05:24,815 - INFO - [Epoch 86] Train Loss: 0.2940 | LR: 0.000061
2026-04-17 02:05:24,816 - INFO -     >>> Val Avg RMSE (Real): 379.9970
2026-04-17 02:05:24,816 - INFO -     >>> Val MAE Details: ['223.6061', '276.7015', '354.4783']
2026-04-17 02:05:24,816 - INFO - ⏳ No improvement. Patience: 4/50
2026-04-17 02:10:58,293 - INFO - [Epoch 87] Train Loss: 0.2936 | LR: 0.000060
2026-04-17 02:10:58,293 - INFO -     >>> Val Avg RMSE (Real): 378.1946
2026-04-17 02:10:58,293 - INFO -     >>> Val MAE Details: ['224.2504', '276.0027', '357.2750']
2026-04-17 02:10:58,294 - INFO - ⏳ No improvement. Patience: 5/50
2026-04-17 02:16:31,898 - INFO - [Epoch 88] Train Loss: 0.2922 | LR: 0.000059
2026-04-17 02:16:31,899 - INFO -     >>> Val Avg RMSE (Real): 373.9598
2026-04-17 02:16:31,899 - INFO -     >>> Val MAE Details: ['222.3639', '273.9327', '349.4505']
2026-04-17 02:16:31,899 - INFO - ⏳ No improvement. Patience: 6/50
2026-04-17 02:22:08,154 - INFO - [Epoch 89] Train Loss: 0.2924 | LR: 0.000059
2026-04-17 02:22:08,154 - INFO -     >>> Val Avg RMSE (Real): 380.0795
2026-04-17 02:22:08,154 - INFO -     >>> Val MAE Details: ['230.1007', '272.0089', '360.3569']
2026-04-17 02:22:08,154 - INFO - ⏳ No improvement. Patience: 7/50
2026-04-17 02:27:43,650 - INFO - [Epoch 90] Train Loss: 0.2910 | LR: 0.000058
2026-04-17 02:27:43,650 - INFO -     >>> Val Avg RMSE (Real): 382.3590
2026-04-17 02:27:43,650 - INFO -     >>> Val MAE Details: ['225.0167', '280.9839', '365.5097']
2026-04-17 02:27:43,650 - INFO - ⏳ No improvement. Patience: 8/50
2026-04-17 02:33:18,431 - INFO - [Epoch 91] Train Loss: 0.2900 | LR: 0.000057
2026-04-17 02:33:18,432 - INFO -     >>> Val Avg RMSE (Real): 373.4982
2026-04-17 02:33:18,432 - INFO -     >>> Val MAE Details: ['227.7377', '271.6335', '346.7821']
2026-04-17 02:33:18,432 - INFO - ⏳ No improvement. Patience: 9/50
2026-04-17 02:38:52,580 - INFO - [Epoch 92] Train Loss: 0.2895 | LR: 0.000056
2026-04-17 02:38:52,580 - INFO -     >>> Val Avg RMSE (Real): 377.1801
2026-04-17 02:38:52,580 - INFO -     >>> Val MAE Details: ['223.4686', '271.5425', '353.9771']
2026-04-17 02:38:52,580 - INFO - ⏳ No improvement. Patience: 10/50
2026-04-17 02:44:27,823 - INFO - [Epoch 93] Train Loss: 0.2915 | LR: 0.000055
2026-04-17 02:44:27,824 - INFO -     >>> Val Avg RMSE (Real): 380.6509
2026-04-17 02:44:27,824 - INFO -     >>> Val MAE Details: ['224.7981', '274.4781', '361.0476']
2026-04-17 02:44:27,824 - INFO - ⏳ No improvement. Patience: 11/50
2026-04-17 02:50:03,526 - INFO - [Epoch 94] Train Loss: 0.2904 | LR: 0.000055
2026-04-17 02:50:03,530 - INFO -     >>> Val Avg RMSE (Real): 373.4472
2026-04-17 02:50:03,530 - INFO -     >>> Val MAE Details: ['223.1031', '268.9953', '347.7325']
2026-04-17 02:50:03,531 - INFO - ⏳ No improvement. Patience: 12/50
2026-04-17 02:55:39,056 - INFO - [Epoch 95] Train Loss: 0.2883 | LR: 0.000054
2026-04-17 02:55:39,056 - INFO -     >>> Val Avg RMSE (Real): 371.9377
2026-04-17 02:55:39,057 - INFO -     >>> Val MAE Details: ['221.8265', '272.2473', '347.8938']
2026-04-17 02:55:39,229 - INFO - 💾 Saved Best Model to ./logs/QMugs_repr_atomistic_graph_SphereNet_Task3_20260416_180142/best_model.pth
2026-04-17 03:01:14,064 - INFO - [Epoch 96] Train Loss: 0.2888 | LR: 0.000053
2026-04-17 03:01:14,064 - INFO -     >>> Val Avg RMSE (Real): 371.2975
2026-04-17 03:01:14,064 - INFO -     >>> Val MAE Details: ['223.0714', '268.2239', '347.7362']
2026-04-17 03:01:14,226 - INFO - 💾 Saved Best Model to ./logs/QMugs_repr_atomistic_graph_SphereNet_Task3_20260416_180142/best_model.pth
2026-04-17 03:06:49,656 - INFO - [Epoch 97] Train Loss: 0.2886 | LR: 0.000052
2026-04-17 03:06:49,656 - INFO -     >>> Val Avg RMSE (Real): 379.4624
2026-04-17 03:06:49,656 - INFO -     >>> Val MAE Details: ['234.1830', '268.7825', '358.9940']
2026-04-17 03:06:49,656 - INFO - ⏳ No improvement. Patience: 1/50
2026-04-17 03:12:25,421 - INFO - [Epoch 98] Train Loss: 0.2888 | LR: 0.000052
2026-04-17 03:12:25,422 - INFO -     >>> Val Avg RMSE (Real): 373.5812
2026-04-17 03:12:25,422 - INFO -     >>> Val MAE Details: ['221.3258', '272.4026', '348.3096']
2026-04-17 03:12:25,422 - INFO - ⏳ No improvement. Patience: 2/50
2026-04-17 03:18:02,103 - INFO - [Epoch 99] Train Loss: 0.2876 | LR: 0.000051
2026-04-17 03:18:02,104 - INFO -     >>> Val Avg RMSE (Real): 371.4731
2026-04-17 03:18:02,104 - INFO -     >>> Val MAE Details: ['219.8351', '272.5250', '347.2833']
2026-04-17 03:18:02,104 - INFO - ⏳ No improvement. Patience: 3/50
2026-04-17 03:23:37,329 - INFO - [Epoch 100] Train Loss: 0.2868 | LR: 0.000050
2026-04-17 03:23:37,330 - INFO -     >>> Val Avg RMSE (Real): 372.4213
2026-04-17 03:23:37,330 - INFO -     >>> Val MAE Details: ['222.5573', '268.8788', '347.8065']
2026-04-17 03:23:37,330 - INFO - ⏳ No improvement. Patience: 4/50
2026-04-17 03:29:11,990 - INFO - [Epoch 101] Train Loss: 0.2872 | LR: 0.000049
2026-04-17 03:29:11,990 - INFO -     >>> Val Avg RMSE (Real): 379.9340
2026-04-17 03:29:11,990 - INFO -     >>> Val MAE Details: ['225.4365', '271.5766', '357.3368']
2026-04-17 03:29:11,990 - INFO - ⏳ No improvement. Patience: 5/50
2026-04-17 03:34:46,010 - INFO - [Epoch 102] Train Loss: 0.2859 | LR: 0.000048
2026-04-17 03:34:46,011 - INFO -     >>> Val Avg RMSE (Real): 375.4814
2026-04-17 03:34:46,011 - INFO -     >>> Val MAE Details: ['220.2457', '275.2516', '353.5870']
2026-04-17 03:34:46,011 - INFO - ⏳ No improvement. Patience: 6/50
2026-04-17 03:40:20,399 - INFO - [Epoch 103] Train Loss: 0.2847 | LR: 0.000048
2026-04-17 03:40:20,400 - INFO -     >>> Val Avg RMSE (Real): 373.8883
2026-04-17 03:40:20,400 - INFO -     >>> Val MAE Details: ['224.0751', '266.7981', '350.5809']
2026-04-17 03:40:20,400 - INFO - ⏳ No improvement. Patience: 7/50
2026-04-17 03:45:54,850 - INFO - [Epoch 104] Train Loss: 0.2867 | LR: 0.000047
2026-04-17 03:45:54,851 - INFO -     >>> Val Avg RMSE (Real): 371.6313
2026-04-17 03:45:54,851 - INFO -     >>> Val MAE Details: ['220.7379', '271.9748', '347.0107']
2026-04-17 03:45:54,851 - INFO - ⏳ No improvement. Patience: 8/50
2026-04-17 03:51:30,082 - INFO - [Epoch 105] Train Loss: 0.2852 | LR: 0.000046
2026-04-17 03:51:30,083 - INFO -     >>> Val Avg RMSE (Real): 371.8496
2026-04-17 03:51:30,083 - INFO -     >>> Val MAE Details: ['220.1461', '270.2758', '347.5406']
2026-04-17 03:51:30,083 - INFO - ⏳ No improvement. Patience: 9/50
2026-04-17 03:57:04,676 - INFO - [Epoch 106] Train Loss: 0.2848 | LR: 0.000045
2026-04-17 03:57:04,677 - INFO -     >>> Val Avg RMSE (Real): 374.0899
2026-04-17 03:57:04,677 - INFO -     >>> Val MAE Details: ['222.3294', '271.5881', '352.8908']
2026-04-17 03:57:04,677 - INFO - ⏳ No improvement. Patience: 10/50
2026-04-17 04:02:37,862 - INFO - [Epoch 107] Train Loss: 0.2841 | LR: 0.000045
2026-04-17 04:02:37,863 - INFO -     >>> Val Avg RMSE (Real): 371.3433
2026-04-17 04:02:37,863 - INFO -     >>> Val MAE Details: ['221.8579', '268.9519', '347.6133']
2026-04-17 04:02:37,863 - INFO - ⏳ No improvement. Patience: 11/50
2026-04-17 04:08:09,544 - INFO - [Epoch 108] Train Loss: 0.2849 | LR: 0.000044
2026-04-17 04:08:09,545 - INFO -     >>> Val Avg RMSE (Real): 369.6423
2026-04-17 04:08:09,545 - INFO -     >>> Val MAE Details: ['220.3356', '267.3080', '343.8421']
2026-04-17 04:08:09,730 - INFO - 💾 Saved Best Model to ./logs/QMugs_repr_atomistic_graph_SphereNet_Task3_20260416_180142/best_model.pth
2026-04-17 04:13:41,412 - INFO - [Epoch 109] Train Loss: 0.2830 | LR: 0.000043
2026-04-17 04:13:41,412 - INFO -     >>> Val Avg RMSE (Real): 373.6453
2026-04-17 04:13:41,412 - INFO -     >>> Val MAE Details: ['221.1422', '275.4277', '353.6013']
2026-04-17 04:13:41,412 - INFO - ⏳ No improvement. Patience: 1/50
2026-04-17 04:19:12,724 - INFO - [Epoch 110] Train Loss: 0.2833 | LR: 0.000042
2026-04-17 04:19:12,724 - INFO -     >>> Val Avg RMSE (Real): 371.6504
2026-04-17 04:19:12,724 - INFO -     >>> Val MAE Details: ['222.8849', '268.4972', '350.3547']
2026-04-17 04:19:12,724 - INFO - ⏳ No improvement. Patience: 2/50
2026-04-17 04:24:43,740 - INFO - [Epoch 111] Train Loss: 0.2831 | LR: 0.000041
2026-04-17 04:24:43,741 - INFO -     >>> Val Avg RMSE (Real): 383.8395
2026-04-17 04:24:43,741 - INFO -     >>> Val MAE Details: ['219.6049', '293.0330', '357.4493']
2026-04-17 04:24:43,741 - INFO - ⏳ No improvement. Patience: 3/50
2026-04-17 04:30:15,047 - INFO - [Epoch 112] Train Loss: 0.2828 | LR: 0.000041
2026-04-17 04:30:15,048 - INFO -     >>> Val Avg RMSE (Real): 375.1415
2026-04-17 04:30:15,048 - INFO -     >>> Val MAE Details: ['229.0774', '269.1898', '353.4317']
2026-04-17 04:30:15,048 - INFO - ⏳ No improvement. Patience: 4/50
2026-04-17 04:35:46,545 - INFO - [Epoch 113] Train Loss: 0.2814 | LR: 0.000040
2026-04-17 04:35:46,546 - INFO -     >>> Val Avg RMSE (Real): 370.2044
2026-04-17 04:35:46,546 - INFO -     >>> Val MAE Details: ['220.7255', '268.7721', '347.0450']
2026-04-17 04:35:46,546 - INFO - ⏳ No improvement. Patience: 5/50
2026-04-17 04:41:18,447 - INFO - [Epoch 114] Train Loss: 0.2811 | LR: 0.000039
2026-04-17 04:41:18,447 - INFO -     >>> Val Avg RMSE (Real): 376.6463
2026-04-17 04:41:18,447 - INFO -     >>> Val MAE Details: ['221.0922', '276.1394', '357.1052']
2026-04-17 04:41:18,447 - INFO - ⏳ No improvement. Patience: 6/50
2026-04-17 04:46:49,159 - INFO - [Epoch 115] Train Loss: 0.2812 | LR: 0.000038
2026-04-17 04:46:49,160 - INFO -     >>> Val Avg RMSE (Real): 370.9868
2026-04-17 04:46:49,160 - INFO -     >>> Val MAE Details: ['218.5794', '272.1925', '347.1174']
2026-04-17 04:46:49,160 - INFO - ⏳ No improvement. Patience: 7/50
2026-04-17 04:52:19,959 - INFO - [Epoch 116] Train Loss: 0.2800 | LR: 0.000038
2026-04-17 04:52:19,959 - INFO -     >>> Val Avg RMSE (Real): 368.4317
2026-04-17 04:52:19,959 - INFO -     >>> Val MAE Details: ['218.1767', '267.8213', '343.3900']
2026-04-17 04:52:20,137 - INFO - 💾 Saved Best Model to ./logs/QMugs_repr_atomistic_graph_SphereNet_Task3_20260416_180142/best_model.pth
2026-04-17 04:57:52,071 - INFO - [Epoch 117] Train Loss: 0.2793 | LR: 0.000037
2026-04-17 04:57:52,072 - INFO -     >>> Val Avg RMSE (Real): 371.8360
2026-04-17 04:57:52,072 - INFO -     >>> Val MAE Details: ['220.7946', '267.4377', '348.8459']
2026-04-17 04:57:52,072 - INFO - ⏳ No improvement. Patience: 1/50
2026-04-17 05:03:23,601 - INFO - [Epoch 118] Train Loss: 0.2794 | LR: 0.000036
2026-04-17 05:03:23,602 - INFO -     >>> Val Avg RMSE (Real): 368.2034
2026-04-17 05:03:23,602 - INFO -     >>> Val MAE Details: ['219.0817', '266.9397', '345.7869']
2026-04-17 05:03:23,766 - INFO - 💾 Saved Best Model to ./logs/QMugs_repr_atomistic_graph_SphereNet_Task3_20260416_180142/best_model.pth
2026-04-17 05:08:55,231 - INFO - [Epoch 119] Train Loss: 0.2798 | LR: 0.000035
2026-04-17 05:08:55,231 - INFO -     >>> Val Avg RMSE (Real): 372.5290
2026-04-17 05:08:55,231 - INFO -     >>> Val MAE Details: ['219.0089', '270.5613', '349.3239']
2026-04-17 05:08:55,231 - INFO - ⏳ No improvement. Patience: 1/50
2026-04-17 05:14:25,846 - INFO - [Epoch 120] Train Loss: 0.2795 | LR: 0.000035
2026-04-17 05:14:25,846 - INFO -     >>> Val Avg RMSE (Real): 368.6107
2026-04-17 05:14:25,846 - INFO -     >>> Val MAE Details: ['219.4317', '268.5325', '344.2848']
2026-04-17 05:14:25,846 - INFO - ⏳ No improvement. Patience: 2/50
2026-04-17 05:19:57,252 - INFO - [Epoch 121] Train Loss: 0.2791 | LR: 0.000034
2026-04-17 05:19:57,253 - INFO -     >>> Val Avg RMSE (Real): 368.0733
2026-04-17 05:19:57,253 - INFO -     >>> Val MAE Details: ['219.8602', '266.9639', '343.3782']
2026-04-17 05:19:57,433 - INFO - 💾 Saved Best Model to ./logs/QMugs_repr_atomistic_graph_SphereNet_Task3_20260416_180142/best_model.pth
2026-04-17 05:25:27,826 - INFO - [Epoch 122] Train Loss: 0.2777 | LR: 0.000033
2026-04-17 05:25:27,827 - INFO -     >>> Val Avg RMSE (Real): 366.3465
2026-04-17 05:25:27,827 - INFO -     >>> Val MAE Details: ['220.3820', '265.0322', '341.3059']
2026-04-17 05:25:28,017 - INFO - 💾 Saved Best Model to ./logs/QMugs_repr_atomistic_graph_SphereNet_Task3_20260416_180142/best_model.pth
2026-04-17 05:30:58,765 - INFO - [Epoch 123] Train Loss: 0.2774 | LR: 0.000032
2026-04-17 05:30:58,766 - INFO -     >>> Val Avg RMSE (Real): 368.0501
2026-04-17 05:30:58,766 - INFO -     >>> Val MAE Details: ['220.2790', '266.5451', '344.6665']
2026-04-17 05:30:58,766 - INFO - ⏳ No improvement. Patience: 1/50
2026-04-17 05:36:30,051 - INFO - [Epoch 124] Train Loss: 0.2777 | LR: 0.000032
2026-04-17 05:36:30,051 - INFO -     >>> Val Avg RMSE (Real): 374.2138
2026-04-17 05:36:30,051 - INFO -     >>> Val MAE Details: ['218.8596', '280.6909', '349.8434']
2026-04-17 05:36:30,052 - INFO - ⏳ No improvement. Patience: 2/50
2026-04-17 05:42:00,604 - INFO - [Epoch 125] Train Loss: 0.2766 | LR: 0.000031
2026-04-17 05:42:00,604 - INFO -     >>> Val Avg RMSE (Real): 366.8699
2026-04-17 05:42:00,604 - INFO -     >>> Val MAE Details: ['219.0668', '265.4819', '342.3740']
2026-04-17 05:42:00,604 - INFO - ⏳ No improvement. Patience: 3/50
2026-04-17 05:47:30,807 - INFO - [Epoch 126] Train Loss: 0.2765 | LR: 0.000030
2026-04-17 05:47:30,808 - INFO -     >>> Val Avg RMSE (Real): 368.0024
2026-04-17 05:47:30,808 - INFO -     >>> Val MAE Details: ['223.2360', '264.9309', '345.3901']
2026-04-17 05:47:30,808 - INFO - ⏳ No improvement. Patience: 4/50
2026-04-17 05:53:01,481 - INFO - [Epoch 127] Train Loss: 0.2768 | LR: 0.000029
2026-04-17 05:53:01,481 - INFO -     >>> Val Avg RMSE (Real): 367.3375
2026-04-17 05:53:01,481 - INFO -     >>> Val MAE Details: ['219.5067', '264.7321', '343.3892']
2026-04-17 05:53:01,481 - INFO - ⏳ No improvement. Patience: 5/50
2026-04-17 05:58:32,008 - INFO - [Epoch 128] Train Loss: 0.2747 | LR: 0.000029
2026-04-17 05:58:32,008 - INFO -     >>> Val Avg RMSE (Real): 367.4051
2026-04-17 05:58:32,008 - INFO -     >>> Val MAE Details: ['219.8758', '264.7972', '345.0352']
2026-04-17 05:58:32,008 - INFO - ⏳ No improvement. Patience: 6/50
2026-04-17 06:04:02,762 - INFO - [Epoch 129] Train Loss: 0.2755 | LR: 0.000028
2026-04-17 06:04:02,763 - INFO -     >>> Val Avg RMSE (Real): 384.0480
2026-04-17 06:04:02,763 - INFO -     >>> Val MAE Details: ['221.8008', '280.1785', '366.0525']
2026-04-17 06:04:02,763 - INFO - ⏳ No improvement. Patience: 7/50
2026-04-17 06:09:33,717 - INFO - [Epoch 130] Train Loss: 0.2752 | LR: 0.000027
2026-04-17 06:09:33,718 - INFO -     >>> Val Avg RMSE (Real): 370.1922
2026-04-17 06:09:33,718 - INFO -     >>> Val MAE Details: ['222.3416', '265.0628', '345.6147']
2026-04-17 06:09:33,718 - INFO - ⏳ No improvement. Patience: 8/50
2026-04-17 06:15:03,971 - INFO - [Epoch 131] Train Loss: 0.2749 | LR: 0.000027
2026-04-17 06:15:03,972 - INFO -     >>> Val Avg RMSE (Real): 366.4536
2026-04-17 06:15:03,972 - INFO -     >>> Val MAE Details: ['218.8829', '265.9544', '343.3738']
2026-04-17 06:15:03,972 - INFO - ⏳ No improvement. Patience: 9/50
2026-04-17 06:20:33,842 - INFO - [Epoch 132] Train Loss: 0.2745 | LR: 0.000026
2026-04-17 06:20:33,842 - INFO -     >>> Val Avg RMSE (Real): 369.2545
2026-04-17 06:20:33,842 - INFO -     >>> Val MAE Details: ['221.4173', '264.9641', '347.7889']
2026-04-17 06:20:33,842 - INFO - ⏳ No improvement. Patience: 10/50
2026-04-17 06:26:04,330 - INFO - [Epoch 133] Train Loss: 0.2748 | LR: 0.000025
2026-04-17 06:26:04,331 - INFO -     >>> Val Avg RMSE (Real): 366.0218
2026-04-17 06:26:04,331 - INFO -     >>> Val MAE Details: ['218.6385', '264.2530', '342.9395']
2026-04-17 06:26:04,493 - INFO - 💾 Saved Best Model to ./logs/QMugs_repr_atomistic_graph_SphereNet_Task3_20260416_180142/best_model.pth
2026-04-17 06:31:34,608 - INFO - [Epoch 134] Train Loss: 0.2739 | LR: 0.000025
2026-04-17 06:31:34,609 - INFO -     >>> Val Avg RMSE (Real): 367.3875
2026-04-17 06:31:34,609 - INFO -     >>> Val MAE Details: ['221.0542', '264.5451', '343.3562']
2026-04-17 06:31:34,609 - INFO - ⏳ No improvement. Patience: 1/50
2026-04-17 06:37:04,263 - INFO - [Epoch 135] Train Loss: 0.2747 | LR: 0.000024
2026-04-17 06:37:04,263 - INFO -     >>> Val Avg RMSE (Real): 365.9436
2026-04-17 06:37:04,263 - INFO -     >>> Val MAE Details: ['218.6669', '265.0844', '342.8959']
2026-04-17 06:37:04,456 - INFO - 💾 Saved Best Model to ./logs/QMugs_repr_atomistic_graph_SphereNet_Task3_20260416_180142/best_model.pth
2026-04-17 06:42:34,773 - INFO - [Epoch 136] Train Loss: 0.2737 | LR: 0.000023
2026-04-17 06:42:34,773 - INFO -     >>> Val Avg RMSE (Real): 367.6771
2026-04-17 06:42:34,773 - INFO -     >>> Val MAE Details: ['218.2846', '265.0436', '343.6666']
2026-04-17 06:42:34,773 - INFO - ⏳ No improvement. Patience: 1/50
2026-04-17 06:48:05,121 - INFO - [Epoch 137] Train Loss: 0.2734 | LR: 0.000023
2026-04-17 06:48:05,121 - INFO -     >>> Val Avg RMSE (Real): 366.2209
2026-04-17 06:48:05,121 - INFO -     >>> Val MAE Details: ['217.7096', '266.8303', '344.5471']
2026-04-17 06:48:05,122 - INFO - ⏳ No improvement. Patience: 2/50
2026-04-17 06:53:35,312 - INFO - [Epoch 138] Train Loss: 0.2724 | LR: 0.000022
2026-04-17 06:53:35,312 - INFO -     >>> Val Avg RMSE (Real): 367.3247
2026-04-17 06:53:35,312 - INFO -     >>> Val MAE Details: ['218.0881', '266.4724', '345.0544']
2026-04-17 06:53:35,312 - INFO - ⏳ No improvement. Patience: 3/50
2026-04-17 06:59:05,129 - INFO - [Epoch 139] Train Loss: 0.2726 | LR: 0.000021
2026-04-17 06:59:05,129 - INFO -     >>> Val Avg RMSE (Real): 366.1270
2026-04-17 06:59:05,129 - INFO -     >>> Val MAE Details: ['217.9530', '265.9616', '344.4173']
2026-04-17 06:59:05,129 - INFO - ⏳ No improvement. Patience: 4/50
2026-04-17 07:04:34,783 - INFO - [Epoch 140] Train Loss: 0.2723 | LR: 0.000021
2026-04-17 07:04:34,783 - INFO -     >>> Val Avg RMSE (Real): 365.3984
2026-04-17 07:04:34,783 - INFO -     >>> Val MAE Details: ['217.9819', '266.1653', '340.4486']
2026-04-17 07:04:34,951 - INFO - 💾 Saved Best Model to ./logs/QMugs_repr_atomistic_graph_SphereNet_Task3_20260416_180142/best_model.pth
2026-04-17 07:10:04,716 - INFO - [Epoch 141] Train Loss: 0.2724 | LR: 0.000020
2026-04-17 07:10:04,716 - INFO -     >>> Val Avg RMSE (Real): 374.2168
2026-04-17 07:10:04,716 - INFO -     >>> Val MAE Details: ['217.7758', '273.9230', '348.4025']
2026-04-17 07:10:04,716 - INFO - ⏳ No improvement. Patience: 1/50
2026-04-17 07:15:35,149 - INFO - [Epoch 142] Train Loss: 0.2714 | LR: 0.000019
2026-04-17 07:15:35,149 - INFO -     >>> Val Avg RMSE (Real): 369.0239
2026-04-17 07:15:35,149 - INFO -     >>> Val MAE Details: ['219.3562', '268.5841', '349.5185']
2026-04-17 07:15:35,149 - INFO - ⏳ No improvement. Patience: 2/50
2026-04-17 07:21:05,112 - INFO - [Epoch 143] Train Loss: 0.2712 | LR: 0.000019
2026-04-17 07:21:05,112 - INFO -     >>> Val Avg RMSE (Real): 364.1252
2026-04-17 07:21:05,112 - INFO -     >>> Val MAE Details: ['216.7817', '264.4309', '340.3016']
2026-04-17 07:21:05,301 - INFO - 💾 Saved Best Model to ./logs/QMugs_repr_atomistic_graph_SphereNet_Task3_20260416_180142/best_model.pth
2026-04-17 07:26:35,454 - INFO - [Epoch 144] Train Loss: 0.2717 | LR: 0.000018
2026-04-17 07:26:35,454 - INFO -     >>> Val Avg RMSE (Real): 365.0455
2026-04-17 07:26:35,454 - INFO -     >>> Val MAE Details: ['218.0159', '265.4492', '340.4684']
2026-04-17 07:26:35,454 - INFO - ⏳ No improvement. Patience: 1/50
2026-04-17 07:32:05,991 - INFO - [Epoch 145] Train Loss: 0.2704 | LR: 0.000018
2026-04-17 07:32:05,991 - INFO -     >>> Val Avg RMSE (Real): 363.7767
2026-04-17 07:32:05,991 - INFO -     >>> Val MAE Details: ['216.2072', '263.7511', '339.7564']
2026-04-17 07:32:06,141 - INFO - 💾 Saved Best Model to ./logs/QMugs_repr_atomistic_graph_SphereNet_Task3_20260416_180142/best_model.pth
2026-04-17 07:37:37,106 - INFO - [Epoch 146] Train Loss: 0.2699 | LR: 0.000017
2026-04-17 07:37:37,106 - INFO -     >>> Val Avg RMSE (Real): 364.5402
2026-04-17 07:37:37,107 - INFO -     >>> Val MAE Details: ['217.3500', '264.5240', '341.2365']
2026-04-17 07:37:37,107 - INFO - ⏳ No improvement. Patience: 1/50
2026-04-17 07:43:07,605 - INFO - [Epoch 147] Train Loss: 0.2701 | LR: 0.000016
2026-04-17 07:43:07,605 - INFO -     >>> Val Avg RMSE (Real): 364.7878
2026-04-17 07:43:07,605 - INFO -     >>> Val MAE Details: ['218.8346', '263.5996', '339.9421']
2026-04-17 07:43:07,605 - INFO - ⏳ No improvement. Patience: 2/50
2026-04-17 07:48:38,325 - INFO - [Epoch 148] Train Loss: 0.2700 | LR: 0.000016
2026-04-17 07:48:38,326 - INFO -     >>> Val Avg RMSE (Real): 365.4535
2026-04-17 07:48:38,326 - INFO -     >>> Val MAE Details: ['217.9215', '263.4890', '342.0410']
2026-04-17 07:48:38,326 - INFO - ⏳ No improvement. Patience: 3/50
2026-04-17 07:54:08,791 - INFO - [Epoch 149] Train Loss: 0.2699 | LR: 0.000015
2026-04-17 07:54:08,792 - INFO -     >>> Val Avg RMSE (Real): 366.5225
2026-04-17 07:54:08,792 - INFO -     >>> Val MAE Details: ['216.5521', '266.8833', '341.5105']
2026-04-17 07:54:08,792 - INFO - ⏳ No improvement. Patience: 4/50
2026-04-17 07:59:39,081 - INFO - [Epoch 150] Train Loss: 0.2691 | LR: 0.000015
2026-04-17 07:59:39,081 - INFO -     >>> Val Avg RMSE (Real): 363.8147
2026-04-17 07:59:39,081 - INFO -     >>> Val MAE Details: ['216.4903', '263.7637', '340.1197']
2026-04-17 07:59:39,081 - INFO - ⏳ No improvement. Patience: 5/50
2026-04-17 08:05:11,808 - INFO - [Epoch 151] Train Loss: 0.2694 | LR: 0.000014
2026-04-17 08:05:11,809 - INFO -     >>> Val Avg RMSE (Real): 365.7581
2026-04-17 08:05:11,809 - INFO -     >>> Val MAE Details: ['216.4845', '265.1340', '340.7030']
2026-04-17 08:05:11,809 - INFO - ⏳ No improvement. Patience: 6/50
2026-04-17 08:10:46,909 - INFO - [Epoch 152] Train Loss: 0.2693 | LR: 0.000014
2026-04-17 08:10:46,910 - INFO -     >>> Val Avg RMSE (Real): 363.5626
2026-04-17 08:10:46,910 - INFO -     >>> Val MAE Details: ['217.9301', '261.7003', '339.3925']
2026-04-17 08:10:47,100 - INFO - 💾 Saved Best Model to ./logs/QMugs_repr_atomistic_graph_SphereNet_Task3_20260416_180142/best_model.pth
2026-04-17 08:16:22,597 - INFO - [Epoch 153] Train Loss: 0.2682 | LR: 0.000013
2026-04-17 08:16:22,597 - INFO -     >>> Val Avg RMSE (Real): 366.1133
2026-04-17 08:16:22,597 - INFO -     >>> Val MAE Details: ['218.1251', '266.4475', '342.9016']
2026-04-17 08:16:22,597 - INFO - ⏳ No improvement. Patience: 1/50
2026-04-17 08:21:53,720 - INFO - [Epoch 154] Train Loss: 0.2685 | LR: 0.000012
2026-04-17 08:21:53,720 - INFO -     >>> Val Avg RMSE (Real): 364.0315
2026-04-17 08:21:53,720 - INFO -     >>> Val MAE Details: ['217.1982', '263.3875', '340.2355']
2026-04-17 08:21:53,721 - INFO - ⏳ No improvement. Patience: 2/50
2026-04-17 08:27:24,809 - INFO - [Epoch 155] Train Loss: 0.2684 | LR: 0.000012
2026-04-17 08:27:24,809 - INFO -     >>> Val Avg RMSE (Real): 363.4556
2026-04-17 08:27:24,810 - INFO -     >>> Val MAE Details: ['217.0622', '263.0271', '339.5080']
2026-04-17 08:27:25,000 - INFO - 💾 Saved Best Model to ./logs/QMugs_repr_atomistic_graph_SphereNet_Task3_20260416_180142/best_model.pth
2026-04-17 08:32:55,787 - INFO - [Epoch 156] Train Loss: 0.2677 | LR: 0.000011
2026-04-17 08:32:55,788 - INFO -     >>> Val Avg RMSE (Real): 364.2946
2026-04-17 08:32:55,788 - INFO -     >>> Val MAE Details: ['217.6882', '263.8989', '339.0616']
2026-04-17 08:32:55,788 - INFO - ⏳ No improvement. Patience: 1/50
2026-04-17 08:38:27,436 - INFO - [Epoch 157] Train Loss: 0.2676 | LR: 0.000011
2026-04-17 08:38:27,436 - INFO -     >>> Val Avg RMSE (Real): 363.4531
2026-04-17 08:38:27,436 - INFO -     >>> Val MAE Details: ['217.1173', '262.2706', '340.2167']
2026-04-17 08:38:27,827 - INFO - 💾 Saved Best Model to ./logs/QMugs_repr_atomistic_graph_SphereNet_Task3_20260416_180142/best_model.pth
2026-04-17 08:43:59,517 - INFO - [Epoch 158] Train Loss: 0.2675 | LR: 0.000010
2026-04-17 08:43:59,517 - INFO -     >>> Val Avg RMSE (Real): 364.4447
2026-04-17 08:43:59,517 - INFO -     >>> Val MAE Details: ['217.6429', '262.8953', '341.4554']
2026-04-17 08:43:59,517 - INFO - ⏳ No improvement. Patience: 1/50
2026-04-17 08:49:30,228 - INFO - [Epoch 159] Train Loss: 0.2672 | LR: 0.000010
2026-04-17 08:49:30,228 - INFO -     >>> Val Avg RMSE (Real): 368.6290
2026-04-17 08:49:30,228 - INFO -     >>> Val MAE Details: ['216.4472', '269.6794', '346.0544']
2026-04-17 08:49:30,228 - INFO - ⏳ No improvement. Patience: 2/50
2026-04-17 08:55:01,122 - INFO - [Epoch 160] Train Loss: 0.2672 | LR: 0.000010
2026-04-17 08:55:01,122 - INFO -     >>> Val Avg RMSE (Real): 368.1239
2026-04-17 08:55:01,122 - INFO -     >>> Val MAE Details: ['217.2738', '267.5011', '346.3055']
2026-04-17 08:55:01,122 - INFO - ⏳ No improvement. Patience: 3/50
2026-04-17 09:00:32,117 - INFO - [Epoch 161] Train Loss: 0.2668 | LR: 0.000009
2026-04-17 09:00:32,117 - INFO -     >>> Val Avg RMSE (Real): 366.5043
2026-04-17 09:00:32,117 - INFO -     >>> Val MAE Details: ['215.9136', '266.4197', '342.1921']
2026-04-17 09:00:32,117 - INFO - ⏳ No improvement. Patience: 4/50
2026-04-17 09:06:02,473 - INFO - [Epoch 162] Train Loss: 0.2666 | LR: 0.000009
2026-04-17 09:06:02,473 - INFO -     >>> Val Avg RMSE (Real): 364.1604
2026-04-17 09:06:02,473 - INFO -     >>> Val MAE Details: ['216.8200', '264.3939', '341.7834']
2026-04-17 09:06:02,473 - INFO - ⏳ No improvement. Patience: 5/50
2026-04-17 09:11:33,856 - INFO - [Epoch 163] Train Loss: 0.2664 | LR: 0.000008
2026-04-17 09:11:33,856 - INFO -     >>> Val Avg RMSE (Real): 363.3742
2026-04-17 09:11:33,856 - INFO -     >>> Val MAE Details: ['216.3138', '262.8942', '339.2426']
2026-04-17 09:11:34,049 - INFO - 💾 Saved Best Model to ./logs/QMugs_repr_atomistic_graph_SphereNet_Task3_20260416_180142/best_model.pth
2026-04-17 09:17:04,959 - INFO - [Epoch 164] Train Loss: 0.2663 | LR: 0.000008
2026-04-17 09:17:04,960 - INFO -     >>> Val Avg RMSE (Real): 364.8346
2026-04-17 09:17:04,960 - INFO -     >>> Val MAE Details: ['216.0238', '264.7859', '341.0238']
2026-04-17 09:17:04,960 - INFO - ⏳ No improvement. Patience: 1/50
2026-04-17 09:22:35,731 - INFO - [Epoch 165] Train Loss: 0.2662 | LR: 0.000007
2026-04-17 09:22:35,731 - INFO -     >>> Val Avg RMSE (Real): 363.4975
2026-04-17 09:22:35,731 - INFO -     >>> Val MAE Details: ['216.1643', '264.0149', '339.9175']
2026-04-17 09:22:35,731 - INFO - ⏳ No improvement. Patience: 2/50
2026-04-17 09:28:07,224 - INFO - [Epoch 166] Train Loss: 0.2659 | LR: 0.000007
2026-04-17 09:28:07,224 - INFO -     >>> Val Avg RMSE (Real): 367.8536
2026-04-17 09:28:07,224 - INFO -     >>> Val MAE Details: ['217.5461', '266.8591', '346.9179']
2026-04-17 09:28:07,224 - INFO - ⏳ No improvement. Patience: 3/50
2026-04-17 09:33:37,670 - INFO - [Epoch 167] Train Loss: 0.2656 | LR: 0.000007
2026-04-17 09:33:37,671 - INFO -     >>> Val Avg RMSE (Real): 363.5336
2026-04-17 09:33:37,671 - INFO -     >>> Val MAE Details: ['216.7666', '263.6251', '339.1004']
2026-04-17 09:33:37,671 - INFO - ⏳ No improvement. Patience: 4/50
2026-04-17 09:39:08,815 - INFO - [Epoch 168] Train Loss: 0.2655 | LR: 0.000006
2026-04-17 09:39:08,816 - INFO -     >>> Val Avg RMSE (Real): 362.6017
2026-04-17 09:39:08,816 - INFO -     >>> Val MAE Details: ['216.0816', '262.4137', '338.4586']
2026-04-17 09:39:08,969 - INFO - 💾 Saved Best Model to ./logs/QMugs_repr_atomistic_graph_SphereNet_Task3_20260416_180142/best_model.pth
2026-04-17 09:44:40,611 - INFO - [Epoch 169] Train Loss: 0.2655 | LR: 0.000006
2026-04-17 09:44:40,612 - INFO -     >>> Val Avg RMSE (Real): 363.2393
2026-04-17 09:44:40,612 - INFO -     >>> Val MAE Details: ['216.0141', '262.3910', '338.7637']
2026-04-17 09:44:40,612 - INFO - ⏳ No improvement. Patience: 1/50
2026-04-17 09:50:12,037 - INFO - [Epoch 170] Train Loss: 0.2650 | LR: 0.000005
2026-04-17 09:50:12,037 - INFO -     >>> Val Avg RMSE (Real): 362.8333
2026-04-17 09:50:12,037 - INFO -     >>> Val MAE Details: ['216.1127', '262.7160', '339.7810']
2026-04-17 09:50:12,037 - INFO - ⏳ No improvement. Patience: 2/50
2026-04-17 09:55:43,109 - INFO - [Epoch 171] Train Loss: 0.2652 | LR: 0.000005
2026-04-17 09:55:43,109 - INFO -     >>> Val Avg RMSE (Real): 362.9685
2026-04-17 09:55:43,109 - INFO -     >>> Val MAE Details: ['216.0324', '262.7496', '339.3744']
2026-04-17 09:55:43,109 - INFO - ⏳ No improvement. Patience: 3/50
2026-04-17 10:01:15,189 - INFO - [Epoch 172] Train Loss: 0.2650 | LR: 0.000005
2026-04-17 10:01:15,190 - INFO -     >>> Val Avg RMSE (Real): 362.6087
2026-04-17 10:01:15,190 - INFO -     >>> Val MAE Details: ['215.8814', '262.4778', '339.1759']
2026-04-17 10:01:15,190 - INFO - ⏳ No improvement. Patience: 4/50
2026-04-17 10:06:45,740 - INFO - [Epoch 173] Train Loss: 0.2646 | LR: 0.000004
2026-04-17 10:06:45,740 - INFO -     >>> Val Avg RMSE (Real): 362.7414
2026-04-17 10:06:45,740 - INFO -     >>> Val MAE Details: ['216.4434', '262.1985', '338.9554']
2026-04-17 10:06:45,740 - INFO - ⏳ No improvement. Patience: 5/50
2026-04-17 10:12:17,281 - INFO - [Epoch 174] Train Loss: 0.2646 | LR: 0.000004
2026-04-17 10:12:17,282 - INFO -     >>> Val Avg RMSE (Real): 362.8201
2026-04-17 10:12:17,282 - INFO -     >>> Val MAE Details: ['215.8264', '262.7739', '339.6225']
2026-04-17 10:12:17,282 - INFO - ⏳ No improvement. Patience: 6/50
2026-04-17 10:17:48,492 - INFO - [Epoch 175] Train Loss: 0.2645 | LR: 0.000004
2026-04-17 10:17:48,493 - INFO -     >>> Val Avg RMSE (Real): 362.5297
2026-04-17 10:17:48,493 - INFO -     >>> Val MAE Details: ['216.1055', '262.1477', '338.7558']
2026-04-17 10:17:48,643 - INFO - 💾 Saved Best Model to ./logs/QMugs_repr_atomistic_graph_SphereNet_Task3_20260416_180142/best_model.pth
2026-04-17 10:23:19,724 - INFO - [Epoch 176] Train Loss: 0.2643 | LR: 0.000004
2026-04-17 10:23:19,724 - INFO -     >>> Val Avg RMSE (Real): 362.7072
2026-04-17 10:23:19,724 - INFO -     >>> Val MAE Details: ['215.8313', '262.0406', '338.8994']
2026-04-17 10:23:19,724 - INFO - ⏳ No improvement. Patience: 1/50
2026-04-17 10:28:51,593 - INFO - [Epoch 177] Train Loss: 0.2642 | LR: 0.000003
2026-04-17 10:28:51,593 - INFO -     >>> Val Avg RMSE (Real): 362.6143
2026-04-17 10:28:51,593 - INFO -     >>> Val MAE Details: ['215.9855', '262.0533', '338.8851']
2026-04-17 10:28:51,594 - INFO - ⏳ No improvement. Patience: 2/50
2026-04-17 10:34:23,262 - INFO - [Epoch 178] Train Loss: 0.2639 | LR: 0.000003
2026-04-17 10:34:23,262 - INFO -     >>> Val Avg RMSE (Real): 362.4928
2026-04-17 10:34:23,262 - INFO -     >>> Val MAE Details: ['215.6880', '262.1558', '338.8345']
2026-04-17 10:34:23,430 - INFO - 💾 Saved Best Model to ./logs/QMugs_repr_atomistic_graph_SphereNet_Task3_20260416_180142/best_model.pth
2026-04-17 10:39:54,973 - INFO - [Epoch 179] Train Loss: 0.2640 | LR: 0.000003
2026-04-17 10:39:54,973 - INFO -     >>> Val Avg RMSE (Real): 362.8779
2026-04-17 10:39:54,973 - INFO -     >>> Val MAE Details: ['216.2834', '262.3840', '339.4098']
2026-04-17 10:39:54,973 - INFO - ⏳ No improvement. Patience: 1/50
2026-04-17 10:45:26,195 - INFO - [Epoch 180] Train Loss: 0.2637 | LR: 0.000002
2026-04-17 10:45:26,196 - INFO -     >>> Val Avg RMSE (Real): 362.4890
2026-04-17 10:45:26,196 - INFO -     >>> Val MAE Details: ['215.9784', '262.3447', '339.1794']
2026-04-17 10:45:26,375 - INFO - 💾 Saved Best Model to ./logs/QMugs_repr_atomistic_graph_SphereNet_Task3_20260416_180142/best_model.pth
2026-04-17 10:50:57,335 - INFO - [Epoch 181] Train Loss: 0.2637 | LR: 0.000002
2026-04-17 10:50:57,335 - INFO -     >>> Val Avg RMSE (Real): 362.9293
2026-04-17 10:50:57,335 - INFO -     >>> Val MAE Details: ['216.4019', '262.4807', '339.7946']
2026-04-17 10:50:57,335 - INFO - ⏳ No improvement. Patience: 1/50
2026-04-17 10:56:28,019 - INFO - [Epoch 182] Train Loss: 0.2637 | LR: 0.000002
2026-04-17 10:56:28,020 - INFO -     >>> Val Avg RMSE (Real): 362.2692
2026-04-17 10:56:28,020 - INFO -     >>> Val MAE Details: ['215.6284', '262.0486', '338.3685']
2026-04-17 10:56:28,193 - INFO - 💾 Saved Best Model to ./logs/QMugs_repr_atomistic_graph_SphereNet_Task3_20260416_180142/best_model.pth
2026-04-17 11:01:59,510 - INFO - [Epoch 183] Train Loss: 0.2635 | LR: 0.000002
2026-04-17 11:01:59,510 - INFO -     >>> Val Avg RMSE (Real): 362.3604
2026-04-17 11:01:59,510 - INFO -     >>> Val MAE Details: ['215.5673', '261.9938', '338.2193']
2026-04-17 11:01:59,510 - INFO - ⏳ No improvement. Patience: 1/50
2026-04-17 11:07:31,284 - INFO - [Epoch 184] Train Loss: 0.2634 | LR: 0.000002
2026-04-17 11:07:31,285 - INFO -     >>> Val Avg RMSE (Real): 362.3875
2026-04-17 11:07:31,285 - INFO -     >>> Val MAE Details: ['215.6816', '262.3103', '338.8499']
2026-04-17 11:07:31,285 - INFO - ⏳ No improvement. Patience: 2/50
2026-04-17 11:13:02,631 - INFO - [Epoch 185] Train Loss: 0.2634 | LR: 0.000001
2026-04-17 11:13:02,632 - INFO -     >>> Val Avg RMSE (Real): 362.5117
2026-04-17 11:13:02,632 - INFO -     >>> Val MAE Details: ['215.4859', '262.8225', '338.9262']
2026-04-17 11:13:02,632 - INFO - ⏳ No improvement. Patience: 3/50
2026-04-17 11:18:32,795 - INFO - [Epoch 186] Train Loss: 0.2632 | LR: 0.000001
2026-04-17 11:18:32,795 - INFO -     >>> Val Avg RMSE (Real): 362.3618
2026-04-17 11:18:32,795 - INFO -     >>> Val MAE Details: ['215.5544', '262.3737', '338.4699']
2026-04-17 11:18:32,795 - INFO - ⏳ No improvement. Patience: 4/50
2026-04-17 11:24:03,165 - INFO - [Epoch 187] Train Loss: 0.2631 | LR: 0.000001
2026-04-17 11:24:03,165 - INFO -     >>> Val Avg RMSE (Real): 362.3767
2026-04-17 11:24:03,165 - INFO -     >>> Val MAE Details: ['215.6031', '262.1239', '338.7230']
2026-04-17 11:24:03,165 - INFO - ⏳ No improvement. Patience: 5/50
2026-04-17 11:29:32,823 - INFO - [Epoch 188] Train Loss: 0.2631 | LR: 0.000001
2026-04-17 11:29:32,824 - INFO -     >>> Val Avg RMSE (Real): 362.2203
2026-04-17 11:29:32,824 - INFO -     >>> Val MAE Details: ['215.6473', '261.9267', '338.3376']
2026-04-17 11:29:32,977 - INFO - 💾 Saved Best Model to ./logs/QMugs_repr_atomistic_graph_SphereNet_Task3_20260416_180142/best_model.pth
2026-04-17 11:35:02,877 - INFO - [Epoch 189] Train Loss: 0.2630 | LR: 0.000001
2026-04-17 11:35:02,877 - INFO -     >>> Val Avg RMSE (Real): 362.5982
2026-04-17 11:35:02,877 - INFO -     >>> Val MAE Details: ['215.5575', '261.9364', '338.7130']
2026-04-17 11:35:02,878 - INFO - ⏳ No improvement. Patience: 1/50
2026-04-17 11:40:32,941 - INFO - [Epoch 190] Train Loss: 0.2630 | LR: 0.000001
2026-04-17 11:40:32,942 - INFO -     >>> Val Avg RMSE (Real): 362.2546
2026-04-17 11:40:32,942 - INFO -     >>> Val MAE Details: ['215.5499', '261.9634', '338.4191']
2026-04-17 11:40:32,942 - INFO - ⏳ No improvement. Patience: 2/50
2026-04-17 11:46:02,204 - INFO - [Epoch 191] Train Loss: 0.2629 | LR: 0.000000
2026-04-17 11:46:02,204 - INFO -     >>> Val Avg RMSE (Real): 362.1938
2026-04-17 11:46:02,204 - INFO -     >>> Val MAE Details: ['215.5878', '262.0267', '338.4192']
2026-04-17 11:46:02,359 - INFO - 💾 Saved Best Model to ./logs/QMugs_repr_atomistic_graph_SphereNet_Task3_20260416_180142/best_model.pth
2026-04-17 11:51:31,618 - INFO - [Epoch 192] Train Loss: 0.2629 | LR: 0.000000
2026-04-17 11:51:31,619 - INFO -     >>> Val Avg RMSE (Real): 362.1697
2026-04-17 11:51:31,619 - INFO -     >>> Val MAE Details: ['215.5573', '262.0975', '338.5722']
2026-04-17 11:51:31,781 - INFO - 💾 Saved Best Model to ./logs/QMugs_repr_atomistic_graph_SphereNet_Task3_20260416_180142/best_model.pth
2026-04-17 11:57:01,222 - INFO - [Epoch 193] Train Loss: 0.2628 | LR: 0.000000
2026-04-17 11:57:01,222 - INFO -     >>> Val Avg RMSE (Real): 362.1436
2026-04-17 11:57:01,222 - INFO -     >>> Val MAE Details: ['215.5226', '261.9608', '338.4732']
2026-04-17 11:57:01,415 - INFO - 💾 Saved Best Model to ./logs/QMugs_repr_atomistic_graph_SphereNet_Task3_20260416_180142/best_model.pth
2026-04-17 12:02:30,836 - INFO - [Epoch 194] Train Loss: 0.2627 | LR: 0.000000
2026-04-17 12:02:30,837 - INFO -     >>> Val Avg RMSE (Real): 362.1470
2026-04-17 12:02:30,837 - INFO -     >>> Val MAE Details: ['215.5435', '261.8750', '338.4256']
2026-04-17 12:02:30,837 - INFO - ⏳ No improvement. Patience: 1/50
2026-04-17 12:07:59,387 - INFO - [Epoch 195] Train Loss: 0.2627 | LR: 0.000000
2026-04-17 12:07:59,387 - INFO -     >>> Val Avg RMSE (Real): 362.1550
2026-04-17 12:07:59,387 - INFO -     >>> Val MAE Details: ['215.5226', '261.9774', '338.4547']
2026-04-17 12:07:59,388 - INFO - ⏳ No improvement. Patience: 2/50
2026-04-17 12:13:28,137 - INFO - [Epoch 196] Train Loss: 0.2627 | LR: 0.000000
2026-04-17 12:13:28,137 - INFO -     >>> Val Avg RMSE (Real): 362.1311
2026-04-17 12:13:28,137 - INFO -     >>> Val MAE Details: ['215.5418', '261.9402', '338.4593']
2026-04-17 12:13:28,321 - INFO - 💾 Saved Best Model to ./logs/QMugs_repr_atomistic_graph_SphereNet_Task3_20260416_180142/best_model.pth
2026-04-17 12:18:57,623 - INFO - [Epoch 197] Train Loss: 0.2627 | LR: 0.000000
2026-04-17 12:18:57,624 - INFO -     >>> Val Avg RMSE (Real): 362.1388
2026-04-17 12:18:57,624 - INFO -     >>> Val MAE Details: ['215.5363', '261.9736', '338.4695']
2026-04-17 12:18:57,624 - INFO - ⏳ No improvement. Patience: 1/50
2026-04-17 12:24:26,646 - INFO - [Epoch 198] Train Loss: 0.2626 | LR: 0.000000
2026-04-17 12:24:26,646 - INFO -     >>> Val Avg RMSE (Real): 362.1419
2026-04-17 12:24:26,646 - INFO -     >>> Val MAE Details: ['215.5557', '261.9940', '338.5253']
2026-04-17 12:24:26,646 - INFO - ⏳ No improvement. Patience: 2/50
2026-04-17 12:29:56,177 - INFO - [Epoch 199] Train Loss: 0.2626 | LR: 0.000000
2026-04-17 12:29:56,178 - INFO -     >>> Val Avg RMSE (Real): 362.1388
2026-04-17 12:29:56,178 - INFO -     >>> Val MAE Details: ['215.5515', '261.9853', '338.5066']
2026-04-17 12:29:56,178 - INFO - ⏳ No improvement. Patience: 3/50
2026-04-17 12:35:26,034 - INFO - [Epoch 200] Train Loss: 0.2626 | LR: 0.000000
2026-04-17 12:35:26,034 - INFO -     >>> Val Avg RMSE (Real): 362.1378
2026-04-17 12:35:26,034 - INFO -     >>> Val MAE Details: ['215.5483', '261.9832', '338.5005']
2026-04-17 12:35:26,034 - INFO - ⏳ No improvement. Patience: 4/50
