2026-04-17 11:24:07,934 - INFO - 💾 Config files backed up to ./logs/ED5OE_repr_hybrid_fusion_UniFieldNet_MultiTask7_init_from_ckpt_20260417_112407
2026-04-17 11:24:07,934 - INFO - 🎯 Multi-Task Targets (7): ['homo_2', 'homo_1', 'homo_0', 'lumo_0', 'lumo_1', 'lumo_2', 'lumo_3']
2026-04-17 11:24:07,935 - INFO - ========================================
2026-04-17 11:24:07,935 - INFO -         Training Configuration        
2026-04-17 11:24:07,935 - INFO - ========================================
2026-04-17 11:24:07,936 - INFO - 
{'data': {'dataset_mode': 'repr_hybrid_fusion',
          'grid_size': 0.1,
          'max_radius': 5.0,
          'pkl_path': '/home/zw/ED_all/data/ED5_OE/ed_homo_lumo_5w_1024_fusion.pkl',
          'targets': ['homo_2',
                      'homo_1',
                      'homo_0',
                      'lumo_0',
                      'lumo_1',
                      'lumo_2',
                      'lumo_3']},
 'model': {'equiformer_args': {'basis_type': 'gaussian',
                               'fc_neurons': [128, 128],
                               'irreps_feature': '1024x0e',
                               'irreps_head': '64x0e+32x1e+16x2e',
                               'irreps_in': '5x0e',
                               'irreps_node_attr': '1x0e',
                               'irreps_node_embedding': '256x0e+128x1e+64x2e',
                               'irreps_sh': '1x0e+1x1o+1x2e+1x3o',
                               'max_radius': 5.0,
                               'num_heads': 8,
                               'num_layers': 8,
                               'number_of_basis': 256,
                               'output_dim': 64},
           'head_input_dim': 64,
           'name': 'UniFieldNet',
           'ptv3_args': {'dec_channels': [64, 64, 128, 256],
                         'enc_channels': [32, 64, 128, 256, 512],
                         'enc_depths': [2, 2, 2, 6, 2],
                         'in_channels': 1,
                         'patch_size': 256}},
 'train': {'batch_size': 16,
           'epochs': 300,
           'grad_norm_clip': 1.0,
           'lr': 0.0001,
           'patience': 50,
           'seed': 2025,
           'weight_decay': 0.0001}}
2026-04-17 11:24:07,936 - INFO - ========================================

2026-04-17 11:24:07,936 - INFO - 🚀 Start Training on Device: cuda
2026-04-17 11:24:07,936 - INFO - Loading Data...
2026-04-17 11:24:07,936 - INFO - Loading Dataset Mode: repr_hybrid_fusion...
2026-04-17 11:24:11,628 - INFO - Stats - Mean: [[-7445.8413  -6840.216   -6120.3984   -467.5637    424.04166  1219.15
   1809.3903 ]], Std: [[ 740.80115  706.1094   754.61444 1186.4424  1122.4873  1107.2244
  1080.7959 ]]
2026-04-17 11:24:11,628 - INFO - Building Model: UniFieldNet...
2026-04-17 11:24:25,664 - INFO - Total Parameters: 59.8857 M

2026-04-17 11:24:25,664 - INFO - 🧩 Loading initialization checkpoint...
2026-04-17 11:24:27,339 - INFO - ✅ Loaded weights from: ./logs/ED5_repr_hybrid_fusion_UniFieldNet_MultiTask7_20260409_164214/best_model.pth
2026-04-17 11:24:27,340 - INFO - ⚠️ 仅加载模型参数，optimizer / scheduler / epoch 不恢复，训练将从 epoch 0 重新开始。
2026-04-17 11:50:16,204 - INFO - [Epoch 0] Train Loss: 0.0323 | LR: 0.000100
2026-04-17 11:50:16,205 - INFO -     >>> Val Avg RMSE (Real): 218.5745
2026-04-17 11:50:16,205 - INFO -     >>> Val MAE Details: ['144.6599', '130.1684', '163.5588', '143.9090', '161.4385', '171.1738', '160.5943']
2026-04-17 11:50:17,042 - INFO - 💾 Saved Best Model to ./logs/ED5OE_repr_hybrid_fusion_UniFieldNet_MultiTask7_init_from_ckpt_20260417_112407/best_model.pth
2026-04-17 12:15:43,167 - INFO - [Epoch 1] Train Loss: 0.0315 | LR: 0.000100
2026-04-17 12:15:43,167 - INFO -     >>> Val Avg RMSE (Real): 198.3264
2026-04-17 12:15:43,168 - INFO -     >>> Val MAE Details: ['134.6533', '140.2341', '128.4114', '139.7630', '147.2255', '148.7816', '148.7152']
2026-04-17 12:15:44,317 - INFO - 💾 Saved Best Model to ./logs/ED5OE_repr_hybrid_fusion_UniFieldNet_MultiTask7_init_from_ckpt_20260417_112407/best_model.pth
2026-04-17 12:41:11,665 - INFO - [Epoch 2] Train Loss: 0.0309 | LR: 0.000100
2026-04-17 12:41:11,665 - INFO -     >>> Val Avg RMSE (Real): 204.1586
2026-04-17 12:41:11,665 - INFO -     >>> Val MAE Details: ['137.8749', '128.7491', '129.0380', '156.9662', '163.3581', '147.3582', '150.4158']
2026-04-17 12:41:11,666 - INFO - ⏳ No improvement. Patience: 1/50
2026-04-17 13:06:46,094 - INFO - [Epoch 3] Train Loss: 0.0303 | LR: 0.000100
2026-04-17 13:06:46,094 - INFO -     >>> Val Avg RMSE (Real): 194.3956
2026-04-17 13:06:46,094 - INFO -     >>> Val MAE Details: ['127.6709', '129.1801', '126.4502', '133.9174', '143.8317', '146.0575', '153.1949']
2026-04-17 13:06:47,378 - INFO - 💾 Saved Best Model to ./logs/ED5OE_repr_hybrid_fusion_UniFieldNet_MultiTask7_init_from_ckpt_20260417_112407/best_model.pth
2026-04-17 13:32:25,421 - INFO - [Epoch 4] Train Loss: 0.0296 | LR: 0.000100
2026-04-17 13:32:25,422 - INFO -     >>> Val Avg RMSE (Real): 198.8398
2026-04-17 13:32:25,422 - INFO -     >>> Val MAE Details: ['131.3534', '129.1723', '131.5404', '138.4610', '159.6312', '148.1252', '151.2137']
2026-04-17 13:32:25,422 - INFO - ⏳ No improvement. Patience: 1/50
2026-04-17 13:58:08,130 - INFO - [Epoch 5] Train Loss: 0.0294 | LR: 0.000100
2026-04-17 13:58:08,131 - INFO -     >>> Val Avg RMSE (Real): 195.7921
2026-04-17 13:58:08,131 - INFO -     >>> Val MAE Details: ['128.2120', '132.1645', '123.0053', '137.7818', '147.6878', '147.7724', '149.4241']
2026-04-17 13:58:08,131 - INFO - ⏳ No improvement. Patience: 2/50
2026-04-17 14:23:50,391 - INFO - [Epoch 6] Train Loss: 0.0289 | LR: 0.000100
2026-04-17 14:23:50,391 - INFO -     >>> Val Avg RMSE (Real): 205.0906
2026-04-17 14:23:50,391 - INFO -     >>> Val MAE Details: ['158.7826', '152.2167', '135.8081', '132.0122', '146.9874', '149.7098', '146.1805']
2026-04-17 14:23:50,392 - INFO - ⏳ No improvement. Patience: 3/50
2026-04-17 14:48:44,141 - INFO - [Epoch 7] Train Loss: 0.0289 | LR: 0.000100
2026-04-17 14:48:44,142 - INFO -     >>> Val Avg RMSE (Real): 193.4662
2026-04-17 14:48:44,142 - INFO -     >>> Val MAE Details: ['131.5986', '126.8065', '125.8633', '130.6800', '143.3940', '149.5673', '149.5305']
2026-04-17 14:48:45,291 - INFO - 💾 Saved Best Model to ./logs/ED5OE_repr_hybrid_fusion_UniFieldNet_MultiTask7_init_from_ckpt_20260417_112407/best_model.pth
2026-04-17 15:14:29,483 - INFO - [Epoch 8] Train Loss: 0.0283 | LR: 0.000100
2026-04-17 15:14:29,483 - INFO -     >>> Val Avg RMSE (Real): 199.7401
2026-04-17 15:14:29,483 - INFO -     >>> Val MAE Details: ['128.0850', '127.5894', '122.9184', '134.1396', '144.3157', '147.4889', '174.5050']
2026-04-17 15:14:29,484 - INFO - ⏳ No improvement. Patience: 1/50
2026-04-17 15:40:00,873 - INFO - [Epoch 9] Train Loss: 0.0276 | LR: 0.000100
2026-04-17 15:40:00,874 - INFO -     >>> Val Avg RMSE (Real): 196.7546
2026-04-17 15:40:00,874 - INFO -     >>> Val MAE Details: ['135.7975', '133.8116', '135.8899', '132.3798', '141.9108', '147.3408', '147.8247']
2026-04-17 15:40:00,874 - INFO - ⏳ No improvement. Patience: 2/50
2026-04-17 16:05:47,317 - INFO - [Epoch 10] Train Loss: 0.0276 | LR: 0.000100
2026-04-17 16:05:47,318 - INFO -     >>> Val Avg RMSE (Real): 196.0928
2026-04-17 16:05:47,318 - INFO -     >>> Val MAE Details: ['131.8278', '128.7008', '132.1359', '128.9030', '146.9960', '146.7866', '151.6819']
2026-04-17 16:05:47,318 - INFO - ⏳ No improvement. Patience: 3/50
2026-04-17 16:31:32,767 - INFO - [Epoch 11] Train Loss: 0.0274 | LR: 0.000100
2026-04-17 16:31:32,768 - INFO -     >>> Val Avg RMSE (Real): 191.8309
2026-04-17 16:31:32,768 - INFO -     >>> Val MAE Details: ['129.1485', '124.2916', '116.1152', '139.5636', '141.2788', '146.5687', '146.4059']
2026-04-17 16:31:34,434 - INFO - 💾 Saved Best Model to ./logs/ED5OE_repr_hybrid_fusion_UniFieldNet_MultiTask7_init_from_ckpt_20260417_112407/best_model.pth
2026-04-17 16:57:18,923 - INFO - [Epoch 12] Train Loss: 0.0272 | LR: 0.000100
2026-04-17 16:57:18,924 - INFO -     >>> Val Avg RMSE (Real): 195.7190
2026-04-17 16:57:18,924 - INFO -     >>> Val MAE Details: ['124.3818', '127.3815', '117.3489', '129.5526', '143.9182', '161.9125', '157.9221']
2026-04-17 16:57:18,924 - INFO - ⏳ No improvement. Patience: 1/50
2026-04-17 17:22:53,259 - INFO - [Epoch 13] Train Loss: 0.0271 | LR: 0.000099
2026-04-17 17:22:53,260 - INFO -     >>> Val Avg RMSE (Real): 193.6462
2026-04-17 17:22:53,260 - INFO -     >>> Val MAE Details: ['131.7492', '126.5686', '125.4997', '132.9911', '144.9391', '144.8621', '145.3360']
2026-04-17 17:22:53,260 - INFO - ⏳ No improvement. Patience: 2/50
2026-04-17 17:48:33,624 - INFO - [Epoch 14] Train Loss: 0.0271 | LR: 0.000099
2026-04-17 17:48:33,625 - INFO -     >>> Val Avg RMSE (Real): 191.7356
2026-04-17 17:48:33,625 - INFO -     >>> Val MAE Details: ['133.3205', '123.6495', '117.9663', '124.2142', '145.1037', '143.4280', '143.3847']
2026-04-17 17:48:34,800 - INFO - 💾 Saved Best Model to ./logs/ED5OE_repr_hybrid_fusion_UniFieldNet_MultiTask7_init_from_ckpt_20260417_112407/best_model.pth
2026-04-17 18:13:44,418 - INFO - [Epoch 15] Train Loss: 0.0266 | LR: 0.000099
2026-04-17 18:13:44,418 - INFO -     >>> Val Avg RMSE (Real): 192.3259
2026-04-17 18:13:44,418 - INFO -     >>> Val MAE Details: ['125.9704', '126.0665', '124.2037', '126.4073', '142.6597', '144.0320', '147.9559']
2026-04-17 18:13:44,418 - INFO - ⏳ No improvement. Patience: 1/50
2026-04-17 18:39:27,137 - INFO - [Epoch 16] Train Loss: 0.0267 | LR: 0.000099
2026-04-17 18:39:27,138 - INFO -     >>> Val Avg RMSE (Real): 198.4718
2026-04-17 18:39:27,138 - INFO -     >>> Val MAE Details: ['129.8673', '127.4901', '152.4249', '140.2609', '145.9976', '145.9692', '150.2198']
2026-04-17 18:39:27,138 - INFO - ⏳ No improvement. Patience: 2/50
2026-04-17 18:57:39,603 - INFO - [Epoch 17] Train Loss: 0.0266 | LR: 0.000099
2026-04-17 18:57:39,603 - INFO -     >>> Val Avg RMSE (Real): 192.1325
2026-04-17 18:57:39,603 - INFO -     >>> Val MAE Details: ['129.7472', '131.7239', '120.5449', '134.1210', '147.3099', '143.3268', '146.4277']
2026-04-17 18:57:39,604 - INFO - ⏳ No improvement. Patience: 3/50
2026-04-17 19:13:52,385 - INFO - [Epoch 18] Train Loss: 0.0262 | LR: 0.000099
2026-04-17 19:13:52,386 - INFO -     >>> Val Avg RMSE (Real): 189.8358
2026-04-17 19:13:52,386 - INFO -     >>> Val MAE Details: ['126.0766', '131.5505', '119.5941', '125.4096', '148.9277', '138.5643', '143.8422']
2026-04-17 19:13:53,523 - INFO - 💾 Saved Best Model to ./logs/ED5OE_repr_hybrid_fusion_UniFieldNet_MultiTask7_init_from_ckpt_20260417_112407/best_model.pth
2026-04-17 19:30:03,337 - INFO - [Epoch 19] Train Loss: 0.0262 | LR: 0.000099
2026-04-17 19:30:03,338 - INFO -     >>> Val Avg RMSE (Real): 195.1934
2026-04-17 19:30:03,338 - INFO -     >>> Val MAE Details: ['127.5586', '125.4393', '117.9268', '142.1213', '149.4834', '151.4836', '149.7320']
2026-04-17 19:30:03,338 - INFO - ⏳ No improvement. Patience: 1/50
2026-04-17 19:47:24,753 - INFO - [Epoch 20] Train Loss: 0.0259 | LR: 0.000099
2026-04-17 19:47:24,754 - INFO -     >>> Val Avg RMSE (Real): 189.3303
2026-04-17 19:47:24,754 - INFO -     >>> Val MAE Details: ['127.9993', '124.0312', '116.5372', '133.6859', '142.4138', '140.3853', '142.1831']
2026-04-17 19:47:25,917 - INFO - 💾 Saved Best Model to ./logs/ED5OE_repr_hybrid_fusion_UniFieldNet_MultiTask7_init_from_ckpt_20260417_112407/best_model.pth
2026-04-17 20:13:14,138 - INFO - [Epoch 21] Train Loss: 0.0260 | LR: 0.000099
2026-04-17 20:13:14,139 - INFO -     >>> Val Avg RMSE (Real): 190.4300
2026-04-17 20:13:14,139 - INFO -     >>> Val MAE Details: ['128.4565', '123.9368', '120.2661', '127.3795', '136.9506', '145.7714', '153.3578']
2026-04-17 20:13:14,139 - INFO - ⏳ No improvement. Patience: 1/50
2026-04-17 20:39:06,825 - INFO - [Epoch 22] Train Loss: 0.0257 | LR: 0.000099
2026-04-17 20:39:06,825 - INFO -     >>> Val Avg RMSE (Real): 189.1961
2026-04-17 20:39:06,825 - INFO -     >>> Val MAE Details: ['132.4934', '120.1711', '117.9356', '128.3349', '142.5683', '149.1813', '143.9634']
2026-04-17 20:39:07,985 - INFO - 💾 Saved Best Model to ./logs/ED5OE_repr_hybrid_fusion_UniFieldNet_MultiTask7_init_from_ckpt_20260417_112407/best_model.pth
2026-04-17 21:04:52,274 - INFO - [Epoch 23] Train Loss: 0.0257 | LR: 0.000098
2026-04-17 21:04:52,274 - INFO -     >>> Val Avg RMSE (Real): 188.8276
2026-04-17 21:04:52,274 - INFO -     >>> Val MAE Details: ['123.4763', '121.9389', '116.1533', '129.0636', '144.2934', '140.8948', '149.8361']
2026-04-17 21:04:53,293 - INFO - 💾 Saved Best Model to ./logs/ED5OE_repr_hybrid_fusion_UniFieldNet_MultiTask7_init_from_ckpt_20260417_112407/best_model.pth
2026-04-17 21:30:39,382 - INFO - [Epoch 24] Train Loss: 0.0255 | LR: 0.000098
2026-04-17 21:30:39,382 - INFO -     >>> Val Avg RMSE (Real): 190.9194
2026-04-17 21:30:39,383 - INFO -     >>> Val MAE Details: ['134.2936', '125.3338', '117.2297', '126.2398', '143.3531', '141.3141', '148.3805']
2026-04-17 21:30:39,383 - INFO - ⏳ No improvement. Patience: 1/50
2026-04-17 21:56:36,044 - INFO - [Epoch 25] Train Loss: 0.0253 | LR: 0.000098
2026-04-17 21:56:36,045 - INFO -     >>> Val Avg RMSE (Real): 191.1671
2026-04-17 21:56:36,045 - INFO -     >>> Val MAE Details: ['134.5270', '126.8552', '116.6954', '139.8131', '145.7772', '140.6839', '144.1367']
2026-04-17 21:56:36,045 - INFO - ⏳ No improvement. Patience: 2/50
2026-04-17 22:22:21,635 - INFO - [Epoch 26] Train Loss: 0.0251 | LR: 0.000098
2026-04-17 22:22:21,636 - INFO -     >>> Val Avg RMSE (Real): 190.2200
2026-04-17 22:22:21,636 - INFO -     >>> Val MAE Details: ['126.4293', '125.9979', '119.5733', '126.1079', '137.4032', '147.8765', '149.4477']
2026-04-17 22:22:21,636 - INFO - ⏳ No improvement. Patience: 3/50
2026-04-17 22:48:14,118 - INFO - [Epoch 27] Train Loss: 0.0251 | LR: 0.000098
2026-04-17 22:48:14,118 - INFO -     >>> Val Avg RMSE (Real): 191.9974
2026-04-17 22:48:14,119 - INFO -     >>> Val MAE Details: ['125.8426', '129.9576', '131.1800', '126.0344', '146.1511', '143.1012', '145.4272']
2026-04-17 22:48:14,119 - INFO - ⏳ No improvement. Patience: 4/50
2026-04-17 23:14:08,548 - INFO - [Epoch 28] Train Loss: 0.0250 | LR: 0.000098
2026-04-17 23:14:08,549 - INFO -     >>> Val Avg RMSE (Real): 188.2533
2026-04-17 23:14:08,549 - INFO -     >>> Val MAE Details: ['135.1646', '127.4176', '114.9836', '120.0900', '140.5341', '137.2025', '142.2844']
2026-04-17 23:14:09,691 - INFO - 💾 Saved Best Model to ./logs/ED5OE_repr_hybrid_fusion_UniFieldNet_MultiTask7_init_from_ckpt_20260417_112407/best_model.pth
2026-04-17 23:39:58,847 - INFO - [Epoch 29] Train Loss: 0.0252 | LR: 0.000098
2026-04-17 23:39:58,848 - INFO -     >>> Val Avg RMSE (Real): 187.7153
2026-04-17 23:39:58,848 - INFO -     >>> Val MAE Details: ['125.4580', '128.5575', '115.8807', '128.5377', '141.3090', '136.9689', '140.3953']
2026-04-17 23:40:00,157 - INFO - 💾 Saved Best Model to ./logs/ED5OE_repr_hybrid_fusion_UniFieldNet_MultiTask7_init_from_ckpt_20260417_112407/best_model.pth
2026-04-18 00:05:07,470 - INFO - [Epoch 30] Train Loss: 0.0249 | LR: 0.000097
2026-04-18 00:05:07,470 - INFO -     >>> Val Avg RMSE (Real): 187.7810
2026-04-18 00:05:07,470 - INFO -     >>> Val MAE Details: ['135.6216', '127.6568', '114.2225', '128.8229', '142.8651', '136.6033', '141.8191']
2026-04-18 00:05:07,470 - INFO - ⏳ No improvement. Patience: 1/50
2026-04-18 00:30:54,490 - INFO - [Epoch 31] Train Loss: 0.0248 | LR: 0.000097
2026-04-18 00:30:54,491 - INFO -     >>> Val Avg RMSE (Real): 191.0776
2026-04-18 00:30:54,491 - INFO -     >>> Val MAE Details: ['126.3319', '120.3387', '118.6939', '129.8796', '145.2539', '145.3046', '146.5759']
2026-04-18 00:30:54,491 - INFO - ⏳ No improvement. Patience: 2/50
2026-04-18 00:56:38,935 - INFO - [Epoch 32] Train Loss: 0.0244 | LR: 0.000097
2026-04-18 00:56:38,936 - INFO -     >>> Val Avg RMSE (Real): 188.6932
2026-04-18 00:56:38,936 - INFO -     >>> Val MAE Details: ['132.0285', '121.0886', '113.9290', '140.1969', '151.0405', '138.7521', '143.4898']
2026-04-18 00:56:38,936 - INFO - ⏳ No improvement. Patience: 3/50
2026-04-18 01:22:14,638 - INFO - [Epoch 33] Train Loss: 0.0244 | LR: 0.000097
2026-04-18 01:22:14,638 - INFO -     >>> Val Avg RMSE (Real): 188.3867
2026-04-18 01:22:14,639 - INFO -     >>> Val MAE Details: ['127.2522', '122.5014', '120.9429', '136.1922', '143.9304', '137.2678', '142.6295']
2026-04-18 01:22:14,639 - INFO - ⏳ No improvement. Patience: 4/50
2026-04-18 01:47:44,169 - INFO - [Epoch 34] Train Loss: 0.0244 | LR: 0.000097
2026-04-18 01:47:44,169 - INFO -     >>> Val Avg RMSE (Real): 185.2854
2026-04-18 01:47:44,170 - INFO -     >>> Val MAE Details: ['122.3248', '122.2603', '118.2534', '123.4173', '141.3061', '137.4975', '142.0399']
2026-04-18 01:47:45,407 - INFO - 💾 Saved Best Model to ./logs/ED5OE_repr_hybrid_fusion_UniFieldNet_MultiTask7_init_from_ckpt_20260417_112407/best_model.pth
2026-04-18 02:13:13,105 - INFO - [Epoch 35] Train Loss: 0.0244 | LR: 0.000096
2026-04-18 02:13:13,106 - INFO -     >>> Val Avg RMSE (Real): 185.4133
2026-04-18 02:13:13,106 - INFO -     >>> Val MAE Details: ['130.2003', '122.7331', '124.9473', '121.4380', '137.4143', '136.2086', '138.5492']
2026-04-18 02:13:13,106 - INFO - ⏳ No improvement. Patience: 1/50
2026-04-18 02:38:55,519 - INFO - [Epoch 36] Train Loss: 0.0244 | LR: 0.000096
2026-04-18 02:38:55,519 - INFO -     >>> Val Avg RMSE (Real): 187.8613
2026-04-18 02:38:55,520 - INFO -     >>> Val MAE Details: ['124.4102', '120.2358', '113.8489', '124.1689', '155.0656', '142.0723', '142.5250']
2026-04-18 02:38:55,520 - INFO - ⏳ No improvement. Patience: 2/50
2026-04-18 03:04:29,332 - INFO - [Epoch 37] Train Loss: 0.0243 | LR: 0.000096
2026-04-18 03:04:29,333 - INFO -     >>> Val Avg RMSE (Real): 184.5681
2026-04-18 03:04:29,333 - INFO -     >>> Val MAE Details: ['125.6992', '122.3164', '114.0459', '125.5748', '139.6668', '136.8461', '139.2713']
2026-04-18 03:04:30,680 - INFO - 💾 Saved Best Model to ./logs/ED5OE_repr_hybrid_fusion_UniFieldNet_MultiTask7_init_from_ckpt_20260417_112407/best_model.pth
2026-04-18 03:30:23,548 - INFO - [Epoch 38] Train Loss: 0.0242 | LR: 0.000096
2026-04-18 03:30:23,548 - INFO -     >>> Val Avg RMSE (Real): 187.0658
2026-04-18 03:30:23,548 - INFO -     >>> Val MAE Details: ['126.3929', '129.6042', '119.8463', '120.4121', '139.0472', '135.6382', '141.7158']
2026-04-18 03:30:23,548 - INFO - ⏳ No improvement. Patience: 1/50
2026-04-18 03:56:12,729 - INFO - [Epoch 39] Train Loss: 0.0242 | LR: 0.000096
2026-04-18 03:56:12,730 - INFO -     >>> Val Avg RMSE (Real): 183.7469
2026-04-18 03:56:12,730 - INFO -     >>> Val MAE Details: ['124.0176', '122.0221', '113.2950', '123.3543', '140.6797', '133.9675', '137.1328']
2026-04-18 03:56:14,266 - INFO - 💾 Saved Best Model to ./logs/ED5OE_repr_hybrid_fusion_UniFieldNet_MultiTask7_init_from_ckpt_20260417_112407/best_model.pth
2026-04-18 04:16:05,776 - INFO - [Epoch 40] Train Loss: 0.0241 | LR: 0.000095
2026-04-18 04:16:05,776 - INFO -     >>> Val Avg RMSE (Real): 191.0094
2026-04-18 04:16:05,776 - INFO -     >>> Val MAE Details: ['129.7066', '132.8177', '119.2612', '131.4510', '141.9240', '145.3969', '146.4960']
2026-04-18 04:16:05,777 - INFO - ⏳ No improvement. Patience: 1/50
2026-04-18 04:32:23,572 - INFO - [Epoch 41] Train Loss: 0.0239 | LR: 0.000095
2026-04-18 04:32:23,572 - INFO -     >>> Val Avg RMSE (Real): 186.4869
2026-04-18 04:32:23,573 - INFO -     >>> Val MAE Details: ['123.5993', '121.1085', '115.4380', '125.0267', '137.6580', '138.4462', '147.9080']
2026-04-18 04:32:23,573 - INFO - ⏳ No improvement. Patience: 2/50
2026-04-18 04:48:38,780 - INFO - [Epoch 42] Train Loss: 0.0238 | LR: 0.000095
2026-04-18 04:48:38,781 - INFO -     >>> Val Avg RMSE (Real): 188.1761
2026-04-18 04:48:38,781 - INFO -     >>> Val MAE Details: ['121.6464', '122.7423', '114.4810', '127.3412', '143.3197', '137.1140', '147.7445']
2026-04-18 04:48:38,781 - INFO - ⏳ No improvement. Patience: 3/50
2026-04-18 05:04:50,560 - INFO - [Epoch 43] Train Loss: 0.0237 | LR: 0.000095
2026-04-18 05:04:50,561 - INFO -     >>> Val Avg RMSE (Real): 184.1730
2026-04-18 05:04:50,561 - INFO -     >>> Val MAE Details: ['124.1121', '121.0401', '112.4758', '122.8105', '140.8088', '135.3151', '143.3462']
2026-04-18 05:04:50,561 - INFO - ⏳ No improvement. Patience: 4/50
2026-04-18 05:21:03,839 - INFO - [Epoch 44] Train Loss: 0.0238 | LR: 0.000095
2026-04-18 05:21:03,840 - INFO -     >>> Val Avg RMSE (Real): 186.0762
2026-04-18 05:21:03,840 - INFO -     >>> Val MAE Details: ['123.4932', '118.7250', '108.6386', '136.1419', '142.4136', '138.7532', '141.6250']
2026-04-18 05:21:03,840 - INFO - ⏳ No improvement. Patience: 5/50
2026-04-18 05:36:51,514 - INFO - [Epoch 45] Train Loss: 0.0236 | LR: 0.000094
2026-04-18 05:36:51,515 - INFO -     >>> Val Avg RMSE (Real): 183.3467
2026-04-18 05:36:51,515 - INFO -     >>> Val MAE Details: ['120.5433', '119.0142', '112.6295', '123.1366', '138.0368', '136.8231', '143.6187']
2026-04-18 05:36:52,847 - INFO - 💾 Saved Best Model to ./logs/ED5OE_repr_hybrid_fusion_UniFieldNet_MultiTask7_init_from_ckpt_20260417_112407/best_model.pth
2026-04-18 05:53:09,046 - INFO - [Epoch 46] Train Loss: 0.0234 | LR: 0.000094
2026-04-18 05:53:09,047 - INFO -     >>> Val Avg RMSE (Real): 185.2129
2026-04-18 05:53:09,047 - INFO -     >>> Val MAE Details: ['120.9768', '119.5400', '112.6378', '122.3255', '142.3184', '139.8294', '144.3376']
2026-04-18 05:53:09,047 - INFO - ⏳ No improvement. Patience: 1/50
2026-04-18 06:09:24,213 - INFO - [Epoch 47] Train Loss: 0.0235 | LR: 0.000094
2026-04-18 06:09:24,213 - INFO -     >>> Val Avg RMSE (Real): 187.4800
2026-04-18 06:09:24,214 - INFO -     >>> Val MAE Details: ['124.9779', '120.1054', '116.5603', '133.9614', '136.5768', '140.9731', '143.7361']
2026-04-18 06:09:24,214 - INFO - ⏳ No improvement. Patience: 2/50
2026-04-18 06:25:37,986 - INFO - [Epoch 48] Train Loss: 0.0234 | LR: 0.000094
2026-04-18 06:25:37,987 - INFO -     >>> Val Avg RMSE (Real): 185.8694
2026-04-18 06:25:37,987 - INFO -     >>> Val MAE Details: ['121.3425', '121.2647', '121.3642', '124.2946', '145.3789', '137.9694', '140.5723']
2026-04-18 06:25:37,987 - INFO - ⏳ No improvement. Patience: 3/50
2026-04-18 06:41:52,874 - INFO - [Epoch 49] Train Loss: 0.0232 | LR: 0.000093
2026-04-18 06:41:52,874 - INFO -     >>> Val Avg RMSE (Real): 188.1495
2026-04-18 06:41:52,874 - INFO -     >>> Val MAE Details: ['125.2836', '122.1643', '116.2981', '126.2824', '146.4520', '143.1668', '144.0161']
2026-04-18 06:41:52,875 - INFO - ⏳ No improvement. Patience: 4/50
2026-04-18 06:58:05,622 - INFO - [Epoch 50] Train Loss: 0.0233 | LR: 0.000093
2026-04-18 06:58:05,623 - INFO -     >>> Val Avg RMSE (Real): 189.3322
2026-04-18 06:58:05,623 - INFO -     >>> Val MAE Details: ['126.1618', '121.2558', '134.9482', '126.8218', '142.6601', '141.2411', '139.6783']
2026-04-18 06:58:05,623 - INFO - ⏳ No improvement. Patience: 5/50
2026-04-18 07:14:18,728 - INFO - [Epoch 51] Train Loss: 0.0232 | LR: 0.000093
2026-04-18 07:14:18,729 - INFO -     >>> Val Avg RMSE (Real): 184.7472
2026-04-18 07:14:18,729 - INFO -     >>> Val MAE Details: ['128.5677', '121.9088', '114.6185', '120.8449', '145.7152', '138.2341', '141.3271']
2026-04-18 07:14:18,729 - INFO - ⏳ No improvement. Patience: 6/50
2026-04-18 07:29:45,502 - INFO - [Epoch 52] Train Loss: 0.0232 | LR: 0.000092
2026-04-18 07:29:45,503 - INFO -     >>> Val Avg RMSE (Real): 186.5026
2026-04-18 07:29:45,503 - INFO -     >>> Val MAE Details: ['131.1606', '124.9069', '112.3408', '119.3190', '137.1096', '135.2733', '144.8079']
2026-04-18 07:29:45,503 - INFO - ⏳ No improvement. Patience: 7/50
2026-04-18 07:45:55,531 - INFO - [Epoch 53] Train Loss: 0.0230 | LR: 0.000092
2026-04-18 07:45:55,532 - INFO -     >>> Val Avg RMSE (Real): 185.4318
2026-04-18 07:45:55,532 - INFO -     >>> Val MAE Details: ['120.3905', '120.3844', '110.3832', '129.1799', '141.2454', '140.6064', '141.9910']
2026-04-18 07:45:55,532 - INFO - ⏳ No improvement. Patience: 8/50
2026-04-18 08:02:08,699 - INFO - [Epoch 54] Train Loss: 0.0230 | LR: 0.000092
2026-04-18 08:02:08,700 - INFO -     >>> Val Avg RMSE (Real): 188.1791
2026-04-18 08:02:08,700 - INFO -     >>> Val MAE Details: ['125.0552', '121.3235', '116.5043', '120.5377', '155.5685', '139.6898', '145.1736']
2026-04-18 08:02:08,700 - INFO - ⏳ No improvement. Patience: 9/50
2026-04-18 08:18:23,184 - INFO - [Epoch 55] Train Loss: 0.0229 | LR: 0.000092
2026-04-18 08:18:23,185 - INFO -     >>> Val Avg RMSE (Real): 186.9369
2026-04-18 08:18:23,185 - INFO -     >>> Val MAE Details: ['124.9349', '119.0604', '115.2281', '127.3282', '146.5551', '142.4272', '141.1828']
2026-04-18 08:18:23,185 - INFO - ⏳ No improvement. Patience: 10/50
2026-04-18 08:34:38,163 - INFO - [Epoch 56] Train Loss: 0.0228 | LR: 0.000091
2026-04-18 08:34:38,163 - INFO -     >>> Val Avg RMSE (Real): 184.7381
2026-04-18 08:34:38,164 - INFO -     >>> Val MAE Details: ['120.2492', '117.1584', '116.4329', '137.0988', '136.5502', '135.7064', '142.4006']
2026-04-18 08:34:38,164 - INFO - ⏳ No improvement. Patience: 11/50
2026-04-18 08:50:53,776 - INFO - [Epoch 57] Train Loss: 0.0230 | LR: 0.000091
2026-04-18 08:50:53,777 - INFO -     >>> Val Avg RMSE (Real): 184.6882
2026-04-18 08:50:53,777 - INFO -     >>> Val MAE Details: ['121.9104', '120.0113', '113.5407', '128.3933', '140.0647', '139.8248', '140.4192']
2026-04-18 08:50:53,777 - INFO - ⏳ No improvement. Patience: 12/50
2026-04-18 09:06:56,626 - INFO - [Epoch 58] Train Loss: 0.0229 | LR: 0.000091
2026-04-18 09:06:56,626 - INFO -     >>> Val Avg RMSE (Real): 185.2399
2026-04-18 09:06:56,627 - INFO -     >>> Val MAE Details: ['121.5100', '128.6552', '118.0118', '129.4135', '135.9131', '136.6679', '140.9979']
2026-04-18 09:06:56,627 - INFO - ⏳ No improvement. Patience: 13/50
2026-04-18 09:23:14,888 - INFO - [Epoch 59] Train Loss: 0.0229 | LR: 0.000090
2026-04-18 09:23:14,888 - INFO -     >>> Val Avg RMSE (Real): 181.4445
2026-04-18 09:23:14,889 - INFO -     >>> Val MAE Details: ['117.7485', '119.8022', '109.7728', '117.8706', '135.0782', '138.4160', '145.8918']
2026-04-18 09:23:16,053 - INFO - 💾 Saved Best Model to ./logs/ED5OE_repr_hybrid_fusion_UniFieldNet_MultiTask7_init_from_ckpt_20260417_112407/best_model.pth
2026-04-18 09:39:30,395 - INFO - [Epoch 60] Train Loss: 0.0226 | LR: 0.000090
2026-04-18 09:39:30,396 - INFO -     >>> Val Avg RMSE (Real): 184.1798
2026-04-18 09:39:30,396 - INFO -     >>> Val MAE Details: ['123.5929', '120.2197', '113.2220', '129.5043', '141.6315', '137.5722', '143.8117']
2026-04-18 09:39:30,396 - INFO - ⏳ No improvement. Patience: 1/50
2026-04-18 09:55:41,363 - INFO - [Epoch 61] Train Loss: 0.0227 | LR: 0.000090
2026-04-18 09:55:41,363 - INFO -     >>> Val Avg RMSE (Real): 183.7186
2026-04-18 09:55:41,363 - INFO -     >>> Val MAE Details: ['124.3357', '116.5627', '110.4931', '120.5581', '141.4676', '135.4286', '137.7596']
2026-04-18 09:55:41,364 - INFO - ⏳ No improvement. Patience: 2/50
2026-04-18 10:11:53,509 - INFO - [Epoch 62] Train Loss: 0.0227 | LR: 0.000090
2026-04-18 10:11:53,509 - INFO -     >>> Val Avg RMSE (Real): 179.3755
2026-04-18 10:11:53,509 - INFO -     >>> Val MAE Details: ['118.5685', '117.9421', '114.2837', '121.9766', '132.2546', '131.6368', '135.9171']
2026-04-18 10:11:54,629 - INFO - 💾 Saved Best Model to ./logs/ED5OE_repr_hybrid_fusion_UniFieldNet_MultiTask7_init_from_ckpt_20260417_112407/best_model.pth
2026-04-18 10:28:10,771 - INFO - [Epoch 63] Train Loss: 0.0226 | LR: 0.000089
2026-04-18 10:28:10,772 - INFO -     >>> Val Avg RMSE (Real): 184.6364
2026-04-18 10:28:10,772 - INFO -     >>> Val MAE Details: ['123.8315', '123.1296', '110.4559', '122.2069', '140.0234', '140.7141', '140.3830']
2026-04-18 10:28:10,772 - INFO - ⏳ No improvement. Patience: 1/50
2026-04-18 10:49:12,152 - INFO - [Epoch 64] Train Loss: 0.0225 | LR: 0.000089
2026-04-18 10:49:12,153 - INFO -     >>> Val Avg RMSE (Real): 188.6263
2026-04-18 10:49:12,153 - INFO -     >>> Val MAE Details: ['124.0165', '131.9045', '131.3204', '123.1803', '143.3403', '136.7970', '141.6995']
2026-04-18 10:49:12,153 - INFO - ⏳ No improvement. Patience: 2/50
2026-04-18 11:15:13,479 - INFO - [Epoch 65] Train Loss: 0.0224 | LR: 0.000089
2026-04-18 11:15:13,480 - INFO -     >>> Val Avg RMSE (Real): 187.9300
2026-04-18 11:15:13,480 - INFO -     >>> Val MAE Details: ['122.2326', '122.8626', '114.9232', '128.6296', '145.3837', '140.1234', '146.3816']
2026-04-18 11:15:13,480 - INFO - ⏳ No improvement. Patience: 3/50
