2026-04-17 10:26:49,213 - INFO - 💾 Config files backed up to ./logs/QMugs_repr_atomistic_graph_orbital_ViSNet_Task3_20260417_102649
2026-04-17 10:26:49,213 - INFO - 🎯 Multi-Task Targets (3): ['homo_energy_meV', 'lumo_energy_meV', 'homo_lumo_gap_meV']
2026-04-17 10:26:49,213 - INFO - ========================================
2026-04-17 10:26:49,213 - INFO -         Training Configuration        
2026-04-17 10:26:49,213 - INFO - ========================================
2026-04-17 10:26:49,214 - INFO - 
{'data': {'dataset_mode': 'repr_atomistic_graph_orbital',
          'grid_size': 0.1,
          'max_radius': 10.0,
          'pkl_path': '../data/QMugs/qmugs_ed_1024_dft_meV_fps.pkl',
          'targets': ['homo_energy_meV',
                      'lumo_energy_meV',
                      'homo_lumo_gap_meV']},
 'model': {'activation': 'silu',
           'attn_activation': 'silu',
           'cutoff': 10.0,
           'hidden_channels': 256,
           'lmax': 2,
           'max_num_neighbors': 64,
           'name': 'ViSNet',
           'num_heads': 8,
           'num_layers': 6,
           'num_rbf': 64,
           'rbf_type': 'expnorm',
           'vertex_type': 'Edge'},
 'train': {'batch_size': 32,
           'epochs': 200,
           'grad_norm_clip': 1.0,
           'lr': 0.0001,
           'patience': 50,
           'seed': 2025,
           'weight_decay': 0.0001}}
2026-04-17 10:26:49,214 - INFO - ========================================

2026-04-17 10:26:49,214 - INFO - 🚀 Start Training on Device: cuda
2026-04-17 10:26:49,214 - INFO - Loading Data...
2026-04-17 10:26:49,214 - INFO - Loading Dataset Mode: repr_atomistic_graph_orbital...
2026-04-17 10:26:52,778 - INFO - Stats - Mean: [[-7851.8887    392.37622  8244.265  ]], Std: [[502.80716 721.1641  813.3487 ]]
2026-04-17 10:26:52,778 - INFO - Building Model: ViSNet...
2026-04-17 10:26:53,012 - INFO - Total Parameters: 7.6611 M

2026-04-17 10:39:37,452 - INFO - [Epoch 1] Train Loss: 0.6681 | LR: 0.000100
2026-04-17 10:39:37,453 - INFO -     >>> Val Avg RMSE (Real): 456.2101
2026-04-17 10:39:37,453 - INFO -     >>> Val MAE Details: ['302.0844', '325.8746', '407.7905']
2026-04-17 10:39:37,657 - INFO - 💾 Saved Best Model to ./logs/QMugs_repr_atomistic_graph_orbital_ViSNet_Task3_20260417_102649/best_model.pth
2026-04-17 10:52:21,833 - INFO - [Epoch 2] Train Loss: 0.4750 | LR: 0.000100
2026-04-17 10:52:21,833 - INFO -     >>> Val Avg RMSE (Real): 495.5468
2026-04-17 10:52:21,833 - INFO -     >>> Val MAE Details: ['285.9352', '421.1690', '420.9476']
2026-04-17 10:52:21,833 - INFO - ⏳ No improvement. Patience: 1/50
2026-04-17 11:05:04,309 - INFO - [Epoch 3] Train Loss: 0.4257 | LR: 0.000100
2026-04-17 11:05:04,309 - INFO -     >>> Val Avg RMSE (Real): 424.0427
2026-04-17 11:05:04,309 - INFO -     >>> Val MAE Details: ['255.4859', '305.2580', '392.0393']
2026-04-17 11:05:04,744 - INFO - 💾 Saved Best Model to ./logs/QMugs_repr_atomistic_graph_orbital_ViSNet_Task3_20260417_102649/best_model.pth
2026-04-17 11:17:42,917 - INFO - [Epoch 4] Train Loss: 0.3954 | LR: 0.000100
2026-04-17 11:17:42,918 - INFO -     >>> Val Avg RMSE (Real): 463.0430
2026-04-17 11:17:42,919 - INFO -     >>> Val MAE Details: ['263.6171', '328.8282', '444.2444']
2026-04-17 11:17:42,919 - INFO - ⏳ No improvement. Patience: 1/50
2026-04-17 11:30:14,021 - INFO - [Epoch 5] Train Loss: 0.3728 | LR: 0.000100
2026-04-17 11:30:14,022 - INFO -     >>> Val Avg RMSE (Real): 400.1347
2026-04-17 11:30:14,022 - INFO -     >>> Val MAE Details: ['246.5205', '287.2922', '371.6110']
2026-04-17 11:30:14,433 - INFO - 💾 Saved Best Model to ./logs/QMugs_repr_atomistic_graph_orbital_ViSNet_Task3_20260417_102649/best_model.pth
2026-04-17 11:42:45,787 - INFO - [Epoch 6] Train Loss: 0.3469 | LR: 0.000100
2026-04-17 11:42:45,787 - INFO -     >>> Val Avg RMSE (Real): 400.6503
2026-04-17 11:42:45,787 - INFO -     >>> Val MAE Details: ['244.2018', '281.9324', '371.1748']
2026-04-17 11:42:45,787 - INFO - ⏳ No improvement. Patience: 1/50
2026-04-17 11:55:16,846 - INFO - [Epoch 7] Train Loss: 0.3303 | LR: 0.000100
2026-04-17 11:55:16,847 - INFO -     >>> Val Avg RMSE (Real): 377.0020
2026-04-17 11:55:16,847 - INFO -     >>> Val MAE Details: ['228.5238', '273.3247', '350.4443']
2026-04-17 11:55:17,265 - INFO - 💾 Saved Best Model to ./logs/QMugs_repr_atomistic_graph_orbital_ViSNet_Task3_20260417_102649/best_model.pth
2026-04-17 12:07:48,006 - INFO - [Epoch 8] Train Loss: 0.3119 | LR: 0.000100
2026-04-17 12:07:48,006 - INFO -     >>> Val Avg RMSE (Real): 391.6264
2026-04-17 12:07:48,006 - INFO -     >>> Val MAE Details: ['225.9690', '296.8828', '365.2525']
2026-04-17 12:07:48,006 - INFO - ⏳ No improvement. Patience: 1/50
2026-04-17 12:20:17,577 - INFO - [Epoch 9] Train Loss: 0.2961 | LR: 0.000100
2026-04-17 12:20:17,578 - INFO -     >>> Val Avg RMSE (Real): 368.3006
2026-04-17 12:20:17,578 - INFO -     >>> Val MAE Details: ['232.4645', '265.9165', '333.4256']
2026-04-17 12:20:17,996 - INFO - 💾 Saved Best Model to ./logs/QMugs_repr_atomistic_graph_orbital_ViSNet_Task3_20260417_102649/best_model.pth
2026-04-17 12:32:46,539 - INFO - [Epoch 10] Train Loss: 0.2858 | LR: 0.000099
2026-04-17 12:32:46,539 - INFO -     >>> Val Avg RMSE (Real): 351.8942
2026-04-17 12:32:46,539 - INFO -     >>> Val MAE Details: ['211.7440', '256.0466', '321.3593']
2026-04-17 12:32:47,019 - INFO - 💾 Saved Best Model to ./logs/QMugs_repr_atomistic_graph_orbital_ViSNet_Task3_20260417_102649/best_model.pth
2026-04-17 12:45:14,984 - INFO - [Epoch 11] Train Loss: 0.2764 | LR: 0.000099
2026-04-17 12:45:14,985 - INFO -     >>> Val Avg RMSE (Real): 396.8345
2026-04-17 12:45:14,985 - INFO -     >>> Val MAE Details: ['239.3634', '278.0110', '402.8030']
2026-04-17 12:45:14,985 - INFO - ⏳ No improvement. Patience: 1/50
2026-04-17 12:57:42,935 - INFO - [Epoch 12] Train Loss: 0.2679 | LR: 0.000099
2026-04-17 12:57:42,936 - INFO -     >>> Val Avg RMSE (Real): 380.0653
2026-04-17 12:57:42,936 - INFO -     >>> Val MAE Details: ['216.3305', '279.2322', '378.9991']
2026-04-17 12:57:42,936 - INFO - ⏳ No improvement. Patience: 2/50
2026-04-17 13:10:12,430 - INFO - [Epoch 13] Train Loss: 0.2587 | LR: 0.000099
2026-04-17 13:10:12,431 - INFO -     >>> Val Avg RMSE (Real): 336.4812
2026-04-17 13:10:12,431 - INFO -     >>> Val MAE Details: ['208.0889', '237.4911', '309.5625']
2026-04-17 13:10:12,848 - INFO - 💾 Saved Best Model to ./logs/QMugs_repr_atomistic_graph_orbital_ViSNet_Task3_20260417_102649/best_model.pth
2026-04-17 13:22:41,339 - INFO - [Epoch 14] Train Loss: 0.2510 | LR: 0.000099
2026-04-17 13:22:41,339 - INFO -     >>> Val Avg RMSE (Real): 341.1762
2026-04-17 13:22:41,339 - INFO -     >>> Val MAE Details: ['211.6098', '239.3399', '314.8164']
2026-04-17 13:22:41,339 - INFO - ⏳ No improvement. Patience: 1/50
2026-04-17 13:35:09,203 - INFO - [Epoch 15] Train Loss: 0.2408 | LR: 0.000099
2026-04-17 13:35:09,204 - INFO -     >>> Val Avg RMSE (Real): 320.9785
2026-04-17 13:35:09,205 - INFO -     >>> Val MAE Details: ['198.8742', '226.8604', '293.7422']
2026-04-17 13:35:09,693 - INFO - 💾 Saved Best Model to ./logs/QMugs_repr_atomistic_graph_orbital_ViSNet_Task3_20260417_102649/best_model.pth
2026-04-17 13:47:38,727 - INFO - [Epoch 16] Train Loss: 0.2363 | LR: 0.000098
2026-04-17 13:47:38,727 - INFO -     >>> Val Avg RMSE (Real): 331.8538
2026-04-17 13:47:38,727 - INFO -     >>> Val MAE Details: ['203.0160', '239.1535', '302.8165']
2026-04-17 13:47:38,727 - INFO - ⏳ No improvement. Patience: 1/50
2026-04-17 14:00:06,399 - INFO - [Epoch 17] Train Loss: 0.2281 | LR: 0.000098
2026-04-17 14:00:06,399 - INFO -     >>> Val Avg RMSE (Real): 323.9762
2026-04-17 14:00:06,399 - INFO -     >>> Val MAE Details: ['203.8020', '220.6615', '294.3075']
2026-04-17 14:00:06,399 - INFO - ⏳ No improvement. Patience: 2/50
2026-04-17 14:12:34,369 - INFO - [Epoch 18] Train Loss: 0.2236 | LR: 0.000098
2026-04-17 14:12:34,369 - INFO -     >>> Val Avg RMSE (Real): 314.0600
2026-04-17 14:12:34,369 - INFO -     >>> Val MAE Details: ['197.1196', '217.1825', '290.1498']
2026-04-17 14:12:34,840 - INFO - 💾 Saved Best Model to ./logs/QMugs_repr_atomistic_graph_orbital_ViSNet_Task3_20260417_102649/best_model.pth
2026-04-17 14:25:02,306 - INFO - [Epoch 19] Train Loss: 0.2173 | LR: 0.000098
2026-04-17 14:25:02,307 - INFO -     >>> Val Avg RMSE (Real): 316.8913
2026-04-17 14:25:02,307 - INFO -     >>> Val MAE Details: ['211.3997', '218.2562', '283.0791']
2026-04-17 14:25:02,307 - INFO - ⏳ No improvement. Patience: 1/50
2026-04-17 14:37:32,063 - INFO - [Epoch 20] Train Loss: 0.2121 | LR: 0.000098
2026-04-17 14:37:32,063 - INFO -     >>> Val Avg RMSE (Real): 310.0954
2026-04-17 14:37:32,063 - INFO -     >>> Val MAE Details: ['198.8699', '211.4457', '279.5325']
2026-04-17 14:37:32,558 - INFO - 💾 Saved Best Model to ./logs/QMugs_repr_atomistic_graph_orbital_ViSNet_Task3_20260417_102649/best_model.pth
2026-04-17 14:50:02,568 - INFO - [Epoch 21] Train Loss: 0.2067 | LR: 0.000097
2026-04-17 14:50:02,568 - INFO -     >>> Val Avg RMSE (Real): 308.1802
2026-04-17 14:50:02,568 - INFO -     >>> Val MAE Details: ['194.3031', '217.4037', '277.1030']
2026-04-17 14:50:03,043 - INFO - 💾 Saved Best Model to ./logs/QMugs_repr_atomistic_graph_orbital_ViSNet_Task3_20260417_102649/best_model.pth
2026-04-17 15:02:31,795 - INFO - [Epoch 22] Train Loss: 0.1997 | LR: 0.000097
2026-04-17 15:02:31,795 - INFO -     >>> Val Avg RMSE (Real): 309.2740
2026-04-17 15:02:31,795 - INFO -     >>> Val MAE Details: ['194.9503', '217.5501', '288.5530']
2026-04-17 15:02:31,795 - INFO - ⏳ No improvement. Patience: 1/50
2026-04-17 15:15:00,928 - INFO - [Epoch 23] Train Loss: 0.1944 | LR: 0.000097
2026-04-17 15:15:00,928 - INFO -     >>> Val Avg RMSE (Real): 299.8454
2026-04-17 15:15:00,928 - INFO -     >>> Val MAE Details: ['186.9080', '203.4079', '273.1740']
2026-04-17 15:15:01,367 - INFO - 💾 Saved Best Model to ./logs/QMugs_repr_atomistic_graph_orbital_ViSNet_Task3_20260417_102649/best_model.pth
2026-04-17 15:27:31,462 - INFO - [Epoch 24] Train Loss: 0.1900 | LR: 0.000096
2026-04-17 15:27:31,462 - INFO -     >>> Val Avg RMSE (Real): 309.9113
2026-04-17 15:27:31,462 - INFO -     >>> Val MAE Details: ['189.7610', '232.4600', '281.6800']
2026-04-17 15:27:31,462 - INFO - ⏳ No improvement. Patience: 1/50
2026-04-17 15:40:02,307 - INFO - [Epoch 25] Train Loss: 0.1823 | LR: 0.000096
2026-04-17 15:40:02,307 - INFO -     >>> Val Avg RMSE (Real): 289.5143
2026-04-17 15:40:02,307 - INFO -     >>> Val MAE Details: ['184.8732', '193.7450', '265.1424']
2026-04-17 15:40:02,795 - INFO - 💾 Saved Best Model to ./logs/QMugs_repr_atomistic_graph_orbital_ViSNet_Task3_20260417_102649/best_model.pth
2026-04-17 15:52:34,799 - INFO - [Epoch 26] Train Loss: 0.1815 | LR: 0.000096
2026-04-17 15:52:34,799 - INFO -     >>> Val Avg RMSE (Real): 294.0848
2026-04-17 15:52:34,799 - INFO -     >>> Val MAE Details: ['186.9042', '201.7741', '269.6509']
2026-04-17 15:52:34,799 - INFO - ⏳ No improvement. Patience: 1/50
2026-04-17 16:05:05,761 - INFO - [Epoch 27] Train Loss: 0.1782 | LR: 0.000096
2026-04-17 16:05:05,761 - INFO -     >>> Val Avg RMSE (Real): 307.0592
2026-04-17 16:05:05,761 - INFO -     >>> Val MAE Details: ['201.7321', '198.7294', '303.8000']
2026-04-17 16:05:05,761 - INFO - ⏳ No improvement. Patience: 2/50
2026-04-17 16:17:36,977 - INFO - [Epoch 28] Train Loss: 0.1720 | LR: 0.000095
2026-04-17 16:17:36,977 - INFO -     >>> Val Avg RMSE (Real): 287.8257
2026-04-17 16:17:36,978 - INFO -     >>> Val MAE Details: ['191.7197', '190.4845', '261.1591']
2026-04-17 16:17:37,428 - INFO - 💾 Saved Best Model to ./logs/QMugs_repr_atomistic_graph_orbital_ViSNet_Task3_20260417_102649/best_model.pth
2026-04-17 16:30:08,752 - INFO - [Epoch 29] Train Loss: 0.1685 | LR: 0.000095
2026-04-17 16:30:08,753 - INFO -     >>> Val Avg RMSE (Real): 309.2595
2026-04-17 16:30:08,753 - INFO -     >>> Val MAE Details: ['176.6534', '234.0357', '298.5797']
2026-04-17 16:30:08,753 - INFO - ⏳ No improvement. Patience: 1/50
2026-04-17 16:42:39,828 - INFO - [Epoch 30] Train Loss: 0.1673 | LR: 0.000095
2026-04-17 16:42:39,829 - INFO -     >>> Val Avg RMSE (Real): 287.2973
2026-04-17 16:42:39,829 - INFO -     >>> Val MAE Details: ['175.5331', '199.9917', '268.8500']
2026-04-17 16:42:40,295 - INFO - 💾 Saved Best Model to ./logs/QMugs_repr_atomistic_graph_orbital_ViSNet_Task3_20260417_102649/best_model.pth
2026-04-17 16:55:11,541 - INFO - [Epoch 31] Train Loss: 0.1619 | LR: 0.000094
2026-04-17 16:55:11,541 - INFO -     >>> Val Avg RMSE (Real): 278.9140
2026-04-17 16:55:11,541 - INFO -     >>> Val MAE Details: ['175.4407', '189.7031', '251.3740']
2026-04-17 16:55:12,044 - INFO - 💾 Saved Best Model to ./logs/QMugs_repr_atomistic_graph_orbital_ViSNet_Task3_20260417_102649/best_model.pth
2026-04-17 17:07:43,779 - INFO - [Epoch 32] Train Loss: 0.1571 | LR: 0.000094
2026-04-17 17:07:43,779 - INFO -     >>> Val Avg RMSE (Real): 281.2803
2026-04-17 17:07:43,780 - INFO -     >>> Val MAE Details: ['175.5197', '196.0492', '256.8633']
2026-04-17 17:07:43,780 - INFO - ⏳ No improvement. Patience: 1/50
2026-04-17 17:20:15,040 - INFO - [Epoch 33] Train Loss: 0.1560 | LR: 0.000093
2026-04-17 17:20:15,041 - INFO -     >>> Val Avg RMSE (Real): 278.3422
2026-04-17 17:20:15,041 - INFO -     >>> Val MAE Details: ['175.0870', '189.4498', '255.3524']
2026-04-17 17:20:15,539 - INFO - 💾 Saved Best Model to ./logs/QMugs_repr_atomistic_graph_orbital_ViSNet_Task3_20260417_102649/best_model.pth
2026-04-17 17:32:45,565 - INFO - [Epoch 34] Train Loss: 0.1514 | LR: 0.000093
2026-04-17 17:32:45,566 - INFO -     >>> Val Avg RMSE (Real): 272.8611
2026-04-17 17:32:45,566 - INFO -     >>> Val MAE Details: ['177.2525', '183.1862', '252.0585']
2026-04-17 17:32:46,009 - INFO - 💾 Saved Best Model to ./logs/QMugs_repr_atomistic_graph_orbital_ViSNet_Task3_20260417_102649/best_model.pth
2026-04-17 17:45:16,311 - INFO - [Epoch 35] Train Loss: 0.1497 | LR: 0.000093
2026-04-17 17:45:16,311 - INFO -     >>> Val Avg RMSE (Real): 280.7555
2026-04-17 17:45:16,311 - INFO -     >>> Val MAE Details: ['169.6177', '201.2116', '262.7314']
2026-04-17 17:45:16,311 - INFO - ⏳ No improvement. Patience: 1/50
2026-04-17 17:57:44,976 - INFO - [Epoch 36] Train Loss: 0.1459 | LR: 0.000092
2026-04-17 17:57:44,976 - INFO -     >>> Val Avg RMSE (Real): 285.0761
2026-04-17 17:57:44,977 - INFO -     >>> Val MAE Details: ['175.2989', '187.1789', '283.9937']
2026-04-17 17:57:44,977 - INFO - ⏳ No improvement. Patience: 2/50
2026-04-17 18:10:16,751 - INFO - [Epoch 37] Train Loss: 0.1444 | LR: 0.000092
2026-04-17 18:10:16,752 - INFO -     >>> Val Avg RMSE (Real): 261.7115
2026-04-17 18:10:16,752 - INFO -     >>> Val MAE Details: ['166.6407', '173.8053', '232.8293']
2026-04-17 18:10:17,175 - INFO - 💾 Saved Best Model to ./logs/QMugs_repr_atomistic_graph_orbital_ViSNet_Task3_20260417_102649/best_model.pth
2026-04-17 18:22:47,290 - INFO - [Epoch 38] Train Loss: 0.1423 | LR: 0.000091
2026-04-17 18:22:47,290 - INFO -     >>> Val Avg RMSE (Real): 273.5743
2026-04-17 18:22:47,290 - INFO -     >>> Val MAE Details: ['183.6937', '184.0014', '240.5241']
2026-04-17 18:22:47,290 - INFO - ⏳ No improvement. Patience: 1/50
2026-04-17 18:35:16,242 - INFO - [Epoch 39] Train Loss: 0.1394 | LR: 0.000091
2026-04-17 18:35:16,242 - INFO -     >>> Val Avg RMSE (Real): 277.3609
2026-04-17 18:35:16,243 - INFO -     >>> Val MAE Details: ['194.8577', '194.8825', '236.9866']
2026-04-17 18:35:16,243 - INFO - ⏳ No improvement. Patience: 2/50
2026-04-17 18:47:45,135 - INFO - [Epoch 40] Train Loss: 0.1370 | LR: 0.000090
2026-04-17 18:47:45,135 - INFO -     >>> Val Avg RMSE (Real): 261.9907
2026-04-17 18:47:45,135 - INFO -     >>> Val MAE Details: ['162.4278', '177.8129', '236.0677']
2026-04-17 18:47:45,135 - INFO - ⏳ No improvement. Patience: 3/50
2026-04-17 19:00:12,954 - INFO - [Epoch 41] Train Loss: 0.1331 | LR: 0.000090
2026-04-17 19:00:12,954 - INFO -     >>> Val Avg RMSE (Real): 258.9034
2026-04-17 19:00:12,954 - INFO -     >>> Val MAE Details: ['172.7911', '170.1690', '233.1050']
2026-04-17 19:00:13,447 - INFO - 💾 Saved Best Model to ./logs/QMugs_repr_atomistic_graph_orbital_ViSNet_Task3_20260417_102649/best_model.pth
2026-04-17 19:12:42,289 - INFO - [Epoch 42] Train Loss: 0.1307 | LR: 0.000090
2026-04-17 19:12:42,289 - INFO -     >>> Val Avg RMSE (Real): 264.7545
2026-04-17 19:12:42,289 - INFO -     >>> Val MAE Details: ['163.6514', '181.5357', '238.9516']
2026-04-17 19:12:42,289 - INFO - ⏳ No improvement. Patience: 1/50
2026-04-17 19:25:11,243 - INFO - [Epoch 43] Train Loss: 0.1283 | LR: 0.000089
2026-04-17 19:25:11,243 - INFO -     >>> Val Avg RMSE (Real): 267.5200
2026-04-17 19:25:11,243 - INFO -     >>> Val MAE Details: ['186.6853', '166.8801', '235.3781']
2026-04-17 19:25:11,243 - INFO - ⏳ No improvement. Patience: 2/50
2026-04-17 19:37:39,089 - INFO - [Epoch 44] Train Loss: 0.1266 | LR: 0.000089
2026-04-17 19:37:39,090 - INFO -     >>> Val Avg RMSE (Real): 252.2089
2026-04-17 19:37:39,091 - INFO -     >>> Val MAE Details: ['158.3243', '171.2707', '225.4717']
2026-04-17 19:37:39,596 - INFO - 💾 Saved Best Model to ./logs/QMugs_repr_atomistic_graph_orbital_ViSNet_Task3_20260417_102649/best_model.pth
2026-04-17 19:50:07,767 - INFO - [Epoch 45] Train Loss: 0.1244 | LR: 0.000088
2026-04-17 19:50:07,767 - INFO -     >>> Val Avg RMSE (Real): 249.3137
2026-04-17 19:50:07,767 - INFO -     >>> Val MAE Details: ['156.4962', '167.9684', '224.8723']
2026-04-17 19:50:08,213 - INFO - 💾 Saved Best Model to ./logs/QMugs_repr_atomistic_graph_orbital_ViSNet_Task3_20260417_102649/best_model.pth
2026-04-17 20:02:36,744 - INFO - [Epoch 46] Train Loss: 0.1213 | LR: 0.000088
2026-04-17 20:02:36,745 - INFO -     >>> Val Avg RMSE (Real): 248.4515
2026-04-17 20:02:36,746 - INFO -     >>> Val MAE Details: ['157.3223', '165.7446', '221.7902']
2026-04-17 20:02:37,217 - INFO - 💾 Saved Best Model to ./logs/QMugs_repr_atomistic_graph_orbital_ViSNet_Task3_20260417_102649/best_model.pth
2026-04-17 20:15:05,337 - INFO - [Epoch 47] Train Loss: 0.1195 | LR: 0.000087
2026-04-17 20:15:05,337 - INFO -     >>> Val Avg RMSE (Real): 257.5324
2026-04-17 20:15:05,338 - INFO -     >>> Val MAE Details: ['159.4442', '180.5534', '228.2916']
2026-04-17 20:15:05,338 - INFO - ⏳ No improvement. Patience: 1/50
2026-04-17 20:27:31,476 - INFO - [Epoch 48] Train Loss: 0.1167 | LR: 0.000086
2026-04-17 20:27:31,476 - INFO -     >>> Val Avg RMSE (Real): 262.6551
2026-04-17 20:27:31,476 - INFO -     >>> Val MAE Details: ['161.6395', '185.8197', '237.8727']
2026-04-17 20:27:31,476 - INFO - ⏳ No improvement. Patience: 2/50
2026-04-17 20:39:57,701 - INFO - [Epoch 49] Train Loss: 0.1150 | LR: 0.000086
2026-04-17 20:39:57,701 - INFO -     >>> Val Avg RMSE (Real): 248.6620
2026-04-17 20:39:57,701 - INFO -     >>> Val MAE Details: ['160.2209', '159.9342', '223.3015']
2026-04-17 20:39:57,701 - INFO - ⏳ No improvement. Patience: 3/50
2026-04-17 20:52:23,468 - INFO - [Epoch 50] Train Loss: 0.1130 | LR: 0.000085
2026-04-17 20:52:23,470 - INFO -     >>> Val Avg RMSE (Real): 252.2387
2026-04-17 20:52:23,470 - INFO -     >>> Val MAE Details: ['168.5051', '171.7461', '219.5014']
2026-04-17 20:52:23,471 - INFO - ⏳ No improvement. Patience: 4/50
2026-04-17 21:04:49,345 - INFO - [Epoch 51] Train Loss: 0.1117 | LR: 0.000085
2026-04-17 21:04:49,346 - INFO -     >>> Val Avg RMSE (Real): 243.0545
2026-04-17 21:04:49,346 - INFO -     >>> Val MAE Details: ['151.9951', '162.7094', '217.1449']
2026-04-17 21:04:49,787 - INFO - 💾 Saved Best Model to ./logs/QMugs_repr_atomistic_graph_orbital_ViSNet_Task3_20260417_102649/best_model.pth
2026-04-17 21:17:16,320 - INFO - [Epoch 52] Train Loss: 0.1097 | LR: 0.000084
2026-04-17 21:17:16,321 - INFO -     >>> Val Avg RMSE (Real): 248.0086
2026-04-17 21:17:16,321 - INFO -     >>> Val MAE Details: ['157.6555', '160.1266', '219.9447']
2026-04-17 21:17:16,321 - INFO - ⏳ No improvement. Patience: 1/50
2026-04-17 21:29:41,999 - INFO - [Epoch 53] Train Loss: 0.1075 | LR: 0.000084
2026-04-17 21:29:41,999 - INFO -     >>> Val Avg RMSE (Real): 247.2533
2026-04-17 21:29:41,999 - INFO -     >>> Val MAE Details: ['158.9476', '162.9913', '224.3439']
2026-04-17 21:29:41,999 - INFO - ⏳ No improvement. Patience: 2/50
2026-04-17 21:42:06,457 - INFO - [Epoch 54] Train Loss: 0.1067 | LR: 0.000083
2026-04-17 21:42:06,458 - INFO -     >>> Val Avg RMSE (Real): 248.0658
2026-04-17 21:42:06,458 - INFO -     >>> Val MAE Details: ['151.4036', '170.0130', '226.3228']
2026-04-17 21:42:06,458 - INFO - ⏳ No improvement. Patience: 3/50
2026-04-17 21:54:30,102 - INFO - [Epoch 55] Train Loss: 0.1037 | LR: 0.000082
2026-04-17 21:54:30,102 - INFO -     >>> Val Avg RMSE (Real): 240.8040
2026-04-17 21:54:30,102 - INFO -     >>> Val MAE Details: ['152.8897', '162.8037', '212.0670']
2026-04-17 21:54:30,524 - INFO - 💾 Saved Best Model to ./logs/QMugs_repr_atomistic_graph_orbital_ViSNet_Task3_20260417_102649/best_model.pth
2026-04-17 22:06:58,537 - INFO - [Epoch 56] Train Loss: 0.1033 | LR: 0.000082
2026-04-17 22:06:58,538 - INFO -     >>> Val Avg RMSE (Real): 244.2761
2026-04-17 22:06:58,538 - INFO -     >>> Val MAE Details: ['153.7959', '159.5618', '220.1113']
2026-04-17 22:06:58,538 - INFO - ⏳ No improvement. Patience: 1/50
2026-04-17 22:19:25,753 - INFO - [Epoch 57] Train Loss: 0.1009 | LR: 0.000081
2026-04-17 22:19:25,754 - INFO -     >>> Val Avg RMSE (Real): 251.9782
2026-04-17 22:19:25,754 - INFO -     >>> Val MAE Details: ['150.6698', '168.1596', '228.6127']
2026-04-17 22:19:25,754 - INFO - ⏳ No improvement. Patience: 2/50
2026-04-17 22:31:54,479 - INFO - [Epoch 58] Train Loss: 0.1005 | LR: 0.000081
2026-04-17 22:31:54,479 - INFO -     >>> Val Avg RMSE (Real): 240.3009
2026-04-17 22:31:54,479 - INFO -     >>> Val MAE Details: ['155.6087', '158.3951', '213.5493']
2026-04-17 22:31:54,974 - INFO - 💾 Saved Best Model to ./logs/QMugs_repr_atomistic_graph_orbital_ViSNet_Task3_20260417_102649/best_model.pth
2026-04-17 22:44:22,561 - INFO - [Epoch 59] Train Loss: 0.0982 | LR: 0.000080
2026-04-17 22:44:22,562 - INFO -     >>> Val Avg RMSE (Real): 244.1358
2026-04-17 22:44:22,562 - INFO -     >>> Val MAE Details: ['150.3545', '168.9797', '222.5570']
2026-04-17 22:44:22,562 - INFO - ⏳ No improvement. Patience: 1/50
2026-04-17 22:56:51,344 - INFO - [Epoch 60] Train Loss: 0.0989 | LR: 0.000079
2026-04-17 22:56:51,345 - INFO -     >>> Val Avg RMSE (Real): 243.7963
2026-04-17 22:56:51,345 - INFO -     >>> Val MAE Details: ['146.6540', '168.1283', '220.1283']
2026-04-17 22:56:51,345 - INFO - ⏳ No improvement. Patience: 2/50
2026-04-17 23:09:19,853 - INFO - [Epoch 61] Train Loss: 0.0972 | LR: 0.000079
2026-04-17 23:09:19,853 - INFO -     >>> Val Avg RMSE (Real): 247.9687
2026-04-17 23:09:19,853 - INFO -     >>> Val MAE Details: ['146.3617', '178.7931', '224.7345']
2026-04-17 23:09:19,853 - INFO - ⏳ No improvement. Patience: 3/50
2026-04-17 23:21:49,826 - INFO - [Epoch 62] Train Loss: 0.0946 | LR: 0.000078
2026-04-17 23:21:49,826 - INFO -     >>> Val Avg RMSE (Real): 242.2824
2026-04-17 23:21:49,826 - INFO -     >>> Val MAE Details: ['145.9479', '161.0098', '214.4760']
2026-04-17 23:21:49,826 - INFO - ⏳ No improvement. Patience: 4/50
2026-04-17 23:34:21,639 - INFO - [Epoch 63] Train Loss: 0.0919 | LR: 0.000077
2026-04-17 23:34:21,639 - INFO -     >>> Val Avg RMSE (Real): 253.0813
2026-04-17 23:34:21,639 - INFO -     >>> Val MAE Details: ['149.9237', '178.7983', '219.7779']
2026-04-17 23:34:21,639 - INFO - ⏳ No improvement. Patience: 5/50
2026-04-17 23:46:53,516 - INFO - [Epoch 64] Train Loss: 0.0911 | LR: 0.000077
2026-04-17 23:46:53,516 - INFO -     >>> Val Avg RMSE (Real): 247.2854
2026-04-17 23:46:53,516 - INFO -     >>> Val MAE Details: ['158.6892', '156.1977', '222.7160']
2026-04-17 23:46:53,516 - INFO - ⏳ No improvement. Patience: 6/50
2026-04-17 23:59:26,144 - INFO - [Epoch 65] Train Loss: 0.0900 | LR: 0.000076
2026-04-17 23:59:26,144 - INFO -     >>> Val Avg RMSE (Real): 242.5171
2026-04-17 23:59:26,144 - INFO -     >>> Val MAE Details: ['168.7904', '160.9817', '209.6257']
2026-04-17 23:59:26,144 - INFO - ⏳ No improvement. Patience: 7/50
2026-04-18 00:11:59,082 - INFO - [Epoch 66] Train Loss: 0.0888 | LR: 0.000075
2026-04-18 00:11:59,082 - INFO -     >>> Val Avg RMSE (Real): 234.4574
2026-04-18 00:11:59,082 - INFO -     >>> Val MAE Details: ['145.5930', '156.3695', '208.6234']
2026-04-18 00:11:59,608 - INFO - 💾 Saved Best Model to ./logs/QMugs_repr_atomistic_graph_orbital_ViSNet_Task3_20260417_102649/best_model.pth
2026-04-18 00:24:32,220 - INFO - [Epoch 67] Train Loss: 0.0882 | LR: 0.000075
2026-04-18 00:24:32,221 - INFO -     >>> Val Avg RMSE (Real): 236.4123
2026-04-18 00:24:32,221 - INFO -     >>> Val MAE Details: ['145.1205', '159.6487', '209.3125']
2026-04-18 00:24:32,221 - INFO - ⏳ No improvement. Patience: 1/50
2026-04-18 00:37:02,777 - INFO - [Epoch 68] Train Loss: 0.0865 | LR: 0.000074
2026-04-18 00:37:02,777 - INFO -     >>> Val Avg RMSE (Real): 228.5709
2026-04-18 00:37:02,777 - INFO -     >>> Val MAE Details: ['145.6857', '150.2269', '201.1632']
2026-04-18 00:37:03,286 - INFO - 💾 Saved Best Model to ./logs/QMugs_repr_atomistic_graph_orbital_ViSNet_Task3_20260417_102649/best_model.pth
2026-04-18 00:49:32,148 - INFO - [Epoch 69] Train Loss: 0.0850 | LR: 0.000073
2026-04-18 00:49:32,148 - INFO -     >>> Val Avg RMSE (Real): 241.7807
2026-04-18 00:49:32,148 - INFO -     >>> Val MAE Details: ['162.1464', '148.9062', '218.6276']
2026-04-18 00:49:32,148 - INFO - ⏳ No improvement. Patience: 1/50
2026-04-18 01:02:00,104 - INFO - [Epoch 70] Train Loss: 0.0837 | LR: 0.000073
2026-04-18 01:02:00,104 - INFO -     >>> Val Avg RMSE (Real): 234.6145
2026-04-18 01:02:00,104 - INFO -     >>> Val MAE Details: ['148.6105', '152.7193', '209.2589']
2026-04-18 01:02:00,104 - INFO - ⏳ No improvement. Patience: 2/50
2026-04-18 01:14:28,631 - INFO - [Epoch 71] Train Loss: 0.0822 | LR: 0.000072
2026-04-18 01:14:28,632 - INFO -     >>> Val Avg RMSE (Real): 225.5321
2026-04-18 01:14:28,632 - INFO -     >>> Val MAE Details: ['142.3400', '149.3207', '198.3314']
2026-04-18 01:14:29,161 - INFO - 💾 Saved Best Model to ./logs/QMugs_repr_atomistic_graph_orbital_ViSNet_Task3_20260417_102649/best_model.pth
2026-04-18 01:26:57,086 - INFO - [Epoch 72] Train Loss: 0.0814 | LR: 0.000071
2026-04-18 01:26:57,086 - INFO -     >>> Val Avg RMSE (Real): 229.4997
2026-04-18 01:26:57,086 - INFO -     >>> Val MAE Details: ['140.7525', '154.5773', '202.7411']
2026-04-18 01:26:57,086 - INFO - ⏳ No improvement. Patience: 1/50
2026-04-18 01:39:25,762 - INFO - [Epoch 73] Train Loss: 0.0796 | LR: 0.000071
2026-04-18 01:39:25,762 - INFO -     >>> Val Avg RMSE (Real): 230.2525
2026-04-18 01:39:25,762 - INFO -     >>> Val MAE Details: ['143.8717', '154.3497', '202.0764']
2026-04-18 01:39:25,762 - INFO - ⏳ No improvement. Patience: 2/50
2026-04-18 01:51:54,701 - INFO - [Epoch 74] Train Loss: 0.0791 | LR: 0.000070
2026-04-18 01:51:54,701 - INFO -     >>> Val Avg RMSE (Real): 227.9184
2026-04-18 01:51:54,702 - INFO -     >>> Val MAE Details: ['146.1186', '146.5897', '204.7656']
2026-04-18 01:51:54,702 - INFO - ⏳ No improvement. Patience: 3/50
2026-04-18 02:04:23,669 - INFO - [Epoch 75] Train Loss: 0.0774 | LR: 0.000069
2026-04-18 02:04:23,670 - INFO -     >>> Val Avg RMSE (Real): 221.9586
2026-04-18 02:04:23,672 - INFO -     >>> Val MAE Details: ['141.9374', '147.0079', '194.7040']
2026-04-18 02:04:24,100 - INFO - 💾 Saved Best Model to ./logs/QMugs_repr_atomistic_graph_orbital_ViSNet_Task3_20260417_102649/best_model.pth
2026-04-18 02:16:53,104 - INFO - [Epoch 76] Train Loss: 0.0776 | LR: 0.000068
2026-04-18 02:16:53,104 - INFO -     >>> Val Avg RMSE (Real): 224.6117
2026-04-18 02:16:53,104 - INFO -     >>> Val MAE Details: ['141.0489', '151.2454', '199.1449']
2026-04-18 02:16:53,105 - INFO - ⏳ No improvement. Patience: 1/50
2026-04-18 02:29:21,543 - INFO - [Epoch 77] Train Loss: 0.0759 | LR: 0.000068
2026-04-18 02:29:21,543 - INFO -     >>> Val Avg RMSE (Real): 222.7449
2026-04-18 02:29:21,543 - INFO -     >>> Val MAE Details: ['140.7057', '145.2588', '196.9211']
2026-04-18 02:29:21,544 - INFO - ⏳ No improvement. Patience: 2/50
2026-04-18 02:41:51,250 - INFO - [Epoch 78] Train Loss: 0.0748 | LR: 0.000067
2026-04-18 02:41:51,251 - INFO -     >>> Val Avg RMSE (Real): 224.0561
2026-04-18 02:41:51,251 - INFO -     >>> Val MAE Details: ['140.7701', '145.6006', '195.8959']
2026-04-18 02:41:51,251 - INFO - ⏳ No improvement. Patience: 3/50
2026-04-18 02:54:21,353 - INFO - [Epoch 79] Train Loss: 0.0737 | LR: 0.000066
2026-04-18 02:54:21,353 - INFO -     >>> Val Avg RMSE (Real): 225.4216
2026-04-18 02:54:21,354 - INFO -     >>> Val MAE Details: ['143.3177', '151.5817', '196.0914']
2026-04-18 02:54:21,354 - INFO - ⏳ No improvement. Patience: 4/50
2026-04-18 03:06:50,379 - INFO - [Epoch 80] Train Loss: 0.0724 | LR: 0.000065
2026-04-18 03:06:50,379 - INFO -     >>> Val Avg RMSE (Real): 225.7319
2026-04-18 03:06:50,379 - INFO -     >>> Val MAE Details: ['143.6253', '151.1918', '195.0875']
2026-04-18 03:06:50,379 - INFO - ⏳ No improvement. Patience: 5/50
2026-04-18 03:19:19,604 - INFO - [Epoch 81] Train Loss: 0.0706 | LR: 0.000065
2026-04-18 03:19:19,604 - INFO -     >>> Val Avg RMSE (Real): 256.8654
2026-04-18 03:19:19,604 - INFO -     >>> Val MAE Details: ['152.3061', '170.4461', '248.5488']
2026-04-18 03:19:19,604 - INFO - ⏳ No improvement. Patience: 6/50
2026-04-18 03:31:48,886 - INFO - [Epoch 82] Train Loss: 0.0709 | LR: 0.000064
2026-04-18 03:31:48,887 - INFO -     >>> Val Avg RMSE (Real): 223.8301
2026-04-18 03:31:48,887 - INFO -     >>> Val MAE Details: ['141.4811', '148.3942', '195.8804']
2026-04-18 03:31:48,887 - INFO - ⏳ No improvement. Patience: 7/50
2026-04-18 03:44:20,864 - INFO - [Epoch 83] Train Loss: 0.0691 | LR: 0.000063
2026-04-18 03:44:20,865 - INFO -     >>> Val Avg RMSE (Real): 223.5066
2026-04-18 03:44:20,865 - INFO -     >>> Val MAE Details: ['138.2144', '149.4268', '200.0119']
2026-04-18 03:44:20,865 - INFO - ⏳ No improvement. Patience: 8/50
2026-04-18 03:56:51,958 - INFO - [Epoch 84] Train Loss: 0.0688 | LR: 0.000062
2026-04-18 03:56:51,959 - INFO -     >>> Val Avg RMSE (Real): 227.4581
2026-04-18 03:56:51,959 - INFO -     >>> Val MAE Details: ['139.8663', '150.6617', '202.3428']
2026-04-18 03:56:51,959 - INFO - ⏳ No improvement. Patience: 9/50
2026-04-18 04:09:23,729 - INFO - [Epoch 85] Train Loss: 0.0678 | LR: 0.000062
2026-04-18 04:09:23,730 - INFO -     >>> Val Avg RMSE (Real): 225.4918
2026-04-18 04:09:23,730 - INFO -     >>> Val MAE Details: ['138.9869', '146.2464', '198.2960']
2026-04-18 04:09:23,730 - INFO - ⏳ No improvement. Patience: 10/50
2026-04-18 04:21:54,997 - INFO - [Epoch 86] Train Loss: 0.0654 | LR: 0.000061
2026-04-18 04:21:54,997 - INFO -     >>> Val Avg RMSE (Real): 221.0482
2026-04-18 04:21:54,998 - INFO -     >>> Val MAE Details: ['140.2846', '145.0326', '196.3365']
2026-04-18 04:21:55,465 - INFO - 💾 Saved Best Model to ./logs/QMugs_repr_atomistic_graph_orbital_ViSNet_Task3_20260417_102649/best_model.pth
2026-04-18 04:34:26,327 - INFO - [Epoch 87] Train Loss: 0.0652 | LR: 0.000060
2026-04-18 04:34:26,328 - INFO -     >>> Val Avg RMSE (Real): 228.2714
2026-04-18 04:34:26,329 - INFO -     >>> Val MAE Details: ['155.8510', '151.8031', '194.6436']
2026-04-18 04:34:26,329 - INFO - ⏳ No improvement. Patience: 1/50
2026-04-18 04:46:58,502 - INFO - [Epoch 88] Train Loss: 0.0656 | LR: 0.000059
2026-04-18 04:46:58,502 - INFO -     >>> Val Avg RMSE (Real): 223.7692
2026-04-18 04:46:58,502 - INFO -     >>> Val MAE Details: ['141.1721', '154.6903', '195.1280']
2026-04-18 04:46:58,502 - INFO - ⏳ No improvement. Patience: 2/50
2026-04-18 04:59:30,489 - INFO - [Epoch 89] Train Loss: 0.0638 | LR: 0.000059
2026-04-18 04:59:30,490 - INFO -     >>> Val Avg RMSE (Real): 217.1993
2026-04-18 04:59:30,490 - INFO -     >>> Val MAE Details: ['137.1475', '142.1622', '192.3875']
2026-04-18 04:59:30,915 - INFO - 💾 Saved Best Model to ./logs/QMugs_repr_atomistic_graph_orbital_ViSNet_Task3_20260417_102649/best_model.pth
2026-04-18 05:12:03,369 - INFO - [Epoch 90] Train Loss: 0.0626 | LR: 0.000058
2026-04-18 05:12:03,370 - INFO -     >>> Val Avg RMSE (Real): 231.0456
2026-04-18 05:12:03,370 - INFO -     >>> Val MAE Details: ['137.0699', '157.6713', '206.0709']
2026-04-18 05:12:03,370 - INFO - ⏳ No improvement. Patience: 1/50
2026-04-18 05:24:35,672 - INFO - [Epoch 91] Train Loss: 0.0619 | LR: 0.000057
2026-04-18 05:24:35,673 - INFO -     >>> Val Avg RMSE (Real): 221.2485
2026-04-18 05:24:35,673 - INFO -     >>> Val MAE Details: ['144.3289', '140.8519', '196.0358']
2026-04-18 05:24:35,673 - INFO - ⏳ No improvement. Patience: 2/50
2026-04-18 05:37:06,978 - INFO - [Epoch 92] Train Loss: 0.0608 | LR: 0.000056
2026-04-18 05:37:06,978 - INFO -     >>> Val Avg RMSE (Real): 227.1887
2026-04-18 05:37:06,978 - INFO -     >>> Val MAE Details: ['137.5892', '150.5537', '206.8237']
2026-04-18 05:37:06,978 - INFO - ⏳ No improvement. Patience: 3/50
2026-04-18 05:49:37,805 - INFO - [Epoch 93] Train Loss: 0.0597 | LR: 0.000055
2026-04-18 05:49:37,805 - INFO -     >>> Val Avg RMSE (Real): 217.7970
2026-04-18 05:49:37,805 - INFO -     >>> Val MAE Details: ['137.0517', '142.4780', '190.8870']
2026-04-18 05:49:37,805 - INFO - ⏳ No improvement. Patience: 4/50
2026-04-18 06:02:08,630 - INFO - [Epoch 94] Train Loss: 0.0590 | LR: 0.000055
2026-04-18 06:02:08,631 - INFO -     >>> Val Avg RMSE (Real): 236.2754
2026-04-18 06:02:08,631 - INFO -     >>> Val MAE Details: ['147.7720', '148.1572', '212.7747']
2026-04-18 06:02:08,631 - INFO - ⏳ No improvement. Patience: 5/50
2026-04-18 06:14:39,519 - INFO - [Epoch 95] Train Loss: 0.0588 | LR: 0.000054
2026-04-18 06:14:39,520 - INFO -     >>> Val Avg RMSE (Real): 225.2231
2026-04-18 06:14:39,520 - INFO -     >>> Val MAE Details: ['146.1873', '143.2115', '197.2483']
2026-04-18 06:14:39,520 - INFO - ⏳ No improvement. Patience: 6/50
2026-04-18 06:27:10,072 - INFO - [Epoch 96] Train Loss: 0.0571 | LR: 0.000053
2026-04-18 06:27:10,073 - INFO -     >>> Val Avg RMSE (Real): 222.5280
2026-04-18 06:27:10,073 - INFO -     >>> Val MAE Details: ['143.6877', '143.5987', '193.9244']
2026-04-18 06:27:10,074 - INFO - ⏳ No improvement. Patience: 7/50
2026-04-18 06:39:41,061 - INFO - [Epoch 97] Train Loss: 0.0579 | LR: 0.000052
2026-04-18 06:39:41,061 - INFO -     >>> Val Avg RMSE (Real): 228.7090
2026-04-18 06:39:41,061 - INFO -     >>> Val MAE Details: ['144.5675', '146.0370', '200.5935']
2026-04-18 06:39:41,061 - INFO - ⏳ No improvement. Patience: 8/50
2026-04-18 06:52:11,945 - INFO - [Epoch 98] Train Loss: 0.0556 | LR: 0.000052
2026-04-18 06:52:11,945 - INFO -     >>> Val Avg RMSE (Real): 221.4903
2026-04-18 06:52:11,945 - INFO -     >>> Val MAE Details: ['138.5989', '143.6663', '195.8149']
2026-04-18 06:52:11,946 - INFO - ⏳ No improvement. Patience: 9/50
2026-04-18 07:04:42,429 - INFO - [Epoch 99] Train Loss: 0.0551 | LR: 0.000051
2026-04-18 07:04:42,430 - INFO -     >>> Val Avg RMSE (Real): 216.9398
2026-04-18 07:04:42,430 - INFO -     >>> Val MAE Details: ['134.0231', '141.4281', '190.4015']
2026-04-18 07:04:42,839 - INFO - 💾 Saved Best Model to ./logs/QMugs_repr_atomistic_graph_orbital_ViSNet_Task3_20260417_102649/best_model.pth
2026-04-18 07:17:13,095 - INFO - [Epoch 100] Train Loss: 0.0537 | LR: 0.000050
2026-04-18 07:17:13,095 - INFO -     >>> Val Avg RMSE (Real): 217.8175
2026-04-18 07:17:13,096 - INFO -     >>> Val MAE Details: ['136.9351', '142.3847', '191.9717']
2026-04-18 07:17:13,096 - INFO - ⏳ No improvement. Patience: 1/50
2026-04-18 07:29:42,384 - INFO - [Epoch 101] Train Loss: 0.0537 | LR: 0.000049
2026-04-18 07:29:42,384 - INFO -     >>> Val Avg RMSE (Real): 216.1748
2026-04-18 07:29:42,384 - INFO -     >>> Val MAE Details: ['134.3698', '141.0738', '189.2891']
2026-04-18 07:29:42,804 - INFO - 💾 Saved Best Model to ./logs/QMugs_repr_atomistic_graph_orbital_ViSNet_Task3_20260417_102649/best_model.pth
2026-04-18 07:42:08,657 - INFO - [Epoch 102] Train Loss: 0.0527 | LR: 0.000048
2026-04-18 07:42:08,657 - INFO -     >>> Val Avg RMSE (Real): 221.3054
2026-04-18 07:42:08,657 - INFO -     >>> Val MAE Details: ['141.0232', '146.0609', '192.7252']
2026-04-18 07:42:08,657 - INFO - ⏳ No improvement. Patience: 1/50
2026-04-18 07:54:35,602 - INFO - [Epoch 103] Train Loss: 0.0525 | LR: 0.000048
2026-04-18 07:54:35,602 - INFO -     >>> Val Avg RMSE (Real): 234.5013
2026-04-18 07:54:35,602 - INFO -     >>> Val MAE Details: ['134.7899', '164.1821', '209.9567']
2026-04-18 07:54:35,602 - INFO - ⏳ No improvement. Patience: 2/50
2026-04-18 08:06:58,966 - INFO - [Epoch 104] Train Loss: 0.0511 | LR: 0.000047
2026-04-18 08:06:58,966 - INFO -     >>> Val Avg RMSE (Real): 223.9297
2026-04-18 08:06:58,966 - INFO -     >>> Val MAE Details: ['136.4756', '155.1854', '199.5243']
2026-04-18 08:06:58,966 - INFO - ⏳ No improvement. Patience: 3/50
2026-04-18 08:19:24,701 - INFO - [Epoch 105] Train Loss: 0.0506 | LR: 0.000046
2026-04-18 08:19:24,701 - INFO -     >>> Val Avg RMSE (Real): 218.2430
2026-04-18 08:19:24,701 - INFO -     >>> Val MAE Details: ['135.9481', '141.8422', '191.4764']
2026-04-18 08:19:24,702 - INFO - ⏳ No improvement. Patience: 4/50
2026-04-18 08:31:50,252 - INFO - [Epoch 106] Train Loss: 0.0496 | LR: 0.000045
2026-04-18 08:31:50,252 - INFO -     >>> Val Avg RMSE (Real): 221.3939
2026-04-18 08:31:50,252 - INFO -     >>> Val MAE Details: ['136.3360', '145.2333', '199.9702']
2026-04-18 08:31:50,253 - INFO - ⏳ No improvement. Patience: 5/50
2026-04-18 08:44:15,393 - INFO - [Epoch 107] Train Loss: 0.0495 | LR: 0.000045
2026-04-18 08:44:15,393 - INFO -     >>> Val Avg RMSE (Real): 216.7279
2026-04-18 08:44:15,393 - INFO -     >>> Val MAE Details: ['136.2506', '142.1464', '191.4113']
2026-04-18 08:44:15,393 - INFO - ⏳ No improvement. Patience: 6/50
2026-04-18 08:56:41,106 - INFO - [Epoch 108] Train Loss: 0.0481 | LR: 0.000044
2026-04-18 08:56:41,107 - INFO -     >>> Val Avg RMSE (Real): 218.6890
2026-04-18 08:56:41,107 - INFO -     >>> Val MAE Details: ['136.9102', '142.7741', '192.5858']
2026-04-18 08:56:41,107 - INFO - ⏳ No improvement. Patience: 7/50
2026-04-18 09:09:05,782 - INFO - [Epoch 109] Train Loss: 0.0476 | LR: 0.000043
2026-04-18 09:09:05,782 - INFO -     >>> Val Avg RMSE (Real): 216.9070
2026-04-18 09:09:05,782 - INFO -     >>> Val MAE Details: ['134.1839', '143.6256', '190.7135']
2026-04-18 09:09:05,782 - INFO - ⏳ No improvement. Patience: 8/50
2026-04-18 09:21:33,147 - INFO - [Epoch 110] Train Loss: 0.0468 | LR: 0.000042
2026-04-18 09:21:33,148 - INFO -     >>> Val Avg RMSE (Real): 215.0430
2026-04-18 09:21:33,148 - INFO -     >>> Val MAE Details: ['135.4015', '141.7881', '189.3590']
2026-04-18 09:21:33,588 - INFO - 💾 Saved Best Model to ./logs/QMugs_repr_atomistic_graph_orbital_ViSNet_Task3_20260417_102649/best_model.pth
2026-04-18 09:34:01,062 - INFO - [Epoch 111] Train Loss: 0.0461 | LR: 0.000041
2026-04-18 09:34:01,063 - INFO -     >>> Val Avg RMSE (Real): 215.7144
2026-04-18 09:34:01,063 - INFO -     >>> Val MAE Details: ['136.0727', '140.3931', '191.3971']
2026-04-18 09:34:01,063 - INFO - ⏳ No improvement. Patience: 1/50
2026-04-18 09:46:24,656 - INFO - [Epoch 112] Train Loss: 0.0455 | LR: 0.000041
2026-04-18 09:46:24,656 - INFO -     >>> Val Avg RMSE (Real): 219.8661
2026-04-18 09:46:24,656 - INFO -     >>> Val MAE Details: ['140.7043', '140.8783', '194.7604']
2026-04-18 09:46:24,656 - INFO - ⏳ No improvement. Patience: 2/50
2026-04-18 09:58:47,281 - INFO - [Epoch 113] Train Loss: 0.0447 | LR: 0.000040
2026-04-18 09:58:47,282 - INFO -     >>> Val Avg RMSE (Real): 219.3770
2026-04-18 09:58:47,282 - INFO -     >>> Val MAE Details: ['136.3742', '148.3994', '191.4965']
2026-04-18 09:58:47,282 - INFO - ⏳ No improvement. Patience: 3/50
2026-04-18 10:11:11,906 - INFO - [Epoch 114] Train Loss: 0.0442 | LR: 0.000039
2026-04-18 10:11:11,906 - INFO -     >>> Val Avg RMSE (Real): 219.2910
2026-04-18 10:11:11,906 - INFO -     >>> Val MAE Details: ['140.8349', '140.6553', '195.7143']
2026-04-18 10:11:11,906 - INFO - ⏳ No improvement. Patience: 4/50
2026-04-18 10:23:35,038 - INFO - [Epoch 115] Train Loss: 0.0434 | LR: 0.000038
2026-04-18 10:23:35,038 - INFO -     >>> Val Avg RMSE (Real): 220.3006
2026-04-18 10:23:35,038 - INFO -     >>> Val MAE Details: ['138.8831', '153.1133', '189.5459']
2026-04-18 10:23:35,038 - INFO - ⏳ No improvement. Patience: 5/50
2026-04-18 10:35:58,607 - INFO - [Epoch 116] Train Loss: 0.0428 | LR: 0.000038
2026-04-18 10:35:58,607 - INFO -     >>> Val Avg RMSE (Real): 215.2393
2026-04-18 10:35:58,608 - INFO -     >>> Val MAE Details: ['134.4692', '139.0715', '188.3498']
2026-04-18 10:35:58,608 - INFO - ⏳ No improvement. Patience: 6/50
2026-04-18 10:48:22,928 - INFO - [Epoch 117] Train Loss: 0.0421 | LR: 0.000037
2026-04-18 10:48:22,928 - INFO -     >>> Val Avg RMSE (Real): 214.6305
2026-04-18 10:48:22,928 - INFO -     >>> Val MAE Details: ['134.1349', '139.3315', '188.3737']
2026-04-18 10:48:23,362 - INFO - 💾 Saved Best Model to ./logs/QMugs_repr_atomistic_graph_orbital_ViSNet_Task3_20260417_102649/best_model.pth
2026-04-18 11:00:46,186 - INFO - [Epoch 118] Train Loss: 0.0416 | LR: 0.000036
2026-04-18 11:00:46,186 - INFO -     >>> Val Avg RMSE (Real): 217.3654
2026-04-18 11:00:46,186 - INFO -     >>> Val MAE Details: ['138.8578', '140.4334', '188.3713']
2026-04-18 11:00:46,186 - INFO - ⏳ No improvement. Patience: 1/50
2026-04-18 11:13:13,340 - INFO - [Epoch 119] Train Loss: 0.0409 | LR: 0.000035
2026-04-18 11:13:13,340 - INFO -     >>> Val Avg RMSE (Real): 218.0402
2026-04-18 11:13:13,341 - INFO -     >>> Val MAE Details: ['139.5894', '138.4767', '192.2360']
2026-04-18 11:13:13,341 - INFO - ⏳ No improvement. Patience: 2/50
2026-04-18 11:25:38,270 - INFO - [Epoch 120] Train Loss: 0.0403 | LR: 0.000035
2026-04-18 11:25:38,270 - INFO -     >>> Val Avg RMSE (Real): 213.5555
2026-04-18 11:25:38,270 - INFO -     >>> Val MAE Details: ['133.9090', '138.0821', '185.6602']
2026-04-18 11:25:38,867 - INFO - 💾 Saved Best Model to ./logs/QMugs_repr_atomistic_graph_orbital_ViSNet_Task3_20260417_102649/best_model.pth
2026-04-18 11:38:03,686 - INFO - [Epoch 121] Train Loss: 0.0397 | LR: 0.000034
2026-04-18 11:38:03,686 - INFO -     >>> Val Avg RMSE (Real): 213.4907
2026-04-18 11:38:03,686 - INFO -     >>> Val MAE Details: ['135.2281', '138.8071', '187.0196']
2026-04-18 11:38:04,079 - INFO - 💾 Saved Best Model to ./logs/QMugs_repr_atomistic_graph_orbital_ViSNet_Task3_20260417_102649/best_model.pth
2026-04-18 11:50:28,156 - INFO - [Epoch 122] Train Loss: 0.0390 | LR: 0.000033
2026-04-18 11:50:28,156 - INFO -     >>> Val Avg RMSE (Real): 221.8376
2026-04-18 11:50:28,156 - INFO -     >>> Val MAE Details: ['143.5293', '140.3786', '199.8086']
2026-04-18 11:50:28,156 - INFO - ⏳ No improvement. Patience: 1/50
2026-04-18 12:02:53,206 - INFO - [Epoch 123] Train Loss: 0.0384 | LR: 0.000032
2026-04-18 12:02:53,206 - INFO -     >>> Val Avg RMSE (Real): 218.5359
2026-04-18 12:02:53,206 - INFO -     >>> Val MAE Details: ['135.6543', '144.4297', '191.0641']
2026-04-18 12:02:53,206 - INFO - ⏳ No improvement. Patience: 2/50
2026-04-18 12:15:17,379 - INFO - [Epoch 124] Train Loss: 0.0379 | LR: 0.000032
2026-04-18 12:15:17,379 - INFO -     >>> Val Avg RMSE (Real): 219.4258
2026-04-18 12:15:17,379 - INFO -     >>> Val MAE Details: ['142.1797', '139.3596', '193.7609']
2026-04-18 12:15:17,379 - INFO - ⏳ No improvement. Patience: 3/50
2026-04-18 12:27:41,616 - INFO - [Epoch 125] Train Loss: 0.0376 | LR: 0.000031
2026-04-18 12:27:41,616 - INFO -     >>> Val Avg RMSE (Real): 217.8803
2026-04-18 12:27:41,616 - INFO -     >>> Val MAE Details: ['138.4690', '139.3734', '191.5279']
2026-04-18 12:27:41,616 - INFO - ⏳ No improvement. Patience: 4/50
2026-04-18 12:40:06,833 - INFO - [Epoch 126] Train Loss: 0.0368 | LR: 0.000030
2026-04-18 12:40:06,833 - INFO -     >>> Val Avg RMSE (Real): 220.7071
2026-04-18 12:40:06,833 - INFO -     >>> Val MAE Details: ['137.2856', '149.0254', '193.1685']
2026-04-18 12:40:06,833 - INFO - ⏳ No improvement. Patience: 5/50
2026-04-18 12:52:31,213 - INFO - [Epoch 127] Train Loss: 0.0362 | LR: 0.000029
2026-04-18 12:52:31,213 - INFO -     >>> Val Avg RMSE (Real): 217.4782
2026-04-18 12:52:31,213 - INFO -     >>> Val MAE Details: ['136.5239', '138.8577', '190.6482']
2026-04-18 12:52:31,213 - INFO - ⏳ No improvement. Patience: 6/50
2026-04-18 13:04:55,482 - INFO - [Epoch 128] Train Loss: 0.0358 | LR: 0.000029
2026-04-18 13:04:55,482 - INFO -     >>> Val Avg RMSE (Real): 217.5632
2026-04-18 13:04:55,482 - INFO -     >>> Val MAE Details: ['134.4647', '141.3564', '191.6913']
2026-04-18 13:04:55,482 - INFO - ⏳ No improvement. Patience: 7/50
2026-04-18 13:17:21,282 - INFO - [Epoch 129] Train Loss: 0.0351 | LR: 0.000028
2026-04-18 13:17:21,283 - INFO -     >>> Val Avg RMSE (Real): 216.9549
2026-04-18 13:17:21,283 - INFO -     >>> Val MAE Details: ['136.2911', '140.2320', '189.6948']
2026-04-18 13:17:21,283 - INFO - ⏳ No improvement. Patience: 8/50
2026-04-18 13:29:43,491 - INFO - [Epoch 130] Train Loss: 0.0345 | LR: 0.000027
2026-04-18 13:29:43,492 - INFO -     >>> Val Avg RMSE (Real): 220.0811
2026-04-18 13:29:43,492 - INFO -     >>> Val MAE Details: ['142.7325', '139.9590', '191.9595']
2026-04-18 13:29:43,492 - INFO - ⏳ No improvement. Patience: 9/50
2026-04-18 13:42:06,375 - INFO - [Epoch 131] Train Loss: 0.0339 | LR: 0.000027
2026-04-18 13:42:06,375 - INFO -     >>> Val Avg RMSE (Real): 214.6358
2026-04-18 13:42:06,375 - INFO -     >>> Val MAE Details: ['135.7532', '140.0069', '187.4725']
2026-04-18 13:42:06,375 - INFO - ⏳ No improvement. Patience: 10/50
2026-04-18 13:54:29,209 - INFO - [Epoch 132] Train Loss: 0.0338 | LR: 0.000026
2026-04-18 13:54:29,210 - INFO -     >>> Val Avg RMSE (Real): 215.2099
2026-04-18 13:54:29,210 - INFO -     >>> Val MAE Details: ['136.9346', '137.9424', '190.7301']
2026-04-18 13:54:29,210 - INFO - ⏳ No improvement. Patience: 11/50
2026-04-18 14:06:52,606 - INFO - [Epoch 133] Train Loss: 0.0331 | LR: 0.000025
2026-04-18 14:06:52,607 - INFO -     >>> Val Avg RMSE (Real): 216.9753
2026-04-18 14:06:52,607 - INFO -     >>> Val MAE Details: ['137.0609', '143.0140', '189.3083']
2026-04-18 14:06:52,607 - INFO - ⏳ No improvement. Patience: 12/50
2026-04-18 14:19:15,865 - INFO - [Epoch 134] Train Loss: 0.0329 | LR: 0.000025
2026-04-18 14:19:15,866 - INFO -     >>> Val Avg RMSE (Real): 216.9040
2026-04-18 14:19:15,866 - INFO -     >>> Val MAE Details: ['138.2441', '138.1290', '191.3418']
2026-04-18 14:19:15,866 - INFO - ⏳ No improvement. Patience: 13/50
2026-04-18 14:31:42,811 - INFO - [Epoch 135] Train Loss: 0.0321 | LR: 0.000024
2026-04-18 14:31:42,812 - INFO -     >>> Val Avg RMSE (Real): 217.3587
2026-04-18 14:31:42,812 - INFO -     >>> Val MAE Details: ['136.8414', '138.4930', '191.2300']
2026-04-18 14:31:42,812 - INFO - ⏳ No improvement. Patience: 14/50
2026-04-18 14:44:09,075 - INFO - [Epoch 136] Train Loss: 0.0317 | LR: 0.000023
2026-04-18 14:44:09,075 - INFO -     >>> Val Avg RMSE (Real): 215.3138
2026-04-18 14:44:09,075 - INFO -     >>> Val MAE Details: ['135.3743', '138.6266', '189.3488']
2026-04-18 14:44:09,075 - INFO - ⏳ No improvement. Patience: 15/50
2026-04-18 14:56:34,105 - INFO - [Epoch 137] Train Loss: 0.0313 | LR: 0.000023
2026-04-18 14:56:34,105 - INFO -     >>> Val Avg RMSE (Real): 214.3968
2026-04-18 14:56:34,105 - INFO -     >>> Val MAE Details: ['135.4279', '138.0809', '187.8072']
2026-04-18 14:56:34,106 - INFO - ⏳ No improvement. Patience: 16/50
2026-04-18 15:08:59,362 - INFO - [Epoch 138] Train Loss: 0.0307 | LR: 0.000022
2026-04-18 15:08:59,363 - INFO -     >>> Val Avg RMSE (Real): 217.5361
2026-04-18 15:08:59,363 - INFO -     >>> Val MAE Details: ['136.9335', '138.4662', '191.0458']
2026-04-18 15:08:59,363 - INFO - ⏳ No improvement. Patience: 17/50
2026-04-18 15:21:25,801 - INFO - [Epoch 139] Train Loss: 0.0304 | LR: 0.000021
2026-04-18 15:21:25,801 - INFO -     >>> Val Avg RMSE (Real): 214.4613
2026-04-18 15:21:25,801 - INFO -     >>> Val MAE Details: ['134.9969', '137.9116', '188.4863']
2026-04-18 15:21:25,801 - INFO - ⏳ No improvement. Patience: 18/50
2026-04-18 15:33:48,513 - INFO - [Epoch 140] Train Loss: 0.0300 | LR: 0.000021
2026-04-18 15:33:48,514 - INFO -     >>> Val Avg RMSE (Real): 218.8284
2026-04-18 15:33:48,514 - INFO -     >>> Val MAE Details: ['137.4115', '142.2374', '191.4304']
2026-04-18 15:33:48,514 - INFO - ⏳ No improvement. Patience: 19/50
2026-04-18 15:46:11,572 - INFO - [Epoch 141] Train Loss: 0.0296 | LR: 0.000020
2026-04-18 15:46:11,572 - INFO -     >>> Val Avg RMSE (Real): 221.1359
2026-04-18 15:46:11,572 - INFO -     >>> Val MAE Details: ['139.4234', '141.1180', '195.3450']
2026-04-18 15:46:11,572 - INFO - ⏳ No improvement. Patience: 20/50
2026-04-18 15:58:33,974 - INFO - [Epoch 142] Train Loss: 0.0291 | LR: 0.000019
2026-04-18 15:58:33,974 - INFO -     >>> Val Avg RMSE (Real): 217.1901
2026-04-18 15:58:33,974 - INFO -     >>> Val MAE Details: ['136.8471', '140.2688', '190.4123']
2026-04-18 15:58:33,975 - INFO - ⏳ No improvement. Patience: 21/50
2026-04-18 16:10:56,236 - INFO - [Epoch 143] Train Loss: 0.0286 | LR: 0.000019
2026-04-18 16:10:56,237 - INFO -     >>> Val Avg RMSE (Real): 220.2085
2026-04-18 16:10:56,237 - INFO -     >>> Val MAE Details: ['140.7543', '140.2500', '191.9269']
2026-04-18 16:10:56,237 - INFO - ⏳ No improvement. Patience: 22/50
2026-04-18 16:23:18,736 - INFO - [Epoch 144] Train Loss: 0.0282 | LR: 0.000018
2026-04-18 16:23:18,736 - INFO -     >>> Val Avg RMSE (Real): 215.6791
2026-04-18 16:23:18,736 - INFO -     >>> Val MAE Details: ['136.7584', '137.9737', '189.2320']
2026-04-18 16:23:18,736 - INFO - ⏳ No improvement. Patience: 23/50
2026-04-18 16:35:40,381 - INFO - [Epoch 145] Train Loss: 0.0279 | LR: 0.000018
2026-04-18 16:35:40,382 - INFO -     >>> Val Avg RMSE (Real): 219.4885
2026-04-18 16:35:40,382 - INFO -     >>> Val MAE Details: ['136.8964', '139.7704', '192.2867']
2026-04-18 16:35:40,382 - INFO - ⏳ No improvement. Patience: 24/50
2026-04-18 16:48:02,563 - INFO - [Epoch 146] Train Loss: 0.0276 | LR: 0.000017
2026-04-18 16:48:02,563 - INFO -     >>> Val Avg RMSE (Real): 218.6679
2026-04-18 16:48:02,563 - INFO -     >>> Val MAE Details: ['137.3683', '139.1154', '191.6661']
2026-04-18 16:48:02,563 - INFO - ⏳ No improvement. Patience: 25/50
2026-04-18 17:00:24,755 - INFO - [Epoch 147] Train Loss: 0.0271 | LR: 0.000016
2026-04-18 17:00:24,755 - INFO -     >>> Val Avg RMSE (Real): 220.3783
2026-04-18 17:00:24,755 - INFO -     >>> Val MAE Details: ['139.8452', '141.5409', '191.3218']
2026-04-18 17:00:24,755 - INFO - ⏳ No improvement. Patience: 26/50
2026-04-18 17:12:46,745 - INFO - [Epoch 148] Train Loss: 0.0268 | LR: 0.000016
2026-04-18 17:12:46,746 - INFO -     >>> Val Avg RMSE (Real): 221.2374
2026-04-18 17:12:46,746 - INFO -     >>> Val MAE Details: ['138.5591', '143.5122', '192.9739']
2026-04-18 17:12:46,746 - INFO - ⏳ No improvement. Patience: 27/50
2026-04-18 17:25:08,599 - INFO - [Epoch 149] Train Loss: 0.0265 | LR: 0.000015
2026-04-18 17:25:08,599 - INFO -     >>> Val Avg RMSE (Real): 217.5417
2026-04-18 17:25:08,599 - INFO -     >>> Val MAE Details: ['137.3799', '139.1734', '190.7407']
2026-04-18 17:25:08,599 - INFO - ⏳ No improvement. Patience: 28/50
2026-04-18 17:37:30,136 - INFO - [Epoch 150] Train Loss: 0.0262 | LR: 0.000015
2026-04-18 17:37:30,137 - INFO -     >>> Val Avg RMSE (Real): 217.6914
2026-04-18 17:37:30,137 - INFO -     >>> Val MAE Details: ['137.3589', '138.9098', '189.9628']
2026-04-18 17:37:30,137 - INFO - ⏳ No improvement. Patience: 29/50
2026-04-18 17:49:52,240 - INFO - [Epoch 151] Train Loss: 0.0259 | LR: 0.000014
2026-04-18 17:49:52,240 - INFO -     >>> Val Avg RMSE (Real): 216.4272
2026-04-18 17:49:52,240 - INFO -     >>> Val MAE Details: ['137.1337', '139.0362', '189.4284']
2026-04-18 17:49:52,240 - INFO - ⏳ No improvement. Patience: 30/50
2026-04-18 18:02:14,266 - INFO - [Epoch 152] Train Loss: 0.0255 | LR: 0.000014
2026-04-18 18:02:14,267 - INFO -     >>> Val Avg RMSE (Real): 218.8274
2026-04-18 18:02:14,267 - INFO -     >>> Val MAE Details: ['138.7260', '139.5448', '191.3129']
2026-04-18 18:02:14,267 - INFO - ⏳ No improvement. Patience: 31/50
2026-04-18 18:14:37,231 - INFO - [Epoch 153] Train Loss: 0.0251 | LR: 0.000013
2026-04-18 18:14:37,231 - INFO -     >>> Val Avg RMSE (Real): 218.8355
2026-04-18 18:14:37,231 - INFO -     >>> Val MAE Details: ['138.1469', '138.5383', '191.4998']
2026-04-18 18:14:37,231 - INFO - ⏳ No improvement. Patience: 32/50
2026-04-18 18:26:58,760 - INFO - [Epoch 154] Train Loss: 0.0249 | LR: 0.000012
2026-04-18 18:26:58,760 - INFO -     >>> Val Avg RMSE (Real): 216.9786
2026-04-18 18:26:58,760 - INFO -     >>> Val MAE Details: ['137.0016', '138.6787', '189.7929']
2026-04-18 18:26:58,760 - INFO - ⏳ No improvement. Patience: 33/50
2026-04-18 18:39:21,592 - INFO - [Epoch 155] Train Loss: 0.0246 | LR: 0.000012
2026-04-18 18:39:21,593 - INFO -     >>> Val Avg RMSE (Real): 219.5878
2026-04-18 18:39:21,593 - INFO -     >>> Val MAE Details: ['138.6339', '141.1005', '191.8542']
2026-04-18 18:39:21,593 - INFO - ⏳ No improvement. Patience: 34/50
2026-04-18 18:51:44,369 - INFO - [Epoch 156] Train Loss: 0.0243 | LR: 0.000011
2026-04-18 18:51:44,369 - INFO -     >>> Val Avg RMSE (Real): 218.8239
2026-04-18 18:51:44,369 - INFO -     >>> Val MAE Details: ['138.4610', '139.5898', '192.9844']
2026-04-18 18:51:44,369 - INFO - ⏳ No improvement. Patience: 35/50
2026-04-18 19:04:07,020 - INFO - [Epoch 157] Train Loss: 0.0239 | LR: 0.000011
2026-04-18 19:04:07,021 - INFO -     >>> Val Avg RMSE (Real): 219.6857
2026-04-18 19:04:07,021 - INFO -     >>> Val MAE Details: ['138.5305', '141.7711', '192.6422']
2026-04-18 19:04:07,021 - INFO - ⏳ No improvement. Patience: 36/50
2026-04-18 19:16:29,726 - INFO - [Epoch 158] Train Loss: 0.0236 | LR: 0.000010
2026-04-18 19:16:29,726 - INFO -     >>> Val Avg RMSE (Real): 218.0842
2026-04-18 19:16:29,726 - INFO -     >>> Val MAE Details: ['137.6664', '139.7933', '191.3303']
2026-04-18 19:16:29,726 - INFO - ⏳ No improvement. Patience: 37/50
2026-04-18 19:28:51,860 - INFO - [Epoch 159] Train Loss: 0.0234 | LR: 0.000010
2026-04-18 19:28:51,860 - INFO -     >>> Val Avg RMSE (Real): 217.8863
2026-04-18 19:28:51,860 - INFO -     >>> Val MAE Details: ['137.6571', '139.5765', '191.0163']
2026-04-18 19:28:51,860 - INFO - ⏳ No improvement. Patience: 38/50
2026-04-18 19:41:15,086 - INFO - [Epoch 160] Train Loss: 0.0231 | LR: 0.000010
2026-04-18 19:41:15,086 - INFO -     >>> Val Avg RMSE (Real): 220.5860
2026-04-18 19:41:15,086 - INFO -     >>> Val MAE Details: ['139.6194', '139.4951', '193.8075']
2026-04-18 19:41:15,086 - INFO - ⏳ No improvement. Patience: 39/50
2026-04-18 19:53:37,896 - INFO - [Epoch 161] Train Loss: 0.0229 | LR: 0.000009
2026-04-18 19:53:37,896 - INFO -     >>> Val Avg RMSE (Real): 218.5983
2026-04-18 19:53:37,896 - INFO -     >>> Val MAE Details: ['138.4945', '139.0877', '191.4411']
2026-04-18 19:53:37,896 - INFO - ⏳ No improvement. Patience: 40/50
2026-04-18 20:06:01,029 - INFO - [Epoch 162] Train Loss: 0.0226 | LR: 0.000009
2026-04-18 20:06:01,029 - INFO -     >>> Val Avg RMSE (Real): 220.7322
2026-04-18 20:06:01,030 - INFO -     >>> Val MAE Details: ['139.2594', '140.4641', '194.1067']
2026-04-18 20:06:01,030 - INFO - ⏳ No improvement. Patience: 41/50
2026-04-18 20:18:23,737 - INFO - [Epoch 163] Train Loss: 0.0224 | LR: 0.000008
2026-04-18 20:18:23,737 - INFO -     >>> Val Avg RMSE (Real): 218.9214
2026-04-18 20:18:23,737 - INFO -     >>> Val MAE Details: ['138.4923', '140.0159', '192.8458']
2026-04-18 20:18:23,737 - INFO - ⏳ No improvement. Patience: 42/50
2026-04-18 20:30:46,529 - INFO - [Epoch 164] Train Loss: 0.0221 | LR: 0.000008
2026-04-18 20:30:46,529 - INFO -     >>> Val Avg RMSE (Real): 220.3394
2026-04-18 20:30:46,529 - INFO -     >>> Val MAE Details: ['139.4070', '140.5899', '193.3661']
2026-04-18 20:30:46,529 - INFO - ⏳ No improvement. Patience: 43/50
2026-04-18 20:43:09,577 - INFO - [Epoch 165] Train Loss: 0.0220 | LR: 0.000007
2026-04-18 20:43:09,577 - INFO -     >>> Val Avg RMSE (Real): 219.7147
2026-04-18 20:43:09,577 - INFO -     >>> Val MAE Details: ['139.2332', '139.9676', '193.0809']
2026-04-18 20:43:09,577 - INFO - ⏳ No improvement. Patience: 44/50
2026-04-18 20:55:32,352 - INFO - [Epoch 166] Train Loss: 0.0217 | LR: 0.000007
2026-04-18 20:55:32,352 - INFO -     >>> Val Avg RMSE (Real): 220.1109
2026-04-18 20:55:32,352 - INFO -     >>> Val MAE Details: ['139.5410', '140.0747', '192.5542']
2026-04-18 20:55:32,352 - INFO - ⏳ No improvement. Patience: 45/50
2026-04-18 21:07:55,116 - INFO - [Epoch 167] Train Loss: 0.0215 | LR: 0.000007
2026-04-18 21:07:55,116 - INFO -     >>> Val Avg RMSE (Real): 219.7023
2026-04-18 21:07:55,116 - INFO -     >>> Val MAE Details: ['138.9969', '139.9349', '192.6653']
2026-04-18 21:07:55,117 - INFO - ⏳ No improvement. Patience: 46/50
2026-04-18 21:20:18,233 - INFO - [Epoch 168] Train Loss: 0.0213 | LR: 0.000006
2026-04-18 21:20:18,233 - INFO -     >>> Val Avg RMSE (Real): 220.1290
2026-04-18 21:20:18,233 - INFO -     >>> Val MAE Details: ['138.9569', '140.4197', '193.1767']
2026-04-18 21:20:18,233 - INFO - ⏳ No improvement. Patience: 47/50
2026-04-18 21:32:41,096 - INFO - [Epoch 169] Train Loss: 0.0210 | LR: 0.000006
2026-04-18 21:32:41,096 - INFO -     >>> Val Avg RMSE (Real): 219.3493
2026-04-18 21:32:41,096 - INFO -     >>> Val MAE Details: ['138.5909', '139.2710', '192.7503']
2026-04-18 21:32:41,096 - INFO - ⏳ No improvement. Patience: 48/50
2026-04-18 21:45:02,972 - INFO - [Epoch 170] Train Loss: 0.0209 | LR: 0.000005
2026-04-18 21:45:02,972 - INFO -     >>> Val Avg RMSE (Real): 220.9957
2026-04-18 21:45:02,972 - INFO -     >>> Val MAE Details: ['139.4912', '140.6501', '193.6019']
2026-04-18 21:45:02,972 - INFO - ⏳ No improvement. Patience: 49/50
2026-04-18 21:57:28,731 - INFO - [Epoch 171] Train Loss: 0.0207 | LR: 0.000005
2026-04-18 21:57:28,732 - INFO -     >>> Val Avg RMSE (Real): 220.4036
2026-04-18 21:57:28,732 - INFO -     >>> Val MAE Details: ['139.7783', '139.6471', '192.9555']
2026-04-18 21:57:28,732 - INFO - ⏳ No improvement. Patience: 50/50
2026-04-18 21:57:28,732 - INFO - 🛑 Early Stopping triggered! Best RMSE: 213.4907
