2026-04-16 18:08:18,094 - INFO - 💾 Config files backed up to ./logs/QMugs_repr_atomistic_graph_ComENet_Task3_20260416_180818
2026-04-16 18:08:18,094 - INFO - 🎯 Multi-Task Targets (3): ['homo_energy_meV', 'lumo_energy_meV', 'homo_lumo_gap_meV']
2026-04-16 18:08:18,094 - INFO - ========================================
2026-04-16 18:08:18,094 - INFO -         Training Configuration        
2026-04-16 18:08:18,095 - INFO - ========================================
2026-04-16 18:08:18,095 - INFO - 
{'data': {'dataset_mode': 'repr_atomistic_graph',
          'grid_size': 0.1,
          'max_radius': 10.0,
          'pkl_path': '../data/QMugs/qmugs_ed_1024_dft_meV_fps.pkl',
          'targets': ['homo_energy_meV',
                      'lumo_energy_meV',
                      'homo_lumo_gap_meV']},
 'model': {'cutoff': 10.0,
           'hidden_channels': 128,
           'max_num_neighbors': 64,
           'name': 'ComENet',
           'num_layers': 5,
           'num_radial': 6,
           'num_spherical': 7},
 'train': {'batch_size': 32,
           'epochs': 200,
           'grad_norm_clip': 1.0,
           'lr': 0.0001,
           'patience': 50,
           'seed': 2025,
           'weight_decay': 0.0001}}
2026-04-16 18:08:18,095 - INFO - ========================================

2026-04-16 18:08:18,095 - INFO - 🚀 Start Training on Device: cuda
2026-04-16 18:08:18,095 - INFO - Loading Data...
2026-04-16 18:08:18,095 - INFO - Loading Dataset Mode: repr_atomistic_graph...
2026-04-16 18:08:22,712 - INFO - Stats - Mean: [[-7851.8887    392.37622  8244.265  ]], Std: [[502.80716 721.1641  813.3487 ]]
2026-04-16 18:08:22,713 - INFO - Building Model: ComENet...
2026-04-16 18:08:55,362 - INFO - Total Parameters: 1.3248 M

2026-04-16 18:10:10,553 - INFO - [Epoch 1] Train Loss: 0.7641 | LR: 0.000100
2026-04-16 18:10:10,553 - INFO -     >>> Val Avg RMSE (Real): 483.1585
2026-04-16 18:10:10,554 - INFO -     >>> Val MAE Details: ['329.8275', '357.7391', '427.1042']
2026-04-16 18:10:10,628 - INFO - 💾 Saved Best Model to ./logs/QMugs_repr_atomistic_graph_ComENet_Task3_20260416_180818/best_model.pth
2026-04-16 18:11:23,834 - INFO - [Epoch 2] Train Loss: 0.4418 | LR: 0.000100
2026-04-16 18:11:23,835 - INFO -     >>> Val Avg RMSE (Real): 402.0146
2026-04-16 18:11:23,835 - INFO -     >>> Val MAE Details: ['268.0314', '288.1552', '361.9106']
2026-04-16 18:11:23,933 - INFO - 💾 Saved Best Model to ./logs/QMugs_repr_atomistic_graph_ComENet_Task3_20260416_180818/best_model.pth
2026-04-16 18:12:38,114 - INFO - [Epoch 3] Train Loss: 0.3002 | LR: 0.000100
2026-04-16 18:12:38,115 - INFO -     >>> Val Avg RMSE (Real): 348.2157
2026-04-16 18:12:38,115 - INFO -     >>> Val MAE Details: ['233.0097', '240.5904', '320.6362']
2026-04-16 18:12:38,219 - INFO - 💾 Saved Best Model to ./logs/QMugs_repr_atomistic_graph_ComENet_Task3_20260416_180818/best_model.pth
2026-04-16 18:13:50,727 - INFO - [Epoch 4] Train Loss: 0.2287 | LR: 0.000100
2026-04-16 18:13:50,728 - INFO -     >>> Val Avg RMSE (Real): 307.8342
2026-04-16 18:13:50,728 - INFO -     >>> Val MAE Details: ['197.9934', '213.5616', '277.3990']
2026-04-16 18:13:50,830 - INFO - 💾 Saved Best Model to ./logs/QMugs_repr_atomistic_graph_ComENet_Task3_20260416_180818/best_model.pth
2026-04-16 18:15:04,301 - INFO - [Epoch 5] Train Loss: 0.1892 | LR: 0.000100
2026-04-16 18:15:04,301 - INFO -     >>> Val Avg RMSE (Real): 286.6087
2026-04-16 18:15:04,301 - INFO -     >>> Val MAE Details: ['191.4618', '195.7680', '259.6505']
2026-04-16 18:15:04,406 - INFO - 💾 Saved Best Model to ./logs/QMugs_repr_atomistic_graph_ComENet_Task3_20260416_180818/best_model.pth
2026-04-16 18:16:20,344 - INFO - [Epoch 6] Train Loss: 0.1692 | LR: 0.000100
2026-04-16 18:16:20,344 - INFO -     >>> Val Avg RMSE (Real): 302.3878
2026-04-16 18:16:20,344 - INFO -     >>> Val MAE Details: ['203.6574', '226.9908', '258.7719']
2026-04-16 18:16:20,344 - INFO - ⏳ No improvement. Patience: 1/50
2026-04-16 18:17:34,241 - INFO - [Epoch 7] Train Loss: 0.1518 | LR: 0.000100
2026-04-16 18:17:34,241 - INFO -     >>> Val Avg RMSE (Real): 274.9737
2026-04-16 18:17:34,241 - INFO -     >>> Val MAE Details: ['197.2256', '188.9996', '238.6877']
2026-04-16 18:17:34,338 - INFO - 💾 Saved Best Model to ./logs/QMugs_repr_atomistic_graph_ComENet_Task3_20260416_180818/best_model.pth
2026-04-16 18:18:47,159 - INFO - [Epoch 8] Train Loss: 0.1369 | LR: 0.000100
2026-04-16 18:18:47,159 - INFO -     >>> Val Avg RMSE (Real): 255.1899
2026-04-16 18:18:47,159 - INFO -     >>> Val MAE Details: ['170.5079', '172.7095', '229.3476']
2026-04-16 18:18:47,259 - INFO - 💾 Saved Best Model to ./logs/QMugs_repr_atomistic_graph_ComENet_Task3_20260416_180818/best_model.pth
2026-04-16 18:20:02,443 - INFO - [Epoch 9] Train Loss: 0.1322 | LR: 0.000100
2026-04-16 18:20:02,443 - INFO -     >>> Val Avg RMSE (Real): 285.4140
2026-04-16 18:20:02,443 - INFO -     >>> Val MAE Details: ['203.7520', '209.3807', '242.4005']
2026-04-16 18:20:02,444 - INFO - ⏳ No improvement. Patience: 1/50
2026-04-16 18:21:18,055 - INFO - [Epoch 10] Train Loss: 0.1219 | LR: 0.000099
2026-04-16 18:21:18,055 - INFO -     >>> Val Avg RMSE (Real): 250.8703
2026-04-16 18:21:18,055 - INFO -     >>> Val MAE Details: ['163.9848', '173.6583', '229.7914']
2026-04-16 18:21:18,153 - INFO - 💾 Saved Best Model to ./logs/QMugs_repr_atomistic_graph_ComENet_Task3_20260416_180818/best_model.pth
2026-04-16 18:22:31,278 - INFO - [Epoch 11] Train Loss: 0.1139 | LR: 0.000099
2026-04-16 18:22:31,278 - INFO -     >>> Val Avg RMSE (Real): 272.0935
2026-04-16 18:22:31,279 - INFO -     >>> Val MAE Details: ['195.2000', '169.9079', '256.7263']
2026-04-16 18:22:31,279 - INFO - ⏳ No improvement. Patience: 1/50
2026-04-16 18:23:46,253 - INFO - [Epoch 12] Train Loss: 0.1091 | LR: 0.000099
2026-04-16 18:23:46,253 - INFO -     >>> Val Avg RMSE (Real): 227.0504
2026-04-16 18:23:46,253 - INFO -     >>> Val MAE Details: ['150.9187', '158.2329', '203.7622']
2026-04-16 18:23:46,359 - INFO - 💾 Saved Best Model to ./logs/QMugs_repr_atomistic_graph_ComENet_Task3_20260416_180818/best_model.pth
2026-04-16 18:24:59,070 - INFO - [Epoch 13] Train Loss: 0.1067 | LR: 0.000099
2026-04-16 18:24:59,071 - INFO -     >>> Val Avg RMSE (Real): 238.3517
2026-04-16 18:24:59,071 - INFO -     >>> Val MAE Details: ['153.6495', '166.9738', '216.6358']
2026-04-16 18:24:59,071 - INFO - ⏳ No improvement. Patience: 1/50
2026-04-16 18:26:12,185 - INFO - [Epoch 14] Train Loss: 0.1007 | LR: 0.000099
2026-04-16 18:26:12,185 - INFO -     >>> Val Avg RMSE (Real): 228.6326
2026-04-16 18:26:12,185 - INFO -     >>> Val MAE Details: ['159.5544', '158.8264', '199.0506']
2026-04-16 18:26:12,185 - INFO - ⏳ No improvement. Patience: 2/50
2026-04-16 18:27:25,705 - INFO - [Epoch 15] Train Loss: 0.0981 | LR: 0.000099
2026-04-16 18:27:25,705 - INFO -     >>> Val Avg RMSE (Real): 237.6066
2026-04-16 18:27:25,705 - INFO -     >>> Val MAE Details: ['179.3159', '158.2467', '210.6672']
2026-04-16 18:27:25,705 - INFO - ⏳ No improvement. Patience: 3/50
2026-04-16 18:28:39,132 - INFO - [Epoch 16] Train Loss: 0.0974 | LR: 0.000098
2026-04-16 18:28:39,133 - INFO -     >>> Val Avg RMSE (Real): 216.5807
2026-04-16 18:28:39,133 - INFO -     >>> Val MAE Details: ['146.1182', '143.8779', '191.0963']
2026-04-16 18:28:39,267 - INFO - 💾 Saved Best Model to ./logs/QMugs_repr_atomistic_graph_ComENet_Task3_20260416_180818/best_model.pth
2026-04-16 18:29:51,914 - INFO - [Epoch 17] Train Loss: 0.0941 | LR: 0.000098
2026-04-16 18:29:51,914 - INFO -     >>> Val Avg RMSE (Real): 239.7742
2026-04-16 18:29:51,914 - INFO -     >>> Val MAE Details: ['149.7711', '159.8166', '216.4745']
2026-04-16 18:29:51,915 - INFO - ⏳ No improvement. Patience: 1/50
2026-04-16 18:31:04,788 - INFO - [Epoch 18] Train Loss: 0.0916 | LR: 0.000098
2026-04-16 18:31:04,788 - INFO -     >>> Val Avg RMSE (Real): 220.0566
2026-04-16 18:31:04,788 - INFO -     >>> Val MAE Details: ['147.1049', '149.3558', '197.9074']
2026-04-16 18:31:04,788 - INFO - ⏳ No improvement. Patience: 2/50
2026-04-16 18:32:18,080 - INFO - [Epoch 19] Train Loss: 0.0894 | LR: 0.000098
2026-04-16 18:32:18,080 - INFO -     >>> Val Avg RMSE (Real): 215.5866
2026-04-16 18:32:18,080 - INFO -     >>> Val MAE Details: ['141.7619', '148.7982', '193.0832']
2026-04-16 18:32:18,218 - INFO - 💾 Saved Best Model to ./logs/QMugs_repr_atomistic_graph_ComENet_Task3_20260416_180818/best_model.pth
2026-04-16 18:33:31,756 - INFO - [Epoch 20] Train Loss: 0.0890 | LR: 0.000098
2026-04-16 18:33:31,757 - INFO -     >>> Val Avg RMSE (Real): 221.7505
2026-04-16 18:33:31,757 - INFO -     >>> Val MAE Details: ['143.2806', '154.4628', '198.5910']
2026-04-16 18:33:31,757 - INFO - ⏳ No improvement. Patience: 1/50
2026-04-16 18:34:45,206 - INFO - [Epoch 21] Train Loss: 0.0856 | LR: 0.000097
2026-04-16 18:34:45,206 - INFO -     >>> Val Avg RMSE (Real): 208.3024
2026-04-16 18:34:45,206 - INFO -     >>> Val MAE Details: ['136.3100', '143.1682', '185.3865']
2026-04-16 18:34:45,316 - INFO - 💾 Saved Best Model to ./logs/QMugs_repr_atomistic_graph_ComENet_Task3_20260416_180818/best_model.pth
2026-04-16 18:35:59,231 - INFO - [Epoch 22] Train Loss: 0.0847 | LR: 0.000097
2026-04-16 18:35:59,231 - INFO -     >>> Val Avg RMSE (Real): 229.9761
2026-04-16 18:35:59,232 - INFO -     >>> Val MAE Details: ['139.5341', '167.5109', '211.6229']
2026-04-16 18:35:59,232 - INFO - ⏳ No improvement. Patience: 1/50
2026-04-16 18:37:15,444 - INFO - [Epoch 23] Train Loss: 0.0837 | LR: 0.000097
2026-04-16 18:37:15,444 - INFO -     >>> Val Avg RMSE (Real): 219.8626
2026-04-16 18:37:15,444 - INFO -     >>> Val MAE Details: ['149.4727', '142.6638', '201.3615']
2026-04-16 18:37:15,444 - INFO - ⏳ No improvement. Patience: 2/50
2026-04-16 18:38:29,561 - INFO - [Epoch 24] Train Loss: 0.0812 | LR: 0.000096
2026-04-16 18:38:29,561 - INFO -     >>> Val Avg RMSE (Real): 232.4596
2026-04-16 18:38:29,561 - INFO -     >>> Val MAE Details: ['151.8113', '152.3831', '216.3089']
2026-04-16 18:38:29,561 - INFO - ⏳ No improvement. Patience: 3/50
2026-04-16 18:39:42,439 - INFO - [Epoch 25] Train Loss: 0.0825 | LR: 0.000096
2026-04-16 18:39:42,439 - INFO -     >>> Val Avg RMSE (Real): 208.7949
2026-04-16 18:39:42,439 - INFO -     >>> Val MAE Details: ['141.1637', '147.8798', '181.8810']
2026-04-16 18:39:42,439 - INFO - ⏳ No improvement. Patience: 4/50
2026-04-16 18:40:56,504 - INFO - [Epoch 26] Train Loss: 0.0795 | LR: 0.000096
2026-04-16 18:40:56,504 - INFO -     >>> Val Avg RMSE (Real): 202.6173
2026-04-16 18:40:56,504 - INFO -     >>> Val MAE Details: ['136.0094', '134.3071', '181.8226']
2026-04-16 18:40:56,612 - INFO - 💾 Saved Best Model to ./logs/QMugs_repr_atomistic_graph_ComENet_Task3_20260416_180818/best_model.pth
2026-04-16 18:42:10,305 - INFO - [Epoch 27] Train Loss: 0.0795 | LR: 0.000096
2026-04-16 18:42:10,305 - INFO -     >>> Val Avg RMSE (Real): 230.2944
2026-04-16 18:42:10,305 - INFO -     >>> Val MAE Details: ['132.8516', '185.3958', '210.6385']
2026-04-16 18:42:10,305 - INFO - ⏳ No improvement. Patience: 1/50
2026-04-16 18:43:22,578 - INFO - [Epoch 28] Train Loss: 0.0777 | LR: 0.000095
2026-04-16 18:43:22,578 - INFO -     >>> Val Avg RMSE (Real): 253.2175
2026-04-16 18:43:22,578 - INFO -     >>> Val MAE Details: ['156.3388', '165.5920', '262.8532']
2026-04-16 18:43:22,578 - INFO - ⏳ No improvement. Patience: 2/50
2026-04-16 18:44:35,697 - INFO - [Epoch 29] Train Loss: 0.0767 | LR: 0.000095
2026-04-16 18:44:35,697 - INFO -     >>> Val Avg RMSE (Real): 210.6703
2026-04-16 18:44:35,697 - INFO -     >>> Val MAE Details: ['129.5043', '142.0127', '187.8373']
2026-04-16 18:44:35,697 - INFO - ⏳ No improvement. Patience: 3/50
2026-04-16 18:45:50,159 - INFO - [Epoch 30] Train Loss: 0.0750 | LR: 0.000095
2026-04-16 18:45:50,159 - INFO -     >>> Val Avg RMSE (Real): 197.0596
2026-04-16 18:45:50,159 - INFO -     >>> Val MAE Details: ['134.5659', '131.9576', '171.8883']
2026-04-16 18:45:50,268 - INFO - 💾 Saved Best Model to ./logs/QMugs_repr_atomistic_graph_ComENet_Task3_20260416_180818/best_model.pth
2026-04-16 18:47:04,895 - INFO - [Epoch 31] Train Loss: 0.0745 | LR: 0.000094
2026-04-16 18:47:04,896 - INFO -     >>> Val Avg RMSE (Real): 227.0593
2026-04-16 18:47:04,896 - INFO -     >>> Val MAE Details: ['170.2504', '170.9965', '182.1417']
2026-04-16 18:47:04,896 - INFO - ⏳ No improvement. Patience: 1/50
2026-04-16 18:48:19,021 - INFO - [Epoch 32] Train Loss: 0.0747 | LR: 0.000094
2026-04-16 18:48:19,021 - INFO -     >>> Val Avg RMSE (Real): 246.1039
2026-04-16 18:48:19,021 - INFO -     >>> Val MAE Details: ['185.1080', '141.3171', '235.4902']
2026-04-16 18:48:19,021 - INFO - ⏳ No improvement. Patience: 2/50
2026-04-16 18:49:32,945 - INFO - [Epoch 33] Train Loss: 0.0720 | LR: 0.000093
2026-04-16 18:49:32,945 - INFO -     >>> Val Avg RMSE (Real): 247.5547
2026-04-16 18:49:32,945 - INFO -     >>> Val MAE Details: ['181.9787', '144.2147', '236.3287']
2026-04-16 18:49:32,945 - INFO - ⏳ No improvement. Patience: 3/50
2026-04-16 18:50:46,606 - INFO - [Epoch 34] Train Loss: 0.0725 | LR: 0.000093
2026-04-16 18:50:46,607 - INFO -     >>> Val Avg RMSE (Real): 195.8207
2026-04-16 18:50:46,607 - INFO -     >>> Val MAE Details: ['127.7790', '129.7960', '173.3843']
2026-04-16 18:50:46,701 - INFO - 💾 Saved Best Model to ./logs/QMugs_repr_atomistic_graph_ComENet_Task3_20260416_180818/best_model.pth
2026-04-16 18:52:00,546 - INFO - [Epoch 35] Train Loss: 0.0732 | LR: 0.000093
2026-04-16 18:52:00,547 - INFO -     >>> Val Avg RMSE (Real): 216.7180
2026-04-16 18:52:00,547 - INFO -     >>> Val MAE Details: ['129.4174', '168.4933', '188.3459']
2026-04-16 18:52:00,547 - INFO - ⏳ No improvement. Patience: 1/50
2026-04-16 18:53:14,233 - INFO - [Epoch 36] Train Loss: 0.0718 | LR: 0.000092
2026-04-16 18:53:14,234 - INFO -     >>> Val Avg RMSE (Real): 198.5362
2026-04-16 18:53:14,234 - INFO -     >>> Val MAE Details: ['135.1217', '128.7732', '179.2200']
2026-04-16 18:53:14,234 - INFO - ⏳ No improvement. Patience: 2/50
2026-04-16 18:54:30,947 - INFO - [Epoch 37] Train Loss: 0.0702 | LR: 0.000092
2026-04-16 18:54:30,947 - INFO -     >>> Val Avg RMSE (Real): 197.6120
2026-04-16 18:54:30,947 - INFO -     >>> Val MAE Details: ['126.5890', '132.3117', '175.6165']
2026-04-16 18:54:30,948 - INFO - ⏳ No improvement. Patience: 3/50
2026-04-16 18:55:44,080 - INFO - [Epoch 38] Train Loss: 0.0696 | LR: 0.000091
2026-04-16 18:55:44,080 - INFO -     >>> Val Avg RMSE (Real): 190.4132
2026-04-16 18:55:44,080 - INFO -     >>> Val MAE Details: ['125.5080', '127.9599', '167.8826']
2026-04-16 18:55:44,183 - INFO - 💾 Saved Best Model to ./logs/QMugs_repr_atomistic_graph_ComENet_Task3_20260416_180818/best_model.pth
2026-04-16 18:56:58,072 - INFO - [Epoch 39] Train Loss: 0.0687 | LR: 0.000091
2026-04-16 18:56:58,072 - INFO -     >>> Val Avg RMSE (Real): 246.9426
2026-04-16 18:56:58,072 - INFO -     >>> Val MAE Details: ['127.1232', '202.7463', '244.0035']
2026-04-16 18:56:58,072 - INFO - ⏳ No improvement. Patience: 1/50
2026-04-16 18:58:11,989 - INFO - [Epoch 40] Train Loss: 0.0704 | LR: 0.000090
2026-04-16 18:58:11,989 - INFO -     >>> Val Avg RMSE (Real): 222.8378
2026-04-16 18:58:11,989 - INFO -     >>> Val MAE Details: ['161.9518', '182.4741', '171.8130']
2026-04-16 18:58:11,989 - INFO - ⏳ No improvement. Patience: 2/50
2026-04-16 18:59:25,002 - INFO - [Epoch 41] Train Loss: 0.0687 | LR: 0.000090
2026-04-16 18:59:25,002 - INFO -     >>> Val Avg RMSE (Real): 188.3290
2026-04-16 18:59:25,003 - INFO -     >>> Val MAE Details: ['127.6149', '126.7965', '164.0061']
2026-04-16 18:59:25,114 - INFO - 💾 Saved Best Model to ./logs/QMugs_repr_atomistic_graph_ComENet_Task3_20260416_180818/best_model.pth
2026-04-16 19:00:38,910 - INFO - [Epoch 42] Train Loss: 0.0678 | LR: 0.000090
2026-04-16 19:00:38,910 - INFO -     >>> Val Avg RMSE (Real): 194.1351
2026-04-16 19:00:38,910 - INFO -     >>> Val MAE Details: ['132.0020', '131.1308', '170.3080']
2026-04-16 19:00:38,910 - INFO - ⏳ No improvement. Patience: 1/50
2026-04-16 19:01:52,538 - INFO - [Epoch 43] Train Loss: 0.0672 | LR: 0.000089
2026-04-16 19:01:52,538 - INFO -     >>> Val Avg RMSE (Real): 202.1644
2026-04-16 19:01:52,538 - INFO -     >>> Val MAE Details: ['128.5695', '134.5896', '180.8633']
2026-04-16 19:01:52,539 - INFO - ⏳ No improvement. Patience: 2/50
2026-04-16 19:03:05,941 - INFO - [Epoch 44] Train Loss: 0.0676 | LR: 0.000089
2026-04-16 19:03:05,942 - INFO -     >>> Val Avg RMSE (Real): 205.0063
2026-04-16 19:03:05,942 - INFO -     >>> Val MAE Details: ['138.6479', '158.2566', '170.1476']
2026-04-16 19:03:05,942 - INFO - ⏳ No improvement. Patience: 3/50
2026-04-16 19:04:19,930 - INFO - [Epoch 45] Train Loss: 0.0651 | LR: 0.000088
2026-04-16 19:04:19,931 - INFO -     >>> Val Avg RMSE (Real): 191.4139
2026-04-16 19:04:19,931 - INFO -     >>> Val MAE Details: ['125.1635', '137.4599', '168.4001']
2026-04-16 19:04:19,931 - INFO - ⏳ No improvement. Patience: 4/50
2026-04-16 19:05:35,124 - INFO - [Epoch 46] Train Loss: 0.0658 | LR: 0.000088
2026-04-16 19:05:35,125 - INFO -     >>> Val Avg RMSE (Real): 193.3081
2026-04-16 19:05:35,125 - INFO -     >>> Val MAE Details: ['131.6313', '125.3650', '170.4807']
2026-04-16 19:05:35,125 - INFO - ⏳ No improvement. Patience: 5/50
2026-04-16 19:06:49,443 - INFO - [Epoch 47] Train Loss: 0.0655 | LR: 0.000087
2026-04-16 19:06:49,443 - INFO -     >>> Val Avg RMSE (Real): 202.6638
2026-04-16 19:06:49,444 - INFO -     >>> Val MAE Details: ['139.3761', '126.8932', '193.0483']
2026-04-16 19:06:49,444 - INFO - ⏳ No improvement. Patience: 6/50
2026-04-16 19:08:05,247 - INFO - [Epoch 48] Train Loss: 0.0642 | LR: 0.000086
2026-04-16 19:08:05,247 - INFO -     >>> Val Avg RMSE (Real): 196.1359
2026-04-16 19:08:05,247 - INFO -     >>> Val MAE Details: ['126.5955', '135.2620', '175.9833']
2026-04-16 19:08:05,247 - INFO - ⏳ No improvement. Patience: 7/50
2026-04-16 19:09:19,682 - INFO - [Epoch 49] Train Loss: 0.0642 | LR: 0.000086
2026-04-16 19:09:19,683 - INFO -     >>> Val Avg RMSE (Real): 201.7739
2026-04-16 19:09:19,683 - INFO -     >>> Val MAE Details: ['124.3834', '140.7187', '191.4608']
2026-04-16 19:09:19,683 - INFO - ⏳ No improvement. Patience: 8/50
2026-04-16 19:10:33,682 - INFO - [Epoch 50] Train Loss: 0.0641 | LR: 0.000085
2026-04-16 19:10:33,682 - INFO -     >>> Val Avg RMSE (Real): 192.1672
2026-04-16 19:10:33,682 - INFO -     >>> Val MAE Details: ['129.3059', '126.7841', '177.2861']
2026-04-16 19:10:33,682 - INFO - ⏳ No improvement. Patience: 9/50
2026-04-16 19:11:43,580 - INFO - [Epoch 51] Train Loss: 0.0635 | LR: 0.000085
2026-04-16 19:11:43,581 - INFO -     >>> Val Avg RMSE (Real): 187.4392
2026-04-16 19:11:43,581 - INFO -     >>> Val MAE Details: ['122.1437', '125.4257', '164.9867']
2026-04-16 19:11:43,679 - INFO - 💾 Saved Best Model to ./logs/QMugs_repr_atomistic_graph_ComENet_Task3_20260416_180818/best_model.pth
2026-04-16 19:12:52,901 - INFO - [Epoch 52] Train Loss: 0.0650 | LR: 0.000084
2026-04-16 19:12:52,902 - INFO -     >>> Val Avg RMSE (Real): 190.2355
2026-04-16 19:12:52,902 - INFO -     >>> Val MAE Details: ['121.8999', '137.1374', '168.7392']
2026-04-16 19:12:52,902 - INFO - ⏳ No improvement. Patience: 1/50
2026-04-16 19:14:02,970 - INFO - [Epoch 53] Train Loss: 0.0634 | LR: 0.000084
2026-04-16 19:14:02,970 - INFO -     >>> Val Avg RMSE (Real): 193.0995
2026-04-16 19:14:02,970 - INFO -     >>> Val MAE Details: ['123.9126', '132.6534', '168.5279']
2026-04-16 19:14:02,970 - INFO - ⏳ No improvement. Patience: 2/50
2026-04-16 19:15:12,202 - INFO - [Epoch 54] Train Loss: 0.0611 | LR: 0.000083
2026-04-16 19:15:12,203 - INFO -     >>> Val Avg RMSE (Real): 220.0996
2026-04-16 19:15:12,203 - INFO -     >>> Val MAE Details: ['159.8920', '129.3949', '207.9841']
2026-04-16 19:15:12,203 - INFO - ⏳ No improvement. Patience: 3/50
2026-04-16 19:16:21,312 - INFO - [Epoch 55] Train Loss: 0.0616 | LR: 0.000082
2026-04-16 19:16:21,313 - INFO -     >>> Val Avg RMSE (Real): 185.2887
2026-04-16 19:16:21,313 - INFO -     >>> Val MAE Details: ['125.5134', '123.2883', '165.4348']
2026-04-16 19:16:21,408 - INFO - 💾 Saved Best Model to ./logs/QMugs_repr_atomistic_graph_ComENet_Task3_20260416_180818/best_model.pth
2026-04-16 19:17:30,254 - INFO - [Epoch 56] Train Loss: 0.0618 | LR: 0.000082
2026-04-16 19:17:30,254 - INFO -     >>> Val Avg RMSE (Real): 196.6307
2026-04-16 19:17:30,254 - INFO -     >>> Val MAE Details: ['127.7712', '132.0192', '178.4421']
2026-04-16 19:17:30,254 - INFO - ⏳ No improvement. Patience: 1/50
2026-04-16 19:18:39,378 - INFO - [Epoch 57] Train Loss: 0.0602 | LR: 0.000081
2026-04-16 19:18:39,378 - INFO -     >>> Val Avg RMSE (Real): 202.6620
2026-04-16 19:18:39,378 - INFO -     >>> Val MAE Details: ['125.6373', '142.2972', '193.4254']
2026-04-16 19:18:39,378 - INFO - ⏳ No improvement. Patience: 2/50
2026-04-16 19:19:48,140 - INFO - [Epoch 58] Train Loss: 0.0607 | LR: 0.000081
2026-04-16 19:19:48,141 - INFO -     >>> Val Avg RMSE (Real): 190.7173
2026-04-16 19:19:48,141 - INFO -     >>> Val MAE Details: ['122.9430', '125.4869', '171.3859']
2026-04-16 19:19:48,141 - INFO - ⏳ No improvement. Patience: 3/50
2026-04-16 19:20:56,100 - INFO - [Epoch 59] Train Loss: 0.0592 | LR: 0.000080
2026-04-16 19:20:56,100 - INFO -     >>> Val Avg RMSE (Real): 186.5751
2026-04-16 19:20:56,100 - INFO -     >>> Val MAE Details: ['128.5201', '129.8300', '161.3951']
2026-04-16 19:20:56,100 - INFO - ⏳ No improvement. Patience: 4/50
2026-04-16 19:22:04,960 - INFO - [Epoch 60] Train Loss: 0.0595 | LR: 0.000079
2026-04-16 19:22:04,961 - INFO -     >>> Val Avg RMSE (Real): 183.2668
2026-04-16 19:22:04,961 - INFO -     >>> Val MAE Details: ['118.5961', '127.4501', '162.2578']
2026-04-16 19:22:05,071 - INFO - 💾 Saved Best Model to ./logs/QMugs_repr_atomistic_graph_ComENet_Task3_20260416_180818/best_model.pth
2026-04-16 19:23:13,701 - INFO - [Epoch 61] Train Loss: 0.0584 | LR: 0.000079
2026-04-16 19:23:13,701 - INFO -     >>> Val Avg RMSE (Real): 191.3797
2026-04-16 19:23:13,701 - INFO -     >>> Val MAE Details: ['127.3240', '127.1162', '170.4924']
2026-04-16 19:23:13,701 - INFO - ⏳ No improvement. Patience: 1/50
2026-04-16 19:24:23,007 - INFO - [Epoch 62] Train Loss: 0.0586 | LR: 0.000078
2026-04-16 19:24:23,007 - INFO -     >>> Val Avg RMSE (Real): 191.8374
2026-04-16 19:24:23,007 - INFO -     >>> Val MAE Details: ['123.7827', '128.7129', '170.2988']
2026-04-16 19:24:23,007 - INFO - ⏳ No improvement. Patience: 2/50
2026-04-16 19:25:31,987 - INFO - [Epoch 63] Train Loss: 0.0584 | LR: 0.000077
2026-04-16 19:25:31,987 - INFO -     >>> Val Avg RMSE (Real): 197.9635
2026-04-16 19:25:31,987 - INFO -     >>> Val MAE Details: ['127.8491', '133.4543', '180.3926']
2026-04-16 19:25:31,987 - INFO - ⏳ No improvement. Patience: 3/50
2026-04-16 19:26:40,667 - INFO - [Epoch 64] Train Loss: 0.0579 | LR: 0.000077
2026-04-16 19:26:40,667 - INFO -     >>> Val Avg RMSE (Real): 206.3766
2026-04-16 19:26:40,667 - INFO -     >>> Val MAE Details: ['144.9928', '137.9255', '182.9117']
2026-04-16 19:26:40,667 - INFO - ⏳ No improvement. Patience: 4/50
2026-04-16 19:27:49,082 - INFO - [Epoch 65] Train Loss: 0.0580 | LR: 0.000076
2026-04-16 19:27:49,082 - INFO -     >>> Val Avg RMSE (Real): 188.8803
2026-04-16 19:27:49,082 - INFO -     >>> Val MAE Details: ['122.4539', '128.2575', '167.2317']
2026-04-16 19:27:49,082 - INFO - ⏳ No improvement. Patience: 5/50
2026-04-16 19:28:58,785 - INFO - [Epoch 66] Train Loss: 0.0565 | LR: 0.000075
2026-04-16 19:28:58,785 - INFO -     >>> Val Avg RMSE (Real): 185.9063
2026-04-16 19:28:58,786 - INFO -     >>> Val MAE Details: ['119.4502', '134.0288', '161.5092']
2026-04-16 19:28:58,786 - INFO - ⏳ No improvement. Patience: 6/50
2026-04-16 19:30:08,345 - INFO - [Epoch 67] Train Loss: 0.0559 | LR: 0.000075
2026-04-16 19:30:08,346 - INFO -     >>> Val Avg RMSE (Real): 205.2506
2026-04-16 19:30:08,346 - INFO -     >>> Val MAE Details: ['143.7733', '128.2538', '194.8757']
2026-04-16 19:30:08,346 - INFO - ⏳ No improvement. Patience: 7/50
2026-04-16 19:31:17,978 - INFO - [Epoch 68] Train Loss: 0.0549 | LR: 0.000074
2026-04-16 19:31:17,978 - INFO -     >>> Val Avg RMSE (Real): 192.5805
2026-04-16 19:31:17,978 - INFO -     >>> Val MAE Details: ['120.1756', '148.2837', '171.9116']
2026-04-16 19:31:17,978 - INFO - ⏳ No improvement. Patience: 8/50
2026-04-16 19:32:27,936 - INFO - [Epoch 69] Train Loss: 0.0548 | LR: 0.000073
2026-04-16 19:32:27,937 - INFO -     >>> Val Avg RMSE (Real): 183.0711
2026-04-16 19:32:27,937 - INFO -     >>> Val MAE Details: ['125.5595', '126.3647', '158.7080']
2026-04-16 19:32:28,036 - INFO - 💾 Saved Best Model to ./logs/QMugs_repr_atomistic_graph_ComENet_Task3_20260416_180818/best_model.pth
2026-04-16 19:33:38,534 - INFO - [Epoch 70] Train Loss: 0.0555 | LR: 0.000073
2026-04-16 19:33:38,534 - INFO -     >>> Val Avg RMSE (Real): 184.7671
2026-04-16 19:33:38,534 - INFO -     >>> Val MAE Details: ['117.9174', '122.6950', '164.9820']
2026-04-16 19:33:38,534 - INFO - ⏳ No improvement. Patience: 1/50
2026-04-16 19:34:49,096 - INFO - [Epoch 71] Train Loss: 0.0543 | LR: 0.000072
2026-04-16 19:34:49,097 - INFO -     >>> Val Avg RMSE (Real): 188.5416
2026-04-16 19:34:49,097 - INFO -     >>> Val MAE Details: ['123.8634', '130.6969', '169.6514']
2026-04-16 19:34:49,097 - INFO - ⏳ No improvement. Patience: 2/50
2026-04-16 19:35:59,613 - INFO - [Epoch 72] Train Loss: 0.0541 | LR: 0.000071
2026-04-16 19:35:59,613 - INFO -     >>> Val Avg RMSE (Real): 190.6689
2026-04-16 19:35:59,613 - INFO -     >>> Val MAE Details: ['129.6740', '121.6607', '172.5457']
2026-04-16 19:35:59,613 - INFO - ⏳ No improvement. Patience: 3/50
2026-04-16 19:37:09,463 - INFO - [Epoch 73] Train Loss: 0.0532 | LR: 0.000071
2026-04-16 19:37:09,463 - INFO -     >>> Val Avg RMSE (Real): 189.5773
2026-04-16 19:37:09,463 - INFO -     >>> Val MAE Details: ['131.2748', '128.1005', '166.4413']
2026-04-16 19:37:09,463 - INFO - ⏳ No improvement. Patience: 4/50
2026-04-16 19:38:20,565 - INFO - [Epoch 74] Train Loss: 0.0534 | LR: 0.000070
2026-04-16 19:38:20,565 - INFO -     >>> Val Avg RMSE (Real): 184.0093
2026-04-16 19:38:20,565 - INFO -     >>> Val MAE Details: ['121.5979', '120.4541', '162.0421']
2026-04-16 19:38:20,565 - INFO - ⏳ No improvement. Patience: 5/50
2026-04-16 19:39:32,599 - INFO - [Epoch 75] Train Loss: 0.0535 | LR: 0.000069
2026-04-16 19:39:32,599 - INFO -     >>> Val Avg RMSE (Real): 185.5185
2026-04-16 19:39:32,599 - INFO -     >>> Val MAE Details: ['117.8547', '126.8081', '169.6665']
2026-04-16 19:39:32,599 - INFO - ⏳ No improvement. Patience: 6/50
2026-04-16 19:40:54,330 - INFO - [Epoch 76] Train Loss: 0.0519 | LR: 0.000068
2026-04-16 19:40:54,330 - INFO -     >>> Val Avg RMSE (Real): 183.2752
2026-04-16 19:40:54,330 - INFO -     >>> Val MAE Details: ['125.0451', '121.2746', '164.6712']
2026-04-16 19:40:54,330 - INFO - ⏳ No improvement. Patience: 7/50
2026-04-16 19:42:20,773 - INFO - [Epoch 77] Train Loss: 0.0530 | LR: 0.000068
2026-04-16 19:42:20,773 - INFO -     >>> Val Avg RMSE (Real): 183.0945
2026-04-16 19:42:20,774 - INFO -     >>> Val MAE Details: ['118.8603', '120.3688', '161.7169']
2026-04-16 19:42:20,774 - INFO - ⏳ No improvement. Patience: 8/50
2026-04-16 19:43:46,910 - INFO - [Epoch 78] Train Loss: 0.0519 | LR: 0.000067
2026-04-16 19:43:46,910 - INFO -     >>> Val Avg RMSE (Real): 183.8244
2026-04-16 19:43:46,910 - INFO -     >>> Val MAE Details: ['119.6697', '120.9233', '162.0460']
2026-04-16 19:43:46,910 - INFO - ⏳ No improvement. Patience: 9/50
2026-04-16 19:45:10,747 - INFO - [Epoch 79] Train Loss: 0.0506 | LR: 0.000066
2026-04-16 19:45:10,747 - INFO -     >>> Val Avg RMSE (Real): 188.1925
2026-04-16 19:45:10,747 - INFO -     >>> Val MAE Details: ['116.8556', '132.1606', '170.1472']
2026-04-16 19:45:10,747 - INFO - ⏳ No improvement. Patience: 10/50
2026-04-16 19:46:33,273 - INFO - [Epoch 80] Train Loss: 0.0511 | LR: 0.000065
2026-04-16 19:46:33,273 - INFO -     >>> Val Avg RMSE (Real): 188.8992
2026-04-16 19:46:33,274 - INFO -     >>> Val MAE Details: ['129.2616', '124.7940', '165.4362']
2026-04-16 19:46:33,274 - INFO - ⏳ No improvement. Patience: 11/50
2026-04-16 19:47:55,750 - INFO - [Epoch 81] Train Loss: 0.0509 | LR: 0.000065
2026-04-16 19:47:55,751 - INFO -     >>> Val Avg RMSE (Real): 182.2442
2026-04-16 19:47:55,751 - INFO -     >>> Val MAE Details: ['121.3989', '119.4271', '163.2369']
2026-04-16 19:47:55,884 - INFO - 💾 Saved Best Model to ./logs/QMugs_repr_atomistic_graph_ComENet_Task3_20260416_180818/best_model.pth
2026-04-16 19:49:18,981 - INFO - [Epoch 82] Train Loss: 0.0515 | LR: 0.000064
2026-04-16 19:49:18,982 - INFO -     >>> Val Avg RMSE (Real): 183.4936
2026-04-16 19:49:18,983 - INFO -     >>> Val MAE Details: ['118.6849', '122.8781', '168.2973']
2026-04-16 19:49:18,983 - INFO - ⏳ No improvement. Patience: 1/50
2026-04-16 19:50:40,075 - INFO - [Epoch 83] Train Loss: 0.0497 | LR: 0.000063
2026-04-16 19:50:40,075 - INFO -     >>> Val Avg RMSE (Real): 180.0788
2026-04-16 19:50:40,076 - INFO -     >>> Val MAE Details: ['117.4475', '121.1918', '160.5086']
2026-04-16 19:50:40,173 - INFO - 💾 Saved Best Model to ./logs/QMugs_repr_atomistic_graph_ComENet_Task3_20260416_180818/best_model.pth
2026-04-16 19:52:04,698 - INFO - [Epoch 84] Train Loss: 0.0501 | LR: 0.000062
2026-04-16 19:52:04,698 - INFO -     >>> Val Avg RMSE (Real): 196.9848
2026-04-16 19:52:04,698 - INFO -     >>> Val MAE Details: ['125.1657', '134.1285', '182.8922']
2026-04-16 19:52:04,698 - INFO - ⏳ No improvement. Patience: 1/50
2026-04-16 19:53:30,325 - INFO - [Epoch 85] Train Loss: 0.0495 | LR: 0.000062
2026-04-16 19:53:30,326 - INFO -     >>> Val Avg RMSE (Real): 183.3000
2026-04-16 19:53:30,326 - INFO -     >>> Val MAE Details: ['119.2585', '126.6356', '161.3106']
2026-04-16 19:53:30,326 - INFO - ⏳ No improvement. Patience: 2/50
2026-04-16 19:54:56,892 - INFO - [Epoch 86] Train Loss: 0.0501 | LR: 0.000061
2026-04-16 19:54:56,893 - INFO -     >>> Val Avg RMSE (Real): 187.5258
2026-04-16 19:54:56,893 - INFO -     >>> Val MAE Details: ['129.1656', '121.1959', '164.4279']
2026-04-16 19:54:56,893 - INFO - ⏳ No improvement. Patience: 3/50
2026-04-16 19:56:20,797 - INFO - [Epoch 87] Train Loss: 0.0492 | LR: 0.000060
2026-04-16 19:56:20,798 - INFO -     >>> Val Avg RMSE (Real): 188.2967
2026-04-16 19:56:20,798 - INFO -     >>> Val MAE Details: ['123.1038', '123.6674', '167.0905']
2026-04-16 19:56:20,798 - INFO - ⏳ No improvement. Patience: 4/50
2026-04-16 19:57:44,654 - INFO - [Epoch 88] Train Loss: 0.0488 | LR: 0.000059
2026-04-16 19:57:44,654 - INFO -     >>> Val Avg RMSE (Real): 190.0829
2026-04-16 19:57:44,654 - INFO -     >>> Val MAE Details: ['121.4941', '127.5684', '171.1605']
2026-04-16 19:57:44,654 - INFO - ⏳ No improvement. Patience: 5/50
2026-04-16 19:59:09,184 - INFO - [Epoch 89] Train Loss: 0.0485 | LR: 0.000059
2026-04-16 19:59:09,184 - INFO -     >>> Val Avg RMSE (Real): 181.9161
2026-04-16 19:59:09,184 - INFO -     >>> Val MAE Details: ['122.6267', '117.4092', '161.1698']
2026-04-16 19:59:09,184 - INFO - ⏳ No improvement. Patience: 6/50
2026-04-16 20:00:32,294 - INFO - [Epoch 90] Train Loss: 0.0477 | LR: 0.000058
2026-04-16 20:00:32,294 - INFO -     >>> Val Avg RMSE (Real): 186.7580
2026-04-16 20:00:32,294 - INFO -     >>> Val MAE Details: ['131.1198', '131.5611', '156.3401']
2026-04-16 20:00:32,294 - INFO - ⏳ No improvement. Patience: 7/50
2026-04-16 20:01:54,773 - INFO - [Epoch 91] Train Loss: 0.0472 | LR: 0.000057
2026-04-16 20:01:54,773 - INFO -     >>> Val Avg RMSE (Real): 179.1328
2026-04-16 20:01:54,773 - INFO -     >>> Val MAE Details: ['113.8401', '123.2693', '160.8169']
2026-04-16 20:01:54,892 - INFO - 💾 Saved Best Model to ./logs/QMugs_repr_atomistic_graph_ComENet_Task3_20260416_180818/best_model.pth
2026-04-16 20:03:20,417 - INFO - [Epoch 92] Train Loss: 0.0472 | LR: 0.000056
2026-04-16 20:03:20,418 - INFO -     >>> Val Avg RMSE (Real): 186.0582
2026-04-16 20:03:20,418 - INFO -     >>> Val MAE Details: ['121.1820', '128.1078', '165.2907']
2026-04-16 20:03:20,418 - INFO - ⏳ No improvement. Patience: 1/50
2026-04-16 20:04:47,210 - INFO - [Epoch 93] Train Loss: 0.0469 | LR: 0.000055
2026-04-16 20:04:47,211 - INFO -     >>> Val Avg RMSE (Real): 185.2581
2026-04-16 20:04:47,211 - INFO -     >>> Val MAE Details: ['124.6652', '122.6383', '166.3175']
2026-04-16 20:04:47,211 - INFO - ⏳ No improvement. Patience: 2/50
2026-04-16 20:06:13,057 - INFO - [Epoch 94] Train Loss: 0.0468 | LR: 0.000055
2026-04-16 20:06:13,057 - INFO -     >>> Val Avg RMSE (Real): 185.4838
2026-04-16 20:06:13,057 - INFO -     >>> Val MAE Details: ['117.5308', '133.8394', '163.5040']
2026-04-16 20:06:13,057 - INFO - ⏳ No improvement. Patience: 3/50
2026-04-16 20:07:36,361 - INFO - [Epoch 95] Train Loss: 0.0462 | LR: 0.000054
2026-04-16 20:07:36,361 - INFO -     >>> Val Avg RMSE (Real): 184.9264
2026-04-16 20:07:36,361 - INFO -     >>> Val MAE Details: ['118.6263', '132.8167', '159.3220']
2026-04-16 20:07:36,361 - INFO - ⏳ No improvement. Patience: 4/50
2026-04-16 20:08:59,116 - INFO - [Epoch 96] Train Loss: 0.0460 | LR: 0.000053
2026-04-16 20:08:59,116 - INFO -     >>> Val Avg RMSE (Real): 180.6510
2026-04-16 20:08:59,116 - INFO -     >>> Val MAE Details: ['118.9614', '119.5482', '160.5658']
2026-04-16 20:08:59,116 - INFO - ⏳ No improvement. Patience: 5/50
2026-04-16 20:10:20,922 - INFO - [Epoch 97] Train Loss: 0.0457 | LR: 0.000052
2026-04-16 20:10:20,922 - INFO -     >>> Val Avg RMSE (Real): 179.7390
2026-04-16 20:10:20,922 - INFO -     >>> Val MAE Details: ['119.1349', '117.6426', '157.3145']
2026-04-16 20:10:20,923 - INFO - ⏳ No improvement. Patience: 6/50
2026-04-16 20:11:46,329 - INFO - [Epoch 98] Train Loss: 0.0454 | LR: 0.000052
2026-04-16 20:11:46,329 - INFO -     >>> Val Avg RMSE (Real): 175.2045
2026-04-16 20:11:46,330 - INFO -     >>> Val MAE Details: ['115.0531', '118.1976', '152.8862']
2026-04-16 20:11:46,453 - INFO - 💾 Saved Best Model to ./logs/QMugs_repr_atomistic_graph_ComENet_Task3_20260416_180818/best_model.pth
2026-04-16 20:13:10,217 - INFO - [Epoch 99] Train Loss: 0.0451 | LR: 0.000051
2026-04-16 20:13:10,218 - INFO -     >>> Val Avg RMSE (Real): 184.4117
2026-04-16 20:13:10,218 - INFO -     >>> Val MAE Details: ['119.5061', '134.3778', '161.1109']
2026-04-16 20:13:10,218 - INFO - ⏳ No improvement. Patience: 1/50
2026-04-16 20:14:32,959 - INFO - [Epoch 100] Train Loss: 0.0444 | LR: 0.000050
2026-04-16 20:14:32,959 - INFO -     >>> Val Avg RMSE (Real): 178.1268
2026-04-16 20:14:32,959 - INFO -     >>> Val MAE Details: ['120.8441', '120.3012', '154.7304']
2026-04-16 20:14:32,959 - INFO - ⏳ No improvement. Patience: 2/50
2026-04-16 20:15:56,696 - INFO - [Epoch 101] Train Loss: 0.0443 | LR: 0.000049
2026-04-16 20:15:56,697 - INFO -     >>> Val Avg RMSE (Real): 175.4330
2026-04-16 20:15:56,697 - INFO -     >>> Val MAE Details: ['116.3229', '118.5548', '153.7322']
2026-04-16 20:15:56,697 - INFO - ⏳ No improvement. Patience: 3/50
2026-04-16 20:17:22,162 - INFO - [Epoch 102] Train Loss: 0.0440 | LR: 0.000048
2026-04-16 20:17:22,162 - INFO -     >>> Val Avg RMSE (Real): 180.2207
2026-04-16 20:17:22,163 - INFO -     >>> Val MAE Details: ['119.7871', '121.5322', '153.9983']
2026-04-16 20:17:22,163 - INFO - ⏳ No improvement. Patience: 4/50
2026-04-16 20:18:45,031 - INFO - [Epoch 103] Train Loss: 0.0435 | LR: 0.000048
2026-04-16 20:18:45,031 - INFO -     >>> Val Avg RMSE (Real): 180.6051
2026-04-16 20:18:45,031 - INFO -     >>> Val MAE Details: ['120.9236', '120.3517', '157.3538']
2026-04-16 20:18:45,032 - INFO - ⏳ No improvement. Patience: 5/50
2026-04-16 20:20:10,530 - INFO - [Epoch 104] Train Loss: 0.0430 | LR: 0.000047
2026-04-16 20:20:10,531 - INFO -     >>> Val Avg RMSE (Real): 176.2393
2026-04-16 20:20:10,531 - INFO -     >>> Val MAE Details: ['115.7520', '116.7018', '157.1825']
2026-04-16 20:20:10,531 - INFO - ⏳ No improvement. Patience: 6/50
2026-04-16 20:21:33,122 - INFO - [Epoch 105] Train Loss: 0.0430 | LR: 0.000046
2026-04-16 20:21:33,122 - INFO -     >>> Val Avg RMSE (Real): 176.4503
2026-04-16 20:21:33,122 - INFO -     >>> Val MAE Details: ['114.3476', '117.0757', '154.6396']
2026-04-16 20:21:33,123 - INFO - ⏳ No improvement. Patience: 7/50
2026-04-16 20:22:56,470 - INFO - [Epoch 106] Train Loss: 0.0424 | LR: 0.000045
2026-04-16 20:22:56,471 - INFO -     >>> Val Avg RMSE (Real): 177.0982
2026-04-16 20:22:56,471 - INFO -     >>> Val MAE Details: ['113.8276', '121.8917', '156.2866']
2026-04-16 20:22:56,471 - INFO - ⏳ No improvement. Patience: 8/50
2026-04-16 20:24:20,593 - INFO - [Epoch 107] Train Loss: 0.0419 | LR: 0.000045
2026-04-16 20:24:20,593 - INFO -     >>> Val Avg RMSE (Real): 180.5513
2026-04-16 20:24:20,593 - INFO -     >>> Val MAE Details: ['114.2675', '125.6179', '156.2329']
2026-04-16 20:24:20,593 - INFO - ⏳ No improvement. Patience: 9/50
2026-04-16 20:25:43,465 - INFO - [Epoch 108] Train Loss: 0.0414 | LR: 0.000044
2026-04-16 20:25:43,466 - INFO -     >>> Val Avg RMSE (Real): 174.7773
2026-04-16 20:25:43,466 - INFO -     >>> Val MAE Details: ['114.4716', '116.9204', '153.3610']
2026-04-16 20:25:43,882 - INFO - 💾 Saved Best Model to ./logs/QMugs_repr_atomistic_graph_ComENet_Task3_20260416_180818/best_model.pth
2026-04-16 20:27:07,449 - INFO - [Epoch 109] Train Loss: 0.0418 | LR: 0.000043
2026-04-16 20:27:07,451 - INFO -     >>> Val Avg RMSE (Real): 177.0949
2026-04-16 20:27:07,451 - INFO -     >>> Val MAE Details: ['121.9952', '116.8960', '153.4515']
2026-04-16 20:27:07,451 - INFO - ⏳ No improvement. Patience: 1/50
2026-04-16 20:28:31,299 - INFO - [Epoch 110] Train Loss: 0.0417 | LR: 0.000042
2026-04-16 20:28:31,299 - INFO -     >>> Val Avg RMSE (Real): 191.7273
2026-04-16 20:28:31,300 - INFO -     >>> Val MAE Details: ['115.6174', '137.1870', '175.0576']
2026-04-16 20:28:31,300 - INFO - ⏳ No improvement. Patience: 2/50
2026-04-16 20:30:00,057 - INFO - [Epoch 111] Train Loss: 0.0411 | LR: 0.000041
2026-04-16 20:30:00,058 - INFO -     >>> Val Avg RMSE (Real): 173.3592
2026-04-16 20:30:00,058 - INFO -     >>> Val MAE Details: ['113.1129', '113.9748', '152.9937']
2026-04-16 20:30:00,164 - INFO - 💾 Saved Best Model to ./logs/QMugs_repr_atomistic_graph_ComENet_Task3_20260416_180818/best_model.pth
2026-04-16 20:31:23,910 - INFO - [Epoch 112] Train Loss: 0.0408 | LR: 0.000041
2026-04-16 20:31:23,911 - INFO -     >>> Val Avg RMSE (Real): 178.9596
2026-04-16 20:31:23,911 - INFO -     >>> Val MAE Details: ['120.6607', '118.3644', '158.0661']
2026-04-16 20:31:23,911 - INFO - ⏳ No improvement. Patience: 1/50
2026-04-16 20:32:46,025 - INFO - [Epoch 113] Train Loss: 0.0400 | LR: 0.000040
2026-04-16 20:32:46,025 - INFO -     >>> Val Avg RMSE (Real): 177.3303
2026-04-16 20:32:46,025 - INFO -     >>> Val MAE Details: ['120.3968', '114.3420', '157.5186']
2026-04-16 20:32:46,025 - INFO - ⏳ No improvement. Patience: 2/50
2026-04-16 20:34:11,543 - INFO - [Epoch 114] Train Loss: 0.0403 | LR: 0.000039
2026-04-16 20:34:11,544 - INFO -     >>> Val Avg RMSE (Real): 178.2856
2026-04-16 20:34:11,544 - INFO -     >>> Val MAE Details: ['115.7248', '120.5481', '157.9730']
2026-04-16 20:34:11,544 - INFO - ⏳ No improvement. Patience: 3/50
2026-04-16 20:35:34,915 - INFO - [Epoch 115] Train Loss: 0.0399 | LR: 0.000038
2026-04-16 20:35:34,915 - INFO -     >>> Val Avg RMSE (Real): 176.8810
2026-04-16 20:35:34,915 - INFO -     >>> Val MAE Details: ['118.6923', '114.2966', '159.4227']
2026-04-16 20:35:34,915 - INFO - ⏳ No improvement. Patience: 4/50
2026-04-16 20:36:59,298 - INFO - [Epoch 116] Train Loss: 0.0393 | LR: 0.000038
2026-04-16 20:36:59,298 - INFO -     >>> Val Avg RMSE (Real): 180.0972
2026-04-16 20:36:59,298 - INFO -     >>> Val MAE Details: ['112.9829', '125.7847', '158.0698']
2026-04-16 20:36:59,298 - INFO - ⏳ No improvement. Patience: 5/50
2026-04-16 20:38:23,503 - INFO - [Epoch 117] Train Loss: 0.0391 | LR: 0.000037
2026-04-16 20:38:23,503 - INFO -     >>> Val Avg RMSE (Real): 191.1411
2026-04-16 20:38:23,503 - INFO -     >>> Val MAE Details: ['129.8622', '115.7668', '174.0025']
2026-04-16 20:38:23,503 - INFO - ⏳ No improvement. Patience: 6/50
2026-04-16 20:39:45,955 - INFO - [Epoch 118] Train Loss: 0.0390 | LR: 0.000036
2026-04-16 20:39:45,956 - INFO -     >>> Val Avg RMSE (Real): 183.5165
2026-04-16 20:39:45,956 - INFO -     >>> Val MAE Details: ['115.0701', '124.8154', '167.0176']
2026-04-16 20:39:45,956 - INFO - ⏳ No improvement. Patience: 7/50
2026-04-16 20:41:11,390 - INFO - [Epoch 119] Train Loss: 0.0387 | LR: 0.000035
2026-04-16 20:41:11,390 - INFO -     >>> Val Avg RMSE (Real): 179.0734
2026-04-16 20:41:11,390 - INFO -     >>> Val MAE Details: ['111.9562', '124.6802', '160.9746']
2026-04-16 20:41:11,390 - INFO - ⏳ No improvement. Patience: 8/50
2026-04-16 20:42:39,622 - INFO - [Epoch 120] Train Loss: 0.0383 | LR: 0.000035
2026-04-16 20:42:39,622 - INFO -     >>> Val Avg RMSE (Real): 177.5531
2026-04-16 20:42:39,622 - INFO -     >>> Val MAE Details: ['113.5360', '120.1930', '159.7957']
2026-04-16 20:42:39,622 - INFO - ⏳ No improvement. Patience: 9/50
2026-04-16 20:44:06,607 - INFO - [Epoch 121] Train Loss: 0.0375 | LR: 0.000034
2026-04-16 20:44:06,607 - INFO -     >>> Val Avg RMSE (Real): 177.8361
2026-04-16 20:44:06,607 - INFO -     >>> Val MAE Details: ['115.9691', '119.3431', '156.0262']
2026-04-16 20:44:06,607 - INFO - ⏳ No improvement. Patience: 10/50
2026-04-16 20:45:32,220 - INFO - [Epoch 122] Train Loss: 0.0375 | LR: 0.000033
2026-04-16 20:45:32,221 - INFO -     >>> Val Avg RMSE (Real): 172.9581
2026-04-16 20:45:32,221 - INFO -     >>> Val MAE Details: ['113.1088', '114.5168', '153.3198']
2026-04-16 20:45:32,323 - INFO - 💾 Saved Best Model to ./logs/QMugs_repr_atomistic_graph_ComENet_Task3_20260416_180818/best_model.pth
2026-04-16 20:46:59,892 - INFO - [Epoch 123] Train Loss: 0.0369 | LR: 0.000032
2026-04-16 20:46:59,892 - INFO -     >>> Val Avg RMSE (Real): 174.8035
2026-04-16 20:46:59,892 - INFO -     >>> Val MAE Details: ['114.4541', '116.7947', '152.5712']
2026-04-16 20:46:59,892 - INFO - ⏳ No improvement. Patience: 1/50
2026-04-16 20:48:26,586 - INFO - [Epoch 124] Train Loss: 0.0372 | LR: 0.000032
2026-04-16 20:48:26,586 - INFO -     >>> Val Avg RMSE (Real): 174.5783
2026-04-16 20:48:26,586 - INFO -     >>> Val MAE Details: ['119.0998', '114.2529', '152.4191']
2026-04-16 20:48:26,586 - INFO - ⏳ No improvement. Patience: 2/50
2026-04-16 20:49:50,561 - INFO - [Epoch 125] Train Loss: 0.0366 | LR: 0.000031
2026-04-16 20:49:50,561 - INFO -     >>> Val Avg RMSE (Real): 177.5598
2026-04-16 20:49:50,561 - INFO -     >>> Val MAE Details: ['119.6402', '117.9989', '154.1587']
2026-04-16 20:49:50,561 - INFO - ⏳ No improvement. Patience: 3/50
2026-04-16 20:51:16,951 - INFO - [Epoch 126] Train Loss: 0.0362 | LR: 0.000030
2026-04-16 20:51:16,951 - INFO -     >>> Val Avg RMSE (Real): 171.5062
2026-04-16 20:51:16,951 - INFO -     >>> Val MAE Details: ['111.0689', '115.8469', '152.1112']
2026-04-16 20:51:17,056 - INFO - 💾 Saved Best Model to ./logs/QMugs_repr_atomistic_graph_ComENet_Task3_20260416_180818/best_model.pth
2026-04-16 20:52:41,727 - INFO - [Epoch 127] Train Loss: 0.0361 | LR: 0.000029
2026-04-16 20:52:41,728 - INFO -     >>> Val Avg RMSE (Real): 175.1898
2026-04-16 20:52:41,728 - INFO -     >>> Val MAE Details: ['116.1221', '117.9859', '153.2732']
2026-04-16 20:52:41,728 - INFO - ⏳ No improvement. Patience: 1/50
2026-04-16 20:54:05,045 - INFO - [Epoch 128] Train Loss: 0.0362 | LR: 0.000029
2026-04-16 20:54:05,046 - INFO -     >>> Val Avg RMSE (Real): 180.4951
2026-04-16 20:54:05,046 - INFO -     >>> Val MAE Details: ['119.1630', '115.1488', '160.3234']
2026-04-16 20:54:05,046 - INFO - ⏳ No improvement. Patience: 2/50
2026-04-16 20:55:26,306 - INFO - [Epoch 129] Train Loss: 0.0353 | LR: 0.000028
2026-04-16 20:55:26,306 - INFO -     >>> Val Avg RMSE (Real): 175.3613
2026-04-16 20:55:26,306 - INFO -     >>> Val MAE Details: ['115.0983', '118.8085', '152.7965']
2026-04-16 20:55:26,306 - INFO - ⏳ No improvement. Patience: 3/50
2026-04-16 20:56:50,456 - INFO - [Epoch 130] Train Loss: 0.0354 | LR: 0.000027
2026-04-16 20:56:50,456 - INFO -     >>> Val Avg RMSE (Real): 176.0732
2026-04-16 20:56:50,456 - INFO -     >>> Val MAE Details: ['112.3913', '118.5919', '156.0463']
2026-04-16 20:56:50,456 - INFO - ⏳ No improvement. Patience: 4/50
2026-04-16 20:58:12,324 - INFO - [Epoch 131] Train Loss: 0.0355 | LR: 0.000027
2026-04-16 20:58:12,324 - INFO -     >>> Val Avg RMSE (Real): 175.4364
2026-04-16 20:58:12,324 - INFO -     >>> Val MAE Details: ['113.4469', '115.6426', '155.8554']
2026-04-16 20:58:12,324 - INFO - ⏳ No improvement. Patience: 5/50
2026-04-16 20:59:36,622 - INFO - [Epoch 132] Train Loss: 0.0348 | LR: 0.000026
2026-04-16 20:59:36,622 - INFO -     >>> Val Avg RMSE (Real): 174.1915
2026-04-16 20:59:36,622 - INFO -     >>> Val MAE Details: ['116.5980', '115.6171', '152.8633']
2026-04-16 20:59:36,622 - INFO - ⏳ No improvement. Patience: 6/50
2026-04-16 21:00:59,776 - INFO - [Epoch 133] Train Loss: 0.0345 | LR: 0.000025
2026-04-16 21:00:59,777 - INFO -     >>> Val Avg RMSE (Real): 173.9477
2026-04-16 21:00:59,777 - INFO -     >>> Val MAE Details: ['115.1728', '114.6607', '155.3071']
2026-04-16 21:00:59,777 - INFO - ⏳ No improvement. Patience: 7/50
2026-04-16 21:02:22,367 - INFO - [Epoch 134] Train Loss: 0.0342 | LR: 0.000025
2026-04-16 21:02:22,368 - INFO -     >>> Val Avg RMSE (Real): 177.5231
2026-04-16 21:02:22,368 - INFO -     >>> Val MAE Details: ['116.3061', '117.0524', '158.4452']
2026-04-16 21:02:22,368 - INFO - ⏳ No improvement. Patience: 8/50
2026-04-16 21:03:43,437 - INFO - [Epoch 135] Train Loss: 0.0338 | LR: 0.000024
2026-04-16 21:03:43,437 - INFO -     >>> Val Avg RMSE (Real): 176.0092
2026-04-16 21:03:43,437 - INFO -     >>> Val MAE Details: ['119.0547', '114.1878', '154.0104']
2026-04-16 21:03:43,437 - INFO - ⏳ No improvement. Patience: 9/50
2026-04-16 21:05:13,160 - INFO - [Epoch 136] Train Loss: 0.0332 | LR: 0.000023
2026-04-16 21:05:13,161 - INFO -     >>> Val Avg RMSE (Real): 173.4170
2026-04-16 21:05:13,161 - INFO -     >>> Val MAE Details: ['115.6776', '113.6216', '153.1007']
2026-04-16 21:05:13,161 - INFO - ⏳ No improvement. Patience: 10/50
2026-04-16 21:06:47,922 - INFO - [Epoch 137] Train Loss: 0.0334 | LR: 0.000023
2026-04-16 21:06:47,923 - INFO -     >>> Val Avg RMSE (Real): 171.6753
2026-04-16 21:06:47,923 - INFO -     >>> Val MAE Details: ['113.6345', '112.3516', '152.2275']
2026-04-16 21:06:47,923 - INFO - ⏳ No improvement. Patience: 11/50
2026-04-16 21:08:16,658 - INFO - [Epoch 138] Train Loss: 0.0332 | LR: 0.000022
2026-04-16 21:08:16,658 - INFO -     >>> Val Avg RMSE (Real): 172.4224
2026-04-16 21:08:16,658 - INFO -     >>> Val MAE Details: ['112.8867', '112.6177', '152.4698']
2026-04-16 21:08:16,658 - INFO - ⏳ No improvement. Patience: 12/50
2026-04-16 21:09:39,434 - INFO - [Epoch 139] Train Loss: 0.0327 | LR: 0.000021
2026-04-16 21:09:39,435 - INFO -     >>> Val Avg RMSE (Real): 175.0627
2026-04-16 21:09:39,435 - INFO -     >>> Val MAE Details: ['111.5128', '117.9269', '152.8988']
2026-04-16 21:09:39,435 - INFO - ⏳ No improvement. Patience: 13/50
2026-04-16 21:11:01,681 - INFO - [Epoch 140] Train Loss: 0.0325 | LR: 0.000021
2026-04-16 21:11:01,681 - INFO -     >>> Val Avg RMSE (Real): 171.4805
2026-04-16 21:11:01,681 - INFO -     >>> Val MAE Details: ['110.8941', '113.0005', '151.7073']
2026-04-16 21:11:01,823 - INFO - 💾 Saved Best Model to ./logs/QMugs_repr_atomistic_graph_ComENet_Task3_20260416_180818/best_model.pth
2026-04-16 21:12:25,412 - INFO - [Epoch 141] Train Loss: 0.0325 | LR: 0.000020
2026-04-16 21:12:25,412 - INFO -     >>> Val Avg RMSE (Real): 170.4672
2026-04-16 21:12:25,412 - INFO -     >>> Val MAE Details: ['110.6951', '112.3066', '149.6373']
2026-04-16 21:12:25,552 - INFO - 💾 Saved Best Model to ./logs/QMugs_repr_atomistic_graph_ComENet_Task3_20260416_180818/best_model.pth
2026-04-16 21:13:49,089 - INFO - [Epoch 142] Train Loss: 0.0318 | LR: 0.000019
2026-04-16 21:13:49,090 - INFO -     >>> Val Avg RMSE (Real): 176.0562
2026-04-16 21:13:49,090 - INFO -     >>> Val MAE Details: ['120.3123', '111.2127', '158.8057']
2026-04-16 21:13:49,090 - INFO - ⏳ No improvement. Patience: 1/50
2026-04-16 21:15:12,090 - INFO - [Epoch 143] Train Loss: 0.0317 | LR: 0.000019
2026-04-16 21:15:12,090 - INFO -     >>> Val Avg RMSE (Real): 179.7557
2026-04-16 21:15:12,090 - INFO -     >>> Val MAE Details: ['126.3710', '112.6687', '158.5225']
2026-04-16 21:15:12,091 - INFO - ⏳ No improvement. Patience: 2/50
2026-04-16 21:16:34,098 - INFO - [Epoch 144] Train Loss: 0.0315 | LR: 0.000018
2026-04-16 21:16:34,098 - INFO -     >>> Val Avg RMSE (Real): 171.5560
2026-04-16 21:16:34,098 - INFO -     >>> Val MAE Details: ['111.3371', '112.0891', '151.9813']
2026-04-16 21:16:34,098 - INFO - ⏳ No improvement. Patience: 3/50
2026-04-16 21:17:55,734 - INFO - [Epoch 145] Train Loss: 0.0312 | LR: 0.000018
2026-04-16 21:17:55,735 - INFO -     >>> Val Avg RMSE (Real): 171.3554
2026-04-16 21:17:55,735 - INFO -     >>> Val MAE Details: ['114.0709', '113.1064', '150.6829']
2026-04-16 21:17:55,735 - INFO - ⏳ No improvement. Patience: 4/50
2026-04-16 21:19:17,565 - INFO - [Epoch 146] Train Loss: 0.0311 | LR: 0.000017
2026-04-16 21:19:17,565 - INFO -     >>> Val Avg RMSE (Real): 170.8711
2026-04-16 21:19:17,565 - INFO -     >>> Val MAE Details: ['111.5727', '114.1772', '149.5857']
2026-04-16 21:19:17,565 - INFO - ⏳ No improvement. Patience: 5/50
2026-04-16 21:20:38,490 - INFO - [Epoch 147] Train Loss: 0.0310 | LR: 0.000016
2026-04-16 21:20:38,491 - INFO -     >>> Val Avg RMSE (Real): 172.1549
2026-04-16 21:20:38,491 - INFO -     >>> Val MAE Details: ['112.0739', '112.5445', '151.9349']
2026-04-16 21:20:38,491 - INFO - ⏳ No improvement. Patience: 6/50
2026-04-16 21:22:07,424 - INFO - [Epoch 148] Train Loss: 0.0305 | LR: 0.000016
2026-04-16 21:22:07,424 - INFO -     >>> Val Avg RMSE (Real): 171.2434
2026-04-16 21:22:07,424 - INFO -     >>> Val MAE Details: ['113.1681', '115.3723', '149.0263']
2026-04-16 21:22:07,424 - INFO - ⏳ No improvement. Patience: 7/50
2026-04-16 21:23:40,617 - INFO - [Epoch 149] Train Loss: 0.0302 | LR: 0.000015
2026-04-16 21:23:40,617 - INFO -     >>> Val Avg RMSE (Real): 170.7335
2026-04-16 21:23:40,618 - INFO -     >>> Val MAE Details: ['113.2619', '112.5816', '148.4848']
2026-04-16 21:23:40,618 - INFO - ⏳ No improvement. Patience: 8/50
2026-04-16 21:25:17,787 - INFO - [Epoch 150] Train Loss: 0.0300 | LR: 0.000015
2026-04-16 21:25:17,788 - INFO -     >>> Val Avg RMSE (Real): 171.7028
2026-04-16 21:25:17,788 - INFO -     >>> Val MAE Details: ['112.5163', '113.0487', '151.9298']
2026-04-16 21:25:17,788 - INFO - ⏳ No improvement. Patience: 9/50
2026-04-16 21:26:54,784 - INFO - [Epoch 151] Train Loss: 0.0298 | LR: 0.000014
2026-04-16 21:26:54,784 - INFO -     >>> Val Avg RMSE (Real): 170.8492
2026-04-16 21:26:54,784 - INFO -     >>> Val MAE Details: ['112.5736', '113.6384', '149.3534']
2026-04-16 21:26:54,785 - INFO - ⏳ No improvement. Patience: 10/50
2026-04-16 21:28:30,493 - INFO - [Epoch 152] Train Loss: 0.0295 | LR: 0.000014
2026-04-16 21:28:30,494 - INFO -     >>> Val Avg RMSE (Real): 169.8324
2026-04-16 21:28:30,494 - INFO -     >>> Val MAE Details: ['111.1409', '110.7084', '149.0237']
2026-04-16 21:28:30,633 - INFO - 💾 Saved Best Model to ./logs/QMugs_repr_atomistic_graph_ComENet_Task3_20260416_180818/best_model.pth
2026-04-16 21:30:05,979 - INFO - [Epoch 153] Train Loss: 0.0292 | LR: 0.000013
2026-04-16 21:30:05,980 - INFO -     >>> Val Avg RMSE (Real): 170.9138
2026-04-16 21:30:05,980 - INFO -     >>> Val MAE Details: ['112.6946', '112.0702', '149.5105']
2026-04-16 21:30:05,980 - INFO - ⏳ No improvement. Patience: 1/50
2026-04-16 21:31:43,860 - INFO - [Epoch 154] Train Loss: 0.0291 | LR: 0.000012
2026-04-16 21:31:43,861 - INFO -     >>> Val Avg RMSE (Real): 170.2239
2026-04-16 21:31:43,861 - INFO -     >>> Val MAE Details: ['111.6341', '111.7459', '148.9187']
2026-04-16 21:31:43,861 - INFO - ⏳ No improvement. Patience: 2/50
2026-04-16 21:33:19,973 - INFO - [Epoch 155] Train Loss: 0.0289 | LR: 0.000012
2026-04-16 21:33:19,973 - INFO -     >>> Val Avg RMSE (Real): 172.3718
2026-04-16 21:33:19,973 - INFO -     >>> Val MAE Details: ['113.3010', '111.3483', '153.8370']
2026-04-16 21:33:19,973 - INFO - ⏳ No improvement. Patience: 3/50
2026-04-16 21:34:57,722 - INFO - [Epoch 156] Train Loss: 0.0287 | LR: 0.000011
2026-04-16 21:34:57,723 - INFO -     >>> Val Avg RMSE (Real): 174.2427
2026-04-16 21:34:57,723 - INFO -     >>> Val MAE Details: ['116.7646', '112.1391', '152.4148']
2026-04-16 21:34:57,723 - INFO - ⏳ No improvement. Patience: 4/50
2026-04-16 21:36:32,834 - INFO - [Epoch 157] Train Loss: 0.0285 | LR: 0.000011
2026-04-16 21:36:32,835 - INFO -     >>> Val Avg RMSE (Real): 168.6240
2026-04-16 21:36:32,835 - INFO -     >>> Val MAE Details: ['110.2272', '110.1490', '149.1861']
2026-04-16 21:36:32,936 - INFO - 💾 Saved Best Model to ./logs/QMugs_repr_atomistic_graph_ComENet_Task3_20260416_180818/best_model.pth
2026-04-16 21:38:07,856 - INFO - [Epoch 158] Train Loss: 0.0282 | LR: 0.000010
2026-04-16 21:38:07,856 - INFO -     >>> Val Avg RMSE (Real): 170.2051
2026-04-16 21:38:07,856 - INFO -     >>> Val MAE Details: ['110.5990', '111.5846', '149.5839']
2026-04-16 21:38:07,856 - INFO - ⏳ No improvement. Patience: 1/50
2026-04-16 21:39:43,412 - INFO - [Epoch 159] Train Loss: 0.0280 | LR: 0.000010
2026-04-16 21:39:43,412 - INFO -     >>> Val Avg RMSE (Real): 169.0014
2026-04-16 21:39:43,412 - INFO -     >>> Val MAE Details: ['110.2908', '110.3912', '147.9379']
2026-04-16 21:39:43,412 - INFO - ⏳ No improvement. Patience: 2/50
2026-04-16 21:41:20,394 - INFO - [Epoch 160] Train Loss: 0.0278 | LR: 0.000010
2026-04-16 21:41:20,394 - INFO -     >>> Val Avg RMSE (Real): 174.9442
2026-04-16 21:41:20,394 - INFO -     >>> Val MAE Details: ['113.4344', '113.4165', '158.0320']
2026-04-16 21:41:20,395 - INFO - ⏳ No improvement. Patience: 3/50
2026-04-16 21:42:54,816 - INFO - [Epoch 161] Train Loss: 0.0277 | LR: 0.000009
2026-04-16 21:42:54,816 - INFO -     >>> Val Avg RMSE (Real): 171.4378
2026-04-16 21:42:54,816 - INFO -     >>> Val MAE Details: ['112.3033', '110.2411', '152.0957']
2026-04-16 21:42:54,816 - INFO - ⏳ No improvement. Patience: 4/50
2026-04-16 21:44:27,911 - INFO - [Epoch 162] Train Loss: 0.0274 | LR: 0.000009
2026-04-16 21:44:27,912 - INFO -     >>> Val Avg RMSE (Real): 172.5041
2026-04-16 21:44:27,912 - INFO -     >>> Val MAE Details: ['117.3750', '112.9886', '150.2300']
2026-04-16 21:44:27,912 - INFO - ⏳ No improvement. Patience: 5/50
2026-04-16 21:46:03,612 - INFO - [Epoch 163] Train Loss: 0.0273 | LR: 0.000008
2026-04-16 21:46:03,612 - INFO -     >>> Val Avg RMSE (Real): 169.7498
2026-04-16 21:46:03,612 - INFO -     >>> Val MAE Details: ['111.0051', '110.6654', '149.6301']
2026-04-16 21:46:03,612 - INFO - ⏳ No improvement. Patience: 6/50
2026-04-16 21:47:39,218 - INFO - [Epoch 164] Train Loss: 0.0270 | LR: 0.000008
2026-04-16 21:47:39,218 - INFO -     >>> Val Avg RMSE (Real): 171.3365
2026-04-16 21:47:39,219 - INFO -     >>> Val MAE Details: ['111.9110', '111.2800', '151.3235']
2026-04-16 21:47:39,219 - INFO - ⏳ No improvement. Patience: 7/50
2026-04-16 21:49:17,781 - INFO - [Epoch 165] Train Loss: 0.0268 | LR: 0.000007
2026-04-16 21:49:17,781 - INFO -     >>> Val Avg RMSE (Real): 172.9028
2026-04-16 21:49:17,781 - INFO -     >>> Val MAE Details: ['111.7187', '115.2316', '153.9696']
2026-04-16 21:49:17,781 - INFO - ⏳ No improvement. Patience: 8/50
2026-04-16 21:50:55,192 - INFO - [Epoch 166] Train Loss: 0.0266 | LR: 0.000007
2026-04-16 21:50:55,192 - INFO -     >>> Val Avg RMSE (Real): 169.7861
2026-04-16 21:50:55,192 - INFO -     >>> Val MAE Details: ['110.4355', '110.7072', '149.4734']
2026-04-16 21:50:55,192 - INFO - ⏳ No improvement. Patience: 9/50
2026-04-16 21:52:32,648 - INFO - [Epoch 167] Train Loss: 0.0265 | LR: 0.000007
2026-04-16 21:52:32,648 - INFO -     >>> Val Avg RMSE (Real): 169.8995
2026-04-16 21:52:32,649 - INFO -     >>> Val MAE Details: ['110.5666', '111.3242', '149.8856']
2026-04-16 21:52:32,649 - INFO - ⏳ No improvement. Patience: 10/50
2026-04-16 21:54:08,569 - INFO - [Epoch 168] Train Loss: 0.0263 | LR: 0.000006
2026-04-16 21:54:08,570 - INFO -     >>> Val Avg RMSE (Real): 169.4813
2026-04-16 21:54:08,570 - INFO -     >>> Val MAE Details: ['110.6895', '110.3410', '148.8038']
2026-04-16 21:54:08,570 - INFO - ⏳ No improvement. Patience: 11/50
2026-04-16 21:55:43,466 - INFO - [Epoch 169] Train Loss: 0.0261 | LR: 0.000006
2026-04-16 21:55:43,467 - INFO -     >>> Val Avg RMSE (Real): 170.1694
2026-04-16 21:55:43,467 - INFO -     >>> Val MAE Details: ['111.3466', '110.2053', '150.1296']
2026-04-16 21:55:43,467 - INFO - ⏳ No improvement. Patience: 12/50
2026-04-16 21:57:17,767 - INFO - [Epoch 170] Train Loss: 0.0259 | LR: 0.000005
2026-04-16 21:57:17,767 - INFO -     >>> Val Avg RMSE (Real): 169.0618
2026-04-16 21:57:17,767 - INFO -     >>> Val MAE Details: ['110.3134', '109.5683', '148.2524']
2026-04-16 21:57:17,767 - INFO - ⏳ No improvement. Patience: 13/50
2026-04-16 21:58:53,627 - INFO - [Epoch 171] Train Loss: 0.0257 | LR: 0.000005
2026-04-16 21:58:53,627 - INFO -     >>> Val Avg RMSE (Real): 169.4497
2026-04-16 21:58:53,627 - INFO -     >>> Val MAE Details: ['109.7433', '110.9801', '149.0189']
2026-04-16 21:58:53,627 - INFO - ⏳ No improvement. Patience: 14/50
2026-04-16 22:00:27,867 - INFO - [Epoch 172] Train Loss: 0.0256 | LR: 0.000005
2026-04-16 22:00:27,867 - INFO -     >>> Val Avg RMSE (Real): 171.4946
2026-04-16 22:00:27,867 - INFO -     >>> Val MAE Details: ['113.2765', '111.0057', '150.4292']
2026-04-16 22:00:27,868 - INFO - ⏳ No improvement. Patience: 15/50
2026-04-16 22:02:02,996 - INFO - [Epoch 173] Train Loss: 0.0256 | LR: 0.000004
2026-04-16 22:02:02,996 - INFO -     >>> Val Avg RMSE (Real): 169.0028
2026-04-16 22:02:02,996 - INFO -     >>> Val MAE Details: ['110.6920', '110.2125', '148.4855']
2026-04-16 22:02:02,996 - INFO - ⏳ No improvement. Patience: 16/50
2026-04-16 22:03:39,941 - INFO - [Epoch 174] Train Loss: 0.0253 | LR: 0.000004
2026-04-16 22:03:39,941 - INFO -     >>> Val Avg RMSE (Real): 168.4756
2026-04-16 22:03:39,941 - INFO -     >>> Val MAE Details: ['110.0009', '109.5615', '148.1665']
2026-04-16 22:03:40,059 - INFO - 💾 Saved Best Model to ./logs/QMugs_repr_atomistic_graph_ComENet_Task3_20260416_180818/best_model.pth
2026-04-16 22:05:17,006 - INFO - [Epoch 175] Train Loss: 0.0252 | LR: 0.000004
2026-04-16 22:05:17,006 - INFO -     >>> Val Avg RMSE (Real): 168.9689
2026-04-16 22:05:17,006 - INFO -     >>> Val MAE Details: ['110.3661', '110.3678', '149.2113']
2026-04-16 22:05:17,006 - INFO - ⏳ No improvement. Patience: 1/50
2026-04-16 22:06:50,362 - INFO - [Epoch 176] Train Loss: 0.0250 | LR: 0.000004
2026-04-16 22:06:50,363 - INFO -     >>> Val Avg RMSE (Real): 169.4014
2026-04-16 22:06:50,363 - INFO -     >>> Val MAE Details: ['110.1001', '110.7004', '149.4461']
2026-04-16 22:06:50,363 - INFO - ⏳ No improvement. Patience: 2/50
2026-04-16 22:08:23,707 - INFO - [Epoch 177] Train Loss: 0.0249 | LR: 0.000003
2026-04-16 22:08:23,707 - INFO -     >>> Val Avg RMSE (Real): 168.4086
2026-04-16 22:08:23,708 - INFO -     >>> Val MAE Details: ['110.0182', '109.2041', '148.0385']
2026-04-16 22:08:23,826 - INFO - 💾 Saved Best Model to ./logs/QMugs_repr_atomistic_graph_ComENet_Task3_20260416_180818/best_model.pth
2026-04-16 22:09:59,318 - INFO - [Epoch 178] Train Loss: 0.0248 | LR: 0.000003
2026-04-16 22:09:59,318 - INFO -     >>> Val Avg RMSE (Real): 169.1768
2026-04-16 22:09:59,318 - INFO -     >>> Val MAE Details: ['110.5507', '109.8898', '148.8168']
2026-04-16 22:09:59,318 - INFO - ⏳ No improvement. Patience: 1/50
2026-04-16 22:11:34,092 - INFO - [Epoch 179] Train Loss: 0.0247 | LR: 0.000003
2026-04-16 22:11:34,093 - INFO -     >>> Val Avg RMSE (Real): 169.3204
2026-04-16 22:11:34,093 - INFO -     >>> Val MAE Details: ['109.9583', '110.2387', '149.1531']
2026-04-16 22:11:34,093 - INFO - ⏳ No improvement. Patience: 2/50
2026-04-16 22:13:08,638 - INFO - [Epoch 180] Train Loss: 0.0246 | LR: 0.000002
2026-04-16 22:13:08,638 - INFO -     >>> Val Avg RMSE (Real): 168.5322
2026-04-16 22:13:08,638 - INFO -     >>> Val MAE Details: ['109.7676', '109.3974', '148.3749']
2026-04-16 22:13:08,638 - INFO - ⏳ No improvement. Patience: 3/50
2026-04-16 22:14:44,171 - INFO - [Epoch 181] Train Loss: 0.0244 | LR: 0.000002
2026-04-16 22:14:44,171 - INFO -     >>> Val Avg RMSE (Real): 168.1781
2026-04-16 22:14:44,171 - INFO -     >>> Val MAE Details: ['109.7112', '109.0620', '148.1963']
2026-04-16 22:14:44,269 - INFO - 💾 Saved Best Model to ./logs/QMugs_repr_atomistic_graph_ComENet_Task3_20260416_180818/best_model.pth
2026-04-16 22:16:19,722 - INFO - [Epoch 182] Train Loss: 0.0244 | LR: 0.000002
2026-04-16 22:16:19,722 - INFO -     >>> Val Avg RMSE (Real): 168.2530
2026-04-16 22:16:19,722 - INFO -     >>> Val MAE Details: ['109.8732', '109.2336', '148.1290']
2026-04-16 22:16:19,722 - INFO - ⏳ No improvement. Patience: 1/50
2026-04-16 22:17:55,479 - INFO - [Epoch 183] Train Loss: 0.0243 | LR: 0.000002
2026-04-16 22:17:55,480 - INFO -     >>> Val Avg RMSE (Real): 168.4276
2026-04-16 22:17:55,480 - INFO -     >>> Val MAE Details: ['110.0043', '109.4322', '148.5185']
2026-04-16 22:17:55,480 - INFO - ⏳ No improvement. Patience: 2/50
2026-04-16 22:19:30,723 - INFO - [Epoch 184] Train Loss: 0.0242 | LR: 0.000002
2026-04-16 22:19:30,723 - INFO -     >>> Val Avg RMSE (Real): 168.9447
2026-04-16 22:19:30,723 - INFO -     >>> Val MAE Details: ['110.0003', '109.5962', '148.9406']
2026-04-16 22:19:30,723 - INFO - ⏳ No improvement. Patience: 3/50
2026-04-16 22:21:05,398 - INFO - [Epoch 185] Train Loss: 0.0241 | LR: 0.000001
2026-04-16 22:21:05,398 - INFO -     >>> Val Avg RMSE (Real): 168.5082
2026-04-16 22:21:05,398 - INFO -     >>> Val MAE Details: ['110.5730', '109.4854', '148.2728']
2026-04-16 22:21:05,398 - INFO - ⏳ No improvement. Patience: 4/50
2026-04-16 22:22:39,978 - INFO - [Epoch 186] Train Loss: 0.0239 | LR: 0.000001
2026-04-16 22:22:39,979 - INFO -     >>> Val Avg RMSE (Real): 168.8788
2026-04-16 22:22:39,979 - INFO -     >>> Val MAE Details: ['110.1257', '109.3551', '148.4906']
2026-04-16 22:22:39,979 - INFO - ⏳ No improvement. Patience: 5/50
2026-04-16 22:24:15,330 - INFO - [Epoch 187] Train Loss: 0.0239 | LR: 0.000001
2026-04-16 22:24:15,331 - INFO -     >>> Val Avg RMSE (Real): 168.5514
2026-04-16 22:24:15,331 - INFO -     >>> Val MAE Details: ['110.3275', '109.1993', '148.7734']
2026-04-16 22:24:15,331 - INFO - ⏳ No improvement. Patience: 6/50
2026-04-16 22:25:50,171 - INFO - [Epoch 188] Train Loss: 0.0238 | LR: 0.000001
2026-04-16 22:25:50,172 - INFO -     >>> Val Avg RMSE (Real): 168.4223
2026-04-16 22:25:50,172 - INFO -     >>> Val MAE Details: ['109.6593', '109.3576', '147.9461']
2026-04-16 22:25:50,172 - INFO - ⏳ No improvement. Patience: 7/50
2026-04-16 22:27:27,193 - INFO - [Epoch 189] Train Loss: 0.0237 | LR: 0.000001
2026-04-16 22:27:27,193 - INFO -     >>> Val Avg RMSE (Real): 168.1434
2026-04-16 22:27:27,193 - INFO -     >>> Val MAE Details: ['109.7443', '109.0296', '147.9916']
2026-04-16 22:27:27,331 - INFO - 💾 Saved Best Model to ./logs/QMugs_repr_atomistic_graph_ComENet_Task3_20260416_180818/best_model.pth
2026-04-16 22:29:02,463 - INFO - [Epoch 190] Train Loss: 0.0237 | LR: 0.000001
2026-04-16 22:29:02,463 - INFO -     >>> Val Avg RMSE (Real): 168.3215
2026-04-16 22:29:02,463 - INFO -     >>> Val MAE Details: ['109.6126', '109.0911', '148.1574']
2026-04-16 22:29:02,463 - INFO - ⏳ No improvement. Patience: 1/50
2026-04-16 22:30:37,621 - INFO - [Epoch 191] Train Loss: 0.0236 | LR: 0.000000
2026-04-16 22:30:37,622 - INFO -     >>> Val Avg RMSE (Real): 168.9348
2026-04-16 22:30:37,622 - INFO -     >>> Val MAE Details: ['110.4984', '109.1901', '148.9245']
2026-04-16 22:30:37,622 - INFO - ⏳ No improvement. Patience: 2/50
2026-04-16 22:32:14,496 - INFO - [Epoch 192] Train Loss: 0.0236 | LR: 0.000000
2026-04-16 22:32:14,497 - INFO -     >>> Val Avg RMSE (Real): 168.2940
2026-04-16 22:32:14,497 - INFO -     >>> Val MAE Details: ['109.8319', '109.1078', '148.2331']
2026-04-16 22:32:14,497 - INFO - ⏳ No improvement. Patience: 3/50
2026-04-16 22:33:49,782 - INFO - [Epoch 193] Train Loss: 0.0235 | LR: 0.000000
2026-04-16 22:33:49,782 - INFO -     >>> Val Avg RMSE (Real): 168.3959
2026-04-16 22:33:49,783 - INFO -     >>> Val MAE Details: ['109.6735', '109.1986', '148.2431']
2026-04-16 22:33:49,783 - INFO - ⏳ No improvement. Patience: 4/50
2026-04-16 22:35:24,514 - INFO - [Epoch 194] Train Loss: 0.0235 | LR: 0.000000
2026-04-16 22:35:24,515 - INFO -     >>> Val Avg RMSE (Real): 168.3824
2026-04-16 22:35:24,515 - INFO -     >>> Val MAE Details: ['109.9902', '109.0881', '148.3648']
2026-04-16 22:35:24,515 - INFO - ⏳ No improvement. Patience: 5/50
2026-04-16 22:37:00,191 - INFO - [Epoch 195] Train Loss: 0.0234 | LR: 0.000000
2026-04-16 22:37:00,192 - INFO -     >>> Val Avg RMSE (Real): 168.1517
2026-04-16 22:37:00,192 - INFO -     >>> Val MAE Details: ['109.7441', '108.9914', '148.1497']
2026-04-16 22:37:00,192 - INFO - ⏳ No improvement. Patience: 6/50
2026-04-16 22:38:37,454 - INFO - [Epoch 196] Train Loss: 0.0234 | LR: 0.000000
2026-04-16 22:38:37,455 - INFO -     >>> Val Avg RMSE (Real): 168.2547
2026-04-16 22:38:37,455 - INFO -     >>> Val MAE Details: ['109.7322', '109.0905', '148.2192']
2026-04-16 22:38:37,455 - INFO - ⏳ No improvement. Patience: 7/50
2026-04-16 22:40:13,797 - INFO - [Epoch 197] Train Loss: 0.0234 | LR: 0.000000
2026-04-16 22:40:13,797 - INFO -     >>> Val Avg RMSE (Real): 168.0681
2026-04-16 22:40:13,797 - INFO -     >>> Val MAE Details: ['109.5924', '109.0364', '148.1108']
2026-04-16 22:40:13,913 - INFO - 💾 Saved Best Model to ./logs/QMugs_repr_atomistic_graph_ComENet_Task3_20260416_180818/best_model.pth
2026-04-16 22:41:51,315 - INFO - [Epoch 198] Train Loss: 0.0233 | LR: 0.000000
2026-04-16 22:41:51,315 - INFO -     >>> Val Avg RMSE (Real): 168.1508
2026-04-16 22:41:51,315 - INFO -     >>> Val MAE Details: ['109.6440', '109.0145', '148.1025']
2026-04-16 22:41:51,315 - INFO - ⏳ No improvement. Patience: 1/50
2026-04-16 22:43:26,691 - INFO - [Epoch 199] Train Loss: 0.0233 | LR: 0.000000
2026-04-16 22:43:26,691 - INFO -     >>> Val Avg RMSE (Real): 168.1372
2026-04-16 22:43:26,691 - INFO -     >>> Val MAE Details: ['109.6378', '109.0212', '148.1546']
2026-04-16 22:43:26,691 - INFO - ⏳ No improvement. Patience: 2/50
2026-04-16 22:45:02,521 - INFO - [Epoch 200] Train Loss: 0.0233 | LR: 0.000000
2026-04-16 22:45:02,522 - INFO -     >>> Val Avg RMSE (Real): 168.1414
2026-04-16 22:45:02,522 - INFO -     >>> Val MAE Details: ['109.6425', '109.0188', '148.1502']
2026-04-16 22:45:02,522 - INFO - ⏳ No improvement. Patience: 3/50
