2026-05-02 21:50:51,393 - INFO - 💾 Config files backed up to ./logs/QMugs_repr_atomistic_graph_Equiformer_Task1_20260502_215051
2026-05-02 21:50:51,393 - INFO - 🎯 Multi-Task Targets (1): ['formation_energy_meV']
2026-05-02 21:50:51,394 - INFO - ========================================
2026-05-02 21:50:51,394 - INFO -         Training Configuration        
2026-05-02 21:50:51,394 - INFO - ========================================
2026-05-02 21:50:51,395 - INFO - 
{'data': {'dataset_mode': 'repr_atomistic_graph',
          'grid_size': 0.1,
          'max_radius': 10.0,
          'pkl_path': '../data/QMugs/qmugs_ed_1024_dft_meV_fps.pkl',
          'targets': ['formation_energy_meV']},
 'model': {'equiformer_args': {'basis_type': 'gaussian',
                               'fc_neurons': [128, 128],
                               'irreps_feature': '512x0e',
                               'irreps_head': '64x0e+32x1e+16x2e',
                               'irreps_in': '5x0e',
                               'irreps_node_attr': '1x0e',
                               'irreps_node_embedding': '128x0e+64x1e+32x2e',
                               'irreps_sh': '1x0e+1x1o+1x2e+1x3o',
                               'max_radius': 10.0,
                               'num_heads': 8,
                               'num_layers': 4,
                               'number_of_basis': 256,
                               'output_dim': 64},
           'head_input_dim': 64,
           'name': 'Equiformer'},
 'train': {'batch_size': 32,
           'epochs': 200,
           'grad_norm_clip': 1.0,
           'lr': 0.0001,
           'patience': 50,
           'seed': 2025,
           'weight_decay': 0.0001}}
2026-05-02 21:50:51,395 - INFO - ========================================

2026-05-02 21:50:51,395 - INFO - 🚀 Start Training on Device: cuda
2026-05-02 21:50:51,395 - INFO - Loading Data...
2026-05-02 21:50:51,395 - INFO - Loading Dataset Mode: repr_atomistic_graph...
2026-05-02 21:50:54,428 - INFO - Stats - Mean: [[-266361.1]], Std: [[91182.07]]
2026-05-02 21:50:54,428 - INFO - Building Model: Equiformer...
2026-05-02 21:50:58,173 - INFO - Total Parameters: 2.9097 M

2026-05-02 21:57:14,326 - INFO - [Epoch 1] Train Loss: 0.0458 | LR: 0.000100
2026-05-02 21:57:14,326 - INFO -     >>> Val Avg RMSE (Real): 4610.7828
2026-05-02 21:57:14,326 - INFO -     >>> Val MAE Details: ['3106.8696']
2026-05-02 21:57:14,384 - INFO - 💾 Saved Best Model to ./logs/QMugs_repr_atomistic_graph_Equiformer_Task1_20260502_215051/best_model.pth
2026-05-02 22:03:24,003 - INFO - [Epoch 2] Train Loss: 0.0043 | LR: 0.000100
2026-05-02 22:03:24,003 - INFO -     >>> Val Avg RMSE (Real): 4073.9048
2026-05-02 22:03:24,003 - INFO -     >>> Val MAE Details: ['3528.4500']
2026-05-02 22:03:24,086 - INFO - 💾 Saved Best Model to ./logs/QMugs_repr_atomistic_graph_Equiformer_Task1_20260502_215051/best_model.pth
2026-05-02 22:09:38,644 - INFO - [Epoch 3] Train Loss: 0.0023 | LR: 0.000100
2026-05-02 22:09:38,644 - INFO -     >>> Val Avg RMSE (Real): 1927.7909
2026-05-02 22:09:38,644 - INFO -     >>> Val MAE Details: ['1093.3931']
2026-05-02 22:09:38,727 - INFO - 💾 Saved Best Model to ./logs/QMugs_repr_atomistic_graph_Equiformer_Task1_20260502_215051/best_model.pth
2026-05-02 22:15:53,470 - INFO - [Epoch 4] Train Loss: 0.0017 | LR: 0.000100
2026-05-02 22:15:53,470 - INFO -     >>> Val Avg RMSE (Real): 2165.1081
2026-05-02 22:15:53,470 - INFO -     >>> Val MAE Details: ['1334.9900']
2026-05-02 22:15:53,470 - INFO - ⏳ No improvement. Patience: 1/50
2026-05-02 22:22:07,147 - INFO - [Epoch 5] Train Loss: 0.0010 | LR: 0.000100
2026-05-02 22:22:07,148 - INFO -     >>> Val Avg RMSE (Real): 2048.3224
2026-05-02 22:22:07,148 - INFO -     >>> Val MAE Details: ['1448.9713']
2026-05-02 22:22:07,148 - INFO - ⏳ No improvement. Patience: 2/50
2026-05-02 22:28:21,768 - INFO - [Epoch 6] Train Loss: 0.0010 | LR: 0.000100
2026-05-02 22:28:21,768 - INFO -     >>> Val Avg RMSE (Real): 2496.2672
2026-05-02 22:28:21,768 - INFO -     >>> Val MAE Details: ['2011.3939']
2026-05-02 22:28:21,768 - INFO - ⏳ No improvement. Patience: 3/50
2026-05-02 22:34:36,542 - INFO - [Epoch 7] Train Loss: 0.0007 | LR: 0.000100
2026-05-02 22:34:36,542 - INFO -     >>> Val Avg RMSE (Real): 4467.0238
2026-05-02 22:34:36,542 - INFO -     >>> Val MAE Details: ['3946.0015']
2026-05-02 22:34:36,542 - INFO - ⏳ No improvement. Patience: 4/50
2026-05-02 22:40:50,888 - INFO - [Epoch 8] Train Loss: 0.0008 | LR: 0.000100
2026-05-02 22:40:50,888 - INFO -     >>> Val Avg RMSE (Real): 1443.3048
2026-05-02 22:40:50,888 - INFO -     >>> Val MAE Details: ['859.4525']
2026-05-02 22:40:50,969 - INFO - 💾 Saved Best Model to ./logs/QMugs_repr_atomistic_graph_Equiformer_Task1_20260502_215051/best_model.pth
2026-05-02 22:47:05,482 - INFO - [Epoch 9] Train Loss: 0.0005 | LR: 0.000100
2026-05-02 22:47:05,482 - INFO -     >>> Val Avg RMSE (Real): 2006.1225
2026-05-02 22:47:05,482 - INFO -     >>> Val MAE Details: ['1407.0702']
2026-05-02 22:47:05,482 - INFO - ⏳ No improvement. Patience: 1/50
2026-05-02 22:53:19,145 - INFO - [Epoch 10] Train Loss: 0.0004 | LR: 0.000099
2026-05-02 22:53:19,145 - INFO -     >>> Val Avg RMSE (Real): 1563.5947
2026-05-02 22:53:19,146 - INFO -     >>> Val MAE Details: ['1094.6682']
2026-05-02 22:53:19,146 - INFO - ⏳ No improvement. Patience: 2/50
2026-05-02 22:59:33,510 - INFO - [Epoch 11] Train Loss: 0.0005 | LR: 0.000099
2026-05-02 22:59:33,510 - INFO -     >>> Val Avg RMSE (Real): 2054.3267
2026-05-02 22:59:33,510 - INFO -     >>> Val MAE Details: ['1383.3074']
2026-05-02 22:59:33,510 - INFO - ⏳ No improvement. Patience: 3/50
2026-05-02 23:05:48,013 - INFO - [Epoch 12] Train Loss: 0.0004 | LR: 0.000099
2026-05-02 23:05:48,013 - INFO -     >>> Val Avg RMSE (Real): 1852.2514
2026-05-02 23:05:48,013 - INFO -     >>> Val MAE Details: ['1457.4600']
2026-05-02 23:05:48,013 - INFO - ⏳ No improvement. Patience: 4/50
2026-05-02 23:12:02,622 - INFO - [Epoch 13] Train Loss: 0.0004 | LR: 0.000099
2026-05-02 23:12:02,622 - INFO -     >>> Val Avg RMSE (Real): 1766.5507
2026-05-02 23:12:02,622 - INFO -     >>> Val MAE Details: ['1341.1298']
2026-05-02 23:12:02,622 - INFO - ⏳ No improvement. Patience: 5/50
2026-05-02 23:18:16,691 - INFO - [Epoch 14] Train Loss: 0.0004 | LR: 0.000099
2026-05-02 23:18:16,691 - INFO -     >>> Val Avg RMSE (Real): 2351.6052
2026-05-02 23:18:16,691 - INFO -     >>> Val MAE Details: ['2021.2723']
2026-05-02 23:18:16,691 - INFO - ⏳ No improvement. Patience: 6/50
2026-05-02 23:24:30,792 - INFO - [Epoch 15] Train Loss: 0.0003 | LR: 0.000099
2026-05-02 23:24:30,793 - INFO -     >>> Val Avg RMSE (Real): 2032.0431
2026-05-02 23:24:30,793 - INFO -     >>> Val MAE Details: ['1647.8223']
2026-05-02 23:24:30,793 - INFO - ⏳ No improvement. Patience: 7/50
2026-05-02 23:30:44,720 - INFO - [Epoch 16] Train Loss: 0.0004 | LR: 0.000098
2026-05-02 23:30:44,720 - INFO -     >>> Val Avg RMSE (Real): 1800.6920
2026-05-02 23:30:44,720 - INFO -     >>> Val MAE Details: ['1306.3766']
2026-05-02 23:30:44,720 - INFO - ⏳ No improvement. Patience: 8/50
2026-05-02 23:36:58,515 - INFO - [Epoch 17] Train Loss: 0.0003 | LR: 0.000098
2026-05-02 23:36:58,515 - INFO -     >>> Val Avg RMSE (Real): 1880.9670
2026-05-02 23:36:58,515 - INFO -     >>> Val MAE Details: ['1138.5632']
2026-05-02 23:36:58,515 - INFO - ⏳ No improvement. Patience: 9/50
2026-05-02 23:43:12,389 - INFO - [Epoch 18] Train Loss: 0.0003 | LR: 0.000098
2026-05-02 23:43:12,389 - INFO -     >>> Val Avg RMSE (Real): 1546.7383
2026-05-02 23:43:12,389 - INFO -     >>> Val MAE Details: ['957.9398']
2026-05-02 23:43:12,389 - INFO - ⏳ No improvement. Patience: 10/50
2026-05-02 23:49:26,335 - INFO - [Epoch 19] Train Loss: 0.0003 | LR: 0.000098
2026-05-02 23:49:26,335 - INFO -     >>> Val Avg RMSE (Real): 1630.4508
2026-05-02 23:49:26,335 - INFO -     >>> Val MAE Details: ['1190.3888']
2026-05-02 23:49:26,335 - INFO - ⏳ No improvement. Patience: 11/50
2026-05-02 23:55:39,794 - INFO - [Epoch 20] Train Loss: 0.0003 | LR: 0.000098
2026-05-02 23:55:39,794 - INFO -     >>> Val Avg RMSE (Real): 1579.4114
2026-05-02 23:55:39,794 - INFO -     >>> Val MAE Details: ['943.1405']
2026-05-02 23:55:39,794 - INFO - ⏳ No improvement. Patience: 12/50
2026-05-03 00:01:54,074 - INFO - [Epoch 21] Train Loss: 0.0003 | LR: 0.000097
2026-05-03 00:01:54,075 - INFO -     >>> Val Avg RMSE (Real): 2026.3382
2026-05-03 00:01:54,075 - INFO -     >>> Val MAE Details: ['1575.1395']
2026-05-03 00:01:54,075 - INFO - ⏳ No improvement. Patience: 13/50
2026-05-03 00:08:07,855 - INFO - [Epoch 22] Train Loss: 0.0003 | LR: 0.000097
2026-05-03 00:08:07,855 - INFO -     >>> Val Avg RMSE (Real): 2018.8239
2026-05-03 00:08:07,855 - INFO -     >>> Val MAE Details: ['1482.7866']
2026-05-03 00:08:07,855 - INFO - ⏳ No improvement. Patience: 14/50
2026-05-03 00:14:22,241 - INFO - [Epoch 23] Train Loss: 0.0003 | LR: 0.000097
2026-05-03 00:14:22,241 - INFO -     >>> Val Avg RMSE (Real): 1306.8901
2026-05-03 00:14:22,241 - INFO -     >>> Val MAE Details: ['746.4754']
2026-05-03 00:14:22,325 - INFO - 💾 Saved Best Model to ./logs/QMugs_repr_atomistic_graph_Equiformer_Task1_20260502_215051/best_model.pth
2026-05-03 00:20:36,873 - INFO - [Epoch 24] Train Loss: 0.0003 | LR: 0.000096
2026-05-03 00:20:36,873 - INFO -     >>> Val Avg RMSE (Real): 1550.7052
2026-05-03 00:20:36,873 - INFO -     >>> Val MAE Details: ['1047.2424']
2026-05-03 00:20:36,873 - INFO - ⏳ No improvement. Patience: 1/50
2026-05-03 00:26:51,279 - INFO - [Epoch 25] Train Loss: 0.0003 | LR: 0.000096
2026-05-03 00:26:51,279 - INFO -     >>> Val Avg RMSE (Real): 1265.7266
2026-05-03 00:26:51,279 - INFO -     >>> Val MAE Details: ['772.8518']
2026-05-03 00:26:51,363 - INFO - 💾 Saved Best Model to ./logs/QMugs_repr_atomistic_graph_Equiformer_Task1_20260502_215051/best_model.pth
2026-05-03 00:33:04,984 - INFO - [Epoch 26] Train Loss: 0.0003 | LR: 0.000096
2026-05-03 00:33:04,984 - INFO -     >>> Val Avg RMSE (Real): 1668.3212
2026-05-03 00:33:04,984 - INFO -     >>> Val MAE Details: ['1189.8491']
2026-05-03 00:33:04,984 - INFO - ⏳ No improvement. Patience: 1/50
2026-05-03 00:39:18,622 - INFO - [Epoch 27] Train Loss: 0.0003 | LR: 0.000096
2026-05-03 00:39:18,622 - INFO -     >>> Val Avg RMSE (Real): 2250.1762
2026-05-03 00:39:18,623 - INFO -     >>> Val MAE Details: ['1846.1411']
2026-05-03 00:39:18,623 - INFO - ⏳ No improvement. Patience: 2/50
2026-05-03 00:45:32,856 - INFO - [Epoch 28] Train Loss: 0.0003 | LR: 0.000095
2026-05-03 00:45:32,856 - INFO -     >>> Val Avg RMSE (Real): 1527.1238
2026-05-03 00:45:32,856 - INFO -     >>> Val MAE Details: ['971.6345']
2026-05-03 00:45:32,856 - INFO - ⏳ No improvement. Patience: 3/50
2026-05-03 00:51:47,156 - INFO - [Epoch 29] Train Loss: 0.0003 | LR: 0.000095
2026-05-03 00:51:47,156 - INFO -     >>> Val Avg RMSE (Real): 1406.5223
2026-05-03 00:51:47,156 - INFO -     >>> Val MAE Details: ['861.6314']
2026-05-03 00:51:47,156 - INFO - ⏳ No improvement. Patience: 4/50
2026-05-03 00:58:01,486 - INFO - [Epoch 30] Train Loss: 0.0003 | LR: 0.000095
2026-05-03 00:58:01,487 - INFO -     >>> Val Avg RMSE (Real): 1284.5930
2026-05-03 00:58:01,487 - INFO -     >>> Val MAE Details: ['755.3866']
2026-05-03 00:58:01,487 - INFO - ⏳ No improvement. Patience: 5/50
2026-05-03 01:04:14,740 - INFO - [Epoch 31] Train Loss: 0.0003 | LR: 0.000094
2026-05-03 01:04:14,741 - INFO -     >>> Val Avg RMSE (Real): 1329.1578
2026-05-03 01:04:14,741 - INFO -     >>> Val MAE Details: ['813.2323']
2026-05-03 01:04:14,741 - INFO - ⏳ No improvement. Patience: 6/50
2026-05-03 01:10:28,750 - INFO - [Epoch 32] Train Loss: 0.0003 | LR: 0.000094
2026-05-03 01:10:28,751 - INFO -     >>> Val Avg RMSE (Real): 2651.1975
2026-05-03 01:10:28,751 - INFO -     >>> Val MAE Details: ['2218.9902']
2026-05-03 01:10:28,751 - INFO - ⏳ No improvement. Patience: 7/50
2026-05-03 01:16:42,508 - INFO - [Epoch 33] Train Loss: 0.0003 | LR: 0.000093
2026-05-03 01:16:42,509 - INFO -     >>> Val Avg RMSE (Real): 2081.3154
2026-05-03 01:16:42,509 - INFO -     >>> Val MAE Details: ['1662.8854']
2026-05-03 01:16:42,509 - INFO - ⏳ No improvement. Patience: 8/50
2026-05-03 01:22:56,244 - INFO - [Epoch 34] Train Loss: 0.0003 | LR: 0.000093
2026-05-03 01:22:56,245 - INFO -     >>> Val Avg RMSE (Real): 1743.6030
2026-05-03 01:22:56,245 - INFO -     >>> Val MAE Details: ['1213.1691']
2026-05-03 01:22:56,245 - INFO - ⏳ No improvement. Patience: 9/50
2026-05-03 01:29:10,642 - INFO - [Epoch 35] Train Loss: 0.0002 | LR: 0.000093
2026-05-03 01:29:10,643 - INFO -     >>> Val Avg RMSE (Real): 1276.3487
2026-05-03 01:29:10,643 - INFO -     >>> Val MAE Details: ['751.8118']
2026-05-03 01:29:10,643 - INFO - ⏳ No improvement. Patience: 10/50
2026-05-03 01:35:23,432 - INFO - [Epoch 36] Train Loss: 0.0002 | LR: 0.000092
2026-05-03 01:35:23,432 - INFO -     >>> Val Avg RMSE (Real): 1354.6305
2026-05-03 01:35:23,432 - INFO -     >>> Val MAE Details: ['822.1581']
2026-05-03 01:35:23,432 - INFO - ⏳ No improvement. Patience: 11/50
2026-05-03 01:41:30,683 - INFO - [Epoch 37] Train Loss: 0.0002 | LR: 0.000092
2026-05-03 01:41:30,684 - INFO -     >>> Val Avg RMSE (Real): 1257.0398
2026-05-03 01:41:30,684 - INFO -     >>> Val MAE Details: ['748.6964']
2026-05-03 01:41:30,766 - INFO - 💾 Saved Best Model to ./logs/QMugs_repr_atomistic_graph_Equiformer_Task1_20260502_215051/best_model.pth
2026-05-03 01:47:36,240 - INFO - [Epoch 38] Train Loss: 0.0002 | LR: 0.000091
2026-05-03 01:47:36,240 - INFO -     >>> Val Avg RMSE (Real): 1306.4563
2026-05-03 01:47:36,240 - INFO -     >>> Val MAE Details: ['853.8200']
2026-05-03 01:47:36,240 - INFO - ⏳ No improvement. Patience: 1/50
2026-05-03 01:53:41,256 - INFO - [Epoch 39] Train Loss: 0.0002 | LR: 0.000091
2026-05-03 01:53:41,256 - INFO -     >>> Val Avg RMSE (Real): 1538.6579
2026-05-03 01:53:41,256 - INFO -     >>> Val MAE Details: ['1000.8269']
2026-05-03 01:53:41,256 - INFO - ⏳ No improvement. Patience: 2/50
2026-05-03 01:59:47,694 - INFO - [Epoch 40] Train Loss: 0.0002 | LR: 0.000090
2026-05-03 01:59:47,695 - INFO -     >>> Val Avg RMSE (Real): 1202.7471
2026-05-03 01:59:47,695 - INFO -     >>> Val MAE Details: ['720.4652']
2026-05-03 01:59:47,775 - INFO - 💾 Saved Best Model to ./logs/QMugs_repr_atomistic_graph_Equiformer_Task1_20260502_215051/best_model.pth
2026-05-03 02:05:54,518 - INFO - [Epoch 41] Train Loss: 0.0002 | LR: 0.000090
2026-05-03 02:05:54,518 - INFO -     >>> Val Avg RMSE (Real): 1228.3603
2026-05-03 02:05:54,518 - INFO -     >>> Val MAE Details: ['767.6995']
2026-05-03 02:05:54,518 - INFO - ⏳ No improvement. Patience: 1/50
2026-05-03 02:11:57,951 - INFO - [Epoch 42] Train Loss: 0.0002 | LR: 0.000090
2026-05-03 02:11:57,951 - INFO -     >>> Val Avg RMSE (Real): 1687.3773
2026-05-03 02:11:57,951 - INFO -     >>> Val MAE Details: ['1303.5931']
2026-05-03 02:11:57,951 - INFO - ⏳ No improvement. Patience: 2/50
2026-05-03 02:18:02,588 - INFO - [Epoch 43] Train Loss: 0.0002 | LR: 0.000089
2026-05-03 02:18:02,588 - INFO -     >>> Val Avg RMSE (Real): 1769.2619
2026-05-03 02:18:02,588 - INFO -     >>> Val MAE Details: ['1358.8414']
2026-05-03 02:18:02,588 - INFO - ⏳ No improvement. Patience: 3/50
2026-05-03 02:24:07,584 - INFO - [Epoch 44] Train Loss: 0.0002 | LR: 0.000089
2026-05-03 02:24:07,584 - INFO -     >>> Val Avg RMSE (Real): 1256.8113
2026-05-03 02:24:07,584 - INFO -     >>> Val MAE Details: ['734.0025']
2026-05-03 02:24:07,584 - INFO - ⏳ No improvement. Patience: 4/50
2026-05-03 02:30:11,132 - INFO - [Epoch 45] Train Loss: 0.0002 | LR: 0.000088
2026-05-03 02:30:11,133 - INFO -     >>> Val Avg RMSE (Real): 1236.6920
2026-05-03 02:30:11,133 - INFO -     >>> Val MAE Details: ['775.0530']
2026-05-03 02:30:11,133 - INFO - ⏳ No improvement. Patience: 5/50
2026-05-03 02:36:15,357 - INFO - [Epoch 46] Train Loss: 0.0002 | LR: 0.000088
2026-05-03 02:36:15,358 - INFO -     >>> Val Avg RMSE (Real): 1278.2639
2026-05-03 02:36:15,358 - INFO -     >>> Val MAE Details: ['762.0590']
2026-05-03 02:36:15,358 - INFO - ⏳ No improvement. Patience: 6/50
2026-05-03 02:42:21,641 - INFO - [Epoch 47] Train Loss: 0.0002 | LR: 0.000087
2026-05-03 02:42:21,642 - INFO -     >>> Val Avg RMSE (Real): 1562.5919
2026-05-03 02:42:21,642 - INFO -     >>> Val MAE Details: ['1138.8989']
2026-05-03 02:42:21,642 - INFO - ⏳ No improvement. Patience: 7/50
2026-05-03 02:48:27,682 - INFO - [Epoch 48] Train Loss: 0.0002 | LR: 0.000086
2026-05-03 02:48:27,682 - INFO -     >>> Val Avg RMSE (Real): 1221.4088
2026-05-03 02:48:27,682 - INFO -     >>> Val MAE Details: ['711.8121']
2026-05-03 02:48:27,682 - INFO - ⏳ No improvement. Patience: 8/50
2026-05-03 02:54:32,131 - INFO - [Epoch 49] Train Loss: 0.0002 | LR: 0.000086
2026-05-03 02:54:32,131 - INFO -     >>> Val Avg RMSE (Real): 1498.3243
2026-05-03 02:54:32,131 - INFO -     >>> Val MAE Details: ['977.1270']
2026-05-03 02:54:32,131 - INFO - ⏳ No improvement. Patience: 9/50
2026-05-03 03:00:36,368 - INFO - [Epoch 50] Train Loss: 0.0002 | LR: 0.000085
2026-05-03 03:00:36,368 - INFO -     >>> Val Avg RMSE (Real): 1612.6811
2026-05-03 03:00:36,368 - INFO -     >>> Val MAE Details: ['1175.4108']
2026-05-03 03:00:36,368 - INFO - ⏳ No improvement. Patience: 10/50
2026-05-03 03:06:41,934 - INFO - [Epoch 51] Train Loss: 0.0002 | LR: 0.000085
2026-05-03 03:06:41,934 - INFO -     >>> Val Avg RMSE (Real): 1223.7273
2026-05-03 03:06:41,934 - INFO -     >>> Val MAE Details: ['748.2611']
2026-05-03 03:06:41,934 - INFO - ⏳ No improvement. Patience: 11/50
2026-05-03 03:12:50,899 - INFO - [Epoch 52] Train Loss: 0.0002 | LR: 0.000084
2026-05-03 03:12:50,899 - INFO -     >>> Val Avg RMSE (Real): 1178.9135
2026-05-03 03:12:50,899 - INFO -     >>> Val MAE Details: ['684.0509']
2026-05-03 03:12:50,980 - INFO - 💾 Saved Best Model to ./logs/QMugs_repr_atomistic_graph_Equiformer_Task1_20260502_215051/best_model.pth
2026-05-03 03:18:59,038 - INFO - [Epoch 53] Train Loss: 0.0002 | LR: 0.000084
2026-05-03 03:18:59,038 - INFO -     >>> Val Avg RMSE (Real): 1508.6868
2026-05-03 03:18:59,038 - INFO -     >>> Val MAE Details: ['1048.6366']
2026-05-03 03:18:59,038 - INFO - ⏳ No improvement. Patience: 1/50
2026-05-03 03:25:06,963 - INFO - [Epoch 54] Train Loss: 0.0002 | LR: 0.000083
2026-05-03 03:25:06,963 - INFO -     >>> Val Avg RMSE (Real): 1371.5657
2026-05-03 03:25:06,963 - INFO -     >>> Val MAE Details: ['879.1896']
2026-05-03 03:25:06,963 - INFO - ⏳ No improvement. Patience: 2/50
2026-05-03 03:31:13,075 - INFO - [Epoch 55] Train Loss: 0.0002 | LR: 0.000082
2026-05-03 03:31:13,075 - INFO -     >>> Val Avg RMSE (Real): 1560.7698
2026-05-03 03:31:13,075 - INFO -     >>> Val MAE Details: ['1066.2462']
2026-05-03 03:31:13,075 - INFO - ⏳ No improvement. Patience: 3/50
2026-05-03 03:37:18,719 - INFO - [Epoch 56] Train Loss: 0.0002 | LR: 0.000082
2026-05-03 03:37:18,720 - INFO -     >>> Val Avg RMSE (Real): 1929.5090
2026-05-03 03:37:18,720 - INFO -     >>> Val MAE Details: ['1496.1744']
2026-05-03 03:37:18,720 - INFO - ⏳ No improvement. Patience: 4/50
2026-05-03 03:43:23,224 - INFO - [Epoch 57] Train Loss: 0.0002 | LR: 0.000081
2026-05-03 03:43:23,224 - INFO -     >>> Val Avg RMSE (Real): 1212.6904
2026-05-03 03:43:23,224 - INFO -     >>> Val MAE Details: ['739.6234']
2026-05-03 03:43:23,224 - INFO - ⏳ No improvement. Patience: 5/50
2026-05-03 03:49:29,268 - INFO - [Epoch 58] Train Loss: 0.0002 | LR: 0.000081
2026-05-03 03:49:29,268 - INFO -     >>> Val Avg RMSE (Real): 1620.6452
2026-05-03 03:49:29,268 - INFO -     >>> Val MAE Details: ['1105.0634']
2026-05-03 03:49:29,268 - INFO - ⏳ No improvement. Patience: 6/50
2026-05-03 03:55:34,557 - INFO - [Epoch 59] Train Loss: 0.0002 | LR: 0.000080
2026-05-03 03:55:34,557 - INFO -     >>> Val Avg RMSE (Real): 1152.4659
2026-05-03 03:55:34,557 - INFO -     >>> Val MAE Details: ['715.3812']
2026-05-03 03:55:34,638 - INFO - 💾 Saved Best Model to ./logs/QMugs_repr_atomistic_graph_Equiformer_Task1_20260502_215051/best_model.pth
2026-05-03 04:01:38,991 - INFO - [Epoch 60] Train Loss: 0.0002 | LR: 0.000079
2026-05-03 04:01:38,992 - INFO -     >>> Val Avg RMSE (Real): 1603.3691
2026-05-03 04:01:38,992 - INFO -     >>> Val MAE Details: ['1147.6608']
2026-05-03 04:01:38,992 - INFO - ⏳ No improvement. Patience: 1/50
2026-05-03 04:07:44,727 - INFO - [Epoch 61] Train Loss: 0.0002 | LR: 0.000079
2026-05-03 04:07:44,727 - INFO -     >>> Val Avg RMSE (Real): 1435.0986
2026-05-03 04:07:44,727 - INFO -     >>> Val MAE Details: ['1005.2135']
2026-05-03 04:07:44,727 - INFO - ⏳ No improvement. Patience: 2/50
2026-05-03 04:13:50,194 - INFO - [Epoch 62] Train Loss: 0.0002 | LR: 0.000078
2026-05-03 04:13:50,194 - INFO -     >>> Val Avg RMSE (Real): 1119.9722
2026-05-03 04:13:50,194 - INFO -     >>> Val MAE Details: ['634.6127']
2026-05-03 04:13:50,275 - INFO - 💾 Saved Best Model to ./logs/QMugs_repr_atomistic_graph_Equiformer_Task1_20260502_215051/best_model.pth
2026-05-03 04:19:57,867 - INFO - [Epoch 63] Train Loss: 0.0002 | LR: 0.000077
2026-05-03 04:19:57,867 - INFO -     >>> Val Avg RMSE (Real): 1497.5263
2026-05-03 04:19:57,868 - INFO -     >>> Val MAE Details: ['1006.0550']
2026-05-03 04:19:57,868 - INFO - ⏳ No improvement. Patience: 1/50
2026-05-03 04:26:05,382 - INFO - [Epoch 64] Train Loss: 0.0002 | LR: 0.000077
2026-05-03 04:26:05,382 - INFO -     >>> Val Avg RMSE (Real): 1124.3484
2026-05-03 04:26:05,382 - INFO -     >>> Val MAE Details: ['633.1635']
2026-05-03 04:26:05,382 - INFO - ⏳ No improvement. Patience: 2/50
2026-05-03 04:32:10,795 - INFO - [Epoch 65] Train Loss: 0.0002 | LR: 0.000076
2026-05-03 04:32:10,795 - INFO -     >>> Val Avg RMSE (Real): 1426.8861
2026-05-03 04:32:10,795 - INFO -     >>> Val MAE Details: ['905.3279']
2026-05-03 04:32:10,795 - INFO - ⏳ No improvement. Patience: 3/50
2026-05-03 04:38:15,801 - INFO - [Epoch 66] Train Loss: 0.0002 | LR: 0.000075
2026-05-03 04:38:15,801 - INFO -     >>> Val Avg RMSE (Real): 1151.2375
2026-05-03 04:38:15,801 - INFO -     >>> Val MAE Details: ['688.3393']
2026-05-03 04:38:15,801 - INFO - ⏳ No improvement. Patience: 4/50
2026-05-03 04:44:20,140 - INFO - [Epoch 67] Train Loss: 0.0002 | LR: 0.000075
2026-05-03 04:44:20,140 - INFO -     >>> Val Avg RMSE (Real): 1212.8999
2026-05-03 04:44:20,140 - INFO -     >>> Val MAE Details: ['759.7181']
2026-05-03 04:44:20,140 - INFO - ⏳ No improvement. Patience: 5/50
2026-05-03 04:50:24,610 - INFO - [Epoch 68] Train Loss: 0.0002 | LR: 0.000074
2026-05-03 04:50:24,610 - INFO -     >>> Val Avg RMSE (Real): 1243.2474
2026-05-03 04:50:24,610 - INFO -     >>> Val MAE Details: ['781.4143']
2026-05-03 04:50:24,610 - INFO - ⏳ No improvement. Patience: 6/50
2026-05-03 04:56:30,370 - INFO - [Epoch 69] Train Loss: 0.0002 | LR: 0.000073
2026-05-03 04:56:30,370 - INFO -     >>> Val Avg RMSE (Real): 1173.4233
2026-05-03 04:56:30,370 - INFO -     >>> Val MAE Details: ['711.3707']
2026-05-03 04:56:30,370 - INFO - ⏳ No improvement. Patience: 7/50
2026-05-03 05:02:36,388 - INFO - [Epoch 70] Train Loss: 0.0001 | LR: 0.000073
2026-05-03 05:02:36,389 - INFO -     >>> Val Avg RMSE (Real): 1162.4216
2026-05-03 05:02:36,389 - INFO -     >>> Val MAE Details: ['669.5543']
2026-05-03 05:02:36,389 - INFO - ⏳ No improvement. Patience: 8/50
2026-05-03 05:08:42,010 - INFO - [Epoch 71] Train Loss: 0.0002 | LR: 0.000072
2026-05-03 05:08:42,010 - INFO -     >>> Val Avg RMSE (Real): 1306.6396
2026-05-03 05:08:42,010 - INFO -     >>> Val MAE Details: ['918.8399']
2026-05-03 05:08:42,010 - INFO - ⏳ No improvement. Patience: 9/50
2026-05-03 05:14:47,224 - INFO - [Epoch 72] Train Loss: 0.0001 | LR: 0.000071
2026-05-03 05:14:47,224 - INFO -     >>> Val Avg RMSE (Real): 1195.4272
2026-05-03 05:14:47,224 - INFO -     >>> Val MAE Details: ['715.8679']
2026-05-03 05:14:47,225 - INFO - ⏳ No improvement. Patience: 10/50
2026-05-03 05:20:52,774 - INFO - [Epoch 73] Train Loss: 0.0002 | LR: 0.000071
2026-05-03 05:20:52,774 - INFO -     >>> Val Avg RMSE (Real): 1130.5227
2026-05-03 05:20:52,774 - INFO -     >>> Val MAE Details: ['657.5571']
2026-05-03 05:20:52,774 - INFO - ⏳ No improvement. Patience: 11/50
2026-05-03 05:26:57,049 - INFO - [Epoch 74] Train Loss: 0.0002 | LR: 0.000070
2026-05-03 05:26:57,049 - INFO -     >>> Val Avg RMSE (Real): 1330.5657
2026-05-03 05:26:57,049 - INFO -     >>> Val MAE Details: ['951.2334']
2026-05-03 05:26:57,049 - INFO - ⏳ No improvement. Patience: 12/50
2026-05-03 05:33:02,651 - INFO - [Epoch 75] Train Loss: 0.0002 | LR: 0.000069
2026-05-03 05:33:02,652 - INFO -     >>> Val Avg RMSE (Real): 1199.7356
2026-05-03 05:33:02,652 - INFO -     >>> Val MAE Details: ['718.8901']
2026-05-03 05:33:02,652 - INFO - ⏳ No improvement. Patience: 13/50
2026-05-03 05:39:07,474 - INFO - [Epoch 76] Train Loss: 0.0002 | LR: 0.000068
2026-05-03 05:39:07,475 - INFO -     >>> Val Avg RMSE (Real): 1128.4009
2026-05-03 05:39:07,475 - INFO -     >>> Val MAE Details: ['660.6826']
2026-05-03 05:39:07,475 - INFO - ⏳ No improvement. Patience: 14/50
2026-05-03 05:45:13,592 - INFO - [Epoch 77] Train Loss: 0.0002 | LR: 0.000068
2026-05-03 05:45:13,592 - INFO -     >>> Val Avg RMSE (Real): 1358.6873
2026-05-03 05:45:13,593 - INFO -     >>> Val MAE Details: ['999.8423']
2026-05-03 05:45:13,593 - INFO - ⏳ No improvement. Patience: 15/50
2026-05-03 05:51:19,236 - INFO - [Epoch 78] Train Loss: 0.0002 | LR: 0.000067
2026-05-03 05:51:19,236 - INFO -     >>> Val Avg RMSE (Real): 1134.6285
2026-05-03 05:51:19,236 - INFO -     >>> Val MAE Details: ['644.8630']
2026-05-03 05:51:19,236 - INFO - ⏳ No improvement. Patience: 16/50
2026-05-03 05:57:23,681 - INFO - [Epoch 79] Train Loss: 0.0001 | LR: 0.000066
2026-05-03 05:57:23,681 - INFO -     >>> Val Avg RMSE (Real): 1415.3287
2026-05-03 05:57:23,681 - INFO -     >>> Val MAE Details: ['949.5628']
2026-05-03 05:57:23,681 - INFO - ⏳ No improvement. Patience: 17/50
2026-05-03 06:03:27,351 - INFO - [Epoch 80] Train Loss: 0.0001 | LR: 0.000065
2026-05-03 06:03:27,351 - INFO -     >>> Val Avg RMSE (Real): 1111.1856
2026-05-03 06:03:27,351 - INFO -     >>> Val MAE Details: ['635.7695']
2026-05-03 06:03:27,432 - INFO - 💾 Saved Best Model to ./logs/QMugs_repr_atomistic_graph_Equiformer_Task1_20260502_215051/best_model.pth
2026-05-03 06:09:32,030 - INFO - [Epoch 81] Train Loss: 0.0002 | LR: 0.000065
2026-05-03 06:09:32,030 - INFO -     >>> Val Avg RMSE (Real): 1111.6065
2026-05-03 06:09:32,031 - INFO -     >>> Val MAE Details: ['649.5825']
2026-05-03 06:09:32,031 - INFO - ⏳ No improvement. Patience: 1/50
2026-05-03 06:15:37,691 - INFO - [Epoch 82] Train Loss: 0.0002 | LR: 0.000064
2026-05-03 06:15:37,691 - INFO -     >>> Val Avg RMSE (Real): 1145.7313
2026-05-03 06:15:37,691 - INFO -     >>> Val MAE Details: ['664.6837']
2026-05-03 06:15:37,691 - INFO - ⏳ No improvement. Patience: 2/50
2026-05-03 06:21:44,102 - INFO - [Epoch 83] Train Loss: 0.0002 | LR: 0.000063
2026-05-03 06:21:44,102 - INFO -     >>> Val Avg RMSE (Real): 1318.6724
2026-05-03 06:21:44,102 - INFO -     >>> Val MAE Details: ['944.9684']
2026-05-03 06:21:44,102 - INFO - ⏳ No improvement. Patience: 3/50
2026-05-03 06:27:50,730 - INFO - [Epoch 84] Train Loss: 0.0001 | LR: 0.000062
2026-05-03 06:27:50,731 - INFO -     >>> Val Avg RMSE (Real): 1204.3837
2026-05-03 06:27:50,731 - INFO -     >>> Val MAE Details: ['776.1722']
2026-05-03 06:27:50,731 - INFO - ⏳ No improvement. Patience: 4/50
2026-05-03 06:33:56,484 - INFO - [Epoch 85] Train Loss: 0.0001 | LR: 0.000062
2026-05-03 06:33:56,484 - INFO -     >>> Val Avg RMSE (Real): 1117.9388
2026-05-03 06:33:56,484 - INFO -     >>> Val MAE Details: ['638.8862']
2026-05-03 06:33:56,484 - INFO - ⏳ No improvement. Patience: 5/50
2026-05-03 06:40:01,488 - INFO - [Epoch 86] Train Loss: 0.0002 | LR: 0.000061
2026-05-03 06:40:01,489 - INFO -     >>> Val Avg RMSE (Real): 1203.3339
2026-05-03 06:40:01,489 - INFO -     >>> Val MAE Details: ['731.0200']
2026-05-03 06:40:01,489 - INFO - ⏳ No improvement. Patience: 6/50
2026-05-03 06:46:07,823 - INFO - [Epoch 87] Train Loss: 0.0001 | LR: 0.000060
2026-05-03 06:46:07,823 - INFO -     >>> Val Avg RMSE (Real): 1675.3999
2026-05-03 06:46:07,823 - INFO -     >>> Val MAE Details: ['1181.4932']
2026-05-03 06:46:07,823 - INFO - ⏳ No improvement. Patience: 7/50
2026-05-03 06:52:12,527 - INFO - [Epoch 88] Train Loss: 0.0001 | LR: 0.000059
2026-05-03 06:52:12,527 - INFO -     >>> Val Avg RMSE (Real): 1244.3136
2026-05-03 06:52:12,527 - INFO -     >>> Val MAE Details: ['843.5076']
2026-05-03 06:52:12,527 - INFO - ⏳ No improvement. Patience: 8/50
2026-05-03 06:58:15,011 - INFO - [Epoch 89] Train Loss: 0.0001 | LR: 0.000059
2026-05-03 06:58:15,011 - INFO -     >>> Val Avg RMSE (Real): 1304.2552
2026-05-03 06:58:15,011 - INFO -     >>> Val MAE Details: ['845.5706']
2026-05-03 06:58:15,011 - INFO - ⏳ No improvement. Patience: 9/50
2026-05-03 07:04:21,146 - INFO - [Epoch 90] Train Loss: 0.0001 | LR: 0.000058
2026-05-03 07:04:21,146 - INFO -     >>> Val Avg RMSE (Real): 1336.6619
2026-05-03 07:04:21,146 - INFO -     >>> Val MAE Details: ['844.7212']
2026-05-03 07:04:21,146 - INFO - ⏳ No improvement. Patience: 10/50
2026-05-03 07:10:29,080 - INFO - [Epoch 91] Train Loss: 0.0001 | LR: 0.000057
2026-05-03 07:10:29,080 - INFO -     >>> Val Avg RMSE (Real): 1062.5478
2026-05-03 07:10:29,080 - INFO -     >>> Val MAE Details: ['615.3437']
2026-05-03 07:10:29,160 - INFO - 💾 Saved Best Model to ./logs/QMugs_repr_atomistic_graph_Equiformer_Task1_20260502_215051/best_model.pth
2026-05-03 07:16:37,143 - INFO - [Epoch 92] Train Loss: 0.0001 | LR: 0.000056
2026-05-03 07:16:37,143 - INFO -     >>> Val Avg RMSE (Real): 1081.8989
2026-05-03 07:16:37,143 - INFO -     >>> Val MAE Details: ['596.7534']
2026-05-03 07:16:37,143 - INFO - ⏳ No improvement. Patience: 1/50
2026-05-03 07:22:45,430 - INFO - [Epoch 93] Train Loss: 0.0001 | LR: 0.000055
2026-05-03 07:22:45,430 - INFO -     >>> Val Avg RMSE (Real): 1131.6836
2026-05-03 07:22:45,430 - INFO -     >>> Val MAE Details: ['695.1509']
2026-05-03 07:22:45,430 - INFO - ⏳ No improvement. Patience: 2/50
2026-05-03 07:28:50,040 - INFO - [Epoch 94] Train Loss: 0.0001 | LR: 0.000055
2026-05-03 07:28:50,041 - INFO -     >>> Val Avg RMSE (Real): 1193.5309
2026-05-03 07:28:50,041 - INFO -     >>> Val MAE Details: ['720.9048']
2026-05-03 07:28:50,041 - INFO - ⏳ No improvement. Patience: 3/50
2026-05-03 07:34:53,707 - INFO - [Epoch 95] Train Loss: 0.0001 | LR: 0.000054
2026-05-03 07:34:53,707 - INFO -     >>> Val Avg RMSE (Real): 1831.4952
2026-05-03 07:34:53,707 - INFO -     >>> Val MAE Details: ['1431.6558']
2026-05-03 07:34:53,707 - INFO - ⏳ No improvement. Patience: 4/50
2026-05-03 07:41:00,362 - INFO - [Epoch 96] Train Loss: 0.0001 | LR: 0.000053
2026-05-03 07:41:00,362 - INFO -     >>> Val Avg RMSE (Real): 1092.4308
2026-05-03 07:41:00,362 - INFO -     >>> Val MAE Details: ['631.7892']
2026-05-03 07:41:00,362 - INFO - ⏳ No improvement. Patience: 5/50
2026-05-03 07:47:06,643 - INFO - [Epoch 97] Train Loss: 0.0001 | LR: 0.000052
2026-05-03 07:47:06,643 - INFO -     >>> Val Avg RMSE (Real): 1204.9754
2026-05-03 07:47:06,643 - INFO -     >>> Val MAE Details: ['789.7469']
2026-05-03 07:47:06,643 - INFO - ⏳ No improvement. Patience: 6/50
2026-05-03 07:53:10,503 - INFO - [Epoch 98] Train Loss: 0.0001 | LR: 0.000052
2026-05-03 07:53:10,504 - INFO -     >>> Val Avg RMSE (Real): 1123.4508
2026-05-03 07:53:10,504 - INFO -     >>> Val MAE Details: ['655.4390']
2026-05-03 07:53:10,504 - INFO - ⏳ No improvement. Patience: 7/50
2026-05-03 07:59:15,565 - INFO - [Epoch 99] Train Loss: 0.0001 | LR: 0.000051
2026-05-03 07:59:15,566 - INFO -     >>> Val Avg RMSE (Real): 1180.1315
2026-05-03 07:59:15,566 - INFO -     >>> Val MAE Details: ['767.3490']
2026-05-03 07:59:15,566 - INFO - ⏳ No improvement. Patience: 8/50
2026-05-03 08:05:20,271 - INFO - [Epoch 100] Train Loss: 0.0001 | LR: 0.000050
2026-05-03 08:05:20,271 - INFO -     >>> Val Avg RMSE (Real): 1152.6538
2026-05-03 08:05:20,271 - INFO -     >>> Val MAE Details: ['668.7859']
2026-05-03 08:05:20,271 - INFO - ⏳ No improvement. Patience: 9/50
2026-05-03 08:11:23,981 - INFO - [Epoch 101] Train Loss: 0.0001 | LR: 0.000049
2026-05-03 08:11:23,981 - INFO -     >>> Val Avg RMSE (Real): 1182.7316
2026-05-03 08:11:23,982 - INFO -     >>> Val MAE Details: ['717.4920']
2026-05-03 08:11:23,982 - INFO - ⏳ No improvement. Patience: 10/50
2026-05-03 08:17:28,723 - INFO - [Epoch 102] Train Loss: 0.0001 | LR: 0.000048
2026-05-03 08:17:28,723 - INFO -     >>> Val Avg RMSE (Real): 1070.0826
2026-05-03 08:17:28,723 - INFO -     >>> Val MAE Details: ['615.3092']
2026-05-03 08:17:28,723 - INFO - ⏳ No improvement. Patience: 11/50
2026-05-03 08:23:32,920 - INFO - [Epoch 103] Train Loss: 0.0001 | LR: 0.000048
2026-05-03 08:23:32,920 - INFO -     >>> Val Avg RMSE (Real): 1074.5899
2026-05-03 08:23:32,920 - INFO -     >>> Val MAE Details: ['597.8061']
2026-05-03 08:23:32,920 - INFO - ⏳ No improvement. Patience: 12/50
2026-05-03 08:29:37,769 - INFO - [Epoch 104] Train Loss: 0.0001 | LR: 0.000047
2026-05-03 08:29:37,769 - INFO -     >>> Val Avg RMSE (Real): 1089.0871
2026-05-03 08:29:37,769 - INFO -     >>> Val MAE Details: ['606.6409']
2026-05-03 08:29:37,769 - INFO - ⏳ No improvement. Patience: 13/50
2026-05-03 08:35:42,383 - INFO - [Epoch 105] Train Loss: 0.0001 | LR: 0.000046
2026-05-03 08:35:42,383 - INFO -     >>> Val Avg RMSE (Real): 1435.8797
2026-05-03 08:35:42,384 - INFO -     >>> Val MAE Details: ['1027.3591']
2026-05-03 08:35:42,384 - INFO - ⏳ No improvement. Patience: 14/50
2026-05-03 08:41:48,803 - INFO - [Epoch 106] Train Loss: 0.0001 | LR: 0.000045
2026-05-03 08:41:48,803 - INFO -     >>> Val Avg RMSE (Real): 1554.9559
2026-05-03 08:41:48,803 - INFO -     >>> Val MAE Details: ['1189.1604']
2026-05-03 08:41:48,803 - INFO - ⏳ No improvement. Patience: 15/50
2026-05-03 08:47:52,698 - INFO - [Epoch 107] Train Loss: 0.0001 | LR: 0.000045
2026-05-03 08:47:52,698 - INFO -     >>> Val Avg RMSE (Real): 1227.2671
2026-05-03 08:47:52,698 - INFO -     >>> Val MAE Details: ['859.4420']
2026-05-03 08:47:52,698 - INFO - ⏳ No improvement. Patience: 16/50
2026-05-03 08:53:57,255 - INFO - [Epoch 108] Train Loss: 0.0001 | LR: 0.000044
2026-05-03 08:53:57,255 - INFO -     >>> Val Avg RMSE (Real): 1063.8293
2026-05-03 08:53:57,255 - INFO -     >>> Val MAE Details: ['631.5246']
2026-05-03 08:53:57,255 - INFO - ⏳ No improvement. Patience: 17/50
2026-05-03 09:00:03,274 - INFO - [Epoch 109] Train Loss: 0.0001 | LR: 0.000043
2026-05-03 09:00:03,274 - INFO -     >>> Val Avg RMSE (Real): 1133.1143
2026-05-03 09:00:03,274 - INFO -     >>> Val MAE Details: ['672.8387']
2026-05-03 09:00:03,274 - INFO - ⏳ No improvement. Patience: 18/50
2026-05-03 09:06:09,237 - INFO - [Epoch 110] Train Loss: 0.0001 | LR: 0.000042
2026-05-03 09:06:09,238 - INFO -     >>> Val Avg RMSE (Real): 1078.5196
2026-05-03 09:06:09,238 - INFO -     >>> Val MAE Details: ['611.7398']
2026-05-03 09:06:09,238 - INFO - ⏳ No improvement. Patience: 19/50
2026-05-03 09:12:13,244 - INFO - [Epoch 111] Train Loss: 0.0001 | LR: 0.000041
2026-05-03 09:12:13,244 - INFO -     >>> Val Avg RMSE (Real): 1125.7468
2026-05-03 09:12:13,244 - INFO -     >>> Val MAE Details: ['663.5341']
2026-05-03 09:12:13,244 - INFO - ⏳ No improvement. Patience: 20/50
2026-05-03 09:18:18,177 - INFO - [Epoch 112] Train Loss: 0.0001 | LR: 0.000041
2026-05-03 09:18:18,177 - INFO -     >>> Val Avg RMSE (Real): 1168.0545
2026-05-03 09:18:18,177 - INFO -     >>> Val MAE Details: ['719.9671']
2026-05-03 09:18:18,177 - INFO - ⏳ No improvement. Patience: 21/50
2026-05-03 09:24:22,422 - INFO - [Epoch 113] Train Loss: 0.0001 | LR: 0.000040
2026-05-03 09:24:22,422 - INFO -     >>> Val Avg RMSE (Real): 1938.7425
2026-05-03 09:24:22,422 - INFO -     >>> Val MAE Details: ['1611.6204']
2026-05-03 09:24:22,422 - INFO - ⏳ No improvement. Patience: 22/50
2026-05-03 09:30:27,201 - INFO - [Epoch 114] Train Loss: 0.0001 | LR: 0.000039
2026-05-03 09:30:27,201 - INFO -     >>> Val Avg RMSE (Real): 1063.4936
2026-05-03 09:30:27,201 - INFO -     >>> Val MAE Details: ['639.2512']
2026-05-03 09:30:27,201 - INFO - ⏳ No improvement. Patience: 23/50
2026-05-03 09:36:34,062 - INFO - [Epoch 115] Train Loss: 0.0001 | LR: 0.000038
2026-05-03 09:36:34,062 - INFO -     >>> Val Avg RMSE (Real): 1221.4744
2026-05-03 09:36:34,062 - INFO -     >>> Val MAE Details: ['765.8416']
2026-05-03 09:36:34,062 - INFO - ⏳ No improvement. Patience: 24/50
2026-05-03 09:42:38,493 - INFO - [Epoch 116] Train Loss: 0.0001 | LR: 0.000038
2026-05-03 09:42:38,493 - INFO -     >>> Val Avg RMSE (Real): 1317.1092
2026-05-03 09:42:38,493 - INFO -     >>> Val MAE Details: ['881.3440']
2026-05-03 09:42:38,493 - INFO - ⏳ No improvement. Patience: 25/50
2026-05-03 09:48:45,845 - INFO - [Epoch 117] Train Loss: 0.0001 | LR: 0.000037
2026-05-03 09:48:45,845 - INFO -     >>> Val Avg RMSE (Real): 1293.7514
2026-05-03 09:48:45,845 - INFO -     >>> Val MAE Details: ['884.7142']
2026-05-03 09:48:45,845 - INFO - ⏳ No improvement. Patience: 26/50
2026-05-03 09:54:53,300 - INFO - [Epoch 118] Train Loss: 0.0001 | LR: 0.000036
2026-05-03 09:54:53,300 - INFO -     >>> Val Avg RMSE (Real): 1094.1941
2026-05-03 09:54:53,300 - INFO -     >>> Val MAE Details: ['692.5602']
2026-05-03 09:54:53,300 - INFO - ⏳ No improvement. Patience: 27/50
2026-05-03 10:00:58,742 - INFO - [Epoch 119] Train Loss: 0.0001 | LR: 0.000035
2026-05-03 10:00:58,742 - INFO -     >>> Val Avg RMSE (Real): 1069.8769
2026-05-03 10:00:58,742 - INFO -     >>> Val MAE Details: ['624.0185']
2026-05-03 10:00:58,742 - INFO - ⏳ No improvement. Patience: 28/50
2026-05-03 10:07:04,624 - INFO - [Epoch 120] Train Loss: 0.0001 | LR: 0.000035
2026-05-03 10:07:04,624 - INFO -     >>> Val Avg RMSE (Real): 1086.9277
2026-05-03 10:07:04,624 - INFO -     >>> Val MAE Details: ['633.1098']
2026-05-03 10:07:04,624 - INFO - ⏳ No improvement. Patience: 29/50
2026-05-03 10:13:10,476 - INFO - [Epoch 121] Train Loss: 0.0001 | LR: 0.000034
2026-05-03 10:13:10,476 - INFO -     >>> Val Avg RMSE (Real): 1036.6123
2026-05-03 10:13:10,476 - INFO -     >>> Val MAE Details: ['591.7863']
2026-05-03 10:13:10,558 - INFO - 💾 Saved Best Model to ./logs/QMugs_repr_atomistic_graph_Equiformer_Task1_20260502_215051/best_model.pth
2026-05-03 10:19:15,252 - INFO - [Epoch 122] Train Loss: 0.0001 | LR: 0.000033
2026-05-03 10:19:15,253 - INFO -     >>> Val Avg RMSE (Real): 1226.9429
2026-05-03 10:19:15,253 - INFO -     >>> Val MAE Details: ['785.1585']
2026-05-03 10:19:15,253 - INFO - ⏳ No improvement. Patience: 1/50
2026-05-03 10:25:19,076 - INFO - [Epoch 123] Train Loss: 0.0001 | LR: 0.000032
2026-05-03 10:25:19,076 - INFO -     >>> Val Avg RMSE (Real): 1059.2559
2026-05-03 10:25:19,077 - INFO -     >>> Val MAE Details: ['609.4925']
2026-05-03 10:25:19,077 - INFO - ⏳ No improvement. Patience: 2/50
2026-05-03 10:31:24,528 - INFO - [Epoch 124] Train Loss: 0.0001 | LR: 0.000032
2026-05-03 10:31:24,528 - INFO -     >>> Val Avg RMSE (Real): 1128.8676
2026-05-03 10:31:24,528 - INFO -     >>> Val MAE Details: ['717.2920']
2026-05-03 10:31:24,528 - INFO - ⏳ No improvement. Patience: 3/50
2026-05-03 10:37:29,692 - INFO - [Epoch 125] Train Loss: 0.0001 | LR: 0.000031
2026-05-03 10:37:29,692 - INFO -     >>> Val Avg RMSE (Real): 1300.0125
2026-05-03 10:37:29,692 - INFO -     >>> Val MAE Details: ['871.5591']
2026-05-03 10:37:29,692 - INFO - ⏳ No improvement. Patience: 4/50
2026-05-03 10:43:34,808 - INFO - [Epoch 126] Train Loss: 0.0001 | LR: 0.000030
2026-05-03 10:43:34,809 - INFO -     >>> Val Avg RMSE (Real): 1011.3772
2026-05-03 10:43:34,809 - INFO -     >>> Val MAE Details: ['580.6140']
2026-05-03 10:43:34,889 - INFO - 💾 Saved Best Model to ./logs/QMugs_repr_atomistic_graph_Equiformer_Task1_20260502_215051/best_model.pth
2026-05-03 10:49:40,499 - INFO - [Epoch 127] Train Loss: 0.0001 | LR: 0.000029
2026-05-03 10:49:40,499 - INFO -     >>> Val Avg RMSE (Real): 1204.6336
2026-05-03 10:49:40,499 - INFO -     >>> Val MAE Details: ['782.1605']
2026-05-03 10:49:40,499 - INFO - ⏳ No improvement. Patience: 1/50
2026-05-03 10:55:46,407 - INFO - [Epoch 128] Train Loss: 0.0001 | LR: 0.000029
2026-05-03 10:55:46,407 - INFO -     >>> Val Avg RMSE (Real): 1114.2340
2026-05-03 10:55:46,407 - INFO -     >>> Val MAE Details: ['713.4408']
2026-05-03 10:55:46,407 - INFO - ⏳ No improvement. Patience: 2/50
2026-05-03 11:01:51,625 - INFO - [Epoch 129] Train Loss: 0.0001 | LR: 0.000028
2026-05-03 11:01:51,626 - INFO -     >>> Val Avg RMSE (Real): 1020.1420
2026-05-03 11:01:51,626 - INFO -     >>> Val MAE Details: ['590.1522']
2026-05-03 11:01:51,626 - INFO - ⏳ No improvement. Patience: 3/50
2026-05-03 11:07:56,810 - INFO - [Epoch 130] Train Loss: 0.0001 | LR: 0.000027
2026-05-03 11:07:56,810 - INFO -     >>> Val Avg RMSE (Real): 1195.5938
2026-05-03 11:07:56,810 - INFO -     >>> Val MAE Details: ['773.9168']
2026-05-03 11:07:56,810 - INFO - ⏳ No improvement. Patience: 4/50
2026-05-03 11:14:02,562 - INFO - [Epoch 131] Train Loss: 0.0001 | LR: 0.000027
2026-05-03 11:14:02,562 - INFO -     >>> Val Avg RMSE (Real): 1017.2224
2026-05-03 11:14:02,562 - INFO -     >>> Val MAE Details: ['578.4213']
2026-05-03 11:14:02,562 - INFO - ⏳ No improvement. Patience: 5/50
2026-05-03 11:20:08,801 - INFO - [Epoch 132] Train Loss: 0.0001 | LR: 0.000026
2026-05-03 11:20:08,802 - INFO -     >>> Val Avg RMSE (Real): 1008.4729
2026-05-03 11:20:08,802 - INFO -     >>> Val MAE Details: ['574.0762']
2026-05-03 11:20:08,884 - INFO - 💾 Saved Best Model to ./logs/QMugs_repr_atomistic_graph_Equiformer_Task1_20260502_215051/best_model.pth
2026-05-03 11:26:13,407 - INFO - [Epoch 133] Train Loss: 0.0001 | LR: 0.000025
2026-05-03 11:26:13,407 - INFO -     >>> Val Avg RMSE (Real): 1012.6986
2026-05-03 11:26:13,407 - INFO -     >>> Val MAE Details: ['590.4623']
2026-05-03 11:26:13,407 - INFO - ⏳ No improvement. Patience: 1/50
2026-05-03 11:32:24,512 - INFO - [Epoch 134] Train Loss: 0.0001 | LR: 0.000025
2026-05-03 11:32:24,513 - INFO -     >>> Val Avg RMSE (Real): 1190.7388
2026-05-03 11:32:24,513 - INFO -     >>> Val MAE Details: ['750.3152']
2026-05-03 11:32:24,513 - INFO - ⏳ No improvement. Patience: 2/50
2026-05-03 11:38:39,690 - INFO - [Epoch 135] Train Loss: 0.0001 | LR: 0.000024
2026-05-03 11:38:39,690 - INFO -     >>> Val Avg RMSE (Real): 1012.4973
2026-05-03 11:38:39,690 - INFO -     >>> Val MAE Details: ['572.5460']
2026-05-03 11:38:39,690 - INFO - ⏳ No improvement. Patience: 3/50
2026-05-03 11:44:54,725 - INFO - [Epoch 136] Train Loss: 0.0001 | LR: 0.000023
2026-05-03 11:44:54,725 - INFO -     >>> Val Avg RMSE (Real): 1198.0473
2026-05-03 11:44:54,725 - INFO -     >>> Val MAE Details: ['848.2190']
2026-05-03 11:44:54,725 - INFO - ⏳ No improvement. Patience: 4/50
2026-05-03 11:51:09,443 - INFO - [Epoch 137] Train Loss: 0.0001 | LR: 0.000023
2026-05-03 11:51:09,443 - INFO -     >>> Val Avg RMSE (Real): 1115.8433
2026-05-03 11:51:09,443 - INFO -     >>> Val MAE Details: ['758.3735']
2026-05-03 11:51:09,443 - INFO - ⏳ No improvement. Patience: 5/50
2026-05-03 11:57:24,008 - INFO - [Epoch 138] Train Loss: 0.0001 | LR: 0.000022
2026-05-03 11:57:24,009 - INFO -     >>> Val Avg RMSE (Real): 1070.8057
2026-05-03 11:57:24,009 - INFO -     >>> Val MAE Details: ['634.9147']
2026-05-03 11:57:24,009 - INFO - ⏳ No improvement. Patience: 6/50
2026-05-03 12:03:38,190 - INFO - [Epoch 139] Train Loss: 0.0001 | LR: 0.000021
2026-05-03 12:03:38,190 - INFO -     >>> Val Avg RMSE (Real): 1132.1233
2026-05-03 12:03:38,190 - INFO -     >>> Val MAE Details: ['777.2278']
2026-05-03 12:03:38,190 - INFO - ⏳ No improvement. Patience: 7/50
2026-05-03 12:09:52,652 - INFO - [Epoch 140] Train Loss: 0.0001 | LR: 0.000021
2026-05-03 12:09:52,652 - INFO -     >>> Val Avg RMSE (Real): 1017.2094
2026-05-03 12:09:52,652 - INFO -     >>> Val MAE Details: ['583.2349']
2026-05-03 12:09:52,652 - INFO - ⏳ No improvement. Patience: 8/50
2026-05-03 12:16:07,225 - INFO - [Epoch 141] Train Loss: 0.0001 | LR: 0.000020
2026-05-03 12:16:07,225 - INFO -     >>> Val Avg RMSE (Real): 1240.4456
2026-05-03 12:16:07,225 - INFO -     >>> Val MAE Details: ['824.1714']
2026-05-03 12:16:07,225 - INFO - ⏳ No improvement. Patience: 9/50
2026-05-03 12:22:21,624 - INFO - [Epoch 142] Train Loss: 0.0001 | LR: 0.000019
2026-05-03 12:22:21,624 - INFO -     >>> Val Avg RMSE (Real): 1045.0673
2026-05-03 12:22:21,624 - INFO -     >>> Val MAE Details: ['608.7079']
2026-05-03 12:22:21,625 - INFO - ⏳ No improvement. Patience: 10/50
2026-05-03 12:28:36,824 - INFO - [Epoch 143] Train Loss: 0.0001 | LR: 0.000019
2026-05-03 12:28:36,825 - INFO -     >>> Val Avg RMSE (Real): 997.2159
2026-05-03 12:28:36,825 - INFO -     >>> Val MAE Details: ['587.6550']
2026-05-03 12:28:36,911 - INFO - 💾 Saved Best Model to ./logs/QMugs_repr_atomistic_graph_Equiformer_Task1_20260502_215051/best_model.pth
2026-05-03 12:34:52,292 - INFO - [Epoch 144] Train Loss: 0.0001 | LR: 0.000018
2026-05-03 12:34:52,292 - INFO -     >>> Val Avg RMSE (Real): 1047.2053
2026-05-03 12:34:52,292 - INFO -     >>> Val MAE Details: ['605.3203']
2026-05-03 12:34:52,293 - INFO - ⏳ No improvement. Patience: 1/50
2026-05-03 12:41:06,939 - INFO - [Epoch 145] Train Loss: 0.0001 | LR: 0.000018
2026-05-03 12:41:06,939 - INFO -     >>> Val Avg RMSE (Real): 1080.7734
2026-05-03 12:41:06,939 - INFO -     >>> Val MAE Details: ['645.3300']
2026-05-03 12:41:06,939 - INFO - ⏳ No improvement. Patience: 2/50
2026-05-03 12:47:21,523 - INFO - [Epoch 146] Train Loss: 0.0001 | LR: 0.000017
2026-05-03 12:47:21,523 - INFO -     >>> Val Avg RMSE (Real): 997.4990
2026-05-03 12:47:21,524 - INFO -     >>> Val MAE Details: ['570.8878']
2026-05-03 12:47:21,524 - INFO - ⏳ No improvement. Patience: 3/50
2026-05-03 12:53:36,043 - INFO - [Epoch 147] Train Loss: 0.0001 | LR: 0.000016
2026-05-03 12:53:36,043 - INFO -     >>> Val Avg RMSE (Real): 1139.8154
2026-05-03 12:53:36,043 - INFO -     >>> Val MAE Details: ['717.3524']
2026-05-03 12:53:36,043 - INFO - ⏳ No improvement. Patience: 4/50
2026-05-03 12:59:49,965 - INFO - [Epoch 148] Train Loss: 0.0001 | LR: 0.000016
2026-05-03 12:59:49,965 - INFO -     >>> Val Avg RMSE (Real): 981.2036
2026-05-03 12:59:49,965 - INFO -     >>> Val MAE Details: ['568.5363']
2026-05-03 12:59:50,051 - INFO - 💾 Saved Best Model to ./logs/QMugs_repr_atomistic_graph_Equiformer_Task1_20260502_215051/best_model.pth
2026-05-03 13:06:04,244 - INFO - [Epoch 149] Train Loss: 0.0001 | LR: 0.000015
2026-05-03 13:06:04,244 - INFO -     >>> Val Avg RMSE (Real): 1249.3482
2026-05-03 13:06:04,244 - INFO -     >>> Val MAE Details: ['888.0034']
2026-05-03 13:06:04,244 - INFO - ⏳ No improvement. Patience: 1/50
2026-05-03 13:12:19,390 - INFO - [Epoch 150] Train Loss: 0.0001 | LR: 0.000015
2026-05-03 13:12:19,390 - INFO -     >>> Val Avg RMSE (Real): 1003.3837
2026-05-03 13:12:19,390 - INFO -     >>> Val MAE Details: ['579.7903']
2026-05-03 13:12:19,390 - INFO - ⏳ No improvement. Patience: 2/50
2026-05-03 13:18:34,501 - INFO - [Epoch 151] Train Loss: 0.0001 | LR: 0.000014
2026-05-03 13:18:34,502 - INFO -     >>> Val Avg RMSE (Real): 992.7153
2026-05-03 13:18:34,502 - INFO -     >>> Val MAE Details: ['594.4951']
2026-05-03 13:18:34,502 - INFO - ⏳ No improvement. Patience: 3/50
2026-05-03 13:24:49,055 - INFO - [Epoch 152] Train Loss: 0.0001 | LR: 0.000014
2026-05-03 13:24:49,055 - INFO -     >>> Val Avg RMSE (Real): 1108.6354
2026-05-03 13:24:49,055 - INFO -     >>> Val MAE Details: ['685.3114']
2026-05-03 13:24:49,055 - INFO - ⏳ No improvement. Patience: 4/50
2026-05-03 13:31:03,457 - INFO - [Epoch 153] Train Loss: 0.0001 | LR: 0.000013
2026-05-03 13:31:03,457 - INFO -     >>> Val Avg RMSE (Real): 982.7105
2026-05-03 13:31:03,457 - INFO -     >>> Val MAE Details: ['568.5877']
2026-05-03 13:31:03,457 - INFO - ⏳ No improvement. Patience: 5/50
2026-05-03 13:37:16,849 - INFO - [Epoch 154] Train Loss: 0.0001 | LR: 0.000012
2026-05-03 13:37:16,849 - INFO -     >>> Val Avg RMSE (Real): 1006.8194
2026-05-03 13:37:16,849 - INFO -     >>> Val MAE Details: ['579.8089']
2026-05-03 13:37:16,849 - INFO - ⏳ No improvement. Patience: 6/50
2026-05-03 13:43:31,323 - INFO - [Epoch 155] Train Loss: 0.0001 | LR: 0.000012
2026-05-03 13:43:31,323 - INFO -     >>> Val Avg RMSE (Real): 1016.5445
2026-05-03 13:43:31,323 - INFO -     >>> Val MAE Details: ['591.1061']
2026-05-03 13:43:31,323 - INFO - ⏳ No improvement. Patience: 7/50
2026-05-03 13:49:45,900 - INFO - [Epoch 156] Train Loss: 0.0001 | LR: 0.000011
2026-05-03 13:49:45,900 - INFO -     >>> Val Avg RMSE (Real): 995.2550
2026-05-03 13:49:45,900 - INFO -     >>> Val MAE Details: ['588.6138']
2026-05-03 13:49:45,900 - INFO - ⏳ No improvement. Patience: 8/50
2026-05-03 13:56:00,876 - INFO - [Epoch 157] Train Loss: 0.0001 | LR: 0.000011
2026-05-03 13:56:00,876 - INFO -     >>> Val Avg RMSE (Real): 981.2745
2026-05-03 13:56:00,876 - INFO -     >>> Val MAE Details: ['585.7089']
2026-05-03 13:56:00,876 - INFO - ⏳ No improvement. Patience: 9/50
2026-05-03 14:02:14,788 - INFO - [Epoch 158] Train Loss: 0.0001 | LR: 0.000010
2026-05-03 14:02:14,789 - INFO -     >>> Val Avg RMSE (Real): 983.4125
2026-05-03 14:02:14,789 - INFO -     >>> Val MAE Details: ['588.3412']
2026-05-03 14:02:14,789 - INFO - ⏳ No improvement. Patience: 10/50
2026-05-03 14:08:28,289 - INFO - [Epoch 159] Train Loss: 0.0001 | LR: 0.000010
2026-05-03 14:08:28,289 - INFO -     >>> Val Avg RMSE (Real): 995.7742
2026-05-03 14:08:28,289 - INFO -     >>> Val MAE Details: ['597.7344']
2026-05-03 14:08:28,289 - INFO - ⏳ No improvement. Patience: 11/50
2026-05-03 14:14:42,038 - INFO - [Epoch 160] Train Loss: 0.0001 | LR: 0.000010
2026-05-03 14:14:42,038 - INFO -     >>> Val Avg RMSE (Real): 987.3139
2026-05-03 14:14:42,038 - INFO -     >>> Val MAE Details: ['592.7005']
2026-05-03 14:14:42,038 - INFO - ⏳ No improvement. Patience: 12/50
2026-05-03 14:20:55,834 - INFO - [Epoch 161] Train Loss: 0.0001 | LR: 0.000009
2026-05-03 14:20:55,834 - INFO -     >>> Val Avg RMSE (Real): 1053.8094
2026-05-03 14:20:55,834 - INFO -     >>> Val MAE Details: ['683.1395']
2026-05-03 14:20:55,834 - INFO - ⏳ No improvement. Patience: 13/50
2026-05-03 14:27:09,260 - INFO - [Epoch 162] Train Loss: 0.0001 | LR: 0.000009
2026-05-03 14:27:09,260 - INFO -     >>> Val Avg RMSE (Real): 984.5633
2026-05-03 14:27:09,260 - INFO -     >>> Val MAE Details: ['589.8717']
2026-05-03 14:27:09,260 - INFO - ⏳ No improvement. Patience: 14/50
2026-05-03 14:33:22,759 - INFO - [Epoch 163] Train Loss: 0.0001 | LR: 0.000008
2026-05-03 14:33:22,759 - INFO -     >>> Val Avg RMSE (Real): 1015.9876
2026-05-03 14:33:22,759 - INFO -     >>> Val MAE Details: ['627.1278']
2026-05-03 14:33:22,759 - INFO - ⏳ No improvement. Patience: 15/50
2026-05-03 14:39:36,506 - INFO - [Epoch 164] Train Loss: 0.0001 | LR: 0.000008
2026-05-03 14:39:36,507 - INFO -     >>> Val Avg RMSE (Real): 971.7586
2026-05-03 14:39:36,507 - INFO -     >>> Val MAE Details: ['559.4569']
2026-05-03 14:39:36,590 - INFO - 💾 Saved Best Model to ./logs/QMugs_repr_atomistic_graph_Equiformer_Task1_20260502_215051/best_model.pth
2026-05-03 14:45:50,454 - INFO - [Epoch 165] Train Loss: 0.0001 | LR: 0.000007
2026-05-03 14:45:50,454 - INFO -     >>> Val Avg RMSE (Real): 974.5268
2026-05-03 14:45:50,454 - INFO -     >>> Val MAE Details: ['561.8218']
2026-05-03 14:45:50,454 - INFO - ⏳ No improvement. Patience: 1/50
2026-05-03 14:52:01,508 - INFO - [Epoch 166] Train Loss: 0.0001 | LR: 0.000007
2026-05-03 14:52:01,508 - INFO -     >>> Val Avg RMSE (Real): 1228.3770
2026-05-03 14:52:01,508 - INFO -     >>> Val MAE Details: ['914.0248']
2026-05-03 14:52:01,508 - INFO - ⏳ No improvement. Patience: 2/50
2026-05-03 14:58:08,060 - INFO - [Epoch 167] Train Loss: 0.0001 | LR: 0.000007
2026-05-03 14:58:08,060 - INFO -     >>> Val Avg RMSE (Real): 977.6669
2026-05-03 14:58:08,060 - INFO -     >>> Val MAE Details: ['562.6450']
2026-05-03 14:58:08,060 - INFO - ⏳ No improvement. Patience: 3/50
2026-05-03 15:04:12,452 - INFO - [Epoch 168] Train Loss: 0.0001 | LR: 0.000006
2026-05-03 15:04:12,452 - INFO -     >>> Val Avg RMSE (Real): 985.6392
2026-05-03 15:04:12,452 - INFO -     >>> Val MAE Details: ['571.4558']
2026-05-03 15:04:12,452 - INFO - ⏳ No improvement. Patience: 4/50
2026-05-03 15:10:18,002 - INFO - [Epoch 169] Train Loss: 0.0001 | LR: 0.000006
2026-05-03 15:10:18,002 - INFO -     >>> Val Avg RMSE (Real): 966.3735
2026-05-03 15:10:18,002 - INFO -     >>> Val MAE Details: ['561.3209']
2026-05-03 15:10:18,082 - INFO - 💾 Saved Best Model to ./logs/QMugs_repr_atomistic_graph_Equiformer_Task1_20260502_215051/best_model.pth
2026-05-03 15:16:22,079 - INFO - [Epoch 170] Train Loss: 0.0001 | LR: 0.000005
2026-05-03 15:16:22,079 - INFO -     >>> Val Avg RMSE (Real): 964.8967
2026-05-03 15:16:22,079 - INFO -     >>> Val MAE Details: ['561.9581']
2026-05-03 15:16:22,160 - INFO - 💾 Saved Best Model to ./logs/QMugs_repr_atomistic_graph_Equiformer_Task1_20260502_215051/best_model.pth
2026-05-03 15:22:27,887 - INFO - [Epoch 171] Train Loss: 0.0001 | LR: 0.000005
2026-05-03 15:22:27,888 - INFO -     >>> Val Avg RMSE (Real): 968.2440
2026-05-03 15:22:27,888 - INFO -     >>> Val MAE Details: ['565.7250']
2026-05-03 15:22:27,888 - INFO - ⏳ No improvement. Patience: 1/50
2026-05-03 15:28:32,943 - INFO - [Epoch 172] Train Loss: 0.0001 | LR: 0.000005
2026-05-03 15:28:32,943 - INFO -     >>> Val Avg RMSE (Real): 982.6177
2026-05-03 15:28:32,943 - INFO -     >>> Val MAE Details: ['591.9448']
2026-05-03 15:28:32,943 - INFO - ⏳ No improvement. Patience: 2/50
2026-05-03 15:34:37,710 - INFO - [Epoch 173] Train Loss: 0.0001 | LR: 0.000004
2026-05-03 15:34:37,710 - INFO -     >>> Val Avg RMSE (Real): 989.7592
2026-05-03 15:34:37,710 - INFO -     >>> Val MAE Details: ['588.2577']
2026-05-03 15:34:37,710 - INFO - ⏳ No improvement. Patience: 3/50
2026-05-03 15:40:46,352 - INFO - [Epoch 174] Train Loss: 0.0001 | LR: 0.000004
2026-05-03 15:40:46,353 - INFO -     >>> Val Avg RMSE (Real): 1074.9416
2026-05-03 15:40:46,353 - INFO -     >>> Val MAE Details: ['723.9317']
2026-05-03 15:40:46,353 - INFO - ⏳ No improvement. Patience: 4/50
2026-05-03 15:46:55,273 - INFO - [Epoch 175] Train Loss: 0.0001 | LR: 0.000004
2026-05-03 15:46:55,273 - INFO -     >>> Val Avg RMSE (Real): 1017.5497
2026-05-03 15:46:55,273 - INFO -     >>> Val MAE Details: ['648.0196']
2026-05-03 15:46:55,273 - INFO - ⏳ No improvement. Patience: 5/50
2026-05-03 15:53:00,736 - INFO - [Epoch 176] Train Loss: 0.0001 | LR: 0.000004
2026-05-03 15:53:00,736 - INFO -     >>> Val Avg RMSE (Real): 993.6961
2026-05-03 15:53:00,736 - INFO -     >>> Val MAE Details: ['578.4334']
2026-05-03 15:53:00,736 - INFO - ⏳ No improvement. Patience: 6/50
2026-05-03 15:59:05,592 - INFO - [Epoch 177] Train Loss: 0.0001 | LR: 0.000003
2026-05-03 15:59:05,592 - INFO -     >>> Val Avg RMSE (Real): 973.5843
2026-05-03 15:59:05,592 - INFO -     >>> Val MAE Details: ['589.6410']
2026-05-03 15:59:05,592 - INFO - ⏳ No improvement. Patience: 7/50
2026-05-03 16:05:08,968 - INFO - [Epoch 178] Train Loss: 0.0001 | LR: 0.000003
2026-05-03 16:05:08,969 - INFO -     >>> Val Avg RMSE (Real): 962.0391
2026-05-03 16:05:08,969 - INFO -     >>> Val MAE Details: ['561.8586']
2026-05-03 16:05:09,048 - INFO - 💾 Saved Best Model to ./logs/QMugs_repr_atomistic_graph_Equiformer_Task1_20260502_215051/best_model.pth
2026-05-03 16:11:15,775 - INFO - [Epoch 179] Train Loss: 0.0001 | LR: 0.000003
2026-05-03 16:11:15,775 - INFO -     >>> Val Avg RMSE (Real): 963.3258
2026-05-03 16:11:15,775 - INFO -     >>> Val MAE Details: ['561.0672']
2026-05-03 16:11:15,776 - INFO - ⏳ No improvement. Patience: 1/50
2026-05-03 16:17:22,288 - INFO - [Epoch 180] Train Loss: 0.0001 | LR: 0.000002
2026-05-03 16:17:22,289 - INFO -     >>> Val Avg RMSE (Real): 968.5423
2026-05-03 16:17:22,289 - INFO -     >>> Val MAE Details: ['561.2689']
2026-05-03 16:17:22,289 - INFO - ⏳ No improvement. Patience: 2/50
2026-05-03 16:23:27,788 - INFO - [Epoch 181] Train Loss: 0.0001 | LR: 0.000002
2026-05-03 16:23:27,788 - INFO -     >>> Val Avg RMSE (Real): 960.5584
2026-05-03 16:23:27,788 - INFO -     >>> Val MAE Details: ['558.9384']
2026-05-03 16:23:27,870 - INFO - 💾 Saved Best Model to ./logs/QMugs_repr_atomistic_graph_Equiformer_Task1_20260502_215051/best_model.pth
2026-05-03 16:29:32,663 - INFO - [Epoch 182] Train Loss: 0.0001 | LR: 0.000002
2026-05-03 16:29:32,663 - INFO -     >>> Val Avg RMSE (Real): 998.9017
2026-05-03 16:29:32,663 - INFO -     >>> Val MAE Details: ['585.0268']
2026-05-03 16:29:32,663 - INFO - ⏳ No improvement. Patience: 1/50
2026-05-03 16:35:39,180 - INFO - [Epoch 183] Train Loss: 0.0001 | LR: 0.000002
2026-05-03 16:35:39,180 - INFO -     >>> Val Avg RMSE (Real): 960.4013
2026-05-03 16:35:39,180 - INFO -     >>> Val MAE Details: ['568.7893']
2026-05-03 16:35:39,262 - INFO - 💾 Saved Best Model to ./logs/QMugs_repr_atomistic_graph_Equiformer_Task1_20260502_215051/best_model.pth
2026-05-03 16:41:45,215 - INFO - [Epoch 184] Train Loss: 0.0001 | LR: 0.000002
2026-05-03 16:41:45,215 - INFO -     >>> Val Avg RMSE (Real): 967.8655
2026-05-03 16:41:45,215 - INFO -     >>> Val MAE Details: ['575.4348']
2026-05-03 16:41:45,215 - INFO - ⏳ No improvement. Patience: 1/50
2026-05-03 16:47:49,870 - INFO - [Epoch 185] Train Loss: 0.0001 | LR: 0.000001
2026-05-03 16:47:49,870 - INFO -     >>> Val Avg RMSE (Real): 971.9962
2026-05-03 16:47:49,870 - INFO -     >>> Val MAE Details: ['564.4885']
2026-05-03 16:47:49,870 - INFO - ⏳ No improvement. Patience: 2/50
2026-05-03 16:53:54,612 - INFO - [Epoch 186] Train Loss: 0.0001 | LR: 0.000001
2026-05-03 16:53:54,613 - INFO -     >>> Val Avg RMSE (Real): 963.7438
2026-05-03 16:53:54,613 - INFO -     >>> Val MAE Details: ['566.4809']
2026-05-03 16:53:54,613 - INFO - ⏳ No improvement. Patience: 3/50
2026-05-03 16:59:59,476 - INFO - [Epoch 187] Train Loss: 0.0001 | LR: 0.000001
2026-05-03 16:59:59,477 - INFO -     >>> Val Avg RMSE (Real): 958.0508
2026-05-03 16:59:59,477 - INFO -     >>> Val MAE Details: ['567.4300']
2026-05-03 16:59:59,559 - INFO - 💾 Saved Best Model to ./logs/QMugs_repr_atomistic_graph_Equiformer_Task1_20260502_215051/best_model.pth
2026-05-03 17:06:06,722 - INFO - [Epoch 188] Train Loss: 0.0001 | LR: 0.000001
2026-05-03 17:06:06,722 - INFO -     >>> Val Avg RMSE (Real): 966.4673
2026-05-03 17:06:06,722 - INFO -     >>> Val MAE Details: ['580.3585']
2026-05-03 17:06:06,722 - INFO - ⏳ No improvement. Patience: 1/50
2026-05-03 17:12:13,040 - INFO - [Epoch 189] Train Loss: 0.0001 | LR: 0.000001
2026-05-03 17:12:13,040 - INFO -     >>> Val Avg RMSE (Real): 957.2335
2026-05-03 17:12:13,040 - INFO -     >>> Val MAE Details: ['558.5208']
2026-05-03 17:12:13,121 - INFO - 💾 Saved Best Model to ./logs/QMugs_repr_atomistic_graph_Equiformer_Task1_20260502_215051/best_model.pth
2026-05-03 17:18:17,203 - INFO - [Epoch 190] Train Loss: 0.0001 | LR: 0.000001
2026-05-03 17:18:17,203 - INFO -     >>> Val Avg RMSE (Real): 961.7705
2026-05-03 17:18:17,204 - INFO -     >>> Val MAE Details: ['561.1573']
2026-05-03 17:18:17,204 - INFO - ⏳ No improvement. Patience: 1/50
2026-05-03 17:24:23,793 - INFO - [Epoch 191] Train Loss: 0.0001 | LR: 0.000000
2026-05-03 17:24:23,794 - INFO -     >>> Val Avg RMSE (Real): 964.7073
2026-05-03 17:24:23,794 - INFO -     >>> Val MAE Details: ['560.6310']
2026-05-03 17:24:23,794 - INFO - ⏳ No improvement. Patience: 2/50
2026-05-03 17:30:28,850 - INFO - [Epoch 192] Train Loss: 0.0001 | LR: 0.000000
2026-05-03 17:30:28,850 - INFO -     >>> Val Avg RMSE (Real): 962.8752
2026-05-03 17:30:28,850 - INFO -     >>> Val MAE Details: ['559.4431']
2026-05-03 17:30:28,850 - INFO - ⏳ No improvement. Patience: 3/50
2026-05-03 17:36:34,125 - INFO - [Epoch 193] Train Loss: 0.0001 | LR: 0.000000
2026-05-03 17:36:34,126 - INFO -     >>> Val Avg RMSE (Real): 955.6838
2026-05-03 17:36:34,126 - INFO -     >>> Val MAE Details: ['560.4588']
2026-05-03 17:36:34,206 - INFO - 💾 Saved Best Model to ./logs/QMugs_repr_atomistic_graph_Equiformer_Task1_20260502_215051/best_model.pth
2026-05-03 17:42:40,580 - INFO - [Epoch 194] Train Loss: 0.0001 | LR: 0.000000
2026-05-03 17:42:40,580 - INFO -     >>> Val Avg RMSE (Real): 956.6107
2026-05-03 17:42:40,580 - INFO -     >>> Val MAE Details: ['564.1862']
2026-05-03 17:42:40,580 - INFO - ⏳ No improvement. Patience: 1/50
2026-05-03 17:48:44,226 - INFO - [Epoch 195] Train Loss: 0.0001 | LR: 0.000000
2026-05-03 17:48:44,226 - INFO -     >>> Val Avg RMSE (Real): 961.7911
2026-05-03 17:48:44,226 - INFO -     >>> Val MAE Details: ['576.6602']
2026-05-03 17:48:44,226 - INFO - ⏳ No improvement. Patience: 2/50
2026-05-03 17:54:48,952 - INFO - [Epoch 196] Train Loss: 0.0001 | LR: 0.000000
2026-05-03 17:54:48,953 - INFO -     >>> Val Avg RMSE (Real): 957.1907
2026-05-03 17:54:48,953 - INFO -     >>> Val MAE Details: ['557.1956']
2026-05-03 17:54:48,953 - INFO - ⏳ No improvement. Patience: 3/50
2026-05-03 18:00:53,856 - INFO - [Epoch 197] Train Loss: 0.0001 | LR: 0.000000
2026-05-03 18:00:53,857 - INFO -     >>> Val Avg RMSE (Real): 955.9609
2026-05-03 18:00:53,857 - INFO -     >>> Val MAE Details: ['561.8210']
2026-05-03 18:00:53,857 - INFO - ⏳ No improvement. Patience: 4/50
2026-05-03 18:06:59,639 - INFO - [Epoch 198] Train Loss: 0.0001 | LR: 0.000000
2026-05-03 18:06:59,639 - INFO -     >>> Val Avg RMSE (Real): 955.5831
2026-05-03 18:06:59,639 - INFO -     >>> Val MAE Details: ['560.0840']
2026-05-03 18:06:59,720 - INFO - 💾 Saved Best Model to ./logs/QMugs_repr_atomistic_graph_Equiformer_Task1_20260502_215051/best_model.pth
2026-05-03 18:13:06,582 - INFO - [Epoch 199] Train Loss: 0.0001 | LR: 0.000000
2026-05-03 18:13:06,582 - INFO -     >>> Val Avg RMSE (Real): 957.0190
2026-05-03 18:13:06,582 - INFO -     >>> Val MAE Details: ['566.0131']
2026-05-03 18:13:06,582 - INFO - ⏳ No improvement. Patience: 1/50
2026-05-03 18:19:13,546 - INFO - [Epoch 200] Train Loss: 0.0001 | LR: 0.000000
2026-05-03 18:19:13,546 - INFO -     >>> Val Avg RMSE (Real): 955.9592
2026-05-03 18:19:13,546 - INFO -     >>> Val MAE Details: ['562.3365']
2026-05-03 18:19:13,546 - INFO - ⏳ No improvement. Patience: 2/50
