2026-04-20 19:36:08,652 - INFO - 💾 Config files backed up to ./logs/QM9_repr_ed_dense_PointNext_Task1_20260420_193608
2026-04-20 19:36:08,653 - INFO - 🎯 Multi-Task Targets (1): ['mu_mD']
2026-04-20 19:36:08,653 - INFO - ========================================
2026-04-20 19:36:08,653 - INFO -         Training Configuration        
2026-04-20 19:36:08,653 - INFO - ========================================
2026-04-20 19:36:08,654 - INFO - 
{'data': {'dataset_mode': 'repr_ed_dense',
          'grid_size': 0.1,
          'pkl_path': '../data/qm9/qm9_ed_1024_multi_prop_Bohr.pkl',
          'targets': ['mu_mD']},
 'model': {'blocks': [1, 2, 4, 2, 1],
           'drop_path_rate': 0.1,
           'dropout': 0.5,
           'expansion': 4,
           'in_channels': 1,
           'name': 'PointNext',
           'nsample': 32,
           'radius': 0.1,
           'sa_layers': 2,
           'sa_use_res': True,
           'strides': [1, 2, 2, 2, 2],
           'width': 64},
 'train': {'batch_size': 32,
           'epochs': 200,
           'grad_norm_clip': 1.0,
           'lr': 0.0001,
           'patience': 50,
           'seed': 2025,
           'weight_decay': 0.0001}}
2026-04-20 19:36:08,654 - INFO - ========================================

2026-04-20 19:36:08,654 - INFO - 🚀 Start Training on Device: cuda
2026-04-20 19:36:08,654 - INFO - Loading Data...
2026-04-20 19:36:08,654 - INFO - Loading Dataset Mode: repr_ed_dense...
2026-04-20 19:36:17,210 - INFO - Stats - Mean: [[2705.5706]], Std: [[1530.8763]]
2026-04-20 19:36:17,210 - INFO - Building Model: PointNext...
2026-04-20 19:36:17,865 - INFO - Total Parameters: 6.7068 M

2026-04-20 19:47:14,113 - INFO - [Epoch 1] Train Loss: 1.0218 | LR: 0.000100
2026-04-20 19:47:14,113 - INFO -     >>> Val Avg RMSE (Real): 1528.3463
2026-04-20 19:47:14,113 - INFO -     >>> Val MAE Details: ['1171.0586']
2026-04-20 19:47:14,269 - INFO - 💾 Saved Best Model to ./logs/QM9_repr_ed_dense_PointNext_Task1_20260420_193608/best_model.pth
2026-04-20 19:58:09,090 - INFO - [Epoch 2] Train Loss: 0.9733 | LR: 0.000100
2026-04-20 19:58:09,090 - INFO -     >>> Val Avg RMSE (Real): 1516.3097
2026-04-20 19:58:09,090 - INFO -     >>> Val MAE Details: ['1158.8583']
2026-04-20 19:58:09,259 - INFO - 💾 Saved Best Model to ./logs/QM9_repr_ed_dense_PointNext_Task1_20260420_193608/best_model.pth
2026-04-20 20:09:03,772 - INFO - [Epoch 3] Train Loss: 0.9658 | LR: 0.000100
2026-04-20 20:09:03,772 - INFO -     >>> Val Avg RMSE (Real): 1517.0409
2026-04-20 20:09:03,772 - INFO -     >>> Val MAE Details: ['1157.8738']
2026-04-20 20:09:03,772 - INFO - ⏳ No improvement. Patience: 1/50
2026-04-20 20:19:59,186 - INFO - [Epoch 4] Train Loss: 0.9633 | LR: 0.000100
2026-04-20 20:19:59,187 - INFO -     >>> Val Avg RMSE (Real): 1516.2811
2026-04-20 20:19:59,187 - INFO -     >>> Val MAE Details: ['1155.6224']
2026-04-20 20:19:59,370 - INFO - 💾 Saved Best Model to ./logs/QM9_repr_ed_dense_PointNext_Task1_20260420_193608/best_model.pth
2026-04-20 20:30:24,166 - INFO - [Epoch 5] Train Loss: 0.9621 | LR: 0.000100
2026-04-20 20:30:24,167 - INFO -     >>> Val Avg RMSE (Real): 1519.4436
2026-04-20 20:30:24,167 - INFO -     >>> Val MAE Details: ['1154.5746']
2026-04-20 20:30:24,167 - INFO - ⏳ No improvement. Patience: 1/50
2026-04-20 20:41:19,458 - INFO - [Epoch 6] Train Loss: 0.9608 | LR: 0.000100
2026-04-20 20:41:19,459 - INFO -     >>> Val Avg RMSE (Real): 1517.7341
2026-04-20 20:41:19,459 - INFO -     >>> Val MAE Details: ['1151.8066']
2026-04-20 20:41:19,459 - INFO - ⏳ No improvement. Patience: 2/50
2026-04-20 20:52:14,856 - INFO - [Epoch 7] Train Loss: 0.9567 | LR: 0.000100
2026-04-20 20:52:14,856 - INFO -     >>> Val Avg RMSE (Real): 1530.2587
2026-04-20 20:52:14,856 - INFO -     >>> Val MAE Details: ['1146.6038']
2026-04-20 20:52:14,856 - INFO - ⏳ No improvement. Patience: 3/50
2026-04-20 21:03:09,999 - INFO - [Epoch 8] Train Loss: 0.9547 | LR: 0.000100
2026-04-20 21:03:10,000 - INFO -     >>> Val Avg RMSE (Real): 1535.2998
2026-04-20 21:03:10,000 - INFO -     >>> Val MAE Details: ['1141.6088']
2026-04-20 21:03:10,000 - INFO - ⏳ No improvement. Patience: 4/50
2026-04-20 21:13:55,651 - INFO - [Epoch 9] Train Loss: 0.9543 | LR: 0.000100
2026-04-20 21:13:55,651 - INFO -     >>> Val Avg RMSE (Real): 1535.9000
2026-04-20 21:13:55,652 - INFO -     >>> Val MAE Details: ['1149.1453']
2026-04-20 21:13:55,652 - INFO - ⏳ No improvement. Patience: 5/50
2026-04-20 21:24:34,185 - INFO - [Epoch 10] Train Loss: 0.9550 | LR: 0.000099
2026-04-20 21:24:34,186 - INFO -     >>> Val Avg RMSE (Real): 1522.2071
2026-04-20 21:24:34,186 - INFO -     >>> Val MAE Details: ['1143.9292']
2026-04-20 21:24:34,186 - INFO - ⏳ No improvement. Patience: 6/50
2026-04-20 21:35:29,953 - INFO - [Epoch 11] Train Loss: 0.9538 | LR: 0.000099
2026-04-20 21:35:29,954 - INFO -     >>> Val Avg RMSE (Real): 1523.7067
2026-04-20 21:35:29,954 - INFO -     >>> Val MAE Details: ['1139.6100']
2026-04-20 21:35:29,954 - INFO - ⏳ No improvement. Patience: 7/50
2026-04-20 21:46:25,072 - INFO - [Epoch 12] Train Loss: 0.9523 | LR: 0.000099
2026-04-20 21:46:25,072 - INFO -     >>> Val Avg RMSE (Real): 1516.4374
2026-04-20 21:46:25,072 - INFO -     >>> Val MAE Details: ['1142.5249']
2026-04-20 21:46:25,072 - INFO - ⏳ No improvement. Patience: 8/50
2026-04-20 21:57:20,552 - INFO - [Epoch 13] Train Loss: 0.9517 | LR: 0.000099
2026-04-20 21:57:20,553 - INFO -     >>> Val Avg RMSE (Real): 1518.7278
2026-04-20 21:57:20,553 - INFO -     >>> Val MAE Details: ['1142.2383']
2026-04-20 21:57:20,553 - INFO - ⏳ No improvement. Patience: 9/50
2026-04-20 22:07:48,797 - INFO - [Epoch 14] Train Loss: 0.9529 | LR: 0.000099
2026-04-20 22:07:48,798 - INFO -     >>> Val Avg RMSE (Real): 1513.7998
2026-04-20 22:07:48,798 - INFO -     >>> Val MAE Details: ['1143.4489']
2026-04-20 22:07:48,972 - INFO - 💾 Saved Best Model to ./logs/QM9_repr_ed_dense_PointNext_Task1_20260420_193608/best_model.pth
2026-04-20 22:18:43,567 - INFO - [Epoch 15] Train Loss: 0.9514 | LR: 0.000099
2026-04-20 22:18:43,567 - INFO -     >>> Val Avg RMSE (Real): 1519.4766
2026-04-20 22:18:43,567 - INFO -     >>> Val MAE Details: ['1143.0632']
2026-04-20 22:18:43,567 - INFO - ⏳ No improvement. Patience: 1/50
2026-04-20 22:29:39,039 - INFO - [Epoch 16] Train Loss: 0.9510 | LR: 0.000098
2026-04-20 22:29:39,040 - INFO -     >>> Val Avg RMSE (Real): 1512.2952
2026-04-20 22:29:39,040 - INFO -     >>> Val MAE Details: ['1146.0040']
2026-04-20 22:29:39,221 - INFO - 💾 Saved Best Model to ./logs/QM9_repr_ed_dense_PointNext_Task1_20260420_193608/best_model.pth
2026-04-20 22:40:34,384 - INFO - [Epoch 17] Train Loss: 0.9505 | LR: 0.000098
2026-04-20 22:40:34,384 - INFO -     >>> Val Avg RMSE (Real): 1512.8313
2026-04-20 22:40:34,384 - INFO -     >>> Val MAE Details: ['1142.2853']
2026-04-20 22:40:34,384 - INFO - ⏳ No improvement. Patience: 1/50
2026-04-20 22:51:29,643 - INFO - [Epoch 18] Train Loss: 0.9506 | LR: 0.000098
2026-04-20 22:51:29,643 - INFO -     >>> Val Avg RMSE (Real): 1511.8722
2026-04-20 22:51:29,643 - INFO -     >>> Val MAE Details: ['1143.3776']
2026-04-20 22:51:29,838 - INFO - 💾 Saved Best Model to ./logs/QM9_repr_ed_dense_PointNext_Task1_20260420_193608/best_model.pth
2026-04-20 23:01:57,494 - INFO - [Epoch 19] Train Loss: 0.9504 | LR: 0.000098
2026-04-20 23:01:57,495 - INFO -     >>> Val Avg RMSE (Real): 1514.8450
2026-04-20 23:01:57,495 - INFO -     >>> Val MAE Details: ['1143.9673']
2026-04-20 23:01:57,495 - INFO - ⏳ No improvement. Patience: 1/50
2026-04-20 23:12:52,602 - INFO - [Epoch 20] Train Loss: 0.9512 | LR: 0.000098
2026-04-20 23:12:52,602 - INFO -     >>> Val Avg RMSE (Real): 1514.0909
2026-04-20 23:12:52,602 - INFO -     >>> Val MAE Details: ['1142.8745']
2026-04-20 23:12:52,602 - INFO - ⏳ No improvement. Patience: 2/50
2026-04-20 23:23:47,682 - INFO - [Epoch 21] Train Loss: 0.9496 | LR: 0.000097
2026-04-20 23:23:47,683 - INFO -     >>> Val Avg RMSE (Real): 1515.7667
2026-04-20 23:23:47,683 - INFO -     >>> Val MAE Details: ['1143.5952']
2026-04-20 23:23:47,683 - INFO - ⏳ No improvement. Patience: 3/50
2026-04-20 23:34:42,285 - INFO - [Epoch 22] Train Loss: 0.9499 | LR: 0.000097
2026-04-20 23:34:42,285 - INFO -     >>> Val Avg RMSE (Real): 1514.7240
2026-04-20 23:34:42,285 - INFO -     >>> Val MAE Details: ['1141.9482']
2026-04-20 23:34:42,286 - INFO - ⏳ No improvement. Patience: 4/50
2026-04-20 23:45:37,213 - INFO - [Epoch 23] Train Loss: 0.9501 | LR: 0.000097
2026-04-20 23:45:37,213 - INFO -     >>> Val Avg RMSE (Real): 1516.2021
2026-04-20 23:45:37,214 - INFO -     >>> Val MAE Details: ['1148.3702']
2026-04-20 23:45:37,214 - INFO - ⏳ No improvement. Patience: 5/50
2026-04-20 23:56:05,250 - INFO - [Epoch 24] Train Loss: 0.9508 | LR: 0.000096
2026-04-20 23:56:05,251 - INFO -     >>> Val Avg RMSE (Real): 1512.2277
2026-04-20 23:56:05,251 - INFO -     >>> Val MAE Details: ['1145.7921']
2026-04-20 23:56:05,251 - INFO - ⏳ No improvement. Patience: 6/50
2026-04-21 00:07:00,556 - INFO - [Epoch 25] Train Loss: 0.9500 | LR: 0.000096
2026-04-21 00:07:00,556 - INFO -     >>> Val Avg RMSE (Real): 1507.7259
2026-04-21 00:07:00,556 - INFO -     >>> Val MAE Details: ['1148.1298']
2026-04-21 00:07:00,709 - INFO - 💾 Saved Best Model to ./logs/QM9_repr_ed_dense_PointNext_Task1_20260420_193608/best_model.pth
2026-04-21 00:17:56,040 - INFO - [Epoch 26] Train Loss: 0.9491 | LR: 0.000096
2026-04-21 00:17:56,040 - INFO -     >>> Val Avg RMSE (Real): 1515.8599
2026-04-21 00:17:56,041 - INFO -     >>> Val MAE Details: ['1143.3376']
2026-04-21 00:17:56,041 - INFO - ⏳ No improvement. Patience: 1/50
2026-04-21 00:28:51,515 - INFO - [Epoch 27] Train Loss: 0.9483 | LR: 0.000096
2026-04-21 00:28:51,516 - INFO -     >>> Val Avg RMSE (Real): 1509.6077
2026-04-21 00:28:51,516 - INFO -     >>> Val MAE Details: ['1143.6311']
2026-04-21 00:28:51,516 - INFO - ⏳ No improvement. Patience: 2/50
2026-04-21 00:39:32,241 - INFO - [Epoch 28] Train Loss: 0.9495 | LR: 0.000095
2026-04-21 00:39:32,242 - INFO -     >>> Val Avg RMSE (Real): 1509.4902
2026-04-21 00:39:32,242 - INFO -     >>> Val MAE Details: ['1145.5441']
2026-04-21 00:39:32,242 - INFO - ⏳ No improvement. Patience: 3/50
2026-04-21 00:50:16,332 - INFO - [Epoch 29] Train Loss: 0.9487 | LR: 0.000095
2026-04-21 00:50:16,333 - INFO -     >>> Val Avg RMSE (Real): 1508.4988
2026-04-21 00:50:16,333 - INFO -     >>> Val MAE Details: ['1145.5092']
2026-04-21 00:50:16,333 - INFO - ⏳ No improvement. Patience: 4/50
2026-04-21 01:01:11,455 - INFO - [Epoch 30] Train Loss: 0.9486 | LR: 0.000095
2026-04-21 01:01:11,455 - INFO -     >>> Val Avg RMSE (Real): 1509.9175
2026-04-21 01:01:11,455 - INFO -     >>> Val MAE Details: ['1143.3849']
2026-04-21 01:01:11,455 - INFO - ⏳ No improvement. Patience: 5/50
2026-04-21 01:12:05,812 - INFO - [Epoch 31] Train Loss: 0.9477 | LR: 0.000094
2026-04-21 01:12:05,812 - INFO -     >>> Val Avg RMSE (Real): 1510.3720
2026-04-21 01:12:05,812 - INFO -     >>> Val MAE Details: ['1145.5658']
2026-04-21 01:12:05,812 - INFO - ⏳ No improvement. Patience: 6/50
2026-04-21 01:23:00,907 - INFO - [Epoch 32] Train Loss: 0.9486 | LR: 0.000094
2026-04-21 01:23:00,908 - INFO -     >>> Val Avg RMSE (Real): 1518.0300
2026-04-21 01:23:00,908 - INFO -     >>> Val MAE Details: ['1139.7216']
2026-04-21 01:23:00,908 - INFO - ⏳ No improvement. Patience: 7/50
2026-04-21 01:33:28,614 - INFO - [Epoch 33] Train Loss: 0.9486 | LR: 0.000093
2026-04-21 01:33:28,615 - INFO -     >>> Val Avg RMSE (Real): 1511.1525
2026-04-21 01:33:28,615 - INFO -     >>> Val MAE Details: ['1145.2032']
2026-04-21 01:33:28,615 - INFO - ⏳ No improvement. Patience: 8/50
2026-04-21 01:44:23,115 - INFO - [Epoch 34] Train Loss: 0.9479 | LR: 0.000093
2026-04-21 01:44:23,115 - INFO -     >>> Val Avg RMSE (Real): 1513.9289
2026-04-21 01:44:23,116 - INFO -     >>> Val MAE Details: ['1139.1372']
2026-04-21 01:44:23,116 - INFO - ⏳ No improvement. Patience: 9/50
2026-04-21 01:55:18,457 - INFO - [Epoch 35] Train Loss: 0.9482 | LR: 0.000093
2026-04-21 01:55:18,458 - INFO -     >>> Val Avg RMSE (Real): 1510.7269
2026-04-21 01:55:18,458 - INFO -     >>> Val MAE Details: ['1141.6339']
2026-04-21 01:55:18,458 - INFO - ⏳ No improvement. Patience: 10/50
2026-04-21 02:06:14,318 - INFO - [Epoch 36] Train Loss: 0.9483 | LR: 0.000092
2026-04-21 02:06:14,318 - INFO -     >>> Val Avg RMSE (Real): 1510.4173
2026-04-21 02:06:14,319 - INFO -     >>> Val MAE Details: ['1144.6859']
2026-04-21 02:06:14,319 - INFO - ⏳ No improvement. Patience: 11/50
2026-04-21 02:17:09,691 - INFO - [Epoch 37] Train Loss: 0.9476 | LR: 0.000092
2026-04-21 02:17:09,692 - INFO -     >>> Val Avg RMSE (Real): 1508.6109
2026-04-21 02:17:09,692 - INFO -     >>> Val MAE Details: ['1147.4967']
2026-04-21 02:17:09,692 - INFO - ⏳ No improvement. Patience: 12/50
2026-04-21 02:27:37,517 - INFO - [Epoch 38] Train Loss: 0.9494 | LR: 0.000091
2026-04-21 02:27:37,517 - INFO -     >>> Val Avg RMSE (Real): 1511.7751
2026-04-21 02:27:37,517 - INFO -     >>> Val MAE Details: ['1145.8008']
2026-04-21 02:27:37,518 - INFO - ⏳ No improvement. Patience: 13/50
2026-04-21 02:38:33,347 - INFO - [Epoch 39] Train Loss: 0.9483 | LR: 0.000091
2026-04-21 02:38:33,348 - INFO -     >>> Val Avg RMSE (Real): 1511.4319
2026-04-21 02:38:33,348 - INFO -     >>> Val MAE Details: ['1143.2958']
2026-04-21 02:38:33,348 - INFO - ⏳ No improvement. Patience: 14/50
2026-04-21 02:49:28,119 - INFO - [Epoch 40] Train Loss: 0.9486 | LR: 0.000090
2026-04-21 02:49:28,119 - INFO -     >>> Val Avg RMSE (Real): 1510.7583
2026-04-21 02:49:28,119 - INFO -     >>> Val MAE Details: ['1142.0200']
2026-04-21 02:49:28,119 - INFO - ⏳ No improvement. Patience: 15/50
2026-04-21 03:00:23,027 - INFO - [Epoch 41] Train Loss: 0.9483 | LR: 0.000090
2026-04-21 03:00:23,027 - INFO -     >>> Val Avg RMSE (Real): 1515.4016
2026-04-21 03:00:23,027 - INFO -     >>> Val MAE Details: ['1145.1561']
2026-04-21 03:00:23,028 - INFO - ⏳ No improvement. Patience: 16/50
2026-04-21 03:11:15,809 - INFO - [Epoch 42] Train Loss: 0.9471 | LR: 0.000090
2026-04-21 03:11:15,809 - INFO -     >>> Val Avg RMSE (Real): 1511.8418
2026-04-21 03:11:15,810 - INFO -     >>> Val MAE Details: ['1139.8422']
2026-04-21 03:11:15,810 - INFO - ⏳ No improvement. Patience: 17/50
2026-04-21 03:21:45,859 - INFO - [Epoch 43] Train Loss: 0.9475 | LR: 0.000089
2026-04-21 03:21:45,860 - INFO -     >>> Val Avg RMSE (Real): 1515.3269
2026-04-21 03:21:45,860 - INFO -     >>> Val MAE Details: ['1142.0159']
2026-04-21 03:21:45,860 - INFO - ⏳ No improvement. Patience: 18/50
2026-04-21 03:32:40,854 - INFO - [Epoch 44] Train Loss: 0.9473 | LR: 0.000089
2026-04-21 03:32:40,854 - INFO -     >>> Val Avg RMSE (Real): 1511.4818
2026-04-21 03:32:40,854 - INFO -     >>> Val MAE Details: ['1143.9292']
2026-04-21 03:32:40,855 - INFO - ⏳ No improvement. Patience: 19/50
2026-04-21 03:43:35,652 - INFO - [Epoch 45] Train Loss: 0.9471 | LR: 0.000088
2026-04-21 03:43:35,653 - INFO -     >>> Val Avg RMSE (Real): 1513.1335
2026-04-21 03:43:35,653 - INFO -     >>> Val MAE Details: ['1140.4426']
2026-04-21 03:43:35,653 - INFO - ⏳ No improvement. Patience: 20/50
2026-04-21 03:54:30,924 - INFO - [Epoch 46] Train Loss: 0.9479 | LR: 0.000088
2026-04-21 03:54:30,924 - INFO -     >>> Val Avg RMSE (Real): 1512.9000
2026-04-21 03:54:30,924 - INFO -     >>> Val MAE Details: ['1144.0825']
2026-04-21 03:54:30,924 - INFO - ⏳ No improvement. Patience: 21/50
2026-04-21 04:05:06,600 - INFO - [Epoch 47] Train Loss: 0.9484 | LR: 0.000087
2026-04-21 04:05:06,601 - INFO -     >>> Val Avg RMSE (Real): 1518.4118
2026-04-21 04:05:06,601 - INFO -     >>> Val MAE Details: ['1142.4048']
2026-04-21 04:05:06,601 - INFO - ⏳ No improvement. Patience: 22/50
2026-04-21 04:15:54,690 - INFO - [Epoch 48] Train Loss: 0.9474 | LR: 0.000086
2026-04-21 04:15:54,690 - INFO -     >>> Val Avg RMSE (Real): 1519.4691
2026-04-21 04:15:54,690 - INFO -     >>> Val MAE Details: ['1139.8751']
2026-04-21 04:15:54,690 - INFO - ⏳ No improvement. Patience: 23/50
2026-04-21 04:26:49,406 - INFO - [Epoch 49] Train Loss: 0.9468 | LR: 0.000086
2026-04-21 04:26:49,406 - INFO -     >>> Val Avg RMSE (Real): 1509.6017
2026-04-21 04:26:49,406 - INFO -     >>> Val MAE Details: ['1141.9662']
2026-04-21 04:26:49,406 - INFO - ⏳ No improvement. Patience: 24/50
2026-04-21 04:37:44,850 - INFO - [Epoch 50] Train Loss: 0.9469 | LR: 0.000085
2026-04-21 04:37:44,850 - INFO -     >>> Val Avg RMSE (Real): 1510.1775
2026-04-21 04:37:44,851 - INFO -     >>> Val MAE Details: ['1144.6398']
2026-04-21 04:37:44,851 - INFO - ⏳ No improvement. Patience: 25/50
2026-04-21 04:48:40,394 - INFO - [Epoch 51] Train Loss: 0.9467 | LR: 0.000085
2026-04-21 04:48:40,395 - INFO -     >>> Val Avg RMSE (Real): 1509.2830
2026-04-21 04:48:40,395 - INFO -     >>> Val MAE Details: ['1144.8228']
2026-04-21 04:48:40,395 - INFO - ⏳ No improvement. Patience: 26/50
2026-04-21 04:59:08,747 - INFO - [Epoch 52] Train Loss: 0.9477 | LR: 0.000084
2026-04-21 04:59:08,747 - INFO -     >>> Val Avg RMSE (Real): 1508.3774
2026-04-21 04:59:08,748 - INFO -     >>> Val MAE Details: ['1147.3247']
2026-04-21 04:59:08,748 - INFO - ⏳ No improvement. Patience: 27/50
2026-04-21 05:10:04,318 - INFO - [Epoch 53] Train Loss: 0.9464 | LR: 0.000084
2026-04-21 05:10:04,318 - INFO -     >>> Val Avg RMSE (Real): 1511.7014
2026-04-21 05:10:04,319 - INFO -     >>> Val MAE Details: ['1141.2771']
2026-04-21 05:10:04,319 - INFO - ⏳ No improvement. Patience: 28/50
2026-04-21 05:20:59,254 - INFO - [Epoch 54] Train Loss: 0.9471 | LR: 0.000083
2026-04-21 05:20:59,254 - INFO -     >>> Val Avg RMSE (Real): 1508.4610
2026-04-21 05:20:59,255 - INFO -     >>> Val MAE Details: ['1143.5149']
2026-04-21 05:20:59,255 - INFO - ⏳ No improvement. Patience: 29/50
2026-04-21 05:31:54,627 - INFO - [Epoch 55] Train Loss: 0.9473 | LR: 0.000082
2026-04-21 05:31:54,627 - INFO -     >>> Val Avg RMSE (Real): 1517.0405
2026-04-21 05:31:54,627 - INFO -     >>> Val MAE Details: ['1139.2721']
2026-04-21 05:31:54,627 - INFO - ⏳ No improvement. Patience: 30/50
2026-04-21 05:42:50,002 - INFO - [Epoch 56] Train Loss: 0.9477 | LR: 0.000082
2026-04-21 05:42:50,003 - INFO -     >>> Val Avg RMSE (Real): 1512.2791
2026-04-21 05:42:50,003 - INFO -     >>> Val MAE Details: ['1142.3478']
2026-04-21 05:42:50,003 - INFO - ⏳ No improvement. Patience: 31/50
2026-04-21 05:53:16,008 - INFO - [Epoch 57] Train Loss: 0.9467 | LR: 0.000081
2026-04-21 05:53:16,009 - INFO -     >>> Val Avg RMSE (Real): 1511.3785
2026-04-21 05:53:16,009 - INFO -     >>> Val MAE Details: ['1142.6517']
2026-04-21 05:53:16,009 - INFO - ⏳ No improvement. Patience: 32/50
2026-04-21 06:04:10,428 - INFO - [Epoch 58] Train Loss: 0.9471 | LR: 0.000081
2026-04-21 06:04:10,428 - INFO -     >>> Val Avg RMSE (Real): 1514.8924
2026-04-21 06:04:10,429 - INFO -     >>> Val MAE Details: ['1142.9811']
2026-04-21 06:04:10,429 - INFO - ⏳ No improvement. Patience: 33/50
2026-04-21 06:15:05,459 - INFO - [Epoch 59] Train Loss: 0.9471 | LR: 0.000080
2026-04-21 06:15:05,459 - INFO -     >>> Val Avg RMSE (Real): 1514.6755
2026-04-21 06:15:05,459 - INFO -     >>> Val MAE Details: ['1140.9954']
2026-04-21 06:15:05,460 - INFO - ⏳ No improvement. Patience: 34/50
2026-04-21 06:26:01,357 - INFO - [Epoch 60] Train Loss: 0.9467 | LR: 0.000079
2026-04-21 06:26:01,358 - INFO -     >>> Val Avg RMSE (Real): 1510.6111
2026-04-21 06:26:01,358 - INFO -     >>> Val MAE Details: ['1140.6982']
2026-04-21 06:26:01,358 - INFO - ⏳ No improvement. Patience: 35/50
2026-04-21 06:36:51,190 - INFO - [Epoch 61] Train Loss: 0.9465 | LR: 0.000079
2026-04-21 06:36:51,190 - INFO -     >>> Val Avg RMSE (Real): 1507.5023
2026-04-21 06:36:51,190 - INFO -     >>> Val MAE Details: ['1144.9869']
2026-04-21 06:36:51,371 - INFO - 💾 Saved Best Model to ./logs/QM9_repr_ed_dense_PointNext_Task1_20260420_193608/best_model.pth
2026-04-21 06:47:26,618 - INFO - [Epoch 62] Train Loss: 0.9470 | LR: 0.000078
2026-04-21 06:47:26,619 - INFO -     >>> Val Avg RMSE (Real): 1510.7348
2026-04-21 06:47:26,619 - INFO -     >>> Val MAE Details: ['1143.9476']
2026-04-21 06:47:26,619 - INFO - ⏳ No improvement. Patience: 1/50
2026-04-21 06:58:21,183 - INFO - [Epoch 63] Train Loss: 0.9474 | LR: 0.000077
2026-04-21 06:58:21,183 - INFO -     >>> Val Avg RMSE (Real): 1509.9146
2026-04-21 06:58:21,183 - INFO -     >>> Val MAE Details: ['1143.6339']
2026-04-21 06:58:21,183 - INFO - ⏳ No improvement. Patience: 2/50
2026-04-21 07:09:16,490 - INFO - [Epoch 64] Train Loss: 0.9471 | LR: 0.000077
2026-04-21 07:09:16,491 - INFO -     >>> Val Avg RMSE (Real): 1511.3245
2026-04-21 07:09:16,491 - INFO -     >>> Val MAE Details: ['1142.9854']
2026-04-21 07:09:16,491 - INFO - ⏳ No improvement. Patience: 3/50
2026-04-21 07:20:10,716 - INFO - [Epoch 65] Train Loss: 0.9470 | LR: 0.000076
2026-04-21 07:20:10,717 - INFO -     >>> Val Avg RMSE (Real): 1511.2139
2026-04-21 07:20:10,717 - INFO -     >>> Val MAE Details: ['1145.4030']
2026-04-21 07:20:10,717 - INFO - ⏳ No improvement. Patience: 4/50
2026-04-21 07:30:40,784 - INFO - [Epoch 66] Train Loss: 0.9470 | LR: 0.000075
2026-04-21 07:30:40,785 - INFO -     >>> Val Avg RMSE (Real): 1510.4717
2026-04-21 07:30:40,785 - INFO -     >>> Val MAE Details: ['1147.3236']
2026-04-21 07:30:40,785 - INFO - ⏳ No improvement. Patience: 5/50
2026-04-21 07:41:35,020 - INFO - [Epoch 67] Train Loss: 0.9465 | LR: 0.000075
2026-04-21 07:41:35,020 - INFO -     >>> Val Avg RMSE (Real): 1510.5156
2026-04-21 07:41:35,021 - INFO -     >>> Val MAE Details: ['1144.8612']
2026-04-21 07:41:35,021 - INFO - ⏳ No improvement. Patience: 6/50
2026-04-21 07:52:29,322 - INFO - [Epoch 68] Train Loss: 0.9464 | LR: 0.000074
2026-04-21 07:52:29,323 - INFO -     >>> Val Avg RMSE (Real): 1512.5499
2026-04-21 07:52:29,323 - INFO -     >>> Val MAE Details: ['1141.7114']
2026-04-21 07:52:29,323 - INFO - ⏳ No improvement. Patience: 7/50
2026-04-21 08:03:23,922 - INFO - [Epoch 69] Train Loss: 0.9474 | LR: 0.000073
2026-04-21 08:03:23,923 - INFO -     >>> Val Avg RMSE (Real): 1512.3444
2026-04-21 08:03:23,923 - INFO -     >>> Val MAE Details: ['1141.9933']
2026-04-21 08:03:23,923 - INFO - ⏳ No improvement. Patience: 8/50
2026-04-21 08:14:19,293 - INFO - [Epoch 70] Train Loss: 0.9470 | LR: 0.000073
2026-04-21 08:14:19,294 - INFO -     >>> Val Avg RMSE (Real): 1513.0995
2026-04-21 08:14:19,294 - INFO -     >>> Val MAE Details: ['1142.4279']
2026-04-21 08:14:19,294 - INFO - ⏳ No improvement. Patience: 9/50
2026-04-21 08:24:47,455 - INFO - [Epoch 71] Train Loss: 0.9482 | LR: 0.000072
2026-04-21 08:24:47,456 - INFO -     >>> Val Avg RMSE (Real): 1525.7416
2026-04-21 08:24:47,456 - INFO -     >>> Val MAE Details: ['1150.0613']
2026-04-21 08:24:47,456 - INFO - ⏳ No improvement. Patience: 10/50
2026-04-21 08:35:42,372 - INFO - [Epoch 72] Train Loss: 0.9511 | LR: 0.000071
2026-04-21 08:35:42,373 - INFO -     >>> Val Avg RMSE (Real): 1509.9589
2026-04-21 08:35:42,373 - INFO -     >>> Val MAE Details: ['1142.2406']
2026-04-21 08:35:42,373 - INFO - ⏳ No improvement. Patience: 11/50
2026-04-21 08:46:37,439 - INFO - [Epoch 73] Train Loss: 0.9502 | LR: 0.000071
2026-04-21 08:46:37,439 - INFO -     >>> Val Avg RMSE (Real): 1514.2973
2026-04-21 08:46:37,439 - INFO -     >>> Val MAE Details: ['1144.4949']
2026-04-21 08:46:37,440 - INFO - ⏳ No improvement. Patience: 12/50
2026-04-21 08:57:32,763 - INFO - [Epoch 74] Train Loss: 0.9497 | LR: 0.000070
2026-04-21 08:57:32,763 - INFO -     >>> Val Avg RMSE (Real): 1508.9903
2026-04-21 08:57:32,763 - INFO -     >>> Val MAE Details: ['1146.1760']
2026-04-21 08:57:32,763 - INFO - ⏳ No improvement. Patience: 13/50
2026-04-21 09:08:28,559 - INFO - [Epoch 75] Train Loss: 0.9472 | LR: 0.000069
2026-04-21 09:08:28,559 - INFO -     >>> Val Avg RMSE (Real): 1514.1269
2026-04-21 09:08:28,560 - INFO -     >>> Val MAE Details: ['1143.1879']
2026-04-21 09:08:28,560 - INFO - ⏳ No improvement. Patience: 14/50
2026-04-21 09:18:55,142 - INFO - [Epoch 76] Train Loss: 0.9471 | LR: 0.000068
2026-04-21 09:18:55,143 - INFO -     >>> Val Avg RMSE (Real): 1515.9922
2026-04-21 09:18:55,143 - INFO -     >>> Val MAE Details: ['1140.7015']
2026-04-21 09:18:55,143 - INFO - ⏳ No improvement. Patience: 15/50
2026-04-21 09:29:50,927 - INFO - [Epoch 77] Train Loss: 0.9462 | LR: 0.000068
2026-04-21 09:29:50,928 - INFO -     >>> Val Avg RMSE (Real): 1515.8397
2026-04-21 09:29:50,928 - INFO -     >>> Val MAE Details: ['1142.3063']
2026-04-21 09:29:50,928 - INFO - ⏳ No improvement. Patience: 16/50
2026-04-21 09:40:45,149 - INFO - [Epoch 78] Train Loss: 0.9471 | LR: 0.000067
2026-04-21 09:40:45,150 - INFO -     >>> Val Avg RMSE (Real): 1517.8831
2026-04-21 09:40:45,150 - INFO -     >>> Val MAE Details: ['1142.0260']
2026-04-21 09:40:45,150 - INFO - ⏳ No improvement. Patience: 17/50
2026-04-21 09:51:39,983 - INFO - [Epoch 79] Train Loss: 0.9464 | LR: 0.000066
2026-04-21 09:51:39,984 - INFO -     >>> Val Avg RMSE (Real): 1518.5384
2026-04-21 09:51:39,984 - INFO -     >>> Val MAE Details: ['1139.5795']
2026-04-21 09:51:39,984 - INFO - ⏳ No improvement. Patience: 18/50
2026-04-21 10:02:23,105 - INFO - [Epoch 80] Train Loss: 0.9458 | LR: 0.000065
2026-04-21 10:02:23,106 - INFO -     >>> Val Avg RMSE (Real): 1516.1139
2026-04-21 10:02:23,106 - INFO -     >>> Val MAE Details: ['1143.9437']
2026-04-21 10:02:23,106 - INFO - ⏳ No improvement. Patience: 19/50
2026-04-21 10:13:03,402 - INFO - [Epoch 81] Train Loss: 0.9463 | LR: 0.000065
2026-04-21 10:13:03,402 - INFO -     >>> Val Avg RMSE (Real): 1511.0488
2026-04-21 10:13:03,402 - INFO -     >>> Val MAE Details: ['1142.0610']
2026-04-21 10:13:03,402 - INFO - ⏳ No improvement. Patience: 20/50
2026-04-21 10:23:58,611 - INFO - [Epoch 82] Train Loss: 0.9461 | LR: 0.000064
2026-04-21 10:23:58,612 - INFO -     >>> Val Avg RMSE (Real): 1512.0873
2026-04-21 10:23:58,612 - INFO -     >>> Val MAE Details: ['1142.6863']
2026-04-21 10:23:58,612 - INFO - ⏳ No improvement. Patience: 21/50
2026-04-21 10:34:53,488 - INFO - [Epoch 83] Train Loss: 0.9469 | LR: 0.000063
2026-04-21 10:34:53,488 - INFO -     >>> Val Avg RMSE (Real): 1513.3816
2026-04-21 10:34:53,488 - INFO -     >>> Val MAE Details: ['1143.2474']
2026-04-21 10:34:53,489 - INFO - ⏳ No improvement. Patience: 22/50
2026-04-21 10:45:48,827 - INFO - [Epoch 84] Train Loss: 0.9466 | LR: 0.000062
2026-04-21 10:45:48,827 - INFO -     >>> Val Avg RMSE (Real): 1517.6151
2026-04-21 10:45:48,827 - INFO -     >>> Val MAE Details: ['1140.5234']
2026-04-21 10:45:48,828 - INFO - ⏳ No improvement. Patience: 23/50
2026-04-21 10:56:16,502 - INFO - [Epoch 85] Train Loss: 0.9462 | LR: 0.000062
2026-04-21 10:56:16,503 - INFO -     >>> Val Avg RMSE (Real): 1511.4945
2026-04-21 10:56:16,503 - INFO -     >>> Val MAE Details: ['1142.4131']
2026-04-21 10:56:16,503 - INFO - ⏳ No improvement. Patience: 24/50
2026-04-21 11:07:10,581 - INFO - [Epoch 86] Train Loss: 0.9458 | LR: 0.000061
2026-04-21 11:07:10,581 - INFO -     >>> Val Avg RMSE (Real): 1510.3601
2026-04-21 11:07:10,582 - INFO -     >>> Val MAE Details: ['1142.3262']
2026-04-21 11:07:10,582 - INFO - ⏳ No improvement. Patience: 25/50
2026-04-21 11:18:06,151 - INFO - [Epoch 87] Train Loss: 0.9467 | LR: 0.000060
2026-04-21 11:18:06,151 - INFO -     >>> Val Avg RMSE (Real): 1515.1818
2026-04-21 11:18:06,151 - INFO -     >>> Val MAE Details: ['1141.7523']
2026-04-21 11:18:06,151 - INFO - ⏳ No improvement. Patience: 26/50
2026-04-21 11:29:00,321 - INFO - [Epoch 88] Train Loss: 0.9466 | LR: 0.000059
2026-04-21 11:29:00,322 - INFO -     >>> Val Avg RMSE (Real): 1515.9002
2026-04-21 11:29:00,322 - INFO -     >>> Val MAE Details: ['1142.9985']
2026-04-21 11:29:00,322 - INFO - ⏳ No improvement. Patience: 27/50
2026-04-21 11:39:55,716 - INFO - [Epoch 89] Train Loss: 0.9455 | LR: 0.000059
2026-04-21 11:39:55,716 - INFO -     >>> Val Avg RMSE (Real): 1524.1207
2026-04-21 11:39:55,716 - INFO -     >>> Val MAE Details: ['1141.8867']
2026-04-21 11:39:55,716 - INFO - ⏳ No improvement. Patience: 28/50
2026-04-21 11:50:22,190 - INFO - [Epoch 90] Train Loss: 0.9466 | LR: 0.000058
2026-04-21 11:50:22,190 - INFO -     >>> Val Avg RMSE (Real): 1521.1962
2026-04-21 11:50:22,190 - INFO -     >>> Val MAE Details: ['1140.8751']
2026-04-21 11:50:22,190 - INFO - ⏳ No improvement. Patience: 29/50
2026-04-21 12:01:16,865 - INFO - [Epoch 91] Train Loss: 0.9465 | LR: 0.000057
2026-04-21 12:01:16,865 - INFO -     >>> Val Avg RMSE (Real): 1525.1944
2026-04-21 12:01:16,865 - INFO -     >>> Val MAE Details: ['1142.4167']
2026-04-21 12:01:16,865 - INFO - ⏳ No improvement. Patience: 30/50
2026-04-21 12:12:12,538 - INFO - [Epoch 92] Train Loss: 0.9463 | LR: 0.000056
2026-04-21 12:12:12,538 - INFO -     >>> Val Avg RMSE (Real): 1517.9877
2026-04-21 12:12:12,538 - INFO -     >>> Val MAE Details: ['1141.2048']
2026-04-21 12:12:12,538 - INFO - ⏳ No improvement. Patience: 31/50
2026-04-21 12:23:07,325 - INFO - [Epoch 93] Train Loss: 0.9458 | LR: 0.000055
2026-04-21 12:23:07,325 - INFO -     >>> Val Avg RMSE (Real): 1511.1826
2026-04-21 12:23:07,325 - INFO -     >>> Val MAE Details: ['1143.2002']
2026-04-21 12:23:07,325 - INFO - ⏳ No improvement. Patience: 32/50
2026-04-21 12:34:01,899 - INFO - [Epoch 94] Train Loss: 0.9458 | LR: 0.000055
2026-04-21 12:34:01,899 - INFO -     >>> Val Avg RMSE (Real): 1514.8886
2026-04-21 12:34:01,899 - INFO -     >>> Val MAE Details: ['1142.1262']
2026-04-21 12:34:01,899 - INFO - ⏳ No improvement. Patience: 33/50
2026-04-21 12:44:29,124 - INFO - [Epoch 95] Train Loss: 0.9455 | LR: 0.000054
2026-04-21 12:44:29,125 - INFO -     >>> Val Avg RMSE (Real): 1511.7750
2026-04-21 12:44:29,125 - INFO -     >>> Val MAE Details: ['1141.7520']
2026-04-21 12:44:29,125 - INFO - ⏳ No improvement. Patience: 34/50
2026-04-21 12:55:23,770 - INFO - [Epoch 96] Train Loss: 0.9458 | LR: 0.000053
2026-04-21 12:55:23,770 - INFO -     >>> Val Avg RMSE (Real): 1516.1181
2026-04-21 12:55:23,770 - INFO -     >>> Val MAE Details: ['1141.0410']
2026-04-21 12:55:23,770 - INFO - ⏳ No improvement. Patience: 35/50
2026-04-21 13:06:18,791 - INFO - [Epoch 97] Train Loss: 0.9453 | LR: 0.000052
2026-04-21 13:06:18,792 - INFO -     >>> Val Avg RMSE (Real): 1512.9338
2026-04-21 13:06:18,792 - INFO -     >>> Val MAE Details: ['1142.8857']
2026-04-21 13:06:18,792 - INFO - ⏳ No improvement. Patience: 36/50
2026-04-21 13:17:14,227 - INFO - [Epoch 98] Train Loss: 0.9459 | LR: 0.000052
2026-04-21 13:17:14,227 - INFO -     >>> Val Avg RMSE (Real): 1516.3661
2026-04-21 13:17:14,227 - INFO -     >>> Val MAE Details: ['1141.2749']
2026-04-21 13:17:14,228 - INFO - ⏳ No improvement. Patience: 37/50
2026-04-21 13:27:51,990 - INFO - [Epoch 99] Train Loss: 0.9459 | LR: 0.000051
2026-04-21 13:27:51,991 - INFO -     >>> Val Avg RMSE (Real): 1514.7163
2026-04-21 13:27:51,991 - INFO -     >>> Val MAE Details: ['1141.4486']
2026-04-21 13:27:51,991 - INFO - ⏳ No improvement. Patience: 38/50
2026-04-21 13:38:38,593 - INFO - [Epoch 100] Train Loss: 0.9461 | LR: 0.000050
2026-04-21 13:38:38,594 - INFO -     >>> Val Avg RMSE (Real): 1516.4657
2026-04-21 13:38:38,594 - INFO -     >>> Val MAE Details: ['1141.9534']
2026-04-21 13:38:38,594 - INFO - ⏳ No improvement. Patience: 39/50
2026-04-21 13:49:32,593 - INFO - [Epoch 101] Train Loss: 0.9461 | LR: 0.000049
2026-04-21 13:49:32,593 - INFO -     >>> Val Avg RMSE (Real): 1513.9965
2026-04-21 13:49:32,593 - INFO -     >>> Val MAE Details: ['1141.1625']
2026-04-21 13:49:32,593 - INFO - ⏳ No improvement. Patience: 40/50
2026-04-21 14:00:27,053 - INFO - [Epoch 102] Train Loss: 0.9452 | LR: 0.000048
2026-04-21 14:00:27,054 - INFO -     >>> Val Avg RMSE (Real): 1513.6188
2026-04-21 14:00:27,054 - INFO -     >>> Val MAE Details: ['1142.3611']
2026-04-21 14:00:27,054 - INFO - ⏳ No improvement. Patience: 41/50
2026-04-21 14:11:21,036 - INFO - [Epoch 103] Train Loss: 0.9459 | LR: 0.000048
2026-04-21 14:11:21,036 - INFO -     >>> Val Avg RMSE (Real): 1519.0432
2026-04-21 14:11:21,037 - INFO -     >>> Val MAE Details: ['1141.3468']
2026-04-21 14:11:21,037 - INFO - ⏳ No improvement. Patience: 42/50
2026-04-21 14:21:46,513 - INFO - [Epoch 104] Train Loss: 0.9459 | LR: 0.000047
2026-04-21 14:21:46,513 - INFO -     >>> Val Avg RMSE (Real): 1521.2096
2026-04-21 14:21:46,513 - INFO -     >>> Val MAE Details: ['1142.1614']
2026-04-21 14:21:46,514 - INFO - ⏳ No improvement. Patience: 43/50
2026-04-21 14:32:40,511 - INFO - [Epoch 105] Train Loss: 0.9459 | LR: 0.000046
2026-04-21 14:32:40,512 - INFO -     >>> Val Avg RMSE (Real): 1514.8625
2026-04-21 14:32:40,512 - INFO -     >>> Val MAE Details: ['1143.2231']
2026-04-21 14:32:40,512 - INFO - ⏳ No improvement. Patience: 44/50
2026-04-21 14:43:34,537 - INFO - [Epoch 106] Train Loss: 0.9459 | LR: 0.000045
2026-04-21 14:43:34,538 - INFO -     >>> Val Avg RMSE (Real): 1510.9442
2026-04-21 14:43:34,538 - INFO -     >>> Val MAE Details: ['1142.3115']
2026-04-21 14:43:34,538 - INFO - ⏳ No improvement. Patience: 45/50
2026-04-21 14:54:28,120 - INFO - [Epoch 107] Train Loss: 0.9453 | LR: 0.000045
2026-04-21 14:54:28,120 - INFO -     >>> Val Avg RMSE (Real): 1511.1831
2026-04-21 14:54:28,121 - INFO -     >>> Val MAE Details: ['1142.4584']
2026-04-21 14:54:28,121 - INFO - ⏳ No improvement. Patience: 46/50
2026-04-21 15:05:22,887 - INFO - [Epoch 108] Train Loss: 0.9457 | LR: 0.000044
2026-04-21 15:05:22,887 - INFO -     >>> Val Avg RMSE (Real): 1511.2071
2026-04-21 15:05:22,887 - INFO -     >>> Val MAE Details: ['1141.4613']
2026-04-21 15:05:22,887 - INFO - ⏳ No improvement. Patience: 47/50
2026-04-21 15:15:48,199 - INFO - [Epoch 109] Train Loss: 0.9447 | LR: 0.000043
2026-04-21 15:15:48,200 - INFO -     >>> Val Avg RMSE (Real): 1512.5655
2026-04-21 15:15:48,200 - INFO -     >>> Val MAE Details: ['1140.0610']
2026-04-21 15:15:48,200 - INFO - ⏳ No improvement. Patience: 48/50
2026-04-21 15:26:41,492 - INFO - [Epoch 110] Train Loss: 0.9453 | LR: 0.000042
2026-04-21 15:26:41,492 - INFO -     >>> Val Avg RMSE (Real): 1520.0219
2026-04-21 15:26:41,492 - INFO -     >>> Val MAE Details: ['1140.8412']
2026-04-21 15:26:41,493 - INFO - ⏳ No improvement. Patience: 49/50
2026-04-21 15:37:35,964 - INFO - [Epoch 111] Train Loss: 0.9456 | LR: 0.000041
2026-04-21 15:37:35,965 - INFO -     >>> Val Avg RMSE (Real): 1515.6443
2026-04-21 15:37:35,965 - INFO -     >>> Val MAE Details: ['1141.3396']
2026-04-21 15:37:35,965 - INFO - ⏳ No improvement. Patience: 50/50
2026-04-21 15:37:35,965 - INFO - 🛑 Early Stopping triggered! Best RMSE: 1507.5023
