2026-04-27 10:37:19,400 - INFO - 💾 Config files backed up to ./logs/QMugs_repr_atomistic_graph_orbital_EquiformerV2_Task3_20260427_103719
2026-04-27 10:37:19,400 - INFO - 🎯 Multi-Task Targets (3): ['homo_energy_meV', 'lumo_energy_meV', 'homo_lumo_gap_meV']
2026-04-27 10:37:19,400 - INFO - ========================================
2026-04-27 10:37:19,400 - INFO -         Training Configuration        
2026-04-27 10:37:19,400 - INFO - ========================================
2026-04-27 10:37:19,400 - INFO - 
{'data': {'dataset_mode': 'repr_atomistic_graph_orbital',
          'grid_size': 0.1,
          'max_radius': 10.0,
          'pkl_path': '../data/QMugs/qmugs_ed_1024_dft_meV_fps.pkl',
          'targets': ['homo_energy_meV',
                      'lumo_energy_meV',
                      'homo_lumo_gap_meV']},
 'model': {'alpha_drop': 0.1,
           'attn_activation': 'silu',
           'attn_alpha_channels': 32,
           'attn_hidden_channels': 32,
           'attn_value_channels': 16,
           'distance_function': 'gaussian',
           'drop_path_rate': 0.05,
           'edge_channels': 64,
           'ffn_activation': 'silu',
           'ffn_hidden_channels': 64,
           'grid_resolution': 12,
           'lmax_list': [2],
           'max_neighbors': 30,
           'max_radius': 10.0,
           'mmax_list': [2],
           'name': 'EquiformerV2',
           'norm_type': 'layer_norm_sh',
           'num_distance_basis': 256,
           'num_heads': 4,
           'num_layers': 4,
           'num_sphere_samples': 64,
           'share_atom_edge_embedding': False,
           'sphere_channels': 32,
           'use_atom_edge_embedding': True,
           'use_attn_renorm': True,
           'use_grid_mlp': True,
           'use_sep_s2_act': True},
 'train': {'batch_size': 32,
           'epochs': 200,
           'grad_norm_clip': 1.0,
           'lr': 0.0001,
           'patience': 50,
           'seed': 2025,
           'weight_decay': 0.0001}}
2026-04-27 10:37:19,400 - INFO - ========================================

2026-04-27 10:37:19,400 - INFO - 🚀 Start Training on Device: cuda
2026-04-27 10:37:19,401 - INFO - Loading Data...
2026-04-27 10:37:19,401 - INFO - Loading Dataset Mode: repr_atomistic_graph_orbital...
2026-04-27 10:37:22,797 - INFO - Stats - Mean: [[-7851.8887    392.37622  8244.265  ]], Std: [[502.80716 721.1641  813.3487 ]]
2026-04-27 10:37:22,797 - INFO - Building Model: EquiformerV2...
2026-04-27 10:37:23,217 - INFO - Total Parameters: 1.0134 M

2026-04-27 10:41:38,853 - INFO - [Epoch 1] Train Loss: 0.5799 | LR: 0.000100
2026-04-27 10:41:38,853 - INFO -     >>> Val Avg RMSE (Real): 462.4078
2026-04-27 10:41:38,853 - INFO -     >>> Val MAE Details: ['319.9471', '315.0996', '423.3221']
2026-04-27 10:41:38,973 - INFO - 💾 Saved Best Model to ./logs/QMugs_repr_atomistic_graph_orbital_EquiformerV2_Task3_20260427_103719/best_model.pth
2026-04-27 10:45:57,006 - INFO - [Epoch 2] Train Loss: 0.3554 | LR: 0.000100
2026-04-27 10:45:57,006 - INFO -     >>> Val Avg RMSE (Real): 380.3466
2026-04-27 10:45:57,006 - INFO -     >>> Val MAE Details: ['222.9912', '307.9038', '340.6206']
2026-04-27 10:45:57,114 - INFO - 💾 Saved Best Model to ./logs/QMugs_repr_atomistic_graph_orbital_EquiformerV2_Task3_20260427_103719/best_model.pth
2026-04-27 10:50:09,892 - INFO - [Epoch 3] Train Loss: 0.3088 | LR: 0.000100
2026-04-27 10:50:09,892 - INFO -     >>> Val Avg RMSE (Real): 384.5941
2026-04-27 10:50:09,892 - INFO -     >>> Val MAE Details: ['216.5770', '250.9008', '392.3034']
2026-04-27 10:50:09,892 - INFO - ⏳ No improvement. Patience: 1/50
2026-04-27 10:54:26,486 - INFO - [Epoch 4] Train Loss: 0.2742 | LR: 0.000100
2026-04-27 10:54:26,487 - INFO -     >>> Val Avg RMSE (Real): 351.2377
2026-04-27 10:54:26,487 - INFO -     >>> Val MAE Details: ['212.3896', '236.8544', '338.8289']
2026-04-27 10:54:26,645 - INFO - 💾 Saved Best Model to ./logs/QMugs_repr_atomistic_graph_orbital_EquiformerV2_Task3_20260427_103719/best_model.pth
2026-04-27 10:58:44,639 - INFO - [Epoch 5] Train Loss: 0.2524 | LR: 0.000100
2026-04-27 10:58:44,639 - INFO -     >>> Val Avg RMSE (Real): 334.9406
2026-04-27 10:58:44,640 - INFO -     >>> Val MAE Details: ['212.9137', '227.9716', '315.0676']
2026-04-27 10:58:44,756 - INFO - 💾 Saved Best Model to ./logs/QMugs_repr_atomistic_graph_orbital_EquiformerV2_Task3_20260427_103719/best_model.pth
2026-04-27 11:03:02,410 - INFO - [Epoch 6] Train Loss: 0.2286 | LR: 0.000100
2026-04-27 11:03:02,410 - INFO -     >>> Val Avg RMSE (Real): 326.1560
2026-04-27 11:03:02,410 - INFO -     >>> Val MAE Details: ['220.5222', '236.2667', '287.4521']
2026-04-27 11:03:02,518 - INFO - 💾 Saved Best Model to ./logs/QMugs_repr_atomistic_graph_orbital_EquiformerV2_Task3_20260427_103719/best_model.pth
2026-04-27 11:07:17,038 - INFO - [Epoch 7] Train Loss: 0.2132 | LR: 0.000100
2026-04-27 11:07:17,038 - INFO -     >>> Val Avg RMSE (Real): 302.8717
2026-04-27 11:07:17,038 - INFO -     >>> Val MAE Details: ['189.6166', '228.6562', '270.3688']
2026-04-27 11:07:17,275 - INFO - 💾 Saved Best Model to ./logs/QMugs_repr_atomistic_graph_orbital_EquiformerV2_Task3_20260427_103719/best_model.pth
2026-04-27 11:11:35,526 - INFO - [Epoch 8] Train Loss: 0.2013 | LR: 0.000100
2026-04-27 11:11:35,527 - INFO -     >>> Val Avg RMSE (Real): 327.8062
2026-04-27 11:11:35,527 - INFO -     >>> Val MAE Details: ['191.9854', '216.9167', '328.0844']
2026-04-27 11:11:35,527 - INFO - ⏳ No improvement. Patience: 1/50
2026-04-27 11:15:53,550 - INFO - [Epoch 9] Train Loss: 0.1895 | LR: 0.000100
2026-04-27 11:15:53,551 - INFO -     >>> Val Avg RMSE (Real): 299.5651
2026-04-27 11:15:53,551 - INFO -     >>> Val MAE Details: ['180.8526', '198.6416', '287.9891']
2026-04-27 11:15:53,675 - INFO - 💾 Saved Best Model to ./logs/QMugs_repr_atomistic_graph_orbital_EquiformerV2_Task3_20260427_103719/best_model.pth
2026-04-27 11:20:11,313 - INFO - [Epoch 10] Train Loss: 0.1792 | LR: 0.000099
2026-04-27 11:20:11,314 - INFO -     >>> Val Avg RMSE (Real): 286.6569
2026-04-27 11:20:11,314 - INFO -     >>> Val MAE Details: ['198.7394', '195.2028', '255.3779']
2026-04-27 11:20:11,448 - INFO - 💾 Saved Best Model to ./logs/QMugs_repr_atomistic_graph_orbital_EquiformerV2_Task3_20260427_103719/best_model.pth
2026-04-27 11:24:28,909 - INFO - [Epoch 11] Train Loss: 0.1712 | LR: 0.000099
2026-04-27 11:24:28,909 - INFO -     >>> Val Avg RMSE (Real): 279.0325
2026-04-27 11:24:28,910 - INFO -     >>> Val MAE Details: ['172.9939', '186.0716', '261.3025']
2026-04-27 11:24:29,043 - INFO - 💾 Saved Best Model to ./logs/QMugs_repr_atomistic_graph_orbital_EquiformerV2_Task3_20260427_103719/best_model.pth
2026-04-27 11:28:46,451 - INFO - [Epoch 12] Train Loss: 0.1630 | LR: 0.000099
2026-04-27 11:28:46,451 - INFO -     >>> Val Avg RMSE (Real): 269.7965
2026-04-27 11:28:46,451 - INFO -     >>> Val MAE Details: ['182.0490', '178.5291', '245.3882']
2026-04-27 11:28:46,575 - INFO - 💾 Saved Best Model to ./logs/QMugs_repr_atomistic_graph_orbital_EquiformerV2_Task3_20260427_103719/best_model.pth
2026-04-27 11:33:05,017 - INFO - [Epoch 13] Train Loss: 0.1573 | LR: 0.000099
2026-04-27 11:33:05,017 - INFO -     >>> Val Avg RMSE (Real): 272.6135
2026-04-27 11:33:05,017 - INFO -     >>> Val MAE Details: ['187.9843', '183.9118', '244.1531']
2026-04-27 11:33:05,017 - INFO - ⏳ No improvement. Patience: 1/50
2026-04-27 11:37:22,217 - INFO - [Epoch 14] Train Loss: 0.1495 | LR: 0.000099
2026-04-27 11:37:22,217 - INFO -     >>> Val Avg RMSE (Real): 270.1983
2026-04-27 11:37:22,218 - INFO -     >>> Val MAE Details: ['163.9471', '175.5165', '264.5546']
2026-04-27 11:37:22,218 - INFO - ⏳ No improvement. Patience: 2/50
2026-04-27 11:41:41,510 - INFO - [Epoch 15] Train Loss: 0.1427 | LR: 0.000099
2026-04-27 11:41:41,510 - INFO -     >>> Val Avg RMSE (Real): 255.4190
2026-04-27 11:41:41,510 - INFO -     >>> Val MAE Details: ['168.3377', '169.5830', '233.5781']
2026-04-27 11:41:41,640 - INFO - 💾 Saved Best Model to ./logs/QMugs_repr_atomistic_graph_orbital_EquiformerV2_Task3_20260427_103719/best_model.pth
2026-04-27 11:46:00,454 - INFO - [Epoch 16] Train Loss: 0.1373 | LR: 0.000098
2026-04-27 11:46:00,455 - INFO -     >>> Val Avg RMSE (Real): 271.6496
2026-04-27 11:46:00,455 - INFO -     >>> Val MAE Details: ['159.6966', '179.4222', '268.0784']
2026-04-27 11:46:00,455 - INFO - ⏳ No improvement. Patience: 1/50
2026-04-27 11:50:18,266 - INFO - [Epoch 17] Train Loss: 0.1310 | LR: 0.000098
2026-04-27 11:50:18,267 - INFO -     >>> Val Avg RMSE (Real): 259.5661
2026-04-27 11:50:18,267 - INFO -     >>> Val MAE Details: ['155.5024', '169.2930', '255.3616']
2026-04-27 11:50:18,267 - INFO - ⏳ No improvement. Patience: 2/50
2026-04-27 11:54:37,518 - INFO - [Epoch 18] Train Loss: 0.1259 | LR: 0.000098
2026-04-27 11:54:37,518 - INFO -     >>> Val Avg RMSE (Real): 232.3211
2026-04-27 11:54:37,518 - INFO -     >>> Val MAE Details: ['146.1208', '165.9812', '209.9581']
2026-04-27 11:54:37,650 - INFO - 💾 Saved Best Model to ./logs/QMugs_repr_atomistic_graph_orbital_EquiformerV2_Task3_20260427_103719/best_model.pth
2026-04-27 11:58:57,787 - INFO - [Epoch 19] Train Loss: 0.1211 | LR: 0.000098
2026-04-27 11:58:57,787 - INFO -     >>> Val Avg RMSE (Real): 237.7649
2026-04-27 11:58:57,787 - INFO -     >>> Val MAE Details: ['159.0312', '173.8260', '206.9784']
2026-04-27 11:58:57,787 - INFO - ⏳ No improvement. Patience: 1/50
2026-04-27 12:03:17,299 - INFO - [Epoch 20] Train Loss: 0.1168 | LR: 0.000098
2026-04-27 12:03:17,300 - INFO -     >>> Val Avg RMSE (Real): 253.3345
2026-04-27 12:03:17,300 - INFO -     >>> Val MAE Details: ['180.8880', '171.3785', '221.5882']
2026-04-27 12:03:17,300 - INFO - ⏳ No improvement. Patience: 2/50
2026-04-27 12:07:36,236 - INFO - [Epoch 21] Train Loss: 0.1138 | LR: 0.000097
2026-04-27 12:07:36,237 - INFO -     >>> Val Avg RMSE (Real): 235.6583
2026-04-27 12:07:36,237 - INFO -     >>> Val MAE Details: ['162.4908', '155.9105', '213.9213']
2026-04-27 12:07:36,237 - INFO - ⏳ No improvement. Patience: 3/50
2026-04-27 12:11:55,167 - INFO - [Epoch 22] Train Loss: 0.1085 | LR: 0.000097
2026-04-27 12:11:55,167 - INFO -     >>> Val Avg RMSE (Real): 221.9305
2026-04-27 12:11:55,168 - INFO -     >>> Val MAE Details: ['146.4819', '154.6989', '196.6864']
2026-04-27 12:11:55,286 - INFO - 💾 Saved Best Model to ./logs/QMugs_repr_atomistic_graph_orbital_EquiformerV2_Task3_20260427_103719/best_model.pth
2026-04-27 12:16:12,854 - INFO - [Epoch 23] Train Loss: 0.1062 | LR: 0.000097
2026-04-27 12:16:12,855 - INFO -     >>> Val Avg RMSE (Real): 239.7907
2026-04-27 12:16:12,855 - INFO -     >>> Val MAE Details: ['170.6108', '181.8089', '195.1092']
2026-04-27 12:16:12,855 - INFO - ⏳ No improvement. Patience: 1/50
2026-04-27 12:20:33,688 - INFO - [Epoch 24] Train Loss: 0.1009 | LR: 0.000096
2026-04-27 12:20:33,689 - INFO -     >>> Val Avg RMSE (Real): 210.4505
2026-04-27 12:20:33,689 - INFO -     >>> Val MAE Details: ['131.6166', '143.0585', '192.7939']
2026-04-27 12:20:33,827 - INFO - 💾 Saved Best Model to ./logs/QMugs_repr_atomistic_graph_orbital_EquiformerV2_Task3_20260427_103719/best_model.pth
2026-04-27 12:24:54,744 - INFO - [Epoch 25] Train Loss: 0.0970 | LR: 0.000096
2026-04-27 12:24:54,745 - INFO -     >>> Val Avg RMSE (Real): 216.9024
2026-04-27 12:24:54,745 - INFO -     >>> Val MAE Details: ['150.2446', '149.6831', '190.0715']
2026-04-27 12:24:54,745 - INFO - ⏳ No improvement. Patience: 1/50
2026-04-27 12:29:15,511 - INFO - [Epoch 26] Train Loss: 0.0951 | LR: 0.000096
2026-04-27 12:29:15,511 - INFO -     >>> Val Avg RMSE (Real): 208.3706
2026-04-27 12:29:15,512 - INFO -     >>> Val MAE Details: ['137.2986', '145.8949', '183.3781']
2026-04-27 12:29:15,644 - INFO - 💾 Saved Best Model to ./logs/QMugs_repr_atomistic_graph_orbital_EquiformerV2_Task3_20260427_103719/best_model.pth
2026-04-27 12:33:37,739 - INFO - [Epoch 27] Train Loss: 0.0944 | LR: 0.000096
2026-04-27 12:33:37,739 - INFO -     >>> Val Avg RMSE (Real): 215.3111
2026-04-27 12:33:37,740 - INFO -     >>> Val MAE Details: ['137.5645', '142.6276', '197.7694']
2026-04-27 12:33:37,740 - INFO - ⏳ No improvement. Patience: 1/50
2026-04-27 12:38:00,184 - INFO - [Epoch 28] Train Loss: 0.0916 | LR: 0.000095
2026-04-27 12:38:00,184 - INFO -     >>> Val Avg RMSE (Real): 211.8334
2026-04-27 12:38:00,184 - INFO -     >>> Val MAE Details: ['151.7435', '149.2464', '180.9752']
2026-04-27 12:38:00,184 - INFO - ⏳ No improvement. Patience: 2/50
2026-04-27 12:42:22,153 - INFO - [Epoch 29] Train Loss: 0.0895 | LR: 0.000095
2026-04-27 12:42:22,154 - INFO -     >>> Val Avg RMSE (Real): 197.7292
2026-04-27 12:42:22,154 - INFO -     >>> Val MAE Details: ['129.2963', '136.5468', '175.8507']
2026-04-27 12:42:22,259 - INFO - 💾 Saved Best Model to ./logs/QMugs_repr_atomistic_graph_orbital_EquiformerV2_Task3_20260427_103719/best_model.pth
2026-04-27 12:46:45,138 - INFO - [Epoch 30] Train Loss: 0.0876 | LR: 0.000095
2026-04-27 12:46:45,139 - INFO -     >>> Val Avg RMSE (Real): 206.7186
2026-04-27 12:46:45,139 - INFO -     >>> Val MAE Details: ['141.0812', '140.8985', '184.1339']
2026-04-27 12:46:45,139 - INFO - ⏳ No improvement. Patience: 1/50
2026-04-27 12:51:06,864 - INFO - [Epoch 31] Train Loss: 0.0857 | LR: 0.000094
2026-04-27 12:51:06,864 - INFO -     >>> Val Avg RMSE (Real): 195.3065
2026-04-27 12:51:06,865 - INFO -     >>> Val MAE Details: ['126.0443', '135.9642', '174.5715']
2026-04-27 12:51:07,000 - INFO - 💾 Saved Best Model to ./logs/QMugs_repr_atomistic_graph_orbital_EquiformerV2_Task3_20260427_103719/best_model.pth
2026-04-27 12:55:27,389 - INFO - [Epoch 32] Train Loss: 0.0845 | LR: 0.000094
2026-04-27 12:55:27,390 - INFO -     >>> Val Avg RMSE (Real): 207.3600
2026-04-27 12:55:27,390 - INFO -     >>> Val MAE Details: ['118.0076', '129.1704', '209.0461']
2026-04-27 12:55:27,390 - INFO - ⏳ No improvement. Patience: 1/50
2026-04-27 12:59:48,043 - INFO - [Epoch 33] Train Loss: 0.0818 | LR: 0.000093
2026-04-27 12:59:48,044 - INFO -     >>> Val Avg RMSE (Real): 201.3094
2026-04-27 12:59:48,044 - INFO -     >>> Val MAE Details: ['132.7311', '156.4887', '166.7233']
2026-04-27 12:59:48,044 - INFO - ⏳ No improvement. Patience: 2/50
2026-04-27 13:04:08,719 - INFO - [Epoch 34] Train Loss: 0.0807 | LR: 0.000093
2026-04-27 13:04:08,720 - INFO -     >>> Val Avg RMSE (Real): 192.8101
2026-04-27 13:04:08,720 - INFO -     >>> Val MAE Details: ['117.5743', '128.5237', '181.0187']
2026-04-27 13:04:08,852 - INFO - 💾 Saved Best Model to ./logs/QMugs_repr_atomistic_graph_orbital_EquiformerV2_Task3_20260427_103719/best_model.pth
2026-04-27 13:08:29,147 - INFO - [Epoch 35] Train Loss: 0.0790 | LR: 0.000093
2026-04-27 13:08:29,148 - INFO -     >>> Val Avg RMSE (Real): 189.6847
2026-04-27 13:08:29,148 - INFO -     >>> Val MAE Details: ['114.6019', '139.6528', '167.2342']
2026-04-27 13:08:29,282 - INFO - 💾 Saved Best Model to ./logs/QMugs_repr_atomistic_graph_orbital_EquiformerV2_Task3_20260427_103719/best_model.pth
2026-04-27 13:12:48,955 - INFO - [Epoch 36] Train Loss: 0.0789 | LR: 0.000092
2026-04-27 13:12:48,955 - INFO -     >>> Val Avg RMSE (Real): 202.9985
2026-04-27 13:12:48,955 - INFO -     >>> Val MAE Details: ['128.9616', '130.3912', '194.6175']
2026-04-27 13:12:48,955 - INFO - ⏳ No improvement. Patience: 1/50
2026-04-27 13:17:09,750 - INFO - [Epoch 37] Train Loss: 0.0763 | LR: 0.000092
2026-04-27 13:17:09,750 - INFO -     >>> Val Avg RMSE (Real): 189.4763
2026-04-27 13:17:09,751 - INFO -     >>> Val MAE Details: ['113.7961', '125.2529', '174.3922']
2026-04-27 13:17:09,888 - INFO - 💾 Saved Best Model to ./logs/QMugs_repr_atomistic_graph_orbital_EquiformerV2_Task3_20260427_103719/best_model.pth
2026-04-27 13:21:32,694 - INFO - [Epoch 38] Train Loss: 0.0767 | LR: 0.000091
2026-04-27 13:21:32,694 - INFO -     >>> Val Avg RMSE (Real): 186.6728
2026-04-27 13:21:32,694 - INFO -     >>> Val MAE Details: ['119.5278', '133.8403', '164.5897']
2026-04-27 13:21:32,826 - INFO - 💾 Saved Best Model to ./logs/QMugs_repr_atomistic_graph_orbital_EquiformerV2_Task3_20260427_103719/best_model.pth
2026-04-27 13:25:56,413 - INFO - [Epoch 39] Train Loss: 0.0749 | LR: 0.000091
2026-04-27 13:25:56,414 - INFO -     >>> Val Avg RMSE (Real): 198.6713
2026-04-27 13:25:56,414 - INFO -     >>> Val MAE Details: ['118.4369', '128.4005', '195.0505']
2026-04-27 13:25:56,414 - INFO - ⏳ No improvement. Patience: 1/50
2026-04-27 13:30:18,461 - INFO - [Epoch 40] Train Loss: 0.0735 | LR: 0.000090
2026-04-27 13:30:18,462 - INFO -     >>> Val Avg RMSE (Real): 185.7901
2026-04-27 13:30:18,462 - INFO -     >>> Val MAE Details: ['118.8092', '130.2123', '164.9168']
2026-04-27 13:30:18,624 - INFO - 💾 Saved Best Model to ./logs/QMugs_repr_atomistic_graph_orbital_EquiformerV2_Task3_20260427_103719/best_model.pth
2026-04-27 13:34:41,195 - INFO - [Epoch 41] Train Loss: 0.0716 | LR: 0.000090
2026-04-27 13:34:41,195 - INFO -     >>> Val Avg RMSE (Real): 198.4373
2026-04-27 13:34:41,195 - INFO -     >>> Val MAE Details: ['124.0828', '120.1954', '193.0367']
2026-04-27 13:34:41,195 - INFO - ⏳ No improvement. Patience: 1/50
2026-04-27 13:39:04,274 - INFO - [Epoch 42] Train Loss: 0.0708 | LR: 0.000090
2026-04-27 13:39:04,274 - INFO -     >>> Val Avg RMSE (Real): 179.4878
2026-04-27 13:39:04,275 - INFO -     >>> Val MAE Details: ['117.4543', '119.6875', '160.3940']
2026-04-27 13:39:04,408 - INFO - 💾 Saved Best Model to ./logs/QMugs_repr_atomistic_graph_orbital_EquiformerV2_Task3_20260427_103719/best_model.pth
2026-04-27 13:43:26,178 - INFO - [Epoch 43] Train Loss: 0.0694 | LR: 0.000089
2026-04-27 13:43:26,178 - INFO -     >>> Val Avg RMSE (Real): 176.0139
2026-04-27 13:43:26,179 - INFO -     >>> Val MAE Details: ['111.0622', '119.7356', '154.5795']
2026-04-27 13:43:26,310 - INFO - 💾 Saved Best Model to ./logs/QMugs_repr_atomistic_graph_orbital_EquiformerV2_Task3_20260427_103719/best_model.pth
2026-04-27 13:47:47,331 - INFO - [Epoch 44] Train Loss: 0.0696 | LR: 0.000089
2026-04-27 13:47:47,332 - INFO -     >>> Val Avg RMSE (Real): 186.1743
2026-04-27 13:47:47,332 - INFO -     >>> Val MAE Details: ['120.8056', '125.2008', '168.0457']
2026-04-27 13:47:47,332 - INFO - ⏳ No improvement. Patience: 1/50
2026-04-27 13:52:08,901 - INFO - [Epoch 45] Train Loss: 0.0690 | LR: 0.000088
2026-04-27 13:52:08,901 - INFO -     >>> Val Avg RMSE (Real): 178.6310
2026-04-27 13:52:08,901 - INFO -     >>> Val MAE Details: ['110.4708', '128.3604', '154.6143']
2026-04-27 13:52:08,901 - INFO - ⏳ No improvement. Patience: 2/50
2026-04-27 13:56:26,614 - INFO - [Epoch 46] Train Loss: 0.0689 | LR: 0.000088
2026-04-27 13:56:26,614 - INFO -     >>> Val Avg RMSE (Real): 186.5943
2026-04-27 13:56:26,615 - INFO -     >>> Val MAE Details: ['115.4072', '118.8664', '173.3579']
2026-04-27 13:56:26,615 - INFO - ⏳ No improvement. Patience: 3/50
2026-04-27 14:00:45,092 - INFO - [Epoch 47] Train Loss: 0.0681 | LR: 0.000087
2026-04-27 14:00:45,093 - INFO -     >>> Val Avg RMSE (Real): 181.2396
2026-04-27 14:00:45,093 - INFO -     >>> Val MAE Details: ['107.5449', '118.8405', '171.8490']
2026-04-27 14:00:45,093 - INFO - ⏳ No improvement. Patience: 4/50
2026-04-27 14:05:02,534 - INFO - [Epoch 48] Train Loss: 0.0668 | LR: 0.000086
2026-04-27 14:05:02,535 - INFO -     >>> Val Avg RMSE (Real): 174.9528
2026-04-27 14:05:02,535 - INFO -     >>> Val MAE Details: ['109.2820', '118.9684', '156.3367']
2026-04-27 14:05:02,664 - INFO - 💾 Saved Best Model to ./logs/QMugs_repr_atomistic_graph_orbital_EquiformerV2_Task3_20260427_103719/best_model.pth
2026-04-27 14:09:19,957 - INFO - [Epoch 49] Train Loss: 0.0658 | LR: 0.000086
2026-04-27 14:09:19,957 - INFO -     >>> Val Avg RMSE (Real): 174.9225
2026-04-27 14:09:19,957 - INFO -     >>> Val MAE Details: ['109.6270', '121.9258', '153.6240']
2026-04-27 14:09:20,091 - INFO - 💾 Saved Best Model to ./logs/QMugs_repr_atomistic_graph_orbital_EquiformerV2_Task3_20260427_103719/best_model.pth
2026-04-27 14:13:38,573 - INFO - [Epoch 50] Train Loss: 0.0651 | LR: 0.000085
2026-04-27 14:13:38,574 - INFO -     >>> Val Avg RMSE (Real): 172.5917
2026-04-27 14:13:38,574 - INFO -     >>> Val MAE Details: ['106.5927', '114.5348', '156.3011']
2026-04-27 14:13:38,708 - INFO - 💾 Saved Best Model to ./logs/QMugs_repr_atomistic_graph_orbital_EquiformerV2_Task3_20260427_103719/best_model.pth
2026-04-27 14:17:57,592 - INFO - [Epoch 51] Train Loss: 0.0645 | LR: 0.000085
2026-04-27 14:17:57,593 - INFO -     >>> Val Avg RMSE (Real): 174.7788
2026-04-27 14:17:57,593 - INFO -     >>> Val MAE Details: ['104.5109', '115.8803', '164.2758']
2026-04-27 14:17:57,593 - INFO - ⏳ No improvement. Patience: 1/50
2026-04-27 14:22:15,574 - INFO - [Epoch 52] Train Loss: 0.0637 | LR: 0.000084
2026-04-27 14:22:15,574 - INFO -     >>> Val Avg RMSE (Real): 181.1325
2026-04-27 14:22:15,574 - INFO -     >>> Val MAE Details: ['118.6384', '120.9482', '160.8807']
2026-04-27 14:22:15,574 - INFO - ⏳ No improvement. Patience: 2/50
2026-04-27 14:26:34,311 - INFO - [Epoch 53] Train Loss: 0.0621 | LR: 0.000084
2026-04-27 14:26:34,312 - INFO -     >>> Val Avg RMSE (Real): 178.3660
2026-04-27 14:26:34,312 - INFO -     >>> Val MAE Details: ['109.6625', '121.4398', '159.4003']
2026-04-27 14:26:34,312 - INFO - ⏳ No improvement. Patience: 3/50
2026-04-27 14:30:51,301 - INFO - [Epoch 54] Train Loss: 0.0609 | LR: 0.000083
2026-04-27 14:30:51,301 - INFO -     >>> Val Avg RMSE (Real): 179.9554
2026-04-27 14:30:51,302 - INFO -     >>> Val MAE Details: ['118.1880', '126.2983', '156.3986']
2026-04-27 14:30:51,302 - INFO - ⏳ No improvement. Patience: 4/50
2026-04-27 14:35:09,154 - INFO - [Epoch 55] Train Loss: 0.0604 | LR: 0.000082
2026-04-27 14:35:09,154 - INFO -     >>> Val Avg RMSE (Real): 168.7950
2026-04-27 14:35:09,155 - INFO -     >>> Val MAE Details: ['105.1117', '111.3596', '151.4685']
2026-04-27 14:35:09,285 - INFO - 💾 Saved Best Model to ./logs/QMugs_repr_atomistic_graph_orbital_EquiformerV2_Task3_20260427_103719/best_model.pth
2026-04-27 14:39:26,431 - INFO - [Epoch 56] Train Loss: 0.0600 | LR: 0.000082
2026-04-27 14:39:26,431 - INFO -     >>> Val Avg RMSE (Real): 171.4462
2026-04-27 14:39:26,431 - INFO -     >>> Val MAE Details: ['105.6149', '114.4793', '156.6543']
2026-04-27 14:39:26,431 - INFO - ⏳ No improvement. Patience: 1/50
2026-04-27 14:43:43,799 - INFO - [Epoch 57] Train Loss: 0.0602 | LR: 0.000081
2026-04-27 14:43:43,799 - INFO -     >>> Val Avg RMSE (Real): 175.7093
2026-04-27 14:43:43,799 - INFO -     >>> Val MAE Details: ['105.4200', '114.3682', '167.9576']
2026-04-27 14:43:43,799 - INFO - ⏳ No improvement. Patience: 2/50
2026-04-27 14:48:01,423 - INFO - [Epoch 58] Train Loss: 0.0597 | LR: 0.000081
2026-04-27 14:48:01,424 - INFO -     >>> Val Avg RMSE (Real): 180.8245
2026-04-27 14:48:01,424 - INFO -     >>> Val MAE Details: ['120.9853', '109.0439', '168.8194']
2026-04-27 14:48:01,424 - INFO - ⏳ No improvement. Patience: 3/50
2026-04-27 14:52:19,615 - INFO - [Epoch 59] Train Loss: 0.0597 | LR: 0.000080
2026-04-27 14:52:19,616 - INFO -     >>> Val Avg RMSE (Real): 175.8136
2026-04-27 14:52:19,616 - INFO -     >>> Val MAE Details: ['114.6672', '113.4481', '161.2737']
2026-04-27 14:52:19,616 - INFO - ⏳ No improvement. Patience: 4/50
2026-04-27 14:56:39,577 - INFO - [Epoch 60] Train Loss: 0.0591 | LR: 0.000079
2026-04-27 14:56:39,578 - INFO -     >>> Val Avg RMSE (Real): 167.2739
2026-04-27 14:56:39,578 - INFO -     >>> Val MAE Details: ['102.7800', '118.3485', '147.8075']
2026-04-27 14:56:39,710 - INFO - 💾 Saved Best Model to ./logs/QMugs_repr_atomistic_graph_orbital_EquiformerV2_Task3_20260427_103719/best_model.pth
2026-04-27 15:00:57,246 - INFO - [Epoch 61] Train Loss: 0.0582 | LR: 0.000079
2026-04-27 15:00:57,247 - INFO -     >>> Val Avg RMSE (Real): 170.8701
2026-04-27 15:00:57,247 - INFO -     >>> Val MAE Details: ['103.2426', '114.8467', '155.2684']
2026-04-27 15:00:57,247 - INFO - ⏳ No improvement. Patience: 1/50
2026-04-27 15:05:16,097 - INFO - [Epoch 62] Train Loss: 0.0585 | LR: 0.000078
2026-04-27 15:05:16,097 - INFO -     >>> Val Avg RMSE (Real): 165.9635
2026-04-27 15:05:16,097 - INFO -     >>> Val MAE Details: ['107.6126', '107.9986', '146.6763']
2026-04-27 15:05:16,203 - INFO - 💾 Saved Best Model to ./logs/QMugs_repr_atomistic_graph_orbital_EquiformerV2_Task3_20260427_103719/best_model.pth
2026-04-27 15:09:34,114 - INFO - [Epoch 63] Train Loss: 0.0563 | LR: 0.000077
2026-04-27 15:09:34,114 - INFO -     >>> Val Avg RMSE (Real): 168.7800
2026-04-27 15:09:34,114 - INFO -     >>> Val MAE Details: ['106.2121', '110.2247', '150.3697']
2026-04-27 15:09:34,114 - INFO - ⏳ No improvement. Patience: 1/50
2026-04-27 15:13:53,098 - INFO - [Epoch 64] Train Loss: 0.0559 | LR: 0.000077
2026-04-27 15:13:53,098 - INFO -     >>> Val Avg RMSE (Real): 163.1162
2026-04-27 15:13:53,098 - INFO -     >>> Val MAE Details: ['101.0134', '110.2279', '146.3960']
2026-04-27 15:13:53,228 - INFO - 💾 Saved Best Model to ./logs/QMugs_repr_atomistic_graph_orbital_EquiformerV2_Task3_20260427_103719/best_model.pth
2026-04-27 15:18:11,911 - INFO - [Epoch 65] Train Loss: 0.0570 | LR: 0.000076
2026-04-27 15:18:11,911 - INFO -     >>> Val Avg RMSE (Real): 165.2302
2026-04-27 15:18:11,911 - INFO -     >>> Val MAE Details: ['103.0036', '115.9245', '144.3939']
2026-04-27 15:18:11,912 - INFO - ⏳ No improvement. Patience: 1/50
2026-04-27 15:22:30,577 - INFO - [Epoch 66] Train Loss: 0.0568 | LR: 0.000075
2026-04-27 15:22:30,578 - INFO -     >>> Val Avg RMSE (Real): 169.2740
2026-04-27 15:22:30,578 - INFO -     >>> Val MAE Details: ['103.8513', '107.2527', '156.5391']
2026-04-27 15:22:30,578 - INFO - ⏳ No improvement. Patience: 2/50
2026-04-27 15:26:46,527 - INFO - [Epoch 67] Train Loss: 0.0547 | LR: 0.000075
2026-04-27 15:26:46,528 - INFO -     >>> Val Avg RMSE (Real): 177.9590
2026-04-27 15:26:46,528 - INFO -     >>> Val MAE Details: ['99.5798', '118.5995', '166.3367']
2026-04-27 15:26:46,528 - INFO - ⏳ No improvement. Patience: 3/50
2026-04-27 15:31:08,859 - INFO - [Epoch 68] Train Loss: 0.0543 | LR: 0.000074
2026-04-27 15:31:08,860 - INFO -     >>> Val Avg RMSE (Real): 165.6256
2026-04-27 15:31:08,860 - INFO -     >>> Val MAE Details: ['100.4389', '118.4356', '146.7141']
2026-04-27 15:31:08,860 - INFO - ⏳ No improvement. Patience: 4/50
2026-04-27 15:35:30,960 - INFO - [Epoch 69] Train Loss: 0.0550 | LR: 0.000073
2026-04-27 15:35:30,960 - INFO -     >>> Val Avg RMSE (Real): 165.0285
2026-04-27 15:35:30,961 - INFO -     >>> Val MAE Details: ['99.0416', '115.3611', '148.9756']
2026-04-27 15:35:30,961 - INFO - ⏳ No improvement. Patience: 5/50
2026-04-27 15:39:54,069 - INFO - [Epoch 70] Train Loss: 0.0542 | LR: 0.000073
2026-04-27 15:39:54,069 - INFO -     >>> Val Avg RMSE (Real): 175.1464
2026-04-27 15:39:54,069 - INFO -     >>> Val MAE Details: ['106.2938', '143.2417', '147.3580']
2026-04-27 15:39:54,069 - INFO - ⏳ No improvement. Patience: 6/50
2026-04-27 15:44:15,426 - INFO - [Epoch 71] Train Loss: 0.0537 | LR: 0.000072
2026-04-27 15:44:15,427 - INFO -     >>> Val Avg RMSE (Real): 173.6867
2026-04-27 15:44:15,427 - INFO -     >>> Val MAE Details: ['100.9398', '112.7601', '164.9557']
2026-04-27 15:44:15,427 - INFO - ⏳ No improvement. Patience: 7/50
2026-04-27 15:48:38,721 - INFO - [Epoch 72] Train Loss: 0.0529 | LR: 0.000071
2026-04-27 15:48:38,722 - INFO -     >>> Val Avg RMSE (Real): 166.8270
2026-04-27 15:48:38,722 - INFO -     >>> Val MAE Details: ['102.4861', '109.1865', '150.1499']
2026-04-27 15:48:38,722 - INFO - ⏳ No improvement. Patience: 8/50
2026-04-27 15:53:01,910 - INFO - [Epoch 73] Train Loss: 0.0533 | LR: 0.000071
2026-04-27 15:53:01,911 - INFO -     >>> Val Avg RMSE (Real): 163.5130
2026-04-27 15:53:01,911 - INFO -     >>> Val MAE Details: ['102.9388', '104.9829', '149.6232']
2026-04-27 15:53:01,911 - INFO - ⏳ No improvement. Patience: 9/50
2026-04-27 15:57:24,201 - INFO - [Epoch 74] Train Loss: 0.0523 | LR: 0.000070
2026-04-27 15:57:24,202 - INFO -     >>> Val Avg RMSE (Real): 165.1400
2026-04-27 15:57:24,202 - INFO -     >>> Val MAE Details: ['102.2204', '107.8400', '147.5914']
2026-04-27 15:57:24,202 - INFO - ⏳ No improvement. Patience: 10/50
2026-04-27 16:01:44,447 - INFO - [Epoch 75] Train Loss: 0.0515 | LR: 0.000069
2026-04-27 16:01:44,448 - INFO -     >>> Val Avg RMSE (Real): 158.8638
2026-04-27 16:01:44,448 - INFO -     >>> Val MAE Details: ['100.6662', '104.6813', '141.6445']
2026-04-27 16:01:44,577 - INFO - 💾 Saved Best Model to ./logs/QMugs_repr_atomistic_graph_orbital_EquiformerV2_Task3_20260427_103719/best_model.pth
2026-04-27 16:06:05,628 - INFO - [Epoch 76] Train Loss: 0.0516 | LR: 0.000068
2026-04-27 16:06:05,628 - INFO -     >>> Val Avg RMSE (Real): 161.8042
2026-04-27 16:06:05,629 - INFO -     >>> Val MAE Details: ['98.9014', '107.7483', '146.8869']
2026-04-27 16:06:05,629 - INFO - ⏳ No improvement. Patience: 1/50
2026-04-27 16:10:26,535 - INFO - [Epoch 77] Train Loss: 0.0523 | LR: 0.000068
2026-04-27 16:10:26,536 - INFO -     >>> Val Avg RMSE (Real): 162.4768
2026-04-27 16:10:26,536 - INFO -     >>> Val MAE Details: ['101.3148', '106.3995', '144.6618']
2026-04-27 16:10:26,536 - INFO - ⏳ No improvement. Patience: 2/50
2026-04-27 16:14:45,379 - INFO - [Epoch 78] Train Loss: 0.0513 | LR: 0.000067
2026-04-27 16:14:45,380 - INFO -     >>> Val Avg RMSE (Real): 156.0626
2026-04-27 16:14:45,380 - INFO -     >>> Val MAE Details: ['99.5260', '102.4990', '138.6273']
2026-04-27 16:14:45,509 - INFO - 💾 Saved Best Model to ./logs/QMugs_repr_atomistic_graph_orbital_EquiformerV2_Task3_20260427_103719/best_model.pth
2026-04-27 16:19:02,936 - INFO - [Epoch 79] Train Loss: 0.0516 | LR: 0.000066
2026-04-27 16:19:02,937 - INFO -     >>> Val Avg RMSE (Real): 155.5154
2026-04-27 16:19:02,937 - INFO -     >>> Val MAE Details: ['97.2374', '102.3039', '137.3668']
2026-04-27 16:19:03,062 - INFO - 💾 Saved Best Model to ./logs/QMugs_repr_atomistic_graph_orbital_EquiformerV2_Task3_20260427_103719/best_model.pth
2026-04-27 16:23:21,209 - INFO - [Epoch 80] Train Loss: 0.0495 | LR: 0.000065
2026-04-27 16:23:21,209 - INFO -     >>> Val Avg RMSE (Real): 160.0886
2026-04-27 16:23:21,210 - INFO -     >>> Val MAE Details: ['106.1081', '108.2228', '138.4746']
2026-04-27 16:23:21,210 - INFO - ⏳ No improvement. Patience: 1/50
2026-04-27 16:27:44,137 - INFO - [Epoch 81] Train Loss: 0.0500 | LR: 0.000065
2026-04-27 16:27:44,137 - INFO -     >>> Val Avg RMSE (Real): 160.9045
2026-04-27 16:27:44,137 - INFO -     >>> Val MAE Details: ['103.1176', '116.8245', '139.4687']
2026-04-27 16:27:44,138 - INFO - ⏳ No improvement. Patience: 2/50
2026-04-27 16:32:06,901 - INFO - [Epoch 82] Train Loss: 0.0508 | LR: 0.000064
2026-04-27 16:32:06,902 - INFO -     >>> Val Avg RMSE (Real): 158.5386
2026-04-27 16:32:06,902 - INFO -     >>> Val MAE Details: ['96.9837', '104.6671', '142.6814']
2026-04-27 16:32:06,902 - INFO - ⏳ No improvement. Patience: 3/50
2026-04-27 16:36:27,368 - INFO - [Epoch 83] Train Loss: 0.0500 | LR: 0.000063
2026-04-27 16:36:27,369 - INFO -     >>> Val Avg RMSE (Real): 161.6264
2026-04-27 16:36:27,369 - INFO -     >>> Val MAE Details: ['97.9062', '106.8558', '144.7820']
2026-04-27 16:36:27,369 - INFO - ⏳ No improvement. Patience: 4/50
2026-04-27 16:40:48,089 - INFO - [Epoch 84] Train Loss: 0.0492 | LR: 0.000062
2026-04-27 16:40:48,089 - INFO -     >>> Val Avg RMSE (Real): 158.5566
2026-04-27 16:40:48,089 - INFO -     >>> Val MAE Details: ['99.0811', '105.4451', '137.6255']
2026-04-27 16:40:48,090 - INFO - ⏳ No improvement. Patience: 5/50
2026-04-27 16:45:10,223 - INFO - [Epoch 85] Train Loss: 0.0485 | LR: 0.000062
2026-04-27 16:45:10,224 - INFO -     >>> Val Avg RMSE (Real): 158.0189
2026-04-27 16:45:10,224 - INFO -     >>> Val MAE Details: ['95.7035', '111.5678', '139.8441']
2026-04-27 16:45:10,224 - INFO - ⏳ No improvement. Patience: 6/50
2026-04-27 16:49:32,273 - INFO - [Epoch 86] Train Loss: 0.0490 | LR: 0.000061
2026-04-27 16:49:32,274 - INFO -     >>> Val Avg RMSE (Real): 153.9112
2026-04-27 16:49:32,274 - INFO -     >>> Val MAE Details: ['96.3805', '101.3455', '138.4525']
2026-04-27 16:49:32,405 - INFO - 💾 Saved Best Model to ./logs/QMugs_repr_atomistic_graph_orbital_EquiformerV2_Task3_20260427_103719/best_model.pth
2026-04-27 16:53:56,157 - INFO - [Epoch 87] Train Loss: 0.0480 | LR: 0.000060
2026-04-27 16:53:56,158 - INFO -     >>> Val Avg RMSE (Real): 156.8367
2026-04-27 16:53:56,158 - INFO -     >>> Val MAE Details: ['100.1927', '103.5512', '137.6380']
2026-04-27 16:53:56,158 - INFO - ⏳ No improvement. Patience: 1/50
2026-04-27 16:58:19,512 - INFO - [Epoch 88] Train Loss: 0.0480 | LR: 0.000059
2026-04-27 16:58:19,513 - INFO -     >>> Val Avg RMSE (Real): 156.6887
2026-04-27 16:58:19,513 - INFO -     >>> Val MAE Details: ['94.8672', '103.2064', '138.9220']
2026-04-27 16:58:19,513 - INFO - ⏳ No improvement. Patience: 2/50
2026-04-27 17:02:41,782 - INFO - [Epoch 89] Train Loss: 0.0469 | LR: 0.000059
2026-04-27 17:02:41,782 - INFO -     >>> Val Avg RMSE (Real): 157.8983
2026-04-27 17:02:41,782 - INFO -     >>> Val MAE Details: ['96.0862', '104.1042', '139.9422']
2026-04-27 17:02:41,782 - INFO - ⏳ No improvement. Patience: 3/50
2026-04-27 17:07:03,056 - INFO - [Epoch 90] Train Loss: 0.0474 | LR: 0.000058
2026-04-27 17:07:03,056 - INFO -     >>> Val Avg RMSE (Real): 154.5131
2026-04-27 17:07:03,056 - INFO -     >>> Val MAE Details: ['96.5680', '102.7012', '137.7282']
2026-04-27 17:07:03,056 - INFO - ⏳ No improvement. Patience: 4/50
2026-04-27 17:11:24,252 - INFO - [Epoch 91] Train Loss: 0.0467 | LR: 0.000057
2026-04-27 17:11:24,252 - INFO -     >>> Val Avg RMSE (Real): 164.0408
2026-04-27 17:11:24,252 - INFO -     >>> Val MAE Details: ['96.6782', '109.6616', '146.3320']
2026-04-27 17:11:24,252 - INFO - ⏳ No improvement. Patience: 5/50
2026-04-27 17:15:42,726 - INFO - [Epoch 92] Train Loss: 0.0459 | LR: 0.000056
2026-04-27 17:15:42,726 - INFO -     >>> Val Avg RMSE (Real): 164.8924
2026-04-27 17:15:42,726 - INFO -     >>> Val MAE Details: ['100.4749', '107.2130', '150.3725']
2026-04-27 17:15:42,726 - INFO - ⏳ No improvement. Patience: 6/50
2026-04-27 17:19:59,972 - INFO - [Epoch 93] Train Loss: 0.0471 | LR: 0.000055
2026-04-27 17:19:59,972 - INFO -     >>> Val Avg RMSE (Real): 152.5010
2026-04-27 17:19:59,972 - INFO -     >>> Val MAE Details: ['94.7484', '102.3343', '134.3326']
2026-04-27 17:20:00,052 - INFO - 💾 Saved Best Model to ./logs/QMugs_repr_atomistic_graph_orbital_EquiformerV2_Task3_20260427_103719/best_model.pth
2026-04-27 17:24:16,959 - INFO - [Epoch 94] Train Loss: 0.0458 | LR: 0.000055
2026-04-27 17:24:16,960 - INFO -     >>> Val Avg RMSE (Real): 154.7169
2026-04-27 17:24:16,960 - INFO -     >>> Val MAE Details: ['97.7073', '102.9573', '138.1178']
2026-04-27 17:24:16,960 - INFO - ⏳ No improvement. Patience: 1/50
2026-04-27 17:28:38,036 - INFO - [Epoch 95] Train Loss: 0.0460 | LR: 0.000054
2026-04-27 17:28:38,036 - INFO -     >>> Val Avg RMSE (Real): 152.0917
2026-04-27 17:28:38,036 - INFO -     >>> Val MAE Details: ['94.3768', '102.0533', '136.8900']
2026-04-27 17:28:38,165 - INFO - 💾 Saved Best Model to ./logs/QMugs_repr_atomistic_graph_orbital_EquiformerV2_Task3_20260427_103719/best_model.pth
2026-04-27 17:32:59,543 - INFO - [Epoch 96] Train Loss: 0.0448 | LR: 0.000053
2026-04-27 17:32:59,543 - INFO -     >>> Val Avg RMSE (Real): 155.7939
2026-04-27 17:32:59,543 - INFO -     >>> Val MAE Details: ['98.3518', '101.5670', '142.1413']
2026-04-27 17:32:59,544 - INFO - ⏳ No improvement. Patience: 1/50
2026-04-27 17:37:23,414 - INFO - [Epoch 97] Train Loss: 0.0452 | LR: 0.000052
2026-04-27 17:37:23,415 - INFO -     >>> Val Avg RMSE (Real): 151.3170
2026-04-27 17:37:23,415 - INFO -     >>> Val MAE Details: ['94.6806', '100.6490', '135.0005']
2026-04-27 17:37:23,555 - INFO - 💾 Saved Best Model to ./logs/QMugs_repr_atomistic_graph_orbital_EquiformerV2_Task3_20260427_103719/best_model.pth
2026-04-27 17:41:46,455 - INFO - [Epoch 98] Train Loss: 0.0451 | LR: 0.000052
2026-04-27 17:41:46,456 - INFO -     >>> Val Avg RMSE (Real): 156.5604
2026-04-27 17:41:46,456 - INFO -     >>> Val MAE Details: ['95.4604', '104.2917', '138.6366']
2026-04-27 17:41:46,456 - INFO - ⏳ No improvement. Patience: 1/50
2026-04-27 17:46:10,748 - INFO - [Epoch 99] Train Loss: 0.0456 | LR: 0.000051
2026-04-27 17:46:10,748 - INFO -     >>> Val Avg RMSE (Real): 153.7631
2026-04-27 17:46:10,749 - INFO -     >>> Val MAE Details: ['94.8380', '106.5971', '136.8249']
2026-04-27 17:46:10,749 - INFO - ⏳ No improvement. Patience: 2/50
2026-04-27 17:50:31,194 - INFO - [Epoch 100] Train Loss: 0.0457 | LR: 0.000050
2026-04-27 17:50:31,194 - INFO -     >>> Val Avg RMSE (Real): 156.9066
2026-04-27 17:50:31,194 - INFO -     >>> Val MAE Details: ['97.1158', '107.7537', '136.9807']
2026-04-27 17:50:31,194 - INFO - ⏳ No improvement. Patience: 3/50
2026-04-27 17:54:53,261 - INFO - [Epoch 101] Train Loss: 0.0442 | LR: 0.000049
2026-04-27 17:54:53,261 - INFO -     >>> Val Avg RMSE (Real): 150.2537
2026-04-27 17:54:53,261 - INFO -     >>> Val MAE Details: ['91.6412', '101.1413', '132.1990']
2026-04-27 17:54:53,391 - INFO - 💾 Saved Best Model to ./logs/QMugs_repr_atomistic_graph_orbital_EquiformerV2_Task3_20260427_103719/best_model.pth
2026-04-27 17:59:17,033 - INFO - [Epoch 102] Train Loss: 0.0439 | LR: 0.000048
2026-04-27 17:59:17,034 - INFO -     >>> Val Avg RMSE (Real): 148.9200
2026-04-27 17:59:17,034 - INFO -     >>> Val MAE Details: ['94.0862', '98.1772', '131.4770']
2026-04-27 17:59:17,155 - INFO - 💾 Saved Best Model to ./logs/QMugs_repr_atomistic_graph_orbital_EquiformerV2_Task3_20260427_103719/best_model.pth
2026-04-27 18:03:39,856 - INFO - [Epoch 103] Train Loss: 0.0445 | LR: 0.000048
2026-04-27 18:03:39,856 - INFO -     >>> Val Avg RMSE (Real): 149.5057
2026-04-27 18:03:39,856 - INFO -     >>> Val MAE Details: ['92.1522', '98.9807', '130.7461']
2026-04-27 18:03:39,856 - INFO - ⏳ No improvement. Patience: 1/50
2026-04-27 18:08:02,836 - INFO - [Epoch 104] Train Loss: 0.0443 | LR: 0.000047
2026-04-27 18:08:02,836 - INFO -     >>> Val Avg RMSE (Real): 153.3037
2026-04-27 18:08:02,836 - INFO -     >>> Val MAE Details: ['95.4958', '103.1286', '135.4551']
2026-04-27 18:08:02,836 - INFO - ⏳ No improvement. Patience: 2/50
2026-04-27 18:12:26,542 - INFO - [Epoch 105] Train Loss: 0.0437 | LR: 0.000046
2026-04-27 18:12:26,542 - INFO -     >>> Val Avg RMSE (Real): 150.0096
2026-04-27 18:12:26,543 - INFO -     >>> Val MAE Details: ['93.7225', '101.2598', '132.1638']
2026-04-27 18:12:26,543 - INFO - ⏳ No improvement. Patience: 3/50
2026-04-27 18:16:47,777 - INFO - [Epoch 106] Train Loss: 0.0431 | LR: 0.000045
2026-04-27 18:16:47,777 - INFO -     >>> Val Avg RMSE (Real): 149.5008
2026-04-27 18:16:47,778 - INFO -     >>> Val MAE Details: ['93.8718', '100.4246', '132.1669']
2026-04-27 18:16:47,778 - INFO - ⏳ No improvement. Patience: 4/50
2026-04-27 18:21:07,964 - INFO - [Epoch 107] Train Loss: 0.0440 | LR: 0.000045
2026-04-27 18:21:07,964 - INFO -     >>> Val Avg RMSE (Real): 150.2995
2026-04-27 18:21:07,964 - INFO -     >>> Val MAE Details: ['92.8624', '100.8918', '135.4474']
2026-04-27 18:21:07,965 - INFO - ⏳ No improvement. Patience: 5/50
2026-04-27 18:25:24,905 - INFO - [Epoch 108] Train Loss: 0.0423 | LR: 0.000044
2026-04-27 18:25:24,905 - INFO -     >>> Val Avg RMSE (Real): 146.0121
2026-04-27 18:25:24,906 - INFO -     >>> Val MAE Details: ['90.4496', '95.5963', '128.7478']
2026-04-27 18:25:25,035 - INFO - 💾 Saved Best Model to ./logs/QMugs_repr_atomistic_graph_orbital_EquiformerV2_Task3_20260427_103719/best_model.pth
2026-04-27 18:29:45,039 - INFO - [Epoch 109] Train Loss: 0.0429 | LR: 0.000043
2026-04-27 18:29:45,039 - INFO -     >>> Val Avg RMSE (Real): 155.1256
2026-04-27 18:29:45,039 - INFO -     >>> Val MAE Details: ['108.2406', '103.0277', '132.8911']
2026-04-27 18:29:45,039 - INFO - ⏳ No improvement. Patience: 1/50
2026-04-27 18:34:04,203 - INFO - [Epoch 110] Train Loss: 0.0412 | LR: 0.000042
2026-04-27 18:34:04,203 - INFO -     >>> Val Avg RMSE (Real): 150.1429
2026-04-27 18:34:04,203 - INFO -     >>> Val MAE Details: ['95.6203', '100.8053', '133.6365']
2026-04-27 18:34:04,203 - INFO - ⏳ No improvement. Patience: 2/50
2026-04-27 18:38:24,039 - INFO - [Epoch 111] Train Loss: 0.0417 | LR: 0.000041
2026-04-27 18:38:24,039 - INFO -     >>> Val Avg RMSE (Real): 151.0476
2026-04-27 18:38:24,039 - INFO -     >>> Val MAE Details: ['91.7719', '102.1776', '133.2852']
2026-04-27 18:38:24,040 - INFO - ⏳ No improvement. Patience: 3/50
2026-04-27 18:42:43,953 - INFO - [Epoch 112] Train Loss: 0.0418 | LR: 0.000041
2026-04-27 18:42:43,953 - INFO -     >>> Val Avg RMSE (Real): 155.9393
2026-04-27 18:42:43,953 - INFO -     >>> Val MAE Details: ['109.5135', '97.4002', '137.6478']
2026-04-27 18:42:43,953 - INFO - ⏳ No improvement. Patience: 4/50
2026-04-27 18:47:04,231 - INFO - [Epoch 113] Train Loss: 0.0414 | LR: 0.000040
2026-04-27 18:47:04,232 - INFO -     >>> Val Avg RMSE (Real): 148.7010
2026-04-27 18:47:04,232 - INFO -     >>> Val MAE Details: ['92.2044', '101.7200', '131.7003']
2026-04-27 18:47:04,232 - INFO - ⏳ No improvement. Patience: 5/50
2026-04-27 18:51:19,256 - INFO - [Epoch 114] Train Loss: 0.0419 | LR: 0.000039
2026-04-27 18:51:19,256 - INFO -     >>> Val Avg RMSE (Real): 152.1290
2026-04-27 18:51:19,256 - INFO -     >>> Val MAE Details: ['97.9166', '98.0750', '137.4158']
2026-04-27 18:51:19,256 - INFO - ⏳ No improvement. Patience: 6/50
2026-04-27 18:55:37,183 - INFO - [Epoch 115] Train Loss: 0.0403 | LR: 0.000038
2026-04-27 18:55:37,184 - INFO -     >>> Val Avg RMSE (Real): 149.7848
2026-04-27 18:55:37,184 - INFO -     >>> Val MAE Details: ['97.4541', '98.2744', '131.3148']
2026-04-27 18:55:37,184 - INFO - ⏳ No improvement. Patience: 7/50
2026-04-27 19:00:00,984 - INFO - [Epoch 116] Train Loss: 0.0406 | LR: 0.000038
2026-04-27 19:00:00,984 - INFO -     >>> Val Avg RMSE (Real): 151.6855
2026-04-27 19:00:00,984 - INFO -     >>> Val MAE Details: ['95.7068', '106.3382', '131.5789']
2026-04-27 19:00:00,984 - INFO - ⏳ No improvement. Patience: 8/50
2026-04-27 19:04:23,998 - INFO - [Epoch 117] Train Loss: 0.0414 | LR: 0.000037
2026-04-27 19:04:23,999 - INFO -     >>> Val Avg RMSE (Real): 147.5460
2026-04-27 19:04:23,999 - INFO -     >>> Val MAE Details: ['91.4037', '97.4659', '130.7804']
2026-04-27 19:04:23,999 - INFO - ⏳ No improvement. Patience: 9/50
2026-04-27 19:08:45,650 - INFO - [Epoch 118] Train Loss: 0.0408 | LR: 0.000036
2026-04-27 19:08:45,650 - INFO -     >>> Val Avg RMSE (Real): 148.6040
2026-04-27 19:08:45,650 - INFO -     >>> Val MAE Details: ['94.3076', '99.8487', '129.6988']
2026-04-27 19:08:45,650 - INFO - ⏳ No improvement. Patience: 10/50
2026-04-27 19:13:08,987 - INFO - [Epoch 119] Train Loss: 0.0393 | LR: 0.000035
2026-04-27 19:13:08,988 - INFO -     >>> Val Avg RMSE (Real): 152.3359
2026-04-27 19:13:08,988 - INFO -     >>> Val MAE Details: ['102.7666', '103.5855', '130.3104']
2026-04-27 19:13:08,988 - INFO - ⏳ No improvement. Patience: 11/50
2026-04-27 19:17:32,038 - INFO - [Epoch 120] Train Loss: 0.0407 | LR: 0.000035
2026-04-27 19:17:32,039 - INFO -     >>> Val Avg RMSE (Real): 146.1284
2026-04-27 19:17:32,039 - INFO -     >>> Val MAE Details: ['92.6687', '96.8217', '128.5427']
2026-04-27 19:17:32,039 - INFO - ⏳ No improvement. Patience: 12/50
2026-04-27 19:21:54,913 - INFO - [Epoch 121] Train Loss: 0.0397 | LR: 0.000034
2026-04-27 19:21:54,914 - INFO -     >>> Val Avg RMSE (Real): 146.1073
2026-04-27 19:21:54,914 - INFO -     >>> Val MAE Details: ['91.7078', '96.9696', '127.8762']
2026-04-27 19:21:54,914 - INFO - ⏳ No improvement. Patience: 13/50
2026-04-27 19:26:17,800 - INFO - [Epoch 122] Train Loss: 0.0402 | LR: 0.000033
2026-04-27 19:26:17,800 - INFO -     >>> Val Avg RMSE (Real): 149.3741
2026-04-27 19:26:17,800 - INFO -     >>> Val MAE Details: ['90.7706', '102.1710', '134.2503']
2026-04-27 19:26:17,800 - INFO - ⏳ No improvement. Patience: 14/50
2026-04-27 19:30:36,116 - INFO - [Epoch 123] Train Loss: 0.0404 | LR: 0.000032
2026-04-27 19:30:36,116 - INFO -     >>> Val Avg RMSE (Real): 149.4212
2026-04-27 19:30:36,116 - INFO -     >>> Val MAE Details: ['91.5967', '99.4640', '131.3038']
2026-04-27 19:30:36,116 - INFO - ⏳ No improvement. Patience: 15/50
2026-04-27 19:34:50,825 - INFO - [Epoch 124] Train Loss: 0.0392 | LR: 0.000032
2026-04-27 19:34:50,825 - INFO -     >>> Val Avg RMSE (Real): 149.4759
2026-04-27 19:34:50,826 - INFO -     >>> Val MAE Details: ['99.6507', '98.2205', '130.4227']
2026-04-27 19:34:50,826 - INFO - ⏳ No improvement. Patience: 16/50
2026-04-27 19:39:12,099 - INFO - [Epoch 125] Train Loss: 0.0393 | LR: 0.000031
2026-04-27 19:39:12,100 - INFO -     >>> Val Avg RMSE (Real): 151.9576
2026-04-27 19:39:12,100 - INFO -     >>> Val MAE Details: ['91.1156', '101.7614', '136.1702']
2026-04-27 19:39:12,100 - INFO - ⏳ No improvement. Patience: 17/50
2026-04-27 19:43:33,683 - INFO - [Epoch 126] Train Loss: 0.0387 | LR: 0.000030
2026-04-27 19:43:33,684 - INFO -     >>> Val Avg RMSE (Real): 145.1743
2026-04-27 19:43:33,684 - INFO -     >>> Val MAE Details: ['90.9460', '96.4837', '126.6879']
2026-04-27 19:43:33,823 - INFO - 💾 Saved Best Model to ./logs/QMugs_repr_atomistic_graph_orbital_EquiformerV2_Task3_20260427_103719/best_model.pth
2026-04-27 19:47:57,989 - INFO - [Epoch 127] Train Loss: 0.0392 | LR: 0.000029
2026-04-27 19:47:57,989 - INFO -     >>> Val Avg RMSE (Real): 154.1861
2026-04-27 19:47:57,989 - INFO -     >>> Val MAE Details: ['90.5560', '112.0361', '139.7834']
2026-04-27 19:47:57,989 - INFO - ⏳ No improvement. Patience: 1/50
2026-04-27 19:52:21,881 - INFO - [Epoch 128] Train Loss: 0.0397 | LR: 0.000029
2026-04-27 19:52:21,882 - INFO -     >>> Val Avg RMSE (Real): 147.5400
2026-04-27 19:52:21,882 - INFO -     >>> Val MAE Details: ['95.2985', '97.3694', '129.1580']
2026-04-27 19:52:21,882 - INFO - ⏳ No improvement. Patience: 2/50
2026-04-27 19:56:43,463 - INFO - [Epoch 129] Train Loss: 0.0383 | LR: 0.000028
2026-04-27 19:56:43,464 - INFO -     >>> Val Avg RMSE (Real): 152.7012
2026-04-27 19:56:43,464 - INFO -     >>> Val MAE Details: ['89.9557', '105.1962', '136.3760']
2026-04-27 19:56:43,464 - INFO - ⏳ No improvement. Patience: 3/50
2026-04-27 20:01:06,403 - INFO - [Epoch 130] Train Loss: 0.0374 | LR: 0.000027
2026-04-27 20:01:06,404 - INFO -     >>> Val Avg RMSE (Real): 152.8462
2026-04-27 20:01:06,404 - INFO -     >>> Val MAE Details: ['91.7926', '103.4876', '136.6670']
2026-04-27 20:01:06,404 - INFO - ⏳ No improvement. Patience: 4/50
2026-04-27 20:05:29,167 - INFO - [Epoch 131] Train Loss: 0.0380 | LR: 0.000027
2026-04-27 20:05:29,167 - INFO -     >>> Val Avg RMSE (Real): 145.3050
2026-04-27 20:05:29,167 - INFO -     >>> Val MAE Details: ['92.0297', '96.7630', '126.6952']
2026-04-27 20:05:29,167 - INFO - ⏳ No improvement. Patience: 5/50
2026-04-27 20:09:53,456 - INFO - [Epoch 132] Train Loss: 0.0376 | LR: 0.000026
2026-04-27 20:09:53,456 - INFO -     >>> Val Avg RMSE (Real): 145.2472
2026-04-27 20:09:53,456 - INFO -     >>> Val MAE Details: ['91.0713', '96.9096', '127.4991']
2026-04-27 20:09:53,456 - INFO - ⏳ No improvement. Patience: 6/50
2026-04-27 20:14:12,163 - INFO - [Epoch 133] Train Loss: 0.0381 | LR: 0.000025
2026-04-27 20:14:12,164 - INFO -     >>> Val Avg RMSE (Real): 148.1114
2026-04-27 20:14:12,164 - INFO -     >>> Val MAE Details: ['97.2533', '94.1938', '131.9957']
2026-04-27 20:14:12,164 - INFO - ⏳ No improvement. Patience: 7/50
2026-04-27 20:18:36,206 - INFO - [Epoch 134] Train Loss: 0.0378 | LR: 0.000025
2026-04-27 20:18:36,206 - INFO -     >>> Val Avg RMSE (Real): 147.4697
2026-04-27 20:18:36,207 - INFO -     >>> Val MAE Details: ['90.6795', '95.4660', '131.4702']
2026-04-27 20:18:36,207 - INFO - ⏳ No improvement. Patience: 8/50
2026-04-27 20:22:59,927 - INFO - [Epoch 135] Train Loss: 0.0381 | LR: 0.000024
2026-04-27 20:22:59,927 - INFO -     >>> Val Avg RMSE (Real): 145.3513
2026-04-27 20:22:59,927 - INFO -     >>> Val MAE Details: ['90.1199', '95.0584', '129.6891']
2026-04-27 20:22:59,928 - INFO - ⏳ No improvement. Patience: 9/50
2026-04-27 20:27:20,251 - INFO - [Epoch 136] Train Loss: 0.0358 | LR: 0.000023
2026-04-27 20:27:20,251 - INFO -     >>> Val Avg RMSE (Real): 144.8249
2026-04-27 20:27:20,251 - INFO -     >>> Val MAE Details: ['92.6896', '96.1395', '126.6120']
2026-04-27 20:27:20,388 - INFO - 💾 Saved Best Model to ./logs/QMugs_repr_atomistic_graph_orbital_EquiformerV2_Task3_20260427_103719/best_model.pth
2026-04-27 20:31:40,357 - INFO - [Epoch 137] Train Loss: 0.0372 | LR: 0.000023
2026-04-27 20:31:40,358 - INFO -     >>> Val Avg RMSE (Real): 145.6289
2026-04-27 20:31:40,358 - INFO -     >>> Val MAE Details: ['91.7604', '96.9717', '127.0986']
2026-04-27 20:31:40,358 - INFO - ⏳ No improvement. Patience: 1/50
2026-04-27 20:36:00,202 - INFO - [Epoch 138] Train Loss: 0.0371 | LR: 0.000022
2026-04-27 20:36:00,203 - INFO -     >>> Val Avg RMSE (Real): 146.1688
2026-04-27 20:36:00,203 - INFO -     >>> Val MAE Details: ['91.6998', '95.5071', '130.0031']
2026-04-27 20:36:00,203 - INFO - ⏳ No improvement. Patience: 2/50
2026-04-27 20:40:19,429 - INFO - [Epoch 139] Train Loss: 0.0372 | LR: 0.000021
2026-04-27 20:40:19,430 - INFO -     >>> Val Avg RMSE (Real): 146.9822
2026-04-27 20:40:19,430 - INFO -     >>> Val MAE Details: ['89.6144', '95.5981', '129.1088']
2026-04-27 20:40:19,430 - INFO - ⏳ No improvement. Patience: 3/50
2026-04-27 20:44:39,004 - INFO - [Epoch 140] Train Loss: 0.0363 | LR: 0.000021
2026-04-27 20:44:39,005 - INFO -     >>> Val Avg RMSE (Real): 143.3351
2026-04-27 20:44:39,005 - INFO -     >>> Val MAE Details: ['91.0326', '93.7146', '126.7455']
2026-04-27 20:44:39,138 - INFO - 💾 Saved Best Model to ./logs/QMugs_repr_atomistic_graph_orbital_EquiformerV2_Task3_20260427_103719/best_model.pth
2026-04-27 20:48:57,834 - INFO - [Epoch 141] Train Loss: 0.0369 | LR: 0.000020
2026-04-27 20:48:57,835 - INFO -     >>> Val Avg RMSE (Real): 143.1193
2026-04-27 20:48:57,835 - INFO -     >>> Val MAE Details: ['89.8745', '93.3115', '126.6685']
2026-04-27 20:48:57,965 - INFO - 💾 Saved Best Model to ./logs/QMugs_repr_atomistic_graph_orbital_EquiformerV2_Task3_20260427_103719/best_model.pth
2026-04-27 20:53:19,426 - INFO - [Epoch 142] Train Loss: 0.0359 | LR: 0.000019
2026-04-27 20:53:19,426 - INFO -     >>> Val Avg RMSE (Real): 143.3514
2026-04-27 20:53:19,426 - INFO -     >>> Val MAE Details: ['89.1256', '95.0513', '126.2477']
2026-04-27 20:53:19,426 - INFO - ⏳ No improvement. Patience: 1/50
2026-04-27 20:57:41,894 - INFO - [Epoch 143] Train Loss: 0.0355 | LR: 0.000019
2026-04-27 20:57:41,895 - INFO -     >>> Val Avg RMSE (Real): 143.4344
2026-04-27 20:57:41,895 - INFO -     >>> Val MAE Details: ['89.9382', '92.9148', '126.6453']
2026-04-27 20:57:41,895 - INFO - ⏳ No improvement. Patience: 2/50
2026-04-27 21:02:00,839 - INFO - [Epoch 144] Train Loss: 0.0358 | LR: 0.000018
2026-04-27 21:02:00,839 - INFO -     >>> Val Avg RMSE (Real): 142.2169
2026-04-27 21:02:00,839 - INFO -     >>> Val MAE Details: ['88.6183', '92.9917', '125.8148']
2026-04-27 21:02:00,946 - INFO - 💾 Saved Best Model to ./logs/QMugs_repr_atomistic_graph_orbital_EquiformerV2_Task3_20260427_103719/best_model.pth
2026-04-27 21:06:23,838 - INFO - [Epoch 145] Train Loss: 0.0347 | LR: 0.000018
2026-04-27 21:06:23,839 - INFO -     >>> Val Avg RMSE (Real): 144.2269
2026-04-27 21:06:23,839 - INFO -     >>> Val MAE Details: ['89.0661', '95.4999', '127.1946']
2026-04-27 21:06:23,839 - INFO - ⏳ No improvement. Patience: 1/50
2026-04-27 21:10:46,664 - INFO - [Epoch 146] Train Loss: 0.0347 | LR: 0.000017
2026-04-27 21:10:46,664 - INFO -     >>> Val Avg RMSE (Real): 147.4352
2026-04-27 21:10:46,664 - INFO -     >>> Val MAE Details: ['93.5047', '94.2146', '131.3684']
2026-04-27 21:10:46,664 - INFO - ⏳ No improvement. Patience: 2/50
2026-04-27 21:15:08,295 - INFO - [Epoch 147] Train Loss: 0.0346 | LR: 0.000016
2026-04-27 21:15:08,296 - INFO -     >>> Val Avg RMSE (Real): 144.0292
2026-04-27 21:15:08,296 - INFO -     >>> Val MAE Details: ['90.9513', '93.2149', '126.6664']
2026-04-27 21:15:08,296 - INFO - ⏳ No improvement. Patience: 3/50
2026-04-27 21:19:32,414 - INFO - [Epoch 148] Train Loss: 0.0342 | LR: 0.000016
2026-04-27 21:19:32,414 - INFO -     >>> Val Avg RMSE (Real): 143.4191
2026-04-27 21:19:32,414 - INFO -     >>> Val MAE Details: ['89.1560', '92.9589', '126.5912']
2026-04-27 21:19:32,415 - INFO - ⏳ No improvement. Patience: 4/50
2026-04-27 21:23:56,985 - INFO - [Epoch 149] Train Loss: 0.0347 | LR: 0.000015
2026-04-27 21:23:56,985 - INFO -     >>> Val Avg RMSE (Real): 143.1283
2026-04-27 21:23:56,985 - INFO -     >>> Val MAE Details: ['88.8400', '93.8215', '125.8927']
2026-04-27 21:23:56,985 - INFO - ⏳ No improvement. Patience: 5/50
2026-04-27 21:28:18,737 - INFO - [Epoch 150] Train Loss: 0.0344 | LR: 0.000015
2026-04-27 21:28:18,737 - INFO -     >>> Val Avg RMSE (Real): 143.1944
2026-04-27 21:28:18,737 - INFO -     >>> Val MAE Details: ['89.3748', '93.2997', '126.6277']
2026-04-27 21:28:18,738 - INFO - ⏳ No improvement. Patience: 6/50
2026-04-27 21:32:42,287 - INFO - [Epoch 151] Train Loss: 0.0337 | LR: 0.000014
2026-04-27 21:32:42,288 - INFO -     >>> Val Avg RMSE (Real): 142.6286
2026-04-27 21:32:42,288 - INFO -     >>> Val MAE Details: ['89.3605', '93.1244', '125.8489']
2026-04-27 21:32:42,288 - INFO - ⏳ No improvement. Patience: 7/50
2026-04-27 21:37:06,806 - INFO - [Epoch 152] Train Loss: 0.0341 | LR: 0.000014
2026-04-27 21:37:06,806 - INFO -     >>> Val Avg RMSE (Real): 142.5206
2026-04-27 21:37:06,807 - INFO -     >>> Val MAE Details: ['89.6283', '92.9937', '125.4340']
2026-04-27 21:37:06,807 - INFO - ⏳ No improvement. Patience: 8/50
2026-04-27 21:41:30,643 - INFO - [Epoch 153] Train Loss: 0.0344 | LR: 0.000013
2026-04-27 21:41:30,643 - INFO -     >>> Val Avg RMSE (Real): 150.3423
2026-04-27 21:41:30,643 - INFO -     >>> Val MAE Details: ['99.5858', '93.8329', '137.1486']
2026-04-27 21:41:30,643 - INFO - ⏳ No improvement. Patience: 9/50
2026-04-27 21:45:52,687 - INFO - [Epoch 154] Train Loss: 0.0337 | LR: 0.000012
2026-04-27 21:45:52,687 - INFO -     >>> Val Avg RMSE (Real): 142.6391
2026-04-27 21:45:52,687 - INFO -     >>> Val MAE Details: ['88.5242', '92.6561', '125.9625']
2026-04-27 21:45:52,687 - INFO - ⏳ No improvement. Patience: 10/50
2026-04-27 21:50:11,642 - INFO - [Epoch 155] Train Loss: 0.0337 | LR: 0.000012
2026-04-27 21:50:11,642 - INFO -     >>> Val Avg RMSE (Real): 144.8474
2026-04-27 21:50:11,642 - INFO -     >>> Val MAE Details: ['90.2896', '93.6592', '129.1480']
2026-04-27 21:50:11,642 - INFO - ⏳ No improvement. Patience: 11/50
2026-04-27 21:54:32,724 - INFO - [Epoch 156] Train Loss: 0.0336 | LR: 0.000011
2026-04-27 21:54:32,724 - INFO -     >>> Val Avg RMSE (Real): 149.9283
2026-04-27 21:54:32,724 - INFO -     >>> Val MAE Details: ['94.2946', '95.7452', '137.3642']
2026-04-27 21:54:32,724 - INFO - ⏳ No improvement. Patience: 12/50
2026-04-27 21:58:50,843 - INFO - [Epoch 157] Train Loss: 0.0334 | LR: 0.000011
2026-04-27 21:58:50,844 - INFO -     >>> Val Avg RMSE (Real): 146.5851
2026-04-27 21:58:50,844 - INFO -     >>> Val MAE Details: ['89.0562', '96.2086', '130.3688']
2026-04-27 21:58:50,844 - INFO - ⏳ No improvement. Patience: 13/50
2026-04-27 22:03:07,922 - INFO - [Epoch 158] Train Loss: 0.0332 | LR: 0.000010
2026-04-27 22:03:07,922 - INFO -     >>> Val Avg RMSE (Real): 148.9689
2026-04-27 22:03:07,922 - INFO -     >>> Val MAE Details: ['92.3082', '94.3348', '134.4027']
2026-04-27 22:03:07,922 - INFO - ⏳ No improvement. Patience: 14/50
2026-04-27 22:07:26,915 - INFO - [Epoch 159] Train Loss: 0.0330 | LR: 0.000010
2026-04-27 22:07:26,915 - INFO -     >>> Val Avg RMSE (Real): 141.9686
2026-04-27 22:07:26,915 - INFO -     >>> Val MAE Details: ['87.8138', '94.2283', '125.3249']
2026-04-27 22:07:27,044 - INFO - 💾 Saved Best Model to ./logs/QMugs_repr_atomistic_graph_orbital_EquiformerV2_Task3_20260427_103719/best_model.pth
2026-04-27 22:11:43,786 - INFO - [Epoch 160] Train Loss: 0.0325 | LR: 0.000010
2026-04-27 22:11:43,786 - INFO -     >>> Val Avg RMSE (Real): 145.2249
2026-04-27 22:11:43,786 - INFO -     >>> Val MAE Details: ['93.3454', '91.9880', '129.5877']
2026-04-27 22:11:43,786 - INFO - ⏳ No improvement. Patience: 1/50
2026-04-27 22:16:00,779 - INFO - [Epoch 161] Train Loss: 0.0325 | LR: 0.000009
2026-04-27 22:16:00,779 - INFO -     >>> Val Avg RMSE (Real): 142.8432
2026-04-27 22:16:00,779 - INFO -     >>> Val MAE Details: ['89.2380', '94.8307', '124.6941']
2026-04-27 22:16:00,779 - INFO - ⏳ No improvement. Patience: 2/50
2026-04-27 22:20:20,750 - INFO - [Epoch 162] Train Loss: 0.0330 | LR: 0.000009
2026-04-27 22:20:20,750 - INFO -     >>> Val Avg RMSE (Real): 143.8506
2026-04-27 22:20:20,750 - INFO -     >>> Val MAE Details: ['88.6618', '92.8804', '127.5466']
2026-04-27 22:20:20,750 - INFO - ⏳ No improvement. Patience: 3/50
2026-04-27 22:24:44,696 - INFO - [Epoch 163] Train Loss: 0.0328 | LR: 0.000008
2026-04-27 22:24:44,697 - INFO -     >>> Val Avg RMSE (Real): 142.5804
2026-04-27 22:24:44,697 - INFO -     >>> Val MAE Details: ['88.4488', '92.5210', '125.4441']
2026-04-27 22:24:44,697 - INFO - ⏳ No improvement. Patience: 4/50
2026-04-27 22:29:08,111 - INFO - [Epoch 164] Train Loss: 0.0320 | LR: 0.000008
2026-04-27 22:29:08,111 - INFO -     >>> Val Avg RMSE (Real): 142.6008
2026-04-27 22:29:08,111 - INFO -     >>> Val MAE Details: ['87.7909', '93.1002', '125.5202']
2026-04-27 22:29:08,112 - INFO - ⏳ No improvement. Patience: 5/50
2026-04-27 22:33:31,976 - INFO - [Epoch 165] Train Loss: 0.0327 | LR: 0.000007
2026-04-27 22:33:31,977 - INFO -     >>> Val Avg RMSE (Real): 143.8438
2026-04-27 22:33:31,977 - INFO -     >>> Val MAE Details: ['88.1724', '93.5370', '127.5093']
2026-04-27 22:33:31,977 - INFO - ⏳ No improvement. Patience: 6/50
2026-04-27 22:37:55,788 - INFO - [Epoch 166] Train Loss: 0.0322 | LR: 0.000007
2026-04-27 22:37:55,789 - INFO -     >>> Val Avg RMSE (Real): 142.9132
2026-04-27 22:37:55,789 - INFO -     >>> Val MAE Details: ['88.3607', '92.4639', '125.9840']
2026-04-27 22:37:55,789 - INFO - ⏳ No improvement. Patience: 7/50
2026-04-27 22:42:18,062 - INFO - [Epoch 167] Train Loss: 0.0322 | LR: 0.000007
2026-04-27 22:42:18,062 - INFO -     >>> Val Avg RMSE (Real): 142.3244
2026-04-27 22:42:18,062 - INFO -     >>> Val MAE Details: ['87.8181', '92.1446', '125.2120']
2026-04-27 22:42:18,063 - INFO - ⏳ No improvement. Patience: 8/50
2026-04-27 22:46:36,407 - INFO - [Epoch 168] Train Loss: 0.0313 | LR: 0.000006
2026-04-27 22:46:36,408 - INFO -     >>> Val Avg RMSE (Real): 141.9319
2026-04-27 22:46:36,408 - INFO -     >>> Val MAE Details: ['88.1248', '92.9829', '124.3844']
2026-04-27 22:46:36,540 - INFO - 💾 Saved Best Model to ./logs/QMugs_repr_atomistic_graph_orbital_EquiformerV2_Task3_20260427_103719/best_model.pth
2026-04-27 22:50:55,366 - INFO - [Epoch 169] Train Loss: 0.0311 | LR: 0.000006
2026-04-27 22:50:55,367 - INFO -     >>> Val Avg RMSE (Real): 142.7508
2026-04-27 22:50:55,367 - INFO -     >>> Val MAE Details: ['91.0404', '91.4318', '125.9885']
2026-04-27 22:50:55,367 - INFO - ⏳ No improvement. Patience: 1/50
2026-04-27 22:55:15,251 - INFO - [Epoch 170] Train Loss: 0.0317 | LR: 0.000005
2026-04-27 22:55:15,251 - INFO -     >>> Val Avg RMSE (Real): 143.7286
2026-04-27 22:55:15,252 - INFO -     >>> Val MAE Details: ['87.5494', '94.1564', '127.1087']
2026-04-27 22:55:15,252 - INFO - ⏳ No improvement. Patience: 2/50
2026-04-27 22:59:37,776 - INFO - [Epoch 171] Train Loss: 0.0313 | LR: 0.000005
2026-04-27 22:59:37,777 - INFO -     >>> Val Avg RMSE (Real): 143.3802
2026-04-27 22:59:37,777 - INFO -     >>> Val MAE Details: ['89.1100', '92.5583', '127.4253']
2026-04-27 22:59:37,777 - INFO - ⏳ No improvement. Patience: 3/50
2026-04-27 23:03:57,915 - INFO - [Epoch 172] Train Loss: 0.0314 | LR: 0.000005
2026-04-27 23:03:57,916 - INFO -     >>> Val Avg RMSE (Real): 140.6069
2026-04-27 23:03:57,916 - INFO -     >>> Val MAE Details: ['88.1877', '91.5852', '123.2995']
2026-04-27 23:03:58,048 - INFO - 💾 Saved Best Model to ./logs/QMugs_repr_atomistic_graph_orbital_EquiformerV2_Task3_20260427_103719/best_model.pth
2026-04-27 23:08:19,842 - INFO - [Epoch 173] Train Loss: 0.0309 | LR: 0.000004
2026-04-27 23:08:19,843 - INFO -     >>> Val Avg RMSE (Real): 141.7483
2026-04-27 23:08:19,843 - INFO -     >>> Val MAE Details: ['88.6447', '91.4927', '124.7606']
2026-04-27 23:08:19,843 - INFO - ⏳ No improvement. Patience: 1/50
2026-04-27 23:12:43,514 - INFO - [Epoch 174] Train Loss: 0.0310 | LR: 0.000004
2026-04-27 23:12:43,515 - INFO -     >>> Val Avg RMSE (Real): 140.7520
2026-04-27 23:12:43,515 - INFO -     >>> Val MAE Details: ['87.8477', '91.3374', '123.7042']
2026-04-27 23:12:43,515 - INFO - ⏳ No improvement. Patience: 2/50
2026-04-27 23:17:05,961 - INFO - [Epoch 175] Train Loss: 0.0312 | LR: 0.000004
2026-04-27 23:17:05,962 - INFO -     >>> Val Avg RMSE (Real): 141.0857
2026-04-27 23:17:05,962 - INFO -     >>> Val MAE Details: ['87.9668', '91.0540', '123.7925']
2026-04-27 23:17:05,962 - INFO - ⏳ No improvement. Patience: 3/50
2026-04-27 23:21:28,125 - INFO - [Epoch 176] Train Loss: 0.0304 | LR: 0.000004
2026-04-27 23:21:28,126 - INFO -     >>> Val Avg RMSE (Real): 143.7282
2026-04-27 23:21:28,126 - INFO -     >>> Val MAE Details: ['88.3182', '92.6483', '127.4213']
2026-04-27 23:21:28,126 - INFO - ⏳ No improvement. Patience: 4/50
2026-04-27 23:25:50,190 - INFO - [Epoch 177] Train Loss: 0.0314 | LR: 0.000003
2026-04-27 23:25:50,190 - INFO -     >>> Val Avg RMSE (Real): 141.5814
2026-04-27 23:25:50,191 - INFO -     >>> Val MAE Details: ['88.0649', '92.1112', '125.0217']
2026-04-27 23:25:50,191 - INFO - ⏳ No improvement. Patience: 5/50
2026-04-27 23:30:11,768 - INFO - [Epoch 178] Train Loss: 0.0304 | LR: 0.000003
2026-04-27 23:30:11,769 - INFO -     >>> Val Avg RMSE (Real): 141.0019
2026-04-27 23:30:11,769 - INFO -     >>> Val MAE Details: ['88.8021', '91.1456', '124.0174']
2026-04-27 23:30:11,769 - INFO - ⏳ No improvement. Patience: 6/50
2026-04-27 23:34:35,335 - INFO - [Epoch 179] Train Loss: 0.0317 | LR: 0.000003
2026-04-27 23:34:35,336 - INFO -     >>> Val Avg RMSE (Real): 141.4189
2026-04-27 23:34:35,336 - INFO -     >>> Val MAE Details: ['89.7124', '90.8895', '124.1445']
2026-04-27 23:34:35,336 - INFO - ⏳ No improvement. Patience: 7/50
2026-04-27 23:38:59,147 - INFO - [Epoch 180] Train Loss: 0.0310 | LR: 0.000002
2026-04-27 23:38:59,148 - INFO -     >>> Val Avg RMSE (Real): 141.5785
2026-04-27 23:38:59,148 - INFO -     >>> Val MAE Details: ['87.3992', '91.5194', '124.3994']
2026-04-27 23:38:59,148 - INFO - ⏳ No improvement. Patience: 8/50
2026-04-27 23:43:18,102 - INFO - [Epoch 181] Train Loss: 0.0310 | LR: 0.000002
2026-04-27 23:43:18,103 - INFO -     >>> Val Avg RMSE (Real): 141.0689
2026-04-27 23:43:18,103 - INFO -     >>> Val MAE Details: ['88.0900', '91.1210', '124.5847']
2026-04-27 23:43:18,103 - INFO - ⏳ No improvement. Patience: 9/50
2026-04-27 23:47:37,715 - INFO - [Epoch 182] Train Loss: 0.0306 | LR: 0.000002
2026-04-27 23:47:37,715 - INFO -     >>> Val Avg RMSE (Real): 141.6264
2026-04-27 23:47:37,715 - INFO -     >>> Val MAE Details: ['87.6299', '91.5914', '124.8614']
2026-04-27 23:47:37,715 - INFO - ⏳ No improvement. Patience: 10/50
2026-04-27 23:51:57,605 - INFO - [Epoch 183] Train Loss: 0.0304 | LR: 0.000002
2026-04-27 23:51:57,605 - INFO -     >>> Val Avg RMSE (Real): 143.1186
2026-04-27 23:51:57,605 - INFO -     >>> Val MAE Details: ['88.7140', '92.1453', '127.0811']
2026-04-27 23:51:57,605 - INFO - ⏳ No improvement. Patience: 11/50
2026-04-27 23:56:16,864 - INFO - [Epoch 184] Train Loss: 0.0301 | LR: 0.000002
2026-04-27 23:56:16,864 - INFO -     >>> Val Avg RMSE (Real): 141.3488
2026-04-27 23:56:16,864 - INFO -     >>> Val MAE Details: ['87.7856', '91.2283', '124.4165']
2026-04-27 23:56:16,864 - INFO - ⏳ No improvement. Patience: 12/50
2026-04-28 00:00:36,246 - INFO - [Epoch 185] Train Loss: 0.0303 | LR: 0.000001
2026-04-28 00:00:36,246 - INFO -     >>> Val Avg RMSE (Real): 142.7391
2026-04-28 00:00:36,246 - INFO -     >>> Val MAE Details: ['89.3318', '91.4004', '126.2445']
2026-04-28 00:00:36,246 - INFO - ⏳ No improvement. Patience: 13/50
2026-04-28 00:04:52,884 - INFO - [Epoch 186] Train Loss: 0.0302 | LR: 0.000001
2026-04-28 00:04:52,885 - INFO -     >>> Val Avg RMSE (Real): 141.8584
2026-04-28 00:04:52,885 - INFO -     >>> Val MAE Details: ['88.2614', '91.4934', '125.2518']
2026-04-28 00:04:52,885 - INFO - ⏳ No improvement. Patience: 14/50
2026-04-28 00:09:12,819 - INFO - [Epoch 187] Train Loss: 0.0306 | LR: 0.000001
2026-04-28 00:09:12,820 - INFO -     >>> Val Avg RMSE (Real): 141.0469
2026-04-28 00:09:12,820 - INFO -     >>> Val MAE Details: ['88.6688', '90.8548', '124.2868']
2026-04-28 00:09:12,820 - INFO - ⏳ No improvement. Patience: 15/50
2026-04-28 00:13:36,156 - INFO - [Epoch 188] Train Loss: 0.0296 | LR: 0.000001
2026-04-28 00:13:36,157 - INFO -     >>> Val Avg RMSE (Real): 142.0338
2026-04-28 00:13:36,157 - INFO -     >>> Val MAE Details: ['87.5774', '92.0739', '125.1676']
2026-04-28 00:13:36,157 - INFO - ⏳ No improvement. Patience: 16/50
2026-04-28 00:18:00,252 - INFO - [Epoch 189] Train Loss: 0.0304 | LR: 0.000001
2026-04-28 00:18:00,252 - INFO -     >>> Val Avg RMSE (Real): 141.0274
2026-04-28 00:18:00,253 - INFO -     >>> Val MAE Details: ['87.6384', '91.0227', '123.8887']
2026-04-28 00:18:00,253 - INFO - ⏳ No improvement. Patience: 17/50
2026-04-28 00:22:23,628 - INFO - [Epoch 190] Train Loss: 0.0298 | LR: 0.000001
2026-04-28 00:22:23,628 - INFO -     >>> Val Avg RMSE (Real): 141.8881
2026-04-28 00:22:23,629 - INFO -     >>> Val MAE Details: ['88.1467', '91.4450', '125.1270']
2026-04-28 00:22:23,629 - INFO - ⏳ No improvement. Patience: 18/50
2026-04-28 00:26:47,458 - INFO - [Epoch 191] Train Loss: 0.0296 | LR: 0.000000
2026-04-28 00:26:47,459 - INFO -     >>> Val Avg RMSE (Real): 140.4502
2026-04-28 00:26:47,459 - INFO -     >>> Val MAE Details: ['87.5728', '90.7732', '123.1917']
2026-04-28 00:26:47,564 - INFO - 💾 Saved Best Model to ./logs/QMugs_repr_atomistic_graph_orbital_EquiformerV2_Task3_20260427_103719/best_model.pth
2026-04-28 00:31:10,694 - INFO - [Epoch 192] Train Loss: 0.0309 | LR: 0.000000
2026-04-28 00:31:10,695 - INFO -     >>> Val Avg RMSE (Real): 140.6817
2026-04-28 00:31:10,695 - INFO -     >>> Val MAE Details: ['87.5269', '90.8081', '123.5778']
2026-04-28 00:31:10,695 - INFO - ⏳ No improvement. Patience: 1/50
2026-04-28 00:35:29,727 - INFO - [Epoch 193] Train Loss: 0.0297 | LR: 0.000000
2026-04-28 00:35:29,727 - INFO -     >>> Val Avg RMSE (Real): 140.7980
2026-04-28 00:35:29,727 - INFO -     >>> Val MAE Details: ['87.5549', '90.9432', '123.7846']
2026-04-28 00:35:29,727 - INFO - ⏳ No improvement. Patience: 2/50
2026-04-28 00:39:52,087 - INFO - [Epoch 194] Train Loss: 0.0294 | LR: 0.000000
2026-04-28 00:39:52,088 - INFO -     >>> Val Avg RMSE (Real): 141.1325
2026-04-28 00:39:52,088 - INFO -     >>> Val MAE Details: ['87.9678', '90.8693', '124.1012']
2026-04-28 00:39:52,088 - INFO - ⏳ No improvement. Patience: 3/50
2026-04-28 00:44:14,111 - INFO - [Epoch 195] Train Loss: 0.0307 | LR: 0.000000
2026-04-28 00:44:14,112 - INFO -     >>> Val Avg RMSE (Real): 141.1476
2026-04-28 00:44:14,112 - INFO -     >>> Val MAE Details: ['87.8361', '91.0053', '124.2439']
2026-04-28 00:44:14,112 - INFO - ⏳ No improvement. Patience: 4/50
2026-04-28 00:48:36,063 - INFO - [Epoch 196] Train Loss: 0.0293 | LR: 0.000000
2026-04-28 00:48:36,063 - INFO -     >>> Val Avg RMSE (Real): 140.9131
2026-04-28 00:48:36,064 - INFO -     >>> Val MAE Details: ['87.6135', '90.9284', '123.8829']
2026-04-28 00:48:36,064 - INFO - ⏳ No improvement. Patience: 5/50
2026-04-28 00:52:58,773 - INFO - [Epoch 197] Train Loss: 0.0300 | LR: 0.000000
2026-04-28 00:52:58,773 - INFO -     >>> Val Avg RMSE (Real): 141.1145
2026-04-28 00:52:58,773 - INFO -     >>> Val MAE Details: ['87.8176', '90.9428', '124.1657']
2026-04-28 00:52:58,773 - INFO - ⏳ No improvement. Patience: 6/50
2026-04-28 00:57:16,239 - INFO - [Epoch 198] Train Loss: 0.0303 | LR: 0.000000
2026-04-28 00:57:16,240 - INFO -     >>> Val Avg RMSE (Real): 140.9696
2026-04-28 00:57:16,240 - INFO -     >>> Val MAE Details: ['87.6411', '90.9446', '123.9861']
2026-04-28 00:57:16,240 - INFO - ⏳ No improvement. Patience: 7/50
2026-04-28 01:01:36,898 - INFO - [Epoch 199] Train Loss: 0.0297 | LR: 0.000000
2026-04-28 01:01:36,898 - INFO -     >>> Val Avg RMSE (Real): 141.0756
2026-04-28 01:01:36,898 - INFO -     >>> Val MAE Details: ['87.6950', '90.9987', '124.1429']
2026-04-28 01:01:36,898 - INFO - ⏳ No improvement. Patience: 8/50
2026-04-28 01:05:56,474 - INFO - [Epoch 200] Train Loss: 0.0313 | LR: 0.000000
2026-04-28 01:05:56,475 - INFO -     >>> Val Avg RMSE (Real): 141.0786
2026-04-28 01:05:56,475 - INFO -     >>> Val MAE Details: ['87.7066', '90.9920', '124.1470']
2026-04-28 01:05:56,475 - INFO - ⏳ No improvement. Patience: 9/50
