2026-04-28 15:03:08,709 - INFO - 💾 Config files backed up to ./logs/QMugs_repr_atomistic_graph_SchNet_Task1_20260428_150308
2026-04-28 15:03:08,709 - INFO - 🎯 Multi-Task Targets (1): ['formation_energy_meV']
2026-04-28 15:03:08,709 - INFO - ========================================
2026-04-28 15:03:08,709 - INFO -         Training Configuration        
2026-04-28 15:03:08,709 - INFO - ========================================
2026-04-28 15:03:08,710 - INFO - 
{'data': {'dataset_mode': 'repr_atomistic_graph',
          'grid_size': 0.1,
          'max_radius': 10.0,
          'pkl_path': '../data/QMugs/qmugs_ed_1024_dft_meV_fps.pkl',
          'targets': ['formation_energy_meV']},
 'model': {'cutoff': 10.0,
           'hidden_channels': 128,
           'max_neighbors': 64,
           'n_interactions': 6,
           'n_rbf': 300,
           'name': 'SchNet'},
 'train': {'batch_size': 32,
           'epochs': 200,
           'grad_norm_clip': 1.0,
           'lr': 0.0001,
           'patience': 50,
           'seed': 2025,
           'weight_decay': 0.0001}}
2026-04-28 15:03:08,710 - INFO - ========================================

2026-04-28 15:03:08,710 - INFO - 🚀 Start Training on Device: cuda
2026-04-28 15:03:08,710 - INFO - Loading Data...
2026-04-28 15:03:08,710 - INFO - Loading Dataset Mode: repr_atomistic_graph...
2026-04-28 15:03:14,024 - INFO - Stats - Mean: [[-266361.1]], Std: [[91182.07]]
2026-04-28 15:03:14,024 - INFO - Building Model: SchNet...
2026-04-28 15:03:16,515 - INFO - Total Parameters: 0.6478 M

2026-04-28 15:04:09,969 - INFO - [Epoch 1] Train Loss: 0.5807 | LR: 0.000100
2026-04-28 15:04:09,969 - INFO -     >>> Val Avg RMSE (Real): 26421.6372
2026-04-28 15:04:09,969 - INFO -     >>> Val MAE Details: ['19987.2363']
2026-04-28 15:04:09,997 - INFO - 💾 Saved Best Model to ./logs/QMugs_repr_atomistic_graph_SchNet_Task1_20260428_150308/best_model.pth
2026-04-28 15:05:02,561 - INFO - [Epoch 2] Train Loss: 0.0637 | LR: 0.000100
2026-04-28 15:05:02,562 - INFO -     >>> Val Avg RMSE (Real): 13749.2441
2026-04-28 15:05:02,562 - INFO -     >>> Val MAE Details: ['11733.6465']
2026-04-28 15:05:02,597 - INFO - 💾 Saved Best Model to ./logs/QMugs_repr_atomistic_graph_SchNet_Task1_20260428_150308/best_model.pth
2026-04-28 15:05:55,688 - INFO - [Epoch 3] Train Loss: 0.0338 | LR: 0.000100
2026-04-28 15:05:55,688 - INFO -     >>> Val Avg RMSE (Real): 10127.2409
2026-04-28 15:05:55,688 - INFO -     >>> Val MAE Details: ['7755.9956']
2026-04-28 15:05:55,723 - INFO - 💾 Saved Best Model to ./logs/QMugs_repr_atomistic_graph_SchNet_Task1_20260428_150308/best_model.pth
2026-04-28 15:06:47,661 - INFO - [Epoch 4] Train Loss: 0.0143 | LR: 0.000100
2026-04-28 15:06:47,661 - INFO -     >>> Val Avg RMSE (Real): 12255.7813
2026-04-28 15:06:47,661 - INFO -     >>> Val MAE Details: ['10931.1328']
2026-04-28 15:06:47,661 - INFO - ⏳ No improvement. Patience: 1/50
2026-04-28 15:07:39,448 - INFO - [Epoch 5] Train Loss: 0.0198 | LR: 0.000100
2026-04-28 15:07:39,449 - INFO -     >>> Val Avg RMSE (Real): 9222.2847
2026-04-28 15:07:39,449 - INFO -     >>> Val MAE Details: ['8263.6055']
2026-04-28 15:07:39,485 - INFO - 💾 Saved Best Model to ./logs/QMugs_repr_atomistic_graph_SchNet_Task1_20260428_150308/best_model.pth
2026-04-28 15:08:32,329 - INFO - [Epoch 6] Train Loss: 0.0080 | LR: 0.000100
2026-04-28 15:08:32,329 - INFO -     >>> Val Avg RMSE (Real): 5822.9110
2026-04-28 15:08:32,329 - INFO -     >>> Val MAE Details: ['5197.1450']
2026-04-28 15:08:32,364 - INFO - 💾 Saved Best Model to ./logs/QMugs_repr_atomistic_graph_SchNet_Task1_20260428_150308/best_model.pth
2026-04-28 15:09:25,934 - INFO - [Epoch 7] Train Loss: 0.0065 | LR: 0.000100
2026-04-28 15:09:25,934 - INFO -     >>> Val Avg RMSE (Real): 7859.7931
2026-04-28 15:09:25,935 - INFO -     >>> Val MAE Details: ['7259.5527']
2026-04-28 15:09:25,935 - INFO - ⏳ No improvement. Patience: 1/50
2026-04-28 15:10:18,730 - INFO - [Epoch 8] Train Loss: 0.0059 | LR: 0.000100
2026-04-28 15:10:18,731 - INFO -     >>> Val Avg RMSE (Real): 6600.1136
2026-04-28 15:10:18,731 - INFO -     >>> Val MAE Details: ['6077.6357']
2026-04-28 15:10:18,731 - INFO - ⏳ No improvement. Patience: 2/50
2026-04-28 15:11:11,276 - INFO - [Epoch 9] Train Loss: 0.0021 | LR: 0.000100
2026-04-28 15:11:11,276 - INFO -     >>> Val Avg RMSE (Real): 4231.2875
2026-04-28 15:11:11,276 - INFO -     >>> Val MAE Details: ['3635.2922']
2026-04-28 15:11:11,313 - INFO - 💾 Saved Best Model to ./logs/QMugs_repr_atomistic_graph_SchNet_Task1_20260428_150308/best_model.pth
2026-04-28 15:12:02,381 - INFO - [Epoch 10] Train Loss: 0.0018 | LR: 0.000099
2026-04-28 15:12:02,382 - INFO -     >>> Val Avg RMSE (Real): 5245.5286
2026-04-28 15:12:02,382 - INFO -     >>> Val MAE Details: ['4460.1191']
2026-04-28 15:12:02,382 - INFO - ⏳ No improvement. Patience: 1/50
2026-04-28 15:12:55,005 - INFO - [Epoch 11] Train Loss: 0.0017 | LR: 0.000099
2026-04-28 15:12:55,005 - INFO -     >>> Val Avg RMSE (Real): 3209.9983
2026-04-28 15:12:55,005 - INFO -     >>> Val MAE Details: ['2415.0078']
2026-04-28 15:12:55,041 - INFO - 💾 Saved Best Model to ./logs/QMugs_repr_atomistic_graph_SchNet_Task1_20260428_150308/best_model.pth
2026-04-28 15:13:48,198 - INFO - [Epoch 12] Train Loss: 0.0016 | LR: 0.000099
2026-04-28 15:13:48,198 - INFO -     >>> Val Avg RMSE (Real): 4666.5338
2026-04-28 15:13:48,198 - INFO -     >>> Val MAE Details: ['3913.8164']
2026-04-28 15:13:48,198 - INFO - ⏳ No improvement. Patience: 1/50
2026-04-28 15:14:40,799 - INFO - [Epoch 13] Train Loss: 0.0016 | LR: 0.000099
2026-04-28 15:14:40,799 - INFO -     >>> Val Avg RMSE (Real): 3667.7280
2026-04-28 15:14:40,799 - INFO -     >>> Val MAE Details: ['2963.6360']
2026-04-28 15:14:40,799 - INFO - ⏳ No improvement. Patience: 2/50
2026-04-28 15:15:33,537 - INFO - [Epoch 14] Train Loss: 0.0015 | LR: 0.000099
2026-04-28 15:15:33,537 - INFO -     >>> Val Avg RMSE (Real): 3887.4351
2026-04-28 15:15:33,537 - INFO -     >>> Val MAE Details: ['3180.0786']
2026-04-28 15:15:33,537 - INFO - ⏳ No improvement. Patience: 3/50
2026-04-28 15:16:26,762 - INFO - [Epoch 15] Train Loss: 0.0014 | LR: 0.000099
2026-04-28 15:16:26,762 - INFO -     >>> Val Avg RMSE (Real): 3551.1973
2026-04-28 15:16:26,762 - INFO -     >>> Val MAE Details: ['2955.6160']
2026-04-28 15:16:26,762 - INFO - ⏳ No improvement. Patience: 4/50
2026-04-28 15:17:18,163 - INFO - [Epoch 16] Train Loss: 0.0014 | LR: 0.000098
2026-04-28 15:17:18,163 - INFO -     >>> Val Avg RMSE (Real): 4207.7987
2026-04-28 15:17:18,163 - INFO -     >>> Val MAE Details: ['2997.3997']
2026-04-28 15:17:18,163 - INFO - ⏳ No improvement. Patience: 5/50
2026-04-28 15:18:11,306 - INFO - [Epoch 17] Train Loss: 0.0014 | LR: 0.000098
2026-04-28 15:18:11,306 - INFO -     >>> Val Avg RMSE (Real): 3765.0388
2026-04-28 15:18:11,306 - INFO -     >>> Val MAE Details: ['3024.1040']
2026-04-28 15:18:11,306 - INFO - ⏳ No improvement. Patience: 6/50
2026-04-28 15:19:04,488 - INFO - [Epoch 18] Train Loss: 0.0013 | LR: 0.000098
2026-04-28 15:19:04,489 - INFO -     >>> Val Avg RMSE (Real): 3396.8178
2026-04-28 15:19:04,489 - INFO -     >>> Val MAE Details: ['2677.1277']
2026-04-28 15:19:04,489 - INFO - ⏳ No improvement. Patience: 7/50
2026-04-28 15:19:57,501 - INFO - [Epoch 19] Train Loss: 0.0022 | LR: 0.000098
2026-04-28 15:19:57,501 - INFO -     >>> Val Avg RMSE (Real): 5131.1359
2026-04-28 15:19:57,501 - INFO -     >>> Val MAE Details: ['4480.0137']
2026-04-28 15:19:57,501 - INFO - ⏳ No improvement. Patience: 8/50
2026-04-28 15:20:49,323 - INFO - [Epoch 20] Train Loss: 0.0034 | LR: 0.000098
2026-04-28 15:20:49,324 - INFO -     >>> Val Avg RMSE (Real): 4363.3932
2026-04-28 15:20:49,324 - INFO -     >>> Val MAE Details: ['3759.5872']
2026-04-28 15:20:49,324 - INFO - ⏳ No improvement. Patience: 9/50
2026-04-28 15:21:42,420 - INFO - [Epoch 21] Train Loss: 0.0033 | LR: 0.000097
2026-04-28 15:21:42,420 - INFO -     >>> Val Avg RMSE (Real): 6124.1643
2026-04-28 15:21:42,420 - INFO -     >>> Val MAE Details: ['5504.2095']
2026-04-28 15:21:42,420 - INFO - ⏳ No improvement. Patience: 10/50
2026-04-28 15:22:33,604 - INFO - [Epoch 22] Train Loss: 0.0032 | LR: 0.000097
2026-04-28 15:22:33,604 - INFO -     >>> Val Avg RMSE (Real): 4457.6913
2026-04-28 15:22:33,604 - INFO -     >>> Val MAE Details: ['3814.1423']
2026-04-28 15:22:33,604 - INFO - ⏳ No improvement. Patience: 11/50
2026-04-28 15:23:26,678 - INFO - [Epoch 23] Train Loss: 0.0031 | LR: 0.000097
2026-04-28 15:23:26,679 - INFO -     >>> Val Avg RMSE (Real): 3836.7107
2026-04-28 15:23:26,679 - INFO -     >>> Val MAE Details: ['3079.5322']
2026-04-28 15:23:26,679 - INFO - ⏳ No improvement. Patience: 12/50
2026-04-28 15:24:19,714 - INFO - [Epoch 24] Train Loss: 0.0029 | LR: 0.000096
2026-04-28 15:24:19,714 - INFO -     >>> Val Avg RMSE (Real): 5947.7643
2026-04-28 15:24:19,714 - INFO -     >>> Val MAE Details: ['4948.2627']
2026-04-28 15:24:19,714 - INFO - ⏳ No improvement. Patience: 13/50
2026-04-28 15:25:13,058 - INFO - [Epoch 25] Train Loss: 0.0028 | LR: 0.000096
2026-04-28 15:25:13,058 - INFO -     >>> Val Avg RMSE (Real): 4725.4098
2026-04-28 15:25:13,058 - INFO -     >>> Val MAE Details: ['4059.5063']
2026-04-28 15:25:13,058 - INFO - ⏳ No improvement. Patience: 14/50
2026-04-28 15:26:06,427 - INFO - [Epoch 26] Train Loss: 0.0027 | LR: 0.000096
2026-04-28 15:26:06,427 - INFO -     >>> Val Avg RMSE (Real): 3860.6935
2026-04-28 15:26:06,427 - INFO -     >>> Val MAE Details: ['2912.0039']
2026-04-28 15:26:06,428 - INFO - ⏳ No improvement. Patience: 15/50
2026-04-28 15:26:59,460 - INFO - [Epoch 27] Train Loss: 0.0026 | LR: 0.000096
2026-04-28 15:26:59,460 - INFO -     >>> Val Avg RMSE (Real): 5506.3630
2026-04-28 15:26:59,461 - INFO -     >>> Val MAE Details: ['4862.3931']
2026-04-28 15:26:59,461 - INFO - ⏳ No improvement. Patience: 16/50
2026-04-28 15:27:51,520 - INFO - [Epoch 28] Train Loss: 0.0025 | LR: 0.000095
2026-04-28 15:27:51,521 - INFO -     >>> Val Avg RMSE (Real): 4100.1659
2026-04-28 15:27:51,521 - INFO -     >>> Val MAE Details: ['3357.0215']
2026-04-28 15:27:51,521 - INFO - ⏳ No improvement. Patience: 17/50
2026-04-28 15:28:44,272 - INFO - [Epoch 29] Train Loss: 0.0024 | LR: 0.000095
2026-04-28 15:28:44,272 - INFO -     >>> Val Avg RMSE (Real): 3371.4260
2026-04-28 15:28:44,272 - INFO -     >>> Val MAE Details: ['2678.5608']
2026-04-28 15:28:44,272 - INFO - ⏳ No improvement. Patience: 18/50
2026-04-28 15:29:37,117 - INFO - [Epoch 30] Train Loss: 0.0023 | LR: 0.000095
2026-04-28 15:29:37,117 - INFO -     >>> Val Avg RMSE (Real): 5130.9463
2026-04-28 15:29:37,117 - INFO -     >>> Val MAE Details: ['4526.4033']
2026-04-28 15:29:37,117 - INFO - ⏳ No improvement. Patience: 19/50
2026-04-28 15:30:29,013 - INFO - [Epoch 31] Train Loss: 0.0022 | LR: 0.000094
2026-04-28 15:30:29,013 - INFO -     >>> Val Avg RMSE (Real): 5273.3744
2026-04-28 15:30:29,013 - INFO -     >>> Val MAE Details: ['4258.7749']
2026-04-28 15:30:29,013 - INFO - ⏳ No improvement. Patience: 20/50
2026-04-28 15:31:21,959 - INFO - [Epoch 32] Train Loss: 0.0022 | LR: 0.000094
2026-04-28 15:31:21,959 - INFO -     >>> Val Avg RMSE (Real): 3178.7092
2026-04-28 15:31:21,959 - INFO -     >>> Val MAE Details: ['2402.0732']
2026-04-28 15:31:21,998 - INFO - 💾 Saved Best Model to ./logs/QMugs_repr_atomistic_graph_SchNet_Task1_20260428_150308/best_model.pth
2026-04-28 15:32:14,483 - INFO - [Epoch 33] Train Loss: 0.0021 | LR: 0.000093
2026-04-28 15:32:14,483 - INFO -     >>> Val Avg RMSE (Real): 5446.5519
2026-04-28 15:32:14,483 - INFO -     >>> Val MAE Details: ['4839.6519']
2026-04-28 15:32:14,483 - INFO - ⏳ No improvement. Patience: 1/50
2026-04-28 15:33:05,837 - INFO - [Epoch 34] Train Loss: 0.0020 | LR: 0.000093
2026-04-28 15:33:05,837 - INFO -     >>> Val Avg RMSE (Real): 3583.9540
2026-04-28 15:33:05,838 - INFO -     >>> Val MAE Details: ['2811.7219']
2026-04-28 15:33:05,838 - INFO - ⏳ No improvement. Patience: 2/50
2026-04-28 15:33:58,744 - INFO - [Epoch 35] Train Loss: 0.0020 | LR: 0.000093
2026-04-28 15:33:58,744 - INFO -     >>> Val Avg RMSE (Real): 3685.5986
2026-04-28 15:33:58,744 - INFO -     >>> Val MAE Details: ['2973.3198']
2026-04-28 15:33:58,744 - INFO - ⏳ No improvement. Patience: 3/50
2026-04-28 15:34:51,976 - INFO - [Epoch 36] Train Loss: 0.0019 | LR: 0.000092
2026-04-28 15:34:51,977 - INFO -     >>> Val Avg RMSE (Real): 4742.8919
2026-04-28 15:34:51,977 - INFO -     >>> Val MAE Details: ['3880.3342']
2026-04-28 15:34:51,977 - INFO - ⏳ No improvement. Patience: 4/50
2026-04-28 15:35:44,501 - INFO - [Epoch 37] Train Loss: 0.0018 | LR: 0.000092
2026-04-28 15:35:44,501 - INFO -     >>> Val Avg RMSE (Real): 3805.4361
2026-04-28 15:35:44,502 - INFO -     >>> Val MAE Details: ['2859.4414']
2026-04-28 15:35:44,502 - INFO - ⏳ No improvement. Patience: 5/50
2026-04-28 15:36:36,591 - INFO - [Epoch 38] Train Loss: 0.0017 | LR: 0.000091
2026-04-28 15:36:36,592 - INFO -     >>> Val Avg RMSE (Real): 2863.8671
2026-04-28 15:36:36,592 - INFO -     >>> Val MAE Details: ['2195.0264']
2026-04-28 15:36:36,620 - INFO - 💾 Saved Best Model to ./logs/QMugs_repr_atomistic_graph_SchNet_Task1_20260428_150308/best_model.pth
2026-04-28 15:37:28,279 - INFO - [Epoch 39] Train Loss: 0.0017 | LR: 0.000091
2026-04-28 15:37:28,279 - INFO -     >>> Val Avg RMSE (Real): 5520.0996
2026-04-28 15:37:28,279 - INFO -     >>> Val MAE Details: ['4615.2681']
2026-04-28 15:37:28,279 - INFO - ⏳ No improvement. Patience: 1/50
2026-04-28 15:38:20,633 - INFO - [Epoch 40] Train Loss: 0.0016 | LR: 0.000090
2026-04-28 15:38:20,633 - INFO -     >>> Val Avg RMSE (Real): 4079.5450
2026-04-28 15:38:20,633 - INFO -     >>> Val MAE Details: ['3517.7478']
2026-04-28 15:38:20,633 - INFO - ⏳ No improvement. Patience: 2/50
2026-04-28 15:39:13,882 - INFO - [Epoch 41] Train Loss: 0.0015 | LR: 0.000090
2026-04-28 15:39:13,882 - INFO -     >>> Val Avg RMSE (Real): 2796.1063
2026-04-28 15:39:13,882 - INFO -     >>> Val MAE Details: ['1993.5199']
2026-04-28 15:39:13,918 - INFO - 💾 Saved Best Model to ./logs/QMugs_repr_atomistic_graph_SchNet_Task1_20260428_150308/best_model.pth
2026-04-28 15:40:06,994 - INFO - [Epoch 42] Train Loss: 0.0015 | LR: 0.000090
2026-04-28 15:40:06,995 - INFO -     >>> Val Avg RMSE (Real): 4665.4520
2026-04-28 15:40:06,995 - INFO -     >>> Val MAE Details: ['3962.4336']
2026-04-28 15:40:06,995 - INFO - ⏳ No improvement. Patience: 1/50
2026-04-28 15:40:59,523 - INFO - [Epoch 43] Train Loss: 0.0014 | LR: 0.000089
2026-04-28 15:40:59,523 - INFO -     >>> Val Avg RMSE (Real): 3369.5615
2026-04-28 15:40:59,523 - INFO -     >>> Val MAE Details: ['2649.2849']
2026-04-28 15:40:59,523 - INFO - ⏳ No improvement. Patience: 2/50
2026-04-28 15:41:51,750 - INFO - [Epoch 44] Train Loss: 0.0013 | LR: 0.000089
2026-04-28 15:41:51,751 - INFO -     >>> Val Avg RMSE (Real): 2645.9924
2026-04-28 15:41:51,751 - INFO -     >>> Val MAE Details: ['1958.3867']
2026-04-28 15:41:51,787 - INFO - 💾 Saved Best Model to ./logs/QMugs_repr_atomistic_graph_SchNet_Task1_20260428_150308/best_model.pth
2026-04-28 15:42:42,066 - INFO - [Epoch 45] Train Loss: 0.0013 | LR: 0.000088
2026-04-28 15:42:42,066 - INFO -     >>> Val Avg RMSE (Real): 4384.8678
2026-04-28 15:42:42,066 - INFO -     >>> Val MAE Details: ['3361.1003']
2026-04-28 15:42:42,066 - INFO - ⏳ No improvement. Patience: 1/50
2026-04-28 15:43:34,866 - INFO - [Epoch 46] Train Loss: 0.0012 | LR: 0.000088
2026-04-28 15:43:34,866 - INFO -     >>> Val Avg RMSE (Real): 3310.0299
2026-04-28 15:43:34,866 - INFO -     >>> Val MAE Details: ['2607.8645']
2026-04-28 15:43:34,866 - INFO - ⏳ No improvement. Patience: 2/50
2026-04-28 15:44:27,774 - INFO - [Epoch 47] Train Loss: 0.0012 | LR: 0.000087
2026-04-28 15:44:27,775 - INFO -     >>> Val Avg RMSE (Real): 3014.0942
2026-04-28 15:44:27,775 - INFO -     >>> Val MAE Details: ['2326.6792']
2026-04-28 15:44:27,775 - INFO - ⏳ No improvement. Patience: 3/50
2026-04-28 15:45:21,085 - INFO - [Epoch 48] Train Loss: 0.0011 | LR: 0.000086
2026-04-28 15:45:21,085 - INFO -     >>> Val Avg RMSE (Real): 3788.1936
2026-04-28 15:45:21,085 - INFO -     >>> Val MAE Details: ['3099.6536']
2026-04-28 15:45:21,085 - INFO - ⏳ No improvement. Patience: 4/50
2026-04-28 15:46:13,695 - INFO - [Epoch 49] Train Loss: 0.0011 | LR: 0.000086
2026-04-28 15:46:13,695 - INFO -     >>> Val Avg RMSE (Real): 3403.3739
2026-04-28 15:46:13,695 - INFO -     >>> Val MAE Details: ['2687.3762']
2026-04-28 15:46:13,695 - INFO - ⏳ No improvement. Patience: 5/50
2026-04-28 15:47:06,924 - INFO - [Epoch 50] Train Loss: 0.0011 | LR: 0.000085
2026-04-28 15:47:06,924 - INFO -     >>> Val Avg RMSE (Real): 2521.6359
2026-04-28 15:47:06,924 - INFO -     >>> Val MAE Details: ['1705.7024']
2026-04-28 15:47:06,960 - INFO - 💾 Saved Best Model to ./logs/QMugs_repr_atomistic_graph_SchNet_Task1_20260428_150308/best_model.pth
2026-04-28 15:47:58,424 - INFO - [Epoch 51] Train Loss: 0.0021 | LR: 0.000085
2026-04-28 15:47:58,424 - INFO -     >>> Val Avg RMSE (Real): 5437.0371
2026-04-28 15:47:58,425 - INFO -     >>> Val MAE Details: ['4779.2798']
2026-04-28 15:47:58,425 - INFO - ⏳ No improvement. Patience: 1/50
2026-04-28 15:48:52,201 - INFO - [Epoch 52] Train Loss: 0.0022 | LR: 0.000084
2026-04-28 15:48:52,201 - INFO -     >>> Val Avg RMSE (Real): 3492.1609
2026-04-28 15:48:52,201 - INFO -     >>> Val MAE Details: ['2731.4724']
2026-04-28 15:48:52,201 - INFO - ⏳ No improvement. Patience: 2/50
2026-04-28 15:49:45,134 - INFO - [Epoch 53] Train Loss: 0.0015 | LR: 0.000084
2026-04-28 15:49:45,134 - INFO -     >>> Val Avg RMSE (Real): 2100.9856
2026-04-28 15:49:45,134 - INFO -     >>> Val MAE Details: ['1342.4741']
2026-04-28 15:49:45,168 - INFO - 💾 Saved Best Model to ./logs/QMugs_repr_atomistic_graph_SchNet_Task1_20260428_150308/best_model.pth
2026-04-28 15:50:38,266 - INFO - [Epoch 54] Train Loss: 0.0014 | LR: 0.000083
2026-04-28 15:50:38,267 - INFO -     >>> Val Avg RMSE (Real): 8191.1950
2026-04-28 15:50:38,267 - INFO -     >>> Val MAE Details: ['7448.4937']
2026-04-28 15:50:38,267 - INFO - ⏳ No improvement. Patience: 1/50
2026-04-28 15:51:31,351 - INFO - [Epoch 55] Train Loss: 0.0021 | LR: 0.000082
2026-04-28 15:51:31,351 - INFO -     >>> Val Avg RMSE (Real): 2589.7289
2026-04-28 15:51:31,351 - INFO -     >>> Val MAE Details: ['1880.7078']
2026-04-28 15:51:31,352 - INFO - ⏳ No improvement. Patience: 2/50
2026-04-28 15:52:23,983 - INFO - [Epoch 56] Train Loss: 0.0011 | LR: 0.000082
2026-04-28 15:52:23,984 - INFO -     >>> Val Avg RMSE (Real): 2492.6168
2026-04-28 15:52:23,984 - INFO -     >>> Val MAE Details: ['1780.3081']
2026-04-28 15:52:23,984 - INFO - ⏳ No improvement. Patience: 3/50
2026-04-28 15:53:14,909 - INFO - [Epoch 57] Train Loss: 0.0012 | LR: 0.000081
2026-04-28 15:53:14,909 - INFO -     >>> Val Avg RMSE (Real): 4155.1431
2026-04-28 15:53:14,909 - INFO -     >>> Val MAE Details: ['3468.1567']
2026-04-28 15:53:14,909 - INFO - ⏳ No improvement. Patience: 4/50
2026-04-28 15:54:08,341 - INFO - [Epoch 58] Train Loss: 0.0017 | LR: 0.000081
2026-04-28 15:54:08,341 - INFO -     >>> Val Avg RMSE (Real): 2708.7373
2026-04-28 15:54:08,341 - INFO -     >>> Val MAE Details: ['1955.8977']
2026-04-28 15:54:08,341 - INFO - ⏳ No improvement. Patience: 5/50
2026-04-28 15:55:00,283 - INFO - [Epoch 59] Train Loss: 0.0015 | LR: 0.000080
2026-04-28 15:55:00,283 - INFO -     >>> Val Avg RMSE (Real): 2361.4103
2026-04-28 15:55:00,283 - INFO -     >>> Val MAE Details: ['1645.8993']
2026-04-28 15:55:00,283 - INFO - ⏳ No improvement. Patience: 6/50
2026-04-28 15:55:54,137 - INFO - [Epoch 60] Train Loss: 0.0013 | LR: 0.000079
2026-04-28 15:55:54,137 - INFO -     >>> Val Avg RMSE (Real): 3462.0908
2026-04-28 15:55:54,137 - INFO -     >>> Val MAE Details: ['2774.0288']
2026-04-28 15:55:54,137 - INFO - ⏳ No improvement. Patience: 7/50
2026-04-28 15:56:47,911 - INFO - [Epoch 61] Train Loss: 0.0009 | LR: 0.000079
2026-04-28 15:56:47,911 - INFO -     >>> Val Avg RMSE (Real): 3818.9606
2026-04-28 15:56:47,911 - INFO -     >>> Val MAE Details: ['3242.0908']
2026-04-28 15:56:47,911 - INFO - ⏳ No improvement. Patience: 8/50
2026-04-28 15:57:40,642 - INFO - [Epoch 62] Train Loss: 0.0008 | LR: 0.000078
2026-04-28 15:57:40,642 - INFO -     >>> Val Avg RMSE (Real): 3105.8437
2026-04-28 15:57:40,642 - INFO -     >>> Val MAE Details: ['2493.1272']
2026-04-28 15:57:40,642 - INFO - ⏳ No improvement. Patience: 9/50
2026-04-28 15:58:31,791 - INFO - [Epoch 63] Train Loss: 0.0007 | LR: 0.000077
2026-04-28 15:58:31,791 - INFO -     >>> Val Avg RMSE (Real): 3562.9026
2026-04-28 15:58:31,791 - INFO -     >>> Val MAE Details: ['2874.6196']
2026-04-28 15:58:31,791 - INFO - ⏳ No improvement. Patience: 10/50
2026-04-28 15:59:24,648 - INFO - [Epoch 64] Train Loss: 0.0008 | LR: 0.000077
2026-04-28 15:59:24,648 - INFO -     >>> Val Avg RMSE (Real): 2030.8736
2026-04-28 15:59:24,648 - INFO -     >>> Val MAE Details: ['1295.1439']
2026-04-28 15:59:24,684 - INFO - 💾 Saved Best Model to ./logs/QMugs_repr_atomistic_graph_SchNet_Task1_20260428_150308/best_model.pth
2026-04-28 16:00:18,020 - INFO - [Epoch 65] Train Loss: 0.0013 | LR: 0.000076
2026-04-28 16:00:18,020 - INFO -     >>> Val Avg RMSE (Real): 4671.8168
2026-04-28 16:00:18,020 - INFO -     >>> Val MAE Details: ['4047.9558']
2026-04-28 16:00:18,020 - INFO - ⏳ No improvement. Patience: 1/50
2026-04-28 16:01:10,463 - INFO - [Epoch 66] Train Loss: 0.0009 | LR: 0.000075
2026-04-28 16:01:10,464 - INFO -     >>> Val Avg RMSE (Real): 4601.7775
2026-04-28 16:01:10,464 - INFO -     >>> Val MAE Details: ['3943.0840']
2026-04-28 16:01:10,464 - INFO - ⏳ No improvement. Patience: 2/50
2026-04-28 16:02:03,343 - INFO - [Epoch 67] Train Loss: 0.0012 | LR: 0.000075
2026-04-28 16:02:03,343 - INFO -     >>> Val Avg RMSE (Real): 4164.2831
2026-04-28 16:02:03,343 - INFO -     >>> Val MAE Details: ['3479.8918']
2026-04-28 16:02:03,343 - INFO - ⏳ No improvement. Patience: 3/50
2026-04-28 16:02:55,677 - INFO - [Epoch 68] Train Loss: 0.0010 | LR: 0.000074
2026-04-28 16:02:55,677 - INFO -     >>> Val Avg RMSE (Real): 2352.7258
2026-04-28 16:02:55,677 - INFO -     >>> Val MAE Details: ['1648.7639']
2026-04-28 16:02:55,677 - INFO - ⏳ No improvement. Patience: 4/50
2026-04-28 16:03:47,156 - INFO - [Epoch 69] Train Loss: 0.0008 | LR: 0.000073
2026-04-28 16:03:47,156 - INFO -     >>> Val Avg RMSE (Real): 6739.6314
2026-04-28 16:03:47,156 - INFO -     >>> Val MAE Details: ['5946.3296']
2026-04-28 16:03:47,156 - INFO - ⏳ No improvement. Patience: 5/50
2026-04-28 16:04:38,895 - INFO - [Epoch 70] Train Loss: 0.0008 | LR: 0.000073
2026-04-28 16:04:38,895 - INFO -     >>> Val Avg RMSE (Real): 3585.1838
2026-04-28 16:04:38,895 - INFO -     >>> Val MAE Details: ['2999.0957']
2026-04-28 16:04:38,895 - INFO - ⏳ No improvement. Patience: 6/50
2026-04-28 16:05:31,656 - INFO - [Epoch 71] Train Loss: 0.0009 | LR: 0.000072
2026-04-28 16:05:31,656 - INFO -     >>> Val Avg RMSE (Real): 5590.2118
2026-04-28 16:05:31,656 - INFO -     >>> Val MAE Details: ['4925.9390']
2026-04-28 16:05:31,656 - INFO - ⏳ No improvement. Patience: 7/50
2026-04-28 16:06:24,414 - INFO - [Epoch 72] Train Loss: 0.0011 | LR: 0.000071
2026-04-28 16:06:24,414 - INFO -     >>> Val Avg RMSE (Real): 1916.0551
2026-04-28 16:06:24,415 - INFO -     >>> Val MAE Details: ['1223.1558']
2026-04-28 16:06:24,450 - INFO - 💾 Saved Best Model to ./logs/QMugs_repr_atomistic_graph_SchNet_Task1_20260428_150308/best_model.pth
2026-04-28 16:07:16,178 - INFO - [Epoch 73] Train Loss: 0.0008 | LR: 0.000071
2026-04-28 16:07:16,178 - INFO -     >>> Val Avg RMSE (Real): 2333.8019
2026-04-28 16:07:16,178 - INFO -     >>> Val MAE Details: ['1593.5402']
2026-04-28 16:07:16,178 - INFO - ⏳ No improvement. Patience: 1/50
2026-04-28 16:08:08,456 - INFO - [Epoch 74] Train Loss: 0.0008 | LR: 0.000070
2026-04-28 16:08:08,457 - INFO -     >>> Val Avg RMSE (Real): 1876.3529
2026-04-28 16:08:08,457 - INFO -     >>> Val MAE Details: ['1165.8905']
2026-04-28 16:08:08,493 - INFO - 💾 Saved Best Model to ./logs/QMugs_repr_atomistic_graph_SchNet_Task1_20260428_150308/best_model.pth
2026-04-28 16:08:57,950 - INFO - [Epoch 75] Train Loss: 0.0007 | LR: 0.000069
2026-04-28 16:08:57,950 - INFO -     >>> Val Avg RMSE (Real): 2033.2023
2026-04-28 16:08:57,950 - INFO -     >>> Val MAE Details: ['1403.9587']
2026-04-28 16:08:57,950 - INFO - ⏳ No improvement. Patience: 1/50
2026-04-28 16:09:49,887 - INFO - [Epoch 76] Train Loss: 0.0006 | LR: 0.000068
2026-04-28 16:09:49,887 - INFO -     >>> Val Avg RMSE (Real): 2736.5729
2026-04-28 16:09:49,887 - INFO -     >>> Val MAE Details: ['2011.9911']
2026-04-28 16:09:49,887 - INFO - ⏳ No improvement. Patience: 2/50
2026-04-28 16:10:42,475 - INFO - [Epoch 77] Train Loss: 0.0007 | LR: 0.000068
2026-04-28 16:10:42,475 - INFO -     >>> Val Avg RMSE (Real): 1886.5883
2026-04-28 16:10:42,475 - INFO -     >>> Val MAE Details: ['1195.5648']
2026-04-28 16:10:42,475 - INFO - ⏳ No improvement. Patience: 3/50
2026-04-28 16:11:32,958 - INFO - [Epoch 78] Train Loss: 0.0006 | LR: 0.000067
2026-04-28 16:11:32,958 - INFO -     >>> Val Avg RMSE (Real): 2134.1502
2026-04-28 16:11:32,958 - INFO -     >>> Val MAE Details: ['1434.0800']
2026-04-28 16:11:32,959 - INFO - ⏳ No improvement. Patience: 4/50
2026-04-28 16:12:26,834 - INFO - [Epoch 79] Train Loss: 0.0006 | LR: 0.000066
2026-04-28 16:12:26,834 - INFO -     >>> Val Avg RMSE (Real): 2238.9375
2026-04-28 16:12:26,834 - INFO -     >>> Val MAE Details: ['1662.5338']
2026-04-28 16:12:26,834 - INFO - ⏳ No improvement. Patience: 5/50
2026-04-28 16:13:21,398 - INFO - [Epoch 80] Train Loss: 0.0006 | LR: 0.000065
2026-04-28 16:13:21,401 - INFO -     >>> Val Avg RMSE (Real): 1879.2246
2026-04-28 16:13:21,401 - INFO -     >>> Val MAE Details: ['1133.1547']
2026-04-28 16:13:21,401 - INFO - ⏳ No improvement. Patience: 6/50
2026-04-28 16:14:13,064 - INFO - [Epoch 81] Train Loss: 0.0006 | LR: 0.000065
2026-04-28 16:14:13,064 - INFO -     >>> Val Avg RMSE (Real): 1919.7821
2026-04-28 16:14:13,064 - INFO -     >>> Val MAE Details: ['1196.9230']
2026-04-28 16:14:13,064 - INFO - ⏳ No improvement. Patience: 7/50
2026-04-28 16:15:05,371 - INFO - [Epoch 82] Train Loss: 0.0007 | LR: 0.000064
2026-04-28 16:15:05,372 - INFO -     >>> Val Avg RMSE (Real): 2043.3035
2026-04-28 16:15:05,372 - INFO -     >>> Val MAE Details: ['1332.3872']
2026-04-28 16:15:05,372 - INFO - ⏳ No improvement. Patience: 8/50
2026-04-28 16:15:59,320 - INFO - [Epoch 83] Train Loss: 0.0006 | LR: 0.000063
2026-04-28 16:15:59,321 - INFO -     >>> Val Avg RMSE (Real): 2570.7505
2026-04-28 16:15:59,321 - INFO -     >>> Val MAE Details: ['1908.2391']
2026-04-28 16:15:59,321 - INFO - ⏳ No improvement. Patience: 9/50
2026-04-28 16:16:52,431 - INFO - [Epoch 84] Train Loss: 0.0005 | LR: 0.000062
2026-04-28 16:16:52,431 - INFO -     >>> Val Avg RMSE (Real): 2696.5974
2026-04-28 16:16:52,431 - INFO -     >>> Val MAE Details: ['1986.0267']
2026-04-28 16:16:52,431 - INFO - ⏳ No improvement. Patience: 10/50
2026-04-28 16:17:45,439 - INFO - [Epoch 85] Train Loss: 0.0006 | LR: 0.000062
2026-04-28 16:17:45,440 - INFO -     >>> Val Avg RMSE (Real): 2618.0236
2026-04-28 16:17:45,440 - INFO -     >>> Val MAE Details: ['1952.7622']
2026-04-28 16:17:45,440 - INFO - ⏳ No improvement. Patience: 11/50
2026-04-28 16:18:39,110 - INFO - [Epoch 86] Train Loss: 0.0006 | LR: 0.000061
2026-04-28 16:18:39,110 - INFO -     >>> Val Avg RMSE (Real): 2318.3614
2026-04-28 16:18:39,110 - INFO -     >>> Val MAE Details: ['1669.9214']
2026-04-28 16:18:39,110 - INFO - ⏳ No improvement. Patience: 12/50
2026-04-28 16:19:31,290 - INFO - [Epoch 87] Train Loss: 0.0005 | LR: 0.000060
2026-04-28 16:19:31,290 - INFO -     >>> Val Avg RMSE (Real): 2650.0439
2026-04-28 16:19:31,290 - INFO -     >>> Val MAE Details: ['1877.5327']
2026-04-28 16:19:31,290 - INFO - ⏳ No improvement. Patience: 13/50
2026-04-28 16:20:22,306 - INFO - [Epoch 88] Train Loss: 0.0006 | LR: 0.000059
2026-04-28 16:20:22,306 - INFO -     >>> Val Avg RMSE (Real): 2738.0971
2026-04-28 16:20:22,306 - INFO -     >>> Val MAE Details: ['2093.7048']
2026-04-28 16:20:22,306 - INFO - ⏳ No improvement. Patience: 14/50
2026-04-28 16:21:15,201 - INFO - [Epoch 89] Train Loss: 0.0005 | LR: 0.000059
2026-04-28 16:21:15,202 - INFO -     >>> Val Avg RMSE (Real): 2165.2337
2026-04-28 16:21:15,202 - INFO -     >>> Val MAE Details: ['1444.8224']
2026-04-28 16:21:15,202 - INFO - ⏳ No improvement. Patience: 15/50
2026-04-28 16:22:04,631 - INFO - [Epoch 90] Train Loss: 0.0005 | LR: 0.000058
2026-04-28 16:22:04,632 - INFO -     >>> Val Avg RMSE (Real): 1918.0383
2026-04-28 16:22:04,632 - INFO -     >>> Val MAE Details: ['1185.9309']
2026-04-28 16:22:04,632 - INFO - ⏳ No improvement. Patience: 16/50
2026-04-28 16:22:56,514 - INFO - [Epoch 91] Train Loss: 0.0005 | LR: 0.000057
2026-04-28 16:22:56,514 - INFO -     >>> Val Avg RMSE (Real): 2004.6132
2026-04-28 16:22:56,514 - INFO -     >>> Val MAE Details: ['1321.5383']
2026-04-28 16:22:56,514 - INFO - ⏳ No improvement. Patience: 17/50
2026-04-28 16:23:49,630 - INFO - [Epoch 92] Train Loss: 0.0005 | LR: 0.000056
2026-04-28 16:23:49,630 - INFO -     >>> Val Avg RMSE (Real): 1906.1881
2026-04-28 16:23:49,630 - INFO -     >>> Val MAE Details: ['1154.0417']
2026-04-28 16:23:49,630 - INFO - ⏳ No improvement. Patience: 18/50
2026-04-28 16:24:42,754 - INFO - [Epoch 93] Train Loss: 0.0005 | LR: 0.000055
2026-04-28 16:24:42,755 - INFO -     >>> Val Avg RMSE (Real): 1964.7430
2026-04-28 16:24:42,755 - INFO -     >>> Val MAE Details: ['1210.9094']
2026-04-28 16:24:42,755 - INFO - ⏳ No improvement. Patience: 19/50
2026-04-28 16:25:35,860 - INFO - [Epoch 94] Train Loss: 0.0005 | LR: 0.000055
2026-04-28 16:25:35,861 - INFO -     >>> Val Avg RMSE (Real): 2359.3400
2026-04-28 16:25:35,861 - INFO -     >>> Val MAE Details: ['1604.5625']
2026-04-28 16:25:35,861 - INFO - ⏳ No improvement. Patience: 20/50
2026-04-28 16:26:28,446 - INFO - [Epoch 95] Train Loss: 0.0005 | LR: 0.000054
2026-04-28 16:26:28,446 - INFO -     >>> Val Avg RMSE (Real): 2213.8270
2026-04-28 16:26:28,446 - INFO -     >>> Val MAE Details: ['1449.7678']
2026-04-28 16:26:28,446 - INFO - ⏳ No improvement. Patience: 21/50
2026-04-28 16:27:21,145 - INFO - [Epoch 96] Train Loss: 0.0004 | LR: 0.000053
2026-04-28 16:27:21,146 - INFO -     >>> Val Avg RMSE (Real): 1848.2967
2026-04-28 16:27:21,146 - INFO -     >>> Val MAE Details: ['1133.2367']
2026-04-28 16:27:21,176 - INFO - 💾 Saved Best Model to ./logs/QMugs_repr_atomistic_graph_SchNet_Task1_20260428_150308/best_model.pth
2026-04-28 16:28:13,842 - INFO - [Epoch 97] Train Loss: 0.0004 | LR: 0.000052
2026-04-28 16:28:13,842 - INFO -     >>> Val Avg RMSE (Real): 2512.6917
2026-04-28 16:28:13,842 - INFO -     >>> Val MAE Details: ['1885.4052']
2026-04-28 16:28:13,842 - INFO - ⏳ No improvement. Patience: 1/50
2026-04-28 16:29:06,587 - INFO - [Epoch 98] Train Loss: 0.0004 | LR: 0.000052
2026-04-28 16:29:06,587 - INFO -     >>> Val Avg RMSE (Real): 2093.0442
2026-04-28 16:29:06,588 - INFO -     >>> Val MAE Details: ['1418.8431']
2026-04-28 16:29:06,588 - INFO - ⏳ No improvement. Patience: 2/50
2026-04-28 16:29:59,485 - INFO - [Epoch 99] Train Loss: 0.0004 | LR: 0.000051
2026-04-28 16:29:59,485 - INFO -     >>> Val Avg RMSE (Real): 1917.5115
2026-04-28 16:29:59,485 - INFO -     >>> Val MAE Details: ['1184.4104']
2026-04-28 16:29:59,485 - INFO - ⏳ No improvement. Patience: 3/50
2026-04-28 16:30:50,436 - INFO - [Epoch 100] Train Loss: 0.0005 | LR: 0.000050
2026-04-28 16:30:50,436 - INFO -     >>> Val Avg RMSE (Real): 1836.9083
2026-04-28 16:30:50,436 - INFO -     >>> Val MAE Details: ['1141.5762']
2026-04-28 16:30:50,463 - INFO - 💾 Saved Best Model to ./logs/QMugs_repr_atomistic_graph_SchNet_Task1_20260428_150308/best_model.pth
2026-04-28 16:31:43,371 - INFO - [Epoch 101] Train Loss: 0.0004 | LR: 0.000049
2026-04-28 16:31:43,371 - INFO -     >>> Val Avg RMSE (Real): 2719.0249
2026-04-28 16:31:43,371 - INFO -     >>> Val MAE Details: ['2105.8020']
2026-04-28 16:31:43,371 - INFO - ⏳ No improvement. Patience: 1/50
2026-04-28 16:32:35,954 - INFO - [Epoch 102] Train Loss: 0.0004 | LR: 0.000048
2026-04-28 16:32:35,955 - INFO -     >>> Val Avg RMSE (Real): 1838.0393
2026-04-28 16:32:35,955 - INFO -     >>> Val MAE Details: ['1131.4951']
2026-04-28 16:32:35,955 - INFO - ⏳ No improvement. Patience: 2/50
2026-04-28 16:33:29,307 - INFO - [Epoch 103] Train Loss: 0.0004 | LR: 0.000048
2026-04-28 16:33:29,308 - INFO -     >>> Val Avg RMSE (Real): 2287.8549
2026-04-28 16:33:29,308 - INFO -     >>> Val MAE Details: ['1688.5515']
2026-04-28 16:33:29,308 - INFO - ⏳ No improvement. Patience: 3/50
2026-04-28 16:34:22,054 - INFO - [Epoch 104] Train Loss: 0.0004 | LR: 0.000047
2026-04-28 16:34:22,054 - INFO -     >>> Val Avg RMSE (Real): 1884.6636
2026-04-28 16:34:22,054 - INFO -     >>> Val MAE Details: ['1207.5334']
2026-04-28 16:34:22,054 - INFO - ⏳ No improvement. Patience: 4/50
2026-04-28 16:35:15,117 - INFO - [Epoch 105] Train Loss: 0.0004 | LR: 0.000046
2026-04-28 16:35:15,118 - INFO -     >>> Val Avg RMSE (Real): 2044.0978
2026-04-28 16:35:15,118 - INFO -     >>> Val MAE Details: ['1390.1849']
2026-04-28 16:35:15,118 - INFO - ⏳ No improvement. Patience: 5/50
2026-04-28 16:36:06,350 - INFO - [Epoch 106] Train Loss: 0.0004 | LR: 0.000045
2026-04-28 16:36:06,350 - INFO -     >>> Val Avg RMSE (Real): 1841.0982
2026-04-28 16:36:06,350 - INFO -     >>> Val MAE Details: ['1158.9524']
2026-04-28 16:36:06,350 - INFO - ⏳ No improvement. Patience: 6/50
2026-04-28 16:36:58,977 - INFO - [Epoch 107] Train Loss: 0.0004 | LR: 0.000045
2026-04-28 16:36:58,977 - INFO -     >>> Val Avg RMSE (Real): 1814.0099
2026-04-28 16:36:58,977 - INFO -     >>> Val MAE Details: ['1131.6776']
2026-04-28 16:36:59,012 - INFO - 💾 Saved Best Model to ./logs/QMugs_repr_atomistic_graph_SchNet_Task1_20260428_150308/best_model.pth
2026-04-28 16:37:51,722 - INFO - [Epoch 108] Train Loss: 0.0004 | LR: 0.000044
2026-04-28 16:37:51,722 - INFO -     >>> Val Avg RMSE (Real): 1793.1815
2026-04-28 16:37:51,722 - INFO -     >>> Val MAE Details: ['1120.1436']
2026-04-28 16:37:51,757 - INFO - 💾 Saved Best Model to ./logs/QMugs_repr_atomistic_graph_SchNet_Task1_20260428_150308/best_model.pth
2026-04-28 16:38:44,531 - INFO - [Epoch 109] Train Loss: 0.0004 | LR: 0.000043
2026-04-28 16:38:44,531 - INFO -     >>> Val Avg RMSE (Real): 2055.3334
2026-04-28 16:38:44,531 - INFO -     >>> Val MAE Details: ['1345.0535']
2026-04-28 16:38:44,532 - INFO - ⏳ No improvement. Patience: 1/50
2026-04-28 16:39:37,173 - INFO - [Epoch 110] Train Loss: 0.0004 | LR: 0.000042
2026-04-28 16:39:37,174 - INFO -     >>> Val Avg RMSE (Real): 2372.1272
2026-04-28 16:39:37,174 - INFO -     >>> Val MAE Details: ['1624.2614']
2026-04-28 16:39:37,174 - INFO - ⏳ No improvement. Patience: 2/50
2026-04-28 16:40:29,923 - INFO - [Epoch 111] Train Loss: 0.0004 | LR: 0.000041
2026-04-28 16:40:29,924 - INFO -     >>> Val Avg RMSE (Real): 1878.1148
2026-04-28 16:40:29,924 - INFO -     >>> Val MAE Details: ['1176.9906']
2026-04-28 16:40:29,924 - INFO - ⏳ No improvement. Patience: 3/50
2026-04-28 16:41:20,689 - INFO - [Epoch 112] Train Loss: 0.0004 | LR: 0.000041
2026-04-28 16:41:20,690 - INFO -     >>> Val Avg RMSE (Real): 2030.3635
2026-04-28 16:41:20,690 - INFO -     >>> Val MAE Details: ['1387.8463']
2026-04-28 16:41:20,690 - INFO - ⏳ No improvement. Patience: 4/50
2026-04-28 16:42:14,007 - INFO - [Epoch 113] Train Loss: 0.0004 | LR: 0.000040
2026-04-28 16:42:14,008 - INFO -     >>> Val Avg RMSE (Real): 1890.9636
2026-04-28 16:42:14,008 - INFO -     >>> Val MAE Details: ['1243.9562']
2026-04-28 16:42:14,008 - INFO - ⏳ No improvement. Patience: 5/50
2026-04-28 16:43:07,120 - INFO - [Epoch 114] Train Loss: 0.0004 | LR: 0.000039
2026-04-28 16:43:07,120 - INFO -     >>> Val Avg RMSE (Real): 2066.3914
2026-04-28 16:43:07,120 - INFO -     >>> Val MAE Details: ['1354.2097']
2026-04-28 16:43:07,120 - INFO - ⏳ No improvement. Patience: 6/50
2026-04-28 16:43:59,760 - INFO - [Epoch 115] Train Loss: 0.0004 | LR: 0.000038
2026-04-28 16:43:59,760 - INFO -     >>> Val Avg RMSE (Real): 1938.2556
2026-04-28 16:43:59,760 - INFO -     >>> Val MAE Details: ['1292.0463']
2026-04-28 16:43:59,760 - INFO - ⏳ No improvement. Patience: 7/50
2026-04-28 16:44:52,416 - INFO - [Epoch 116] Train Loss: 0.0004 | LR: 0.000038
2026-04-28 16:44:52,416 - INFO -     >>> Val Avg RMSE (Real): 1878.8267
2026-04-28 16:44:52,416 - INFO -     >>> Val MAE Details: ['1210.0880']
2026-04-28 16:44:52,416 - INFO - ⏳ No improvement. Patience: 8/50
2026-04-28 16:45:43,817 - INFO - [Epoch 117] Train Loss: 0.0004 | LR: 0.000037
2026-04-28 16:45:43,817 - INFO -     >>> Val Avg RMSE (Real): 1819.5742
2026-04-28 16:45:43,817 - INFO -     >>> Val MAE Details: ['1126.8403']
2026-04-28 16:45:43,817 - INFO - ⏳ No improvement. Patience: 9/50
2026-04-28 16:46:36,091 - INFO - [Epoch 118] Train Loss: 0.0004 | LR: 0.000036
2026-04-28 16:46:36,091 - INFO -     >>> Val Avg RMSE (Real): 1859.0834
2026-04-28 16:46:36,091 - INFO -     >>> Val MAE Details: ['1167.1049']
2026-04-28 16:46:36,091 - INFO - ⏳ No improvement. Patience: 10/50
2026-04-28 16:47:28,879 - INFO - [Epoch 119] Train Loss: 0.0004 | LR: 0.000035
2026-04-28 16:47:28,879 - INFO -     >>> Val Avg RMSE (Real): 1840.3499
2026-04-28 16:47:28,879 - INFO -     >>> Val MAE Details: ['1152.4241']
2026-04-28 16:47:28,879 - INFO - ⏳ No improvement. Patience: 11/50
2026-04-28 16:48:21,686 - INFO - [Epoch 120] Train Loss: 0.0003 | LR: 0.000035
2026-04-28 16:48:21,686 - INFO -     >>> Val Avg RMSE (Real): 1996.3572
2026-04-28 16:48:21,686 - INFO -     >>> Val MAE Details: ['1285.8300']
2026-04-28 16:48:21,686 - INFO - ⏳ No improvement. Patience: 12/50
2026-04-28 16:49:14,665 - INFO - [Epoch 121] Train Loss: 0.0003 | LR: 0.000034
2026-04-28 16:49:14,665 - INFO -     >>> Val Avg RMSE (Real): 1912.5684
2026-04-28 16:49:14,665 - INFO -     >>> Val MAE Details: ['1247.1755']
2026-04-28 16:49:14,665 - INFO - ⏳ No improvement. Patience: 13/50
2026-04-28 16:50:07,767 - INFO - [Epoch 122] Train Loss: 0.0003 | LR: 0.000033
2026-04-28 16:50:07,767 - INFO -     >>> Val Avg RMSE (Real): 1880.4131
2026-04-28 16:50:07,767 - INFO -     >>> Val MAE Details: ['1198.3373']
2026-04-28 16:50:07,767 - INFO - ⏳ No improvement. Patience: 14/50
2026-04-28 16:50:57,798 - INFO - [Epoch 123] Train Loss: 0.0003 | LR: 0.000032
2026-04-28 16:50:57,799 - INFO -     >>> Val Avg RMSE (Real): 1839.8449
2026-04-28 16:50:57,799 - INFO -     >>> Val MAE Details: ['1145.7064']
2026-04-28 16:50:57,799 - INFO - ⏳ No improvement. Patience: 15/50
2026-04-28 16:51:51,164 - INFO - [Epoch 124] Train Loss: 0.0003 | LR: 0.000032
2026-04-28 16:51:51,164 - INFO -     >>> Val Avg RMSE (Real): 2942.0219
2026-04-28 16:51:51,164 - INFO -     >>> Val MAE Details: ['2323.3997']
2026-04-28 16:51:51,164 - INFO - ⏳ No improvement. Patience: 16/50
2026-04-28 16:52:44,391 - INFO - [Epoch 125] Train Loss: 0.0003 | LR: 0.000031
2026-04-28 16:52:44,391 - INFO -     >>> Val Avg RMSE (Real): 1879.5120
2026-04-28 16:52:44,392 - INFO -     >>> Val MAE Details: ['1198.3021']
2026-04-28 16:52:44,392 - INFO - ⏳ No improvement. Patience: 17/50
2026-04-28 16:53:36,570 - INFO - [Epoch 126] Train Loss: 0.0003 | LR: 0.000030
2026-04-28 16:53:36,570 - INFO -     >>> Val Avg RMSE (Real): 2384.8239
2026-04-28 16:53:36,570 - INFO -     >>> Val MAE Details: ['1665.6602']
2026-04-28 16:53:36,570 - INFO - ⏳ No improvement. Patience: 18/50
2026-04-28 16:54:29,762 - INFO - [Epoch 127] Train Loss: 0.0003 | LR: 0.000029
2026-04-28 16:54:29,763 - INFO -     >>> Val Avg RMSE (Real): 1843.4426
2026-04-28 16:54:29,763 - INFO -     >>> Val MAE Details: ['1150.6100']
2026-04-28 16:54:29,763 - INFO - ⏳ No improvement. Patience: 19/50
2026-04-28 16:55:22,755 - INFO - [Epoch 128] Train Loss: 0.0003 | LR: 0.000029
2026-04-28 16:55:22,756 - INFO -     >>> Val Avg RMSE (Real): 1835.6081
2026-04-28 16:55:22,756 - INFO -     >>> Val MAE Details: ['1174.1929']
2026-04-28 16:55:22,756 - INFO - ⏳ No improvement. Patience: 20/50
2026-04-28 16:56:13,805 - INFO - [Epoch 129] Train Loss: 0.0003 | LR: 0.000028
2026-04-28 16:56:13,805 - INFO -     >>> Val Avg RMSE (Real): 2238.5702
2026-04-28 16:56:13,805 - INFO -     >>> Val MAE Details: ['1555.2058']
2026-04-28 16:56:13,805 - INFO - ⏳ No improvement. Patience: 21/50
2026-04-28 16:57:06,825 - INFO - [Epoch 130] Train Loss: 0.0003 | LR: 0.000027
2026-04-28 16:57:06,825 - INFO -     >>> Val Avg RMSE (Real): 1912.3629
2026-04-28 16:57:06,825 - INFO -     >>> Val MAE Details: ['1238.3170']
2026-04-28 16:57:06,825 - INFO - ⏳ No improvement. Patience: 22/50
2026-04-28 16:57:59,840 - INFO - [Epoch 131] Train Loss: 0.0003 | LR: 0.000027
2026-04-28 16:57:59,840 - INFO -     >>> Val Avg RMSE (Real): 1813.7113
2026-04-28 16:57:59,840 - INFO -     >>> Val MAE Details: ['1119.1655']
2026-04-28 16:57:59,840 - INFO - ⏳ No improvement. Patience: 23/50
2026-04-28 16:58:52,964 - INFO - [Epoch 132] Train Loss: 0.0003 | LR: 0.000026
2026-04-28 16:58:52,965 - INFO -     >>> Val Avg RMSE (Real): 2090.7255
2026-04-28 16:58:52,965 - INFO -     >>> Val MAE Details: ['1397.7838']
2026-04-28 16:58:52,965 - INFO - ⏳ No improvement. Patience: 24/50
2026-04-28 16:59:46,003 - INFO - [Epoch 133] Train Loss: 0.0003 | LR: 0.000025
2026-04-28 16:59:46,003 - INFO -     >>> Val Avg RMSE (Real): 2218.1675
2026-04-28 16:59:46,003 - INFO -     >>> Val MAE Details: ['1521.4951']
2026-04-28 16:59:46,003 - INFO - ⏳ No improvement. Patience: 25/50
2026-04-28 17:00:38,596 - INFO - [Epoch 134] Train Loss: 0.0003 | LR: 0.000025
2026-04-28 17:00:38,596 - INFO -     >>> Val Avg RMSE (Real): 1823.0884
2026-04-28 17:00:38,596 - INFO -     >>> Val MAE Details: ['1135.5665']
2026-04-28 17:00:38,596 - INFO - ⏳ No improvement. Patience: 26/50
2026-04-28 17:01:28,638 - INFO - [Epoch 135] Train Loss: 0.0003 | LR: 0.000024
2026-04-28 17:01:28,638 - INFO -     >>> Val Avg RMSE (Real): 2208.8472
2026-04-28 17:01:28,638 - INFO -     >>> Val MAE Details: ['1482.7650']
2026-04-28 17:01:28,639 - INFO - ⏳ No improvement. Patience: 27/50
2026-04-28 17:02:21,237 - INFO - [Epoch 136] Train Loss: 0.0003 | LR: 0.000023
2026-04-28 17:02:21,237 - INFO -     >>> Val Avg RMSE (Real): 1996.1368
2026-04-28 17:02:21,237 - INFO -     >>> Val MAE Details: ['1365.2466']
2026-04-28 17:02:21,237 - INFO - ⏳ No improvement. Patience: 28/50
2026-04-28 17:03:14,151 - INFO - [Epoch 137] Train Loss: 0.0003 | LR: 0.000023
2026-04-28 17:03:14,151 - INFO -     >>> Val Avg RMSE (Real): 1899.0091
2026-04-28 17:03:14,151 - INFO -     >>> Val MAE Details: ['1246.8475']
2026-04-28 17:03:14,151 - INFO - ⏳ No improvement. Patience: 29/50
2026-04-28 17:04:06,821 - INFO - [Epoch 138] Train Loss: 0.0003 | LR: 0.000022
2026-04-28 17:04:06,821 - INFO -     >>> Val Avg RMSE (Real): 1809.4686
2026-04-28 17:04:06,821 - INFO -     >>> Val MAE Details: ['1122.8224']
2026-04-28 17:04:06,821 - INFO - ⏳ No improvement. Patience: 30/50
2026-04-28 17:05:00,061 - INFO - [Epoch 139] Train Loss: 0.0003 | LR: 0.000021
2026-04-28 17:05:00,061 - INFO -     >>> Val Avg RMSE (Real): 1820.3203
2026-04-28 17:05:00,061 - INFO -     >>> Val MAE Details: ['1149.6328']
2026-04-28 17:05:00,061 - INFO - ⏳ No improvement. Patience: 31/50
2026-04-28 17:05:52,466 - INFO - [Epoch 140] Train Loss: 0.0003 | LR: 0.000021
2026-04-28 17:05:52,466 - INFO -     >>> Val Avg RMSE (Real): 2150.4251
2026-04-28 17:05:52,466 - INFO -     >>> Val MAE Details: ['1442.9186']
2026-04-28 17:05:52,466 - INFO - ⏳ No improvement. Patience: 32/50
2026-04-28 17:06:43,755 - INFO - [Epoch 141] Train Loss: 0.0003 | LR: 0.000020
2026-04-28 17:06:43,756 - INFO -     >>> Val Avg RMSE (Real): 1923.3911
2026-04-28 17:06:43,756 - INFO -     >>> Val MAE Details: ['1249.1339']
2026-04-28 17:06:43,756 - INFO - ⏳ No improvement. Patience: 33/50
2026-04-28 17:07:36,510 - INFO - [Epoch 142] Train Loss: 0.0003 | LR: 0.000019
2026-04-28 17:07:36,510 - INFO -     >>> Val Avg RMSE (Real): 1816.8318
2026-04-28 17:07:36,510 - INFO -     >>> Val MAE Details: ['1133.7200']
2026-04-28 17:07:36,510 - INFO - ⏳ No improvement. Patience: 34/50
2026-04-28 17:08:29,782 - INFO - [Epoch 143] Train Loss: 0.0003 | LR: 0.000019
2026-04-28 17:08:29,782 - INFO -     >>> Val Avg RMSE (Real): 1815.5534
2026-04-28 17:08:29,782 - INFO -     >>> Val MAE Details: ['1135.1599']
2026-04-28 17:08:29,782 - INFO - ⏳ No improvement. Patience: 35/50
2026-04-28 17:09:22,508 - INFO - [Epoch 144] Train Loss: 0.0003 | LR: 0.000018
2026-04-28 17:09:22,508 - INFO -     >>> Val Avg RMSE (Real): 1917.1903
2026-04-28 17:09:22,508 - INFO -     >>> Val MAE Details: ['1227.1088']
2026-04-28 17:09:22,508 - INFO - ⏳ No improvement. Patience: 36/50
2026-04-28 17:10:15,291 - INFO - [Epoch 145] Train Loss: 0.0003 | LR: 0.000018
2026-04-28 17:10:15,291 - INFO -     >>> Val Avg RMSE (Real): 1797.7808
2026-04-28 17:10:15,291 - INFO -     >>> Val MAE Details: ['1117.9440']
2026-04-28 17:10:15,291 - INFO - ⏳ No improvement. Patience: 37/50
2026-04-28 17:11:06,736 - INFO - [Epoch 146] Train Loss: 0.0003 | LR: 0.000017
2026-04-28 17:11:06,736 - INFO -     >>> Val Avg RMSE (Real): 1836.7705
2026-04-28 17:11:06,736 - INFO -     >>> Val MAE Details: ['1153.5640']
2026-04-28 17:11:06,736 - INFO - ⏳ No improvement. Patience: 38/50
2026-04-28 17:11:59,266 - INFO - [Epoch 147] Train Loss: 0.0003 | LR: 0.000016
2026-04-28 17:11:59,267 - INFO -     >>> Val Avg RMSE (Real): 1806.2520
2026-04-28 17:11:59,267 - INFO -     >>> Val MAE Details: ['1132.7885']
2026-04-28 17:11:59,267 - INFO - ⏳ No improvement. Patience: 39/50
2026-04-28 17:12:52,171 - INFO - [Epoch 148] Train Loss: 0.0003 | LR: 0.000016
2026-04-28 17:12:52,171 - INFO -     >>> Val Avg RMSE (Real): 1819.3292
2026-04-28 17:12:52,171 - INFO -     >>> Val MAE Details: ['1133.4160']
2026-04-28 17:12:52,171 - INFO - ⏳ No improvement. Patience: 40/50
2026-04-28 17:13:44,619 - INFO - [Epoch 149] Train Loss: 0.0003 | LR: 0.000015
2026-04-28 17:13:44,619 - INFO -     >>> Val Avg RMSE (Real): 1857.4806
2026-04-28 17:13:44,619 - INFO -     >>> Val MAE Details: ['1166.4384']
2026-04-28 17:13:44,619 - INFO - ⏳ No improvement. Patience: 41/50
2026-04-28 17:14:37,351 - INFO - [Epoch 150] Train Loss: 0.0003 | LR: 0.000015
2026-04-28 17:14:37,351 - INFO -     >>> Val Avg RMSE (Real): 1838.5895
2026-04-28 17:14:37,351 - INFO -     >>> Val MAE Details: ['1166.1499']
2026-04-28 17:14:37,351 - INFO - ⏳ No improvement. Patience: 42/50
2026-04-28 17:15:29,760 - INFO - [Epoch 151] Train Loss: 0.0003 | LR: 0.000014
2026-04-28 17:15:29,760 - INFO -     >>> Val Avg RMSE (Real): 1826.1456
2026-04-28 17:15:29,760 - INFO -     >>> Val MAE Details: ['1139.8811']
2026-04-28 17:15:29,760 - INFO - ⏳ No improvement. Patience: 43/50
2026-04-28 17:16:20,830 - INFO - [Epoch 152] Train Loss: 0.0003 | LR: 0.000014
2026-04-28 17:16:20,830 - INFO -     >>> Val Avg RMSE (Real): 1828.0068
2026-04-28 17:16:20,830 - INFO -     >>> Val MAE Details: ['1143.6194']
2026-04-28 17:16:20,830 - INFO - ⏳ No improvement. Patience: 44/50
2026-04-28 17:17:06,830 - INFO - [Epoch 153] Train Loss: 0.0003 | LR: 0.000013
2026-04-28 17:17:06,830 - INFO -     >>> Val Avg RMSE (Real): 1830.0458
2026-04-28 17:17:06,830 - INFO -     >>> Val MAE Details: ['1143.0463']
2026-04-28 17:17:06,830 - INFO - ⏳ No improvement. Patience: 45/50
2026-04-28 17:17:59,650 - INFO - [Epoch 154] Train Loss: 0.0003 | LR: 0.000012
2026-04-28 17:17:59,650 - INFO -     >>> Val Avg RMSE (Real): 1810.1906
2026-04-28 17:17:59,650 - INFO -     >>> Val MAE Details: ['1145.5890']
2026-04-28 17:17:59,650 - INFO - ⏳ No improvement. Patience: 46/50
2026-04-28 17:18:52,108 - INFO - [Epoch 155] Train Loss: 0.0003 | LR: 0.000012
2026-04-28 17:18:52,108 - INFO -     >>> Val Avg RMSE (Real): 2223.1210
2026-04-28 17:18:52,108 - INFO -     >>> Val MAE Details: ['1529.8926']
2026-04-28 17:18:52,108 - INFO - ⏳ No improvement. Patience: 47/50
2026-04-28 17:19:45,074 - INFO - [Epoch 156] Train Loss: 0.0003 | LR: 0.000011
2026-04-28 17:19:45,074 - INFO -     >>> Val Avg RMSE (Real): 1820.2053
2026-04-28 17:19:45,074 - INFO -     >>> Val MAE Details: ['1133.0930']
2026-04-28 17:19:45,074 - INFO - ⏳ No improvement. Patience: 48/50
2026-04-28 17:20:37,196 - INFO - [Epoch 157] Train Loss: 0.0003 | LR: 0.000011
2026-04-28 17:20:37,196 - INFO -     >>> Val Avg RMSE (Real): 1802.7327
2026-04-28 17:20:37,196 - INFO -     >>> Val MAE Details: ['1124.6707']
2026-04-28 17:20:37,196 - INFO - ⏳ No improvement. Patience: 49/50
2026-04-28 17:21:28,413 - INFO - [Epoch 158] Train Loss: 0.0003 | LR: 0.000010
2026-04-28 17:21:28,414 - INFO -     >>> Val Avg RMSE (Real): 1797.2714
2026-04-28 17:21:28,414 - INFO -     >>> Val MAE Details: ['1116.7961']
2026-04-28 17:21:28,414 - INFO - ⏳ No improvement. Patience: 50/50
2026-04-28 17:21:28,414 - INFO - 🛑 Early Stopping triggered! Best RMSE: 1793.1815
